[2024-05-06T06:43:41.791+0000] {processor.py:161} INFO - Started process (PID=179) to work on /opt/airflow/dags/scripts/extract_transform.py
[2024-05-06T06:43:41.793+0000] {processor.py:830} INFO - Processing file /opt/airflow/dags/scripts/extract_transform.py for tasks to queue
[2024-05-06T06:43:41.796+0000] {logging_mixin.py:188} INFO - [2024-05-06T06:43:41.795+0000] {dagbag.py:540} INFO - Filling up the DagBag from /opt/airflow/dags/scripts/extract_transform.py
[2024-05-06T06:43:46.301+0000] {logging_mixin.py:188} INFO - [2024-05-06T06:43:46.301+0000] {process_utils.py:263} INFO - Waiting up to 5 seconds for processes to exit...
[2024-05-06T06:45:02.940+0000] {processor.py:161} INFO - Started process (PID=179) to work on /opt/airflow/dags/scripts/extract_transform.py
[2024-05-06T06:45:02.941+0000] {processor.py:830} INFO - Processing file /opt/airflow/dags/scripts/extract_transform.py for tasks to queue
[2024-05-06T06:45:02.943+0000] {logging_mixin.py:188} INFO - [2024-05-06T06:45:02.943+0000] {dagbag.py:540} INFO - Filling up the DagBag from /opt/airflow/dags/scripts/extract_transform.py
[2024-05-06T06:45:05.889+0000] {processor.py:842} WARNING - No viable dags retrieved from /opt/airflow/dags/scripts/extract_transform.py
[2024-05-06T06:45:05.902+0000] {processor.py:183} INFO - Processing /opt/airflow/dags/scripts/extract_transform.py took 2.968 seconds
[2024-05-06T06:45:36.537+0000] {processor.py:161} INFO - Started process (PID=224) to work on /opt/airflow/dags/scripts/extract_transform.py
[2024-05-06T06:45:36.539+0000] {processor.py:830} INFO - Processing file /opt/airflow/dags/scripts/extract_transform.py for tasks to queue
[2024-05-06T06:45:36.540+0000] {logging_mixin.py:188} INFO - [2024-05-06T06:45:36.540+0000] {dagbag.py:540} INFO - Filling up the DagBag from /opt/airflow/dags/scripts/extract_transform.py
[2024-05-06T06:45:39.244+0000] {processor.py:842} WARNING - No viable dags retrieved from /opt/airflow/dags/scripts/extract_transform.py
[2024-05-06T06:45:39.256+0000] {processor.py:183} INFO - Processing /opt/airflow/dags/scripts/extract_transform.py took 2.725 seconds
[2024-05-06T06:46:09.666+0000] {processor.py:161} INFO - Started process (PID=368) to work on /opt/airflow/dags/scripts/extract_transform.py
[2024-05-06T06:46:09.667+0000] {processor.py:830} INFO - Processing file /opt/airflow/dags/scripts/extract_transform.py for tasks to queue
[2024-05-06T06:46:09.669+0000] {logging_mixin.py:188} INFO - [2024-05-06T06:46:09.669+0000] {dagbag.py:540} INFO - Filling up the DagBag from /opt/airflow/dags/scripts/extract_transform.py
[2024-05-06T06:46:12.328+0000] {processor.py:842} WARNING - No viable dags retrieved from /opt/airflow/dags/scripts/extract_transform.py
[2024-05-06T06:46:12.344+0000] {processor.py:183} INFO - Processing /opt/airflow/dags/scripts/extract_transform.py took 2.683 seconds
[2024-05-06T06:46:42.724+0000] {processor.py:161} INFO - Started process (PID=414) to work on /opt/airflow/dags/scripts/extract_transform.py
[2024-05-06T06:46:42.725+0000] {processor.py:830} INFO - Processing file /opt/airflow/dags/scripts/extract_transform.py for tasks to queue
[2024-05-06T06:46:42.726+0000] {logging_mixin.py:188} INFO - [2024-05-06T06:46:42.726+0000] {dagbag.py:540} INFO - Filling up the DagBag from /opt/airflow/dags/scripts/extract_transform.py
[2024-05-06T06:46:45.352+0000] {processor.py:842} WARNING - No viable dags retrieved from /opt/airflow/dags/scripts/extract_transform.py
[2024-05-06T06:46:45.378+0000] {processor.py:183} INFO - Processing /opt/airflow/dags/scripts/extract_transform.py took 2.660 seconds
[2024-05-06T06:47:15.768+0000] {processor.py:161} INFO - Started process (PID=466) to work on /opt/airflow/dags/scripts/extract_transform.py
[2024-05-06T06:47:15.770+0000] {processor.py:830} INFO - Processing file /opt/airflow/dags/scripts/extract_transform.py for tasks to queue
[2024-05-06T06:47:15.772+0000] {logging_mixin.py:188} INFO - [2024-05-06T06:47:15.771+0000] {dagbag.py:540} INFO - Filling up the DagBag from /opt/airflow/dags/scripts/extract_transform.py
[2024-05-06T06:47:18.401+0000] {processor.py:842} WARNING - No viable dags retrieved from /opt/airflow/dags/scripts/extract_transform.py
[2024-05-06T06:47:18.415+0000] {processor.py:183} INFO - Processing /opt/airflow/dags/scripts/extract_transform.py took 2.654 seconds
[2024-05-06T06:47:48.845+0000] {processor.py:161} INFO - Started process (PID=526) to work on /opt/airflow/dags/scripts/extract_transform.py
[2024-05-06T06:47:48.850+0000] {processor.py:830} INFO - Processing file /opt/airflow/dags/scripts/extract_transform.py for tasks to queue
[2024-05-06T06:47:48.857+0000] {logging_mixin.py:188} INFO - [2024-05-06T06:47:48.855+0000] {dagbag.py:540} INFO - Filling up the DagBag from /opt/airflow/dags/scripts/extract_transform.py
[2024-05-06T06:47:55.668+0000] {processor.py:842} WARNING - No viable dags retrieved from /opt/airflow/dags/scripts/extract_transform.py
[2024-05-06T06:47:55.678+0000] {processor.py:183} INFO - Processing /opt/airflow/dags/scripts/extract_transform.py took 6.856 seconds
[2024-05-06T06:48:26.020+0000] {processor.py:161} INFO - Started process (PID=656) to work on /opt/airflow/dags/scripts/extract_transform.py
[2024-05-06T06:48:26.022+0000] {processor.py:830} INFO - Processing file /opt/airflow/dags/scripts/extract_transform.py for tasks to queue
[2024-05-06T06:48:26.025+0000] {logging_mixin.py:188} INFO - [2024-05-06T06:48:26.024+0000] {dagbag.py:540} INFO - Filling up the DagBag from /opt/airflow/dags/scripts/extract_transform.py
[2024-05-06T06:48:28.810+0000] {processor.py:842} WARNING - No viable dags retrieved from /opt/airflow/dags/scripts/extract_transform.py
[2024-05-06T06:48:28.835+0000] {processor.py:183} INFO - Processing /opt/airflow/dags/scripts/extract_transform.py took 2.824 seconds
[2024-05-06T06:48:59.230+0000] {processor.py:161} INFO - Started process (PID=814) to work on /opt/airflow/dags/scripts/extract_transform.py
[2024-05-06T06:48:59.231+0000] {processor.py:830} INFO - Processing file /opt/airflow/dags/scripts/extract_transform.py for tasks to queue
[2024-05-06T06:48:59.233+0000] {logging_mixin.py:188} INFO - [2024-05-06T06:48:59.233+0000] {dagbag.py:540} INFO - Filling up the DagBag from /opt/airflow/dags/scripts/extract_transform.py
[2024-05-06T06:49:01.947+0000] {processor.py:842} WARNING - No viable dags retrieved from /opt/airflow/dags/scripts/extract_transform.py
[2024-05-06T06:49:01.962+0000] {processor.py:183} INFO - Processing /opt/airflow/dags/scripts/extract_transform.py took 2.740 seconds
[2024-05-06T06:49:32.353+0000] {processor.py:161} INFO - Started process (PID=860) to work on /opt/airflow/dags/scripts/extract_transform.py
[2024-05-06T06:49:32.354+0000] {processor.py:830} INFO - Processing file /opt/airflow/dags/scripts/extract_transform.py for tasks to queue
[2024-05-06T06:49:32.358+0000] {logging_mixin.py:188} INFO - [2024-05-06T06:49:32.357+0000] {dagbag.py:540} INFO - Filling up the DagBag from /opt/airflow/dags/scripts/extract_transform.py
[2024-05-06T06:49:34.950+0000] {processor.py:842} WARNING - No viable dags retrieved from /opt/airflow/dags/scripts/extract_transform.py
[2024-05-06T06:49:34.968+0000] {processor.py:183} INFO - Processing /opt/airflow/dags/scripts/extract_transform.py took 2.625 seconds
[2024-05-06T06:50:05.432+0000] {processor.py:161} INFO - Started process (PID=906) to work on /opt/airflow/dags/scripts/extract_transform.py
[2024-05-06T06:50:05.433+0000] {processor.py:830} INFO - Processing file /opt/airflow/dags/scripts/extract_transform.py for tasks to queue
[2024-05-06T06:50:05.436+0000] {logging_mixin.py:188} INFO - [2024-05-06T06:50:05.435+0000] {dagbag.py:540} INFO - Filling up the DagBag from /opt/airflow/dags/scripts/extract_transform.py
[2024-05-06T06:50:07.918+0000] {processor.py:842} WARNING - No viable dags retrieved from /opt/airflow/dags/scripts/extract_transform.py
[2024-05-06T06:50:07.935+0000] {processor.py:183} INFO - Processing /opt/airflow/dags/scripts/extract_transform.py took 2.512 seconds
[2024-05-06T06:50:38.382+0000] {processor.py:161} INFO - Started process (PID=952) to work on /opt/airflow/dags/scripts/extract_transform.py
[2024-05-06T06:50:38.383+0000] {processor.py:830} INFO - Processing file /opt/airflow/dags/scripts/extract_transform.py for tasks to queue
[2024-05-06T06:50:38.385+0000] {logging_mixin.py:188} INFO - [2024-05-06T06:50:38.385+0000] {dagbag.py:540} INFO - Filling up the DagBag from /opt/airflow/dags/scripts/extract_transform.py
[2024-05-06T06:50:40.825+0000] {processor.py:842} WARNING - No viable dags retrieved from /opt/airflow/dags/scripts/extract_transform.py
[2024-05-06T06:50:40.844+0000] {processor.py:183} INFO - Processing /opt/airflow/dags/scripts/extract_transform.py took 2.468 seconds
[2024-05-06T06:51:11.289+0000] {processor.py:161} INFO - Started process (PID=998) to work on /opt/airflow/dags/scripts/extract_transform.py
[2024-05-06T06:51:11.290+0000] {processor.py:830} INFO - Processing file /opt/airflow/dags/scripts/extract_transform.py for tasks to queue
[2024-05-06T06:51:11.291+0000] {logging_mixin.py:188} INFO - [2024-05-06T06:51:11.291+0000] {dagbag.py:540} INFO - Filling up the DagBag from /opt/airflow/dags/scripts/extract_transform.py
[2024-05-06T06:51:13.695+0000] {processor.py:842} WARNING - No viable dags retrieved from /opt/airflow/dags/scripts/extract_transform.py
[2024-05-06T06:51:13.716+0000] {processor.py:183} INFO - Processing /opt/airflow/dags/scripts/extract_transform.py took 2.434 seconds
[2024-05-06T06:51:44.168+0000] {processor.py:161} INFO - Started process (PID=1044) to work on /opt/airflow/dags/scripts/extract_transform.py
[2024-05-06T06:51:44.169+0000] {processor.py:830} INFO - Processing file /opt/airflow/dags/scripts/extract_transform.py for tasks to queue
[2024-05-06T06:51:44.171+0000] {logging_mixin.py:188} INFO - [2024-05-06T06:51:44.171+0000] {dagbag.py:540} INFO - Filling up the DagBag from /opt/airflow/dags/scripts/extract_transform.py
[2024-05-06T06:51:46.675+0000] {processor.py:842} WARNING - No viable dags retrieved from /opt/airflow/dags/scripts/extract_transform.py
[2024-05-06T06:51:46.693+0000] {processor.py:183} INFO - Processing /opt/airflow/dags/scripts/extract_transform.py took 2.531 seconds
[2024-05-06T06:52:17.145+0000] {processor.py:161} INFO - Started process (PID=1096) to work on /opt/airflow/dags/scripts/extract_transform.py
[2024-05-06T06:52:17.147+0000] {processor.py:830} INFO - Processing file /opt/airflow/dags/scripts/extract_transform.py for tasks to queue
[2024-05-06T06:52:17.149+0000] {logging_mixin.py:188} INFO - [2024-05-06T06:52:17.149+0000] {dagbag.py:540} INFO - Filling up the DagBag from /opt/airflow/dags/scripts/extract_transform.py
[2024-05-06T06:52:19.645+0000] {processor.py:842} WARNING - No viable dags retrieved from /opt/airflow/dags/scripts/extract_transform.py
[2024-05-06T06:52:19.660+0000] {processor.py:183} INFO - Processing /opt/airflow/dags/scripts/extract_transform.py took 2.526 seconds
[2024-05-06T06:52:50.086+0000] {processor.py:161} INFO - Started process (PID=1142) to work on /opt/airflow/dags/scripts/extract_transform.py
[2024-05-06T06:52:50.087+0000] {processor.py:830} INFO - Processing file /opt/airflow/dags/scripts/extract_transform.py for tasks to queue
[2024-05-06T06:52:50.090+0000] {logging_mixin.py:188} INFO - [2024-05-06T06:52:50.089+0000] {dagbag.py:540} INFO - Filling up the DagBag from /opt/airflow/dags/scripts/extract_transform.py
[2024-05-06T06:52:52.609+0000] {processor.py:842} WARNING - No viable dags retrieved from /opt/airflow/dags/scripts/extract_transform.py
[2024-05-06T06:52:52.638+0000] {processor.py:183} INFO - Processing /opt/airflow/dags/scripts/extract_transform.py took 2.558 seconds
[2024-05-06T06:53:23.102+0000] {processor.py:161} INFO - Started process (PID=1188) to work on /opt/airflow/dags/scripts/extract_transform.py
[2024-05-06T06:53:23.103+0000] {processor.py:830} INFO - Processing file /opt/airflow/dags/scripts/extract_transform.py for tasks to queue
[2024-05-06T06:53:23.105+0000] {logging_mixin.py:188} INFO - [2024-05-06T06:53:23.104+0000] {dagbag.py:540} INFO - Filling up the DagBag from /opt/airflow/dags/scripts/extract_transform.py
[2024-05-06T06:53:25.551+0000] {processor.py:842} WARNING - No viable dags retrieved from /opt/airflow/dags/scripts/extract_transform.py
[2024-05-06T06:53:25.585+0000] {processor.py:183} INFO - Processing /opt/airflow/dags/scripts/extract_transform.py took 2.492 seconds
[2024-05-06T06:53:56.097+0000] {processor.py:161} INFO - Started process (PID=1250) to work on /opt/airflow/dags/scripts/extract_transform.py
[2024-05-06T06:53:56.099+0000] {processor.py:830} INFO - Processing file /opt/airflow/dags/scripts/extract_transform.py for tasks to queue
[2024-05-06T06:53:56.103+0000] {logging_mixin.py:188} INFO - [2024-05-06T06:53:56.102+0000] {dagbag.py:540} INFO - Filling up the DagBag from /opt/airflow/dags/scripts/extract_transform.py
[2024-05-06T06:54:00.857+0000] {processor.py:842} WARNING - No viable dags retrieved from /opt/airflow/dags/scripts/extract_transform.py
[2024-05-06T06:54:00.871+0000] {processor.py:183} INFO - Processing /opt/airflow/dags/scripts/extract_transform.py took 4.792 seconds
[2024-05-06T06:54:31.033+0000] {processor.py:161} INFO - Started process (PID=1392) to work on /opt/airflow/dags/scripts/extract_transform.py
[2024-05-06T06:54:31.034+0000] {processor.py:830} INFO - Processing file /opt/airflow/dags/scripts/extract_transform.py for tasks to queue
[2024-05-06T06:54:31.036+0000] {logging_mixin.py:188} INFO - [2024-05-06T06:54:31.036+0000] {dagbag.py:540} INFO - Filling up the DagBag from /opt/airflow/dags/scripts/extract_transform.py
[2024-05-06T06:54:33.656+0000] {processor.py:842} WARNING - No viable dags retrieved from /opt/airflow/dags/scripts/extract_transform.py
[2024-05-06T06:54:33.670+0000] {processor.py:183} INFO - Processing /opt/airflow/dags/scripts/extract_transform.py took 2.644 seconds
[2024-05-06T06:55:04.190+0000] {processor.py:161} INFO - Started process (PID=1438) to work on /opt/airflow/dags/scripts/extract_transform.py
[2024-05-06T06:55:04.191+0000] {processor.py:830} INFO - Processing file /opt/airflow/dags/scripts/extract_transform.py for tasks to queue
[2024-05-06T06:55:04.193+0000] {logging_mixin.py:188} INFO - [2024-05-06T06:55:04.193+0000] {dagbag.py:540} INFO - Filling up the DagBag from /opt/airflow/dags/scripts/extract_transform.py
[2024-05-06T06:55:06.664+0000] {processor.py:842} WARNING - No viable dags retrieved from /opt/airflow/dags/scripts/extract_transform.py
[2024-05-06T06:55:06.683+0000] {processor.py:183} INFO - Processing /opt/airflow/dags/scripts/extract_transform.py took 2.500 seconds
[2024-05-06T06:55:37.174+0000] {processor.py:161} INFO - Started process (PID=1484) to work on /opt/airflow/dags/scripts/extract_transform.py
[2024-05-06T06:55:37.175+0000] {processor.py:830} INFO - Processing file /opt/airflow/dags/scripts/extract_transform.py for tasks to queue
[2024-05-06T06:55:37.176+0000] {logging_mixin.py:188} INFO - [2024-05-06T06:55:37.176+0000] {dagbag.py:540} INFO - Filling up the DagBag from /opt/airflow/dags/scripts/extract_transform.py
[2024-05-06T06:55:39.666+0000] {processor.py:842} WARNING - No viable dags retrieved from /opt/airflow/dags/scripts/extract_transform.py
[2024-05-06T06:55:39.683+0000] {processor.py:183} INFO - Processing /opt/airflow/dags/scripts/extract_transform.py took 2.515 seconds
[2024-05-06T06:56:10.170+0000] {processor.py:161} INFO - Started process (PID=1530) to work on /opt/airflow/dags/scripts/extract_transform.py
[2024-05-06T06:56:10.171+0000] {processor.py:830} INFO - Processing file /opt/airflow/dags/scripts/extract_transform.py for tasks to queue
[2024-05-06T06:56:10.173+0000] {logging_mixin.py:188} INFO - [2024-05-06T06:56:10.173+0000] {dagbag.py:540} INFO - Filling up the DagBag from /opt/airflow/dags/scripts/extract_transform.py
[2024-05-06T06:56:12.614+0000] {processor.py:842} WARNING - No viable dags retrieved from /opt/airflow/dags/scripts/extract_transform.py
[2024-05-06T06:56:12.630+0000] {processor.py:183} INFO - Processing /opt/airflow/dags/scripts/extract_transform.py took 2.466 seconds
[2024-05-06T06:56:43.136+0000] {processor.py:161} INFO - Started process (PID=1576) to work on /opt/airflow/dags/scripts/extract_transform.py
[2024-05-06T06:56:43.137+0000] {processor.py:830} INFO - Processing file /opt/airflow/dags/scripts/extract_transform.py for tasks to queue
[2024-05-06T06:56:43.139+0000] {logging_mixin.py:188} INFO - [2024-05-06T06:56:43.139+0000] {dagbag.py:540} INFO - Filling up the DagBag from /opt/airflow/dags/scripts/extract_transform.py
[2024-05-06T06:56:46.147+0000] {processor.py:842} WARNING - No viable dags retrieved from /opt/airflow/dags/scripts/extract_transform.py
[2024-05-06T06:56:46.163+0000] {processor.py:183} INFO - Processing /opt/airflow/dags/scripts/extract_transform.py took 3.034 seconds
[2024-05-06T06:57:16.672+0000] {processor.py:161} INFO - Started process (PID=1628) to work on /opt/airflow/dags/scripts/extract_transform.py
[2024-05-06T06:57:16.674+0000] {processor.py:830} INFO - Processing file /opt/airflow/dags/scripts/extract_transform.py for tasks to queue
[2024-05-06T06:57:16.676+0000] {logging_mixin.py:188} INFO - [2024-05-06T06:57:16.675+0000] {dagbag.py:540} INFO - Filling up the DagBag from /opt/airflow/dags/scripts/extract_transform.py
[2024-05-06T06:57:19.625+0000] {processor.py:842} WARNING - No viable dags retrieved from /opt/airflow/dags/scripts/extract_transform.py
[2024-05-06T06:57:19.640+0000] {processor.py:183} INFO - Processing /opt/airflow/dags/scripts/extract_transform.py took 2.975 seconds
[2024-05-06T06:57:49.778+0000] {processor.py:161} INFO - Started process (PID=1671) to work on /opt/airflow/dags/scripts/extract_transform.py
[2024-05-06T06:57:49.780+0000] {processor.py:830} INFO - Processing file /opt/airflow/dags/scripts/extract_transform.py for tasks to queue
[2024-05-06T06:57:49.782+0000] {logging_mixin.py:188} INFO - [2024-05-06T06:57:49.781+0000] {dagbag.py:540} INFO - Filling up the DagBag from /opt/airflow/dags/scripts/extract_transform.py
[2024-05-06T06:57:52.381+0000] {processor.py:842} WARNING - No viable dags retrieved from /opt/airflow/dags/scripts/extract_transform.py
[2024-05-06T06:57:52.394+0000] {processor.py:183} INFO - Processing /opt/airflow/dags/scripts/extract_transform.py took 2.622 seconds
[2024-05-06T06:58:23.747+0000] {processor.py:161} INFO - Started process (PID=1727) to work on /opt/airflow/dags/scripts/extract_transform.py
[2024-05-06T06:58:23.749+0000] {processor.py:830} INFO - Processing file /opt/airflow/dags/scripts/extract_transform.py for tasks to queue
[2024-05-06T06:58:23.750+0000] {logging_mixin.py:188} INFO - [2024-05-06T06:58:23.750+0000] {dagbag.py:540} INFO - Filling up the DagBag from /opt/airflow/dags/scripts/extract_transform.py
[2024-05-06T06:58:26.455+0000] {processor.py:842} WARNING - No viable dags retrieved from /opt/airflow/dags/scripts/extract_transform.py
[2024-05-06T06:58:26.465+0000] {processor.py:183} INFO - Processing /opt/airflow/dags/scripts/extract_transform.py took 2.724 seconds
[2024-05-06T06:58:56.760+0000] {processor.py:161} INFO - Started process (PID=1773) to work on /opt/airflow/dags/scripts/extract_transform.py
[2024-05-06T06:58:56.762+0000] {processor.py:830} INFO - Processing file /opt/airflow/dags/scripts/extract_transform.py for tasks to queue
[2024-05-06T06:58:56.766+0000] {logging_mixin.py:188} INFO - [2024-05-06T06:58:56.765+0000] {dagbag.py:540} INFO - Filling up the DagBag from /opt/airflow/dags/scripts/extract_transform.py
[2024-05-06T06:58:59.289+0000] {processor.py:842} WARNING - No viable dags retrieved from /opt/airflow/dags/scripts/extract_transform.py
[2024-05-06T06:58:59.313+0000] {processor.py:183} INFO - Processing /opt/airflow/dags/scripts/extract_transform.py took 2.563 seconds
[2024-05-06T06:59:29.636+0000] {processor.py:161} INFO - Started process (PID=1930) to work on /opt/airflow/dags/scripts/extract_transform.py
[2024-05-06T06:59:29.637+0000] {processor.py:830} INFO - Processing file /opt/airflow/dags/scripts/extract_transform.py for tasks to queue
[2024-05-06T06:59:29.639+0000] {logging_mixin.py:188} INFO - [2024-05-06T06:59:29.639+0000] {dagbag.py:540} INFO - Filling up the DagBag from /opt/airflow/dags/scripts/extract_transform.py
[2024-05-06T06:59:32.093+0000] {processor.py:842} WARNING - No viable dags retrieved from /opt/airflow/dags/scripts/extract_transform.py
[2024-05-06T06:59:32.121+0000] {processor.py:183} INFO - Processing /opt/airflow/dags/scripts/extract_transform.py took 2.491 seconds
[2024-05-06T07:00:02.660+0000] {processor.py:161} INFO - Started process (PID=1976) to work on /opt/airflow/dags/scripts/extract_transform.py
[2024-05-06T07:00:02.661+0000] {processor.py:830} INFO - Processing file /opt/airflow/dags/scripts/extract_transform.py for tasks to queue
[2024-05-06T07:00:02.664+0000] {logging_mixin.py:188} INFO - [2024-05-06T07:00:02.663+0000] {dagbag.py:540} INFO - Filling up the DagBag from /opt/airflow/dags/scripts/extract_transform.py
[2024-05-06T07:00:05.172+0000] {processor.py:842} WARNING - No viable dags retrieved from /opt/airflow/dags/scripts/extract_transform.py
[2024-05-06T07:00:05.191+0000] {processor.py:183} INFO - Processing /opt/airflow/dags/scripts/extract_transform.py took 2.538 seconds
[2024-05-06T07:00:35.572+0000] {processor.py:161} INFO - Started process (PID=2022) to work on /opt/airflow/dags/scripts/extract_transform.py
[2024-05-06T07:00:35.573+0000] {processor.py:830} INFO - Processing file /opt/airflow/dags/scripts/extract_transform.py for tasks to queue
[2024-05-06T07:00:35.575+0000] {logging_mixin.py:188} INFO - [2024-05-06T07:00:35.575+0000] {dagbag.py:540} INFO - Filling up the DagBag from /opt/airflow/dags/scripts/extract_transform.py
[2024-05-06T07:00:38.436+0000] {processor.py:842} WARNING - No viable dags retrieved from /opt/airflow/dags/scripts/extract_transform.py
[2024-05-06T07:00:38.450+0000] {processor.py:183} INFO - Processing /opt/airflow/dags/scripts/extract_transform.py took 2.884 seconds
[2024-05-06T07:01:08.819+0000] {processor.py:161} INFO - Started process (PID=2068) to work on /opt/airflow/dags/scripts/extract_transform.py
[2024-05-06T07:01:08.820+0000] {processor.py:830} INFO - Processing file /opt/airflow/dags/scripts/extract_transform.py for tasks to queue
[2024-05-06T07:01:08.822+0000] {logging_mixin.py:188} INFO - [2024-05-06T07:01:08.821+0000] {dagbag.py:540} INFO - Filling up the DagBag from /opt/airflow/dags/scripts/extract_transform.py
[2024-05-06T07:01:11.257+0000] {processor.py:842} WARNING - No viable dags retrieved from /opt/airflow/dags/scripts/extract_transform.py
[2024-05-06T07:01:11.273+0000] {processor.py:183} INFO - Processing /opt/airflow/dags/scripts/extract_transform.py took 2.461 seconds
[2024-05-06T07:01:41.670+0000] {processor.py:161} INFO - Started process (PID=2114) to work on /opt/airflow/dags/scripts/extract_transform.py
[2024-05-06T07:01:41.671+0000] {processor.py:830} INFO - Processing file /opt/airflow/dags/scripts/extract_transform.py for tasks to queue
[2024-05-06T07:01:41.673+0000] {logging_mixin.py:188} INFO - [2024-05-06T07:01:41.673+0000] {dagbag.py:540} INFO - Filling up the DagBag from /opt/airflow/dags/scripts/extract_transform.py
[2024-05-06T07:01:44.044+0000] {processor.py:842} WARNING - No viable dags retrieved from /opt/airflow/dags/scripts/extract_transform.py
[2024-05-06T07:01:44.066+0000] {processor.py:183} INFO - Processing /opt/airflow/dags/scripts/extract_transform.py took 2.402 seconds
[2024-05-06T07:02:14.612+0000] {processor.py:161} INFO - Started process (PID=2160) to work on /opt/airflow/dags/scripts/extract_transform.py
[2024-05-06T07:02:14.613+0000] {processor.py:830} INFO - Processing file /opt/airflow/dags/scripts/extract_transform.py for tasks to queue
[2024-05-06T07:02:14.615+0000] {logging_mixin.py:188} INFO - [2024-05-06T07:02:14.615+0000] {dagbag.py:540} INFO - Filling up the DagBag from /opt/airflow/dags/scripts/extract_transform.py
[2024-05-06T07:02:17.179+0000] {processor.py:842} WARNING - No viable dags retrieved from /opt/airflow/dags/scripts/extract_transform.py
[2024-05-06T07:02:17.191+0000] {processor.py:183} INFO - Processing /opt/airflow/dags/scripts/extract_transform.py took 2.587 seconds
[2024-05-06T07:02:47.619+0000] {processor.py:161} INFO - Started process (PID=2212) to work on /opt/airflow/dags/scripts/extract_transform.py
[2024-05-06T07:02:47.620+0000] {processor.py:830} INFO - Processing file /opt/airflow/dags/scripts/extract_transform.py for tasks to queue
[2024-05-06T07:02:47.623+0000] {logging_mixin.py:188} INFO - [2024-05-06T07:02:47.622+0000] {dagbag.py:540} INFO - Filling up the DagBag from /opt/airflow/dags/scripts/extract_transform.py
[2024-05-06T07:02:50.101+0000] {processor.py:842} WARNING - No viable dags retrieved from /opt/airflow/dags/scripts/extract_transform.py
[2024-05-06T07:02:50.132+0000] {processor.py:183} INFO - Processing /opt/airflow/dags/scripts/extract_transform.py took 2.521 seconds
[2024-05-06T07:03:20.587+0000] {processor.py:161} INFO - Started process (PID=2258) to work on /opt/airflow/dags/scripts/extract_transform.py
[2024-05-06T07:03:20.588+0000] {processor.py:830} INFO - Processing file /opt/airflow/dags/scripts/extract_transform.py for tasks to queue
[2024-05-06T07:03:20.589+0000] {logging_mixin.py:188} INFO - [2024-05-06T07:03:20.589+0000] {dagbag.py:540} INFO - Filling up the DagBag from /opt/airflow/dags/scripts/extract_transform.py
[2024-05-06T07:03:23.035+0000] {processor.py:842} WARNING - No viable dags retrieved from /opt/airflow/dags/scripts/extract_transform.py
[2024-05-06T07:03:23.056+0000] {processor.py:183} INFO - Processing /opt/airflow/dags/scripts/extract_transform.py took 2.477 seconds
[2024-05-06T07:03:53.487+0000] {processor.py:161} INFO - Started process (PID=2304) to work on /opt/airflow/dags/scripts/extract_transform.py
[2024-05-06T07:03:53.488+0000] {processor.py:830} INFO - Processing file /opt/airflow/dags/scripts/extract_transform.py for tasks to queue
[2024-05-06T07:03:53.490+0000] {logging_mixin.py:188} INFO - [2024-05-06T07:03:53.489+0000] {dagbag.py:540} INFO - Filling up the DagBag from /opt/airflow/dags/scripts/extract_transform.py
[2024-05-06T07:03:56.184+0000] {processor.py:842} WARNING - No viable dags retrieved from /opt/airflow/dags/scripts/extract_transform.py
[2024-05-06T07:03:56.199+0000] {processor.py:183} INFO - Processing /opt/airflow/dags/scripts/extract_transform.py took 2.717 seconds
[2024-05-06T07:04:26.631+0000] {processor.py:161} INFO - Started process (PID=2462) to work on /opt/airflow/dags/scripts/extract_transform.py
[2024-05-06T07:04:26.632+0000] {processor.py:830} INFO - Processing file /opt/airflow/dags/scripts/extract_transform.py for tasks to queue
[2024-05-06T07:04:26.634+0000] {logging_mixin.py:188} INFO - [2024-05-06T07:04:26.634+0000] {dagbag.py:540} INFO - Filling up the DagBag from /opt/airflow/dags/scripts/extract_transform.py
[2024-05-06T07:04:29.466+0000] {processor.py:842} WARNING - No viable dags retrieved from /opt/airflow/dags/scripts/extract_transform.py
[2024-05-06T07:04:29.480+0000] {processor.py:183} INFO - Processing /opt/airflow/dags/scripts/extract_transform.py took 2.856 seconds
[2024-05-06T07:04:59.888+0000] {processor.py:161} INFO - Started process (PID=2508) to work on /opt/airflow/dags/scripts/extract_transform.py
[2024-05-06T07:04:59.889+0000] {processor.py:830} INFO - Processing file /opt/airflow/dags/scripts/extract_transform.py for tasks to queue
[2024-05-06T07:04:59.891+0000] {logging_mixin.py:188} INFO - [2024-05-06T07:04:59.890+0000] {dagbag.py:540} INFO - Filling up the DagBag from /opt/airflow/dags/scripts/extract_transform.py
[2024-05-06T07:05:05.162+0000] {logging_mixin.py:188} INFO - [2024-05-06T07:05:05.161+0000] {process_utils.py:263} INFO - Waiting up to 5 seconds for processes to exit...
[2024-05-06T07:06:28.421+0000] {processor.py:161} INFO - Started process (PID=179) to work on /opt/airflow/dags/scripts/extract_transform.py
[2024-05-06T07:06:28.422+0000] {processor.py:830} INFO - Processing file /opt/airflow/dags/scripts/extract_transform.py for tasks to queue
[2024-05-06T07:06:28.424+0000] {logging_mixin.py:188} INFO - [2024-05-06T07:06:28.424+0000] {dagbag.py:540} INFO - Filling up the DagBag from /opt/airflow/dags/scripts/extract_transform.py
[2024-05-06T07:06:31.255+0000] {processor.py:842} WARNING - No viable dags retrieved from /opt/airflow/dags/scripts/extract_transform.py
[2024-05-06T07:06:31.270+0000] {processor.py:183} INFO - Processing /opt/airflow/dags/scripts/extract_transform.py took 2.855 seconds
[2024-05-06T07:07:01.640+0000] {processor.py:161} INFO - Started process (PID=224) to work on /opt/airflow/dags/scripts/extract_transform.py
[2024-05-06T07:07:01.641+0000] {processor.py:830} INFO - Processing file /opt/airflow/dags/scripts/extract_transform.py for tasks to queue
[2024-05-06T07:07:01.643+0000] {logging_mixin.py:188} INFO - [2024-05-06T07:07:01.642+0000] {dagbag.py:540} INFO - Filling up the DagBag from /opt/airflow/dags/scripts/extract_transform.py
[2024-05-06T07:07:04.083+0000] {processor.py:842} WARNING - No viable dags retrieved from /opt/airflow/dags/scripts/extract_transform.py
[2024-05-06T07:07:04.109+0000] {processor.py:183} INFO - Processing /opt/airflow/dags/scripts/extract_transform.py took 2.476 seconds
[2024-05-06T07:07:34.513+0000] {processor.py:161} INFO - Started process (PID=270) to work on /opt/airflow/dags/scripts/extract_transform.py
[2024-05-06T07:07:34.514+0000] {processor.py:830} INFO - Processing file /opt/airflow/dags/scripts/extract_transform.py for tasks to queue
[2024-05-06T07:07:34.516+0000] {logging_mixin.py:188} INFO - [2024-05-06T07:07:34.516+0000] {dagbag.py:540} INFO - Filling up the DagBag from /opt/airflow/dags/scripts/extract_transform.py
[2024-05-06T07:07:36.980+0000] {processor.py:842} WARNING - No viable dags retrieved from /opt/airflow/dags/scripts/extract_transform.py
[2024-05-06T07:07:37.006+0000] {processor.py:183} INFO - Processing /opt/airflow/dags/scripts/extract_transform.py took 2.500 seconds
[2024-05-06T07:08:07.187+0000] {processor.py:161} INFO - Started process (PID=313) to work on /opt/airflow/dags/scripts/extract_transform.py
[2024-05-06T07:08:07.188+0000] {processor.py:830} INFO - Processing file /opt/airflow/dags/scripts/extract_transform.py for tasks to queue
[2024-05-06T07:08:07.190+0000] {logging_mixin.py:188} INFO - [2024-05-06T07:08:07.190+0000] {dagbag.py:540} INFO - Filling up the DagBag from /opt/airflow/dags/scripts/extract_transform.py
[2024-05-06T07:08:09.932+0000] {processor.py:842} WARNING - No viable dags retrieved from /opt/airflow/dags/scripts/extract_transform.py
[2024-05-06T07:08:09.945+0000] {processor.py:183} INFO - Processing /opt/airflow/dags/scripts/extract_transform.py took 2.764 seconds
[2024-05-06T07:08:40.612+0000] {processor.py:161} INFO - Started process (PID=362) to work on /opt/airflow/dags/scripts/extract_transform.py
[2024-05-06T07:08:40.612+0000] {processor.py:830} INFO - Processing file /opt/airflow/dags/scripts/extract_transform.py for tasks to queue
[2024-05-06T07:08:40.614+0000] {logging_mixin.py:188} INFO - [2024-05-06T07:08:40.614+0000] {dagbag.py:540} INFO - Filling up the DagBag from /opt/airflow/dags/scripts/extract_transform.py
[2024-05-06T07:08:43.076+0000] {processor.py:842} WARNING - No viable dags retrieved from /opt/airflow/dags/scripts/extract_transform.py
[2024-05-06T07:08:43.123+0000] {processor.py:183} INFO - Processing /opt/airflow/dags/scripts/extract_transform.py took 2.517 seconds
[2024-05-06T07:09:13.608+0000] {processor.py:161} INFO - Started process (PID=413) to work on /opt/airflow/dags/scripts/extract_transform.py
[2024-05-06T07:09:13.610+0000] {processor.py:830} INFO - Processing file /opt/airflow/dags/scripts/extract_transform.py for tasks to queue
[2024-05-06T07:09:13.615+0000] {logging_mixin.py:188} INFO - [2024-05-06T07:09:13.614+0000] {dagbag.py:540} INFO - Filling up the DagBag from /opt/airflow/dags/scripts/extract_transform.py
[2024-05-06T07:09:20.845+0000] {processor.py:842} WARNING - No viable dags retrieved from /opt/airflow/dags/scripts/extract_transform.py
[2024-05-06T07:09:20.878+0000] {processor.py:183} INFO - Processing /opt/airflow/dags/scripts/extract_transform.py took 7.282 seconds
[2024-05-06T07:09:51.535+0000] {processor.py:161} INFO - Started process (PID=571) to work on /opt/airflow/dags/scripts/extract_transform.py
[2024-05-06T07:09:51.536+0000] {processor.py:830} INFO - Processing file /opt/airflow/dags/scripts/extract_transform.py for tasks to queue
[2024-05-06T07:09:51.538+0000] {logging_mixin.py:188} INFO - [2024-05-06T07:09:51.538+0000] {dagbag.py:540} INFO - Filling up the DagBag from /opt/airflow/dags/scripts/extract_transform.py
[2024-05-06T07:09:54.555+0000] {processor.py:842} WARNING - No viable dags retrieved from /opt/airflow/dags/scripts/extract_transform.py
[2024-05-06T07:09:54.573+0000] {processor.py:183} INFO - Processing /opt/airflow/dags/scripts/extract_transform.py took 3.044 seconds
[2024-05-06T07:10:25.045+0000] {processor.py:161} INFO - Started process (PID=617) to work on /opt/airflow/dags/scripts/extract_transform.py
[2024-05-06T07:10:25.046+0000] {processor.py:830} INFO - Processing file /opt/airflow/dags/scripts/extract_transform.py for tasks to queue
[2024-05-06T07:10:25.048+0000] {logging_mixin.py:188} INFO - [2024-05-06T07:10:25.048+0000] {dagbag.py:540} INFO - Filling up the DagBag from /opt/airflow/dags/scripts/extract_transform.py
[2024-05-06T07:10:27.668+0000] {processor.py:842} WARNING - No viable dags retrieved from /opt/airflow/dags/scripts/extract_transform.py
[2024-05-06T07:10:27.697+0000] {processor.py:183} INFO - Processing /opt/airflow/dags/scripts/extract_transform.py took 2.658 seconds
[2024-05-06T07:10:58.160+0000] {processor.py:161} INFO - Started process (PID=663) to work on /opt/airflow/dags/scripts/extract_transform.py
[2024-05-06T07:10:58.161+0000] {processor.py:830} INFO - Processing file /opt/airflow/dags/scripts/extract_transform.py for tasks to queue
[2024-05-06T07:10:58.163+0000] {logging_mixin.py:188} INFO - [2024-05-06T07:10:58.163+0000] {dagbag.py:540} INFO - Filling up the DagBag from /opt/airflow/dags/scripts/extract_transform.py
[2024-05-06T07:11:00.692+0000] {processor.py:842} WARNING - No viable dags retrieved from /opt/airflow/dags/scripts/extract_transform.py
[2024-05-06T07:11:00.709+0000] {processor.py:183} INFO - Processing /opt/airflow/dags/scripts/extract_transform.py took 2.556 seconds
[2024-05-06T07:13:35.787+0000] {processor.py:161} INFO - Started process (PID=179) to work on /opt/airflow/dags/scripts/extract_transform.py
[2024-05-06T07:13:35.788+0000] {processor.py:830} INFO - Processing file /opt/airflow/dags/scripts/extract_transform.py for tasks to queue
[2024-05-06T07:13:35.790+0000] {logging_mixin.py:188} INFO - [2024-05-06T07:13:35.790+0000] {dagbag.py:540} INFO - Filling up the DagBag from /opt/airflow/dags/scripts/extract_transform.py
[2024-05-06T07:13:38.846+0000] {processor.py:842} WARNING - No viable dags retrieved from /opt/airflow/dags/scripts/extract_transform.py
[2024-05-06T07:13:38.858+0000] {processor.py:183} INFO - Processing /opt/airflow/dags/scripts/extract_transform.py took 3.078 seconds
[2024-05-06T07:14:09.177+0000] {processor.py:161} INFO - Started process (PID=224) to work on /opt/airflow/dags/scripts/extract_transform.py
[2024-05-06T07:14:09.178+0000] {processor.py:830} INFO - Processing file /opt/airflow/dags/scripts/extract_transform.py for tasks to queue
[2024-05-06T07:14:09.180+0000] {logging_mixin.py:188} INFO - [2024-05-06T07:14:09.179+0000] {dagbag.py:540} INFO - Filling up the DagBag from /opt/airflow/dags/scripts/extract_transform.py
[2024-05-06T07:14:11.606+0000] {processor.py:842} WARNING - No viable dags retrieved from /opt/airflow/dags/scripts/extract_transform.py
[2024-05-06T07:14:11.650+0000] {processor.py:183} INFO - Processing /opt/airflow/dags/scripts/extract_transform.py took 2.480 seconds
[2024-05-06T07:14:42.120+0000] {processor.py:161} INFO - Started process (PID=382) to work on /opt/airflow/dags/scripts/extract_transform.py
[2024-05-06T07:14:42.121+0000] {processor.py:830} INFO - Processing file /opt/airflow/dags/scripts/extract_transform.py for tasks to queue
[2024-05-06T07:14:42.122+0000] {logging_mixin.py:188} INFO - [2024-05-06T07:14:42.122+0000] {dagbag.py:540} INFO - Filling up the DagBag from /opt/airflow/dags/scripts/extract_transform.py
[2024-05-06T07:14:44.786+0000] {processor.py:842} WARNING - No viable dags retrieved from /opt/airflow/dags/scripts/extract_transform.py
[2024-05-06T07:14:44.801+0000] {processor.py:183} INFO - Processing /opt/airflow/dags/scripts/extract_transform.py took 2.688 seconds
[2024-05-06T07:15:15.163+0000] {processor.py:161} INFO - Started process (PID=428) to work on /opt/airflow/dags/scripts/extract_transform.py
[2024-05-06T07:15:15.164+0000] {processor.py:830} INFO - Processing file /opt/airflow/dags/scripts/extract_transform.py for tasks to queue
[2024-05-06T07:15:15.166+0000] {logging_mixin.py:188} INFO - [2024-05-06T07:15:15.165+0000] {dagbag.py:540} INFO - Filling up the DagBag from /opt/airflow/dags/scripts/extract_transform.py
[2024-05-06T07:15:17.714+0000] {processor.py:842} WARNING - No viable dags retrieved from /opt/airflow/dags/scripts/extract_transform.py
[2024-05-06T07:15:17.727+0000] {processor.py:183} INFO - Processing /opt/airflow/dags/scripts/extract_transform.py took 2.571 seconds
[2024-05-06T07:15:48.161+0000] {processor.py:161} INFO - Started process (PID=498) to work on /opt/airflow/dags/scripts/extract_transform.py
[2024-05-06T07:15:48.163+0000] {processor.py:830} INFO - Processing file /opt/airflow/dags/scripts/extract_transform.py for tasks to queue
[2024-05-06T07:15:48.168+0000] {logging_mixin.py:188} INFO - [2024-05-06T07:15:48.167+0000] {dagbag.py:540} INFO - Filling up the DagBag from /opt/airflow/dags/scripts/extract_transform.py
[2024-05-06T07:15:55.635+0000] {processor.py:842} WARNING - No viable dags retrieved from /opt/airflow/dags/scripts/extract_transform.py
[2024-05-06T07:15:55.658+0000] {processor.py:183} INFO - Processing /opt/airflow/dags/scripts/extract_transform.py took 7.514 seconds
[2024-05-06T07:16:25.989+0000] {processor.py:161} INFO - Started process (PID=653) to work on /opt/airflow/dags/scripts/extract_transform.py
[2024-05-06T07:16:25.990+0000] {processor.py:830} INFO - Processing file /opt/airflow/dags/scripts/extract_transform.py for tasks to queue
[2024-05-06T07:16:25.992+0000] {logging_mixin.py:188} INFO - [2024-05-06T07:16:25.992+0000] {dagbag.py:540} INFO - Filling up the DagBag from /opt/airflow/dags/scripts/extract_transform.py
[2024-05-06T07:16:28.906+0000] {processor.py:842} WARNING - No viable dags retrieved from /opt/airflow/dags/scripts/extract_transform.py
[2024-05-06T07:16:28.920+0000] {processor.py:183} INFO - Processing /opt/airflow/dags/scripts/extract_transform.py took 2.939 seconds
[2024-05-06T07:16:59.293+0000] {processor.py:161} INFO - Started process (PID=699) to work on /opt/airflow/dags/scripts/extract_transform.py
[2024-05-06T07:16:59.294+0000] {processor.py:830} INFO - Processing file /opt/airflow/dags/scripts/extract_transform.py for tasks to queue
[2024-05-06T07:16:59.296+0000] {logging_mixin.py:188} INFO - [2024-05-06T07:16:59.296+0000] {dagbag.py:540} INFO - Filling up the DagBag from /opt/airflow/dags/scripts/extract_transform.py
[2024-05-06T07:17:02.113+0000] {processor.py:842} WARNING - No viable dags retrieved from /opt/airflow/dags/scripts/extract_transform.py
[2024-05-06T07:17:02.126+0000] {processor.py:183} INFO - Processing /opt/airflow/dags/scripts/extract_transform.py took 2.841 seconds
[2024-05-06T07:17:32.496+0000] {processor.py:161} INFO - Started process (PID=745) to work on /opt/airflow/dags/scripts/extract_transform.py
[2024-05-06T07:17:32.497+0000] {processor.py:830} INFO - Processing file /opt/airflow/dags/scripts/extract_transform.py for tasks to queue
[2024-05-06T07:17:32.499+0000] {logging_mixin.py:188} INFO - [2024-05-06T07:17:32.499+0000] {dagbag.py:540} INFO - Filling up the DagBag from /opt/airflow/dags/scripts/extract_transform.py
[2024-05-06T07:17:34.894+0000] {processor.py:842} WARNING - No viable dags retrieved from /opt/airflow/dags/scripts/extract_transform.py
[2024-05-06T07:17:34.931+0000] {processor.py:183} INFO - Processing /opt/airflow/dags/scripts/extract_transform.py took 2.443 seconds
[2024-05-06T07:18:05.412+0000] {processor.py:161} INFO - Started process (PID=791) to work on /opt/airflow/dags/scripts/extract_transform.py
[2024-05-06T07:18:05.413+0000] {processor.py:830} INFO - Processing file /opt/airflow/dags/scripts/extract_transform.py for tasks to queue
[2024-05-06T07:18:05.416+0000] {logging_mixin.py:188} INFO - [2024-05-06T07:18:05.415+0000] {dagbag.py:540} INFO - Filling up the DagBag from /opt/airflow/dags/scripts/extract_transform.py
[2024-05-06T07:18:07.897+0000] {processor.py:842} WARNING - No viable dags retrieved from /opt/airflow/dags/scripts/extract_transform.py
[2024-05-06T07:18:07.912+0000] {processor.py:183} INFO - Processing /opt/airflow/dags/scripts/extract_transform.py took 2.507 seconds
[2024-05-06T07:19:42.486+0000] {processor.py:161} INFO - Started process (PID=179) to work on /opt/airflow/dags/scripts/extract_transform.py
[2024-05-06T07:19:42.488+0000] {processor.py:830} INFO - Processing file /opt/airflow/dags/scripts/extract_transform.py for tasks to queue
[2024-05-06T07:19:42.490+0000] {logging_mixin.py:188} INFO - [2024-05-06T07:19:42.490+0000] {dagbag.py:540} INFO - Filling up the DagBag from /opt/airflow/dags/scripts/extract_transform.py
[2024-05-06T07:19:45.941+0000] {processor.py:842} WARNING - No viable dags retrieved from /opt/airflow/dags/scripts/extract_transform.py
[2024-05-06T07:19:45.954+0000] {processor.py:183} INFO - Processing /opt/airflow/dags/scripts/extract_transform.py took 3.474 seconds
[2024-05-06T07:20:16.290+0000] {processor.py:161} INFO - Started process (PID=224) to work on /opt/airflow/dags/scripts/extract_transform.py
[2024-05-06T07:20:16.291+0000] {processor.py:830} INFO - Processing file /opt/airflow/dags/scripts/extract_transform.py for tasks to queue
[2024-05-06T07:20:16.294+0000] {logging_mixin.py:188} INFO - [2024-05-06T07:20:16.293+0000] {dagbag.py:540} INFO - Filling up the DagBag from /opt/airflow/dags/scripts/extract_transform.py
[2024-05-06T07:20:18.791+0000] {processor.py:842} WARNING - No viable dags retrieved from /opt/airflow/dags/scripts/extract_transform.py
[2024-05-06T07:20:18.806+0000] {processor.py:183} INFO - Processing /opt/airflow/dags/scripts/extract_transform.py took 2.522 seconds
[2024-05-06T07:20:49.269+0000] {processor.py:161} INFO - Started process (PID=270) to work on /opt/airflow/dags/scripts/extract_transform.py
[2024-05-06T07:20:49.270+0000] {processor.py:830} INFO - Processing file /opt/airflow/dags/scripts/extract_transform.py for tasks to queue
[2024-05-06T07:20:49.272+0000] {logging_mixin.py:188} INFO - [2024-05-06T07:20:49.271+0000] {dagbag.py:540} INFO - Filling up the DagBag from /opt/airflow/dags/scripts/extract_transform.py
[2024-05-06T07:20:51.810+0000] {processor.py:842} WARNING - No viable dags retrieved from /opt/airflow/dags/scripts/extract_transform.py
[2024-05-06T07:20:51.833+0000] {processor.py:183} INFO - Processing /opt/airflow/dags/scripts/extract_transform.py took 2.571 seconds
[2024-05-06T07:21:22.276+0000] {processor.py:161} INFO - Started process (PID=441) to work on /opt/airflow/dags/scripts/extract_transform.py
[2024-05-06T07:21:22.277+0000] {processor.py:830} INFO - Processing file /opt/airflow/dags/scripts/extract_transform.py for tasks to queue
[2024-05-06T07:21:22.280+0000] {logging_mixin.py:188} INFO - [2024-05-06T07:21:22.280+0000] {dagbag.py:540} INFO - Filling up the DagBag from /opt/airflow/dags/scripts/extract_transform.py
[2024-05-06T07:21:25.148+0000] {processor.py:842} WARNING - No viable dags retrieved from /opt/airflow/dags/scripts/extract_transform.py
[2024-05-06T07:21:25.164+0000] {processor.py:183} INFO - Processing /opt/airflow/dags/scripts/extract_transform.py took 2.904 seconds
[2024-05-06T07:21:55.597+0000] {processor.py:161} INFO - Started process (PID=493) to work on /opt/airflow/dags/scripts/extract_transform.py
[2024-05-06T07:21:55.598+0000] {processor.py:830} INFO - Processing file /opt/airflow/dags/scripts/extract_transform.py for tasks to queue
[2024-05-06T07:21:55.600+0000] {logging_mixin.py:188} INFO - [2024-05-06T07:21:55.600+0000] {dagbag.py:540} INFO - Filling up the DagBag from /opt/airflow/dags/scripts/extract_transform.py
[2024-05-06T07:21:58.099+0000] {processor.py:842} WARNING - No viable dags retrieved from /opt/airflow/dags/scripts/extract_transform.py
[2024-05-06T07:21:58.114+0000] {processor.py:183} INFO - Processing /opt/airflow/dags/scripts/extract_transform.py took 2.525 seconds
[2024-05-06T07:22:28.457+0000] {processor.py:161} INFO - Started process (PID=539) to work on /opt/airflow/dags/scripts/extract_transform.py
[2024-05-06T07:22:28.458+0000] {processor.py:830} INFO - Processing file /opt/airflow/dags/scripts/extract_transform.py for tasks to queue
[2024-05-06T07:22:28.459+0000] {logging_mixin.py:188} INFO - [2024-05-06T07:22:28.459+0000] {dagbag.py:540} INFO - Filling up the DagBag from /opt/airflow/dags/scripts/extract_transform.py
[2024-05-06T07:22:30.969+0000] {processor.py:842} WARNING - No viable dags retrieved from /opt/airflow/dags/scripts/extract_transform.py
[2024-05-06T07:22:30.981+0000] {processor.py:183} INFO - Processing /opt/airflow/dags/scripts/extract_transform.py took 2.531 seconds
[2024-05-06T07:23:01.390+0000] {processor.py:161} INFO - Started process (PID=585) to work on /opt/airflow/dags/scripts/extract_transform.py
[2024-05-06T07:23:01.391+0000] {processor.py:830} INFO - Processing file /opt/airflow/dags/scripts/extract_transform.py for tasks to queue
[2024-05-06T07:23:01.392+0000] {logging_mixin.py:188} INFO - [2024-05-06T07:23:01.392+0000] {dagbag.py:540} INFO - Filling up the DagBag from /opt/airflow/dags/scripts/extract_transform.py
[2024-05-06T07:23:04.089+0000] {processor.py:842} WARNING - No viable dags retrieved from /opt/airflow/dags/scripts/extract_transform.py
[2024-05-06T07:23:04.101+0000] {processor.py:183} INFO - Processing /opt/airflow/dags/scripts/extract_transform.py took 2.718 seconds
[2024-05-06T07:23:34.464+0000] {processor.py:161} INFO - Started process (PID=632) to work on /opt/airflow/dags/scripts/extract_transform.py
[2024-05-06T07:23:34.466+0000] {processor.py:830} INFO - Processing file /opt/airflow/dags/scripts/extract_transform.py for tasks to queue
[2024-05-06T07:23:34.468+0000] {logging_mixin.py:188} INFO - [2024-05-06T07:23:34.467+0000] {dagbag.py:540} INFO - Filling up the DagBag from /opt/airflow/dags/scripts/extract_transform.py
[2024-05-06T07:23:37.091+0000] {processor.py:842} WARNING - No viable dags retrieved from /opt/airflow/dags/scripts/extract_transform.py
[2024-05-06T07:23:37.106+0000] {processor.py:183} INFO - Processing /opt/airflow/dags/scripts/extract_transform.py took 2.649 seconds
[2024-05-06T07:25:10.437+0000] {processor.py:161} INFO - Started process (PID=179) to work on /opt/airflow/dags/scripts/extract_transform.py
[2024-05-06T07:25:10.439+0000] {processor.py:830} INFO - Processing file /opt/airflow/dags/scripts/extract_transform.py for tasks to queue
[2024-05-06T07:25:10.441+0000] {logging_mixin.py:188} INFO - [2024-05-06T07:25:10.441+0000] {dagbag.py:540} INFO - Filling up the DagBag from /opt/airflow/dags/scripts/extract_transform.py
[2024-05-06T07:25:13.389+0000] {processor.py:842} WARNING - No viable dags retrieved from /opt/airflow/dags/scripts/extract_transform.py
[2024-05-06T07:25:13.405+0000] {processor.py:183} INFO - Processing /opt/airflow/dags/scripts/extract_transform.py took 2.974 seconds
[2024-05-06T07:25:43.773+0000] {processor.py:161} INFO - Started process (PID=224) to work on /opt/airflow/dags/scripts/extract_transform.py
[2024-05-06T07:25:43.774+0000] {processor.py:830} INFO - Processing file /opt/airflow/dags/scripts/extract_transform.py for tasks to queue
[2024-05-06T07:25:43.776+0000] {logging_mixin.py:188} INFO - [2024-05-06T07:25:43.776+0000] {dagbag.py:540} INFO - Filling up the DagBag from /opt/airflow/dags/scripts/extract_transform.py
[2024-05-06T07:25:46.210+0000] {processor.py:842} WARNING - No viable dags retrieved from /opt/airflow/dags/scripts/extract_transform.py
[2024-05-06T07:25:46.227+0000] {processor.py:183} INFO - Processing /opt/airflow/dags/scripts/extract_transform.py took 2.459 seconds
[2024-05-06T07:26:16.655+0000] {processor.py:161} INFO - Started process (PID=396) to work on /opt/airflow/dags/scripts/extract_transform.py
[2024-05-06T07:26:16.656+0000] {processor.py:830} INFO - Processing file /opt/airflow/dags/scripts/extract_transform.py for tasks to queue
[2024-05-06T07:26:16.658+0000] {logging_mixin.py:188} INFO - [2024-05-06T07:26:16.658+0000] {dagbag.py:540} INFO - Filling up the DagBag from /opt/airflow/dags/scripts/extract_transform.py
[2024-05-06T07:26:19.459+0000] {processor.py:842} WARNING - No viable dags retrieved from /opt/airflow/dags/scripts/extract_transform.py
[2024-05-06T07:26:19.470+0000] {processor.py:183} INFO - Processing /opt/airflow/dags/scripts/extract_transform.py took 2.823 seconds
[2024-05-06T07:26:49.905+0000] {processor.py:161} INFO - Started process (PID=463) to work on /opt/airflow/dags/scripts/extract_transform.py
[2024-05-06T07:26:49.909+0000] {processor.py:830} INFO - Processing file /opt/airflow/dags/scripts/extract_transform.py for tasks to queue
[2024-05-06T07:26:49.918+0000] {logging_mixin.py:188} INFO - [2024-05-06T07:26:49.916+0000] {dagbag.py:540} INFO - Filling up the DagBag from /opt/airflow/dags/scripts/extract_transform.py
[2024-05-06T07:26:58.674+0000] {processor.py:842} WARNING - No viable dags retrieved from /opt/airflow/dags/scripts/extract_transform.py
[2024-05-06T07:26:58.696+0000] {processor.py:183} INFO - Processing /opt/airflow/dags/scripts/extract_transform.py took 8.810 seconds
[2024-05-06T07:27:29.172+0000] {processor.py:161} INFO - Started process (PID=665) to work on /opt/airflow/dags/scripts/extract_transform.py
[2024-05-06T07:27:29.175+0000] {processor.py:830} INFO - Processing file /opt/airflow/dags/scripts/extract_transform.py for tasks to queue
[2024-05-06T07:27:29.179+0000] {logging_mixin.py:188} INFO - [2024-05-06T07:27:29.178+0000] {dagbag.py:540} INFO - Filling up the DagBag from /opt/airflow/dags/scripts/extract_transform.py
[2024-05-06T07:27:37.531+0000] {processor.py:842} WARNING - No viable dags retrieved from /opt/airflow/dags/scripts/extract_transform.py
[2024-05-06T07:27:37.554+0000] {processor.py:183} INFO - Processing /opt/airflow/dags/scripts/extract_transform.py took 8.405 seconds
[2024-05-06T07:28:08.344+0000] {processor.py:161} INFO - Started process (PID=746) to work on /opt/airflow/dags/scripts/extract_transform.py
[2024-05-06T07:28:08.346+0000] {processor.py:830} INFO - Processing file /opt/airflow/dags/scripts/extract_transform.py for tasks to queue
[2024-05-06T07:28:08.350+0000] {logging_mixin.py:188} INFO - [2024-05-06T07:28:08.349+0000] {dagbag.py:540} INFO - Filling up the DagBag from /opt/airflow/dags/scripts/extract_transform.py
[2024-05-06T07:28:14.058+0000] {processor.py:842} WARNING - No viable dags retrieved from /opt/airflow/dags/scripts/extract_transform.py
[2024-05-06T07:28:14.099+0000] {processor.py:183} INFO - Processing /opt/airflow/dags/scripts/extract_transform.py took 5.768 seconds
[2024-05-06T07:28:44.867+0000] {processor.py:161} INFO - Started process (PID=819) to work on /opt/airflow/dags/scripts/extract_transform.py
[2024-05-06T07:28:44.868+0000] {processor.py:830} INFO - Processing file /opt/airflow/dags/scripts/extract_transform.py for tasks to queue
[2024-05-06T07:28:44.872+0000] {logging_mixin.py:188} INFO - [2024-05-06T07:28:44.871+0000] {dagbag.py:540} INFO - Filling up the DagBag from /opt/airflow/dags/scripts/extract_transform.py
[2024-05-06T07:28:47.911+0000] {processor.py:842} WARNING - No viable dags retrieved from /opt/airflow/dags/scripts/extract_transform.py
[2024-05-06T07:28:47.944+0000] {processor.py:183} INFO - Processing /opt/airflow/dags/scripts/extract_transform.py took 3.086 seconds
[2024-05-06T07:29:18.457+0000] {processor.py:161} INFO - Started process (PID=865) to work on /opt/airflow/dags/scripts/extract_transform.py
[2024-05-06T07:29:18.458+0000] {processor.py:830} INFO - Processing file /opt/airflow/dags/scripts/extract_transform.py for tasks to queue
[2024-05-06T07:29:18.460+0000] {logging_mixin.py:188} INFO - [2024-05-06T07:29:18.460+0000] {dagbag.py:540} INFO - Filling up the DagBag from /opt/airflow/dags/scripts/extract_transform.py
[2024-05-06T07:29:21.066+0000] {processor.py:842} WARNING - No viable dags retrieved from /opt/airflow/dags/scripts/extract_transform.py
[2024-05-06T07:29:21.086+0000] {processor.py:183} INFO - Processing /opt/airflow/dags/scripts/extract_transform.py took 2.635 seconds
[2024-05-06T07:29:51.632+0000] {processor.py:161} INFO - Started process (PID=911) to work on /opt/airflow/dags/scripts/extract_transform.py
[2024-05-06T07:29:51.633+0000] {processor.py:830} INFO - Processing file /opt/airflow/dags/scripts/extract_transform.py for tasks to queue
[2024-05-06T07:29:51.635+0000] {logging_mixin.py:188} INFO - [2024-05-06T07:29:51.635+0000] {dagbag.py:540} INFO - Filling up the DagBag from /opt/airflow/dags/scripts/extract_transform.py
[2024-05-06T07:29:54.723+0000] {processor.py:842} WARNING - No viable dags retrieved from /opt/airflow/dags/scripts/extract_transform.py
[2024-05-06T07:29:54.750+0000] {processor.py:183} INFO - Processing /opt/airflow/dags/scripts/extract_transform.py took 3.124 seconds
[2024-05-06T07:30:25.752+0000] {processor.py:161} INFO - Started process (PID=969) to work on /opt/airflow/dags/scripts/extract_transform.py
[2024-05-06T07:30:25.753+0000] {processor.py:830} INFO - Processing file /opt/airflow/dags/scripts/extract_transform.py for tasks to queue
[2024-05-06T07:30:25.755+0000] {logging_mixin.py:188} INFO - [2024-05-06T07:30:25.755+0000] {dagbag.py:540} INFO - Filling up the DagBag from /opt/airflow/dags/scripts/extract_transform.py
[2024-05-06T07:30:28.346+0000] {processor.py:842} WARNING - No viable dags retrieved from /opt/airflow/dags/scripts/extract_transform.py
[2024-05-06T07:30:28.357+0000] {processor.py:183} INFO - Processing /opt/airflow/dags/scripts/extract_transform.py took 2.610 seconds
[2024-05-06T07:30:59.354+0000] {processor.py:161} INFO - Started process (PID=1189) to work on /opt/airflow/dags/scripts/extract_transform.py
[2024-05-06T07:30:59.357+0000] {processor.py:830} INFO - Processing file /opt/airflow/dags/scripts/extract_transform.py for tasks to queue
[2024-05-06T07:30:59.425+0000] {logging_mixin.py:188} INFO - [2024-05-06T07:30:59.402+0000] {dagbag.py:540} INFO - Filling up the DagBag from /opt/airflow/dags/scripts/extract_transform.py
[2024-05-06T07:31:24.509+0000] {processor.py:842} WARNING - No viable dags retrieved from /opt/airflow/dags/scripts/extract_transform.py
[2024-05-06T07:31:24.773+0000] {processor.py:183} INFO - Processing /opt/airflow/dags/scripts/extract_transform.py took 25.606 seconds
[2024-05-06T07:31:57.053+0000] {processor.py:161} INFO - Started process (PID=1490) to work on /opt/airflow/dags/scripts/extract_transform.py
[2024-05-06T07:31:57.063+0000] {processor.py:830} INFO - Processing file /opt/airflow/dags/scripts/extract_transform.py for tasks to queue
[2024-05-06T07:31:57.084+0000] {logging_mixin.py:188} INFO - [2024-05-06T07:31:57.083+0000] {dagbag.py:540} INFO - Filling up the DagBag from /opt/airflow/dags/scripts/extract_transform.py
[2024-05-06T07:32:08.698+0000] {processor.py:842} WARNING - No viable dags retrieved from /opt/airflow/dags/scripts/extract_transform.py
[2024-05-06T07:32:08.733+0000] {processor.py:183} INFO - Processing /opt/airflow/dags/scripts/extract_transform.py took 12.023 seconds
[2024-05-06T07:32:39.046+0000] {processor.py:161} INFO - Started process (PID=1549) to work on /opt/airflow/dags/scripts/extract_transform.py
[2024-05-06T07:32:39.047+0000] {processor.py:830} INFO - Processing file /opt/airflow/dags/scripts/extract_transform.py for tasks to queue
[2024-05-06T07:32:39.051+0000] {logging_mixin.py:188} INFO - [2024-05-06T07:32:39.050+0000] {dagbag.py:540} INFO - Filling up the DagBag from /opt/airflow/dags/scripts/extract_transform.py
[2024-05-06T07:32:44.005+0000] {processor.py:842} WARNING - No viable dags retrieved from /opt/airflow/dags/scripts/extract_transform.py
[2024-05-06T07:32:44.031+0000] {processor.py:183} INFO - Processing /opt/airflow/dags/scripts/extract_transform.py took 5.003 seconds
[2024-05-06T07:33:15.071+0000] {processor.py:161} INFO - Started process (PID=1596) to work on /opt/airflow/dags/scripts/extract_transform.py
[2024-05-06T07:33:15.073+0000] {processor.py:830} INFO - Processing file /opt/airflow/dags/scripts/extract_transform.py for tasks to queue
[2024-05-06T07:33:15.077+0000] {logging_mixin.py:188} INFO - [2024-05-06T07:33:15.076+0000] {dagbag.py:540} INFO - Filling up the DagBag from /opt/airflow/dags/scripts/extract_transform.py
[2024-05-06T07:33:19.740+0000] {processor.py:842} WARNING - No viable dags retrieved from /opt/airflow/dags/scripts/extract_transform.py
[2024-05-06T07:33:19.758+0000] {processor.py:183} INFO - Processing /opt/airflow/dags/scripts/extract_transform.py took 4.698 seconds
[2024-05-06T07:33:49.862+0000] {processor.py:161} INFO - Started process (PID=1641) to work on /opt/airflow/dags/scripts/extract_transform.py
[2024-05-06T07:33:49.869+0000] {processor.py:830} INFO - Processing file /opt/airflow/dags/scripts/extract_transform.py for tasks to queue
[2024-05-06T07:33:49.876+0000] {logging_mixin.py:188} INFO - [2024-05-06T07:33:49.876+0000] {dagbag.py:540} INFO - Filling up the DagBag from /opt/airflow/dags/scripts/extract_transform.py
[2024-05-06T07:33:54.630+0000] {processor.py:842} WARNING - No viable dags retrieved from /opt/airflow/dags/scripts/extract_transform.py
[2024-05-06T07:33:54.648+0000] {processor.py:183} INFO - Processing /opt/airflow/dags/scripts/extract_transform.py took 4.798 seconds
[2024-05-06T07:34:25.210+0000] {processor.py:161} INFO - Started process (PID=1687) to work on /opt/airflow/dags/scripts/extract_transform.py
[2024-05-06T07:34:25.215+0000] {processor.py:830} INFO - Processing file /opt/airflow/dags/scripts/extract_transform.py for tasks to queue
[2024-05-06T07:34:25.228+0000] {logging_mixin.py:188} INFO - [2024-05-06T07:34:25.226+0000] {dagbag.py:540} INFO - Filling up the DagBag from /opt/airflow/dags/scripts/extract_transform.py
[2024-05-06T07:34:30.554+0000] {processor.py:842} WARNING - No viable dags retrieved from /opt/airflow/dags/scripts/extract_transform.py
[2024-05-06T07:34:30.575+0000] {processor.py:183} INFO - Processing /opt/airflow/dags/scripts/extract_transform.py took 5.379 seconds
[2024-05-06T07:35:01.094+0000] {processor.py:161} INFO - Started process (PID=1738) to work on /opt/airflow/dags/scripts/extract_transform.py
[2024-05-06T07:35:01.098+0000] {processor.py:830} INFO - Processing file /opt/airflow/dags/scripts/extract_transform.py for tasks to queue
[2024-05-06T07:35:01.101+0000] {logging_mixin.py:188} INFO - [2024-05-06T07:35:01.101+0000] {dagbag.py:540} INFO - Filling up the DagBag from /opt/airflow/dags/scripts/extract_transform.py
[2024-05-06T07:35:05.952+0000] {processor.py:842} WARNING - No viable dags retrieved from /opt/airflow/dags/scripts/extract_transform.py
[2024-05-06T07:35:05.978+0000] {processor.py:183} INFO - Processing /opt/airflow/dags/scripts/extract_transform.py took 4.895 seconds
[2024-05-06T07:35:36.316+0000] {processor.py:161} INFO - Started process (PID=1788) to work on /opt/airflow/dags/scripts/extract_transform.py
[2024-05-06T07:35:36.323+0000] {processor.py:830} INFO - Processing file /opt/airflow/dags/scripts/extract_transform.py for tasks to queue
[2024-05-06T07:35:36.331+0000] {logging_mixin.py:188} INFO - [2024-05-06T07:35:36.331+0000] {dagbag.py:540} INFO - Filling up the DagBag from /opt/airflow/dags/scripts/extract_transform.py
[2024-05-06T07:35:41.501+0000] {processor.py:842} WARNING - No viable dags retrieved from /opt/airflow/dags/scripts/extract_transform.py
[2024-05-06T07:35:41.517+0000] {processor.py:183} INFO - Processing /opt/airflow/dags/scripts/extract_transform.py took 5.219 seconds
[2024-05-06T07:36:11.963+0000] {processor.py:161} INFO - Started process (PID=1836) to work on /opt/airflow/dags/scripts/extract_transform.py
[2024-05-06T07:36:11.965+0000] {processor.py:830} INFO - Processing file /opt/airflow/dags/scripts/extract_transform.py for tasks to queue
[2024-05-06T07:36:11.972+0000] {logging_mixin.py:188} INFO - [2024-05-06T07:36:11.971+0000] {dagbag.py:540} INFO - Filling up the DagBag from /opt/airflow/dags/scripts/extract_transform.py
[2024-05-06T07:36:17.181+0000] {processor.py:842} WARNING - No viable dags retrieved from /opt/airflow/dags/scripts/extract_transform.py
[2024-05-06T07:36:17.237+0000] {processor.py:183} INFO - Processing /opt/airflow/dags/scripts/extract_transform.py took 5.287 seconds
[2024-05-06T07:36:47.656+0000] {processor.py:161} INFO - Started process (PID=1882) to work on /opt/airflow/dags/scripts/extract_transform.py
[2024-05-06T07:36:47.665+0000] {processor.py:830} INFO - Processing file /opt/airflow/dags/scripts/extract_transform.py for tasks to queue
[2024-05-06T07:36:47.671+0000] {logging_mixin.py:188} INFO - [2024-05-06T07:36:47.671+0000] {dagbag.py:540} INFO - Filling up the DagBag from /opt/airflow/dags/scripts/extract_transform.py
[2024-05-06T07:36:53.246+0000] {processor.py:842} WARNING - No viable dags retrieved from /opt/airflow/dags/scripts/extract_transform.py
[2024-05-06T07:36:53.266+0000] {processor.py:183} INFO - Processing /opt/airflow/dags/scripts/extract_transform.py took 5.627 seconds
[2024-05-06T07:37:23.951+0000] {processor.py:161} INFO - Started process (PID=1928) to work on /opt/airflow/dags/scripts/extract_transform.py
[2024-05-06T07:37:23.952+0000] {processor.py:830} INFO - Processing file /opt/airflow/dags/scripts/extract_transform.py for tasks to queue
[2024-05-06T07:37:23.954+0000] {logging_mixin.py:188} INFO - [2024-05-06T07:37:23.954+0000] {dagbag.py:540} INFO - Filling up the DagBag from /opt/airflow/dags/scripts/extract_transform.py
[2024-05-06T07:37:26.944+0000] {processor.py:842} WARNING - No viable dags retrieved from /opt/airflow/dags/scripts/extract_transform.py
[2024-05-06T07:37:26.958+0000] {processor.py:183} INFO - Processing /opt/airflow/dags/scripts/extract_transform.py took 3.015 seconds
[2024-05-06T07:39:03.016+0000] {processor.py:161} INFO - Started process (PID=179) to work on /opt/airflow/dags/scripts/extract_transform.py
[2024-05-06T07:39:03.017+0000] {processor.py:830} INFO - Processing file /opt/airflow/dags/scripts/extract_transform.py for tasks to queue
[2024-05-06T07:39:03.019+0000] {logging_mixin.py:188} INFO - [2024-05-06T07:39:03.018+0000] {dagbag.py:540} INFO - Filling up the DagBag from /opt/airflow/dags/scripts/extract_transform.py
[2024-05-06T07:39:05.916+0000] {processor.py:842} WARNING - No viable dags retrieved from /opt/airflow/dags/scripts/extract_transform.py
[2024-05-06T07:39:05.933+0000] {processor.py:183} INFO - Processing /opt/airflow/dags/scripts/extract_transform.py took 2.924 seconds
[2024-05-06T07:39:36.459+0000] {processor.py:161} INFO - Started process (PID=224) to work on /opt/airflow/dags/scripts/extract_transform.py
[2024-05-06T07:39:36.461+0000] {processor.py:830} INFO - Processing file /opt/airflow/dags/scripts/extract_transform.py for tasks to queue
[2024-05-06T07:39:36.464+0000] {logging_mixin.py:188} INFO - [2024-05-06T07:39:36.463+0000] {dagbag.py:540} INFO - Filling up the DagBag from /opt/airflow/dags/scripts/extract_transform.py
[2024-05-06T07:39:40.454+0000] {processor.py:842} WARNING - No viable dags retrieved from /opt/airflow/dags/scripts/extract_transform.py
[2024-05-06T07:39:40.472+0000] {processor.py:183} INFO - Processing /opt/airflow/dags/scripts/extract_transform.py took 4.025 seconds
[2024-05-06T07:40:10.893+0000] {processor.py:161} INFO - Started process (PID=270) to work on /opt/airflow/dags/scripts/extract_transform.py
[2024-05-06T07:40:10.894+0000] {processor.py:830} INFO - Processing file /opt/airflow/dags/scripts/extract_transform.py for tasks to queue
[2024-05-06T07:40:10.895+0000] {logging_mixin.py:188} INFO - [2024-05-06T07:40:10.895+0000] {dagbag.py:540} INFO - Filling up the DagBag from /opt/airflow/dags/scripts/extract_transform.py
[2024-05-06T07:40:13.669+0000] {processor.py:842} WARNING - No viable dags retrieved from /opt/airflow/dags/scripts/extract_transform.py
[2024-05-06T07:40:13.697+0000] {processor.py:183} INFO - Processing /opt/airflow/dags/scripts/extract_transform.py took 2.811 seconds
[2024-05-06T07:40:44.399+0000] {processor.py:161} INFO - Started process (PID=346) to work on /opt/airflow/dags/scripts/extract_transform.py
[2024-05-06T07:40:44.441+0000] {processor.py:830} INFO - Processing file /opt/airflow/dags/scripts/extract_transform.py for tasks to queue
[2024-05-06T07:40:44.476+0000] {logging_mixin.py:188} INFO - [2024-05-06T07:40:44.472+0000] {dagbag.py:540} INFO - Filling up the DagBag from /opt/airflow/dags/scripts/extract_transform.py
[2024-05-06T07:40:55.993+0000] {processor.py:842} WARNING - No viable dags retrieved from /opt/airflow/dags/scripts/extract_transform.py
[2024-05-06T07:40:56.079+0000] {processor.py:183} INFO - Processing /opt/airflow/dags/scripts/extract_transform.py took 11.727 seconds
[2024-05-06T07:41:26.501+0000] {processor.py:161} INFO - Started process (PID=705) to work on /opt/airflow/dags/scripts/extract_transform.py
[2024-05-06T07:41:26.505+0000] {processor.py:830} INFO - Processing file /opt/airflow/dags/scripts/extract_transform.py for tasks to queue
[2024-05-06T07:41:26.514+0000] {logging_mixin.py:188} INFO - [2024-05-06T07:41:26.511+0000] {dagbag.py:540} INFO - Filling up the DagBag from /opt/airflow/dags/scripts/extract_transform.py
[2024-05-06T07:41:56.674+0000] {logging_mixin.py:188} INFO - [2024-05-06T07:41:56.644+0000] {timeout.py:68} ERROR - Process timed out, PID: 705
[2024-05-06T07:42:52.778+0000] {processor.py:161} INFO - Started process (PID=866) to work on /opt/airflow/dags/scripts/extract_transform.py
[2024-05-06T07:42:52.780+0000] {processor.py:830} INFO - Processing file /opt/airflow/dags/scripts/extract_transform.py for tasks to queue
[2024-05-06T07:42:52.783+0000] {logging_mixin.py:188} INFO - [2024-05-06T07:42:52.782+0000] {dagbag.py:540} INFO - Filling up the DagBag from /opt/airflow/dags/scripts/extract_transform.py
[2024-05-06T07:43:00.556+0000] {processor.py:842} WARNING - No viable dags retrieved from /opt/airflow/dags/scripts/extract_transform.py
[2024-05-06T07:43:00.581+0000] {processor.py:183} INFO - Processing /opt/airflow/dags/scripts/extract_transform.py took 7.833 seconds
[2024-05-06T07:43:30.846+0000] {processor.py:161} INFO - Started process (PID=924) to work on /opt/airflow/dags/scripts/extract_transform.py
[2024-05-06T07:43:30.850+0000] {processor.py:830} INFO - Processing file /opt/airflow/dags/scripts/extract_transform.py for tasks to queue
[2024-05-06T07:43:30.856+0000] {logging_mixin.py:188} INFO - [2024-05-06T07:43:30.855+0000] {dagbag.py:540} INFO - Filling up the DagBag from /opt/airflow/dags/scripts/extract_transform.py
[2024-05-06T07:43:36.121+0000] {processor.py:842} WARNING - No viable dags retrieved from /opt/airflow/dags/scripts/extract_transform.py
[2024-05-06T07:43:36.145+0000] {processor.py:183} INFO - Processing /opt/airflow/dags/scripts/extract_transform.py took 5.321 seconds
[2024-05-06T07:44:06.293+0000] {processor.py:161} INFO - Started process (PID=970) to work on /opt/airflow/dags/scripts/extract_transform.py
[2024-05-06T07:44:06.294+0000] {processor.py:830} INFO - Processing file /opt/airflow/dags/scripts/extract_transform.py for tasks to queue
[2024-05-06T07:44:06.296+0000] {logging_mixin.py:188} INFO - [2024-05-06T07:44:06.295+0000] {dagbag.py:540} INFO - Filling up the DagBag from /opt/airflow/dags/scripts/extract_transform.py
[2024-05-06T07:44:11.461+0000] {processor.py:842} WARNING - No viable dags retrieved from /opt/airflow/dags/scripts/extract_transform.py
[2024-05-06T07:44:11.501+0000] {processor.py:183} INFO - Processing /opt/airflow/dags/scripts/extract_transform.py took 5.221 seconds
[2024-05-06T07:44:41.849+0000] {processor.py:161} INFO - Started process (PID=1016) to work on /opt/airflow/dags/scripts/extract_transform.py
[2024-05-06T07:44:41.851+0000] {processor.py:830} INFO - Processing file /opt/airflow/dags/scripts/extract_transform.py for tasks to queue
[2024-05-06T07:44:41.852+0000] {logging_mixin.py:188} INFO - [2024-05-06T07:44:41.852+0000] {dagbag.py:540} INFO - Filling up the DagBag from /opt/airflow/dags/scripts/extract_transform.py
[2024-05-06T07:44:47.145+0000] {processor.py:842} WARNING - No viable dags retrieved from /opt/airflow/dags/scripts/extract_transform.py
[2024-05-06T07:44:47.170+0000] {processor.py:183} INFO - Processing /opt/airflow/dags/scripts/extract_transform.py took 5.341 seconds
[2024-05-06T07:45:17.535+0000] {processor.py:161} INFO - Started process (PID=1068) to work on /opt/airflow/dags/scripts/extract_transform.py
[2024-05-06T07:45:17.537+0000] {processor.py:830} INFO - Processing file /opt/airflow/dags/scripts/extract_transform.py for tasks to queue
[2024-05-06T07:45:17.539+0000] {logging_mixin.py:188} INFO - [2024-05-06T07:45:17.538+0000] {dagbag.py:540} INFO - Filling up the DagBag from /opt/airflow/dags/scripts/extract_transform.py
[2024-05-06T07:45:23.164+0000] {processor.py:842} WARNING - No viable dags retrieved from /opt/airflow/dags/scripts/extract_transform.py
[2024-05-06T07:45:23.181+0000] {processor.py:183} INFO - Processing /opt/airflow/dags/scripts/extract_transform.py took 5.664 seconds
[2024-05-06T07:45:53.806+0000] {processor.py:161} INFO - Started process (PID=1136) to work on /opt/airflow/dags/scripts/extract_transform.py
[2024-05-06T07:45:53.807+0000] {processor.py:830} INFO - Processing file /opt/airflow/dags/scripts/extract_transform.py for tasks to queue
[2024-05-06T07:45:53.809+0000] {logging_mixin.py:188} INFO - [2024-05-06T07:45:53.809+0000] {dagbag.py:540} INFO - Filling up the DagBag from /opt/airflow/dags/scripts/extract_transform.py
[2024-05-06T07:45:58.840+0000] {processor.py:842} WARNING - No viable dags retrieved from /opt/airflow/dags/scripts/extract_transform.py
[2024-05-06T07:45:58.865+0000] {processor.py:183} INFO - Processing /opt/airflow/dags/scripts/extract_transform.py took 5.076 seconds
[2024-05-06T07:46:29.216+0000] {processor.py:161} INFO - Started process (PID=1209) to work on /opt/airflow/dags/scripts/extract_transform.py
[2024-05-06T07:46:29.217+0000] {processor.py:830} INFO - Processing file /opt/airflow/dags/scripts/extract_transform.py for tasks to queue
[2024-05-06T07:46:29.218+0000] {logging_mixin.py:188} INFO - [2024-05-06T07:46:29.218+0000] {dagbag.py:540} INFO - Filling up the DagBag from /opt/airflow/dags/scripts/extract_transform.py
[2024-05-06T07:46:33.169+0000] {processor.py:842} WARNING - No viable dags retrieved from /opt/airflow/dags/scripts/extract_transform.py
[2024-05-06T07:46:33.188+0000] {processor.py:183} INFO - Processing /opt/airflow/dags/scripts/extract_transform.py took 3.980 seconds
[2024-05-06T07:47:03.385+0000] {processor.py:161} INFO - Started process (PID=1290) to work on /opt/airflow/dags/scripts/extract_transform.py
[2024-05-06T07:47:03.386+0000] {processor.py:830} INFO - Processing file /opt/airflow/dags/scripts/extract_transform.py for tasks to queue
[2024-05-06T07:47:03.387+0000] {logging_mixin.py:188} INFO - [2024-05-06T07:47:03.387+0000] {dagbag.py:540} INFO - Filling up the DagBag from /opt/airflow/dags/scripts/extract_transform.py
[2024-05-06T07:47:05.839+0000] {processor.py:842} WARNING - No viable dags retrieved from /opt/airflow/dags/scripts/extract_transform.py
[2024-05-06T07:47:05.852+0000] {processor.py:183} INFO - Processing /opt/airflow/dags/scripts/extract_transform.py took 2.474 seconds
[2024-05-06T07:47:36.082+0000] {processor.py:161} INFO - Started process (PID=1339) to work on /opt/airflow/dags/scripts/extract_transform.py
[2024-05-06T07:47:36.084+0000] {processor.py:830} INFO - Processing file /opt/airflow/dags/scripts/extract_transform.py for tasks to queue
[2024-05-06T07:47:36.085+0000] {logging_mixin.py:188} INFO - [2024-05-06T07:47:36.084+0000] {dagbag.py:540} INFO - Filling up the DagBag from /opt/airflow/dags/scripts/extract_transform.py
[2024-05-06T07:47:38.433+0000] {processor.py:842} WARNING - No viable dags retrieved from /opt/airflow/dags/scripts/extract_transform.py
[2024-05-06T07:47:38.454+0000] {processor.py:183} INFO - Processing /opt/airflow/dags/scripts/extract_transform.py took 2.379 seconds
[2024-05-06T07:48:08.977+0000] {processor.py:161} INFO - Started process (PID=1385) to work on /opt/airflow/dags/scripts/extract_transform.py
[2024-05-06T07:48:08.979+0000] {processor.py:830} INFO - Processing file /opt/airflow/dags/scripts/extract_transform.py for tasks to queue
[2024-05-06T07:48:08.980+0000] {logging_mixin.py:188} INFO - [2024-05-06T07:48:08.979+0000] {dagbag.py:540} INFO - Filling up the DagBag from /opt/airflow/dags/scripts/extract_transform.py
[2024-05-06T07:48:11.190+0000] {processor.py:842} WARNING - No viable dags retrieved from /opt/airflow/dags/scripts/extract_transform.py
[2024-05-06T07:48:11.205+0000] {processor.py:183} INFO - Processing /opt/airflow/dags/scripts/extract_transform.py took 2.235 seconds
[2024-05-06T07:48:41.523+0000] {processor.py:161} INFO - Started process (PID=1431) to work on /opt/airflow/dags/scripts/extract_transform.py
[2024-05-06T07:48:41.524+0000] {processor.py:830} INFO - Processing file /opt/airflow/dags/scripts/extract_transform.py for tasks to queue
[2024-05-06T07:48:41.525+0000] {logging_mixin.py:188} INFO - [2024-05-06T07:48:41.525+0000] {dagbag.py:540} INFO - Filling up the DagBag from /opt/airflow/dags/scripts/extract_transform.py
[2024-05-06T07:48:43.767+0000] {processor.py:842} WARNING - No viable dags retrieved from /opt/airflow/dags/scripts/extract_transform.py
[2024-05-06T07:48:43.796+0000] {processor.py:183} INFO - Processing /opt/airflow/dags/scripts/extract_transform.py took 2.280 seconds
[2024-05-06T07:49:14.722+0000] {processor.py:161} INFO - Started process (PID=1477) to work on /opt/airflow/dags/scripts/extract_transform.py
[2024-05-06T07:49:14.723+0000] {processor.py:830} INFO - Processing file /opt/airflow/dags/scripts/extract_transform.py for tasks to queue
[2024-05-06T07:49:14.726+0000] {logging_mixin.py:188} INFO - [2024-05-06T07:49:14.725+0000] {dagbag.py:540} INFO - Filling up the DagBag from /opt/airflow/dags/scripts/extract_transform.py
[2024-05-06T07:49:17.039+0000] {processor.py:842} WARNING - No viable dags retrieved from /opt/airflow/dags/scripts/extract_transform.py
[2024-05-06T07:49:17.055+0000] {processor.py:183} INFO - Processing /opt/airflow/dags/scripts/extract_transform.py took 2.343 seconds
[2024-05-06T07:49:47.560+0000] {processor.py:161} INFO - Started process (PID=1529) to work on /opt/airflow/dags/scripts/extract_transform.py
[2024-05-06T07:49:47.562+0000] {processor.py:830} INFO - Processing file /opt/airflow/dags/scripts/extract_transform.py for tasks to queue
[2024-05-06T07:49:47.563+0000] {logging_mixin.py:188} INFO - [2024-05-06T07:49:47.562+0000] {dagbag.py:540} INFO - Filling up the DagBag from /opt/airflow/dags/scripts/extract_transform.py
[2024-05-06T07:49:49.818+0000] {processor.py:842} WARNING - No viable dags retrieved from /opt/airflow/dags/scripts/extract_transform.py
[2024-05-06T07:49:49.834+0000] {processor.py:183} INFO - Processing /opt/airflow/dags/scripts/extract_transform.py took 2.281 seconds
[2024-05-06T07:50:20.697+0000] {processor.py:161} INFO - Started process (PID=1575) to work on /opt/airflow/dags/scripts/extract_transform.py
[2024-05-06T07:50:20.698+0000] {processor.py:830} INFO - Processing file /opt/airflow/dags/scripts/extract_transform.py for tasks to queue
[2024-05-06T07:50:20.699+0000] {logging_mixin.py:188} INFO - [2024-05-06T07:50:20.699+0000] {dagbag.py:540} INFO - Filling up the DagBag from /opt/airflow/dags/scripts/extract_transform.py
[2024-05-06T07:50:22.949+0000] {processor.py:842} WARNING - No viable dags retrieved from /opt/airflow/dags/scripts/extract_transform.py
[2024-05-06T07:50:22.967+0000] {processor.py:183} INFO - Processing /opt/airflow/dags/scripts/extract_transform.py took 2.277 seconds
[2024-05-06T07:50:53.507+0000] {processor.py:161} INFO - Started process (PID=1621) to work on /opt/airflow/dags/scripts/extract_transform.py
[2024-05-06T07:50:53.509+0000] {processor.py:830} INFO - Processing file /opt/airflow/dags/scripts/extract_transform.py for tasks to queue
[2024-05-06T07:50:53.510+0000] {logging_mixin.py:188} INFO - [2024-05-06T07:50:53.509+0000] {dagbag.py:540} INFO - Filling up the DagBag from /opt/airflow/dags/scripts/extract_transform.py
[2024-05-06T07:50:55.795+0000] {processor.py:842} WARNING - No viable dags retrieved from /opt/airflow/dags/scripts/extract_transform.py
[2024-05-06T07:50:55.812+0000] {processor.py:183} INFO - Processing /opt/airflow/dags/scripts/extract_transform.py took 2.311 seconds
[2024-05-06T07:51:26.598+0000] {processor.py:161} INFO - Started process (PID=1667) to work on /opt/airflow/dags/scripts/extract_transform.py
[2024-05-06T07:51:26.599+0000] {processor.py:830} INFO - Processing file /opt/airflow/dags/scripts/extract_transform.py for tasks to queue
[2024-05-06T07:51:26.600+0000] {logging_mixin.py:188} INFO - [2024-05-06T07:51:26.600+0000] {dagbag.py:540} INFO - Filling up the DagBag from /opt/airflow/dags/scripts/extract_transform.py
[2024-05-06T07:51:28.877+0000] {processor.py:842} WARNING - No viable dags retrieved from /opt/airflow/dags/scripts/extract_transform.py
[2024-05-06T07:51:28.895+0000] {processor.py:183} INFO - Processing /opt/airflow/dags/scripts/extract_transform.py took 2.304 seconds
[2024-05-06T07:51:59.383+0000] {processor.py:161} INFO - Started process (PID=1713) to work on /opt/airflow/dags/scripts/extract_transform.py
[2024-05-06T07:51:59.384+0000] {processor.py:830} INFO - Processing file /opt/airflow/dags/scripts/extract_transform.py for tasks to queue
[2024-05-06T07:51:59.386+0000] {logging_mixin.py:188} INFO - [2024-05-06T07:51:59.385+0000] {dagbag.py:540} INFO - Filling up the DagBag from /opt/airflow/dags/scripts/extract_transform.py
[2024-05-06T07:52:01.664+0000] {processor.py:842} WARNING - No viable dags retrieved from /opt/airflow/dags/scripts/extract_transform.py
[2024-05-06T07:52:01.680+0000] {processor.py:183} INFO - Processing /opt/airflow/dags/scripts/extract_transform.py took 2.303 seconds
[2024-05-06T07:52:32.212+0000] {processor.py:161} INFO - Started process (PID=1759) to work on /opt/airflow/dags/scripts/extract_transform.py
[2024-05-06T07:52:32.213+0000] {processor.py:830} INFO - Processing file /opt/airflow/dags/scripts/extract_transform.py for tasks to queue
[2024-05-06T07:52:32.215+0000] {logging_mixin.py:188} INFO - [2024-05-06T07:52:32.214+0000] {dagbag.py:540} INFO - Filling up the DagBag from /opt/airflow/dags/scripts/extract_transform.py
[2024-05-06T07:52:34.489+0000] {processor.py:842} WARNING - No viable dags retrieved from /opt/airflow/dags/scripts/extract_transform.py
[2024-05-06T07:52:34.506+0000] {processor.py:183} INFO - Processing /opt/airflow/dags/scripts/extract_transform.py took 2.301 seconds
[2024-05-06T07:53:05.330+0000] {processor.py:161} INFO - Started process (PID=1805) to work on /opt/airflow/dags/scripts/extract_transform.py
[2024-05-06T07:53:05.331+0000] {processor.py:830} INFO - Processing file /opt/airflow/dags/scripts/extract_transform.py for tasks to queue
[2024-05-06T07:53:05.333+0000] {logging_mixin.py:188} INFO - [2024-05-06T07:53:05.332+0000] {dagbag.py:540} INFO - Filling up the DagBag from /opt/airflow/dags/scripts/extract_transform.py
[2024-05-06T07:53:07.688+0000] {processor.py:842} WARNING - No viable dags retrieved from /opt/airflow/dags/scripts/extract_transform.py
[2024-05-06T07:53:07.706+0000] {processor.py:183} INFO - Processing /opt/airflow/dags/scripts/extract_transform.py took 2.382 seconds
[2024-05-06T07:53:38.186+0000] {processor.py:161} INFO - Started process (PID=1851) to work on /opt/airflow/dags/scripts/extract_transform.py
[2024-05-06T07:53:38.188+0000] {processor.py:830} INFO - Processing file /opt/airflow/dags/scripts/extract_transform.py for tasks to queue
[2024-05-06T07:53:38.189+0000] {logging_mixin.py:188} INFO - [2024-05-06T07:53:38.188+0000] {dagbag.py:540} INFO - Filling up the DagBag from /opt/airflow/dags/scripts/extract_transform.py
[2024-05-06T07:53:40.425+0000] {processor.py:842} WARNING - No viable dags retrieved from /opt/airflow/dags/scripts/extract_transform.py
[2024-05-06T07:53:40.443+0000] {processor.py:183} INFO - Processing /opt/airflow/dags/scripts/extract_transform.py took 2.263 seconds
[2024-05-06T07:54:10.962+0000] {processor.py:161} INFO - Started process (PID=1897) to work on /opt/airflow/dags/scripts/extract_transform.py
[2024-05-06T07:54:10.964+0000] {processor.py:830} INFO - Processing file /opt/airflow/dags/scripts/extract_transform.py for tasks to queue
[2024-05-06T07:54:10.965+0000] {logging_mixin.py:188} INFO - [2024-05-06T07:54:10.964+0000] {dagbag.py:540} INFO - Filling up the DagBag from /opt/airflow/dags/scripts/extract_transform.py
[2024-05-06T07:54:13.216+0000] {processor.py:842} WARNING - No viable dags retrieved from /opt/airflow/dags/scripts/extract_transform.py
[2024-05-06T07:54:13.237+0000] {processor.py:183} INFO - Processing /opt/airflow/dags/scripts/extract_transform.py took 2.282 seconds
[2024-05-06T07:54:43.759+0000] {processor.py:161} INFO - Started process (PID=1943) to work on /opt/airflow/dags/scripts/extract_transform.py
[2024-05-06T07:54:43.760+0000] {processor.py:830} INFO - Processing file /opt/airflow/dags/scripts/extract_transform.py for tasks to queue
[2024-05-06T07:54:43.761+0000] {logging_mixin.py:188} INFO - [2024-05-06T07:54:43.761+0000] {dagbag.py:540} INFO - Filling up the DagBag from /opt/airflow/dags/scripts/extract_transform.py
[2024-05-06T07:54:46.094+0000] {processor.py:842} WARNING - No viable dags retrieved from /opt/airflow/dags/scripts/extract_transform.py
[2024-05-06T07:54:46.107+0000] {processor.py:183} INFO - Processing /opt/airflow/dags/scripts/extract_transform.py took 2.355 seconds
[2024-05-06T07:55:16.646+0000] {processor.py:161} INFO - Started process (PID=1998) to work on /opt/airflow/dags/scripts/extract_transform.py
[2024-05-06T07:55:16.647+0000] {processor.py:830} INFO - Processing file /opt/airflow/dags/scripts/extract_transform.py for tasks to queue
[2024-05-06T07:55:16.648+0000] {logging_mixin.py:188} INFO - [2024-05-06T07:55:16.648+0000] {dagbag.py:540} INFO - Filling up the DagBag from /opt/airflow/dags/scripts/extract_transform.py
[2024-05-06T07:55:18.960+0000] {processor.py:842} WARNING - No viable dags retrieved from /opt/airflow/dags/scripts/extract_transform.py
[2024-05-06T07:55:18.977+0000] {processor.py:183} INFO - Processing /opt/airflow/dags/scripts/extract_transform.py took 2.338 seconds
[2024-05-06T07:55:49.729+0000] {processor.py:161} INFO - Started process (PID=2047) to work on /opt/airflow/dags/scripts/extract_transform.py
[2024-05-06T07:55:49.730+0000] {processor.py:830} INFO - Processing file /opt/airflow/dags/scripts/extract_transform.py for tasks to queue
[2024-05-06T07:55:49.731+0000] {logging_mixin.py:188} INFO - [2024-05-06T07:55:49.731+0000] {dagbag.py:540} INFO - Filling up the DagBag from /opt/airflow/dags/scripts/extract_transform.py
[2024-05-06T07:55:51.987+0000] {processor.py:842} WARNING - No viable dags retrieved from /opt/airflow/dags/scripts/extract_transform.py
[2024-05-06T07:55:52.013+0000] {processor.py:183} INFO - Processing /opt/airflow/dags/scripts/extract_transform.py took 2.291 seconds
[2024-05-06T07:56:22.639+0000] {processor.py:161} INFO - Started process (PID=2093) to work on /opt/airflow/dags/scripts/extract_transform.py
[2024-05-06T07:56:22.640+0000] {processor.py:830} INFO - Processing file /opt/airflow/dags/scripts/extract_transform.py for tasks to queue
[2024-05-06T07:56:22.641+0000] {logging_mixin.py:188} INFO - [2024-05-06T07:56:22.640+0000] {dagbag.py:540} INFO - Filling up the DagBag from /opt/airflow/dags/scripts/extract_transform.py
[2024-05-06T07:56:24.902+0000] {processor.py:842} WARNING - No viable dags retrieved from /opt/airflow/dags/scripts/extract_transform.py
[2024-05-06T07:56:24.919+0000] {processor.py:183} INFO - Processing /opt/airflow/dags/scripts/extract_transform.py took 2.286 seconds
[2024-05-06T07:56:55.234+0000] {processor.py:161} INFO - Started process (PID=2139) to work on /opt/airflow/dags/scripts/extract_transform.py
[2024-05-06T07:56:55.235+0000] {processor.py:830} INFO - Processing file /opt/airflow/dags/scripts/extract_transform.py for tasks to queue
[2024-05-06T07:56:55.237+0000] {logging_mixin.py:188} INFO - [2024-05-06T07:56:55.236+0000] {dagbag.py:540} INFO - Filling up the DagBag from /opt/airflow/dags/scripts/extract_transform.py
[2024-05-06T07:56:57.470+0000] {processor.py:842} WARNING - No viable dags retrieved from /opt/airflow/dags/scripts/extract_transform.py
[2024-05-06T07:56:57.493+0000] {processor.py:183} INFO - Processing /opt/airflow/dags/scripts/extract_transform.py took 2.266 seconds
[2024-05-06T07:57:28.221+0000] {processor.py:161} INFO - Started process (PID=2185) to work on /opt/airflow/dags/scripts/extract_transform.py
[2024-05-06T07:57:28.222+0000] {processor.py:830} INFO - Processing file /opt/airflow/dags/scripts/extract_transform.py for tasks to queue
[2024-05-06T07:57:28.224+0000] {logging_mixin.py:188} INFO - [2024-05-06T07:57:28.223+0000] {dagbag.py:540} INFO - Filling up the DagBag from /opt/airflow/dags/scripts/extract_transform.py
[2024-05-06T07:57:30.501+0000] {processor.py:842} WARNING - No viable dags retrieved from /opt/airflow/dags/scripts/extract_transform.py
[2024-05-06T07:57:30.519+0000] {processor.py:183} INFO - Processing /opt/airflow/dags/scripts/extract_transform.py took 2.305 seconds
[2024-05-06T07:58:01.087+0000] {processor.py:161} INFO - Started process (PID=2231) to work on /opt/airflow/dags/scripts/extract_transform.py
[2024-05-06T07:58:01.088+0000] {processor.py:830} INFO - Processing file /opt/airflow/dags/scripts/extract_transform.py for tasks to queue
[2024-05-06T07:58:01.090+0000] {logging_mixin.py:188} INFO - [2024-05-06T07:58:01.089+0000] {dagbag.py:540} INFO - Filling up the DagBag from /opt/airflow/dags/scripts/extract_transform.py
[2024-05-06T07:58:03.339+0000] {processor.py:842} WARNING - No viable dags retrieved from /opt/airflow/dags/scripts/extract_transform.py
[2024-05-06T07:58:03.356+0000] {processor.py:183} INFO - Processing /opt/airflow/dags/scripts/extract_transform.py took 2.275 seconds
[2024-05-06T07:58:34.171+0000] {processor.py:161} INFO - Started process (PID=2277) to work on /opt/airflow/dags/scripts/extract_transform.py
[2024-05-06T07:58:34.172+0000] {processor.py:830} INFO - Processing file /opt/airflow/dags/scripts/extract_transform.py for tasks to queue
[2024-05-06T07:58:34.173+0000] {logging_mixin.py:188} INFO - [2024-05-06T07:58:34.173+0000] {dagbag.py:540} INFO - Filling up the DagBag from /opt/airflow/dags/scripts/extract_transform.py
[2024-05-06T07:58:36.477+0000] {processor.py:842} WARNING - No viable dags retrieved from /opt/airflow/dags/scripts/extract_transform.py
[2024-05-06T07:58:36.495+0000] {processor.py:183} INFO - Processing /opt/airflow/dags/scripts/extract_transform.py took 2.331 seconds
[2024-05-06T07:59:06.991+0000] {processor.py:161} INFO - Started process (PID=2323) to work on /opt/airflow/dags/scripts/extract_transform.py
[2024-05-06T07:59:06.993+0000] {processor.py:830} INFO - Processing file /opt/airflow/dags/scripts/extract_transform.py for tasks to queue
[2024-05-06T07:59:06.994+0000] {logging_mixin.py:188} INFO - [2024-05-06T07:59:06.994+0000] {dagbag.py:540} INFO - Filling up the DagBag from /opt/airflow/dags/scripts/extract_transform.py
[2024-05-06T07:59:09.305+0000] {processor.py:842} WARNING - No viable dags retrieved from /opt/airflow/dags/scripts/extract_transform.py
[2024-05-06T07:59:09.318+0000] {processor.py:183} INFO - Processing /opt/airflow/dags/scripts/extract_transform.py took 2.333 seconds
[2024-05-06T07:59:39.646+0000] {processor.py:161} INFO - Started process (PID=2369) to work on /opt/airflow/dags/scripts/extract_transform.py
[2024-05-06T07:59:39.647+0000] {processor.py:830} INFO - Processing file /opt/airflow/dags/scripts/extract_transform.py for tasks to queue
[2024-05-06T07:59:39.648+0000] {logging_mixin.py:188} INFO - [2024-05-06T07:59:39.648+0000] {dagbag.py:540} INFO - Filling up the DagBag from /opt/airflow/dags/scripts/extract_transform.py
[2024-05-06T07:59:41.902+0000] {processor.py:842} WARNING - No viable dags retrieved from /opt/airflow/dags/scripts/extract_transform.py
[2024-05-06T07:59:41.917+0000] {processor.py:183} INFO - Processing /opt/airflow/dags/scripts/extract_transform.py took 2.277 seconds
[2024-05-06T08:00:12.747+0000] {processor.py:161} INFO - Started process (PID=2415) to work on /opt/airflow/dags/scripts/extract_transform.py
[2024-05-06T08:00:12.749+0000] {processor.py:830} INFO - Processing file /opt/airflow/dags/scripts/extract_transform.py for tasks to queue
[2024-05-06T08:00:12.750+0000] {logging_mixin.py:188} INFO - [2024-05-06T08:00:12.749+0000] {dagbag.py:540} INFO - Filling up the DagBag from /opt/airflow/dags/scripts/extract_transform.py
[2024-05-06T08:00:15.347+0000] {processor.py:842} WARNING - No viable dags retrieved from /opt/airflow/dags/scripts/extract_transform.py
[2024-05-06T08:00:15.361+0000] {processor.py:183} INFO - Processing /opt/airflow/dags/scripts/extract_transform.py took 2.621 seconds
[2024-05-06T08:00:45.583+0000] {processor.py:161} INFO - Started process (PID=2461) to work on /opt/airflow/dags/scripts/extract_transform.py
[2024-05-06T08:00:45.584+0000] {processor.py:830} INFO - Processing file /opt/airflow/dags/scripts/extract_transform.py for tasks to queue
[2024-05-06T08:00:45.586+0000] {logging_mixin.py:188} INFO - [2024-05-06T08:00:45.585+0000] {dagbag.py:540} INFO - Filling up the DagBag from /opt/airflow/dags/scripts/extract_transform.py
[2024-05-06T08:00:47.857+0000] {processor.py:842} WARNING - No viable dags retrieved from /opt/airflow/dags/scripts/extract_transform.py
[2024-05-06T08:00:47.872+0000] {processor.py:183} INFO - Processing /opt/airflow/dags/scripts/extract_transform.py took 2.296 seconds
[2024-05-06T08:01:18.385+0000] {processor.py:161} INFO - Started process (PID=2513) to work on /opt/airflow/dags/scripts/extract_transform.py
[2024-05-06T08:01:18.386+0000] {processor.py:830} INFO - Processing file /opt/airflow/dags/scripts/extract_transform.py for tasks to queue
[2024-05-06T08:01:18.387+0000] {logging_mixin.py:188} INFO - [2024-05-06T08:01:18.387+0000] {dagbag.py:540} INFO - Filling up the DagBag from /opt/airflow/dags/scripts/extract_transform.py
[2024-05-06T08:01:20.620+0000] {processor.py:842} WARNING - No viable dags retrieved from /opt/airflow/dags/scripts/extract_transform.py
[2024-05-06T08:01:20.644+0000] {processor.py:183} INFO - Processing /opt/airflow/dags/scripts/extract_transform.py took 2.266 seconds
