[2024-05-06T06:43:40.919+0000] {processor.py:161} INFO - Started process (PID=169) to work on /opt/airflow/dags/scripts/load_to_postgres.py
[2024-05-06T06:43:40.920+0000] {processor.py:830} INFO - Processing file /opt/airflow/dags/scripts/load_to_postgres.py for tasks to queue
[2024-05-06T06:43:40.923+0000] {logging_mixin.py:188} INFO - [2024-05-06T06:43:40.922+0000] {dagbag.py:540} INFO - Filling up the DagBag from /opt/airflow/dags/scripts/load_to_postgres.py
[2024-05-06T06:43:41.713+0000] {processor.py:842} WARNING - No viable dags retrieved from /opt/airflow/dags/scripts/load_to_postgres.py
[2024-05-06T06:43:41.733+0000] {processor.py:183} INFO - Processing /opt/airflow/dags/scripts/load_to_postgres.py took 0.822 seconds
[2024-05-06T06:45:01.519+0000] {processor.py:161} INFO - Started process (PID=169) to work on /opt/airflow/dags/scripts/load_to_postgres.py
[2024-05-06T06:45:01.520+0000] {processor.py:830} INFO - Processing file /opt/airflow/dags/scripts/load_to_postgres.py for tasks to queue
[2024-05-06T06:45:01.523+0000] {logging_mixin.py:188} INFO - [2024-05-06T06:45:01.522+0000] {dagbag.py:540} INFO - Filling up the DagBag from /opt/airflow/dags/scripts/load_to_postgres.py
[2024-05-06T06:45:02.883+0000] {processor.py:842} WARNING - No viable dags retrieved from /opt/airflow/dags/scripts/load_to_postgres.py
[2024-05-06T06:45:02.896+0000] {processor.py:183} INFO - Processing /opt/airflow/dags/scripts/load_to_postgres.py took 1.383 seconds
[2024-05-06T06:45:33.197+0000] {processor.py:161} INFO - Started process (PID=215) to work on /opt/airflow/dags/scripts/load_to_postgres.py
[2024-05-06T06:45:33.199+0000] {processor.py:830} INFO - Processing file /opt/airflow/dags/scripts/load_to_postgres.py for tasks to queue
[2024-05-06T06:45:33.201+0000] {logging_mixin.py:188} INFO - [2024-05-06T06:45:33.200+0000] {dagbag.py:540} INFO - Filling up the DagBag from /opt/airflow/dags/scripts/load_to_postgres.py
[2024-05-06T06:45:33.547+0000] {processor.py:842} WARNING - No viable dags retrieved from /opt/airflow/dags/scripts/load_to_postgres.py
[2024-05-06T06:45:33.562+0000] {processor.py:183} INFO - Processing /opt/airflow/dags/scripts/load_to_postgres.py took 0.371 seconds
[2024-05-06T06:46:04.591+0000] {processor.py:161} INFO - Started process (PID=359) to work on /opt/airflow/dags/scripts/load_to_postgres.py
[2024-05-06T06:46:04.593+0000] {processor.py:830} INFO - Processing file /opt/airflow/dags/scripts/load_to_postgres.py for tasks to queue
[2024-05-06T06:46:04.595+0000] {logging_mixin.py:188} INFO - [2024-05-06T06:46:04.595+0000] {dagbag.py:540} INFO - Filling up the DagBag from /opt/airflow/dags/scripts/load_to_postgres.py
[2024-05-06T06:46:04.947+0000] {processor.py:842} WARNING - No viable dags retrieved from /opt/airflow/dags/scripts/load_to_postgres.py
[2024-05-06T06:46:04.962+0000] {processor.py:183} INFO - Processing /opt/airflow/dags/scripts/load_to_postgres.py took 0.378 seconds
[2024-05-06T06:46:35.597+0000] {processor.py:161} INFO - Started process (PID=405) to work on /opt/airflow/dags/scripts/load_to_postgres.py
[2024-05-06T06:46:35.599+0000] {processor.py:830} INFO - Processing file /opt/airflow/dags/scripts/load_to_postgres.py for tasks to queue
[2024-05-06T06:46:35.602+0000] {logging_mixin.py:188} INFO - [2024-05-06T06:46:35.601+0000] {dagbag.py:540} INFO - Filling up the DagBag from /opt/airflow/dags/scripts/load_to_postgres.py
[2024-05-06T06:46:36.058+0000] {processor.py:842} WARNING - No viable dags retrieved from /opt/airflow/dags/scripts/load_to_postgres.py
[2024-05-06T06:46:36.069+0000] {processor.py:183} INFO - Processing /opt/airflow/dags/scripts/load_to_postgres.py took 0.479 seconds
[2024-05-06T06:47:06.633+0000] {processor.py:161} INFO - Started process (PID=451) to work on /opt/airflow/dags/scripts/load_to_postgres.py
[2024-05-06T06:47:06.635+0000] {processor.py:830} INFO - Processing file /opt/airflow/dags/scripts/load_to_postgres.py for tasks to queue
[2024-05-06T06:47:06.637+0000] {logging_mixin.py:188} INFO - [2024-05-06T06:47:06.636+0000] {dagbag.py:540} INFO - Filling up the DagBag from /opt/airflow/dags/scripts/load_to_postgres.py
[2024-05-06T06:47:07.107+0000] {processor.py:842} WARNING - No viable dags retrieved from /opt/airflow/dags/scripts/load_to_postgres.py
[2024-05-06T06:47:07.118+0000] {processor.py:183} INFO - Processing /opt/airflow/dags/scripts/load_to_postgres.py took 0.491 seconds
[2024-05-06T06:47:37.639+0000] {processor.py:161} INFO - Started process (PID=497) to work on /opt/airflow/dags/scripts/load_to_postgres.py
[2024-05-06T06:47:37.640+0000] {processor.py:830} INFO - Processing file /opt/airflow/dags/scripts/load_to_postgres.py for tasks to queue
[2024-05-06T06:47:37.642+0000] {logging_mixin.py:188} INFO - [2024-05-06T06:47:37.641+0000] {dagbag.py:540} INFO - Filling up the DagBag from /opt/airflow/dags/scripts/load_to_postgres.py
[2024-05-06T06:47:38.072+0000] {processor.py:842} WARNING - No viable dags retrieved from /opt/airflow/dags/scripts/load_to_postgres.py
[2024-05-06T06:47:38.083+0000] {processor.py:183} INFO - Processing /opt/airflow/dags/scripts/load_to_postgres.py took 0.451 seconds
[2024-05-06T06:48:08.844+0000] {processor.py:161} INFO - Started process (PID=641) to work on /opt/airflow/dags/scripts/load_to_postgres.py
[2024-05-06T06:48:08.845+0000] {processor.py:830} INFO - Processing file /opt/airflow/dags/scripts/load_to_postgres.py for tasks to queue
[2024-05-06T06:48:08.850+0000] {logging_mixin.py:188} INFO - [2024-05-06T06:48:08.847+0000] {dagbag.py:540} INFO - Filling up the DagBag from /opt/airflow/dags/scripts/load_to_postgres.py
[2024-05-06T06:48:09.812+0000] {processor.py:842} WARNING - No viable dags retrieved from /opt/airflow/dags/scripts/load_to_postgres.py
[2024-05-06T06:48:09.824+0000] {processor.py:183} INFO - Processing /opt/airflow/dags/scripts/load_to_postgres.py took 0.986 seconds
[2024-05-06T06:48:39.993+0000] {processor.py:161} INFO - Started process (PID=687) to work on /opt/airflow/dags/scripts/load_to_postgres.py
[2024-05-06T06:48:39.994+0000] {processor.py:830} INFO - Processing file /opt/airflow/dags/scripts/load_to_postgres.py for tasks to queue
[2024-05-06T06:48:39.996+0000] {logging_mixin.py:188} INFO - [2024-05-06T06:48:39.996+0000] {dagbag.py:540} INFO - Filling up the DagBag from /opt/airflow/dags/scripts/load_to_postgres.py
[2024-05-06T06:48:40.423+0000] {processor.py:842} WARNING - No viable dags retrieved from /opt/airflow/dags/scripts/load_to_postgres.py
[2024-05-06T06:48:40.434+0000] {processor.py:183} INFO - Processing /opt/airflow/dags/scripts/load_to_postgres.py took 0.447 seconds
[2024-05-06T06:49:11.097+0000] {processor.py:161} INFO - Started process (PID=845) to work on /opt/airflow/dags/scripts/load_to_postgres.py
[2024-05-06T06:49:11.098+0000] {processor.py:830} INFO - Processing file /opt/airflow/dags/scripts/load_to_postgres.py for tasks to queue
[2024-05-06T06:49:11.101+0000] {logging_mixin.py:188} INFO - [2024-05-06T06:49:11.100+0000] {dagbag.py:540} INFO - Filling up the DagBag from /opt/airflow/dags/scripts/load_to_postgres.py
[2024-05-06T06:49:11.526+0000] {processor.py:842} WARNING - No viable dags retrieved from /opt/airflow/dags/scripts/load_to_postgres.py
[2024-05-06T06:49:11.537+0000] {processor.py:183} INFO - Processing /opt/airflow/dags/scripts/load_to_postgres.py took 0.446 seconds
[2024-05-06T06:49:42.097+0000] {processor.py:161} INFO - Started process (PID=891) to work on /opt/airflow/dags/scripts/load_to_postgres.py
[2024-05-06T06:49:42.098+0000] {processor.py:830} INFO - Processing file /opt/airflow/dags/scripts/load_to_postgres.py for tasks to queue
[2024-05-06T06:49:42.100+0000] {logging_mixin.py:188} INFO - [2024-05-06T06:49:42.099+0000] {dagbag.py:540} INFO - Filling up the DagBag from /opt/airflow/dags/scripts/load_to_postgres.py
[2024-05-06T06:49:42.620+0000] {processor.py:842} WARNING - No viable dags retrieved from /opt/airflow/dags/scripts/load_to_postgres.py
[2024-05-06T06:49:42.638+0000] {processor.py:183} INFO - Processing /opt/airflow/dags/scripts/load_to_postgres.py took 0.548 seconds
[2024-05-06T06:50:13.069+0000] {processor.py:161} INFO - Started process (PID=937) to work on /opt/airflow/dags/scripts/load_to_postgres.py
[2024-05-06T06:50:13.070+0000] {processor.py:830} INFO - Processing file /opt/airflow/dags/scripts/load_to_postgres.py for tasks to queue
[2024-05-06T06:50:13.072+0000] {logging_mixin.py:188} INFO - [2024-05-06T06:50:13.072+0000] {dagbag.py:540} INFO - Filling up the DagBag from /opt/airflow/dags/scripts/load_to_postgres.py
[2024-05-06T06:50:13.529+0000] {processor.py:842} WARNING - No viable dags retrieved from /opt/airflow/dags/scripts/load_to_postgres.py
[2024-05-06T06:50:13.541+0000] {processor.py:183} INFO - Processing /opt/airflow/dags/scripts/load_to_postgres.py took 0.478 seconds
[2024-05-06T06:50:43.947+0000] {processor.py:161} INFO - Started process (PID=983) to work on /opt/airflow/dags/scripts/load_to_postgres.py
[2024-05-06T06:50:43.948+0000] {processor.py:830} INFO - Processing file /opt/airflow/dags/scripts/load_to_postgres.py for tasks to queue
[2024-05-06T06:50:43.950+0000] {logging_mixin.py:188} INFO - [2024-05-06T06:50:43.950+0000] {dagbag.py:540} INFO - Filling up the DagBag from /opt/airflow/dags/scripts/load_to_postgres.py
[2024-05-06T06:50:44.402+0000] {processor.py:842} WARNING - No viable dags retrieved from /opt/airflow/dags/scripts/load_to_postgres.py
[2024-05-06T06:50:44.413+0000] {processor.py:183} INFO - Processing /opt/airflow/dags/scripts/load_to_postgres.py took 0.472 seconds
[2024-05-06T06:51:14.822+0000] {processor.py:161} INFO - Started process (PID=1029) to work on /opt/airflow/dags/scripts/load_to_postgres.py
[2024-05-06T06:51:14.824+0000] {processor.py:830} INFO - Processing file /opt/airflow/dags/scripts/load_to_postgres.py for tasks to queue
[2024-05-06T06:51:14.826+0000] {logging_mixin.py:188} INFO - [2024-05-06T06:51:14.825+0000] {dagbag.py:540} INFO - Filling up the DagBag from /opt/airflow/dags/scripts/load_to_postgres.py
[2024-05-06T06:51:15.240+0000] {processor.py:842} WARNING - No viable dags retrieved from /opt/airflow/dags/scripts/load_to_postgres.py
[2024-05-06T06:51:15.251+0000] {processor.py:183} INFO - Processing /opt/airflow/dags/scripts/load_to_postgres.py took 0.434 seconds
[2024-05-06T06:51:46.758+0000] {processor.py:161} INFO - Started process (PID=1079) to work on /opt/airflow/dags/scripts/load_to_postgres.py
[2024-05-06T06:51:46.759+0000] {processor.py:830} INFO - Processing file /opt/airflow/dags/scripts/load_to_postgres.py for tasks to queue
[2024-05-06T06:51:46.761+0000] {logging_mixin.py:188} INFO - [2024-05-06T06:51:46.760+0000] {dagbag.py:540} INFO - Filling up the DagBag from /opt/airflow/dags/scripts/load_to_postgres.py
[2024-05-06T06:51:47.215+0000] {processor.py:842} WARNING - No viable dags retrieved from /opt/airflow/dags/scripts/load_to_postgres.py
[2024-05-06T06:51:47.227+0000] {processor.py:183} INFO - Processing /opt/airflow/dags/scripts/load_to_postgres.py took 0.476 seconds
[2024-05-06T06:52:19.719+0000] {processor.py:161} INFO - Started process (PID=1125) to work on /opt/airflow/dags/scripts/load_to_postgres.py
[2024-05-06T06:52:19.721+0000] {processor.py:830} INFO - Processing file /opt/airflow/dags/scripts/load_to_postgres.py for tasks to queue
[2024-05-06T06:52:19.723+0000] {logging_mixin.py:188} INFO - [2024-05-06T06:52:19.722+0000] {dagbag.py:540} INFO - Filling up the DagBag from /opt/airflow/dags/scripts/load_to_postgres.py
[2024-05-06T06:52:20.141+0000] {processor.py:842} WARNING - No viable dags retrieved from /opt/airflow/dags/scripts/load_to_postgres.py
[2024-05-06T06:52:20.152+0000] {processor.py:183} INFO - Processing /opt/airflow/dags/scripts/load_to_postgres.py took 0.439 seconds
[2024-05-06T06:52:52.715+0000] {processor.py:161} INFO - Started process (PID=1171) to work on /opt/airflow/dags/scripts/load_to_postgres.py
[2024-05-06T06:52:52.716+0000] {processor.py:830} INFO - Processing file /opt/airflow/dags/scripts/load_to_postgres.py for tasks to queue
[2024-05-06T06:52:52.718+0000] {logging_mixin.py:188} INFO - [2024-05-06T06:52:52.718+0000] {dagbag.py:540} INFO - Filling up the DagBag from /opt/airflow/dags/scripts/load_to_postgres.py
[2024-05-06T06:52:53.128+0000] {processor.py:842} WARNING - No viable dags retrieved from /opt/airflow/dags/scripts/load_to_postgres.py
[2024-05-06T06:52:53.139+0000] {processor.py:183} INFO - Processing /opt/airflow/dags/scripts/load_to_postgres.py took 0.429 seconds
[2024-05-06T06:53:25.657+0000] {processor.py:161} INFO - Started process (PID=1217) to work on /opt/airflow/dags/scripts/load_to_postgres.py
[2024-05-06T06:53:25.658+0000] {processor.py:830} INFO - Processing file /opt/airflow/dags/scripts/load_to_postgres.py for tasks to queue
[2024-05-06T06:53:25.659+0000] {logging_mixin.py:188} INFO - [2024-05-06T06:53:25.659+0000] {dagbag.py:540} INFO - Filling up the DagBag from /opt/airflow/dags/scripts/load_to_postgres.py
[2024-05-06T06:53:26.074+0000] {processor.py:842} WARNING - No viable dags retrieved from /opt/airflow/dags/scripts/load_to_postgres.py
[2024-05-06T06:53:26.085+0000] {processor.py:183} INFO - Processing /opt/airflow/dags/scripts/load_to_postgres.py took 0.434 seconds
[2024-05-06T06:54:00.937+0000] {processor.py:161} INFO - Started process (PID=1375) to work on /opt/airflow/dags/scripts/load_to_postgres.py
[2024-05-06T06:54:00.939+0000] {processor.py:830} INFO - Processing file /opt/airflow/dags/scripts/load_to_postgres.py for tasks to queue
[2024-05-06T06:54:00.945+0000] {logging_mixin.py:188} INFO - [2024-05-06T06:54:00.943+0000] {dagbag.py:540} INFO - Filling up the DagBag from /opt/airflow/dags/scripts/load_to_postgres.py
[2024-05-06T06:54:02.708+0000] {processor.py:842} WARNING - No viable dags retrieved from /opt/airflow/dags/scripts/load_to_postgres.py
[2024-05-06T06:54:02.720+0000] {processor.py:183} INFO - Processing /opt/airflow/dags/scripts/load_to_postgres.py took 1.789 seconds
[2024-05-06T06:54:33.732+0000] {processor.py:161} INFO - Started process (PID=1421) to work on /opt/airflow/dags/scripts/load_to_postgres.py
[2024-05-06T06:54:33.734+0000] {processor.py:830} INFO - Processing file /opt/airflow/dags/scripts/load_to_postgres.py for tasks to queue
[2024-05-06T06:54:33.737+0000] {logging_mixin.py:188} INFO - [2024-05-06T06:54:33.736+0000] {dagbag.py:540} INFO - Filling up the DagBag from /opt/airflow/dags/scripts/load_to_postgres.py
[2024-05-06T06:54:34.169+0000] {processor.py:842} WARNING - No viable dags retrieved from /opt/airflow/dags/scripts/load_to_postgres.py
[2024-05-06T06:54:34.180+0000] {processor.py:183} INFO - Processing /opt/airflow/dags/scripts/load_to_postgres.py took 0.455 seconds
[2024-05-06T06:55:06.792+0000] {processor.py:161} INFO - Started process (PID=1467) to work on /opt/airflow/dags/scripts/load_to_postgres.py
[2024-05-06T06:55:06.793+0000] {processor.py:830} INFO - Processing file /opt/airflow/dags/scripts/load_to_postgres.py for tasks to queue
[2024-05-06T06:55:06.795+0000] {logging_mixin.py:188} INFO - [2024-05-06T06:55:06.795+0000] {dagbag.py:540} INFO - Filling up the DagBag from /opt/airflow/dags/scripts/load_to_postgres.py
[2024-05-06T06:55:07.235+0000] {processor.py:842} WARNING - No viable dags retrieved from /opt/airflow/dags/scripts/load_to_postgres.py
[2024-05-06T06:55:07.250+0000] {processor.py:183} INFO - Processing /opt/airflow/dags/scripts/load_to_postgres.py took 0.464 seconds
[2024-05-06T06:55:39.776+0000] {processor.py:161} INFO - Started process (PID=1513) to work on /opt/airflow/dags/scripts/load_to_postgres.py
[2024-05-06T06:55:39.777+0000] {processor.py:830} INFO - Processing file /opt/airflow/dags/scripts/load_to_postgres.py for tasks to queue
[2024-05-06T06:55:39.779+0000] {logging_mixin.py:188} INFO - [2024-05-06T06:55:39.779+0000] {dagbag.py:540} INFO - Filling up the DagBag from /opt/airflow/dags/scripts/load_to_postgres.py
[2024-05-06T06:55:40.209+0000] {processor.py:842} WARNING - No viable dags retrieved from /opt/airflow/dags/scripts/load_to_postgres.py
[2024-05-06T06:55:40.219+0000] {processor.py:183} INFO - Processing /opt/airflow/dags/scripts/load_to_postgres.py took 0.450 seconds
[2024-05-06T06:56:12.734+0000] {processor.py:161} INFO - Started process (PID=1559) to work on /opt/airflow/dags/scripts/load_to_postgres.py
[2024-05-06T06:56:12.736+0000] {processor.py:830} INFO - Processing file /opt/airflow/dags/scripts/load_to_postgres.py for tasks to queue
[2024-05-06T06:56:12.738+0000] {logging_mixin.py:188} INFO - [2024-05-06T06:56:12.737+0000] {dagbag.py:540} INFO - Filling up the DagBag from /opt/airflow/dags/scripts/load_to_postgres.py
[2024-05-06T06:56:13.190+0000] {processor.py:842} WARNING - No viable dags retrieved from /opt/airflow/dags/scripts/load_to_postgres.py
[2024-05-06T06:56:13.201+0000] {processor.py:183} INFO - Processing /opt/airflow/dags/scripts/load_to_postgres.py took 0.478 seconds
[2024-05-06T06:56:46.237+0000] {processor.py:161} INFO - Started process (PID=1605) to work on /opt/airflow/dags/scripts/load_to_postgres.py
[2024-05-06T06:56:46.239+0000] {processor.py:830} INFO - Processing file /opt/airflow/dags/scripts/load_to_postgres.py for tasks to queue
[2024-05-06T06:56:46.241+0000] {logging_mixin.py:188} INFO - [2024-05-06T06:56:46.240+0000] {dagbag.py:540} INFO - Filling up the DagBag from /opt/airflow/dags/scripts/load_to_postgres.py
[2024-05-06T06:56:46.889+0000] {processor.py:842} WARNING - No viable dags retrieved from /opt/airflow/dags/scripts/load_to_postgres.py
[2024-05-06T06:56:46.899+0000] {processor.py:183} INFO - Processing /opt/airflow/dags/scripts/load_to_postgres.py took 0.673 seconds
[2024-05-06T06:57:19.816+0000] {processor.py:161} INFO - Started process (PID=1659) to work on /opt/airflow/dags/scripts/load_to_postgres.py
[2024-05-06T06:57:19.817+0000] {processor.py:830} INFO - Processing file /opt/airflow/dags/scripts/load_to_postgres.py for tasks to queue
[2024-05-06T06:57:19.819+0000] {logging_mixin.py:188} INFO - [2024-05-06T06:57:19.819+0000] {dagbag.py:540} INFO - Filling up the DagBag from /opt/airflow/dags/scripts/load_to_postgres.py
[2024-05-06T06:57:20.459+0000] {processor.py:842} WARNING - No viable dags retrieved from /opt/airflow/dags/scripts/load_to_postgres.py
[2024-05-06T06:57:20.472+0000] {processor.py:183} INFO - Processing /opt/airflow/dags/scripts/load_to_postgres.py took 0.662 seconds
[2024-05-06T06:57:52.446+0000] {processor.py:161} INFO - Started process (PID=1692) to work on /opt/airflow/dags/scripts/load_to_postgres.py
[2024-05-06T06:57:52.447+0000] {processor.py:830} INFO - Processing file /opt/airflow/dags/scripts/load_to_postgres.py for tasks to queue
[2024-05-06T06:57:52.450+0000] {logging_mixin.py:188} INFO - [2024-05-06T06:57:52.450+0000] {dagbag.py:540} INFO - Filling up the DagBag from /opt/airflow/dags/scripts/load_to_postgres.py
[2024-05-06T06:57:53.006+0000] {processor.py:842} WARNING - No viable dags retrieved from /opt/airflow/dags/scripts/load_to_postgres.py
[2024-05-06T06:57:53.017+0000] {processor.py:183} INFO - Processing /opt/airflow/dags/scripts/load_to_postgres.py took 0.577 seconds
[2024-05-06T06:58:23.232+0000] {processor.py:161} INFO - Started process (PID=1717) to work on /opt/airflow/dags/scripts/load_to_postgres.py
[2024-05-06T06:58:23.233+0000] {processor.py:830} INFO - Processing file /opt/airflow/dags/scripts/load_to_postgres.py for tasks to queue
[2024-05-06T06:58:23.235+0000] {logging_mixin.py:188} INFO - [2024-05-06T06:58:23.234+0000] {dagbag.py:540} INFO - Filling up the DagBag from /opt/airflow/dags/scripts/load_to_postgres.py
[2024-05-06T06:58:23.690+0000] {processor.py:842} WARNING - No viable dags retrieved from /opt/airflow/dags/scripts/load_to_postgres.py
[2024-05-06T06:58:23.701+0000] {processor.py:183} INFO - Processing /opt/airflow/dags/scripts/load_to_postgres.py took 0.476 seconds
[2024-05-06T06:58:54.222+0000] {processor.py:161} INFO - Started process (PID=1763) to work on /opt/airflow/dags/scripts/load_to_postgres.py
[2024-05-06T06:58:54.223+0000] {processor.py:830} INFO - Processing file /opt/airflow/dags/scripts/load_to_postgres.py for tasks to queue
[2024-05-06T06:58:54.225+0000] {logging_mixin.py:188} INFO - [2024-05-06T06:58:54.225+0000] {dagbag.py:540} INFO - Filling up the DagBag from /opt/airflow/dags/scripts/load_to_postgres.py
[2024-05-06T06:58:54.659+0000] {processor.py:842} WARNING - No viable dags retrieved from /opt/airflow/dags/scripts/load_to_postgres.py
[2024-05-06T06:58:54.673+0000] {processor.py:183} INFO - Processing /opt/airflow/dags/scripts/load_to_postgres.py took 0.457 seconds
[2024-05-06T06:59:25.229+0000] {processor.py:161} INFO - Started process (PID=1921) to work on /opt/airflow/dags/scripts/load_to_postgres.py
[2024-05-06T06:59:25.231+0000] {processor.py:830} INFO - Processing file /opt/airflow/dags/scripts/load_to_postgres.py for tasks to queue
[2024-05-06T06:59:25.233+0000] {logging_mixin.py:188} INFO - [2024-05-06T06:59:25.233+0000] {dagbag.py:540} INFO - Filling up the DagBag from /opt/airflow/dags/scripts/load_to_postgres.py
[2024-05-06T06:59:25.744+0000] {processor.py:842} WARNING - No viable dags retrieved from /opt/airflow/dags/scripts/load_to_postgres.py
[2024-05-06T06:59:25.755+0000] {processor.py:183} INFO - Processing /opt/airflow/dags/scripts/load_to_postgres.py took 0.532 seconds
[2024-05-06T06:59:56.403+0000] {processor.py:161} INFO - Started process (PID=1967) to work on /opt/airflow/dags/scripts/load_to_postgres.py
[2024-05-06T06:59:56.404+0000] {processor.py:830} INFO - Processing file /opt/airflow/dags/scripts/load_to_postgres.py for tasks to queue
[2024-05-06T06:59:56.406+0000] {logging_mixin.py:188} INFO - [2024-05-06T06:59:56.406+0000] {dagbag.py:540} INFO - Filling up the DagBag from /opt/airflow/dags/scripts/load_to_postgres.py
[2024-05-06T06:59:56.877+0000] {processor.py:842} WARNING - No viable dags retrieved from /opt/airflow/dags/scripts/load_to_postgres.py
[2024-05-06T06:59:56.889+0000] {processor.py:183} INFO - Processing /opt/airflow/dags/scripts/load_to_postgres.py took 0.493 seconds
[2024-05-06T07:00:27.458+0000] {processor.py:161} INFO - Started process (PID=2013) to work on /opt/airflow/dags/scripts/load_to_postgres.py
[2024-05-06T07:00:27.459+0000] {processor.py:830} INFO - Processing file /opt/airflow/dags/scripts/load_to_postgres.py for tasks to queue
[2024-05-06T07:00:27.461+0000] {logging_mixin.py:188} INFO - [2024-05-06T07:00:27.461+0000] {dagbag.py:540} INFO - Filling up the DagBag from /opt/airflow/dags/scripts/load_to_postgres.py
[2024-05-06T07:00:27.942+0000] {processor.py:842} WARNING - No viable dags retrieved from /opt/airflow/dags/scripts/load_to_postgres.py
[2024-05-06T07:00:27.953+0000] {processor.py:183} INFO - Processing /opt/airflow/dags/scripts/load_to_postgres.py took 0.502 seconds
[2024-05-06T07:00:58.684+0000] {processor.py:161} INFO - Started process (PID=2059) to work on /opt/airflow/dags/scripts/load_to_postgres.py
[2024-05-06T07:00:58.685+0000] {processor.py:830} INFO - Processing file /opt/airflow/dags/scripts/load_to_postgres.py for tasks to queue
[2024-05-06T07:00:58.687+0000] {logging_mixin.py:188} INFO - [2024-05-06T07:00:58.687+0000] {dagbag.py:540} INFO - Filling up the DagBag from /opt/airflow/dags/scripts/load_to_postgres.py
[2024-05-06T07:00:59.112+0000] {processor.py:842} WARNING - No viable dags retrieved from /opt/airflow/dags/scripts/load_to_postgres.py
[2024-05-06T07:00:59.123+0000] {processor.py:183} INFO - Processing /opt/airflow/dags/scripts/load_to_postgres.py took 0.445 seconds
[2024-05-06T07:01:29.497+0000] {processor.py:161} INFO - Started process (PID=2105) to work on /opt/airflow/dags/scripts/load_to_postgres.py
[2024-05-06T07:01:29.498+0000] {processor.py:830} INFO - Processing file /opt/airflow/dags/scripts/load_to_postgres.py for tasks to queue
[2024-05-06T07:01:29.500+0000] {logging_mixin.py:188} INFO - [2024-05-06T07:01:29.500+0000] {dagbag.py:540} INFO - Filling up the DagBag from /opt/airflow/dags/scripts/load_to_postgres.py
[2024-05-06T07:01:29.948+0000] {processor.py:842} WARNING - No viable dags retrieved from /opt/airflow/dags/scripts/load_to_postgres.py
[2024-05-06T07:01:29.959+0000] {processor.py:183} INFO - Processing /opt/airflow/dags/scripts/load_to_postgres.py took 0.468 seconds
[2024-05-06T07:02:00.294+0000] {processor.py:161} INFO - Started process (PID=2151) to work on /opt/airflow/dags/scripts/load_to_postgres.py
[2024-05-06T07:02:00.295+0000] {processor.py:830} INFO - Processing file /opt/airflow/dags/scripts/load_to_postgres.py for tasks to queue
[2024-05-06T07:02:00.297+0000] {logging_mixin.py:188} INFO - [2024-05-06T07:02:00.296+0000] {dagbag.py:540} INFO - Filling up the DagBag from /opt/airflow/dags/scripts/load_to_postgres.py
[2024-05-06T07:02:00.795+0000] {processor.py:842} WARNING - No viable dags retrieved from /opt/airflow/dags/scripts/load_to_postgres.py
[2024-05-06T07:02:00.806+0000] {processor.py:183} INFO - Processing /opt/airflow/dags/scripts/load_to_postgres.py took 0.518 seconds
[2024-05-06T07:02:31.374+0000] {processor.py:161} INFO - Started process (PID=2197) to work on /opt/airflow/dags/scripts/load_to_postgres.py
[2024-05-06T07:02:31.375+0000] {processor.py:830} INFO - Processing file /opt/airflow/dags/scripts/load_to_postgres.py for tasks to queue
[2024-05-06T07:02:31.376+0000] {logging_mixin.py:188} INFO - [2024-05-06T07:02:31.376+0000] {dagbag.py:540} INFO - Filling up the DagBag from /opt/airflow/dags/scripts/load_to_postgres.py
[2024-05-06T07:02:31.834+0000] {processor.py:842} WARNING - No viable dags retrieved from /opt/airflow/dags/scripts/load_to_postgres.py
[2024-05-06T07:02:31.845+0000] {processor.py:183} INFO - Processing /opt/airflow/dags/scripts/load_to_postgres.py took 0.477 seconds
[2024-05-06T07:03:02.343+0000] {processor.py:161} INFO - Started process (PID=2243) to work on /opt/airflow/dags/scripts/load_to_postgres.py
[2024-05-06T07:03:02.344+0000] {processor.py:830} INFO - Processing file /opt/airflow/dags/scripts/load_to_postgres.py for tasks to queue
[2024-05-06T07:03:02.346+0000] {logging_mixin.py:188} INFO - [2024-05-06T07:03:02.346+0000] {dagbag.py:540} INFO - Filling up the DagBag from /opt/airflow/dags/scripts/load_to_postgres.py
[2024-05-06T07:03:02.775+0000] {processor.py:842} WARNING - No viable dags retrieved from /opt/airflow/dags/scripts/load_to_postgres.py
[2024-05-06T07:03:02.785+0000] {processor.py:183} INFO - Processing /opt/airflow/dags/scripts/load_to_postgres.py took 0.448 seconds
[2024-05-06T07:03:33.220+0000] {processor.py:161} INFO - Started process (PID=2289) to work on /opt/airflow/dags/scripts/load_to_postgres.py
[2024-05-06T07:03:33.221+0000] {processor.py:830} INFO - Processing file /opt/airflow/dags/scripts/load_to_postgres.py for tasks to queue
[2024-05-06T07:03:33.223+0000] {logging_mixin.py:188} INFO - [2024-05-06T07:03:33.223+0000] {dagbag.py:540} INFO - Filling up the DagBag from /opt/airflow/dags/scripts/load_to_postgres.py
[2024-05-06T07:03:33.651+0000] {processor.py:842} WARNING - No viable dags retrieved from /opt/airflow/dags/scripts/load_to_postgres.py
[2024-05-06T07:03:33.662+0000] {processor.py:183} INFO - Processing /opt/airflow/dags/scripts/load_to_postgres.py took 0.449 seconds
[2024-05-06T07:04:04.354+0000] {processor.py:161} INFO - Started process (PID=2335) to work on /opt/airflow/dags/scripts/load_to_postgres.py
[2024-05-06T07:04:04.355+0000] {processor.py:830} INFO - Processing file /opt/airflow/dags/scripts/load_to_postgres.py for tasks to queue
[2024-05-06T07:04:04.357+0000] {logging_mixin.py:188} INFO - [2024-05-06T07:04:04.357+0000] {dagbag.py:540} INFO - Filling up the DagBag from /opt/airflow/dags/scripts/load_to_postgres.py
[2024-05-06T07:04:04.789+0000] {processor.py:842} WARNING - No viable dags retrieved from /opt/airflow/dags/scripts/load_to_postgres.py
[2024-05-06T07:04:04.800+0000] {processor.py:183} INFO - Processing /opt/airflow/dags/scripts/load_to_postgres.py took 0.452 seconds
[2024-05-06T07:04:35.596+0000] {processor.py:161} INFO - Started process (PID=2493) to work on /opt/airflow/dags/scripts/load_to_postgres.py
[2024-05-06T07:04:35.597+0000] {processor.py:830} INFO - Processing file /opt/airflow/dags/scripts/load_to_postgres.py for tasks to queue
[2024-05-06T07:04:35.599+0000] {logging_mixin.py:188} INFO - [2024-05-06T07:04:35.598+0000] {dagbag.py:540} INFO - Filling up the DagBag from /opt/airflow/dags/scripts/load_to_postgres.py
[2024-05-06T07:04:36.027+0000] {processor.py:842} WARNING - No viable dags retrieved from /opt/airflow/dags/scripts/load_to_postgres.py
[2024-05-06T07:04:36.038+0000] {processor.py:183} INFO - Processing /opt/airflow/dags/scripts/load_to_postgres.py took 0.448 seconds
[2024-05-06T07:06:26.798+0000] {processor.py:161} INFO - Started process (PID=169) to work on /opt/airflow/dags/scripts/load_to_postgres.py
[2024-05-06T07:06:26.800+0000] {processor.py:830} INFO - Processing file /opt/airflow/dags/scripts/load_to_postgres.py for tasks to queue
[2024-05-06T07:06:26.802+0000] {logging_mixin.py:188} INFO - [2024-05-06T07:06:26.802+0000] {dagbag.py:540} INFO - Filling up the DagBag from /opt/airflow/dags/scripts/load_to_postgres.py
[2024-05-06T07:06:28.358+0000] {processor.py:842} WARNING - No viable dags retrieved from /opt/airflow/dags/scripts/load_to_postgres.py
[2024-05-06T07:06:28.373+0000] {processor.py:183} INFO - Processing /opt/airflow/dags/scripts/load_to_postgres.py took 1.582 seconds
[2024-05-06T07:06:58.567+0000] {processor.py:161} INFO - Started process (PID=215) to work on /opt/airflow/dags/scripts/load_to_postgres.py
[2024-05-06T07:06:58.568+0000] {processor.py:830} INFO - Processing file /opt/airflow/dags/scripts/load_to_postgres.py for tasks to queue
[2024-05-06T07:06:58.569+0000] {logging_mixin.py:188} INFO - [2024-05-06T07:06:58.569+0000] {dagbag.py:540} INFO - Filling up the DagBag from /opt/airflow/dags/scripts/load_to_postgres.py
[2024-05-06T07:06:58.900+0000] {processor.py:842} WARNING - No viable dags retrieved from /opt/airflow/dags/scripts/load_to_postgres.py
[2024-05-06T07:06:58.913+0000] {processor.py:183} INFO - Processing /opt/airflow/dags/scripts/load_to_postgres.py took 0.352 seconds
[2024-05-06T07:07:29.388+0000] {processor.py:161} INFO - Started process (PID=261) to work on /opt/airflow/dags/scripts/load_to_postgres.py
[2024-05-06T07:07:29.389+0000] {processor.py:830} INFO - Processing file /opt/airflow/dags/scripts/load_to_postgres.py for tasks to queue
[2024-05-06T07:07:29.391+0000] {logging_mixin.py:188} INFO - [2024-05-06T07:07:29.390+0000] {dagbag.py:540} INFO - Filling up the DagBag from /opt/airflow/dags/scripts/load_to_postgres.py
[2024-05-06T07:07:29.695+0000] {processor.py:842} WARNING - No viable dags retrieved from /opt/airflow/dags/scripts/load_to_postgres.py
[2024-05-06T07:07:29.709+0000] {processor.py:183} INFO - Processing /opt/airflow/dags/scripts/load_to_postgres.py took 0.327 seconds
[2024-05-06T07:08:00.373+0000] {processor.py:161} INFO - Started process (PID=307) to work on /opt/airflow/dags/scripts/load_to_postgres.py
[2024-05-06T07:08:00.375+0000] {processor.py:830} INFO - Processing file /opt/airflow/dags/scripts/load_to_postgres.py for tasks to queue
[2024-05-06T07:08:00.378+0000] {logging_mixin.py:188} INFO - [2024-05-06T07:08:00.378+0000] {dagbag.py:540} INFO - Filling up the DagBag from /opt/airflow/dags/scripts/load_to_postgres.py
[2024-05-06T07:08:01.070+0000] {processor.py:842} WARNING - No viable dags retrieved from /opt/airflow/dags/scripts/load_to_postgres.py
[2024-05-06T07:08:01.082+0000] {processor.py:183} INFO - Processing /opt/airflow/dags/scripts/load_to_postgres.py took 0.717 seconds
[2024-05-06T07:08:31.168+0000] {processor.py:161} INFO - Started process (PID=353) to work on /opt/airflow/dags/scripts/load_to_postgres.py
[2024-05-06T07:08:31.169+0000] {processor.py:830} INFO - Processing file /opt/airflow/dags/scripts/load_to_postgres.py for tasks to queue
[2024-05-06T07:08:31.171+0000] {logging_mixin.py:188} INFO - [2024-05-06T07:08:31.171+0000] {dagbag.py:540} INFO - Filling up the DagBag from /opt/airflow/dags/scripts/load_to_postgres.py
[2024-05-06T07:08:31.589+0000] {processor.py:842} WARNING - No viable dags retrieved from /opt/airflow/dags/scripts/load_to_postgres.py
[2024-05-06T07:08:31.600+0000] {processor.py:183} INFO - Processing /opt/airflow/dags/scripts/load_to_postgres.py took 0.438 seconds
[2024-05-06T07:09:02.392+0000] {processor.py:161} INFO - Started process (PID=398) to work on /opt/airflow/dags/scripts/load_to_postgres.py
[2024-05-06T07:09:02.393+0000] {processor.py:830} INFO - Processing file /opt/airflow/dags/scripts/load_to_postgres.py for tasks to queue
[2024-05-06T07:09:02.395+0000] {logging_mixin.py:188} INFO - [2024-05-06T07:09:02.395+0000] {dagbag.py:540} INFO - Filling up the DagBag from /opt/airflow/dags/scripts/load_to_postgres.py
[2024-05-06T07:09:02.816+0000] {processor.py:842} WARNING - No viable dags retrieved from /opt/airflow/dags/scripts/load_to_postgres.py
[2024-05-06T07:09:02.827+0000] {processor.py:183} INFO - Processing /opt/airflow/dags/scripts/load_to_postgres.py took 0.440 seconds
[2024-05-06T07:09:33.361+0000] {processor.py:161} INFO - Started process (PID=556) to work on /opt/airflow/dags/scripts/load_to_postgres.py
[2024-05-06T07:09:33.362+0000] {processor.py:830} INFO - Processing file /opt/airflow/dags/scripts/load_to_postgres.py for tasks to queue
[2024-05-06T07:09:33.367+0000] {logging_mixin.py:188} INFO - [2024-05-06T07:09:33.366+0000] {dagbag.py:540} INFO - Filling up the DagBag from /opt/airflow/dags/scripts/load_to_postgres.py
[2024-05-06T07:09:33.844+0000] {processor.py:842} WARNING - No viable dags retrieved from /opt/airflow/dags/scripts/load_to_postgres.py
[2024-05-06T07:09:33.855+0000] {processor.py:183} INFO - Processing /opt/airflow/dags/scripts/load_to_postgres.py took 0.503 seconds
[2024-05-06T07:10:04.751+0000] {processor.py:161} INFO - Started process (PID=602) to work on /opt/airflow/dags/scripts/load_to_postgres.py
[2024-05-06T07:10:04.752+0000] {processor.py:830} INFO - Processing file /opt/airflow/dags/scripts/load_to_postgres.py for tasks to queue
[2024-05-06T07:10:04.754+0000] {logging_mixin.py:188} INFO - [2024-05-06T07:10:04.754+0000] {dagbag.py:540} INFO - Filling up the DagBag from /opt/airflow/dags/scripts/load_to_postgres.py
[2024-05-06T07:10:05.177+0000] {processor.py:842} WARNING - No viable dags retrieved from /opt/airflow/dags/scripts/load_to_postgres.py
[2024-05-06T07:10:05.187+0000] {processor.py:183} INFO - Processing /opt/airflow/dags/scripts/load_to_postgres.py took 0.443 seconds
[2024-05-06T07:10:35.859+0000] {processor.py:161} INFO - Started process (PID=648) to work on /opt/airflow/dags/scripts/load_to_postgres.py
[2024-05-06T07:10:35.860+0000] {processor.py:830} INFO - Processing file /opt/airflow/dags/scripts/load_to_postgres.py for tasks to queue
[2024-05-06T07:10:35.862+0000] {logging_mixin.py:188} INFO - [2024-05-06T07:10:35.862+0000] {dagbag.py:540} INFO - Filling up the DagBag from /opt/airflow/dags/scripts/load_to_postgres.py
[2024-05-06T07:10:36.300+0000] {processor.py:842} WARNING - No viable dags retrieved from /opt/airflow/dags/scripts/load_to_postgres.py
[2024-05-06T07:10:36.311+0000] {processor.py:183} INFO - Processing /opt/airflow/dags/scripts/load_to_postgres.py took 0.457 seconds
[2024-05-06T07:11:06.828+0000] {processor.py:161} INFO - Started process (PID=694) to work on /opt/airflow/dags/scripts/load_to_postgres.py
[2024-05-06T07:11:06.830+0000] {processor.py:830} INFO - Processing file /opt/airflow/dags/scripts/load_to_postgres.py for tasks to queue
[2024-05-06T07:11:06.832+0000] {logging_mixin.py:188} INFO - [2024-05-06T07:11:06.831+0000] {dagbag.py:540} INFO - Filling up the DagBag from /opt/airflow/dags/scripts/load_to_postgres.py
[2024-05-06T07:11:07.269+0000] {processor.py:842} WARNING - No viable dags retrieved from /opt/airflow/dags/scripts/load_to_postgres.py
[2024-05-06T07:11:07.279+0000] {processor.py:183} INFO - Processing /opt/airflow/dags/scripts/load_to_postgres.py took 0.457 seconds
[2024-05-06T07:13:34.370+0000] {processor.py:161} INFO - Started process (PID=169) to work on /opt/airflow/dags/scripts/load_to_postgres.py
[2024-05-06T07:13:34.371+0000] {processor.py:830} INFO - Processing file /opt/airflow/dags/scripts/load_to_postgres.py for tasks to queue
[2024-05-06T07:13:34.374+0000] {logging_mixin.py:188} INFO - [2024-05-06T07:13:34.373+0000] {dagbag.py:540} INFO - Filling up the DagBag from /opt/airflow/dags/scripts/load_to_postgres.py
[2024-05-06T07:13:35.721+0000] {processor.py:842} WARNING - No viable dags retrieved from /opt/airflow/dags/scripts/load_to_postgres.py
[2024-05-06T07:13:35.736+0000] {processor.py:183} INFO - Processing /opt/airflow/dags/scripts/load_to_postgres.py took 1.373 seconds
[2024-05-06T07:14:06.120+0000] {processor.py:161} INFO - Started process (PID=215) to work on /opt/airflow/dags/scripts/load_to_postgres.py
[2024-05-06T07:14:06.121+0000] {processor.py:830} INFO - Processing file /opt/airflow/dags/scripts/load_to_postgres.py for tasks to queue
[2024-05-06T07:14:06.123+0000] {logging_mixin.py:188} INFO - [2024-05-06T07:14:06.123+0000] {dagbag.py:540} INFO - Filling up the DagBag from /opt/airflow/dags/scripts/load_to_postgres.py
[2024-05-06T07:14:06.422+0000] {processor.py:842} WARNING - No viable dags retrieved from /opt/airflow/dags/scripts/load_to_postgres.py
[2024-05-06T07:14:06.435+0000] {processor.py:183} INFO - Processing /opt/airflow/dags/scripts/load_to_postgres.py took 0.321 seconds
[2024-05-06T07:14:36.996+0000] {processor.py:161} INFO - Started process (PID=373) to work on /opt/airflow/dags/scripts/load_to_postgres.py
[2024-05-06T07:14:36.997+0000] {processor.py:830} INFO - Processing file /opt/airflow/dags/scripts/load_to_postgres.py for tasks to queue
[2024-05-06T07:14:37.000+0000] {logging_mixin.py:188} INFO - [2024-05-06T07:14:37.000+0000] {dagbag.py:540} INFO - Filling up the DagBag from /opt/airflow/dags/scripts/load_to_postgres.py
[2024-05-06T07:14:37.410+0000] {processor.py:842} WARNING - No viable dags retrieved from /opt/airflow/dags/scripts/load_to_postgres.py
[2024-05-06T07:14:37.425+0000] {processor.py:183} INFO - Processing /opt/airflow/dags/scripts/load_to_postgres.py took 0.435 seconds
[2024-05-06T07:15:08.069+0000] {processor.py:161} INFO - Started process (PID=419) to work on /opt/airflow/dags/scripts/load_to_postgres.py
[2024-05-06T07:15:08.070+0000] {processor.py:830} INFO - Processing file /opt/airflow/dags/scripts/load_to_postgres.py for tasks to queue
[2024-05-06T07:15:08.072+0000] {logging_mixin.py:188} INFO - [2024-05-06T07:15:08.072+0000] {dagbag.py:540} INFO - Filling up the DagBag from /opt/airflow/dags/scripts/load_to_postgres.py
[2024-05-06T07:15:08.506+0000] {processor.py:842} WARNING - No viable dags retrieved from /opt/airflow/dags/scripts/load_to_postgres.py
[2024-05-06T07:15:08.517+0000] {processor.py:183} INFO - Processing /opt/airflow/dags/scripts/load_to_postgres.py took 0.453 seconds
[2024-05-06T07:15:38.967+0000] {processor.py:161} INFO - Started process (PID=465) to work on /opt/airflow/dags/scripts/load_to_postgres.py
[2024-05-06T07:15:38.969+0000] {processor.py:830} INFO - Processing file /opt/airflow/dags/scripts/load_to_postgres.py for tasks to queue
[2024-05-06T07:15:38.971+0000] {logging_mixin.py:188} INFO - [2024-05-06T07:15:38.971+0000] {dagbag.py:540} INFO - Filling up the DagBag from /opt/airflow/dags/scripts/load_to_postgres.py
[2024-05-06T07:15:39.423+0000] {processor.py:842} WARNING - No viable dags retrieved from /opt/airflow/dags/scripts/load_to_postgres.py
[2024-05-06T07:15:39.434+0000] {processor.py:183} INFO - Processing /opt/airflow/dags/scripts/load_to_postgres.py took 0.472 seconds
[2024-05-06T07:16:09.896+0000] {processor.py:161} INFO - Started process (PID=637) to work on /opt/airflow/dags/scripts/load_to_postgres.py
[2024-05-06T07:16:09.899+0000] {processor.py:830} INFO - Processing file /opt/airflow/dags/scripts/load_to_postgres.py for tasks to queue
[2024-05-06T07:16:09.909+0000] {logging_mixin.py:188} INFO - [2024-05-06T07:16:09.908+0000] {dagbag.py:540} INFO - Filling up the DagBag from /opt/airflow/dags/scripts/load_to_postgres.py
[2024-05-06T07:16:10.779+0000] {processor.py:842} WARNING - No viable dags retrieved from /opt/airflow/dags/scripts/load_to_postgres.py
[2024-05-06T07:16:10.790+0000] {processor.py:183} INFO - Processing /opt/airflow/dags/scripts/load_to_postgres.py took 0.912 seconds
[2024-05-06T07:16:41.095+0000] {processor.py:161} INFO - Started process (PID=684) to work on /opt/airflow/dags/scripts/load_to_postgres.py
[2024-05-06T07:16:41.096+0000] {processor.py:830} INFO - Processing file /opt/airflow/dags/scripts/load_to_postgres.py for tasks to queue
[2024-05-06T07:16:41.098+0000] {logging_mixin.py:188} INFO - [2024-05-06T07:16:41.098+0000] {dagbag.py:540} INFO - Filling up the DagBag from /opt/airflow/dags/scripts/load_to_postgres.py
[2024-05-06T07:16:41.550+0000] {processor.py:842} WARNING - No viable dags retrieved from /opt/airflow/dags/scripts/load_to_postgres.py
[2024-05-06T07:16:41.562+0000] {processor.py:183} INFO - Processing /opt/airflow/dags/scripts/load_to_postgres.py took 0.473 seconds
[2024-05-06T07:17:12.284+0000] {processor.py:161} INFO - Started process (PID=730) to work on /opt/airflow/dags/scripts/load_to_postgres.py
[2024-05-06T07:17:12.285+0000] {processor.py:830} INFO - Processing file /opt/airflow/dags/scripts/load_to_postgres.py for tasks to queue
[2024-05-06T07:17:12.287+0000] {logging_mixin.py:188} INFO - [2024-05-06T07:17:12.287+0000] {dagbag.py:540} INFO - Filling up the DagBag from /opt/airflow/dags/scripts/load_to_postgres.py
[2024-05-06T07:17:12.751+0000] {processor.py:842} WARNING - No viable dags retrieved from /opt/airflow/dags/scripts/load_to_postgres.py
[2024-05-06T07:17:12.763+0000] {processor.py:183} INFO - Processing /opt/airflow/dags/scripts/load_to_postgres.py took 0.486 seconds
[2024-05-06T07:17:43.111+0000] {processor.py:161} INFO - Started process (PID=776) to work on /opt/airflow/dags/scripts/load_to_postgres.py
[2024-05-06T07:17:43.112+0000] {processor.py:830} INFO - Processing file /opt/airflow/dags/scripts/load_to_postgres.py for tasks to queue
[2024-05-06T07:17:43.114+0000] {logging_mixin.py:188} INFO - [2024-05-06T07:17:43.114+0000] {dagbag.py:540} INFO - Filling up the DagBag from /opt/airflow/dags/scripts/load_to_postgres.py
[2024-05-06T07:17:43.548+0000] {processor.py:842} WARNING - No viable dags retrieved from /opt/airflow/dags/scripts/load_to_postgres.py
[2024-05-06T07:17:43.559+0000] {processor.py:183} INFO - Processing /opt/airflow/dags/scripts/load_to_postgres.py took 0.454 seconds
[2024-05-06T07:18:14.080+0000] {processor.py:161} INFO - Started process (PID=822) to work on /opt/airflow/dags/scripts/load_to_postgres.py
[2024-05-06T07:18:14.082+0000] {processor.py:830} INFO - Processing file /opt/airflow/dags/scripts/load_to_postgres.py for tasks to queue
[2024-05-06T07:18:14.084+0000] {logging_mixin.py:188} INFO - [2024-05-06T07:18:14.084+0000] {dagbag.py:540} INFO - Filling up the DagBag from /opt/airflow/dags/scripts/load_to_postgres.py
[2024-05-06T07:18:14.547+0000] {processor.py:842} WARNING - No viable dags retrieved from /opt/airflow/dags/scripts/load_to_postgres.py
[2024-05-06T07:18:14.558+0000] {processor.py:183} INFO - Processing /opt/airflow/dags/scripts/load_to_postgres.py took 0.484 seconds
[2024-05-06T07:19:40.827+0000] {processor.py:161} INFO - Started process (PID=169) to work on /opt/airflow/dags/scripts/load_to_postgres.py
[2024-05-06T07:19:40.828+0000] {processor.py:830} INFO - Processing file /opt/airflow/dags/scripts/load_to_postgres.py for tasks to queue
[2024-05-06T07:19:40.830+0000] {logging_mixin.py:188} INFO - [2024-05-06T07:19:40.829+0000] {dagbag.py:540} INFO - Filling up the DagBag from /opt/airflow/dags/scripts/load_to_postgres.py
[2024-05-06T07:19:42.416+0000] {processor.py:842} WARNING - No viable dags retrieved from /opt/airflow/dags/scripts/load_to_postgres.py
[2024-05-06T07:19:42.438+0000] {processor.py:183} INFO - Processing /opt/airflow/dags/scripts/load_to_postgres.py took 1.619 seconds
[2024-05-06T07:20:13.230+0000] {processor.py:161} INFO - Started process (PID=215) to work on /opt/airflow/dags/scripts/load_to_postgres.py
[2024-05-06T07:20:13.232+0000] {processor.py:830} INFO - Processing file /opt/airflow/dags/scripts/load_to_postgres.py for tasks to queue
[2024-05-06T07:20:13.234+0000] {logging_mixin.py:188} INFO - [2024-05-06T07:20:13.233+0000] {dagbag.py:540} INFO - Filling up the DagBag from /opt/airflow/dags/scripts/load_to_postgres.py
[2024-05-06T07:20:13.549+0000] {processor.py:842} WARNING - No viable dags retrieved from /opt/airflow/dags/scripts/load_to_postgres.py
[2024-05-06T07:20:13.564+0000] {processor.py:183} INFO - Processing /opt/airflow/dags/scripts/load_to_postgres.py took 0.339 seconds
[2024-05-06T07:20:44.120+0000] {processor.py:161} INFO - Started process (PID=261) to work on /opt/airflow/dags/scripts/load_to_postgres.py
[2024-05-06T07:20:44.121+0000] {processor.py:830} INFO - Processing file /opt/airflow/dags/scripts/load_to_postgres.py for tasks to queue
[2024-05-06T07:20:44.123+0000] {logging_mixin.py:188} INFO - [2024-05-06T07:20:44.123+0000] {dagbag.py:540} INFO - Filling up the DagBag from /opt/airflow/dags/scripts/load_to_postgres.py
[2024-05-06T07:20:44.447+0000] {processor.py:842} WARNING - No viable dags retrieved from /opt/airflow/dags/scripts/load_to_postgres.py
[2024-05-06T07:20:44.459+0000] {processor.py:183} INFO - Processing /opt/airflow/dags/scripts/load_to_postgres.py took 0.345 seconds
[2024-05-06T07:21:15.136+0000] {processor.py:161} INFO - Started process (PID=432) to work on /opt/airflow/dags/scripts/load_to_postgres.py
[2024-05-06T07:21:15.137+0000] {processor.py:830} INFO - Processing file /opt/airflow/dags/scripts/load_to_postgres.py for tasks to queue
[2024-05-06T07:21:15.139+0000] {logging_mixin.py:188} INFO - [2024-05-06T07:21:15.139+0000] {dagbag.py:540} INFO - Filling up the DagBag from /opt/airflow/dags/scripts/load_to_postgres.py
[2024-05-06T07:21:15.607+0000] {processor.py:842} WARNING - No viable dags retrieved from /opt/airflow/dags/scripts/load_to_postgres.py
[2024-05-06T07:21:15.619+0000] {processor.py:183} INFO - Processing /opt/airflow/dags/scripts/load_to_postgres.py took 0.490 seconds
[2024-05-06T07:21:46.412+0000] {processor.py:161} INFO - Started process (PID=478) to work on /opt/airflow/dags/scripts/load_to_postgres.py
[2024-05-06T07:21:46.413+0000] {processor.py:830} INFO - Processing file /opt/airflow/dags/scripts/load_to_postgres.py for tasks to queue
[2024-05-06T07:21:46.415+0000] {logging_mixin.py:188} INFO - [2024-05-06T07:21:46.415+0000] {dagbag.py:540} INFO - Filling up the DagBag from /opt/airflow/dags/scripts/load_to_postgres.py
[2024-05-06T07:21:46.872+0000] {processor.py:842} WARNING - No viable dags retrieved from /opt/airflow/dags/scripts/load_to_postgres.py
[2024-05-06T07:21:46.883+0000] {processor.py:183} INFO - Processing /opt/airflow/dags/scripts/load_to_postgres.py took 0.478 seconds
[2024-05-06T07:22:17.336+0000] {processor.py:161} INFO - Started process (PID=524) to work on /opt/airflow/dags/scripts/load_to_postgres.py
[2024-05-06T07:22:17.337+0000] {processor.py:830} INFO - Processing file /opt/airflow/dags/scripts/load_to_postgres.py for tasks to queue
[2024-05-06T07:22:17.339+0000] {logging_mixin.py:188} INFO - [2024-05-06T07:22:17.338+0000] {dagbag.py:540} INFO - Filling up the DagBag from /opt/airflow/dags/scripts/load_to_postgres.py
[2024-05-06T07:22:17.751+0000] {processor.py:842} WARNING - No viable dags retrieved from /opt/airflow/dags/scripts/load_to_postgres.py
[2024-05-06T07:22:17.763+0000] {processor.py:183} INFO - Processing /opt/airflow/dags/scripts/load_to_postgres.py took 0.433 seconds
[2024-05-06T07:22:48.205+0000] {processor.py:161} INFO - Started process (PID=570) to work on /opt/airflow/dags/scripts/load_to_postgres.py
[2024-05-06T07:22:48.206+0000] {processor.py:830} INFO - Processing file /opt/airflow/dags/scripts/load_to_postgres.py for tasks to queue
[2024-05-06T07:22:48.208+0000] {logging_mixin.py:188} INFO - [2024-05-06T07:22:48.208+0000] {dagbag.py:540} INFO - Filling up the DagBag from /opt/airflow/dags/scripts/load_to_postgres.py
[2024-05-06T07:22:48.624+0000] {processor.py:842} WARNING - No viable dags retrieved from /opt/airflow/dags/scripts/load_to_postgres.py
[2024-05-06T07:22:48.636+0000] {processor.py:183} INFO - Processing /opt/airflow/dags/scripts/load_to_postgres.py took 0.437 seconds
[2024-05-06T07:23:19.287+0000] {processor.py:161} INFO - Started process (PID=616) to work on /opt/airflow/dags/scripts/load_to_postgres.py
[2024-05-06T07:23:19.289+0000] {processor.py:830} INFO - Processing file /opt/airflow/dags/scripts/load_to_postgres.py for tasks to queue
[2024-05-06T07:23:19.291+0000] {logging_mixin.py:188} INFO - [2024-05-06T07:23:19.290+0000] {dagbag.py:540} INFO - Filling up the DagBag from /opt/airflow/dags/scripts/load_to_postgres.py
[2024-05-06T07:23:19.745+0000] {processor.py:842} WARNING - No viable dags retrieved from /opt/airflow/dags/scripts/load_to_postgres.py
[2024-05-06T07:23:19.756+0000] {processor.py:183} INFO - Processing /opt/airflow/dags/scripts/load_to_postgres.py took 0.475 seconds
[2024-05-06T07:25:09.004+0000] {processor.py:161} INFO - Started process (PID=172) to work on /opt/airflow/dags/scripts/load_to_postgres.py
[2024-05-06T07:25:09.006+0000] {processor.py:830} INFO - Processing file /opt/airflow/dags/scripts/load_to_postgres.py for tasks to queue
[2024-05-06T07:25:09.008+0000] {logging_mixin.py:188} INFO - [2024-05-06T07:25:09.008+0000] {dagbag.py:540} INFO - Filling up the DagBag from /opt/airflow/dags/scripts/load_to_postgres.py
[2024-05-06T07:25:10.372+0000] {processor.py:842} WARNING - No viable dags retrieved from /opt/airflow/dags/scripts/load_to_postgres.py
[2024-05-06T07:25:10.387+0000] {processor.py:183} INFO - Processing /opt/airflow/dags/scripts/load_to_postgres.py took 1.392 seconds
[2024-05-06T07:25:40.714+0000] {processor.py:161} INFO - Started process (PID=215) to work on /opt/airflow/dags/scripts/load_to_postgres.py
[2024-05-06T07:25:40.715+0000] {processor.py:830} INFO - Processing file /opt/airflow/dags/scripts/load_to_postgres.py for tasks to queue
[2024-05-06T07:25:40.717+0000] {logging_mixin.py:188} INFO - [2024-05-06T07:25:40.716+0000] {dagbag.py:540} INFO - Filling up the DagBag from /opt/airflow/dags/scripts/load_to_postgres.py
[2024-05-06T07:25:41.040+0000] {processor.py:842} WARNING - No viable dags retrieved from /opt/airflow/dags/scripts/load_to_postgres.py
[2024-05-06T07:25:41.057+0000] {processor.py:183} INFO - Processing /opt/airflow/dags/scripts/load_to_postgres.py took 0.349 seconds
[2024-05-06T07:26:11.549+0000] {processor.py:161} INFO - Started process (PID=387) to work on /opt/airflow/dags/scripts/load_to_postgres.py
[2024-05-06T07:26:11.551+0000] {processor.py:830} INFO - Processing file /opt/airflow/dags/scripts/load_to_postgres.py for tasks to queue
[2024-05-06T07:26:11.553+0000] {logging_mixin.py:188} INFO - [2024-05-06T07:26:11.553+0000] {dagbag.py:540} INFO - Filling up the DagBag from /opt/airflow/dags/scripts/load_to_postgres.py
[2024-05-06T07:26:11.875+0000] {processor.py:842} WARNING - No viable dags retrieved from /opt/airflow/dags/scripts/load_to_postgres.py
[2024-05-06T07:26:11.891+0000] {processor.py:183} INFO - Processing /opt/airflow/dags/scripts/load_to_postgres.py took 0.348 seconds
[2024-05-06T07:26:42.750+0000] {processor.py:161} INFO - Started process (PID=434) to work on /opt/airflow/dags/scripts/load_to_postgres.py
[2024-05-06T07:26:42.752+0000] {processor.py:830} INFO - Processing file /opt/airflow/dags/scripts/load_to_postgres.py for tasks to queue
[2024-05-06T07:26:42.754+0000] {logging_mixin.py:188} INFO - [2024-05-06T07:26:42.754+0000] {dagbag.py:540} INFO - Filling up the DagBag from /opt/airflow/dags/scripts/load_to_postgres.py
[2024-05-06T07:26:43.211+0000] {processor.py:842} WARNING - No viable dags retrieved from /opt/airflow/dags/scripts/load_to_postgres.py
[2024-05-06T07:26:43.222+0000] {processor.py:183} INFO - Processing /opt/airflow/dags/scripts/load_to_postgres.py took 0.480 seconds
[2024-05-06T07:27:14.006+0000] {processor.py:161} INFO - Started process (PID=650) to work on /opt/airflow/dags/scripts/load_to_postgres.py
[2024-05-06T07:27:14.009+0000] {processor.py:830} INFO - Processing file /opt/airflow/dags/scripts/load_to_postgres.py for tasks to queue
[2024-05-06T07:27:14.019+0000] {logging_mixin.py:188} INFO - [2024-05-06T07:27:14.015+0000] {dagbag.py:540} INFO - Filling up the DagBag from /opt/airflow/dags/scripts/load_to_postgres.py
[2024-05-06T07:27:15.848+0000] {processor.py:842} WARNING - No viable dags retrieved from /opt/airflow/dags/scripts/load_to_postgres.py
[2024-05-06T07:27:15.876+0000] {processor.py:183} INFO - Processing /opt/airflow/dags/scripts/load_to_postgres.py took 1.901 seconds
[2024-05-06T07:27:46.079+0000] {processor.py:161} INFO - Started process (PID=732) to work on /opt/airflow/dags/scripts/load_to_postgres.py
[2024-05-06T07:27:46.083+0000] {processor.py:830} INFO - Processing file /opt/airflow/dags/scripts/load_to_postgres.py for tasks to queue
[2024-05-06T07:27:46.086+0000] {logging_mixin.py:188} INFO - [2024-05-06T07:27:46.086+0000] {dagbag.py:540} INFO - Filling up the DagBag from /opt/airflow/dags/scripts/load_to_postgres.py
[2024-05-06T07:27:47.116+0000] {processor.py:842} WARNING - No viable dags retrieved from /opt/airflow/dags/scripts/load_to_postgres.py
[2024-05-06T07:27:47.140+0000] {processor.py:183} INFO - Processing /opt/airflow/dags/scripts/load_to_postgres.py took 1.073 seconds
[2024-05-06T07:28:17.507+0000] {processor.py:161} INFO - Started process (PID=777) to work on /opt/airflow/dags/scripts/load_to_postgres.py
[2024-05-06T07:28:17.510+0000] {processor.py:830} INFO - Processing file /opt/airflow/dags/scripts/load_to_postgres.py for tasks to queue
[2024-05-06T07:28:17.527+0000] {logging_mixin.py:188} INFO - [2024-05-06T07:28:17.526+0000] {dagbag.py:540} INFO - Filling up the DagBag from /opt/airflow/dags/scripts/load_to_postgres.py
[2024-05-06T07:28:18.695+0000] {processor.py:842} WARNING - No viable dags retrieved from /opt/airflow/dags/scripts/load_to_postgres.py
[2024-05-06T07:28:18.733+0000] {processor.py:183} INFO - Processing /opt/airflow/dags/scripts/load_to_postgres.py took 1.241 seconds
[2024-05-06T07:28:49.049+0000] {processor.py:161} INFO - Started process (PID=850) to work on /opt/airflow/dags/scripts/load_to_postgres.py
[2024-05-06T07:28:49.050+0000] {processor.py:830} INFO - Processing file /opt/airflow/dags/scripts/load_to_postgres.py for tasks to queue
[2024-05-06T07:28:49.053+0000] {logging_mixin.py:188} INFO - [2024-05-06T07:28:49.052+0000] {dagbag.py:540} INFO - Filling up the DagBag from /opt/airflow/dags/scripts/load_to_postgres.py
[2024-05-06T07:28:49.524+0000] {processor.py:842} WARNING - No viable dags retrieved from /opt/airflow/dags/scripts/load_to_postgres.py
[2024-05-06T07:28:49.535+0000] {processor.py:183} INFO - Processing /opt/airflow/dags/scripts/load_to_postgres.py took 0.492 seconds
[2024-05-06T07:29:21.192+0000] {processor.py:161} INFO - Started process (PID=894) to work on /opt/airflow/dags/scripts/load_to_postgres.py
[2024-05-06T07:29:21.194+0000] {processor.py:830} INFO - Processing file /opt/airflow/dags/scripts/load_to_postgres.py for tasks to queue
[2024-05-06T07:29:21.197+0000] {logging_mixin.py:188} INFO - [2024-05-06T07:29:21.196+0000] {dagbag.py:540} INFO - Filling up the DagBag from /opt/airflow/dags/scripts/load_to_postgres.py
[2024-05-06T07:29:21.780+0000] {processor.py:842} WARNING - No viable dags retrieved from /opt/airflow/dags/scripts/load_to_postgres.py
[2024-05-06T07:29:21.792+0000] {processor.py:183} INFO - Processing /opt/airflow/dags/scripts/load_to_postgres.py took 0.607 seconds
[2024-05-06T07:29:54.813+0000] {processor.py:161} INFO - Started process (PID=946) to work on /opt/airflow/dags/scripts/load_to_postgres.py
[2024-05-06T07:29:54.814+0000] {processor.py:830} INFO - Processing file /opt/airflow/dags/scripts/load_to_postgres.py for tasks to queue
[2024-05-06T07:29:54.817+0000] {logging_mixin.py:188} INFO - [2024-05-06T07:29:54.816+0000] {dagbag.py:540} INFO - Filling up the DagBag from /opt/airflow/dags/scripts/load_to_postgres.py
[2024-05-06T07:29:55.288+0000] {processor.py:842} WARNING - No viable dags retrieved from /opt/airflow/dags/scripts/load_to_postgres.py
[2024-05-06T07:29:55.299+0000] {processor.py:183} INFO - Processing /opt/airflow/dags/scripts/load_to_postgres.py took 0.492 seconds
[2024-05-06T07:30:08.039+0000] {processor.py:161} INFO - Started process (PID=954) to work on /opt/airflow/dags/scripts/load_to_postgres.py
[2024-05-06T07:30:08.041+0000] {processor.py:830} INFO - Processing file /opt/airflow/dags/scripts/load_to_postgres.py for tasks to queue
[2024-05-06T07:30:08.043+0000] {logging_mixin.py:188} INFO - [2024-05-06T07:30:08.042+0000] {dagbag.py:540} INFO - Filling up the DagBag from /opt/airflow/dags/scripts/load_to_postgres.py
[2024-05-06T07:30:08.522+0000] {processor.py:842} WARNING - No viable dags retrieved from /opt/airflow/dags/scripts/load_to_postgres.py
[2024-05-06T07:30:08.533+0000] {processor.py:183} INFO - Processing /opt/airflow/dags/scripts/load_to_postgres.py took 0.500 seconds
[2024-05-06T07:30:39.622+0000] {processor.py:161} INFO - Started process (PID=1022) to work on /opt/airflow/dags/scripts/load_to_postgres.py
[2024-05-06T07:30:39.626+0000] {processor.py:830} INFO - Processing file /opt/airflow/dags/scripts/load_to_postgres.py for tasks to queue
[2024-05-06T07:30:39.630+0000] {logging_mixin.py:188} INFO - [2024-05-06T07:30:39.629+0000] {dagbag.py:540} INFO - Filling up the DagBag from /opt/airflow/dags/scripts/load_to_postgres.py
[2024-05-06T07:30:41.055+0000] {processor.py:842} WARNING - No viable dags retrieved from /opt/airflow/dags/scripts/load_to_postgres.py
[2024-05-06T07:30:41.083+0000] {processor.py:183} INFO - Processing /opt/airflow/dags/scripts/load_to_postgres.py took 1.477 seconds
[2024-05-06T07:31:25.133+0000] {processor.py:161} INFO - Started process (PID=1354) to work on /opt/airflow/dags/scripts/load_to_postgres.py
[2024-05-06T07:31:25.137+0000] {processor.py:830} INFO - Processing file /opt/airflow/dags/scripts/load_to_postgres.py for tasks to queue
[2024-05-06T07:31:25.169+0000] {logging_mixin.py:188} INFO - [2024-05-06T07:31:25.164+0000] {dagbag.py:540} INFO - Filling up the DagBag from /opt/airflow/dags/scripts/load_to_postgres.py
[2024-05-06T07:31:56.220+0000] {logging_mixin.py:188} INFO - [2024-05-06T07:31:56.216+0000] {timeout.py:68} ERROR - Process timed out, PID: 1354
[2024-05-06T07:31:56.226+0000] {logging_mixin.py:188} WARNING - Exception ignored in: <function WeakKeyDictionary.__init__.<locals>.remove at 0x7fa4c7a75580>
[2024-05-06T07:31:56.232+0000] {logging_mixin.py:188} WARNING - Traceback (most recent call last):
[2024-05-06T07:31:56.235+0000] {logging_mixin.py:188} WARNING -   File "/usr/local/lib/python3.12/weakref.py", line 369, in remove
[2024-05-06T07:31:56.236+0000] {logging_mixin.py:188} WARNING -     def remove(k, selfref=ref(self)):
[2024-05-06T07:31:56.237+0000] {logging_mixin.py:188} WARNING -   File "/home/airflow/.local/lib/python3.12/site-packages/airflow/utils/timeout.py", line 69, in handle_timeout
[2024-05-06T07:31:56.238+0000] {logging_mixin.py:188} WARNING -     raise AirflowTaskTimeout(self.error_message)
[2024-05-06T07:31:56.241+0000] {logging_mixin.py:188} WARNING - airflow.exceptions.AirflowTaskTimeout: DagBag import timeout for /opt/airflow/dags/scripts/load_to_postgres.py after 30.0s.
Please take a look at these docs to improve your DAG import time:
* https://airflow.apache.org/docs/apache-airflow/2.9.0/best-practices.html#top-level-python-code
* https://airflow.apache.org/docs/apache-airflow/2.9.0/best-practices.html#reducing-dag-complexity, PID: 1354
[2024-05-06T07:31:56.543+0000] {processor.py:842} WARNING - No viable dags retrieved from /opt/airflow/dags/scripts/load_to_postgres.py
[2024-05-06T07:31:56.581+0000] {processor.py:183} INFO - Processing /opt/airflow/dags/scripts/load_to_postgres.py took 31.167 seconds
[2024-05-06T07:32:26.750+0000] {processor.py:161} INFO - Started process (PID=1543) to work on /opt/airflow/dags/scripts/load_to_postgres.py
[2024-05-06T07:32:26.755+0000] {processor.py:830} INFO - Processing file /opt/airflow/dags/scripts/load_to_postgres.py for tasks to queue
[2024-05-06T07:32:26.761+0000] {logging_mixin.py:188} INFO - [2024-05-06T07:32:26.760+0000] {dagbag.py:540} INFO - Filling up the DagBag from /opt/airflow/dags/scripts/load_to_postgres.py
[2024-05-06T07:32:27.726+0000] {processor.py:842} WARNING - No viable dags retrieved from /opt/airflow/dags/scripts/load_to_postgres.py
[2024-05-06T07:32:27.745+0000] {processor.py:183} INFO - Processing /opt/airflow/dags/scripts/load_to_postgres.py took 1.028 seconds
[2024-05-06T07:32:57.899+0000] {processor.py:161} INFO - Started process (PID=1590) to work on /opt/airflow/dags/scripts/load_to_postgres.py
[2024-05-06T07:32:57.906+0000] {processor.py:830} INFO - Processing file /opt/airflow/dags/scripts/load_to_postgres.py for tasks to queue
[2024-05-06T07:32:57.918+0000] {logging_mixin.py:188} INFO - [2024-05-06T07:32:57.916+0000] {dagbag.py:540} INFO - Filling up the DagBag from /opt/airflow/dags/scripts/load_to_postgres.py
[2024-05-06T07:32:58.848+0000] {processor.py:842} WARNING - No viable dags retrieved from /opt/airflow/dags/scripts/load_to_postgres.py
[2024-05-06T07:32:58.872+0000] {processor.py:183} INFO - Processing /opt/airflow/dags/scripts/load_to_postgres.py took 0.984 seconds
[2024-05-06T07:33:29.214+0000] {processor.py:161} INFO - Started process (PID=1622) to work on /opt/airflow/dags/scripts/load_to_postgres.py
[2024-05-06T07:33:29.215+0000] {processor.py:830} INFO - Processing file /opt/airflow/dags/scripts/load_to_postgres.py for tasks to queue
[2024-05-06T07:33:29.223+0000] {logging_mixin.py:188} INFO - [2024-05-06T07:33:29.222+0000] {dagbag.py:540} INFO - Filling up the DagBag from /opt/airflow/dags/scripts/load_to_postgres.py
[2024-05-06T07:33:30.502+0000] {processor.py:842} WARNING - No viable dags retrieved from /opt/airflow/dags/scripts/load_to_postgres.py
[2024-05-06T07:33:30.531+0000] {processor.py:183} INFO - Processing /opt/airflow/dags/scripts/load_to_postgres.py took 1.331 seconds
[2024-05-06T07:34:00.837+0000] {processor.py:161} INFO - Started process (PID=1664) to work on /opt/airflow/dags/scripts/load_to_postgres.py
[2024-05-06T07:34:00.839+0000] {processor.py:830} INFO - Processing file /opt/airflow/dags/scripts/load_to_postgres.py for tasks to queue
[2024-05-06T07:34:00.853+0000] {logging_mixin.py:188} INFO - [2024-05-06T07:34:00.852+0000] {dagbag.py:540} INFO - Filling up the DagBag from /opt/airflow/dags/scripts/load_to_postgres.py
[2024-05-06T07:34:01.812+0000] {processor.py:842} WARNING - No viable dags retrieved from /opt/airflow/dags/scripts/load_to_postgres.py
[2024-05-06T07:34:01.846+0000] {processor.py:183} INFO - Processing /opt/airflow/dags/scripts/load_to_postgres.py took 1.022 seconds
[2024-05-06T07:34:32.597+0000] {processor.py:161} INFO - Started process (PID=1709) to work on /opt/airflow/dags/scripts/load_to_postgres.py
[2024-05-06T07:34:32.600+0000] {processor.py:830} INFO - Processing file /opt/airflow/dags/scripts/load_to_postgres.py for tasks to queue
[2024-05-06T07:34:32.604+0000] {logging_mixin.py:188} INFO - [2024-05-06T07:34:32.603+0000] {dagbag.py:540} INFO - Filling up the DagBag from /opt/airflow/dags/scripts/load_to_postgres.py
[2024-05-06T07:34:33.613+0000] {processor.py:842} WARNING - No viable dags retrieved from /opt/airflow/dags/scripts/load_to_postgres.py
[2024-05-06T07:34:33.633+0000] {processor.py:183} INFO - Processing /opt/airflow/dags/scripts/load_to_postgres.py took 1.050 seconds
[2024-05-06T07:35:04.089+0000] {processor.py:161} INFO - Started process (PID=1742) to work on /opt/airflow/dags/scripts/load_to_postgres.py
[2024-05-06T07:35:04.090+0000] {processor.py:830} INFO - Processing file /opt/airflow/dags/scripts/load_to_postgres.py for tasks to queue
[2024-05-06T07:35:04.094+0000] {logging_mixin.py:188} INFO - [2024-05-06T07:35:04.094+0000] {dagbag.py:540} INFO - Filling up the DagBag from /opt/airflow/dags/scripts/load_to_postgres.py
[2024-05-06T07:35:05.124+0000] {processor.py:842} WARNING - No viable dags retrieved from /opt/airflow/dags/scripts/load_to_postgres.py
[2024-05-06T07:35:05.144+0000] {processor.py:183} INFO - Processing /opt/airflow/dags/scripts/load_to_postgres.py took 1.068 seconds
[2024-05-06T07:35:35.577+0000] {processor.py:161} INFO - Started process (PID=1784) to work on /opt/airflow/dags/scripts/load_to_postgres.py
[2024-05-06T07:35:35.579+0000] {processor.py:830} INFO - Processing file /opt/airflow/dags/scripts/load_to_postgres.py for tasks to queue
[2024-05-06T07:35:35.584+0000] {logging_mixin.py:188} INFO - [2024-05-06T07:35:35.583+0000] {dagbag.py:540} INFO - Filling up the DagBag from /opt/airflow/dags/scripts/load_to_postgres.py
[2024-05-06T07:35:36.485+0000] {processor.py:842} WARNING - No viable dags retrieved from /opt/airflow/dags/scripts/load_to_postgres.py
[2024-05-06T07:35:36.503+0000] {processor.py:183} INFO - Processing /opt/airflow/dags/scripts/load_to_postgres.py took 0.939 seconds
[2024-05-06T07:36:06.939+0000] {processor.py:161} INFO - Started process (PID=1830) to work on /opt/airflow/dags/scripts/load_to_postgres.py
[2024-05-06T07:36:06.945+0000] {processor.py:830} INFO - Processing file /opt/airflow/dags/scripts/load_to_postgres.py for tasks to queue
[2024-05-06T07:36:06.959+0000] {logging_mixin.py:188} INFO - [2024-05-06T07:36:06.958+0000] {dagbag.py:540} INFO - Filling up the DagBag from /opt/airflow/dags/scripts/load_to_postgres.py
[2024-05-06T07:36:07.778+0000] {processor.py:842} WARNING - No viable dags retrieved from /opt/airflow/dags/scripts/load_to_postgres.py
[2024-05-06T07:36:07.806+0000] {processor.py:183} INFO - Processing /opt/airflow/dags/scripts/load_to_postgres.py took 0.886 seconds
[2024-05-06T07:36:38.211+0000] {processor.py:161} INFO - Started process (PID=1876) to work on /opt/airflow/dags/scripts/load_to_postgres.py
[2024-05-06T07:36:38.217+0000] {processor.py:830} INFO - Processing file /opt/airflow/dags/scripts/load_to_postgres.py for tasks to queue
[2024-05-06T07:36:38.222+0000] {logging_mixin.py:188} INFO - [2024-05-06T07:36:38.221+0000] {dagbag.py:540} INFO - Filling up the DagBag from /opt/airflow/dags/scripts/load_to_postgres.py
[2024-05-06T07:36:39.059+0000] {processor.py:842} WARNING - No viable dags retrieved from /opt/airflow/dags/scripts/load_to_postgres.py
[2024-05-06T07:36:39.077+0000] {processor.py:183} INFO - Processing /opt/airflow/dags/scripts/load_to_postgres.py took 0.877 seconds
[2024-05-06T07:37:09.535+0000] {processor.py:161} INFO - Started process (PID=1909) to work on /opt/airflow/dags/scripts/load_to_postgres.py
[2024-05-06T07:37:09.539+0000] {processor.py:830} INFO - Processing file /opt/airflow/dags/scripts/load_to_postgres.py for tasks to queue
[2024-05-06T07:37:09.543+0000] {logging_mixin.py:188} INFO - [2024-05-06T07:37:09.542+0000] {dagbag.py:540} INFO - Filling up the DagBag from /opt/airflow/dags/scripts/load_to_postgres.py
[2024-05-06T07:37:10.926+0000] {processor.py:842} WARNING - No viable dags retrieved from /opt/airflow/dags/scripts/load_to_postgres.py
[2024-05-06T07:37:10.955+0000] {processor.py:183} INFO - Processing /opt/airflow/dags/scripts/load_to_postgres.py took 1.436 seconds
[2024-05-06T07:39:01.019+0000] {processor.py:161} INFO - Started process (PID=169) to work on /opt/airflow/dags/scripts/load_to_postgres.py
[2024-05-06T07:39:01.021+0000] {processor.py:830} INFO - Processing file /opt/airflow/dags/scripts/load_to_postgres.py for tasks to queue
[2024-05-06T07:39:01.023+0000] {logging_mixin.py:188} INFO - [2024-05-06T07:39:01.023+0000] {dagbag.py:540} INFO - Filling up the DagBag from /opt/airflow/dags/scripts/load_to_postgres.py
[2024-05-06T07:39:02.953+0000] {processor.py:842} WARNING - No viable dags retrieved from /opt/airflow/dags/scripts/load_to_postgres.py
[2024-05-06T07:39:02.969+0000] {processor.py:183} INFO - Processing /opt/airflow/dags/scripts/load_to_postgres.py took 1.957 seconds
[2024-05-06T07:39:33.391+0000] {processor.py:161} INFO - Started process (PID=215) to work on /opt/airflow/dags/scripts/load_to_postgres.py
[2024-05-06T07:39:33.392+0000] {processor.py:830} INFO - Processing file /opt/airflow/dags/scripts/load_to_postgres.py for tasks to queue
[2024-05-06T07:39:33.394+0000] {logging_mixin.py:188} INFO - [2024-05-06T07:39:33.394+0000] {dagbag.py:540} INFO - Filling up the DagBag from /opt/airflow/dags/scripts/load_to_postgres.py
[2024-05-06T07:39:33.878+0000] {processor.py:842} WARNING - No viable dags retrieved from /opt/airflow/dags/scripts/load_to_postgres.py
[2024-05-06T07:39:33.894+0000] {processor.py:183} INFO - Processing /opt/airflow/dags/scripts/load_to_postgres.py took 0.511 seconds
[2024-05-06T07:40:04.792+0000] {processor.py:161} INFO - Started process (PID=261) to work on /opt/airflow/dags/scripts/load_to_postgres.py
[2024-05-06T07:40:04.793+0000] {processor.py:830} INFO - Processing file /opt/airflow/dags/scripts/load_to_postgres.py for tasks to queue
[2024-05-06T07:40:04.795+0000] {logging_mixin.py:188} INFO - [2024-05-06T07:40:04.794+0000] {dagbag.py:540} INFO - Filling up the DagBag from /opt/airflow/dags/scripts/load_to_postgres.py
[2024-05-06T07:40:05.106+0000] {processor.py:842} WARNING - No viable dags retrieved from /opt/airflow/dags/scripts/load_to_postgres.py
[2024-05-06T07:40:05.120+0000] {processor.py:183} INFO - Processing /opt/airflow/dags/scripts/load_to_postgres.py took 0.335 seconds
[2024-05-06T07:40:35.961+0000] {processor.py:161} INFO - Started process (PID=307) to work on /opt/airflow/dags/scripts/load_to_postgres.py
[2024-05-06T07:40:35.962+0000] {processor.py:830} INFO - Processing file /opt/airflow/dags/scripts/load_to_postgres.py for tasks to queue
[2024-05-06T07:40:35.964+0000] {logging_mixin.py:188} INFO - [2024-05-06T07:40:35.964+0000] {dagbag.py:540} INFO - Filling up the DagBag from /opt/airflow/dags/scripts/load_to_postgres.py
[2024-05-06T07:40:36.507+0000] {processor.py:842} WARNING - No viable dags retrieved from /opt/airflow/dags/scripts/load_to_postgres.py
[2024-05-06T07:40:36.521+0000] {processor.py:183} INFO - Processing /opt/airflow/dags/scripts/load_to_postgres.py took 0.567 seconds
[2024-05-06T07:41:07.554+0000] {processor.py:161} INFO - Started process (PID=692) to work on /opt/airflow/dags/scripts/load_to_postgres.py
[2024-05-06T07:41:07.560+0000] {processor.py:830} INFO - Processing file /opt/airflow/dags/scripts/load_to_postgres.py for tasks to queue
[2024-05-06T07:41:07.614+0000] {logging_mixin.py:188} INFO - [2024-05-06T07:41:07.606+0000] {dagbag.py:540} INFO - Filling up the DagBag from /opt/airflow/dags/scripts/load_to_postgres.py
[2024-05-06T07:41:13.052+0000] {processor.py:842} WARNING - No viable dags retrieved from /opt/airflow/dags/scripts/load_to_postgres.py
[2024-05-06T07:41:13.160+0000] {processor.py:183} INFO - Processing /opt/airflow/dags/scripts/load_to_postgres.py took 5.973 seconds
[2024-05-06T07:41:57.478+0000] {processor.py:161} INFO - Started process (PID=717) to work on /opt/airflow/dags/scripts/load_to_postgres.py
[2024-05-06T07:41:57.481+0000] {processor.py:830} INFO - Processing file /opt/airflow/dags/scripts/load_to_postgres.py for tasks to queue
[2024-05-06T07:41:57.489+0000] {logging_mixin.py:188} INFO - [2024-05-06T07:41:57.488+0000] {dagbag.py:540} INFO - Filling up the DagBag from /opt/airflow/dags/scripts/load_to_postgres.py
[2024-05-06T07:41:59.567+0000] {processor.py:842} WARNING - No viable dags retrieved from /opt/airflow/dags/scripts/load_to_postgres.py
[2024-05-06T07:41:59.613+0000] {processor.py:183} INFO - Processing /opt/airflow/dags/scripts/load_to_postgres.py took 2.161 seconds
[2024-05-06T07:42:43.219+0000] {processor.py:161} INFO - Started process (PID=801) to work on /opt/airflow/dags/scripts/load_to_postgres.py
[2024-05-06T07:42:43.235+0000] {processor.py:830} INFO - Processing file /opt/airflow/dags/scripts/load_to_postgres.py for tasks to queue
[2024-05-06T07:42:43.282+0000] {logging_mixin.py:188} INFO - [2024-05-06T07:42:43.246+0000] {dagbag.py:540} INFO - Filling up the DagBag from /opt/airflow/dags/scripts/load_to_postgres.py
[2024-05-06T07:42:52.616+0000] {processor.py:842} WARNING - No viable dags retrieved from /opt/airflow/dags/scripts/load_to_postgres.py
[2024-05-06T07:42:52.649+0000] {processor.py:183} INFO - Processing /opt/airflow/dags/scripts/load_to_postgres.py took 11.230 seconds
[2024-05-06T07:43:22.852+0000] {processor.py:161} INFO - Started process (PID=918) to work on /opt/airflow/dags/scripts/load_to_postgres.py
[2024-05-06T07:43:22.853+0000] {processor.py:830} INFO - Processing file /opt/airflow/dags/scripts/load_to_postgres.py for tasks to queue
[2024-05-06T07:43:22.856+0000] {logging_mixin.py:188} INFO - [2024-05-06T07:43:22.855+0000] {dagbag.py:540} INFO - Filling up the DagBag from /opt/airflow/dags/scripts/load_to_postgres.py
[2024-05-06T07:43:23.645+0000] {processor.py:842} WARNING - No viable dags retrieved from /opt/airflow/dags/scripts/load_to_postgres.py
[2024-05-06T07:43:23.676+0000] {processor.py:183} INFO - Processing /opt/airflow/dags/scripts/load_to_postgres.py took 0.835 seconds
[2024-05-06T07:43:54.459+0000] {processor.py:161} INFO - Started process (PID=964) to work on /opt/airflow/dags/scripts/load_to_postgres.py
[2024-05-06T07:43:54.464+0000] {processor.py:830} INFO - Processing file /opt/airflow/dags/scripts/load_to_postgres.py for tasks to queue
[2024-05-06T07:43:54.467+0000] {logging_mixin.py:188} INFO - [2024-05-06T07:43:54.466+0000] {dagbag.py:540} INFO - Filling up the DagBag from /opt/airflow/dags/scripts/load_to_postgres.py
[2024-05-06T07:43:55.955+0000] {processor.py:842} WARNING - No viable dags retrieved from /opt/airflow/dags/scripts/load_to_postgres.py
[2024-05-06T07:43:55.970+0000] {processor.py:183} INFO - Processing /opt/airflow/dags/scripts/load_to_postgres.py took 1.527 seconds
[2024-05-06T07:44:26.496+0000] {processor.py:161} INFO - Started process (PID=997) to work on /opt/airflow/dags/scripts/load_to_postgres.py
[2024-05-06T07:44:26.497+0000] {processor.py:830} INFO - Processing file /opt/airflow/dags/scripts/load_to_postgres.py for tasks to queue
[2024-05-06T07:44:26.499+0000] {logging_mixin.py:188} INFO - [2024-05-06T07:44:26.499+0000] {dagbag.py:540} INFO - Filling up the DagBag from /opt/airflow/dags/scripts/load_to_postgres.py
[2024-05-06T07:44:27.531+0000] {processor.py:842} WARNING - No viable dags retrieved from /opt/airflow/dags/scripts/load_to_postgres.py
[2024-05-06T07:44:27.552+0000] {processor.py:183} INFO - Processing /opt/airflow/dags/scripts/load_to_postgres.py took 1.071 seconds
[2024-05-06T07:44:58.172+0000] {processor.py:161} INFO - Started process (PID=1039) to work on /opt/airflow/dags/scripts/load_to_postgres.py
[2024-05-06T07:44:58.173+0000] {processor.py:830} INFO - Processing file /opt/airflow/dags/scripts/load_to_postgres.py for tasks to queue
[2024-05-06T07:44:58.175+0000] {logging_mixin.py:188} INFO - [2024-05-06T07:44:58.174+0000] {dagbag.py:540} INFO - Filling up the DagBag from /opt/airflow/dags/scripts/load_to_postgres.py
[2024-05-06T07:44:59.180+0000] {processor.py:842} WARNING - No viable dags retrieved from /opt/airflow/dags/scripts/load_to_postgres.py
[2024-05-06T07:44:59.196+0000] {processor.py:183} INFO - Processing /opt/airflow/dags/scripts/load_to_postgres.py took 1.037 seconds
[2024-05-06T07:45:29.371+0000] {processor.py:161} INFO - Started process (PID=1094) to work on /opt/airflow/dags/scripts/load_to_postgres.py
[2024-05-06T07:45:29.396+0000] {processor.py:830} INFO - Processing file /opt/airflow/dags/scripts/load_to_postgres.py for tasks to queue
[2024-05-06T07:45:29.403+0000] {logging_mixin.py:188} INFO - [2024-05-06T07:45:29.401+0000] {dagbag.py:540} INFO - Filling up the DagBag from /opt/airflow/dags/scripts/load_to_postgres.py
[2024-05-06T07:45:30.623+0000] {processor.py:842} WARNING - No viable dags retrieved from /opt/airflow/dags/scripts/load_to_postgres.py
[2024-05-06T07:45:30.656+0000] {processor.py:183} INFO - Processing /opt/airflow/dags/scripts/load_to_postgres.py took 1.300 seconds
[2024-05-06T07:46:00.904+0000] {processor.py:161} INFO - Started process (PID=1153) to work on /opt/airflow/dags/scripts/load_to_postgres.py
[2024-05-06T07:46:00.906+0000] {processor.py:830} INFO - Processing file /opt/airflow/dags/scripts/load_to_postgres.py for tasks to queue
[2024-05-06T07:46:00.907+0000] {logging_mixin.py:188} INFO - [2024-05-06T07:46:00.907+0000] {dagbag.py:540} INFO - Filling up the DagBag from /opt/airflow/dags/scripts/load_to_postgres.py
[2024-05-06T07:46:01.700+0000] {processor.py:842} WARNING - No viable dags retrieved from /opt/airflow/dags/scripts/load_to_postgres.py
[2024-05-06T07:46:01.718+0000] {processor.py:183} INFO - Processing /opt/airflow/dags/scripts/load_to_postgres.py took 0.828 seconds
[2024-05-06T07:46:32.261+0000] {processor.py:161} INFO - Started process (PID=1231) to work on /opt/airflow/dags/scripts/load_to_postgres.py
[2024-05-06T07:46:32.263+0000] {processor.py:830} INFO - Processing file /opt/airflow/dags/scripts/load_to_postgres.py for tasks to queue
[2024-05-06T07:46:32.265+0000] {logging_mixin.py:188} INFO - [2024-05-06T07:46:32.264+0000] {dagbag.py:540} INFO - Filling up the DagBag from /opt/airflow/dags/scripts/load_to_postgres.py
[2024-05-06T07:46:33.155+0000] {processor.py:842} WARNING - No viable dags retrieved from /opt/airflow/dags/scripts/load_to_postgres.py
[2024-05-06T07:46:33.174+0000] {processor.py:183} INFO - Processing /opt/airflow/dags/scripts/load_to_postgres.py took 0.925 seconds
[2024-05-06T07:47:03.374+0000] {processor.py:161} INFO - Started process (PID=1287) to work on /opt/airflow/dags/scripts/load_to_postgres.py
[2024-05-06T07:47:03.375+0000] {processor.py:830} INFO - Processing file /opt/airflow/dags/scripts/load_to_postgres.py for tasks to queue
[2024-05-06T07:47:03.376+0000] {logging_mixin.py:188} INFO - [2024-05-06T07:47:03.376+0000] {dagbag.py:540} INFO - Filling up the DagBag from /opt/airflow/dags/scripts/load_to_postgres.py
[2024-05-06T07:47:03.893+0000] {processor.py:842} WARNING - No viable dags retrieved from /opt/airflow/dags/scripts/load_to_postgres.py
[2024-05-06T07:47:03.905+0000] {processor.py:183} INFO - Processing /opt/airflow/dags/scripts/load_to_postgres.py took 0.538 seconds
[2024-05-06T07:47:34.059+0000] {processor.py:161} INFO - Started process (PID=1333) to work on /opt/airflow/dags/scripts/load_to_postgres.py
[2024-05-06T07:47:34.060+0000] {processor.py:830} INFO - Processing file /opt/airflow/dags/scripts/load_to_postgres.py for tasks to queue
[2024-05-06T07:47:34.061+0000] {logging_mixin.py:188} INFO - [2024-05-06T07:47:34.061+0000] {dagbag.py:540} INFO - Filling up the DagBag from /opt/airflow/dags/scripts/load_to_postgres.py
[2024-05-06T07:47:34.541+0000] {processor.py:842} WARNING - No viable dags retrieved from /opt/airflow/dags/scripts/load_to_postgres.py
[2024-05-06T07:47:34.553+0000] {processor.py:183} INFO - Processing /opt/airflow/dags/scripts/load_to_postgres.py took 0.502 seconds
[2024-05-06T07:48:04.720+0000] {processor.py:161} INFO - Started process (PID=1377) to work on /opt/airflow/dags/scripts/load_to_postgres.py
[2024-05-06T07:48:04.722+0000] {processor.py:830} INFO - Processing file /opt/airflow/dags/scripts/load_to_postgres.py for tasks to queue
[2024-05-06T07:48:04.724+0000] {logging_mixin.py:188} INFO - [2024-05-06T07:48:04.723+0000] {dagbag.py:540} INFO - Filling up the DagBag from /opt/airflow/dags/scripts/load_to_postgres.py
[2024-05-06T07:48:05.209+0000] {processor.py:842} WARNING - No viable dags retrieved from /opt/airflow/dags/scripts/load_to_postgres.py
[2024-05-06T07:48:05.220+0000] {processor.py:183} INFO - Processing /opt/airflow/dags/scripts/load_to_postgres.py took 0.508 seconds
[2024-05-06T07:48:35.460+0000] {processor.py:161} INFO - Started process (PID=1412) to work on /opt/airflow/dags/scripts/load_to_postgres.py
[2024-05-06T07:48:35.461+0000] {processor.py:830} INFO - Processing file /opt/airflow/dags/scripts/load_to_postgres.py for tasks to queue
[2024-05-06T07:48:35.462+0000] {logging_mixin.py:188} INFO - [2024-05-06T07:48:35.462+0000] {dagbag.py:540} INFO - Filling up the DagBag from /opt/airflow/dags/scripts/load_to_postgres.py
[2024-05-06T07:48:35.931+0000] {processor.py:842} WARNING - No viable dags retrieved from /opt/airflow/dags/scripts/load_to_postgres.py
[2024-05-06T07:48:35.942+0000] {processor.py:183} INFO - Processing /opt/airflow/dags/scripts/load_to_postgres.py took 0.489 seconds
[2024-05-06T07:49:06.130+0000] {processor.py:161} INFO - Started process (PID=1454) to work on /opt/airflow/dags/scripts/load_to_postgres.py
[2024-05-06T07:49:06.131+0000] {processor.py:830} INFO - Processing file /opt/airflow/dags/scripts/load_to_postgres.py for tasks to queue
[2024-05-06T07:49:06.132+0000] {logging_mixin.py:188} INFO - [2024-05-06T07:49:06.131+0000] {dagbag.py:540} INFO - Filling up the DagBag from /opt/airflow/dags/scripts/load_to_postgres.py
[2024-05-06T07:49:06.575+0000] {processor.py:842} WARNING - No viable dags retrieved from /opt/airflow/dags/scripts/load_to_postgres.py
[2024-05-06T07:49:06.586+0000] {processor.py:183} INFO - Processing /opt/airflow/dags/scripts/load_to_postgres.py took 0.463 seconds
[2024-05-06T07:49:36.931+0000] {processor.py:161} INFO - Started process (PID=1500) to work on /opt/airflow/dags/scripts/load_to_postgres.py
[2024-05-06T07:49:36.932+0000] {processor.py:830} INFO - Processing file /opt/airflow/dags/scripts/load_to_postgres.py for tasks to queue
[2024-05-06T07:49:36.933+0000] {logging_mixin.py:188} INFO - [2024-05-06T07:49:36.933+0000] {dagbag.py:540} INFO - Filling up the DagBag from /opt/airflow/dags/scripts/load_to_postgres.py
[2024-05-06T07:49:37.394+0000] {processor.py:842} WARNING - No viable dags retrieved from /opt/airflow/dags/scripts/load_to_postgres.py
[2024-05-06T07:49:37.408+0000] {processor.py:183} INFO - Processing /opt/airflow/dags/scripts/load_to_postgres.py took 0.484 seconds
[2024-05-06T07:50:08.025+0000] {processor.py:161} INFO - Started process (PID=1546) to work on /opt/airflow/dags/scripts/load_to_postgres.py
[2024-05-06T07:50:08.026+0000] {processor.py:830} INFO - Processing file /opt/airflow/dags/scripts/load_to_postgres.py for tasks to queue
[2024-05-06T07:50:08.027+0000] {logging_mixin.py:188} INFO - [2024-05-06T07:50:08.027+0000] {dagbag.py:540} INFO - Filling up the DagBag from /opt/airflow/dags/scripts/load_to_postgres.py
[2024-05-06T07:50:08.522+0000] {processor.py:842} WARNING - No viable dags retrieved from /opt/airflow/dags/scripts/load_to_postgres.py
[2024-05-06T07:50:08.533+0000] {processor.py:183} INFO - Processing /opt/airflow/dags/scripts/load_to_postgres.py took 0.516 seconds
[2024-05-06T07:50:38.863+0000] {processor.py:161} INFO - Started process (PID=1592) to work on /opt/airflow/dags/scripts/load_to_postgres.py
[2024-05-06T07:50:38.864+0000] {processor.py:830} INFO - Processing file /opt/airflow/dags/scripts/load_to_postgres.py for tasks to queue
[2024-05-06T07:50:38.865+0000] {logging_mixin.py:188} INFO - [2024-05-06T07:50:38.865+0000] {dagbag.py:540} INFO - Filling up the DagBag from /opt/airflow/dags/scripts/load_to_postgres.py
[2024-05-06T07:50:39.323+0000] {processor.py:842} WARNING - No viable dags retrieved from /opt/airflow/dags/scripts/load_to_postgres.py
[2024-05-06T07:50:39.334+0000] {processor.py:183} INFO - Processing /opt/airflow/dags/scripts/load_to_postgres.py took 0.478 seconds
[2024-05-06T07:51:09.943+0000] {processor.py:161} INFO - Started process (PID=1638) to work on /opt/airflow/dags/scripts/load_to_postgres.py
[2024-05-06T07:51:09.944+0000] {processor.py:830} INFO - Processing file /opt/airflow/dags/scripts/load_to_postgres.py for tasks to queue
[2024-05-06T07:51:09.946+0000] {logging_mixin.py:188} INFO - [2024-05-06T07:51:09.945+0000] {dagbag.py:540} INFO - Filling up the DagBag from /opt/airflow/dags/scripts/load_to_postgres.py
[2024-05-06T07:51:10.388+0000] {processor.py:842} WARNING - No viable dags retrieved from /opt/airflow/dags/scripts/load_to_postgres.py
[2024-05-06T07:51:10.399+0000] {processor.py:183} INFO - Processing /opt/airflow/dags/scripts/load_to_postgres.py took 0.463 seconds
[2024-05-06T07:51:40.733+0000] {processor.py:161} INFO - Started process (PID=1684) to work on /opt/airflow/dags/scripts/load_to_postgres.py
[2024-05-06T07:51:40.734+0000] {processor.py:830} INFO - Processing file /opt/airflow/dags/scripts/load_to_postgres.py for tasks to queue
[2024-05-06T07:51:40.735+0000] {logging_mixin.py:188} INFO - [2024-05-06T07:51:40.735+0000] {dagbag.py:540} INFO - Filling up the DagBag from /opt/airflow/dags/scripts/load_to_postgres.py
[2024-05-06T07:51:41.176+0000] {processor.py:842} WARNING - No viable dags retrieved from /opt/airflow/dags/scripts/load_to_postgres.py
[2024-05-06T07:51:41.187+0000] {processor.py:183} INFO - Processing /opt/airflow/dags/scripts/load_to_postgres.py took 0.461 seconds
[2024-05-06T07:52:11.502+0000] {processor.py:161} INFO - Started process (PID=1730) to work on /opt/airflow/dags/scripts/load_to_postgres.py
[2024-05-06T07:52:11.504+0000] {processor.py:830} INFO - Processing file /opt/airflow/dags/scripts/load_to_postgres.py for tasks to queue
[2024-05-06T07:52:11.505+0000] {logging_mixin.py:188} INFO - [2024-05-06T07:52:11.504+0000] {dagbag.py:540} INFO - Filling up the DagBag from /opt/airflow/dags/scripts/load_to_postgres.py
[2024-05-06T07:52:11.977+0000] {processor.py:842} WARNING - No viable dags retrieved from /opt/airflow/dags/scripts/load_to_postgres.py
[2024-05-06T07:52:11.988+0000] {processor.py:183} INFO - Processing /opt/airflow/dags/scripts/load_to_postgres.py took 0.493 seconds
[2024-05-06T07:52:42.630+0000] {processor.py:161} INFO - Started process (PID=1776) to work on /opt/airflow/dags/scripts/load_to_postgres.py
[2024-05-06T07:52:42.631+0000] {processor.py:830} INFO - Processing file /opt/airflow/dags/scripts/load_to_postgres.py for tasks to queue
[2024-05-06T07:52:42.632+0000] {logging_mixin.py:188} INFO - [2024-05-06T07:52:42.632+0000] {dagbag.py:540} INFO - Filling up the DagBag from /opt/airflow/dags/scripts/load_to_postgres.py
[2024-05-06T07:52:43.071+0000] {processor.py:842} WARNING - No viable dags retrieved from /opt/airflow/dags/scripts/load_to_postgres.py
[2024-05-06T07:52:43.082+0000] {processor.py:183} INFO - Processing /opt/airflow/dags/scripts/load_to_postgres.py took 0.459 seconds
[2024-05-06T07:53:13.478+0000] {processor.py:161} INFO - Started process (PID=1822) to work on /opt/airflow/dags/scripts/load_to_postgres.py
[2024-05-06T07:53:13.479+0000] {processor.py:830} INFO - Processing file /opt/airflow/dags/scripts/load_to_postgres.py for tasks to queue
[2024-05-06T07:53:13.480+0000] {logging_mixin.py:188} INFO - [2024-05-06T07:53:13.480+0000] {dagbag.py:540} INFO - Filling up the DagBag from /opt/airflow/dags/scripts/load_to_postgres.py
[2024-05-06T07:53:13.921+0000] {processor.py:842} WARNING - No viable dags retrieved from /opt/airflow/dags/scripts/load_to_postgres.py
[2024-05-06T07:53:13.933+0000] {processor.py:183} INFO - Processing /opt/airflow/dags/scripts/load_to_postgres.py took 0.462 seconds
[2024-05-06T07:53:44.244+0000] {processor.py:161} INFO - Started process (PID=1868) to work on /opt/airflow/dags/scripts/load_to_postgres.py
[2024-05-06T07:53:44.245+0000] {processor.py:830} INFO - Processing file /opt/airflow/dags/scripts/load_to_postgres.py for tasks to queue
[2024-05-06T07:53:44.246+0000] {logging_mixin.py:188} INFO - [2024-05-06T07:53:44.246+0000] {dagbag.py:540} INFO - Filling up the DagBag from /opt/airflow/dags/scripts/load_to_postgres.py
[2024-05-06T07:53:44.680+0000] {processor.py:842} WARNING - No viable dags retrieved from /opt/airflow/dags/scripts/load_to_postgres.py
[2024-05-06T07:53:44.691+0000] {processor.py:183} INFO - Processing /opt/airflow/dags/scripts/load_to_postgres.py took 0.454 seconds
[2024-05-06T07:54:15.014+0000] {processor.py:161} INFO - Started process (PID=1914) to work on /opt/airflow/dags/scripts/load_to_postgres.py
[2024-05-06T07:54:15.016+0000] {processor.py:830} INFO - Processing file /opt/airflow/dags/scripts/load_to_postgres.py for tasks to queue
[2024-05-06T07:54:15.017+0000] {logging_mixin.py:188} INFO - [2024-05-06T07:54:15.016+0000] {dagbag.py:540} INFO - Filling up the DagBag from /opt/airflow/dags/scripts/load_to_postgres.py
[2024-05-06T07:54:15.468+0000] {processor.py:842} WARNING - No viable dags retrieved from /opt/airflow/dags/scripts/load_to_postgres.py
[2024-05-06T07:54:15.480+0000] {processor.py:183} INFO - Processing /opt/airflow/dags/scripts/load_to_postgres.py took 0.475 seconds
[2024-05-06T07:54:45.785+0000] {processor.py:161} INFO - Started process (PID=1947) to work on /opt/airflow/dags/scripts/load_to_postgres.py
[2024-05-06T07:54:45.786+0000] {processor.py:830} INFO - Processing file /opt/airflow/dags/scripts/load_to_postgres.py for tasks to queue
[2024-05-06T07:54:45.787+0000] {logging_mixin.py:188} INFO - [2024-05-06T07:54:45.787+0000] {dagbag.py:540} INFO - Filling up the DagBag from /opt/airflow/dags/scripts/load_to_postgres.py
[2024-05-06T07:54:46.333+0000] {processor.py:842} WARNING - No viable dags retrieved from /opt/airflow/dags/scripts/load_to_postgres.py
[2024-05-06T07:54:46.345+0000] {processor.py:183} INFO - Processing /opt/airflow/dags/scripts/load_to_postgres.py took 0.567 seconds
[2024-05-06T07:55:16.634+0000] {processor.py:161} INFO - Started process (PID=1995) to work on /opt/airflow/dags/scripts/load_to_postgres.py
[2024-05-06T07:55:16.635+0000] {processor.py:830} INFO - Processing file /opt/airflow/dags/scripts/load_to_postgres.py for tasks to queue
[2024-05-06T07:55:16.637+0000] {logging_mixin.py:188} INFO - [2024-05-06T07:55:16.636+0000] {dagbag.py:540} INFO - Filling up the DagBag from /opt/airflow/dags/scripts/load_to_postgres.py
[2024-05-06T07:55:17.105+0000] {processor.py:842} WARNING - No viable dags retrieved from /opt/airflow/dags/scripts/load_to_postgres.py
[2024-05-06T07:55:17.119+0000] {processor.py:183} INFO - Processing /opt/airflow/dags/scripts/load_to_postgres.py took 0.492 seconds
[2024-05-06T07:55:47.252+0000] {processor.py:161} INFO - Started process (PID=2041) to work on /opt/airflow/dags/scripts/load_to_postgres.py
[2024-05-06T07:55:47.253+0000] {processor.py:830} INFO - Processing file /opt/airflow/dags/scripts/load_to_postgres.py for tasks to queue
[2024-05-06T07:55:47.254+0000] {logging_mixin.py:188} INFO - [2024-05-06T07:55:47.254+0000] {dagbag.py:540} INFO - Filling up the DagBag from /opt/airflow/dags/scripts/load_to_postgres.py
[2024-05-06T07:55:47.699+0000] {processor.py:842} WARNING - No viable dags retrieved from /opt/airflow/dags/scripts/load_to_postgres.py
[2024-05-06T07:55:47.714+0000] {processor.py:183} INFO - Processing /opt/airflow/dags/scripts/load_to_postgres.py took 0.469 seconds
[2024-05-06T07:56:18.044+0000] {processor.py:161} INFO - Started process (PID=2074) to work on /opt/airflow/dags/scripts/load_to_postgres.py
[2024-05-06T07:56:18.045+0000] {processor.py:830} INFO - Processing file /opt/airflow/dags/scripts/load_to_postgres.py for tasks to queue
[2024-05-06T07:56:18.047+0000] {logging_mixin.py:188} INFO - [2024-05-06T07:56:18.046+0000] {dagbag.py:540} INFO - Filling up the DagBag from /opt/airflow/dags/scripts/load_to_postgres.py
[2024-05-06T07:56:18.563+0000] {processor.py:842} WARNING - No viable dags retrieved from /opt/airflow/dags/scripts/load_to_postgres.py
[2024-05-06T07:56:18.575+0000] {processor.py:183} INFO - Processing /opt/airflow/dags/scripts/load_to_postgres.py took 0.538 seconds
[2024-05-06T07:56:48.897+0000] {processor.py:161} INFO - Started process (PID=2119) to work on /opt/airflow/dags/scripts/load_to_postgres.py
[2024-05-06T07:56:48.898+0000] {processor.py:830} INFO - Processing file /opt/airflow/dags/scripts/load_to_postgres.py for tasks to queue
[2024-05-06T07:56:48.899+0000] {logging_mixin.py:188} INFO - [2024-05-06T07:56:48.898+0000] {dagbag.py:540} INFO - Filling up the DagBag from /opt/airflow/dags/scripts/load_to_postgres.py
[2024-05-06T07:56:49.373+0000] {processor.py:842} WARNING - No viable dags retrieved from /opt/airflow/dags/scripts/load_to_postgres.py
[2024-05-06T07:56:49.384+0000] {processor.py:183} INFO - Processing /opt/airflow/dags/scripts/load_to_postgres.py took 0.495 seconds
[2024-05-06T07:57:19.646+0000] {processor.py:161} INFO - Started process (PID=2162) to work on /opt/airflow/dags/scripts/load_to_postgres.py
[2024-05-06T07:57:19.648+0000] {processor.py:830} INFO - Processing file /opt/airflow/dags/scripts/load_to_postgres.py for tasks to queue
[2024-05-06T07:57:19.649+0000] {logging_mixin.py:188} INFO - [2024-05-06T07:57:19.648+0000] {dagbag.py:540} INFO - Filling up the DagBag from /opt/airflow/dags/scripts/load_to_postgres.py
[2024-05-06T07:57:20.086+0000] {processor.py:842} WARNING - No viable dags retrieved from /opt/airflow/dags/scripts/load_to_postgres.py
[2024-05-06T07:57:20.097+0000] {processor.py:183} INFO - Processing /opt/airflow/dags/scripts/load_to_postgres.py took 0.458 seconds
[2024-05-06T07:57:50.489+0000] {processor.py:161} INFO - Started process (PID=2208) to work on /opt/airflow/dags/scripts/load_to_postgres.py
[2024-05-06T07:57:50.491+0000] {processor.py:830} INFO - Processing file /opt/airflow/dags/scripts/load_to_postgres.py for tasks to queue
[2024-05-06T07:57:50.492+0000] {logging_mixin.py:188} INFO - [2024-05-06T07:57:50.491+0000] {dagbag.py:540} INFO - Filling up the DagBag from /opt/airflow/dags/scripts/load_to_postgres.py
[2024-05-06T07:57:50.935+0000] {processor.py:842} WARNING - No viable dags retrieved from /opt/airflow/dags/scripts/load_to_postgres.py
[2024-05-06T07:57:50.946+0000] {processor.py:183} INFO - Processing /opt/airflow/dags/scripts/load_to_postgres.py took 0.464 seconds
[2024-05-06T07:58:21.544+0000] {processor.py:161} INFO - Started process (PID=2254) to work on /opt/airflow/dags/scripts/load_to_postgres.py
[2024-05-06T07:58:21.545+0000] {processor.py:830} INFO - Processing file /opt/airflow/dags/scripts/load_to_postgres.py for tasks to queue
[2024-05-06T07:58:21.547+0000] {logging_mixin.py:188} INFO - [2024-05-06T07:58:21.546+0000] {dagbag.py:540} INFO - Filling up the DagBag from /opt/airflow/dags/scripts/load_to_postgres.py
[2024-05-06T07:58:22.001+0000] {processor.py:842} WARNING - No viable dags retrieved from /opt/airflow/dags/scripts/load_to_postgres.py
[2024-05-06T07:58:22.012+0000] {processor.py:183} INFO - Processing /opt/airflow/dags/scripts/load_to_postgres.py took 0.474 seconds
[2024-05-06T07:58:52.347+0000] {processor.py:161} INFO - Started process (PID=2300) to work on /opt/airflow/dags/scripts/load_to_postgres.py
[2024-05-06T07:58:52.348+0000] {processor.py:830} INFO - Processing file /opt/airflow/dags/scripts/load_to_postgres.py for tasks to queue
[2024-05-06T07:58:52.349+0000] {logging_mixin.py:188} INFO - [2024-05-06T07:58:52.349+0000] {dagbag.py:540} INFO - Filling up the DagBag from /opt/airflow/dags/scripts/load_to_postgres.py
[2024-05-06T07:58:52.809+0000] {processor.py:842} WARNING - No viable dags retrieved from /opt/airflow/dags/scripts/load_to_postgres.py
[2024-05-06T07:58:52.820+0000] {processor.py:183} INFO - Processing /opt/airflow/dags/scripts/load_to_postgres.py took 0.480 seconds
[2024-05-06T07:59:23.485+0000] {processor.py:161} INFO - Started process (PID=2346) to work on /opt/airflow/dags/scripts/load_to_postgres.py
[2024-05-06T07:59:23.486+0000] {processor.py:830} INFO - Processing file /opt/airflow/dags/scripts/load_to_postgres.py for tasks to queue
[2024-05-06T07:59:23.488+0000] {logging_mixin.py:188} INFO - [2024-05-06T07:59:23.487+0000] {dagbag.py:540} INFO - Filling up the DagBag from /opt/airflow/dags/scripts/load_to_postgres.py
[2024-05-06T07:59:23.964+0000] {processor.py:842} WARNING - No viable dags retrieved from /opt/airflow/dags/scripts/load_to_postgres.py
[2024-05-06T07:59:23.975+0000] {processor.py:183} INFO - Processing /opt/airflow/dags/scripts/load_to_postgres.py took 0.497 seconds
[2024-05-06T07:59:54.079+0000] {processor.py:161} INFO - Started process (PID=2392) to work on /opt/airflow/dags/scripts/load_to_postgres.py
[2024-05-06T07:59:54.080+0000] {processor.py:830} INFO - Processing file /opt/airflow/dags/scripts/load_to_postgres.py for tasks to queue
[2024-05-06T07:59:54.082+0000] {logging_mixin.py:188} INFO - [2024-05-06T07:59:54.081+0000] {dagbag.py:540} INFO - Filling up the DagBag from /opt/airflow/dags/scripts/load_to_postgres.py
[2024-05-06T07:59:54.524+0000] {processor.py:842} WARNING - No viable dags retrieved from /opt/airflow/dags/scripts/load_to_postgres.py
[2024-05-06T07:59:54.535+0000] {processor.py:183} INFO - Processing /opt/airflow/dags/scripts/load_to_postgres.py took 0.463 seconds
[2024-05-06T08:00:24.869+0000] {processor.py:161} INFO - Started process (PID=2438) to work on /opt/airflow/dags/scripts/load_to_postgres.py
[2024-05-06T08:00:24.870+0000] {processor.py:830} INFO - Processing file /opt/airflow/dags/scripts/load_to_postgres.py for tasks to queue
[2024-05-06T08:00:24.871+0000] {logging_mixin.py:188} INFO - [2024-05-06T08:00:24.871+0000] {dagbag.py:540} INFO - Filling up the DagBag from /opt/airflow/dags/scripts/load_to_postgres.py
[2024-05-06T08:00:25.339+0000] {processor.py:842} WARNING - No viable dags retrieved from /opt/airflow/dags/scripts/load_to_postgres.py
[2024-05-06T08:00:25.353+0000] {processor.py:183} INFO - Processing /opt/airflow/dags/scripts/load_to_postgres.py took 0.491 seconds
[2024-05-06T08:00:55.676+0000] {processor.py:161} INFO - Started process (PID=2484) to work on /opt/airflow/dags/scripts/load_to_postgres.py
[2024-05-06T08:00:55.677+0000] {processor.py:830} INFO - Processing file /opt/airflow/dags/scripts/load_to_postgres.py for tasks to queue
[2024-05-06T08:00:55.678+0000] {logging_mixin.py:188} INFO - [2024-05-06T08:00:55.678+0000] {dagbag.py:540} INFO - Filling up the DagBag from /opt/airflow/dags/scripts/load_to_postgres.py
[2024-05-06T08:00:56.145+0000] {processor.py:842} WARNING - No viable dags retrieved from /opt/airflow/dags/scripts/load_to_postgres.py
[2024-05-06T08:00:56.157+0000] {processor.py:183} INFO - Processing /opt/airflow/dags/scripts/load_to_postgres.py took 0.488 seconds
