[2024-04-30T08:54:42.338+0000] {local_task_job_runner.py:120} INFO - ::group::Pre task execution logs
[2024-04-30T08:54:42.367+0000] {taskinstance.py:2073} INFO - Dependencies all met for dep_context=non-requeueable deps ti=<TaskInstance: tweets_dag_v4.connect_to_database manual__2024-04-30T08:44:45.732115+00:00 [queued]>
[2024-04-30T08:54:42.376+0000] {taskinstance.py:2073} INFO - Dependencies all met for dep_context=requeueable deps ti=<TaskInstance: tweets_dag_v4.connect_to_database manual__2024-04-30T08:44:45.732115+00:00 [queued]>
[2024-04-30T08:54:42.377+0000] {taskinstance.py:2303} INFO - Starting attempt 3 of 8
[2024-04-30T08:54:42.393+0000] {taskinstance.py:2327} INFO - Executing <Task(PythonOperator): connect_to_database> on 2024-04-30 08:44:45.732115+00:00
[2024-04-30T08:54:42.403+0000] {logging_mixin.py:188} WARNING - /home/***/.local/lib/python3.12/site-packages/***/task/task_runner/standard_task_runner.py:61 DeprecationWarning: This process (pid=3116) is multi-threaded, use of fork() may lead to deadlocks in the child.
[2024-04-30T08:54:42.403+0000] {standard_task_runner.py:90} INFO - Running: ['***', 'tasks', 'run', 'tweets_dag_v4', 'connect_to_database', 'manual__2024-04-30T08:44:45.732115+00:00', '--job-id', '283', '--raw', '--subdir', 'DAGS_FOLDER/twitter_data_dag.py', '--cfg-path', '/tmp/tmp7eshml74']
[2024-04-30T08:54:42.405+0000] {standard_task_runner.py:63} INFO - Started process 3129 to run task
[2024-04-30T08:54:42.405+0000] {standard_task_runner.py:91} INFO - Job 283: Subtask connect_to_database
[2024-04-30T08:54:42.451+0000] {task_command.py:426} INFO - Running <TaskInstance: tweets_dag_v4.connect_to_database manual__2024-04-30T08:44:45.732115+00:00 [running]> on host 37e9c82bc18f
[2024-04-30T08:54:42.527+0000] {taskinstance.py:2644} INFO - Exporting env vars: AIRFLOW_CTX_DAG_OWNER='stan' AIRFLOW_CTX_DAG_ID='tweets_dag_v4' AIRFLOW_CTX_TASK_ID='connect_to_database' AIRFLOW_CTX_EXECUTION_DATE='2024-04-30T08:44:45.732115+00:00' AIRFLOW_CTX_TRY_NUMBER='3' AIRFLOW_CTX_DAG_RUN_ID='manual__2024-04-30T08:44:45.732115+00:00'
[2024-04-30T08:54:42.528+0000] {taskinstance.py:430} INFO - ::endgroup::
[2024-04-30T08:54:42.571+0000] {taskinstance.py:441} INFO - ::group::Post task execution logs
[2024-04-30T08:54:42.572+0000] {taskinstance.py:2890} ERROR - Task failed with exception
Traceback (most recent call last):
  File "/home/airflow/.local/lib/python3.12/site-packages/airflow/models/taskinstance.py", line 465, in _execute_task
    result = _execute_callable(context=context, **execute_callable_kwargs)
             ^^^^^^^^^^^^^^^^^^^^^^^^^^^^^^^^^^^^^^^^^^^^^^^^^^^^^^^^^^^^^
  File "/home/airflow/.local/lib/python3.12/site-packages/airflow/models/taskinstance.py", line 432, in _execute_callable
    return execute_callable(context=context, **execute_callable_kwargs)
           ^^^^^^^^^^^^^^^^^^^^^^^^^^^^^^^^^^^^^^^^^^^^^^^^^^^^^^^^^^^^
  File "/home/airflow/.local/lib/python3.12/site-packages/airflow/models/baseoperator.py", line 400, in wrapper
    return func(self, *args, **kwargs)
           ^^^^^^^^^^^^^^^^^^^^^^^^^^^
  File "/home/airflow/.local/lib/python3.12/site-packages/airflow/operators/python.py", line 235, in execute
    return_value = self.execute_callable()
                   ^^^^^^^^^^^^^^^^^^^^^^^
  File "/home/airflow/.local/lib/python3.12/site-packages/airflow/operators/python.py", line 252, in execute_callable
    return self.python_callable(*self.op_args, **self.op_kwargs)
           ^^^^^^^^^^^^^^^^^^^^^^^^^^^^^^^^^^^^^^^^^^^^^^^^^^^^^
  File "/opt/airflow/dags/load_to_postgres.py", line 14, in load_csv_postgres
    cur = connection.cursor()
          ^^^^^^^^^^^^^^^^^
AttributeError: 'Connection' object has no attribute 'cursor'
[2024-04-30T08:54:42.585+0000] {taskinstance.py:1205} INFO - Marking task as UP_FOR_RETRY. dag_id=tweets_dag_v4, task_id=connect_to_database, execution_date=20240430T084445, start_date=20240430T085442, end_date=20240430T085442
[2024-04-30T08:54:42.595+0000] {standard_task_runner.py:110} ERROR - Failed to execute job 283 for task connect_to_database ('Connection' object has no attribute 'cursor'; 3129)
[2024-04-30T08:54:42.620+0000] {local_task_job_runner.py:240} INFO - Task exited with return code 1
[2024-04-30T08:54:42.636+0000] {taskinstance.py:3482} INFO - 0 downstream tasks scheduled from follow-on schedule check
[2024-04-30T08:54:42.639+0000] {local_task_job_runner.py:222} INFO - ::endgroup::
