[2024-04-25T13:39:08.492+0000] {processor.py:161} INFO - Started process (PID=328) to work on /home/airflow/.local/lib/python3.12/site-packages/airflow/example_dags/example_short_circuit_operator.py
[2024-04-25T13:39:08.493+0000] {processor.py:830} INFO - Processing file /home/airflow/.local/lib/python3.12/site-packages/airflow/example_dags/example_short_circuit_operator.py for tasks to queue
[2024-04-25T13:39:08.496+0000] {logging_mixin.py:188} INFO - [2024-04-25T13:39:08.495+0000] {dagbag.py:540} INFO - Filling up the DagBag from /home/airflow/.local/lib/python3.12/site-packages/airflow/example_dags/example_short_circuit_operator.py
[2024-04-25T13:39:08.510+0000] {processor.py:840} INFO - DAG(s) 'example_short_circuit_operator' retrieved from /home/airflow/.local/lib/python3.12/site-packages/airflow/example_dags/example_short_circuit_operator.py
[2024-04-25T13:39:08.675+0000] {logging_mixin.py:188} INFO - [2024-04-25T13:39:08.675+0000] {dag.py:3096} INFO - Sync 1 DAGs
[2024-04-25T13:39:08.712+0000] {logging_mixin.py:188} INFO - [2024-04-25T13:39:08.711+0000] {dag.py:3954} INFO - Setting next_dagrun for example_short_circuit_operator to 2024-04-24 00:00:00+00:00, run_after=2024-04-25 00:00:00+00:00
[2024-04-25T13:39:08.740+0000] {processor.py:183} INFO - Processing /home/airflow/.local/lib/python3.12/site-packages/airflow/example_dags/example_short_circuit_operator.py took 0.256 seconds
[2024-04-25T13:39:39.132+0000] {processor.py:161} INFO - Started process (PID=590) to work on /home/airflow/.local/lib/python3.12/site-packages/airflow/example_dags/example_short_circuit_operator.py
[2024-04-25T13:39:39.133+0000] {processor.py:830} INFO - Processing file /home/airflow/.local/lib/python3.12/site-packages/airflow/example_dags/example_short_circuit_operator.py for tasks to queue
[2024-04-25T13:39:39.136+0000] {logging_mixin.py:188} INFO - [2024-04-25T13:39:39.135+0000] {dagbag.py:540} INFO - Filling up the DagBag from /home/airflow/.local/lib/python3.12/site-packages/airflow/example_dags/example_short_circuit_operator.py
[2024-04-25T13:39:39.148+0000] {processor.py:840} INFO - DAG(s) 'example_short_circuit_operator' retrieved from /home/airflow/.local/lib/python3.12/site-packages/airflow/example_dags/example_short_circuit_operator.py
[2024-04-25T13:39:39.185+0000] {logging_mixin.py:188} INFO - [2024-04-25T13:39:39.184+0000] {dag.py:3096} INFO - Sync 1 DAGs
[2024-04-25T13:39:39.224+0000] {logging_mixin.py:188} INFO - [2024-04-25T13:39:39.223+0000] {dag.py:3954} INFO - Setting next_dagrun for example_short_circuit_operator to 2024-04-24 00:00:00+00:00, run_after=2024-04-25 00:00:00+00:00
[2024-04-25T13:39:39.251+0000] {processor.py:183} INFO - Processing /home/airflow/.local/lib/python3.12/site-packages/airflow/example_dags/example_short_circuit_operator.py took 0.127 seconds
[2024-04-25T13:40:09.299+0000] {processor.py:161} INFO - Started process (PID=852) to work on /home/airflow/.local/lib/python3.12/site-packages/airflow/example_dags/example_short_circuit_operator.py
[2024-04-25T13:40:09.300+0000] {processor.py:830} INFO - Processing file /home/airflow/.local/lib/python3.12/site-packages/airflow/example_dags/example_short_circuit_operator.py for tasks to queue
[2024-04-25T13:40:09.302+0000] {logging_mixin.py:188} INFO - [2024-04-25T13:40:09.302+0000] {dagbag.py:540} INFO - Filling up the DagBag from /home/airflow/.local/lib/python3.12/site-packages/airflow/example_dags/example_short_circuit_operator.py
[2024-04-25T13:40:09.310+0000] {processor.py:840} INFO - DAG(s) 'example_short_circuit_operator' retrieved from /home/airflow/.local/lib/python3.12/site-packages/airflow/example_dags/example_short_circuit_operator.py
[2024-04-25T13:40:09.338+0000] {logging_mixin.py:188} INFO - [2024-04-25T13:40:09.337+0000] {dag.py:3096} INFO - Sync 1 DAGs
[2024-04-25T13:40:09.362+0000] {logging_mixin.py:188} INFO - [2024-04-25T13:40:09.362+0000] {dag.py:3954} INFO - Setting next_dagrun for example_short_circuit_operator to 2024-04-24 00:00:00+00:00, run_after=2024-04-25 00:00:00+00:00
[2024-04-25T13:40:09.383+0000] {processor.py:183} INFO - Processing /home/airflow/.local/lib/python3.12/site-packages/airflow/example_dags/example_short_circuit_operator.py took 0.090 seconds
[2024-04-25T13:40:39.494+0000] {processor.py:161} INFO - Started process (PID=1114) to work on /home/airflow/.local/lib/python3.12/site-packages/airflow/example_dags/example_short_circuit_operator.py
[2024-04-25T13:40:39.495+0000] {processor.py:830} INFO - Processing file /home/airflow/.local/lib/python3.12/site-packages/airflow/example_dags/example_short_circuit_operator.py for tasks to queue
[2024-04-25T13:40:39.497+0000] {logging_mixin.py:188} INFO - [2024-04-25T13:40:39.497+0000] {dagbag.py:540} INFO - Filling up the DagBag from /home/airflow/.local/lib/python3.12/site-packages/airflow/example_dags/example_short_circuit_operator.py
[2024-04-25T13:40:39.504+0000] {processor.py:840} INFO - DAG(s) 'example_short_circuit_operator' retrieved from /home/airflow/.local/lib/python3.12/site-packages/airflow/example_dags/example_short_circuit_operator.py
[2024-04-25T13:40:39.530+0000] {logging_mixin.py:188} INFO - [2024-04-25T13:40:39.529+0000] {dag.py:3096} INFO - Sync 1 DAGs
[2024-04-25T13:40:39.552+0000] {logging_mixin.py:188} INFO - [2024-04-25T13:40:39.551+0000] {dag.py:3954} INFO - Setting next_dagrun for example_short_circuit_operator to 2024-04-24 00:00:00+00:00, run_after=2024-04-25 00:00:00+00:00
[2024-04-25T13:40:39.571+0000] {processor.py:183} INFO - Processing /home/airflow/.local/lib/python3.12/site-packages/airflow/example_dags/example_short_circuit_operator.py took 0.084 seconds
[2024-04-25T13:41:10.164+0000] {processor.py:161} INFO - Started process (PID=1376) to work on /home/airflow/.local/lib/python3.12/site-packages/airflow/example_dags/example_short_circuit_operator.py
[2024-04-25T13:41:10.165+0000] {processor.py:830} INFO - Processing file /home/airflow/.local/lib/python3.12/site-packages/airflow/example_dags/example_short_circuit_operator.py for tasks to queue
[2024-04-25T13:41:10.167+0000] {logging_mixin.py:188} INFO - [2024-04-25T13:41:10.167+0000] {dagbag.py:540} INFO - Filling up the DagBag from /home/airflow/.local/lib/python3.12/site-packages/airflow/example_dags/example_short_circuit_operator.py
[2024-04-25T13:41:10.175+0000] {processor.py:840} INFO - DAG(s) 'example_short_circuit_operator' retrieved from /home/airflow/.local/lib/python3.12/site-packages/airflow/example_dags/example_short_circuit_operator.py
[2024-04-25T13:41:10.203+0000] {logging_mixin.py:188} INFO - [2024-04-25T13:41:10.203+0000] {dag.py:3096} INFO - Sync 1 DAGs
[2024-04-25T13:41:10.227+0000] {logging_mixin.py:188} INFO - [2024-04-25T13:41:10.227+0000] {dag.py:3954} INFO - Setting next_dagrun for example_short_circuit_operator to 2024-04-24 00:00:00+00:00, run_after=2024-04-25 00:00:00+00:00
[2024-04-25T13:41:10.250+0000] {processor.py:183} INFO - Processing /home/airflow/.local/lib/python3.12/site-packages/airflow/example_dags/example_short_circuit_operator.py took 0.093 seconds
[2024-04-25T13:41:40.927+0000] {processor.py:161} INFO - Started process (PID=1638) to work on /home/airflow/.local/lib/python3.12/site-packages/airflow/example_dags/example_short_circuit_operator.py
[2024-04-25T13:41:40.928+0000] {processor.py:830} INFO - Processing file /home/airflow/.local/lib/python3.12/site-packages/airflow/example_dags/example_short_circuit_operator.py for tasks to queue
[2024-04-25T13:41:40.932+0000] {logging_mixin.py:188} INFO - [2024-04-25T13:41:40.931+0000] {dagbag.py:540} INFO - Filling up the DagBag from /home/airflow/.local/lib/python3.12/site-packages/airflow/example_dags/example_short_circuit_operator.py
[2024-04-25T13:41:40.940+0000] {processor.py:840} INFO - DAG(s) 'example_short_circuit_operator' retrieved from /home/airflow/.local/lib/python3.12/site-packages/airflow/example_dags/example_short_circuit_operator.py
[2024-04-25T13:41:40.969+0000] {logging_mixin.py:188} INFO - [2024-04-25T13:41:40.969+0000] {dag.py:3096} INFO - Sync 1 DAGs
[2024-04-25T13:41:40.997+0000] {logging_mixin.py:188} INFO - [2024-04-25T13:41:40.996+0000] {dag.py:3954} INFO - Setting next_dagrun for example_short_circuit_operator to 2024-04-24 00:00:00+00:00, run_after=2024-04-25 00:00:00+00:00
[2024-04-25T13:41:41.019+0000] {processor.py:183} INFO - Processing /home/airflow/.local/lib/python3.12/site-packages/airflow/example_dags/example_short_circuit_operator.py took 0.099 seconds
[2024-04-25T13:42:11.160+0000] {processor.py:161} INFO - Started process (PID=1901) to work on /home/airflow/.local/lib/python3.12/site-packages/airflow/example_dags/example_short_circuit_operator.py
[2024-04-25T13:42:11.161+0000] {processor.py:830} INFO - Processing file /home/airflow/.local/lib/python3.12/site-packages/airflow/example_dags/example_short_circuit_operator.py for tasks to queue
[2024-04-25T13:42:11.163+0000] {logging_mixin.py:188} INFO - [2024-04-25T13:42:11.163+0000] {dagbag.py:540} INFO - Filling up the DagBag from /home/airflow/.local/lib/python3.12/site-packages/airflow/example_dags/example_short_circuit_operator.py
[2024-04-25T13:42:11.171+0000] {processor.py:840} INFO - DAG(s) 'example_short_circuit_operator' retrieved from /home/airflow/.local/lib/python3.12/site-packages/airflow/example_dags/example_short_circuit_operator.py
[2024-04-25T13:42:11.196+0000] {logging_mixin.py:188} INFO - [2024-04-25T13:42:11.196+0000] {dag.py:3096} INFO - Sync 1 DAGs
[2024-04-25T13:42:11.219+0000] {logging_mixin.py:188} INFO - [2024-04-25T13:42:11.219+0000] {dag.py:3954} INFO - Setting next_dagrun for example_short_circuit_operator to 2024-04-24 00:00:00+00:00, run_after=2024-04-25 00:00:00+00:00
[2024-04-25T13:42:11.239+0000] {processor.py:183} INFO - Processing /home/airflow/.local/lib/python3.12/site-packages/airflow/example_dags/example_short_circuit_operator.py took 0.085 seconds
[2024-04-25T13:42:41.487+0000] {processor.py:161} INFO - Started process (PID=2162) to work on /home/airflow/.local/lib/python3.12/site-packages/airflow/example_dags/example_short_circuit_operator.py
[2024-04-25T13:42:41.489+0000] {processor.py:830} INFO - Processing file /home/airflow/.local/lib/python3.12/site-packages/airflow/example_dags/example_short_circuit_operator.py for tasks to queue
[2024-04-25T13:42:41.490+0000] {logging_mixin.py:188} INFO - [2024-04-25T13:42:41.490+0000] {dagbag.py:540} INFO - Filling up the DagBag from /home/airflow/.local/lib/python3.12/site-packages/airflow/example_dags/example_short_circuit_operator.py
[2024-04-25T13:42:41.499+0000] {processor.py:840} INFO - DAG(s) 'example_short_circuit_operator' retrieved from /home/airflow/.local/lib/python3.12/site-packages/airflow/example_dags/example_short_circuit_operator.py
[2024-04-25T13:42:41.524+0000] {logging_mixin.py:188} INFO - [2024-04-25T13:42:41.524+0000] {dag.py:3096} INFO - Sync 1 DAGs
[2024-04-25T13:42:41.547+0000] {logging_mixin.py:188} INFO - [2024-04-25T13:42:41.547+0000] {dag.py:3954} INFO - Setting next_dagrun for example_short_circuit_operator to 2024-04-24 00:00:00+00:00, run_after=2024-04-25 00:00:00+00:00
[2024-04-25T13:42:41.570+0000] {processor.py:183} INFO - Processing /home/airflow/.local/lib/python3.12/site-packages/airflow/example_dags/example_short_circuit_operator.py took 0.090 seconds
[2024-04-25T13:43:11.999+0000] {processor.py:161} INFO - Started process (PID=2424) to work on /home/airflow/.local/lib/python3.12/site-packages/airflow/example_dags/example_short_circuit_operator.py
[2024-04-25T13:43:12.001+0000] {processor.py:830} INFO - Processing file /home/airflow/.local/lib/python3.12/site-packages/airflow/example_dags/example_short_circuit_operator.py for tasks to queue
[2024-04-25T13:43:12.003+0000] {logging_mixin.py:188} INFO - [2024-04-25T13:43:12.003+0000] {dagbag.py:540} INFO - Filling up the DagBag from /home/airflow/.local/lib/python3.12/site-packages/airflow/example_dags/example_short_circuit_operator.py
[2024-04-25T13:43:12.012+0000] {processor.py:840} INFO - DAG(s) 'example_short_circuit_operator' retrieved from /home/airflow/.local/lib/python3.12/site-packages/airflow/example_dags/example_short_circuit_operator.py
[2024-04-25T13:43:12.040+0000] {logging_mixin.py:188} INFO - [2024-04-25T13:43:12.040+0000] {dag.py:3096} INFO - Sync 1 DAGs
[2024-04-25T13:43:12.066+0000] {logging_mixin.py:188} INFO - [2024-04-25T13:43:12.065+0000] {dag.py:3954} INFO - Setting next_dagrun for example_short_circuit_operator to 2024-04-24 00:00:00+00:00, run_after=2024-04-25 00:00:00+00:00
[2024-04-25T13:43:12.092+0000] {processor.py:183} INFO - Processing /home/airflow/.local/lib/python3.12/site-packages/airflow/example_dags/example_short_circuit_operator.py took 0.100 seconds
[2024-04-25T13:43:42.472+0000] {processor.py:161} INFO - Started process (PID=2686) to work on /home/airflow/.local/lib/python3.12/site-packages/airflow/example_dags/example_short_circuit_operator.py
[2024-04-25T13:43:42.473+0000] {processor.py:830} INFO - Processing file /home/airflow/.local/lib/python3.12/site-packages/airflow/example_dags/example_short_circuit_operator.py for tasks to queue
[2024-04-25T13:43:42.475+0000] {logging_mixin.py:188} INFO - [2024-04-25T13:43:42.475+0000] {dagbag.py:540} INFO - Filling up the DagBag from /home/airflow/.local/lib/python3.12/site-packages/airflow/example_dags/example_short_circuit_operator.py
[2024-04-25T13:43:42.482+0000] {processor.py:840} INFO - DAG(s) 'example_short_circuit_operator' retrieved from /home/airflow/.local/lib/python3.12/site-packages/airflow/example_dags/example_short_circuit_operator.py
[2024-04-25T13:43:42.509+0000] {logging_mixin.py:188} INFO - [2024-04-25T13:43:42.509+0000] {dag.py:3096} INFO - Sync 1 DAGs
[2024-04-25T13:43:42.532+0000] {logging_mixin.py:188} INFO - [2024-04-25T13:43:42.532+0000] {dag.py:3954} INFO - Setting next_dagrun for example_short_circuit_operator to 2024-04-24 00:00:00+00:00, run_after=2024-04-25 00:00:00+00:00
[2024-04-25T13:43:42.554+0000] {processor.py:183} INFO - Processing /home/airflow/.local/lib/python3.12/site-packages/airflow/example_dags/example_short_circuit_operator.py took 0.089 seconds
[2024-04-25T13:44:12.836+0000] {processor.py:161} INFO - Started process (PID=2948) to work on /home/airflow/.local/lib/python3.12/site-packages/airflow/example_dags/example_short_circuit_operator.py
[2024-04-25T13:44:12.837+0000] {processor.py:830} INFO - Processing file /home/airflow/.local/lib/python3.12/site-packages/airflow/example_dags/example_short_circuit_operator.py for tasks to queue
[2024-04-25T13:44:12.840+0000] {logging_mixin.py:188} INFO - [2024-04-25T13:44:12.839+0000] {dagbag.py:540} INFO - Filling up the DagBag from /home/airflow/.local/lib/python3.12/site-packages/airflow/example_dags/example_short_circuit_operator.py
[2024-04-25T13:44:12.848+0000] {processor.py:840} INFO - DAG(s) 'example_short_circuit_operator' retrieved from /home/airflow/.local/lib/python3.12/site-packages/airflow/example_dags/example_short_circuit_operator.py
[2024-04-25T13:44:12.877+0000] {logging_mixin.py:188} INFO - [2024-04-25T13:44:12.877+0000] {dag.py:3096} INFO - Sync 1 DAGs
[2024-04-25T13:44:12.900+0000] {logging_mixin.py:188} INFO - [2024-04-25T13:44:12.900+0000] {dag.py:3954} INFO - Setting next_dagrun for example_short_circuit_operator to 2024-04-24 00:00:00+00:00, run_after=2024-04-25 00:00:00+00:00
[2024-04-25T13:44:12.920+0000] {processor.py:183} INFO - Processing /home/airflow/.local/lib/python3.12/site-packages/airflow/example_dags/example_short_circuit_operator.py took 0.090 seconds
[2024-04-25T13:44:43.333+0000] {processor.py:161} INFO - Started process (PID=3210) to work on /home/airflow/.local/lib/python3.12/site-packages/airflow/example_dags/example_short_circuit_operator.py
[2024-04-25T13:44:43.334+0000] {processor.py:830} INFO - Processing file /home/airflow/.local/lib/python3.12/site-packages/airflow/example_dags/example_short_circuit_operator.py for tasks to queue
[2024-04-25T13:44:43.336+0000] {logging_mixin.py:188} INFO - [2024-04-25T13:44:43.336+0000] {dagbag.py:540} INFO - Filling up the DagBag from /home/airflow/.local/lib/python3.12/site-packages/airflow/example_dags/example_short_circuit_operator.py
[2024-04-25T13:44:43.344+0000] {processor.py:840} INFO - DAG(s) 'example_short_circuit_operator' retrieved from /home/airflow/.local/lib/python3.12/site-packages/airflow/example_dags/example_short_circuit_operator.py
[2024-04-25T13:44:43.369+0000] {logging_mixin.py:188} INFO - [2024-04-25T13:44:43.368+0000] {dag.py:3096} INFO - Sync 1 DAGs
[2024-04-25T13:44:43.392+0000] {logging_mixin.py:188} INFO - [2024-04-25T13:44:43.392+0000] {dag.py:3954} INFO - Setting next_dagrun for example_short_circuit_operator to 2024-04-24 00:00:00+00:00, run_after=2024-04-25 00:00:00+00:00
[2024-04-25T13:44:43.413+0000] {processor.py:183} INFO - Processing /home/airflow/.local/lib/python3.12/site-packages/airflow/example_dags/example_short_circuit_operator.py took 0.087 seconds
[2024-04-25T13:45:14.007+0000] {processor.py:161} INFO - Started process (PID=3472) to work on /home/airflow/.local/lib/python3.12/site-packages/airflow/example_dags/example_short_circuit_operator.py
[2024-04-25T13:45:14.009+0000] {processor.py:830} INFO - Processing file /home/airflow/.local/lib/python3.12/site-packages/airflow/example_dags/example_short_circuit_operator.py for tasks to queue
[2024-04-25T13:45:14.012+0000] {logging_mixin.py:188} INFO - [2024-04-25T13:45:14.011+0000] {dagbag.py:540} INFO - Filling up the DagBag from /home/airflow/.local/lib/python3.12/site-packages/airflow/example_dags/example_short_circuit_operator.py
[2024-04-25T13:45:14.020+0000] {processor.py:840} INFO - DAG(s) 'example_short_circuit_operator' retrieved from /home/airflow/.local/lib/python3.12/site-packages/airflow/example_dags/example_short_circuit_operator.py
[2024-04-25T13:45:14.047+0000] {logging_mixin.py:188} INFO - [2024-04-25T13:45:14.046+0000] {dag.py:3096} INFO - Sync 1 DAGs
[2024-04-25T13:45:14.071+0000] {logging_mixin.py:188} INFO - [2024-04-25T13:45:14.071+0000] {dag.py:3954} INFO - Setting next_dagrun for example_short_circuit_operator to 2024-04-24 00:00:00+00:00, run_after=2024-04-25 00:00:00+00:00
[2024-04-25T13:45:14.095+0000] {processor.py:183} INFO - Processing /home/airflow/.local/lib/python3.12/site-packages/airflow/example_dags/example_short_circuit_operator.py took 0.095 seconds
[2024-04-25T13:45:44.305+0000] {processor.py:161} INFO - Started process (PID=3734) to work on /home/airflow/.local/lib/python3.12/site-packages/airflow/example_dags/example_short_circuit_operator.py
[2024-04-25T13:45:44.306+0000] {processor.py:830} INFO - Processing file /home/airflow/.local/lib/python3.12/site-packages/airflow/example_dags/example_short_circuit_operator.py for tasks to queue
[2024-04-25T13:45:44.308+0000] {logging_mixin.py:188} INFO - [2024-04-25T13:45:44.308+0000] {dagbag.py:540} INFO - Filling up the DagBag from /home/airflow/.local/lib/python3.12/site-packages/airflow/example_dags/example_short_circuit_operator.py
[2024-04-25T13:45:44.317+0000] {processor.py:840} INFO - DAG(s) 'example_short_circuit_operator' retrieved from /home/airflow/.local/lib/python3.12/site-packages/airflow/example_dags/example_short_circuit_operator.py
[2024-04-25T13:45:44.346+0000] {logging_mixin.py:188} INFO - [2024-04-25T13:45:44.346+0000] {dag.py:3096} INFO - Sync 1 DAGs
[2024-04-25T13:45:44.371+0000] {logging_mixin.py:188} INFO - [2024-04-25T13:45:44.370+0000] {dag.py:3954} INFO - Setting next_dagrun for example_short_circuit_operator to 2024-04-24 00:00:00+00:00, run_after=2024-04-25 00:00:00+00:00
[2024-04-25T13:45:44.392+0000] {processor.py:183} INFO - Processing /home/airflow/.local/lib/python3.12/site-packages/airflow/example_dags/example_short_circuit_operator.py took 0.093 seconds
[2024-04-25T13:46:15.156+0000] {processor.py:161} INFO - Started process (PID=3996) to work on /home/airflow/.local/lib/python3.12/site-packages/airflow/example_dags/example_short_circuit_operator.py
[2024-04-25T13:46:15.157+0000] {processor.py:830} INFO - Processing file /home/airflow/.local/lib/python3.12/site-packages/airflow/example_dags/example_short_circuit_operator.py for tasks to queue
[2024-04-25T13:46:15.159+0000] {logging_mixin.py:188} INFO - [2024-04-25T13:46:15.158+0000] {dagbag.py:540} INFO - Filling up the DagBag from /home/airflow/.local/lib/python3.12/site-packages/airflow/example_dags/example_short_circuit_operator.py
[2024-04-25T13:46:15.166+0000] {processor.py:840} INFO - DAG(s) 'example_short_circuit_operator' retrieved from /home/airflow/.local/lib/python3.12/site-packages/airflow/example_dags/example_short_circuit_operator.py
[2024-04-25T13:46:15.191+0000] {logging_mixin.py:188} INFO - [2024-04-25T13:46:15.191+0000] {dag.py:3096} INFO - Sync 1 DAGs
[2024-04-25T13:46:15.213+0000] {logging_mixin.py:188} INFO - [2024-04-25T13:46:15.213+0000] {dag.py:3954} INFO - Setting next_dagrun for example_short_circuit_operator to 2024-04-24 00:00:00+00:00, run_after=2024-04-25 00:00:00+00:00
[2024-04-25T13:46:15.238+0000] {processor.py:183} INFO - Processing /home/airflow/.local/lib/python3.12/site-packages/airflow/example_dags/example_short_circuit_operator.py took 0.089 seconds
[2024-04-25T13:46:45.573+0000] {processor.py:161} INFO - Started process (PID=4258) to work on /home/airflow/.local/lib/python3.12/site-packages/airflow/example_dags/example_short_circuit_operator.py
[2024-04-25T13:46:45.574+0000] {processor.py:830} INFO - Processing file /home/airflow/.local/lib/python3.12/site-packages/airflow/example_dags/example_short_circuit_operator.py for tasks to queue
[2024-04-25T13:46:45.576+0000] {logging_mixin.py:188} INFO - [2024-04-25T13:46:45.576+0000] {dagbag.py:540} INFO - Filling up the DagBag from /home/airflow/.local/lib/python3.12/site-packages/airflow/example_dags/example_short_circuit_operator.py
[2024-04-25T13:46:45.586+0000] {processor.py:840} INFO - DAG(s) 'example_short_circuit_operator' retrieved from /home/airflow/.local/lib/python3.12/site-packages/airflow/example_dags/example_short_circuit_operator.py
[2024-04-25T13:46:45.616+0000] {logging_mixin.py:188} INFO - [2024-04-25T13:46:45.615+0000] {dag.py:3096} INFO - Sync 1 DAGs
[2024-04-25T13:46:45.642+0000] {logging_mixin.py:188} INFO - [2024-04-25T13:46:45.642+0000] {dag.py:3954} INFO - Setting next_dagrun for example_short_circuit_operator to 2024-04-24 00:00:00+00:00, run_after=2024-04-25 00:00:00+00:00
[2024-04-25T13:46:45.666+0000] {processor.py:183} INFO - Processing /home/airflow/.local/lib/python3.12/site-packages/airflow/example_dags/example_short_circuit_operator.py took 0.102 seconds
[2024-04-25T13:47:16.091+0000] {processor.py:161} INFO - Started process (PID=4520) to work on /home/airflow/.local/lib/python3.12/site-packages/airflow/example_dags/example_short_circuit_operator.py
[2024-04-25T13:47:16.093+0000] {processor.py:830} INFO - Processing file /home/airflow/.local/lib/python3.12/site-packages/airflow/example_dags/example_short_circuit_operator.py for tasks to queue
[2024-04-25T13:47:16.095+0000] {logging_mixin.py:188} INFO - [2024-04-25T13:47:16.094+0000] {dagbag.py:540} INFO - Filling up the DagBag from /home/airflow/.local/lib/python3.12/site-packages/airflow/example_dags/example_short_circuit_operator.py
[2024-04-25T13:47:16.102+0000] {processor.py:840} INFO - DAG(s) 'example_short_circuit_operator' retrieved from /home/airflow/.local/lib/python3.12/site-packages/airflow/example_dags/example_short_circuit_operator.py
[2024-04-25T13:47:16.130+0000] {logging_mixin.py:188} INFO - [2024-04-25T13:47:16.130+0000] {dag.py:3096} INFO - Sync 1 DAGs
[2024-04-25T13:47:16.152+0000] {logging_mixin.py:188} INFO - [2024-04-25T13:47:16.152+0000] {dag.py:3954} INFO - Setting next_dagrun for example_short_circuit_operator to 2024-04-24 00:00:00+00:00, run_after=2024-04-25 00:00:00+00:00
[2024-04-25T13:47:16.172+0000] {processor.py:183} INFO - Processing /home/airflow/.local/lib/python3.12/site-packages/airflow/example_dags/example_short_circuit_operator.py took 0.087 seconds
[2024-04-25T13:47:46.395+0000] {processor.py:161} INFO - Started process (PID=4782) to work on /home/airflow/.local/lib/python3.12/site-packages/airflow/example_dags/example_short_circuit_operator.py
[2024-04-25T13:47:46.397+0000] {processor.py:830} INFO - Processing file /home/airflow/.local/lib/python3.12/site-packages/airflow/example_dags/example_short_circuit_operator.py for tasks to queue
[2024-04-25T13:47:46.399+0000] {logging_mixin.py:188} INFO - [2024-04-25T13:47:46.398+0000] {dagbag.py:540} INFO - Filling up the DagBag from /home/airflow/.local/lib/python3.12/site-packages/airflow/example_dags/example_short_circuit_operator.py
[2024-04-25T13:47:46.406+0000] {processor.py:840} INFO - DAG(s) 'example_short_circuit_operator' retrieved from /home/airflow/.local/lib/python3.12/site-packages/airflow/example_dags/example_short_circuit_operator.py
[2024-04-25T13:47:46.431+0000] {logging_mixin.py:188} INFO - [2024-04-25T13:47:46.431+0000] {dag.py:3096} INFO - Sync 1 DAGs
[2024-04-25T13:47:46.454+0000] {logging_mixin.py:188} INFO - [2024-04-25T13:47:46.454+0000] {dag.py:3954} INFO - Setting next_dagrun for example_short_circuit_operator to 2024-04-24 00:00:00+00:00, run_after=2024-04-25 00:00:00+00:00
[2024-04-25T13:47:46.473+0000] {processor.py:183} INFO - Processing /home/airflow/.local/lib/python3.12/site-packages/airflow/example_dags/example_short_circuit_operator.py took 0.084 seconds
[2024-04-25T13:48:16.866+0000] {processor.py:161} INFO - Started process (PID=5044) to work on /home/airflow/.local/lib/python3.12/site-packages/airflow/example_dags/example_short_circuit_operator.py
[2024-04-25T13:48:16.868+0000] {processor.py:830} INFO - Processing file /home/airflow/.local/lib/python3.12/site-packages/airflow/example_dags/example_short_circuit_operator.py for tasks to queue
[2024-04-25T13:48:16.870+0000] {logging_mixin.py:188} INFO - [2024-04-25T13:48:16.870+0000] {dagbag.py:540} INFO - Filling up the DagBag from /home/airflow/.local/lib/python3.12/site-packages/airflow/example_dags/example_short_circuit_operator.py
[2024-04-25T13:48:16.878+0000] {processor.py:840} INFO - DAG(s) 'example_short_circuit_operator' retrieved from /home/airflow/.local/lib/python3.12/site-packages/airflow/example_dags/example_short_circuit_operator.py
[2024-04-25T13:48:16.906+0000] {logging_mixin.py:188} INFO - [2024-04-25T13:48:16.905+0000] {dag.py:3096} INFO - Sync 1 DAGs
[2024-04-25T13:48:16.931+0000] {logging_mixin.py:188} INFO - [2024-04-25T13:48:16.931+0000] {dag.py:3954} INFO - Setting next_dagrun for example_short_circuit_operator to 2024-04-24 00:00:00+00:00, run_after=2024-04-25 00:00:00+00:00
[2024-04-25T13:48:16.952+0000] {processor.py:183} INFO - Processing /home/airflow/.local/lib/python3.12/site-packages/airflow/example_dags/example_short_circuit_operator.py took 0.092 seconds
[2024-04-25T13:48:47.478+0000] {processor.py:161} INFO - Started process (PID=5308) to work on /home/airflow/.local/lib/python3.12/site-packages/airflow/example_dags/example_short_circuit_operator.py
[2024-04-25T13:48:47.479+0000] {processor.py:830} INFO - Processing file /home/airflow/.local/lib/python3.12/site-packages/airflow/example_dags/example_short_circuit_operator.py for tasks to queue
[2024-04-25T13:48:47.480+0000] {logging_mixin.py:188} INFO - [2024-04-25T13:48:47.480+0000] {dagbag.py:540} INFO - Filling up the DagBag from /home/airflow/.local/lib/python3.12/site-packages/airflow/example_dags/example_short_circuit_operator.py
[2024-04-25T13:48:47.488+0000] {processor.py:840} INFO - DAG(s) 'example_short_circuit_operator' retrieved from /home/airflow/.local/lib/python3.12/site-packages/airflow/example_dags/example_short_circuit_operator.py
[2024-04-25T13:48:47.513+0000] {logging_mixin.py:188} INFO - [2024-04-25T13:48:47.513+0000] {dag.py:3096} INFO - Sync 1 DAGs
[2024-04-25T13:48:47.536+0000] {logging_mixin.py:188} INFO - [2024-04-25T13:48:47.536+0000] {dag.py:3954} INFO - Setting next_dagrun for example_short_circuit_operator to 2024-04-24 00:00:00+00:00, run_after=2024-04-25 00:00:00+00:00
[2024-04-25T13:48:47.557+0000] {processor.py:183} INFO - Processing /home/airflow/.local/lib/python3.12/site-packages/airflow/example_dags/example_short_circuit_operator.py took 0.085 seconds
[2024-04-25T13:49:17.687+0000] {processor.py:161} INFO - Started process (PID=5568) to work on /home/airflow/.local/lib/python3.12/site-packages/airflow/example_dags/example_short_circuit_operator.py
[2024-04-25T13:49:17.688+0000] {processor.py:830} INFO - Processing file /home/airflow/.local/lib/python3.12/site-packages/airflow/example_dags/example_short_circuit_operator.py for tasks to queue
[2024-04-25T13:49:17.691+0000] {logging_mixin.py:188} INFO - [2024-04-25T13:49:17.690+0000] {dagbag.py:540} INFO - Filling up the DagBag from /home/airflow/.local/lib/python3.12/site-packages/airflow/example_dags/example_short_circuit_operator.py
[2024-04-25T13:49:17.698+0000] {processor.py:840} INFO - DAG(s) 'example_short_circuit_operator' retrieved from /home/airflow/.local/lib/python3.12/site-packages/airflow/example_dags/example_short_circuit_operator.py
[2024-04-25T13:49:17.723+0000] {logging_mixin.py:188} INFO - [2024-04-25T13:49:17.723+0000] {dag.py:3096} INFO - Sync 1 DAGs
[2024-04-25T13:49:17.746+0000] {logging_mixin.py:188} INFO - [2024-04-25T13:49:17.746+0000] {dag.py:3954} INFO - Setting next_dagrun for example_short_circuit_operator to 2024-04-24 00:00:00+00:00, run_after=2024-04-25 00:00:00+00:00
[2024-04-25T13:49:17.766+0000] {processor.py:183} INFO - Processing /home/airflow/.local/lib/python3.12/site-packages/airflow/example_dags/example_short_circuit_operator.py took 0.085 seconds
[2024-04-25T13:49:48.228+0000] {processor.py:161} INFO - Started process (PID=5832) to work on /home/airflow/.local/lib/python3.12/site-packages/airflow/example_dags/example_short_circuit_operator.py
[2024-04-25T13:49:48.231+0000] {processor.py:830} INFO - Processing file /home/airflow/.local/lib/python3.12/site-packages/airflow/example_dags/example_short_circuit_operator.py for tasks to queue
[2024-04-25T13:49:48.234+0000] {logging_mixin.py:188} INFO - [2024-04-25T13:49:48.233+0000] {dagbag.py:540} INFO - Filling up the DagBag from /home/airflow/.local/lib/python3.12/site-packages/airflow/example_dags/example_short_circuit_operator.py
[2024-04-25T13:49:48.245+0000] {processor.py:840} INFO - DAG(s) 'example_short_circuit_operator' retrieved from /home/airflow/.local/lib/python3.12/site-packages/airflow/example_dags/example_short_circuit_operator.py
[2024-04-25T13:49:48.271+0000] {logging_mixin.py:188} INFO - [2024-04-25T13:49:48.271+0000] {dag.py:3096} INFO - Sync 1 DAGs
[2024-04-25T13:49:48.295+0000] {logging_mixin.py:188} INFO - [2024-04-25T13:49:48.294+0000] {dag.py:3954} INFO - Setting next_dagrun for example_short_circuit_operator to 2024-04-24 00:00:00+00:00, run_after=2024-04-25 00:00:00+00:00
[2024-04-25T13:49:48.314+0000] {processor.py:183} INFO - Processing /home/airflow/.local/lib/python3.12/site-packages/airflow/example_dags/example_short_circuit_operator.py took 0.097 seconds
[2024-04-25T13:50:18.865+0000] {processor.py:161} INFO - Started process (PID=6092) to work on /home/airflow/.local/lib/python3.12/site-packages/airflow/example_dags/example_short_circuit_operator.py
[2024-04-25T13:50:18.866+0000] {processor.py:830} INFO - Processing file /home/airflow/.local/lib/python3.12/site-packages/airflow/example_dags/example_short_circuit_operator.py for tasks to queue
[2024-04-25T13:50:18.868+0000] {logging_mixin.py:188} INFO - [2024-04-25T13:50:18.868+0000] {dagbag.py:540} INFO - Filling up the DagBag from /home/airflow/.local/lib/python3.12/site-packages/airflow/example_dags/example_short_circuit_operator.py
[2024-04-25T13:50:18.876+0000] {processor.py:840} INFO - DAG(s) 'example_short_circuit_operator' retrieved from /home/airflow/.local/lib/python3.12/site-packages/airflow/example_dags/example_short_circuit_operator.py
[2024-04-25T13:50:18.903+0000] {logging_mixin.py:188} INFO - [2024-04-25T13:50:18.903+0000] {dag.py:3096} INFO - Sync 1 DAGs
[2024-04-25T13:50:18.926+0000] {logging_mixin.py:188} INFO - [2024-04-25T13:50:18.926+0000] {dag.py:3954} INFO - Setting next_dagrun for example_short_circuit_operator to 2024-04-24 00:00:00+00:00, run_after=2024-04-25 00:00:00+00:00
[2024-04-25T13:50:18.947+0000] {processor.py:183} INFO - Processing /home/airflow/.local/lib/python3.12/site-packages/airflow/example_dags/example_short_circuit_operator.py took 0.088 seconds
[2024-04-25T13:50:49.396+0000] {processor.py:161} INFO - Started process (PID=6354) to work on /home/airflow/.local/lib/python3.12/site-packages/airflow/example_dags/example_short_circuit_operator.py
[2024-04-25T13:50:49.398+0000] {processor.py:830} INFO - Processing file /home/airflow/.local/lib/python3.12/site-packages/airflow/example_dags/example_short_circuit_operator.py for tasks to queue
[2024-04-25T13:50:49.401+0000] {logging_mixin.py:188} INFO - [2024-04-25T13:50:49.399+0000] {dagbag.py:540} INFO - Filling up the DagBag from /home/airflow/.local/lib/python3.12/site-packages/airflow/example_dags/example_short_circuit_operator.py
[2024-04-25T13:50:49.408+0000] {processor.py:840} INFO - DAG(s) 'example_short_circuit_operator' retrieved from /home/airflow/.local/lib/python3.12/site-packages/airflow/example_dags/example_short_circuit_operator.py
[2024-04-25T13:50:49.435+0000] {logging_mixin.py:188} INFO - [2024-04-25T13:50:49.435+0000] {dag.py:3096} INFO - Sync 1 DAGs
[2024-04-25T13:50:49.459+0000] {logging_mixin.py:188} INFO - [2024-04-25T13:50:49.459+0000] {dag.py:3954} INFO - Setting next_dagrun for example_short_circuit_operator to 2024-04-24 00:00:00+00:00, run_after=2024-04-25 00:00:00+00:00
[2024-04-25T13:50:49.602+0000] {processor.py:183} INFO - Processing /home/airflow/.local/lib/python3.12/site-packages/airflow/example_dags/example_short_circuit_operator.py took 0.212 seconds
[2024-04-25T13:51:20.164+0000] {processor.py:161} INFO - Started process (PID=6616) to work on /home/airflow/.local/lib/python3.12/site-packages/airflow/example_dags/example_short_circuit_operator.py
[2024-04-25T13:51:20.165+0000] {processor.py:830} INFO - Processing file /home/airflow/.local/lib/python3.12/site-packages/airflow/example_dags/example_short_circuit_operator.py for tasks to queue
[2024-04-25T13:51:20.168+0000] {logging_mixin.py:188} INFO - [2024-04-25T13:51:20.168+0000] {dagbag.py:540} INFO - Filling up the DagBag from /home/airflow/.local/lib/python3.12/site-packages/airflow/example_dags/example_short_circuit_operator.py
[2024-04-25T13:51:20.176+0000] {processor.py:840} INFO - DAG(s) 'example_short_circuit_operator' retrieved from /home/airflow/.local/lib/python3.12/site-packages/airflow/example_dags/example_short_circuit_operator.py
[2024-04-25T13:51:20.201+0000] {logging_mixin.py:188} INFO - [2024-04-25T13:51:20.201+0000] {dag.py:3096} INFO - Sync 1 DAGs
[2024-04-25T13:51:20.224+0000] {logging_mixin.py:188} INFO - [2024-04-25T13:51:20.223+0000] {dag.py:3954} INFO - Setting next_dagrun for example_short_circuit_operator to 2024-04-24 00:00:00+00:00, run_after=2024-04-25 00:00:00+00:00
[2024-04-25T13:51:20.243+0000] {processor.py:183} INFO - Processing /home/airflow/.local/lib/python3.12/site-packages/airflow/example_dags/example_short_circuit_operator.py took 0.086 seconds
[2024-04-25T13:51:50.575+0000] {processor.py:161} INFO - Started process (PID=6878) to work on /home/airflow/.local/lib/python3.12/site-packages/airflow/example_dags/example_short_circuit_operator.py
[2024-04-25T13:51:50.576+0000] {processor.py:830} INFO - Processing file /home/airflow/.local/lib/python3.12/site-packages/airflow/example_dags/example_short_circuit_operator.py for tasks to queue
[2024-04-25T13:51:50.579+0000] {logging_mixin.py:188} INFO - [2024-04-25T13:51:50.579+0000] {dagbag.py:540} INFO - Filling up the DagBag from /home/airflow/.local/lib/python3.12/site-packages/airflow/example_dags/example_short_circuit_operator.py
[2024-04-25T13:51:50.590+0000] {processor.py:840} INFO - DAG(s) 'example_short_circuit_operator' retrieved from /home/airflow/.local/lib/python3.12/site-packages/airflow/example_dags/example_short_circuit_operator.py
[2024-04-25T13:51:50.619+0000] {logging_mixin.py:188} INFO - [2024-04-25T13:51:50.619+0000] {dag.py:3096} INFO - Sync 1 DAGs
[2024-04-25T13:51:50.645+0000] {logging_mixin.py:188} INFO - [2024-04-25T13:51:50.645+0000] {dag.py:3954} INFO - Setting next_dagrun for example_short_circuit_operator to 2024-04-24 00:00:00+00:00, run_after=2024-04-25 00:00:00+00:00
[2024-04-25T13:51:50.669+0000] {processor.py:183} INFO - Processing /home/airflow/.local/lib/python3.12/site-packages/airflow/example_dags/example_short_circuit_operator.py took 0.101 seconds
[2024-04-25T13:52:21.292+0000] {processor.py:161} INFO - Started process (PID=7140) to work on /home/airflow/.local/lib/python3.12/site-packages/airflow/example_dags/example_short_circuit_operator.py
[2024-04-25T13:52:21.293+0000] {processor.py:830} INFO - Processing file /home/airflow/.local/lib/python3.12/site-packages/airflow/example_dags/example_short_circuit_operator.py for tasks to queue
[2024-04-25T13:52:21.295+0000] {logging_mixin.py:188} INFO - [2024-04-25T13:52:21.295+0000] {dagbag.py:540} INFO - Filling up the DagBag from /home/airflow/.local/lib/python3.12/site-packages/airflow/example_dags/example_short_circuit_operator.py
[2024-04-25T13:52:21.305+0000] {processor.py:840} INFO - DAG(s) 'example_short_circuit_operator' retrieved from /home/airflow/.local/lib/python3.12/site-packages/airflow/example_dags/example_short_circuit_operator.py
[2024-04-25T13:52:21.332+0000] {logging_mixin.py:188} INFO - [2024-04-25T13:52:21.332+0000] {dag.py:3096} INFO - Sync 1 DAGs
[2024-04-25T13:52:21.358+0000] {logging_mixin.py:188} INFO - [2024-04-25T13:52:21.358+0000] {dag.py:3954} INFO - Setting next_dagrun for example_short_circuit_operator to 2024-04-24 00:00:00+00:00, run_after=2024-04-25 00:00:00+00:00
[2024-04-25T13:52:21.380+0000] {processor.py:183} INFO - Processing /home/airflow/.local/lib/python3.12/site-packages/airflow/example_dags/example_short_circuit_operator.py took 0.094 seconds
[2024-04-25T13:52:51.749+0000] {processor.py:161} INFO - Started process (PID=7402) to work on /home/airflow/.local/lib/python3.12/site-packages/airflow/example_dags/example_short_circuit_operator.py
[2024-04-25T13:52:51.751+0000] {processor.py:830} INFO - Processing file /home/airflow/.local/lib/python3.12/site-packages/airflow/example_dags/example_short_circuit_operator.py for tasks to queue
[2024-04-25T13:52:51.753+0000] {logging_mixin.py:188} INFO - [2024-04-25T13:52:51.753+0000] {dagbag.py:540} INFO - Filling up the DagBag from /home/airflow/.local/lib/python3.12/site-packages/airflow/example_dags/example_short_circuit_operator.py
[2024-04-25T13:52:51.761+0000] {processor.py:840} INFO - DAG(s) 'example_short_circuit_operator' retrieved from /home/airflow/.local/lib/python3.12/site-packages/airflow/example_dags/example_short_circuit_operator.py
[2024-04-25T13:52:51.787+0000] {logging_mixin.py:188} INFO - [2024-04-25T13:52:51.787+0000] {dag.py:3096} INFO - Sync 1 DAGs
[2024-04-25T13:52:51.810+0000] {logging_mixin.py:188} INFO - [2024-04-25T13:52:51.810+0000] {dag.py:3954} INFO - Setting next_dagrun for example_short_circuit_operator to 2024-04-24 00:00:00+00:00, run_after=2024-04-25 00:00:00+00:00
[2024-04-25T13:52:51.830+0000] {processor.py:183} INFO - Processing /home/airflow/.local/lib/python3.12/site-packages/airflow/example_dags/example_short_circuit_operator.py took 0.089 seconds
[2024-04-25T13:53:22.250+0000] {processor.py:161} INFO - Started process (PID=7664) to work on /home/airflow/.local/lib/python3.12/site-packages/airflow/example_dags/example_short_circuit_operator.py
[2024-04-25T13:53:22.251+0000] {processor.py:830} INFO - Processing file /home/airflow/.local/lib/python3.12/site-packages/airflow/example_dags/example_short_circuit_operator.py for tasks to queue
[2024-04-25T13:53:22.253+0000] {logging_mixin.py:188} INFO - [2024-04-25T13:53:22.253+0000] {dagbag.py:540} INFO - Filling up the DagBag from /home/airflow/.local/lib/python3.12/site-packages/airflow/example_dags/example_short_circuit_operator.py
[2024-04-25T13:53:22.261+0000] {processor.py:840} INFO - DAG(s) 'example_short_circuit_operator' retrieved from /home/airflow/.local/lib/python3.12/site-packages/airflow/example_dags/example_short_circuit_operator.py
[2024-04-25T13:53:22.286+0000] {logging_mixin.py:188} INFO - [2024-04-25T13:53:22.286+0000] {dag.py:3096} INFO - Sync 1 DAGs
[2024-04-25T13:53:22.311+0000] {logging_mixin.py:188} INFO - [2024-04-25T13:53:22.310+0000] {dag.py:3954} INFO - Setting next_dagrun for example_short_circuit_operator to 2024-04-24 00:00:00+00:00, run_after=2024-04-25 00:00:00+00:00
[2024-04-25T13:53:22.331+0000] {processor.py:183} INFO - Processing /home/airflow/.local/lib/python3.12/site-packages/airflow/example_dags/example_short_circuit_operator.py took 0.087 seconds
[2024-04-25T13:53:52.668+0000] {processor.py:161} INFO - Started process (PID=7926) to work on /home/airflow/.local/lib/python3.12/site-packages/airflow/example_dags/example_short_circuit_operator.py
[2024-04-25T13:53:52.669+0000] {processor.py:830} INFO - Processing file /home/airflow/.local/lib/python3.12/site-packages/airflow/example_dags/example_short_circuit_operator.py for tasks to queue
[2024-04-25T13:53:52.671+0000] {logging_mixin.py:188} INFO - [2024-04-25T13:53:52.671+0000] {dagbag.py:540} INFO - Filling up the DagBag from /home/airflow/.local/lib/python3.12/site-packages/airflow/example_dags/example_short_circuit_operator.py
[2024-04-25T13:53:52.680+0000] {processor.py:840} INFO - DAG(s) 'example_short_circuit_operator' retrieved from /home/airflow/.local/lib/python3.12/site-packages/airflow/example_dags/example_short_circuit_operator.py
[2024-04-25T13:53:52.707+0000] {logging_mixin.py:188} INFO - [2024-04-25T13:53:52.706+0000] {dag.py:3096} INFO - Sync 1 DAGs
[2024-04-25T13:53:52.731+0000] {logging_mixin.py:188} INFO - [2024-04-25T13:53:52.731+0000] {dag.py:3954} INFO - Setting next_dagrun for example_short_circuit_operator to 2024-04-24 00:00:00+00:00, run_after=2024-04-25 00:00:00+00:00
[2024-04-25T13:53:52.751+0000] {processor.py:183} INFO - Processing /home/airflow/.local/lib/python3.12/site-packages/airflow/example_dags/example_short_circuit_operator.py took 0.089 seconds
[2024-04-25T13:54:23.101+0000] {processor.py:161} INFO - Started process (PID=8188) to work on /home/airflow/.local/lib/python3.12/site-packages/airflow/example_dags/example_short_circuit_operator.py
[2024-04-25T13:54:23.103+0000] {processor.py:830} INFO - Processing file /home/airflow/.local/lib/python3.12/site-packages/airflow/example_dags/example_short_circuit_operator.py for tasks to queue
[2024-04-25T13:54:23.105+0000] {logging_mixin.py:188} INFO - [2024-04-25T13:54:23.104+0000] {dagbag.py:540} INFO - Filling up the DagBag from /home/airflow/.local/lib/python3.12/site-packages/airflow/example_dags/example_short_circuit_operator.py
[2024-04-25T13:54:23.113+0000] {processor.py:840} INFO - DAG(s) 'example_short_circuit_operator' retrieved from /home/airflow/.local/lib/python3.12/site-packages/airflow/example_dags/example_short_circuit_operator.py
[2024-04-25T13:54:23.142+0000] {logging_mixin.py:188} INFO - [2024-04-25T13:54:23.141+0000] {dag.py:3096} INFO - Sync 1 DAGs
[2024-04-25T13:54:23.166+0000] {logging_mixin.py:188} INFO - [2024-04-25T13:54:23.166+0000] {dag.py:3954} INFO - Setting next_dagrun for example_short_circuit_operator to 2024-04-24 00:00:00+00:00, run_after=2024-04-25 00:00:00+00:00
[2024-04-25T13:54:23.186+0000] {processor.py:183} INFO - Processing /home/airflow/.local/lib/python3.12/site-packages/airflow/example_dags/example_short_circuit_operator.py took 0.091 seconds
[2024-04-25T13:54:53.754+0000] {processor.py:161} INFO - Started process (PID=8450) to work on /home/airflow/.local/lib/python3.12/site-packages/airflow/example_dags/example_short_circuit_operator.py
[2024-04-25T13:54:53.756+0000] {processor.py:830} INFO - Processing file /home/airflow/.local/lib/python3.12/site-packages/airflow/example_dags/example_short_circuit_operator.py for tasks to queue
[2024-04-25T13:54:53.758+0000] {logging_mixin.py:188} INFO - [2024-04-25T13:54:53.758+0000] {dagbag.py:540} INFO - Filling up the DagBag from /home/airflow/.local/lib/python3.12/site-packages/airflow/example_dags/example_short_circuit_operator.py
[2024-04-25T13:54:53.768+0000] {processor.py:840} INFO - DAG(s) 'example_short_circuit_operator' retrieved from /home/airflow/.local/lib/python3.12/site-packages/airflow/example_dags/example_short_circuit_operator.py
[2024-04-25T13:54:53.796+0000] {logging_mixin.py:188} INFO - [2024-04-25T13:54:53.795+0000] {dag.py:3096} INFO - Sync 1 DAGs
[2024-04-25T13:54:53.829+0000] {logging_mixin.py:188} INFO - [2024-04-25T13:54:53.829+0000] {dag.py:3954} INFO - Setting next_dagrun for example_short_circuit_operator to 2024-04-24 00:00:00+00:00, run_after=2024-04-25 00:00:00+00:00
[2024-04-25T13:54:53.852+0000] {processor.py:183} INFO - Processing /home/airflow/.local/lib/python3.12/site-packages/airflow/example_dags/example_short_circuit_operator.py took 0.106 seconds
[2024-04-25T13:55:24.211+0000] {processor.py:161} INFO - Started process (PID=8713) to work on /home/airflow/.local/lib/python3.12/site-packages/airflow/example_dags/example_short_circuit_operator.py
[2024-04-25T13:55:24.213+0000] {processor.py:830} INFO - Processing file /home/airflow/.local/lib/python3.12/site-packages/airflow/example_dags/example_short_circuit_operator.py for tasks to queue
[2024-04-25T13:55:24.215+0000] {logging_mixin.py:188} INFO - [2024-04-25T13:55:24.215+0000] {dagbag.py:540} INFO - Filling up the DagBag from /home/airflow/.local/lib/python3.12/site-packages/airflow/example_dags/example_short_circuit_operator.py
[2024-04-25T13:55:24.223+0000] {processor.py:840} INFO - DAG(s) 'example_short_circuit_operator' retrieved from /home/airflow/.local/lib/python3.12/site-packages/airflow/example_dags/example_short_circuit_operator.py
[2024-04-25T13:55:24.249+0000] {logging_mixin.py:188} INFO - [2024-04-25T13:55:24.248+0000] {dag.py:3096} INFO - Sync 1 DAGs
[2024-04-25T13:55:24.273+0000] {logging_mixin.py:188} INFO - [2024-04-25T13:55:24.273+0000] {dag.py:3954} INFO - Setting next_dagrun for example_short_circuit_operator to 2024-04-24 00:00:00+00:00, run_after=2024-04-25 00:00:00+00:00
[2024-04-25T13:55:24.296+0000] {processor.py:183} INFO - Processing /home/airflow/.local/lib/python3.12/site-packages/airflow/example_dags/example_short_circuit_operator.py took 0.091 seconds
[2024-04-25T13:55:54.481+0000] {processor.py:161} INFO - Started process (PID=8975) to work on /home/airflow/.local/lib/python3.12/site-packages/airflow/example_dags/example_short_circuit_operator.py
[2024-04-25T13:55:54.482+0000] {processor.py:830} INFO - Processing file /home/airflow/.local/lib/python3.12/site-packages/airflow/example_dags/example_short_circuit_operator.py for tasks to queue
[2024-04-25T13:55:54.484+0000] {logging_mixin.py:188} INFO - [2024-04-25T13:55:54.484+0000] {dagbag.py:540} INFO - Filling up the DagBag from /home/airflow/.local/lib/python3.12/site-packages/airflow/example_dags/example_short_circuit_operator.py
[2024-04-25T13:55:54.491+0000] {processor.py:840} INFO - DAG(s) 'example_short_circuit_operator' retrieved from /home/airflow/.local/lib/python3.12/site-packages/airflow/example_dags/example_short_circuit_operator.py
[2024-04-25T13:55:54.519+0000] {logging_mixin.py:188} INFO - [2024-04-25T13:55:54.519+0000] {dag.py:3096} INFO - Sync 1 DAGs
[2024-04-25T13:55:54.543+0000] {logging_mixin.py:188} INFO - [2024-04-25T13:55:54.543+0000] {dag.py:3954} INFO - Setting next_dagrun for example_short_circuit_operator to 2024-04-24 00:00:00+00:00, run_after=2024-04-25 00:00:00+00:00
[2024-04-25T13:55:54.564+0000] {processor.py:183} INFO - Processing /home/airflow/.local/lib/python3.12/site-packages/airflow/example_dags/example_short_circuit_operator.py took 0.090 seconds
[2024-04-25T13:56:24.964+0000] {processor.py:161} INFO - Started process (PID=9237) to work on /home/airflow/.local/lib/python3.12/site-packages/airflow/example_dags/example_short_circuit_operator.py
[2024-04-25T13:56:24.966+0000] {processor.py:830} INFO - Processing file /home/airflow/.local/lib/python3.12/site-packages/airflow/example_dags/example_short_circuit_operator.py for tasks to queue
[2024-04-25T13:56:24.968+0000] {logging_mixin.py:188} INFO - [2024-04-25T13:56:24.968+0000] {dagbag.py:540} INFO - Filling up the DagBag from /home/airflow/.local/lib/python3.12/site-packages/airflow/example_dags/example_short_circuit_operator.py
[2024-04-25T13:56:24.980+0000] {processor.py:840} INFO - DAG(s) 'example_short_circuit_operator' retrieved from /home/airflow/.local/lib/python3.12/site-packages/airflow/example_dags/example_short_circuit_operator.py
[2024-04-25T13:56:25.018+0000] {logging_mixin.py:188} INFO - [2024-04-25T13:56:25.018+0000] {dag.py:3096} INFO - Sync 1 DAGs
[2024-04-25T13:56:25.044+0000] {logging_mixin.py:188} INFO - [2024-04-25T13:56:25.044+0000] {dag.py:3954} INFO - Setting next_dagrun for example_short_circuit_operator to 2024-04-24 00:00:00+00:00, run_after=2024-04-25 00:00:00+00:00
[2024-04-25T13:56:25.064+0000] {processor.py:183} INFO - Processing /home/airflow/.local/lib/python3.12/site-packages/airflow/example_dags/example_short_circuit_operator.py took 0.111 seconds
[2024-04-25T13:58:18.128+0000] {processor.py:161} INFO - Started process (PID=322) to work on /home/airflow/.local/lib/python3.12/site-packages/airflow/example_dags/example_short_circuit_operator.py
[2024-04-25T13:58:18.130+0000] {processor.py:830} INFO - Processing file /home/airflow/.local/lib/python3.12/site-packages/airflow/example_dags/example_short_circuit_operator.py for tasks to queue
[2024-04-25T13:58:18.132+0000] {logging_mixin.py:188} INFO - [2024-04-25T13:58:18.132+0000] {dagbag.py:540} INFO - Filling up the DagBag from /home/airflow/.local/lib/python3.12/site-packages/airflow/example_dags/example_short_circuit_operator.py
[2024-04-25T13:58:18.145+0000] {processor.py:840} INFO - DAG(s) 'example_short_circuit_operator' retrieved from /home/airflow/.local/lib/python3.12/site-packages/airflow/example_dags/example_short_circuit_operator.py
[2024-04-25T13:58:18.159+0000] {logging_mixin.py:188} INFO - [2024-04-25T13:58:18.159+0000] {dag.py:3096} INFO - Sync 1 DAGs
[2024-04-25T13:58:18.187+0000] {logging_mixin.py:188} INFO - [2024-04-25T13:58:18.187+0000] {dag.py:3954} INFO - Setting next_dagrun for example_short_circuit_operator to 2024-04-24 00:00:00+00:00, run_after=2024-04-25 00:00:00+00:00
[2024-04-25T13:58:18.218+0000] {processor.py:183} INFO - Processing /home/airflow/.local/lib/python3.12/site-packages/airflow/example_dags/example_short_circuit_operator.py took 0.097 seconds
[2024-04-25T13:58:50.040+0000] {processor.py:161} INFO - Started process (PID=584) to work on /home/airflow/.local/lib/python3.12/site-packages/airflow/example_dags/example_short_circuit_operator.py
[2024-04-25T13:58:50.041+0000] {processor.py:830} INFO - Processing file /home/airflow/.local/lib/python3.12/site-packages/airflow/example_dags/example_short_circuit_operator.py for tasks to queue
[2024-04-25T13:58:50.044+0000] {logging_mixin.py:188} INFO - [2024-04-25T13:58:50.043+0000] {dagbag.py:540} INFO - Filling up the DagBag from /home/airflow/.local/lib/python3.12/site-packages/airflow/example_dags/example_short_circuit_operator.py
[2024-04-25T13:58:50.051+0000] {processor.py:840} INFO - DAG(s) 'example_short_circuit_operator' retrieved from /home/airflow/.local/lib/python3.12/site-packages/airflow/example_dags/example_short_circuit_operator.py
[2024-04-25T13:58:50.177+0000] {logging_mixin.py:188} INFO - [2024-04-25T13:58:50.177+0000] {dag.py:3096} INFO - Sync 1 DAGs
[2024-04-25T13:58:50.199+0000] {logging_mixin.py:188} INFO - [2024-04-25T13:58:50.199+0000] {dag.py:3954} INFO - Setting next_dagrun for example_short_circuit_operator to 2024-04-24 00:00:00+00:00, run_after=2024-04-25 00:00:00+00:00
[2024-04-25T13:58:50.220+0000] {processor.py:183} INFO - Processing /home/airflow/.local/lib/python3.12/site-packages/airflow/example_dags/example_short_circuit_operator.py took 0.186 seconds
