[2024-04-25T13:39:05.817+0000] {processor.py:161} INFO - Started process (PID=252) to work on /home/airflow/.local/lib/python3.12/site-packages/airflow/example_dags/example_latest_only.py
[2024-04-25T13:39:05.818+0000] {processor.py:830} INFO - Processing file /home/airflow/.local/lib/python3.12/site-packages/airflow/example_dags/example_latest_only.py for tasks to queue
[2024-04-25T13:39:05.821+0000] {logging_mixin.py:188} INFO - [2024-04-25T13:39:05.820+0000] {dagbag.py:540} INFO - Filling up the DagBag from /home/airflow/.local/lib/python3.12/site-packages/airflow/example_dags/example_latest_only.py
[2024-04-25T13:39:05.833+0000] {processor.py:840} INFO - DAG(s) 'latest_only' retrieved from /home/airflow/.local/lib/python3.12/site-packages/airflow/example_dags/example_latest_only.py
[2024-04-25T13:39:05.989+0000] {logging_mixin.py:188} INFO - [2024-04-25T13:39:05.988+0000] {dag.py:3096} INFO - Sync 1 DAGs
[2024-04-25T13:39:06.022+0000] {logging_mixin.py:188} INFO - [2024-04-25T13:39:06.021+0000] {dag.py:3954} INFO - Setting next_dagrun for latest_only to 2024-04-25 08:00:00+00:00, run_after=2024-04-25 12:00:00+00:00
[2024-04-25T13:39:06.055+0000] {processor.py:183} INFO - Processing /home/airflow/.local/lib/python3.12/site-packages/airflow/example_dags/example_latest_only.py took 0.248 seconds
[2024-04-25T13:39:36.481+0000] {processor.py:161} INFO - Started process (PID=514) to work on /home/airflow/.local/lib/python3.12/site-packages/airflow/example_dags/example_latest_only.py
[2024-04-25T13:39:36.483+0000] {processor.py:830} INFO - Processing file /home/airflow/.local/lib/python3.12/site-packages/airflow/example_dags/example_latest_only.py for tasks to queue
[2024-04-25T13:39:36.485+0000] {logging_mixin.py:188} INFO - [2024-04-25T13:39:36.485+0000] {dagbag.py:540} INFO - Filling up the DagBag from /home/airflow/.local/lib/python3.12/site-packages/airflow/example_dags/example_latest_only.py
[2024-04-25T13:39:36.496+0000] {processor.py:840} INFO - DAG(s) 'latest_only' retrieved from /home/airflow/.local/lib/python3.12/site-packages/airflow/example_dags/example_latest_only.py
[2024-04-25T13:39:36.527+0000] {logging_mixin.py:188} INFO - [2024-04-25T13:39:36.527+0000] {dag.py:3096} INFO - Sync 1 DAGs
[2024-04-25T13:39:36.561+0000] {logging_mixin.py:188} INFO - [2024-04-25T13:39:36.561+0000] {dag.py:3954} INFO - Setting next_dagrun for latest_only to 2024-04-25 08:00:00+00:00, run_after=2024-04-25 12:00:00+00:00
[2024-04-25T13:39:36.589+0000] {processor.py:183} INFO - Processing /home/airflow/.local/lib/python3.12/site-packages/airflow/example_dags/example_latest_only.py took 0.117 seconds
[2024-04-25T13:40:07.123+0000] {processor.py:161} INFO - Started process (PID=776) to work on /home/airflow/.local/lib/python3.12/site-packages/airflow/example_dags/example_latest_only.py
[2024-04-25T13:40:07.125+0000] {processor.py:830} INFO - Processing file /home/airflow/.local/lib/python3.12/site-packages/airflow/example_dags/example_latest_only.py for tasks to queue
[2024-04-25T13:40:07.126+0000] {logging_mixin.py:188} INFO - [2024-04-25T13:40:07.126+0000] {dagbag.py:540} INFO - Filling up the DagBag from /home/airflow/.local/lib/python3.12/site-packages/airflow/example_dags/example_latest_only.py
[2024-04-25T13:40:07.131+0000] {processor.py:840} INFO - DAG(s) 'latest_only' retrieved from /home/airflow/.local/lib/python3.12/site-packages/airflow/example_dags/example_latest_only.py
[2024-04-25T13:40:07.152+0000] {logging_mixin.py:188} INFO - [2024-04-25T13:40:07.152+0000] {dag.py:3096} INFO - Sync 1 DAGs
[2024-04-25T13:40:07.175+0000] {logging_mixin.py:188} INFO - [2024-04-25T13:40:07.175+0000] {dag.py:3954} INFO - Setting next_dagrun for latest_only to 2024-04-25 08:00:00+00:00, run_after=2024-04-25 12:00:00+00:00
[2024-04-25T13:40:07.194+0000] {processor.py:183} INFO - Processing /home/airflow/.local/lib/python3.12/site-packages/airflow/example_dags/example_latest_only.py took 0.077 seconds
[2024-04-25T13:40:37.618+0000] {processor.py:161} INFO - Started process (PID=1038) to work on /home/airflow/.local/lib/python3.12/site-packages/airflow/example_dags/example_latest_only.py
[2024-04-25T13:40:37.619+0000] {processor.py:830} INFO - Processing file /home/airflow/.local/lib/python3.12/site-packages/airflow/example_dags/example_latest_only.py for tasks to queue
[2024-04-25T13:40:37.621+0000] {logging_mixin.py:188} INFO - [2024-04-25T13:40:37.621+0000] {dagbag.py:540} INFO - Filling up the DagBag from /home/airflow/.local/lib/python3.12/site-packages/airflow/example_dags/example_latest_only.py
[2024-04-25T13:40:37.626+0000] {processor.py:840} INFO - DAG(s) 'latest_only' retrieved from /home/airflow/.local/lib/python3.12/site-packages/airflow/example_dags/example_latest_only.py
[2024-04-25T13:40:37.647+0000] {logging_mixin.py:188} INFO - [2024-04-25T13:40:37.647+0000] {dag.py:3096} INFO - Sync 1 DAGs
[2024-04-25T13:40:37.672+0000] {logging_mixin.py:188} INFO - [2024-04-25T13:40:37.672+0000] {dag.py:3954} INFO - Setting next_dagrun for latest_only to 2024-04-25 08:00:00+00:00, run_after=2024-04-25 12:00:00+00:00
[2024-04-25T13:40:37.697+0000] {processor.py:183} INFO - Processing /home/airflow/.local/lib/python3.12/site-packages/airflow/example_dags/example_latest_only.py took 0.085 seconds
[2024-04-25T13:41:08.252+0000] {processor.py:161} INFO - Started process (PID=1306) to work on /home/airflow/.local/lib/python3.12/site-packages/airflow/example_dags/example_latest_only.py
[2024-04-25T13:41:08.253+0000] {processor.py:830} INFO - Processing file /home/airflow/.local/lib/python3.12/site-packages/airflow/example_dags/example_latest_only.py for tasks to queue
[2024-04-25T13:41:08.255+0000] {logging_mixin.py:188} INFO - [2024-04-25T13:41:08.255+0000] {dagbag.py:540} INFO - Filling up the DagBag from /home/airflow/.local/lib/python3.12/site-packages/airflow/example_dags/example_latest_only.py
[2024-04-25T13:41:08.261+0000] {processor.py:840} INFO - DAG(s) 'latest_only' retrieved from /home/airflow/.local/lib/python3.12/site-packages/airflow/example_dags/example_latest_only.py
[2024-04-25T13:41:08.284+0000] {logging_mixin.py:188} INFO - [2024-04-25T13:41:08.284+0000] {dag.py:3096} INFO - Sync 1 DAGs
[2024-04-25T13:41:08.309+0000] {logging_mixin.py:188} INFO - [2024-04-25T13:41:08.309+0000] {dag.py:3954} INFO - Setting next_dagrun for latest_only to 2024-04-25 08:00:00+00:00, run_after=2024-04-25 12:00:00+00:00
[2024-04-25T13:41:08.332+0000] {processor.py:183} INFO - Processing /home/airflow/.local/lib/python3.12/site-packages/airflow/example_dags/example_latest_only.py took 0.087 seconds
[2024-04-25T13:41:38.993+0000] {processor.py:161} INFO - Started process (PID=1570) to work on /home/airflow/.local/lib/python3.12/site-packages/airflow/example_dags/example_latest_only.py
[2024-04-25T13:41:38.994+0000] {processor.py:830} INFO - Processing file /home/airflow/.local/lib/python3.12/site-packages/airflow/example_dags/example_latest_only.py for tasks to queue
[2024-04-25T13:41:38.997+0000] {logging_mixin.py:188} INFO - [2024-04-25T13:41:38.996+0000] {dagbag.py:540} INFO - Filling up the DagBag from /home/airflow/.local/lib/python3.12/site-packages/airflow/example_dags/example_latest_only.py
[2024-04-25T13:41:39.002+0000] {processor.py:840} INFO - DAG(s) 'latest_only' retrieved from /home/airflow/.local/lib/python3.12/site-packages/airflow/example_dags/example_latest_only.py
[2024-04-25T13:41:39.026+0000] {logging_mixin.py:188} INFO - [2024-04-25T13:41:39.025+0000] {dag.py:3096} INFO - Sync 1 DAGs
[2024-04-25T13:41:39.053+0000] {logging_mixin.py:188} INFO - [2024-04-25T13:41:39.053+0000] {dag.py:3954} INFO - Setting next_dagrun for latest_only to 2024-04-25 08:00:00+00:00, run_after=2024-04-25 12:00:00+00:00
[2024-04-25T13:41:39.075+0000] {processor.py:183} INFO - Processing /home/airflow/.local/lib/python3.12/site-packages/airflow/example_dags/example_latest_only.py took 0.089 seconds
[2024-04-25T13:42:09.151+0000] {processor.py:161} INFO - Started process (PID=1832) to work on /home/airflow/.local/lib/python3.12/site-packages/airflow/example_dags/example_latest_only.py
[2024-04-25T13:42:09.152+0000] {processor.py:830} INFO - Processing file /home/airflow/.local/lib/python3.12/site-packages/airflow/example_dags/example_latest_only.py for tasks to queue
[2024-04-25T13:42:09.154+0000] {logging_mixin.py:188} INFO - [2024-04-25T13:42:09.153+0000] {dagbag.py:540} INFO - Filling up the DagBag from /home/airflow/.local/lib/python3.12/site-packages/airflow/example_dags/example_latest_only.py
[2024-04-25T13:42:09.159+0000] {processor.py:840} INFO - DAG(s) 'latest_only' retrieved from /home/airflow/.local/lib/python3.12/site-packages/airflow/example_dags/example_latest_only.py
[2024-04-25T13:42:09.180+0000] {logging_mixin.py:188} INFO - [2024-04-25T13:42:09.180+0000] {dag.py:3096} INFO - Sync 1 DAGs
[2024-04-25T13:42:09.203+0000] {logging_mixin.py:188} INFO - [2024-04-25T13:42:09.203+0000] {dag.py:3954} INFO - Setting next_dagrun for latest_only to 2024-04-25 08:00:00+00:00, run_after=2024-04-25 12:00:00+00:00
[2024-04-25T13:42:09.223+0000] {processor.py:183} INFO - Processing /home/airflow/.local/lib/python3.12/site-packages/airflow/example_dags/example_latest_only.py took 0.079 seconds
[2024-04-25T13:42:39.582+0000] {processor.py:161} INFO - Started process (PID=2092) to work on /home/airflow/.local/lib/python3.12/site-packages/airflow/example_dags/example_latest_only.py
[2024-04-25T13:42:39.583+0000] {processor.py:830} INFO - Processing file /home/airflow/.local/lib/python3.12/site-packages/airflow/example_dags/example_latest_only.py for tasks to queue
[2024-04-25T13:42:39.586+0000] {logging_mixin.py:188} INFO - [2024-04-25T13:42:39.585+0000] {dagbag.py:540} INFO - Filling up the DagBag from /home/airflow/.local/lib/python3.12/site-packages/airflow/example_dags/example_latest_only.py
[2024-04-25T13:42:39.590+0000] {processor.py:840} INFO - DAG(s) 'latest_only' retrieved from /home/airflow/.local/lib/python3.12/site-packages/airflow/example_dags/example_latest_only.py
[2024-04-25T13:42:39.613+0000] {logging_mixin.py:188} INFO - [2024-04-25T13:42:39.613+0000] {dag.py:3096} INFO - Sync 1 DAGs
[2024-04-25T13:42:39.640+0000] {logging_mixin.py:188} INFO - [2024-04-25T13:42:39.639+0000] {dag.py:3954} INFO - Setting next_dagrun for latest_only to 2024-04-25 08:00:00+00:00, run_after=2024-04-25 12:00:00+00:00
[2024-04-25T13:42:39.661+0000] {processor.py:183} INFO - Processing /home/airflow/.local/lib/python3.12/site-packages/airflow/example_dags/example_latest_only.py took 0.085 seconds
[2024-04-25T13:43:10.099+0000] {processor.py:161} INFO - Started process (PID=2354) to work on /home/airflow/.local/lib/python3.12/site-packages/airflow/example_dags/example_latest_only.py
[2024-04-25T13:43:10.100+0000] {processor.py:830} INFO - Processing file /home/airflow/.local/lib/python3.12/site-packages/airflow/example_dags/example_latest_only.py for tasks to queue
[2024-04-25T13:43:10.103+0000] {logging_mixin.py:188} INFO - [2024-04-25T13:43:10.102+0000] {dagbag.py:540} INFO - Filling up the DagBag from /home/airflow/.local/lib/python3.12/site-packages/airflow/example_dags/example_latest_only.py
[2024-04-25T13:43:10.109+0000] {processor.py:840} INFO - DAG(s) 'latest_only' retrieved from /home/airflow/.local/lib/python3.12/site-packages/airflow/example_dags/example_latest_only.py
[2024-04-25T13:43:10.130+0000] {logging_mixin.py:188} INFO - [2024-04-25T13:43:10.130+0000] {dag.py:3096} INFO - Sync 1 DAGs
[2024-04-25T13:43:10.156+0000] {logging_mixin.py:188} INFO - [2024-04-25T13:43:10.155+0000] {dag.py:3954} INFO - Setting next_dagrun for latest_only to 2024-04-25 08:00:00+00:00, run_after=2024-04-25 12:00:00+00:00
[2024-04-25T13:43:10.177+0000] {processor.py:183} INFO - Processing /home/airflow/.local/lib/python3.12/site-packages/airflow/example_dags/example_latest_only.py took 0.085 seconds
[2024-04-25T13:43:40.602+0000] {processor.py:161} INFO - Started process (PID=2618) to work on /home/airflow/.local/lib/python3.12/site-packages/airflow/example_dags/example_latest_only.py
[2024-04-25T13:43:40.604+0000] {processor.py:830} INFO - Processing file /home/airflow/.local/lib/python3.12/site-packages/airflow/example_dags/example_latest_only.py for tasks to queue
[2024-04-25T13:43:40.606+0000] {logging_mixin.py:188} INFO - [2024-04-25T13:43:40.605+0000] {dagbag.py:540} INFO - Filling up the DagBag from /home/airflow/.local/lib/python3.12/site-packages/airflow/example_dags/example_latest_only.py
[2024-04-25T13:43:40.611+0000] {processor.py:840} INFO - DAG(s) 'latest_only' retrieved from /home/airflow/.local/lib/python3.12/site-packages/airflow/example_dags/example_latest_only.py
[2024-04-25T13:43:40.632+0000] {logging_mixin.py:188} INFO - [2024-04-25T13:43:40.631+0000] {dag.py:3096} INFO - Sync 1 DAGs
[2024-04-25T13:43:40.654+0000] {logging_mixin.py:188} INFO - [2024-04-25T13:43:40.654+0000] {dag.py:3954} INFO - Setting next_dagrun for latest_only to 2024-04-25 08:00:00+00:00, run_after=2024-04-25 12:00:00+00:00
[2024-04-25T13:43:40.674+0000] {processor.py:183} INFO - Processing /home/airflow/.local/lib/python3.12/site-packages/airflow/example_dags/example_latest_only.py took 0.078 seconds
[2024-04-25T13:44:10.974+0000] {processor.py:161} INFO - Started process (PID=2878) to work on /home/airflow/.local/lib/python3.12/site-packages/airflow/example_dags/example_latest_only.py
[2024-04-25T13:44:10.975+0000] {processor.py:830} INFO - Processing file /home/airflow/.local/lib/python3.12/site-packages/airflow/example_dags/example_latest_only.py for tasks to queue
[2024-04-25T13:44:10.977+0000] {logging_mixin.py:188} INFO - [2024-04-25T13:44:10.977+0000] {dagbag.py:540} INFO - Filling up the DagBag from /home/airflow/.local/lib/python3.12/site-packages/airflow/example_dags/example_latest_only.py
[2024-04-25T13:44:10.982+0000] {processor.py:840} INFO - DAG(s) 'latest_only' retrieved from /home/airflow/.local/lib/python3.12/site-packages/airflow/example_dags/example_latest_only.py
[2024-04-25T13:44:11.002+0000] {logging_mixin.py:188} INFO - [2024-04-25T13:44:11.002+0000] {dag.py:3096} INFO - Sync 1 DAGs
[2024-04-25T13:44:11.026+0000] {logging_mixin.py:188} INFO - [2024-04-25T13:44:11.026+0000] {dag.py:3954} INFO - Setting next_dagrun for latest_only to 2024-04-25 08:00:00+00:00, run_after=2024-04-25 12:00:00+00:00
[2024-04-25T13:44:11.047+0000] {processor.py:183} INFO - Processing /home/airflow/.local/lib/python3.12/site-packages/airflow/example_dags/example_latest_only.py took 0.080 seconds
[2024-04-25T13:44:41.428+0000] {processor.py:161} INFO - Started process (PID=3140) to work on /home/airflow/.local/lib/python3.12/site-packages/airflow/example_dags/example_latest_only.py
[2024-04-25T13:44:41.429+0000] {processor.py:830} INFO - Processing file /home/airflow/.local/lib/python3.12/site-packages/airflow/example_dags/example_latest_only.py for tasks to queue
[2024-04-25T13:44:41.431+0000] {logging_mixin.py:188} INFO - [2024-04-25T13:44:41.430+0000] {dagbag.py:540} INFO - Filling up the DagBag from /home/airflow/.local/lib/python3.12/site-packages/airflow/example_dags/example_latest_only.py
[2024-04-25T13:44:41.436+0000] {processor.py:840} INFO - DAG(s) 'latest_only' retrieved from /home/airflow/.local/lib/python3.12/site-packages/airflow/example_dags/example_latest_only.py
[2024-04-25T13:44:41.459+0000] {logging_mixin.py:188} INFO - [2024-04-25T13:44:41.458+0000] {dag.py:3096} INFO - Sync 1 DAGs
[2024-04-25T13:44:41.484+0000] {logging_mixin.py:188} INFO - [2024-04-25T13:44:41.484+0000] {dag.py:3954} INFO - Setting next_dagrun for latest_only to 2024-04-25 08:00:00+00:00, run_after=2024-04-25 12:00:00+00:00
[2024-04-25T13:44:41.515+0000] {processor.py:183} INFO - Processing /home/airflow/.local/lib/python3.12/site-packages/airflow/example_dags/example_latest_only.py took 0.095 seconds
[2024-04-25T13:45:12.005+0000] {processor.py:161} INFO - Started process (PID=3404) to work on /home/airflow/.local/lib/python3.12/site-packages/airflow/example_dags/example_latest_only.py
[2024-04-25T13:45:12.006+0000] {processor.py:830} INFO - Processing file /home/airflow/.local/lib/python3.12/site-packages/airflow/example_dags/example_latest_only.py for tasks to queue
[2024-04-25T13:45:12.008+0000] {logging_mixin.py:188} INFO - [2024-04-25T13:45:12.008+0000] {dagbag.py:540} INFO - Filling up the DagBag from /home/airflow/.local/lib/python3.12/site-packages/airflow/example_dags/example_latest_only.py
[2024-04-25T13:45:12.014+0000] {processor.py:840} INFO - DAG(s) 'latest_only' retrieved from /home/airflow/.local/lib/python3.12/site-packages/airflow/example_dags/example_latest_only.py
[2024-04-25T13:45:12.037+0000] {logging_mixin.py:188} INFO - [2024-04-25T13:45:12.037+0000] {dag.py:3096} INFO - Sync 1 DAGs
[2024-04-25T13:45:12.088+0000] {logging_mixin.py:188} INFO - [2024-04-25T13:45:12.087+0000] {dag.py:3954} INFO - Setting next_dagrun for latest_only to 2024-04-25 08:00:00+00:00, run_after=2024-04-25 12:00:00+00:00
[2024-04-25T13:45:12.142+0000] {processor.py:183} INFO - Processing /home/airflow/.local/lib/python3.12/site-packages/airflow/example_dags/example_latest_only.py took 0.144 seconds
[2024-04-25T13:45:42.369+0000] {processor.py:161} INFO - Started process (PID=3664) to work on /home/airflow/.local/lib/python3.12/site-packages/airflow/example_dags/example_latest_only.py
[2024-04-25T13:45:42.370+0000] {processor.py:830} INFO - Processing file /home/airflow/.local/lib/python3.12/site-packages/airflow/example_dags/example_latest_only.py for tasks to queue
[2024-04-25T13:45:42.372+0000] {logging_mixin.py:188} INFO - [2024-04-25T13:45:42.372+0000] {dagbag.py:540} INFO - Filling up the DagBag from /home/airflow/.local/lib/python3.12/site-packages/airflow/example_dags/example_latest_only.py
[2024-04-25T13:45:42.379+0000] {processor.py:840} INFO - DAG(s) 'latest_only' retrieved from /home/airflow/.local/lib/python3.12/site-packages/airflow/example_dags/example_latest_only.py
[2024-04-25T13:45:42.401+0000] {logging_mixin.py:188} INFO - [2024-04-25T13:45:42.401+0000] {dag.py:3096} INFO - Sync 1 DAGs
[2024-04-25T13:45:42.425+0000] {logging_mixin.py:188} INFO - [2024-04-25T13:45:42.425+0000] {dag.py:3954} INFO - Setting next_dagrun for latest_only to 2024-04-25 08:00:00+00:00, run_after=2024-04-25 12:00:00+00:00
[2024-04-25T13:45:42.448+0000] {processor.py:183} INFO - Processing /home/airflow/.local/lib/python3.12/site-packages/airflow/example_dags/example_latest_only.py took 0.085 seconds
[2024-04-25T13:46:13.345+0000] {processor.py:161} INFO - Started process (PID=3926) to work on /home/airflow/.local/lib/python3.12/site-packages/airflow/example_dags/example_latest_only.py
[2024-04-25T13:46:13.346+0000] {processor.py:830} INFO - Processing file /home/airflow/.local/lib/python3.12/site-packages/airflow/example_dags/example_latest_only.py for tasks to queue
[2024-04-25T13:46:13.348+0000] {logging_mixin.py:188} INFO - [2024-04-25T13:46:13.347+0000] {dagbag.py:540} INFO - Filling up the DagBag from /home/airflow/.local/lib/python3.12/site-packages/airflow/example_dags/example_latest_only.py
[2024-04-25T13:46:13.353+0000] {processor.py:840} INFO - DAG(s) 'latest_only' retrieved from /home/airflow/.local/lib/python3.12/site-packages/airflow/example_dags/example_latest_only.py
[2024-04-25T13:46:13.373+0000] {logging_mixin.py:188} INFO - [2024-04-25T13:46:13.372+0000] {dag.py:3096} INFO - Sync 1 DAGs
[2024-04-25T13:46:13.395+0000] {logging_mixin.py:188} INFO - [2024-04-25T13:46:13.395+0000] {dag.py:3954} INFO - Setting next_dagrun for latest_only to 2024-04-25 08:00:00+00:00, run_after=2024-04-25 12:00:00+00:00
[2024-04-25T13:46:13.416+0000] {processor.py:183} INFO - Processing /home/airflow/.local/lib/python3.12/site-packages/airflow/example_dags/example_latest_only.py took 0.077 seconds
[2024-04-25T13:46:43.713+0000] {processor.py:161} INFO - Started process (PID=4188) to work on /home/airflow/.local/lib/python3.12/site-packages/airflow/example_dags/example_latest_only.py
[2024-04-25T13:46:43.714+0000] {processor.py:830} INFO - Processing file /home/airflow/.local/lib/python3.12/site-packages/airflow/example_dags/example_latest_only.py for tasks to queue
[2024-04-25T13:46:43.716+0000] {logging_mixin.py:188} INFO - [2024-04-25T13:46:43.716+0000] {dagbag.py:540} INFO - Filling up the DagBag from /home/airflow/.local/lib/python3.12/site-packages/airflow/example_dags/example_latest_only.py
[2024-04-25T13:46:43.721+0000] {processor.py:840} INFO - DAG(s) 'latest_only' retrieved from /home/airflow/.local/lib/python3.12/site-packages/airflow/example_dags/example_latest_only.py
[2024-04-25T13:46:43.741+0000] {logging_mixin.py:188} INFO - [2024-04-25T13:46:43.741+0000] {dag.py:3096} INFO - Sync 1 DAGs
[2024-04-25T13:46:43.763+0000] {logging_mixin.py:188} INFO - [2024-04-25T13:46:43.763+0000] {dag.py:3954} INFO - Setting next_dagrun for latest_only to 2024-04-25 08:00:00+00:00, run_after=2024-04-25 12:00:00+00:00
[2024-04-25T13:46:43.782+0000] {processor.py:183} INFO - Processing /home/airflow/.local/lib/python3.12/site-packages/airflow/example_dags/example_latest_only.py took 0.075 seconds
[2024-04-25T13:47:14.204+0000] {processor.py:161} INFO - Started process (PID=4450) to work on /home/airflow/.local/lib/python3.12/site-packages/airflow/example_dags/example_latest_only.py
[2024-04-25T13:47:14.205+0000] {processor.py:830} INFO - Processing file /home/airflow/.local/lib/python3.12/site-packages/airflow/example_dags/example_latest_only.py for tasks to queue
[2024-04-25T13:47:14.207+0000] {logging_mixin.py:188} INFO - [2024-04-25T13:47:14.207+0000] {dagbag.py:540} INFO - Filling up the DagBag from /home/airflow/.local/lib/python3.12/site-packages/airflow/example_dags/example_latest_only.py
[2024-04-25T13:47:14.212+0000] {processor.py:840} INFO - DAG(s) 'latest_only' retrieved from /home/airflow/.local/lib/python3.12/site-packages/airflow/example_dags/example_latest_only.py
[2024-04-25T13:47:14.235+0000] {logging_mixin.py:188} INFO - [2024-04-25T13:47:14.235+0000] {dag.py:3096} INFO - Sync 1 DAGs
[2024-04-25T13:47:14.260+0000] {logging_mixin.py:188} INFO - [2024-04-25T13:47:14.260+0000] {dag.py:3954} INFO - Setting next_dagrun for latest_only to 2024-04-25 08:00:00+00:00, run_after=2024-04-25 12:00:00+00:00
[2024-04-25T13:47:14.281+0000] {processor.py:183} INFO - Processing /home/airflow/.local/lib/python3.12/site-packages/airflow/example_dags/example_latest_only.py took 0.084 seconds
[2024-04-25T13:47:44.582+0000] {processor.py:161} INFO - Started process (PID=4712) to work on /home/airflow/.local/lib/python3.12/site-packages/airflow/example_dags/example_latest_only.py
[2024-04-25T13:47:44.583+0000] {processor.py:830} INFO - Processing file /home/airflow/.local/lib/python3.12/site-packages/airflow/example_dags/example_latest_only.py for tasks to queue
[2024-04-25T13:47:44.585+0000] {logging_mixin.py:188} INFO - [2024-04-25T13:47:44.585+0000] {dagbag.py:540} INFO - Filling up the DagBag from /home/airflow/.local/lib/python3.12/site-packages/airflow/example_dags/example_latest_only.py
[2024-04-25T13:47:44.590+0000] {processor.py:840} INFO - DAG(s) 'latest_only' retrieved from /home/airflow/.local/lib/python3.12/site-packages/airflow/example_dags/example_latest_only.py
[2024-04-25T13:47:44.609+0000] {logging_mixin.py:188} INFO - [2024-04-25T13:47:44.609+0000] {dag.py:3096} INFO - Sync 1 DAGs
[2024-04-25T13:47:44.631+0000] {logging_mixin.py:188} INFO - [2024-04-25T13:47:44.631+0000] {dag.py:3954} INFO - Setting next_dagrun for latest_only to 2024-04-25 08:00:00+00:00, run_after=2024-04-25 12:00:00+00:00
[2024-04-25T13:47:44.651+0000] {processor.py:183} INFO - Processing /home/airflow/.local/lib/python3.12/site-packages/airflow/example_dags/example_latest_only.py took 0.075 seconds
[2024-04-25T13:48:15.043+0000] {processor.py:161} INFO - Started process (PID=4974) to work on /home/airflow/.local/lib/python3.12/site-packages/airflow/example_dags/example_latest_only.py
[2024-04-25T13:48:15.044+0000] {processor.py:830} INFO - Processing file /home/airflow/.local/lib/python3.12/site-packages/airflow/example_dags/example_latest_only.py for tasks to queue
[2024-04-25T13:48:15.046+0000] {logging_mixin.py:188} INFO - [2024-04-25T13:48:15.046+0000] {dagbag.py:540} INFO - Filling up the DagBag from /home/airflow/.local/lib/python3.12/site-packages/airflow/example_dags/example_latest_only.py
[2024-04-25T13:48:15.052+0000] {processor.py:840} INFO - DAG(s) 'latest_only' retrieved from /home/airflow/.local/lib/python3.12/site-packages/airflow/example_dags/example_latest_only.py
[2024-04-25T13:48:15.073+0000] {logging_mixin.py:188} INFO - [2024-04-25T13:48:15.072+0000] {dag.py:3096} INFO - Sync 1 DAGs
[2024-04-25T13:48:15.097+0000] {logging_mixin.py:188} INFO - [2024-04-25T13:48:15.097+0000] {dag.py:3954} INFO - Setting next_dagrun for latest_only to 2024-04-25 08:00:00+00:00, run_after=2024-04-25 12:00:00+00:00
[2024-04-25T13:48:15.119+0000] {processor.py:183} INFO - Processing /home/airflow/.local/lib/python3.12/site-packages/airflow/example_dags/example_latest_only.py took 0.083 seconds
[2024-04-25T13:48:45.594+0000] {processor.py:161} INFO - Started process (PID=5236) to work on /home/airflow/.local/lib/python3.12/site-packages/airflow/example_dags/example_latest_only.py
[2024-04-25T13:48:45.596+0000] {processor.py:830} INFO - Processing file /home/airflow/.local/lib/python3.12/site-packages/airflow/example_dags/example_latest_only.py for tasks to queue
[2024-04-25T13:48:45.598+0000] {logging_mixin.py:188} INFO - [2024-04-25T13:48:45.597+0000] {dagbag.py:540} INFO - Filling up the DagBag from /home/airflow/.local/lib/python3.12/site-packages/airflow/example_dags/example_latest_only.py
[2024-04-25T13:48:45.602+0000] {processor.py:840} INFO - DAG(s) 'latest_only' retrieved from /home/airflow/.local/lib/python3.12/site-packages/airflow/example_dags/example_latest_only.py
[2024-04-25T13:48:45.623+0000] {logging_mixin.py:188} INFO - [2024-04-25T13:48:45.623+0000] {dag.py:3096} INFO - Sync 1 DAGs
[2024-04-25T13:48:45.645+0000] {logging_mixin.py:188} INFO - [2024-04-25T13:48:45.645+0000] {dag.py:3954} INFO - Setting next_dagrun for latest_only to 2024-04-25 08:00:00+00:00, run_after=2024-04-25 12:00:00+00:00
[2024-04-25T13:48:45.665+0000] {processor.py:183} INFO - Processing /home/airflow/.local/lib/python3.12/site-packages/airflow/example_dags/example_latest_only.py took 0.077 seconds
[2024-04-25T13:49:15.848+0000] {processor.py:161} INFO - Started process (PID=5498) to work on /home/airflow/.local/lib/python3.12/site-packages/airflow/example_dags/example_latest_only.py
[2024-04-25T13:49:15.849+0000] {processor.py:830} INFO - Processing file /home/airflow/.local/lib/python3.12/site-packages/airflow/example_dags/example_latest_only.py for tasks to queue
[2024-04-25T13:49:15.851+0000] {logging_mixin.py:188} INFO - [2024-04-25T13:49:15.851+0000] {dagbag.py:540} INFO - Filling up the DagBag from /home/airflow/.local/lib/python3.12/site-packages/airflow/example_dags/example_latest_only.py
[2024-04-25T13:49:15.857+0000] {processor.py:840} INFO - DAG(s) 'latest_only' retrieved from /home/airflow/.local/lib/python3.12/site-packages/airflow/example_dags/example_latest_only.py
[2024-04-25T13:49:15.880+0000] {logging_mixin.py:188} INFO - [2024-04-25T13:49:15.879+0000] {dag.py:3096} INFO - Sync 1 DAGs
[2024-04-25T13:49:15.905+0000] {logging_mixin.py:188} INFO - [2024-04-25T13:49:15.904+0000] {dag.py:3954} INFO - Setting next_dagrun for latest_only to 2024-04-25 08:00:00+00:00, run_after=2024-04-25 12:00:00+00:00
[2024-04-25T13:49:15.927+0000] {processor.py:183} INFO - Processing /home/airflow/.local/lib/python3.12/site-packages/airflow/example_dags/example_latest_only.py took 0.086 seconds
[2024-04-25T13:49:46.365+0000] {processor.py:161} INFO - Started process (PID=5760) to work on /home/airflow/.local/lib/python3.12/site-packages/airflow/example_dags/example_latest_only.py
[2024-04-25T13:49:46.366+0000] {processor.py:830} INFO - Processing file /home/airflow/.local/lib/python3.12/site-packages/airflow/example_dags/example_latest_only.py for tasks to queue
[2024-04-25T13:49:46.368+0000] {logging_mixin.py:188} INFO - [2024-04-25T13:49:46.368+0000] {dagbag.py:540} INFO - Filling up the DagBag from /home/airflow/.local/lib/python3.12/site-packages/airflow/example_dags/example_latest_only.py
[2024-04-25T13:49:46.373+0000] {processor.py:840} INFO - DAG(s) 'latest_only' retrieved from /home/airflow/.local/lib/python3.12/site-packages/airflow/example_dags/example_latest_only.py
[2024-04-25T13:49:46.394+0000] {logging_mixin.py:188} INFO - [2024-04-25T13:49:46.394+0000] {dag.py:3096} INFO - Sync 1 DAGs
[2024-04-25T13:49:46.418+0000] {logging_mixin.py:188} INFO - [2024-04-25T13:49:46.417+0000] {dag.py:3954} INFO - Setting next_dagrun for latest_only to 2024-04-25 08:00:00+00:00, run_after=2024-04-25 12:00:00+00:00
[2024-04-25T13:49:46.437+0000] {processor.py:183} INFO - Processing /home/airflow/.local/lib/python3.12/site-packages/airflow/example_dags/example_latest_only.py took 0.079 seconds
[2024-04-25T13:50:16.846+0000] {processor.py:161} INFO - Started process (PID=6022) to work on /home/airflow/.local/lib/python3.12/site-packages/airflow/example_dags/example_latest_only.py
[2024-04-25T13:50:16.848+0000] {processor.py:830} INFO - Processing file /home/airflow/.local/lib/python3.12/site-packages/airflow/example_dags/example_latest_only.py for tasks to queue
[2024-04-25T13:50:16.850+0000] {logging_mixin.py:188} INFO - [2024-04-25T13:50:16.850+0000] {dagbag.py:540} INFO - Filling up the DagBag from /home/airflow/.local/lib/python3.12/site-packages/airflow/example_dags/example_latest_only.py
[2024-04-25T13:50:16.856+0000] {processor.py:840} INFO - DAG(s) 'latest_only' retrieved from /home/airflow/.local/lib/python3.12/site-packages/airflow/example_dags/example_latest_only.py
[2024-04-25T13:50:16.880+0000] {logging_mixin.py:188} INFO - [2024-04-25T13:50:16.880+0000] {dag.py:3096} INFO - Sync 1 DAGs
[2024-04-25T13:50:16.905+0000] {logging_mixin.py:188} INFO - [2024-04-25T13:50:16.905+0000] {dag.py:3954} INFO - Setting next_dagrun for latest_only to 2024-04-25 08:00:00+00:00, run_after=2024-04-25 12:00:00+00:00
[2024-04-25T13:50:16.930+0000] {processor.py:183} INFO - Processing /home/airflow/.local/lib/python3.12/site-packages/airflow/example_dags/example_latest_only.py took 0.092 seconds
[2024-04-25T13:50:47.427+0000] {processor.py:161} INFO - Started process (PID=6284) to work on /home/airflow/.local/lib/python3.12/site-packages/airflow/example_dags/example_latest_only.py
[2024-04-25T13:50:47.428+0000] {processor.py:830} INFO - Processing file /home/airflow/.local/lib/python3.12/site-packages/airflow/example_dags/example_latest_only.py for tasks to queue
[2024-04-25T13:50:47.431+0000] {logging_mixin.py:188} INFO - [2024-04-25T13:50:47.431+0000] {dagbag.py:540} INFO - Filling up the DagBag from /home/airflow/.local/lib/python3.12/site-packages/airflow/example_dags/example_latest_only.py
[2024-04-25T13:50:47.436+0000] {processor.py:840} INFO - DAG(s) 'latest_only' retrieved from /home/airflow/.local/lib/python3.12/site-packages/airflow/example_dags/example_latest_only.py
[2024-04-25T13:50:47.457+0000] {logging_mixin.py:188} INFO - [2024-04-25T13:50:47.457+0000] {dag.py:3096} INFO - Sync 1 DAGs
[2024-04-25T13:50:47.480+0000] {logging_mixin.py:188} INFO - [2024-04-25T13:50:47.480+0000] {dag.py:3954} INFO - Setting next_dagrun for latest_only to 2024-04-25 08:00:00+00:00, run_after=2024-04-25 12:00:00+00:00
[2024-04-25T13:50:47.501+0000] {processor.py:183} INFO - Processing /home/airflow/.local/lib/python3.12/site-packages/airflow/example_dags/example_latest_only.py took 0.080 seconds
[2024-04-25T13:51:18.342+0000] {processor.py:161} INFO - Started process (PID=6546) to work on /home/airflow/.local/lib/python3.12/site-packages/airflow/example_dags/example_latest_only.py
[2024-04-25T13:51:18.343+0000] {processor.py:830} INFO - Processing file /home/airflow/.local/lib/python3.12/site-packages/airflow/example_dags/example_latest_only.py for tasks to queue
[2024-04-25T13:51:18.345+0000] {logging_mixin.py:188} INFO - [2024-04-25T13:51:18.345+0000] {dagbag.py:540} INFO - Filling up the DagBag from /home/airflow/.local/lib/python3.12/site-packages/airflow/example_dags/example_latest_only.py
[2024-04-25T13:51:18.352+0000] {processor.py:840} INFO - DAG(s) 'latest_only' retrieved from /home/airflow/.local/lib/python3.12/site-packages/airflow/example_dags/example_latest_only.py
[2024-04-25T13:51:18.376+0000] {logging_mixin.py:188} INFO - [2024-04-25T13:51:18.376+0000] {dag.py:3096} INFO - Sync 1 DAGs
[2024-04-25T13:51:18.400+0000] {logging_mixin.py:188} INFO - [2024-04-25T13:51:18.400+0000] {dag.py:3954} INFO - Setting next_dagrun for latest_only to 2024-04-25 08:00:00+00:00, run_after=2024-04-25 12:00:00+00:00
[2024-04-25T13:51:18.422+0000] {processor.py:183} INFO - Processing /home/airflow/.local/lib/python3.12/site-packages/airflow/example_dags/example_latest_only.py took 0.087 seconds
[2024-04-25T13:51:48.728+0000] {processor.py:161} INFO - Started process (PID=6808) to work on /home/airflow/.local/lib/python3.12/site-packages/airflow/example_dags/example_latest_only.py
[2024-04-25T13:51:48.730+0000] {processor.py:830} INFO - Processing file /home/airflow/.local/lib/python3.12/site-packages/airflow/example_dags/example_latest_only.py for tasks to queue
[2024-04-25T13:51:48.732+0000] {logging_mixin.py:188} INFO - [2024-04-25T13:51:48.732+0000] {dagbag.py:540} INFO - Filling up the DagBag from /home/airflow/.local/lib/python3.12/site-packages/airflow/example_dags/example_latest_only.py
[2024-04-25T13:51:48.738+0000] {processor.py:840} INFO - DAG(s) 'latest_only' retrieved from /home/airflow/.local/lib/python3.12/site-packages/airflow/example_dags/example_latest_only.py
[2024-04-25T13:51:48.760+0000] {logging_mixin.py:188} INFO - [2024-04-25T13:51:48.760+0000] {dag.py:3096} INFO - Sync 1 DAGs
[2024-04-25T13:51:48.784+0000] {logging_mixin.py:188} INFO - [2024-04-25T13:51:48.784+0000] {dag.py:3954} INFO - Setting next_dagrun for latest_only to 2024-04-25 08:00:00+00:00, run_after=2024-04-25 12:00:00+00:00
[2024-04-25T13:51:48.806+0000] {processor.py:183} INFO - Processing /home/airflow/.local/lib/python3.12/site-packages/airflow/example_dags/example_latest_only.py took 0.085 seconds
[2024-04-25T13:52:19.493+0000] {processor.py:161} INFO - Started process (PID=7070) to work on /home/airflow/.local/lib/python3.12/site-packages/airflow/example_dags/example_latest_only.py
[2024-04-25T13:52:19.495+0000] {processor.py:830} INFO - Processing file /home/airflow/.local/lib/python3.12/site-packages/airflow/example_dags/example_latest_only.py for tasks to queue
[2024-04-25T13:52:19.497+0000] {logging_mixin.py:188} INFO - [2024-04-25T13:52:19.496+0000] {dagbag.py:540} INFO - Filling up the DagBag from /home/airflow/.local/lib/python3.12/site-packages/airflow/example_dags/example_latest_only.py
[2024-04-25T13:52:19.502+0000] {processor.py:840} INFO - DAG(s) 'latest_only' retrieved from /home/airflow/.local/lib/python3.12/site-packages/airflow/example_dags/example_latest_only.py
[2024-04-25T13:52:19.525+0000] {logging_mixin.py:188} INFO - [2024-04-25T13:52:19.525+0000] {dag.py:3096} INFO - Sync 1 DAGs
[2024-04-25T13:52:19.549+0000] {logging_mixin.py:188} INFO - [2024-04-25T13:52:19.548+0000] {dag.py:3954} INFO - Setting next_dagrun for latest_only to 2024-04-25 08:00:00+00:00, run_after=2024-04-25 12:00:00+00:00
[2024-04-25T13:52:19.722+0000] {processor.py:183} INFO - Processing /home/airflow/.local/lib/python3.12/site-packages/airflow/example_dags/example_latest_only.py took 0.235 seconds
[2024-04-25T13:52:49.911+0000] {processor.py:161} INFO - Started process (PID=7334) to work on /home/airflow/.local/lib/python3.12/site-packages/airflow/example_dags/example_latest_only.py
[2024-04-25T13:52:49.912+0000] {processor.py:830} INFO - Processing file /home/airflow/.local/lib/python3.12/site-packages/airflow/example_dags/example_latest_only.py for tasks to queue
[2024-04-25T13:52:49.914+0000] {logging_mixin.py:188} INFO - [2024-04-25T13:52:49.914+0000] {dagbag.py:540} INFO - Filling up the DagBag from /home/airflow/.local/lib/python3.12/site-packages/airflow/example_dags/example_latest_only.py
[2024-04-25T13:52:49.919+0000] {processor.py:840} INFO - DAG(s) 'latest_only' retrieved from /home/airflow/.local/lib/python3.12/site-packages/airflow/example_dags/example_latest_only.py
[2024-04-25T13:52:49.940+0000] {logging_mixin.py:188} INFO - [2024-04-25T13:52:49.939+0000] {dag.py:3096} INFO - Sync 1 DAGs
[2024-04-25T13:52:49.962+0000] {logging_mixin.py:188} INFO - [2024-04-25T13:52:49.962+0000] {dag.py:3954} INFO - Setting next_dagrun for latest_only to 2024-04-25 08:00:00+00:00, run_after=2024-04-25 12:00:00+00:00
[2024-04-25T13:52:49.982+0000] {processor.py:183} INFO - Processing /home/airflow/.local/lib/python3.12/site-packages/airflow/example_dags/example_latest_only.py took 0.078 seconds
[2024-04-25T13:53:20.356+0000] {processor.py:161} INFO - Started process (PID=7596) to work on /home/airflow/.local/lib/python3.12/site-packages/airflow/example_dags/example_latest_only.py
[2024-04-25T13:53:20.357+0000] {processor.py:830} INFO - Processing file /home/airflow/.local/lib/python3.12/site-packages/airflow/example_dags/example_latest_only.py for tasks to queue
[2024-04-25T13:53:20.359+0000] {logging_mixin.py:188} INFO - [2024-04-25T13:53:20.359+0000] {dagbag.py:540} INFO - Filling up the DagBag from /home/airflow/.local/lib/python3.12/site-packages/airflow/example_dags/example_latest_only.py
[2024-04-25T13:53:20.366+0000] {processor.py:840} INFO - DAG(s) 'latest_only' retrieved from /home/airflow/.local/lib/python3.12/site-packages/airflow/example_dags/example_latest_only.py
[2024-04-25T13:53:20.386+0000] {logging_mixin.py:188} INFO - [2024-04-25T13:53:20.386+0000] {dag.py:3096} INFO - Sync 1 DAGs
[2024-04-25T13:53:20.409+0000] {logging_mixin.py:188} INFO - [2024-04-25T13:53:20.409+0000] {dag.py:3954} INFO - Setting next_dagrun for latest_only to 2024-04-25 08:00:00+00:00, run_after=2024-04-25 12:00:00+00:00
[2024-04-25T13:53:20.429+0000] {processor.py:183} INFO - Processing /home/airflow/.local/lib/python3.12/site-packages/airflow/example_dags/example_latest_only.py took 0.080 seconds
[2024-04-25T13:53:50.803+0000] {processor.py:161} INFO - Started process (PID=7856) to work on /home/airflow/.local/lib/python3.12/site-packages/airflow/example_dags/example_latest_only.py
[2024-04-25T13:53:50.805+0000] {processor.py:830} INFO - Processing file /home/airflow/.local/lib/python3.12/site-packages/airflow/example_dags/example_latest_only.py for tasks to queue
[2024-04-25T13:53:50.807+0000] {logging_mixin.py:188} INFO - [2024-04-25T13:53:50.806+0000] {dagbag.py:540} INFO - Filling up the DagBag from /home/airflow/.local/lib/python3.12/site-packages/airflow/example_dags/example_latest_only.py
[2024-04-25T13:53:50.813+0000] {processor.py:840} INFO - DAG(s) 'latest_only' retrieved from /home/airflow/.local/lib/python3.12/site-packages/airflow/example_dags/example_latest_only.py
[2024-04-25T13:53:50.836+0000] {logging_mixin.py:188} INFO - [2024-04-25T13:53:50.836+0000] {dag.py:3096} INFO - Sync 1 DAGs
[2024-04-25T13:53:50.860+0000] {logging_mixin.py:188} INFO - [2024-04-25T13:53:50.860+0000] {dag.py:3954} INFO - Setting next_dagrun for latest_only to 2024-04-25 08:00:00+00:00, run_after=2024-04-25 12:00:00+00:00
[2024-04-25T13:53:50.880+0000] {processor.py:183} INFO - Processing /home/airflow/.local/lib/python3.12/site-packages/airflow/example_dags/example_latest_only.py took 0.083 seconds
[2024-04-25T13:54:21.216+0000] {processor.py:161} INFO - Started process (PID=8118) to work on /home/airflow/.local/lib/python3.12/site-packages/airflow/example_dags/example_latest_only.py
[2024-04-25T13:54:21.217+0000] {processor.py:830} INFO - Processing file /home/airflow/.local/lib/python3.12/site-packages/airflow/example_dags/example_latest_only.py for tasks to queue
[2024-04-25T13:54:21.220+0000] {logging_mixin.py:188} INFO - [2024-04-25T13:54:21.219+0000] {dagbag.py:540} INFO - Filling up the DagBag from /home/airflow/.local/lib/python3.12/site-packages/airflow/example_dags/example_latest_only.py
[2024-04-25T13:54:21.225+0000] {processor.py:840} INFO - DAG(s) 'latest_only' retrieved from /home/airflow/.local/lib/python3.12/site-packages/airflow/example_dags/example_latest_only.py
[2024-04-25T13:54:21.246+0000] {logging_mixin.py:188} INFO - [2024-04-25T13:54:21.246+0000] {dag.py:3096} INFO - Sync 1 DAGs
[2024-04-25T13:54:21.270+0000] {logging_mixin.py:188} INFO - [2024-04-25T13:54:21.269+0000] {dag.py:3954} INFO - Setting next_dagrun for latest_only to 2024-04-25 08:00:00+00:00, run_after=2024-04-25 12:00:00+00:00
[2024-04-25T13:54:21.290+0000] {processor.py:183} INFO - Processing /home/airflow/.local/lib/python3.12/site-packages/airflow/example_dags/example_latest_only.py took 0.080 seconds
[2024-04-25T13:54:51.589+0000] {processor.py:161} INFO - Started process (PID=8380) to work on /home/airflow/.local/lib/python3.12/site-packages/airflow/example_dags/example_latest_only.py
[2024-04-25T13:54:51.591+0000] {processor.py:830} INFO - Processing file /home/airflow/.local/lib/python3.12/site-packages/airflow/example_dags/example_latest_only.py for tasks to queue
[2024-04-25T13:54:51.593+0000] {logging_mixin.py:188} INFO - [2024-04-25T13:54:51.592+0000] {dagbag.py:540} INFO - Filling up the DagBag from /home/airflow/.local/lib/python3.12/site-packages/airflow/example_dags/example_latest_only.py
[2024-04-25T13:54:51.599+0000] {processor.py:840} INFO - DAG(s) 'latest_only' retrieved from /home/airflow/.local/lib/python3.12/site-packages/airflow/example_dags/example_latest_only.py
[2024-04-25T13:54:51.631+0000] {logging_mixin.py:188} INFO - [2024-04-25T13:54:51.631+0000] {dag.py:3096} INFO - Sync 1 DAGs
[2024-04-25T13:54:51.667+0000] {logging_mixin.py:188} INFO - [2024-04-25T13:54:51.666+0000] {dag.py:3954} INFO - Setting next_dagrun for latest_only to 2024-04-25 08:00:00+00:00, run_after=2024-04-25 12:00:00+00:00
[2024-04-25T13:54:51.693+0000] {processor.py:183} INFO - Processing /home/airflow/.local/lib/python3.12/site-packages/airflow/example_dags/example_latest_only.py took 0.111 seconds
[2024-04-25T13:55:22.166+0000] {processor.py:161} INFO - Started process (PID=8645) to work on /home/airflow/.local/lib/python3.12/site-packages/airflow/example_dags/example_latest_only.py
[2024-04-25T13:55:22.168+0000] {processor.py:830} INFO - Processing file /home/airflow/.local/lib/python3.12/site-packages/airflow/example_dags/example_latest_only.py for tasks to queue
[2024-04-25T13:55:22.170+0000] {logging_mixin.py:188} INFO - [2024-04-25T13:55:22.169+0000] {dagbag.py:540} INFO - Filling up the DagBag from /home/airflow/.local/lib/python3.12/site-packages/airflow/example_dags/example_latest_only.py
[2024-04-25T13:55:22.175+0000] {processor.py:840} INFO - DAG(s) 'latest_only' retrieved from /home/airflow/.local/lib/python3.12/site-packages/airflow/example_dags/example_latest_only.py
[2024-04-25T13:55:22.197+0000] {logging_mixin.py:188} INFO - [2024-04-25T13:55:22.197+0000] {dag.py:3096} INFO - Sync 1 DAGs
[2024-04-25T13:55:22.223+0000] {logging_mixin.py:188} INFO - [2024-04-25T13:55:22.223+0000] {dag.py:3954} INFO - Setting next_dagrun for latest_only to 2024-04-25 08:00:00+00:00, run_after=2024-04-25 12:00:00+00:00
[2024-04-25T13:55:22.244+0000] {processor.py:183} INFO - Processing /home/airflow/.local/lib/python3.12/site-packages/airflow/example_dags/example_latest_only.py took 0.085 seconds
[2024-04-25T13:55:52.650+0000] {processor.py:161} INFO - Started process (PID=8905) to work on /home/airflow/.local/lib/python3.12/site-packages/airflow/example_dags/example_latest_only.py
[2024-04-25T13:55:52.652+0000] {processor.py:830} INFO - Processing file /home/airflow/.local/lib/python3.12/site-packages/airflow/example_dags/example_latest_only.py for tasks to queue
[2024-04-25T13:55:52.654+0000] {logging_mixin.py:188} INFO - [2024-04-25T13:55:52.653+0000] {dagbag.py:540} INFO - Filling up the DagBag from /home/airflow/.local/lib/python3.12/site-packages/airflow/example_dags/example_latest_only.py
[2024-04-25T13:55:52.659+0000] {processor.py:840} INFO - DAG(s) 'latest_only' retrieved from /home/airflow/.local/lib/python3.12/site-packages/airflow/example_dags/example_latest_only.py
[2024-04-25T13:55:52.681+0000] {logging_mixin.py:188} INFO - [2024-04-25T13:55:52.680+0000] {dag.py:3096} INFO - Sync 1 DAGs
[2024-04-25T13:55:52.705+0000] {logging_mixin.py:188} INFO - [2024-04-25T13:55:52.705+0000] {dag.py:3954} INFO - Setting next_dagrun for latest_only to 2024-04-25 08:00:00+00:00, run_after=2024-04-25 12:00:00+00:00
[2024-04-25T13:55:52.725+0000] {processor.py:183} INFO - Processing /home/airflow/.local/lib/python3.12/site-packages/airflow/example_dags/example_latest_only.py took 0.081 seconds
[2024-04-25T13:56:23.124+0000] {processor.py:161} INFO - Started process (PID=9167) to work on /home/airflow/.local/lib/python3.12/site-packages/airflow/example_dags/example_latest_only.py
[2024-04-25T13:56:23.125+0000] {processor.py:830} INFO - Processing file /home/airflow/.local/lib/python3.12/site-packages/airflow/example_dags/example_latest_only.py for tasks to queue
[2024-04-25T13:56:23.127+0000] {logging_mixin.py:188} INFO - [2024-04-25T13:56:23.127+0000] {dagbag.py:540} INFO - Filling up the DagBag from /home/airflow/.local/lib/python3.12/site-packages/airflow/example_dags/example_latest_only.py
[2024-04-25T13:56:23.133+0000] {processor.py:840} INFO - DAG(s) 'latest_only' retrieved from /home/airflow/.local/lib/python3.12/site-packages/airflow/example_dags/example_latest_only.py
[2024-04-25T13:56:23.154+0000] {logging_mixin.py:188} INFO - [2024-04-25T13:56:23.154+0000] {dag.py:3096} INFO - Sync 1 DAGs
[2024-04-25T13:56:23.178+0000] {logging_mixin.py:188} INFO - [2024-04-25T13:56:23.177+0000] {dag.py:3954} INFO - Setting next_dagrun for latest_only to 2024-04-25 08:00:00+00:00, run_after=2024-04-25 12:00:00+00:00
[2024-04-25T13:56:23.201+0000] {processor.py:183} INFO - Processing /home/airflow/.local/lib/python3.12/site-packages/airflow/example_dags/example_latest_only.py took 0.084 seconds
[2024-04-25T13:58:16.972+0000] {processor.py:161} INFO - Started process (PID=252) to work on /home/airflow/.local/lib/python3.12/site-packages/airflow/example_dags/example_latest_only.py
[2024-04-25T13:58:16.974+0000] {processor.py:830} INFO - Processing file /home/airflow/.local/lib/python3.12/site-packages/airflow/example_dags/example_latest_only.py for tasks to queue
[2024-04-25T13:58:16.976+0000] {logging_mixin.py:188} INFO - [2024-04-25T13:58:16.975+0000] {dagbag.py:540} INFO - Filling up the DagBag from /home/airflow/.local/lib/python3.12/site-packages/airflow/example_dags/example_latest_only.py
[2024-04-25T13:58:16.985+0000] {processor.py:840} INFO - DAG(s) 'latest_only' retrieved from /home/airflow/.local/lib/python3.12/site-packages/airflow/example_dags/example_latest_only.py
[2024-04-25T13:58:16.999+0000] {logging_mixin.py:188} INFO - [2024-04-25T13:58:16.999+0000] {dag.py:3096} INFO - Sync 1 DAGs
[2024-04-25T13:58:17.024+0000] {logging_mixin.py:188} INFO - [2024-04-25T13:58:17.024+0000] {dag.py:3954} INFO - Setting next_dagrun for latest_only to 2024-04-25 08:00:00+00:00, run_after=2024-04-25 12:00:00+00:00
[2024-04-25T13:58:17.047+0000] {processor.py:183} INFO - Processing /home/airflow/.local/lib/python3.12/site-packages/airflow/example_dags/example_latest_only.py took 0.081 seconds
[2024-04-25T13:58:48.354+0000] {processor.py:161} INFO - Started process (PID=514) to work on /home/airflow/.local/lib/python3.12/site-packages/airflow/example_dags/example_latest_only.py
[2024-04-25T13:58:48.355+0000] {processor.py:830} INFO - Processing file /home/airflow/.local/lib/python3.12/site-packages/airflow/example_dags/example_latest_only.py for tasks to queue
[2024-04-25T13:58:48.358+0000] {logging_mixin.py:188} INFO - [2024-04-25T13:58:48.357+0000] {dagbag.py:540} INFO - Filling up the DagBag from /home/airflow/.local/lib/python3.12/site-packages/airflow/example_dags/example_latest_only.py
[2024-04-25T13:58:48.364+0000] {processor.py:840} INFO - DAG(s) 'latest_only' retrieved from /home/airflow/.local/lib/python3.12/site-packages/airflow/example_dags/example_latest_only.py
[2024-04-25T13:58:48.491+0000] {logging_mixin.py:188} INFO - [2024-04-25T13:58:48.490+0000] {dag.py:3096} INFO - Sync 1 DAGs
[2024-04-25T13:58:48.515+0000] {logging_mixin.py:188} INFO - [2024-04-25T13:58:48.515+0000] {dag.py:3954} INFO - Setting next_dagrun for latest_only to 2024-04-25 08:00:00+00:00, run_after=2024-04-25 12:00:00+00:00
[2024-04-25T13:58:48.537+0000] {processor.py:183} INFO - Processing /home/airflow/.local/lib/python3.12/site-packages/airflow/example_dags/example_latest_only.py took 0.190 seconds
