[2024-04-25T13:39:07.795+0000] {processor.py:161} INFO - Started process (PID=313) to work on /home/airflow/.local/lib/python3.12/site-packages/airflow/example_dags/example_branch_operator.py
[2024-04-25T13:39:07.797+0000] {processor.py:830} INFO - Processing file /home/airflow/.local/lib/python3.12/site-packages/airflow/example_dags/example_branch_operator.py for tasks to queue
[2024-04-25T13:39:07.799+0000] {logging_mixin.py:188} INFO - [2024-04-25T13:39:07.799+0000] {dagbag.py:540} INFO - Filling up the DagBag from /home/airflow/.local/lib/python3.12/site-packages/airflow/example_dags/example_branch_operator.py
[2024-04-25T13:39:07.836+0000] {processor.py:840} INFO - DAG(s) 'example_branch_operator' retrieved from /home/airflow/.local/lib/python3.12/site-packages/airflow/example_dags/example_branch_operator.py
[2024-04-25T13:39:08.050+0000] {logging_mixin.py:188} INFO - [2024-04-25T13:39:08.050+0000] {dag.py:3096} INFO - Sync 1 DAGs
[2024-04-25T13:39:08.091+0000] {logging_mixin.py:188} INFO - [2024-04-25T13:39:08.091+0000] {dag.py:3954} INFO - Setting next_dagrun for example_branch_operator to 2024-04-24 00:00:00+00:00, run_after=2024-04-25 00:00:00+00:00
[2024-04-25T13:39:08.134+0000] {processor.py:183} INFO - Processing /home/airflow/.local/lib/python3.12/site-packages/airflow/example_dags/example_branch_operator.py took 0.351 seconds
[2024-04-25T13:39:38.769+0000] {processor.py:161} INFO - Started process (PID=575) to work on /home/airflow/.local/lib/python3.12/site-packages/airflow/example_dags/example_branch_operator.py
[2024-04-25T13:39:38.771+0000] {processor.py:830} INFO - Processing file /home/airflow/.local/lib/python3.12/site-packages/airflow/example_dags/example_branch_operator.py for tasks to queue
[2024-04-25T13:39:38.775+0000] {logging_mixin.py:188} INFO - [2024-04-25T13:39:38.775+0000] {dagbag.py:540} INFO - Filling up the DagBag from /home/airflow/.local/lib/python3.12/site-packages/airflow/example_dags/example_branch_operator.py
[2024-04-25T13:39:38.807+0000] {processor.py:840} INFO - DAG(s) 'example_branch_operator' retrieved from /home/airflow/.local/lib/python3.12/site-packages/airflow/example_dags/example_branch_operator.py
[2024-04-25T13:39:38.858+0000] {logging_mixin.py:188} INFO - [2024-04-25T13:39:38.857+0000] {dag.py:3096} INFO - Sync 1 DAGs
[2024-04-25T13:39:38.896+0000] {logging_mixin.py:188} INFO - [2024-04-25T13:39:38.896+0000] {dag.py:3954} INFO - Setting next_dagrun for example_branch_operator to 2024-04-24 00:00:00+00:00, run_after=2024-04-25 00:00:00+00:00
[2024-04-25T13:39:38.926+0000] {processor.py:183} INFO - Processing /home/airflow/.local/lib/python3.12/site-packages/airflow/example_dags/example_branch_operator.py took 0.167 seconds
[2024-04-25T13:40:09.046+0000] {processor.py:161} INFO - Started process (PID=839) to work on /home/airflow/.local/lib/python3.12/site-packages/airflow/example_dags/example_branch_operator.py
[2024-04-25T13:40:09.047+0000] {processor.py:830} INFO - Processing file /home/airflow/.local/lib/python3.12/site-packages/airflow/example_dags/example_branch_operator.py for tasks to queue
[2024-04-25T13:40:09.049+0000] {logging_mixin.py:188} INFO - [2024-04-25T13:40:09.049+0000] {dagbag.py:540} INFO - Filling up the DagBag from /home/airflow/.local/lib/python3.12/site-packages/airflow/example_dags/example_branch_operator.py
[2024-04-25T13:40:09.068+0000] {processor.py:840} INFO - DAG(s) 'example_branch_operator' retrieved from /home/airflow/.local/lib/python3.12/site-packages/airflow/example_dags/example_branch_operator.py
[2024-04-25T13:40:09.100+0000] {logging_mixin.py:188} INFO - [2024-04-25T13:40:09.100+0000] {dag.py:3096} INFO - Sync 1 DAGs
[2024-04-25T13:40:09.123+0000] {logging_mixin.py:188} INFO - [2024-04-25T13:40:09.123+0000] {dag.py:3954} INFO - Setting next_dagrun for example_branch_operator to 2024-04-24 00:00:00+00:00, run_after=2024-04-25 00:00:00+00:00
[2024-04-25T13:40:09.144+0000] {processor.py:183} INFO - Processing /home/airflow/.local/lib/python3.12/site-packages/airflow/example_dags/example_branch_operator.py took 0.104 seconds
[2024-04-25T13:40:39.262+0000] {processor.py:161} INFO - Started process (PID=1099) to work on /home/airflow/.local/lib/python3.12/site-packages/airflow/example_dags/example_branch_operator.py
[2024-04-25T13:40:39.263+0000] {processor.py:830} INFO - Processing file /home/airflow/.local/lib/python3.12/site-packages/airflow/example_dags/example_branch_operator.py for tasks to queue
[2024-04-25T13:40:39.265+0000] {logging_mixin.py:188} INFO - [2024-04-25T13:40:39.265+0000] {dagbag.py:540} INFO - Filling up the DagBag from /home/airflow/.local/lib/python3.12/site-packages/airflow/example_dags/example_branch_operator.py
[2024-04-25T13:40:39.284+0000] {processor.py:840} INFO - DAG(s) 'example_branch_operator' retrieved from /home/airflow/.local/lib/python3.12/site-packages/airflow/example_dags/example_branch_operator.py
[2024-04-25T13:40:39.317+0000] {logging_mixin.py:188} INFO - [2024-04-25T13:40:39.317+0000] {dag.py:3096} INFO - Sync 1 DAGs
[2024-04-25T13:40:39.340+0000] {logging_mixin.py:188} INFO - [2024-04-25T13:40:39.340+0000] {dag.py:3954} INFO - Setting next_dagrun for example_branch_operator to 2024-04-24 00:00:00+00:00, run_after=2024-04-25 00:00:00+00:00
[2024-04-25T13:40:39.362+0000] {processor.py:183} INFO - Processing /home/airflow/.local/lib/python3.12/site-packages/airflow/example_dags/example_branch_operator.py took 0.107 seconds
[2024-04-25T13:41:09.913+0000] {processor.py:161} INFO - Started process (PID=1361) to work on /home/airflow/.local/lib/python3.12/site-packages/airflow/example_dags/example_branch_operator.py
[2024-04-25T13:41:09.915+0000] {processor.py:830} INFO - Processing file /home/airflow/.local/lib/python3.12/site-packages/airflow/example_dags/example_branch_operator.py for tasks to queue
[2024-04-25T13:41:09.917+0000] {logging_mixin.py:188} INFO - [2024-04-25T13:41:09.917+0000] {dagbag.py:540} INFO - Filling up the DagBag from /home/airflow/.local/lib/python3.12/site-packages/airflow/example_dags/example_branch_operator.py
[2024-04-25T13:41:09.936+0000] {processor.py:840} INFO - DAG(s) 'example_branch_operator' retrieved from /home/airflow/.local/lib/python3.12/site-packages/airflow/example_dags/example_branch_operator.py
[2024-04-25T13:41:09.971+0000] {logging_mixin.py:188} INFO - [2024-04-25T13:41:09.971+0000] {dag.py:3096} INFO - Sync 1 DAGs
[2024-04-25T13:41:10.002+0000] {logging_mixin.py:188} INFO - [2024-04-25T13:41:10.002+0000] {dag.py:3954} INFO - Setting next_dagrun for example_branch_operator to 2024-04-24 00:00:00+00:00, run_after=2024-04-25 00:00:00+00:00
[2024-04-25T13:41:10.030+0000] {processor.py:183} INFO - Processing /home/airflow/.local/lib/python3.12/site-packages/airflow/example_dags/example_branch_operator.py took 0.125 seconds
[2024-04-25T13:41:40.667+0000] {processor.py:161} INFO - Started process (PID=1623) to work on /home/airflow/.local/lib/python3.12/site-packages/airflow/example_dags/example_branch_operator.py
[2024-04-25T13:41:40.669+0000] {processor.py:830} INFO - Processing file /home/airflow/.local/lib/python3.12/site-packages/airflow/example_dags/example_branch_operator.py for tasks to queue
[2024-04-25T13:41:40.671+0000] {logging_mixin.py:188} INFO - [2024-04-25T13:41:40.671+0000] {dagbag.py:540} INFO - Filling up the DagBag from /home/airflow/.local/lib/python3.12/site-packages/airflow/example_dags/example_branch_operator.py
[2024-04-25T13:41:40.693+0000] {processor.py:840} INFO - DAG(s) 'example_branch_operator' retrieved from /home/airflow/.local/lib/python3.12/site-packages/airflow/example_dags/example_branch_operator.py
[2024-04-25T13:41:40.728+0000] {logging_mixin.py:188} INFO - [2024-04-25T13:41:40.728+0000] {dag.py:3096} INFO - Sync 1 DAGs
[2024-04-25T13:41:40.758+0000] {logging_mixin.py:188} INFO - [2024-04-25T13:41:40.757+0000] {dag.py:3954} INFO - Setting next_dagrun for example_branch_operator to 2024-04-24 00:00:00+00:00, run_after=2024-04-25 00:00:00+00:00
[2024-04-25T13:41:40.783+0000] {processor.py:183} INFO - Processing /home/airflow/.local/lib/python3.12/site-packages/airflow/example_dags/example_branch_operator.py took 0.127 seconds
[2024-04-25T13:42:10.879+0000] {processor.py:161} INFO - Started process (PID=1887) to work on /home/airflow/.local/lib/python3.12/site-packages/airflow/example_dags/example_branch_operator.py
[2024-04-25T13:42:10.880+0000] {processor.py:830} INFO - Processing file /home/airflow/.local/lib/python3.12/site-packages/airflow/example_dags/example_branch_operator.py for tasks to queue
[2024-04-25T13:42:10.883+0000] {logging_mixin.py:188} INFO - [2024-04-25T13:42:10.882+0000] {dagbag.py:540} INFO - Filling up the DagBag from /home/airflow/.local/lib/python3.12/site-packages/airflow/example_dags/example_branch_operator.py
[2024-04-25T13:42:10.904+0000] {processor.py:840} INFO - DAG(s) 'example_branch_operator' retrieved from /home/airflow/.local/lib/python3.12/site-packages/airflow/example_dags/example_branch_operator.py
[2024-04-25T13:42:10.941+0000] {logging_mixin.py:188} INFO - [2024-04-25T13:42:10.941+0000] {dag.py:3096} INFO - Sync 1 DAGs
[2024-04-25T13:42:10.966+0000] {logging_mixin.py:188} INFO - [2024-04-25T13:42:10.965+0000] {dag.py:3954} INFO - Setting next_dagrun for example_branch_operator to 2024-04-24 00:00:00+00:00, run_after=2024-04-25 00:00:00+00:00
[2024-04-25T13:42:10.989+0000] {processor.py:183} INFO - Processing /home/airflow/.local/lib/python3.12/site-packages/airflow/example_dags/example_branch_operator.py took 0.117 seconds
[2024-04-25T13:42:41.174+0000] {processor.py:161} INFO - Started process (PID=2147) to work on /home/airflow/.local/lib/python3.12/site-packages/airflow/example_dags/example_branch_operator.py
[2024-04-25T13:42:41.176+0000] {processor.py:830} INFO - Processing file /home/airflow/.local/lib/python3.12/site-packages/airflow/example_dags/example_branch_operator.py for tasks to queue
[2024-04-25T13:42:41.178+0000] {logging_mixin.py:188} INFO - [2024-04-25T13:42:41.177+0000] {dagbag.py:540} INFO - Filling up the DagBag from /home/airflow/.local/lib/python3.12/site-packages/airflow/example_dags/example_branch_operator.py
[2024-04-25T13:42:41.198+0000] {processor.py:840} INFO - DAG(s) 'example_branch_operator' retrieved from /home/airflow/.local/lib/python3.12/site-packages/airflow/example_dags/example_branch_operator.py
[2024-04-25T13:42:41.238+0000] {logging_mixin.py:188} INFO - [2024-04-25T13:42:41.238+0000] {dag.py:3096} INFO - Sync 1 DAGs
[2024-04-25T13:42:41.290+0000] {logging_mixin.py:188} INFO - [2024-04-25T13:42:41.289+0000] {dag.py:3954} INFO - Setting next_dagrun for example_branch_operator to 2024-04-24 00:00:00+00:00, run_after=2024-04-25 00:00:00+00:00
[2024-04-25T13:42:41.325+0000] {processor.py:183} INFO - Processing /home/airflow/.local/lib/python3.12/site-packages/airflow/example_dags/example_branch_operator.py took 0.157 seconds
[2024-04-25T13:43:11.722+0000] {processor.py:161} INFO - Started process (PID=2409) to work on /home/airflow/.local/lib/python3.12/site-packages/airflow/example_dags/example_branch_operator.py
[2024-04-25T13:43:11.723+0000] {processor.py:830} INFO - Processing file /home/airflow/.local/lib/python3.12/site-packages/airflow/example_dags/example_branch_operator.py for tasks to queue
[2024-04-25T13:43:11.726+0000] {logging_mixin.py:188} INFO - [2024-04-25T13:43:11.725+0000] {dagbag.py:540} INFO - Filling up the DagBag from /home/airflow/.local/lib/python3.12/site-packages/airflow/example_dags/example_branch_operator.py
[2024-04-25T13:43:11.751+0000] {processor.py:840} INFO - DAG(s) 'example_branch_operator' retrieved from /home/airflow/.local/lib/python3.12/site-packages/airflow/example_dags/example_branch_operator.py
[2024-04-25T13:43:11.794+0000] {logging_mixin.py:188} INFO - [2024-04-25T13:43:11.793+0000] {dag.py:3096} INFO - Sync 1 DAGs
[2024-04-25T13:43:11.823+0000] {logging_mixin.py:188} INFO - [2024-04-25T13:43:11.823+0000] {dag.py:3954} INFO - Setting next_dagrun for example_branch_operator to 2024-04-24 00:00:00+00:00, run_after=2024-04-25 00:00:00+00:00
[2024-04-25T13:43:11.847+0000] {processor.py:183} INFO - Processing /home/airflow/.local/lib/python3.12/site-packages/airflow/example_dags/example_branch_operator.py took 0.133 seconds
[2024-04-25T13:43:42.239+0000] {processor.py:161} INFO - Started process (PID=2671) to work on /home/airflow/.local/lib/python3.12/site-packages/airflow/example_dags/example_branch_operator.py
[2024-04-25T13:43:42.240+0000] {processor.py:830} INFO - Processing file /home/airflow/.local/lib/python3.12/site-packages/airflow/example_dags/example_branch_operator.py for tasks to queue
[2024-04-25T13:43:42.242+0000] {logging_mixin.py:188} INFO - [2024-04-25T13:43:42.242+0000] {dagbag.py:540} INFO - Filling up the DagBag from /home/airflow/.local/lib/python3.12/site-packages/airflow/example_dags/example_branch_operator.py
[2024-04-25T13:43:42.260+0000] {processor.py:840} INFO - DAG(s) 'example_branch_operator' retrieved from /home/airflow/.local/lib/python3.12/site-packages/airflow/example_dags/example_branch_operator.py
[2024-04-25T13:43:42.292+0000] {logging_mixin.py:188} INFO - [2024-04-25T13:43:42.292+0000] {dag.py:3096} INFO - Sync 1 DAGs
[2024-04-25T13:43:42.316+0000] {logging_mixin.py:188} INFO - [2024-04-25T13:43:42.316+0000] {dag.py:3954} INFO - Setting next_dagrun for example_branch_operator to 2024-04-24 00:00:00+00:00, run_after=2024-04-25 00:00:00+00:00
[2024-04-25T13:43:42.337+0000] {processor.py:183} INFO - Processing /home/airflow/.local/lib/python3.12/site-packages/airflow/example_dags/example_branch_operator.py took 0.105 seconds
[2024-04-25T13:44:12.600+0000] {processor.py:161} INFO - Started process (PID=2933) to work on /home/airflow/.local/lib/python3.12/site-packages/airflow/example_dags/example_branch_operator.py
[2024-04-25T13:44:12.601+0000] {processor.py:830} INFO - Processing file /home/airflow/.local/lib/python3.12/site-packages/airflow/example_dags/example_branch_operator.py for tasks to queue
[2024-04-25T13:44:12.603+0000] {logging_mixin.py:188} INFO - [2024-04-25T13:44:12.603+0000] {dagbag.py:540} INFO - Filling up the DagBag from /home/airflow/.local/lib/python3.12/site-packages/airflow/example_dags/example_branch_operator.py
[2024-04-25T13:44:12.621+0000] {processor.py:840} INFO - DAG(s) 'example_branch_operator' retrieved from /home/airflow/.local/lib/python3.12/site-packages/airflow/example_dags/example_branch_operator.py
[2024-04-25T13:44:12.655+0000] {logging_mixin.py:188} INFO - [2024-04-25T13:44:12.655+0000] {dag.py:3096} INFO - Sync 1 DAGs
[2024-04-25T13:44:12.679+0000] {logging_mixin.py:188} INFO - [2024-04-25T13:44:12.679+0000] {dag.py:3954} INFO - Setting next_dagrun for example_branch_operator to 2024-04-24 00:00:00+00:00, run_after=2024-04-25 00:00:00+00:00
[2024-04-25T13:44:12.700+0000] {processor.py:183} INFO - Processing /home/airflow/.local/lib/python3.12/site-packages/airflow/example_dags/example_branch_operator.py took 0.106 seconds
[2024-04-25T13:44:43.097+0000] {processor.py:161} INFO - Started process (PID=3195) to work on /home/airflow/.local/lib/python3.12/site-packages/airflow/example_dags/example_branch_operator.py
[2024-04-25T13:44:43.098+0000] {processor.py:830} INFO - Processing file /home/airflow/.local/lib/python3.12/site-packages/airflow/example_dags/example_branch_operator.py for tasks to queue
[2024-04-25T13:44:43.100+0000] {logging_mixin.py:188} INFO - [2024-04-25T13:44:43.100+0000] {dagbag.py:540} INFO - Filling up the DagBag from /home/airflow/.local/lib/python3.12/site-packages/airflow/example_dags/example_branch_operator.py
[2024-04-25T13:44:43.118+0000] {processor.py:840} INFO - DAG(s) 'example_branch_operator' retrieved from /home/airflow/.local/lib/python3.12/site-packages/airflow/example_dags/example_branch_operator.py
[2024-04-25T13:44:43.151+0000] {logging_mixin.py:188} INFO - [2024-04-25T13:44:43.150+0000] {dag.py:3096} INFO - Sync 1 DAGs
[2024-04-25T13:44:43.177+0000] {logging_mixin.py:188} INFO - [2024-04-25T13:44:43.177+0000] {dag.py:3954} INFO - Setting next_dagrun for example_branch_operator to 2024-04-24 00:00:00+00:00, run_after=2024-04-25 00:00:00+00:00
[2024-04-25T13:44:43.197+0000] {processor.py:183} INFO - Processing /home/airflow/.local/lib/python3.12/site-packages/airflow/example_dags/example_branch_operator.py took 0.107 seconds
[2024-04-25T13:45:13.748+0000] {processor.py:161} INFO - Started process (PID=3457) to work on /home/airflow/.local/lib/python3.12/site-packages/airflow/example_dags/example_branch_operator.py
[2024-04-25T13:45:13.750+0000] {processor.py:830} INFO - Processing file /home/airflow/.local/lib/python3.12/site-packages/airflow/example_dags/example_branch_operator.py for tasks to queue
[2024-04-25T13:45:13.752+0000] {logging_mixin.py:188} INFO - [2024-04-25T13:45:13.752+0000] {dagbag.py:540} INFO - Filling up the DagBag from /home/airflow/.local/lib/python3.12/site-packages/airflow/example_dags/example_branch_operator.py
[2024-04-25T13:45:13.781+0000] {processor.py:840} INFO - DAG(s) 'example_branch_operator' retrieved from /home/airflow/.local/lib/python3.12/site-packages/airflow/example_dags/example_branch_operator.py
[2024-04-25T13:45:13.830+0000] {logging_mixin.py:188} INFO - [2024-04-25T13:45:13.830+0000] {dag.py:3096} INFO - Sync 1 DAGs
[2024-04-25T13:45:13.855+0000] {logging_mixin.py:188} INFO - [2024-04-25T13:45:13.855+0000] {dag.py:3954} INFO - Setting next_dagrun for example_branch_operator to 2024-04-24 00:00:00+00:00, run_after=2024-04-25 00:00:00+00:00
[2024-04-25T13:45:13.878+0000] {processor.py:183} INFO - Processing /home/airflow/.local/lib/python3.12/site-packages/airflow/example_dags/example_branch_operator.py took 0.139 seconds
[2024-04-25T13:45:44.033+0000] {processor.py:161} INFO - Started process (PID=3719) to work on /home/airflow/.local/lib/python3.12/site-packages/airflow/example_dags/example_branch_operator.py
[2024-04-25T13:45:44.034+0000] {processor.py:830} INFO - Processing file /home/airflow/.local/lib/python3.12/site-packages/airflow/example_dags/example_branch_operator.py for tasks to queue
[2024-04-25T13:45:44.036+0000] {logging_mixin.py:188} INFO - [2024-04-25T13:45:44.036+0000] {dagbag.py:540} INFO - Filling up the DagBag from /home/airflow/.local/lib/python3.12/site-packages/airflow/example_dags/example_branch_operator.py
[2024-04-25T13:45:44.059+0000] {processor.py:840} INFO - DAG(s) 'example_branch_operator' retrieved from /home/airflow/.local/lib/python3.12/site-packages/airflow/example_dags/example_branch_operator.py
[2024-04-25T13:45:44.097+0000] {logging_mixin.py:188} INFO - [2024-04-25T13:45:44.097+0000] {dag.py:3096} INFO - Sync 1 DAGs
[2024-04-25T13:45:44.124+0000] {logging_mixin.py:188} INFO - [2024-04-25T13:45:44.123+0000] {dag.py:3954} INFO - Setting next_dagrun for example_branch_operator to 2024-04-24 00:00:00+00:00, run_after=2024-04-25 00:00:00+00:00
[2024-04-25T13:45:44.148+0000] {processor.py:183} INFO - Processing /home/airflow/.local/lib/python3.12/site-packages/airflow/example_dags/example_branch_operator.py took 0.124 seconds
[2024-04-25T13:46:14.924+0000] {processor.py:161} INFO - Started process (PID=3981) to work on /home/airflow/.local/lib/python3.12/site-packages/airflow/example_dags/example_branch_operator.py
[2024-04-25T13:46:14.925+0000] {processor.py:830} INFO - Processing file /home/airflow/.local/lib/python3.12/site-packages/airflow/example_dags/example_branch_operator.py for tasks to queue
[2024-04-25T13:46:14.927+0000] {logging_mixin.py:188} INFO - [2024-04-25T13:46:14.927+0000] {dagbag.py:540} INFO - Filling up the DagBag from /home/airflow/.local/lib/python3.12/site-packages/airflow/example_dags/example_branch_operator.py
[2024-04-25T13:46:14.945+0000] {processor.py:840} INFO - DAG(s) 'example_branch_operator' retrieved from /home/airflow/.local/lib/python3.12/site-packages/airflow/example_dags/example_branch_operator.py
[2024-04-25T13:46:14.978+0000] {logging_mixin.py:188} INFO - [2024-04-25T13:46:14.978+0000] {dag.py:3096} INFO - Sync 1 DAGs
[2024-04-25T13:46:15.003+0000] {logging_mixin.py:188} INFO - [2024-04-25T13:46:15.002+0000] {dag.py:3954} INFO - Setting next_dagrun for example_branch_operator to 2024-04-24 00:00:00+00:00, run_after=2024-04-25 00:00:00+00:00
[2024-04-25T13:46:15.025+0000] {processor.py:183} INFO - Processing /home/airflow/.local/lib/python3.12/site-packages/airflow/example_dags/example_branch_operator.py took 0.107 seconds
[2024-04-25T13:46:45.330+0000] {processor.py:161} INFO - Started process (PID=4243) to work on /home/airflow/.local/lib/python3.12/site-packages/airflow/example_dags/example_branch_operator.py
[2024-04-25T13:46:45.332+0000] {processor.py:830} INFO - Processing file /home/airflow/.local/lib/python3.12/site-packages/airflow/example_dags/example_branch_operator.py for tasks to queue
[2024-04-25T13:46:45.334+0000] {logging_mixin.py:188} INFO - [2024-04-25T13:46:45.334+0000] {dagbag.py:540} INFO - Filling up the DagBag from /home/airflow/.local/lib/python3.12/site-packages/airflow/example_dags/example_branch_operator.py
[2024-04-25T13:46:45.354+0000] {processor.py:840} INFO - DAG(s) 'example_branch_operator' retrieved from /home/airflow/.local/lib/python3.12/site-packages/airflow/example_dags/example_branch_operator.py
[2024-04-25T13:46:45.388+0000] {logging_mixin.py:188} INFO - [2024-04-25T13:46:45.388+0000] {dag.py:3096} INFO - Sync 1 DAGs
[2024-04-25T13:46:45.414+0000] {logging_mixin.py:188} INFO - [2024-04-25T13:46:45.414+0000] {dag.py:3954} INFO - Setting next_dagrun for example_branch_operator to 2024-04-24 00:00:00+00:00, run_after=2024-04-25 00:00:00+00:00
[2024-04-25T13:46:45.436+0000] {processor.py:183} INFO - Processing /home/airflow/.local/lib/python3.12/site-packages/airflow/example_dags/example_branch_operator.py took 0.112 seconds
[2024-04-25T13:47:15.844+0000] {processor.py:161} INFO - Started process (PID=4505) to work on /home/airflow/.local/lib/python3.12/site-packages/airflow/example_dags/example_branch_operator.py
[2024-04-25T13:47:15.845+0000] {processor.py:830} INFO - Processing file /home/airflow/.local/lib/python3.12/site-packages/airflow/example_dags/example_branch_operator.py for tasks to queue
[2024-04-25T13:47:15.848+0000] {logging_mixin.py:188} INFO - [2024-04-25T13:47:15.847+0000] {dagbag.py:540} INFO - Filling up the DagBag from /home/airflow/.local/lib/python3.12/site-packages/airflow/example_dags/example_branch_operator.py
[2024-04-25T13:47:15.869+0000] {processor.py:840} INFO - DAG(s) 'example_branch_operator' retrieved from /home/airflow/.local/lib/python3.12/site-packages/airflow/example_dags/example_branch_operator.py
[2024-04-25T13:47:15.905+0000] {logging_mixin.py:188} INFO - [2024-04-25T13:47:15.904+0000] {dag.py:3096} INFO - Sync 1 DAGs
[2024-04-25T13:47:15.930+0000] {logging_mixin.py:188} INFO - [2024-04-25T13:47:15.930+0000] {dag.py:3954} INFO - Setting next_dagrun for example_branch_operator to 2024-04-24 00:00:00+00:00, run_after=2024-04-25 00:00:00+00:00
[2024-04-25T13:47:15.953+0000] {processor.py:183} INFO - Processing /home/airflow/.local/lib/python3.12/site-packages/airflow/example_dags/example_branch_operator.py took 0.116 seconds
[2024-04-25T13:47:46.172+0000] {processor.py:161} INFO - Started process (PID=4767) to work on /home/airflow/.local/lib/python3.12/site-packages/airflow/example_dags/example_branch_operator.py
[2024-04-25T13:47:46.173+0000] {processor.py:830} INFO - Processing file /home/airflow/.local/lib/python3.12/site-packages/airflow/example_dags/example_branch_operator.py for tasks to queue
[2024-04-25T13:47:46.175+0000] {logging_mixin.py:188} INFO - [2024-04-25T13:47:46.175+0000] {dagbag.py:540} INFO - Filling up the DagBag from /home/airflow/.local/lib/python3.12/site-packages/airflow/example_dags/example_branch_operator.py
[2024-04-25T13:47:46.196+0000] {processor.py:840} INFO - DAG(s) 'example_branch_operator' retrieved from /home/airflow/.local/lib/python3.12/site-packages/airflow/example_dags/example_branch_operator.py
[2024-04-25T13:47:46.228+0000] {logging_mixin.py:188} INFO - [2024-04-25T13:47:46.228+0000] {dag.py:3096} INFO - Sync 1 DAGs
[2024-04-25T13:47:46.251+0000] {logging_mixin.py:188} INFO - [2024-04-25T13:47:46.251+0000] {dag.py:3954} INFO - Setting next_dagrun for example_branch_operator to 2024-04-24 00:00:00+00:00, run_after=2024-04-25 00:00:00+00:00
[2024-04-25T13:47:46.271+0000] {processor.py:183} INFO - Processing /home/airflow/.local/lib/python3.12/site-packages/airflow/example_dags/example_branch_operator.py took 0.105 seconds
[2024-04-25T13:48:16.625+0000] {processor.py:161} INFO - Started process (PID=5029) to work on /home/airflow/.local/lib/python3.12/site-packages/airflow/example_dags/example_branch_operator.py
[2024-04-25T13:48:16.626+0000] {processor.py:830} INFO - Processing file /home/airflow/.local/lib/python3.12/site-packages/airflow/example_dags/example_branch_operator.py for tasks to queue
[2024-04-25T13:48:16.628+0000] {logging_mixin.py:188} INFO - [2024-04-25T13:48:16.628+0000] {dagbag.py:540} INFO - Filling up the DagBag from /home/airflow/.local/lib/python3.12/site-packages/airflow/example_dags/example_branch_operator.py
[2024-04-25T13:48:16.645+0000] {processor.py:840} INFO - DAG(s) 'example_branch_operator' retrieved from /home/airflow/.local/lib/python3.12/site-packages/airflow/example_dags/example_branch_operator.py
[2024-04-25T13:48:16.679+0000] {logging_mixin.py:188} INFO - [2024-04-25T13:48:16.679+0000] {dag.py:3096} INFO - Sync 1 DAGs
[2024-04-25T13:48:16.703+0000] {logging_mixin.py:188} INFO - [2024-04-25T13:48:16.703+0000] {dag.py:3954} INFO - Setting next_dagrun for example_branch_operator to 2024-04-24 00:00:00+00:00, run_after=2024-04-25 00:00:00+00:00
[2024-04-25T13:48:16.723+0000] {processor.py:183} INFO - Processing /home/airflow/.local/lib/python3.12/site-packages/airflow/example_dags/example_branch_operator.py took 0.104 seconds
[2024-04-25T13:48:47.210+0000] {processor.py:161} INFO - Started process (PID=5291) to work on /home/airflow/.local/lib/python3.12/site-packages/airflow/example_dags/example_branch_operator.py
[2024-04-25T13:48:47.211+0000] {processor.py:830} INFO - Processing file /home/airflow/.local/lib/python3.12/site-packages/airflow/example_dags/example_branch_operator.py for tasks to queue
[2024-04-25T13:48:47.213+0000] {logging_mixin.py:188} INFO - [2024-04-25T13:48:47.213+0000] {dagbag.py:540} INFO - Filling up the DagBag from /home/airflow/.local/lib/python3.12/site-packages/airflow/example_dags/example_branch_operator.py
[2024-04-25T13:48:47.232+0000] {processor.py:840} INFO - DAG(s) 'example_branch_operator' retrieved from /home/airflow/.local/lib/python3.12/site-packages/airflow/example_dags/example_branch_operator.py
[2024-04-25T13:48:47.264+0000] {logging_mixin.py:188} INFO - [2024-04-25T13:48:47.264+0000] {dag.py:3096} INFO - Sync 1 DAGs
[2024-04-25T13:48:47.287+0000] {logging_mixin.py:188} INFO - [2024-04-25T13:48:47.287+0000] {dag.py:3954} INFO - Setting next_dagrun for example_branch_operator to 2024-04-24 00:00:00+00:00, run_after=2024-04-25 00:00:00+00:00
[2024-04-25T13:48:47.308+0000] {processor.py:183} INFO - Processing /home/airflow/.local/lib/python3.12/site-packages/airflow/example_dags/example_branch_operator.py took 0.105 seconds
[2024-04-25T13:49:17.438+0000] {processor.py:161} INFO - Started process (PID=5553) to work on /home/airflow/.local/lib/python3.12/site-packages/airflow/example_dags/example_branch_operator.py
[2024-04-25T13:49:17.440+0000] {processor.py:830} INFO - Processing file /home/airflow/.local/lib/python3.12/site-packages/airflow/example_dags/example_branch_operator.py for tasks to queue
[2024-04-25T13:49:17.442+0000] {logging_mixin.py:188} INFO - [2024-04-25T13:49:17.442+0000] {dagbag.py:540} INFO - Filling up the DagBag from /home/airflow/.local/lib/python3.12/site-packages/airflow/example_dags/example_branch_operator.py
[2024-04-25T13:49:17.461+0000] {processor.py:840} INFO - DAG(s) 'example_branch_operator' retrieved from /home/airflow/.local/lib/python3.12/site-packages/airflow/example_dags/example_branch_operator.py
[2024-04-25T13:49:17.493+0000] {logging_mixin.py:188} INFO - [2024-04-25T13:49:17.493+0000] {dag.py:3096} INFO - Sync 1 DAGs
[2024-04-25T13:49:17.517+0000] {logging_mixin.py:188} INFO - [2024-04-25T13:49:17.517+0000] {dag.py:3954} INFO - Setting next_dagrun for example_branch_operator to 2024-04-24 00:00:00+00:00, run_after=2024-04-25 00:00:00+00:00
[2024-04-25T13:49:17.538+0000] {processor.py:183} INFO - Processing /home/airflow/.local/lib/python3.12/site-packages/airflow/example_dags/example_branch_operator.py took 0.105 seconds
[2024-04-25T13:49:47.958+0000] {processor.py:161} INFO - Started process (PID=5815) to work on /home/airflow/.local/lib/python3.12/site-packages/airflow/example_dags/example_branch_operator.py
[2024-04-25T13:49:47.960+0000] {processor.py:830} INFO - Processing file /home/airflow/.local/lib/python3.12/site-packages/airflow/example_dags/example_branch_operator.py for tasks to queue
[2024-04-25T13:49:47.962+0000] {logging_mixin.py:188} INFO - [2024-04-25T13:49:47.962+0000] {dagbag.py:540} INFO - Filling up the DagBag from /home/airflow/.local/lib/python3.12/site-packages/airflow/example_dags/example_branch_operator.py
[2024-04-25T13:49:47.981+0000] {processor.py:840} INFO - DAG(s) 'example_branch_operator' retrieved from /home/airflow/.local/lib/python3.12/site-packages/airflow/example_dags/example_branch_operator.py
[2024-04-25T13:49:48.015+0000] {logging_mixin.py:188} INFO - [2024-04-25T13:49:48.015+0000] {dag.py:3096} INFO - Sync 1 DAGs
[2024-04-25T13:49:48.041+0000] {logging_mixin.py:188} INFO - [2024-04-25T13:49:48.041+0000] {dag.py:3954} INFO - Setting next_dagrun for example_branch_operator to 2024-04-24 00:00:00+00:00, run_after=2024-04-25 00:00:00+00:00
[2024-04-25T13:49:48.063+0000] {processor.py:183} INFO - Processing /home/airflow/.local/lib/python3.12/site-packages/airflow/example_dags/example_branch_operator.py took 0.112 seconds
[2024-04-25T13:50:18.635+0000] {processor.py:161} INFO - Started process (PID=6077) to work on /home/airflow/.local/lib/python3.12/site-packages/airflow/example_dags/example_branch_operator.py
[2024-04-25T13:50:18.636+0000] {processor.py:830} INFO - Processing file /home/airflow/.local/lib/python3.12/site-packages/airflow/example_dags/example_branch_operator.py for tasks to queue
[2024-04-25T13:50:18.638+0000] {logging_mixin.py:188} INFO - [2024-04-25T13:50:18.638+0000] {dagbag.py:540} INFO - Filling up the DagBag from /home/airflow/.local/lib/python3.12/site-packages/airflow/example_dags/example_branch_operator.py
[2024-04-25T13:50:18.655+0000] {processor.py:840} INFO - DAG(s) 'example_branch_operator' retrieved from /home/airflow/.local/lib/python3.12/site-packages/airflow/example_dags/example_branch_operator.py
[2024-04-25T13:50:18.692+0000] {logging_mixin.py:188} INFO - [2024-04-25T13:50:18.692+0000] {dag.py:3096} INFO - Sync 1 DAGs
[2024-04-25T13:50:18.717+0000] {logging_mixin.py:188} INFO - [2024-04-25T13:50:18.717+0000] {dag.py:3954} INFO - Setting next_dagrun for example_branch_operator to 2024-04-24 00:00:00+00:00, run_after=2024-04-25 00:00:00+00:00
[2024-04-25T13:50:18.737+0000] {processor.py:183} INFO - Processing /home/airflow/.local/lib/python3.12/site-packages/airflow/example_dags/example_branch_operator.py took 0.108 seconds
[2024-04-25T13:50:49.034+0000] {processor.py:161} INFO - Started process (PID=6339) to work on /home/airflow/.local/lib/python3.12/site-packages/airflow/example_dags/example_branch_operator.py
[2024-04-25T13:50:49.035+0000] {processor.py:830} INFO - Processing file /home/airflow/.local/lib/python3.12/site-packages/airflow/example_dags/example_branch_operator.py for tasks to queue
[2024-04-25T13:50:49.037+0000] {logging_mixin.py:188} INFO - [2024-04-25T13:50:49.037+0000] {dagbag.py:540} INFO - Filling up the DagBag from /home/airflow/.local/lib/python3.12/site-packages/airflow/example_dags/example_branch_operator.py
[2024-04-25T13:50:49.055+0000] {processor.py:840} INFO - DAG(s) 'example_branch_operator' retrieved from /home/airflow/.local/lib/python3.12/site-packages/airflow/example_dags/example_branch_operator.py
[2024-04-25T13:50:49.087+0000] {logging_mixin.py:188} INFO - [2024-04-25T13:50:49.087+0000] {dag.py:3096} INFO - Sync 1 DAGs
[2024-04-25T13:50:49.112+0000] {logging_mixin.py:188} INFO - [2024-04-25T13:50:49.112+0000] {dag.py:3954} INFO - Setting next_dagrun for example_branch_operator to 2024-04-24 00:00:00+00:00, run_after=2024-04-25 00:00:00+00:00
[2024-04-25T13:50:49.259+0000] {processor.py:183} INFO - Processing /home/airflow/.local/lib/python3.12/site-packages/airflow/example_dags/example_branch_operator.py took 0.232 seconds
[2024-04-25T13:51:19.931+0000] {processor.py:161} INFO - Started process (PID=6601) to work on /home/airflow/.local/lib/python3.12/site-packages/airflow/example_dags/example_branch_operator.py
[2024-04-25T13:51:19.932+0000] {processor.py:830} INFO - Processing file /home/airflow/.local/lib/python3.12/site-packages/airflow/example_dags/example_branch_operator.py for tasks to queue
[2024-04-25T13:51:19.934+0000] {logging_mixin.py:188} INFO - [2024-04-25T13:51:19.934+0000] {dagbag.py:540} INFO - Filling up the DagBag from /home/airflow/.local/lib/python3.12/site-packages/airflow/example_dags/example_branch_operator.py
[2024-04-25T13:51:19.953+0000] {processor.py:840} INFO - DAG(s) 'example_branch_operator' retrieved from /home/airflow/.local/lib/python3.12/site-packages/airflow/example_dags/example_branch_operator.py
[2024-04-25T13:51:19.985+0000] {logging_mixin.py:188} INFO - [2024-04-25T13:51:19.985+0000] {dag.py:3096} INFO - Sync 1 DAGs
[2024-04-25T13:51:20.009+0000] {logging_mixin.py:188} INFO - [2024-04-25T13:51:20.009+0000] {dag.py:3954} INFO - Setting next_dagrun for example_branch_operator to 2024-04-24 00:00:00+00:00, run_after=2024-04-25 00:00:00+00:00
[2024-04-25T13:51:20.032+0000] {processor.py:183} INFO - Processing /home/airflow/.local/lib/python3.12/site-packages/airflow/example_dags/example_branch_operator.py took 0.107 seconds
[2024-04-25T13:51:50.339+0000] {processor.py:161} INFO - Started process (PID=6863) to work on /home/airflow/.local/lib/python3.12/site-packages/airflow/example_dags/example_branch_operator.py
[2024-04-25T13:51:50.340+0000] {processor.py:830} INFO - Processing file /home/airflow/.local/lib/python3.12/site-packages/airflow/example_dags/example_branch_operator.py for tasks to queue
[2024-04-25T13:51:50.342+0000] {logging_mixin.py:188} INFO - [2024-04-25T13:51:50.342+0000] {dagbag.py:540} INFO - Filling up the DagBag from /home/airflow/.local/lib/python3.12/site-packages/airflow/example_dags/example_branch_operator.py
[2024-04-25T13:51:50.360+0000] {processor.py:840} INFO - DAG(s) 'example_branch_operator' retrieved from /home/airflow/.local/lib/python3.12/site-packages/airflow/example_dags/example_branch_operator.py
[2024-04-25T13:51:50.395+0000] {logging_mixin.py:188} INFO - [2024-04-25T13:51:50.394+0000] {dag.py:3096} INFO - Sync 1 DAGs
[2024-04-25T13:51:50.420+0000] {logging_mixin.py:188} INFO - [2024-04-25T13:51:50.420+0000] {dag.py:3954} INFO - Setting next_dagrun for example_branch_operator to 2024-04-24 00:00:00+00:00, run_after=2024-04-25 00:00:00+00:00
[2024-04-25T13:51:50.441+0000] {processor.py:183} INFO - Processing /home/airflow/.local/lib/python3.12/site-packages/airflow/example_dags/example_branch_operator.py took 0.108 seconds
[2024-04-25T13:52:20.938+0000] {processor.py:161} INFO - Started process (PID=7125) to work on /home/airflow/.local/lib/python3.12/site-packages/airflow/example_dags/example_branch_operator.py
[2024-04-25T13:52:20.940+0000] {processor.py:830} INFO - Processing file /home/airflow/.local/lib/python3.12/site-packages/airflow/example_dags/example_branch_operator.py for tasks to queue
[2024-04-25T13:52:20.942+0000] {logging_mixin.py:188} INFO - [2024-04-25T13:52:20.941+0000] {dagbag.py:540} INFO - Filling up the DagBag from /home/airflow/.local/lib/python3.12/site-packages/airflow/example_dags/example_branch_operator.py
[2024-04-25T13:52:20.961+0000] {processor.py:840} INFO - DAG(s) 'example_branch_operator' retrieved from /home/airflow/.local/lib/python3.12/site-packages/airflow/example_dags/example_branch_operator.py
[2024-04-25T13:52:21.144+0000] {logging_mixin.py:188} INFO - [2024-04-25T13:52:21.144+0000] {dag.py:3096} INFO - Sync 1 DAGs
[2024-04-25T13:52:21.168+0000] {logging_mixin.py:188} INFO - [2024-04-25T13:52:21.168+0000] {dag.py:3954} INFO - Setting next_dagrun for example_branch_operator to 2024-04-24 00:00:00+00:00, run_after=2024-04-25 00:00:00+00:00
[2024-04-25T13:52:21.188+0000] {processor.py:183} INFO - Processing /home/airflow/.local/lib/python3.12/site-packages/airflow/example_dags/example_branch_operator.py took 0.257 seconds
[2024-04-25T13:52:51.519+0000] {processor.py:161} INFO - Started process (PID=7387) to work on /home/airflow/.local/lib/python3.12/site-packages/airflow/example_dags/example_branch_operator.py
[2024-04-25T13:52:51.520+0000] {processor.py:830} INFO - Processing file /home/airflow/.local/lib/python3.12/site-packages/airflow/example_dags/example_branch_operator.py for tasks to queue
[2024-04-25T13:52:51.523+0000] {logging_mixin.py:188} INFO - [2024-04-25T13:52:51.522+0000] {dagbag.py:540} INFO - Filling up the DagBag from /home/airflow/.local/lib/python3.12/site-packages/airflow/example_dags/example_branch_operator.py
[2024-04-25T13:52:51.542+0000] {processor.py:840} INFO - DAG(s) 'example_branch_operator' retrieved from /home/airflow/.local/lib/python3.12/site-packages/airflow/example_dags/example_branch_operator.py
[2024-04-25T13:52:51.575+0000] {logging_mixin.py:188} INFO - [2024-04-25T13:52:51.575+0000] {dag.py:3096} INFO - Sync 1 DAGs
[2024-04-25T13:52:51.599+0000] {logging_mixin.py:188} INFO - [2024-04-25T13:52:51.598+0000] {dag.py:3954} INFO - Setting next_dagrun for example_branch_operator to 2024-04-24 00:00:00+00:00, run_after=2024-04-25 00:00:00+00:00
[2024-04-25T13:52:51.620+0000] {processor.py:183} INFO - Processing /home/airflow/.local/lib/python3.12/site-packages/airflow/example_dags/example_branch_operator.py took 0.109 seconds
[2024-04-25T13:53:22.057+0000] {processor.py:161} INFO - Started process (PID=7649) to work on /home/airflow/.local/lib/python3.12/site-packages/airflow/example_dags/example_branch_operator.py
[2024-04-25T13:53:22.058+0000] {processor.py:830} INFO - Processing file /home/airflow/.local/lib/python3.12/site-packages/airflow/example_dags/example_branch_operator.py for tasks to queue
[2024-04-25T13:53:22.060+0000] {logging_mixin.py:188} INFO - [2024-04-25T13:53:22.060+0000] {dagbag.py:540} INFO - Filling up the DagBag from /home/airflow/.local/lib/python3.12/site-packages/airflow/example_dags/example_branch_operator.py
[2024-04-25T13:53:22.078+0000] {processor.py:840} INFO - DAG(s) 'example_branch_operator' retrieved from /home/airflow/.local/lib/python3.12/site-packages/airflow/example_dags/example_branch_operator.py
[2024-04-25T13:53:22.111+0000] {logging_mixin.py:188} INFO - [2024-04-25T13:53:22.110+0000] {dag.py:3096} INFO - Sync 1 DAGs
[2024-04-25T13:53:22.135+0000] {logging_mixin.py:188} INFO - [2024-04-25T13:53:22.135+0000] {dag.py:3954} INFO - Setting next_dagrun for example_branch_operator to 2024-04-24 00:00:00+00:00, run_after=2024-04-25 00:00:00+00:00
[2024-04-25T13:53:22.156+0000] {processor.py:183} INFO - Processing /home/airflow/.local/lib/python3.12/site-packages/airflow/example_dags/example_branch_operator.py took 0.106 seconds
[2024-04-25T13:53:52.423+0000] {processor.py:161} INFO - Started process (PID=7911) to work on /home/airflow/.local/lib/python3.12/site-packages/airflow/example_dags/example_branch_operator.py
[2024-04-25T13:53:52.425+0000] {processor.py:830} INFO - Processing file /home/airflow/.local/lib/python3.12/site-packages/airflow/example_dags/example_branch_operator.py for tasks to queue
[2024-04-25T13:53:52.427+0000] {logging_mixin.py:188} INFO - [2024-04-25T13:53:52.427+0000] {dagbag.py:540} INFO - Filling up the DagBag from /home/airflow/.local/lib/python3.12/site-packages/airflow/example_dags/example_branch_operator.py
[2024-04-25T13:53:52.444+0000] {processor.py:840} INFO - DAG(s) 'example_branch_operator' retrieved from /home/airflow/.local/lib/python3.12/site-packages/airflow/example_dags/example_branch_operator.py
[2024-04-25T13:53:52.478+0000] {logging_mixin.py:188} INFO - [2024-04-25T13:53:52.478+0000] {dag.py:3096} INFO - Sync 1 DAGs
[2024-04-25T13:53:52.504+0000] {logging_mixin.py:188} INFO - [2024-04-25T13:53:52.504+0000] {dag.py:3954} INFO - Setting next_dagrun for example_branch_operator to 2024-04-24 00:00:00+00:00, run_after=2024-04-25 00:00:00+00:00
[2024-04-25T13:53:52.527+0000] {processor.py:183} INFO - Processing /home/airflow/.local/lib/python3.12/site-packages/airflow/example_dags/example_branch_operator.py took 0.110 seconds
[2024-04-25T13:54:22.897+0000] {processor.py:161} INFO - Started process (PID=8173) to work on /home/airflow/.local/lib/python3.12/site-packages/airflow/example_dags/example_branch_operator.py
[2024-04-25T13:54:22.898+0000] {processor.py:830} INFO - Processing file /home/airflow/.local/lib/python3.12/site-packages/airflow/example_dags/example_branch_operator.py for tasks to queue
[2024-04-25T13:54:22.900+0000] {logging_mixin.py:188} INFO - [2024-04-25T13:54:22.899+0000] {dagbag.py:540} INFO - Filling up the DagBag from /home/airflow/.local/lib/python3.12/site-packages/airflow/example_dags/example_branch_operator.py
[2024-04-25T13:54:22.920+0000] {processor.py:840} INFO - DAG(s) 'example_branch_operator' retrieved from /home/airflow/.local/lib/python3.12/site-packages/airflow/example_dags/example_branch_operator.py
[2024-04-25T13:54:22.952+0000] {logging_mixin.py:188} INFO - [2024-04-25T13:54:22.952+0000] {dag.py:3096} INFO - Sync 1 DAGs
[2024-04-25T13:54:22.977+0000] {logging_mixin.py:188} INFO - [2024-04-25T13:54:22.977+0000] {dag.py:3954} INFO - Setting next_dagrun for example_branch_operator to 2024-04-24 00:00:00+00:00, run_after=2024-04-25 00:00:00+00:00
[2024-04-25T13:54:22.998+0000] {processor.py:183} INFO - Processing /home/airflow/.local/lib/python3.12/site-packages/airflow/example_dags/example_branch_operator.py took 0.108 seconds
[2024-04-25T13:54:53.469+0000] {processor.py:161} INFO - Started process (PID=8435) to work on /home/airflow/.local/lib/python3.12/site-packages/airflow/example_dags/example_branch_operator.py
[2024-04-25T13:54:53.470+0000] {processor.py:830} INFO - Processing file /home/airflow/.local/lib/python3.12/site-packages/airflow/example_dags/example_branch_operator.py for tasks to queue
[2024-04-25T13:54:53.472+0000] {logging_mixin.py:188} INFO - [2024-04-25T13:54:53.471+0000] {dagbag.py:540} INFO - Filling up the DagBag from /home/airflow/.local/lib/python3.12/site-packages/airflow/example_dags/example_branch_operator.py
[2024-04-25T13:54:53.491+0000] {processor.py:840} INFO - DAG(s) 'example_branch_operator' retrieved from /home/airflow/.local/lib/python3.12/site-packages/airflow/example_dags/example_branch_operator.py
[2024-04-25T13:54:53.530+0000] {logging_mixin.py:188} INFO - [2024-04-25T13:54:53.530+0000] {dag.py:3096} INFO - Sync 1 DAGs
[2024-04-25T13:54:53.555+0000] {logging_mixin.py:188} INFO - [2024-04-25T13:54:53.554+0000] {dag.py:3954} INFO - Setting next_dagrun for example_branch_operator to 2024-04-24 00:00:00+00:00, run_after=2024-04-25 00:00:00+00:00
[2024-04-25T13:54:53.578+0000] {processor.py:183} INFO - Processing /home/airflow/.local/lib/python3.12/site-packages/airflow/example_dags/example_branch_operator.py took 0.116 seconds
[2024-04-25T13:55:23.943+0000] {processor.py:161} INFO - Started process (PID=8698) to work on /home/airflow/.local/lib/python3.12/site-packages/airflow/example_dags/example_branch_operator.py
[2024-04-25T13:55:23.944+0000] {processor.py:830} INFO - Processing file /home/airflow/.local/lib/python3.12/site-packages/airflow/example_dags/example_branch_operator.py for tasks to queue
[2024-04-25T13:55:23.947+0000] {logging_mixin.py:188} INFO - [2024-04-25T13:55:23.946+0000] {dagbag.py:540} INFO - Filling up the DagBag from /home/airflow/.local/lib/python3.12/site-packages/airflow/example_dags/example_branch_operator.py
[2024-04-25T13:55:23.972+0000] {processor.py:840} INFO - DAG(s) 'example_branch_operator' retrieved from /home/airflow/.local/lib/python3.12/site-packages/airflow/example_dags/example_branch_operator.py
[2024-04-25T13:55:24.022+0000] {logging_mixin.py:188} INFO - [2024-04-25T13:55:24.022+0000] {dag.py:3096} INFO - Sync 1 DAGs
[2024-04-25T13:55:24.061+0000] {logging_mixin.py:188} INFO - [2024-04-25T13:55:24.060+0000] {dag.py:3954} INFO - Setting next_dagrun for example_branch_operator to 2024-04-24 00:00:00+00:00, run_after=2024-04-25 00:00:00+00:00
[2024-04-25T13:55:24.092+0000] {processor.py:183} INFO - Processing /home/airflow/.local/lib/python3.12/site-packages/airflow/example_dags/example_branch_operator.py took 0.157 seconds
[2024-04-25T13:55:54.250+0000] {processor.py:161} INFO - Started process (PID=8960) to work on /home/airflow/.local/lib/python3.12/site-packages/airflow/example_dags/example_branch_operator.py
[2024-04-25T13:55:54.251+0000] {processor.py:830} INFO - Processing file /home/airflow/.local/lib/python3.12/site-packages/airflow/example_dags/example_branch_operator.py for tasks to queue
[2024-04-25T13:55:54.254+0000] {logging_mixin.py:188} INFO - [2024-04-25T13:55:54.253+0000] {dagbag.py:540} INFO - Filling up the DagBag from /home/airflow/.local/lib/python3.12/site-packages/airflow/example_dags/example_branch_operator.py
[2024-04-25T13:55:54.271+0000] {processor.py:840} INFO - DAG(s) 'example_branch_operator' retrieved from /home/airflow/.local/lib/python3.12/site-packages/airflow/example_dags/example_branch_operator.py
[2024-04-25T13:55:54.303+0000] {logging_mixin.py:188} INFO - [2024-04-25T13:55:54.303+0000] {dag.py:3096} INFO - Sync 1 DAGs
[2024-04-25T13:55:54.327+0000] {logging_mixin.py:188} INFO - [2024-04-25T13:55:54.326+0000] {dag.py:3954} INFO - Setting next_dagrun for example_branch_operator to 2024-04-24 00:00:00+00:00, run_after=2024-04-25 00:00:00+00:00
[2024-04-25T13:55:54.347+0000] {processor.py:183} INFO - Processing /home/airflow/.local/lib/python3.12/site-packages/airflow/example_dags/example_branch_operator.py took 0.104 seconds
[2024-04-25T13:56:24.729+0000] {processor.py:161} INFO - Started process (PID=9222) to work on /home/airflow/.local/lib/python3.12/site-packages/airflow/example_dags/example_branch_operator.py
[2024-04-25T13:56:24.730+0000] {processor.py:830} INFO - Processing file /home/airflow/.local/lib/python3.12/site-packages/airflow/example_dags/example_branch_operator.py for tasks to queue
[2024-04-25T13:56:24.732+0000] {logging_mixin.py:188} INFO - [2024-04-25T13:56:24.731+0000] {dagbag.py:540} INFO - Filling up the DagBag from /home/airflow/.local/lib/python3.12/site-packages/airflow/example_dags/example_branch_operator.py
[2024-04-25T13:56:24.749+0000] {processor.py:840} INFO - DAG(s) 'example_branch_operator' retrieved from /home/airflow/.local/lib/python3.12/site-packages/airflow/example_dags/example_branch_operator.py
[2024-04-25T13:56:24.781+0000] {logging_mixin.py:188} INFO - [2024-04-25T13:56:24.781+0000] {dag.py:3096} INFO - Sync 1 DAGs
[2024-04-25T13:56:24.808+0000] {logging_mixin.py:188} INFO - [2024-04-25T13:56:24.808+0000] {dag.py:3954} INFO - Setting next_dagrun for example_branch_operator to 2024-04-24 00:00:00+00:00, run_after=2024-04-25 00:00:00+00:00
[2024-04-25T13:56:24.827+0000] {processor.py:183} INFO - Processing /home/airflow/.local/lib/python3.12/site-packages/airflow/example_dags/example_branch_operator.py took 0.105 seconds
[2024-04-25T13:58:18.000+0000] {processor.py:161} INFO - Started process (PID=309) to work on /home/airflow/.local/lib/python3.12/site-packages/airflow/example_dags/example_branch_operator.py
[2024-04-25T13:58:18.002+0000] {processor.py:830} INFO - Processing file /home/airflow/.local/lib/python3.12/site-packages/airflow/example_dags/example_branch_operator.py for tasks to queue
[2024-04-25T13:58:18.003+0000] {logging_mixin.py:188} INFO - [2024-04-25T13:58:18.003+0000] {dagbag.py:540} INFO - Filling up the DagBag from /home/airflow/.local/lib/python3.12/site-packages/airflow/example_dags/example_branch_operator.py
[2024-04-25T13:58:18.028+0000] {processor.py:840} INFO - DAG(s) 'example_branch_operator' retrieved from /home/airflow/.local/lib/python3.12/site-packages/airflow/example_dags/example_branch_operator.py
[2024-04-25T13:58:18.040+0000] {logging_mixin.py:188} INFO - [2024-04-25T13:58:18.039+0000] {dag.py:3096} INFO - Sync 1 DAGs
[2024-04-25T13:58:18.064+0000] {logging_mixin.py:188} INFO - [2024-04-25T13:58:18.064+0000] {dag.py:3954} INFO - Setting next_dagrun for example_branch_operator to 2024-04-24 00:00:00+00:00, run_after=2024-04-25 00:00:00+00:00
[2024-04-25T13:58:18.089+0000] {processor.py:183} INFO - Processing /home/airflow/.local/lib/python3.12/site-packages/airflow/example_dags/example_branch_operator.py took 0.094 seconds
[2024-04-25T13:58:49.634+0000] {processor.py:161} INFO - Started process (PID=569) to work on /home/airflow/.local/lib/python3.12/site-packages/airflow/example_dags/example_branch_operator.py
[2024-04-25T13:58:49.635+0000] {processor.py:830} INFO - Processing file /home/airflow/.local/lib/python3.12/site-packages/airflow/example_dags/example_branch_operator.py for tasks to queue
[2024-04-25T13:58:49.637+0000] {logging_mixin.py:188} INFO - [2024-04-25T13:58:49.637+0000] {dagbag.py:540} INFO - Filling up the DagBag from /home/airflow/.local/lib/python3.12/site-packages/airflow/example_dags/example_branch_operator.py
[2024-04-25T13:58:49.655+0000] {processor.py:840} INFO - DAG(s) 'example_branch_operator' retrieved from /home/airflow/.local/lib/python3.12/site-packages/airflow/example_dags/example_branch_operator.py
[2024-04-25T13:58:49.787+0000] {logging_mixin.py:188} INFO - [2024-04-25T13:58:49.787+0000] {dag.py:3096} INFO - Sync 1 DAGs
[2024-04-25T13:58:49.812+0000] {logging_mixin.py:188} INFO - [2024-04-25T13:58:49.812+0000] {dag.py:3954} INFO - Setting next_dagrun for example_branch_operator to 2024-04-24 00:00:00+00:00, run_after=2024-04-25 00:00:00+00:00
[2024-04-25T13:58:49.843+0000] {processor.py:183} INFO - Processing /home/airflow/.local/lib/python3.12/site-packages/airflow/example_dags/example_branch_operator.py took 0.215 seconds
