[2024-04-25T13:39:07.021+0000] {processor.py:161} INFO - Started process (PID=287) to work on /home/airflow/.local/lib/python3.12/site-packages/airflow/example_dags/example_branch_python_dop_operator_3.py
[2024-04-25T13:39:07.023+0000] {processor.py:830} INFO - Processing file /home/airflow/.local/lib/python3.12/site-packages/airflow/example_dags/example_branch_python_dop_operator_3.py for tasks to queue
[2024-04-25T13:39:07.025+0000] {logging_mixin.py:188} INFO - [2024-04-25T13:39:07.025+0000] {dagbag.py:540} INFO - Filling up the DagBag from /home/airflow/.local/lib/python3.12/site-packages/airflow/example_dags/example_branch_python_dop_operator_3.py
[2024-04-25T13:39:07.044+0000] {processor.py:840} INFO - DAG(s) 'example_branch_dop_operator_v3' retrieved from /home/airflow/.local/lib/python3.12/site-packages/airflow/example_dags/example_branch_python_dop_operator_3.py
[2024-04-25T13:39:07.215+0000] {logging_mixin.py:188} INFO - [2024-04-25T13:39:07.214+0000] {dag.py:3096} INFO - Sync 1 DAGs
[2024-04-25T13:39:07.261+0000] {logging_mixin.py:188} INFO - [2024-04-25T13:39:07.260+0000] {dag.py:3954} INFO - Setting next_dagrun for example_branch_dop_operator_v3 to 2024-04-25 13:38:00+00:00, run_after=2024-04-25 13:39:00+00:00
[2024-04-25T13:39:07.312+0000] {processor.py:183} INFO - Processing /home/airflow/.local/lib/python3.12/site-packages/airflow/example_dags/example_branch_python_dop_operator_3.py took 0.299 seconds
[2024-04-25T13:39:37.469+0000] {processor.py:161} INFO - Started process (PID=551) to work on /home/airflow/.local/lib/python3.12/site-packages/airflow/example_dags/example_branch_python_dop_operator_3.py
[2024-04-25T13:39:37.470+0000] {processor.py:830} INFO - Processing file /home/airflow/.local/lib/python3.12/site-packages/airflow/example_dags/example_branch_python_dop_operator_3.py for tasks to queue
[2024-04-25T13:39:37.473+0000] {logging_mixin.py:188} INFO - [2024-04-25T13:39:37.473+0000] {dagbag.py:540} INFO - Filling up the DagBag from /home/airflow/.local/lib/python3.12/site-packages/airflow/example_dags/example_branch_python_dop_operator_3.py
[2024-04-25T13:39:37.486+0000] {processor.py:840} INFO - DAG(s) 'example_branch_dop_operator_v3' retrieved from /home/airflow/.local/lib/python3.12/site-packages/airflow/example_dags/example_branch_python_dop_operator_3.py
[2024-04-25T13:39:37.516+0000] {logging_mixin.py:188} INFO - [2024-04-25T13:39:37.516+0000] {dag.py:3096} INFO - Sync 1 DAGs
[2024-04-25T13:39:37.555+0000] {logging_mixin.py:188} INFO - [2024-04-25T13:39:37.555+0000] {dag.py:3954} INFO - Setting next_dagrun for example_branch_dop_operator_v3 to 2024-04-25 13:38:00+00:00, run_after=2024-04-25 13:39:00+00:00
[2024-04-25T13:39:37.583+0000] {processor.py:183} INFO - Processing /home/airflow/.local/lib/python3.12/site-packages/airflow/example_dags/example_branch_python_dop_operator_3.py took 0.122 seconds
[2024-04-25T13:40:07.675+0000] {processor.py:161} INFO - Started process (PID=813) to work on /home/airflow/.local/lib/python3.12/site-packages/airflow/example_dags/example_branch_python_dop_operator_3.py
[2024-04-25T13:40:07.676+0000] {processor.py:830} INFO - Processing file /home/airflow/.local/lib/python3.12/site-packages/airflow/example_dags/example_branch_python_dop_operator_3.py for tasks to queue
[2024-04-25T13:40:07.678+0000] {logging_mixin.py:188} INFO - [2024-04-25T13:40:07.678+0000] {dagbag.py:540} INFO - Filling up the DagBag from /home/airflow/.local/lib/python3.12/site-packages/airflow/example_dags/example_branch_python_dop_operator_3.py
[2024-04-25T13:40:07.687+0000] {processor.py:840} INFO - DAG(s) 'example_branch_dop_operator_v3' retrieved from /home/airflow/.local/lib/python3.12/site-packages/airflow/example_dags/example_branch_python_dop_operator_3.py
[2024-04-25T13:40:07.716+0000] {logging_mixin.py:188} INFO - [2024-04-25T13:40:07.716+0000] {dag.py:3096} INFO - Sync 1 DAGs
[2024-04-25T13:40:07.744+0000] {logging_mixin.py:188} INFO - [2024-04-25T13:40:07.744+0000] {dag.py:3954} INFO - Setting next_dagrun for example_branch_dop_operator_v3 to 2024-04-25 13:39:00+00:00, run_after=2024-04-25 13:40:00+00:00
[2024-04-25T13:40:07.768+0000] {processor.py:183} INFO - Processing /home/airflow/.local/lib/python3.12/site-packages/airflow/example_dags/example_branch_python_dop_operator_3.py took 0.099 seconds
[2024-04-25T13:40:38.110+0000] {processor.py:161} INFO - Started process (PID=1079) to work on /home/airflow/.local/lib/python3.12/site-packages/airflow/example_dags/example_branch_python_dop_operator_3.py
[2024-04-25T13:40:38.111+0000] {processor.py:830} INFO - Processing file /home/airflow/.local/lib/python3.12/site-packages/airflow/example_dags/example_branch_python_dop_operator_3.py for tasks to queue
[2024-04-25T13:40:38.113+0000] {logging_mixin.py:188} INFO - [2024-04-25T13:40:38.113+0000] {dagbag.py:540} INFO - Filling up the DagBag from /home/airflow/.local/lib/python3.12/site-packages/airflow/example_dags/example_branch_python_dop_operator_3.py
[2024-04-25T13:40:38.122+0000] {processor.py:840} INFO - DAG(s) 'example_branch_dop_operator_v3' retrieved from /home/airflow/.local/lib/python3.12/site-packages/airflow/example_dags/example_branch_python_dop_operator_3.py
[2024-04-25T13:40:38.145+0000] {logging_mixin.py:188} INFO - [2024-04-25T13:40:38.145+0000] {dag.py:3096} INFO - Sync 1 DAGs
[2024-04-25T13:40:38.171+0000] {logging_mixin.py:188} INFO - [2024-04-25T13:40:38.171+0000] {dag.py:3954} INFO - Setting next_dagrun for example_branch_dop_operator_v3 to 2024-04-25 13:39:00+00:00, run_after=2024-04-25 13:40:00+00:00
[2024-04-25T13:40:38.192+0000] {processor.py:183} INFO - Processing /home/airflow/.local/lib/python3.12/site-packages/airflow/example_dags/example_branch_python_dop_operator_3.py took 0.089 seconds
[2024-04-25T13:41:08.735+0000] {processor.py:161} INFO - Started process (PID=1343) to work on /home/airflow/.local/lib/python3.12/site-packages/airflow/example_dags/example_branch_python_dop_operator_3.py
[2024-04-25T13:41:08.736+0000] {processor.py:830} INFO - Processing file /home/airflow/.local/lib/python3.12/site-packages/airflow/example_dags/example_branch_python_dop_operator_3.py for tasks to queue
[2024-04-25T13:41:08.738+0000] {logging_mixin.py:188} INFO - [2024-04-25T13:41:08.738+0000] {dagbag.py:540} INFO - Filling up the DagBag from /home/airflow/.local/lib/python3.12/site-packages/airflow/example_dags/example_branch_python_dop_operator_3.py
[2024-04-25T13:41:08.751+0000] {processor.py:840} INFO - DAG(s) 'example_branch_dop_operator_v3' retrieved from /home/airflow/.local/lib/python3.12/site-packages/airflow/example_dags/example_branch_python_dop_operator_3.py
[2024-04-25T13:41:08.779+0000] {logging_mixin.py:188} INFO - [2024-04-25T13:41:08.778+0000] {dag.py:3096} INFO - Sync 1 DAGs
[2024-04-25T13:41:08.808+0000] {logging_mixin.py:188} INFO - [2024-04-25T13:41:08.807+0000] {dag.py:3954} INFO - Setting next_dagrun for example_branch_dop_operator_v3 to 2024-04-25 13:40:00+00:00, run_after=2024-04-25 13:41:00+00:00
[2024-04-25T13:41:08.833+0000] {processor.py:183} INFO - Processing /home/airflow/.local/lib/python3.12/site-packages/airflow/example_dags/example_branch_python_dop_operator_3.py took 0.104 seconds
[2024-04-25T13:41:39.453+0000] {processor.py:161} INFO - Started process (PID=1603) to work on /home/airflow/.local/lib/python3.12/site-packages/airflow/example_dags/example_branch_python_dop_operator_3.py
[2024-04-25T13:41:39.454+0000] {processor.py:830} INFO - Processing file /home/airflow/.local/lib/python3.12/site-packages/airflow/example_dags/example_branch_python_dop_operator_3.py for tasks to queue
[2024-04-25T13:41:39.457+0000] {logging_mixin.py:188} INFO - [2024-04-25T13:41:39.456+0000] {dagbag.py:540} INFO - Filling up the DagBag from /home/airflow/.local/lib/python3.12/site-packages/airflow/example_dags/example_branch_python_dop_operator_3.py
[2024-04-25T13:41:39.468+0000] {processor.py:840} INFO - DAG(s) 'example_branch_dop_operator_v3' retrieved from /home/airflow/.local/lib/python3.12/site-packages/airflow/example_dags/example_branch_python_dop_operator_3.py
[2024-04-25T13:41:39.490+0000] {logging_mixin.py:188} INFO - [2024-04-25T13:41:39.489+0000] {dag.py:3096} INFO - Sync 1 DAGs
[2024-04-25T13:41:39.523+0000] {logging_mixin.py:188} INFO - [2024-04-25T13:41:39.523+0000] {dag.py:3954} INFO - Setting next_dagrun for example_branch_dop_operator_v3 to 2024-04-25 13:40:00+00:00, run_after=2024-04-25 13:41:00+00:00
[2024-04-25T13:41:39.555+0000] {processor.py:183} INFO - Processing /home/airflow/.local/lib/python3.12/site-packages/airflow/example_dags/example_branch_python_dop_operator_3.py took 0.109 seconds
[2024-04-25T13:42:09.620+0000] {processor.py:161} INFO - Started process (PID=1865) to work on /home/airflow/.local/lib/python3.12/site-packages/airflow/example_dags/example_branch_python_dop_operator_3.py
[2024-04-25T13:42:09.621+0000] {processor.py:830} INFO - Processing file /home/airflow/.local/lib/python3.12/site-packages/airflow/example_dags/example_branch_python_dop_operator_3.py for tasks to queue
[2024-04-25T13:42:09.623+0000] {logging_mixin.py:188} INFO - [2024-04-25T13:42:09.623+0000] {dagbag.py:540} INFO - Filling up the DagBag from /home/airflow/.local/lib/python3.12/site-packages/airflow/example_dags/example_branch_python_dop_operator_3.py
[2024-04-25T13:42:09.632+0000] {processor.py:840} INFO - DAG(s) 'example_branch_dop_operator_v3' retrieved from /home/airflow/.local/lib/python3.12/site-packages/airflow/example_dags/example_branch_python_dop_operator_3.py
[2024-04-25T13:42:09.653+0000] {logging_mixin.py:188} INFO - [2024-04-25T13:42:09.652+0000] {dag.py:3096} INFO - Sync 1 DAGs
[2024-04-25T13:42:09.679+0000] {logging_mixin.py:188} INFO - [2024-04-25T13:42:09.679+0000] {dag.py:3954} INFO - Setting next_dagrun for example_branch_dop_operator_v3 to 2024-04-25 13:41:00+00:00, run_after=2024-04-25 13:42:00+00:00
[2024-04-25T13:42:09.700+0000] {processor.py:183} INFO - Processing /home/airflow/.local/lib/python3.12/site-packages/airflow/example_dags/example_branch_python_dop_operator_3.py took 0.086 seconds
[2024-04-25T13:42:40.030+0000] {processor.py:161} INFO - Started process (PID=2129) to work on /home/airflow/.local/lib/python3.12/site-packages/airflow/example_dags/example_branch_python_dop_operator_3.py
[2024-04-25T13:42:40.031+0000] {processor.py:830} INFO - Processing file /home/airflow/.local/lib/python3.12/site-packages/airflow/example_dags/example_branch_python_dop_operator_3.py for tasks to queue
[2024-04-25T13:42:40.033+0000] {logging_mixin.py:188} INFO - [2024-04-25T13:42:40.033+0000] {dagbag.py:540} INFO - Filling up the DagBag from /home/airflow/.local/lib/python3.12/site-packages/airflow/example_dags/example_branch_python_dop_operator_3.py
[2024-04-25T13:42:40.042+0000] {processor.py:840} INFO - DAG(s) 'example_branch_dop_operator_v3' retrieved from /home/airflow/.local/lib/python3.12/site-packages/airflow/example_dags/example_branch_python_dop_operator_3.py
[2024-04-25T13:42:40.062+0000] {logging_mixin.py:188} INFO - [2024-04-25T13:42:40.062+0000] {dag.py:3096} INFO - Sync 1 DAGs
[2024-04-25T13:42:40.091+0000] {logging_mixin.py:188} INFO - [2024-04-25T13:42:40.091+0000] {dag.py:3954} INFO - Setting next_dagrun for example_branch_dop_operator_v3 to 2024-04-25 13:41:00+00:00, run_after=2024-04-25 13:42:00+00:00
[2024-04-25T13:42:40.113+0000] {processor.py:183} INFO - Processing /home/airflow/.local/lib/python3.12/site-packages/airflow/example_dags/example_branch_python_dop_operator_3.py took 0.090 seconds
[2024-04-25T13:43:10.562+0000] {processor.py:161} INFO - Started process (PID=2391) to work on /home/airflow/.local/lib/python3.12/site-packages/airflow/example_dags/example_branch_python_dop_operator_3.py
[2024-04-25T13:43:10.563+0000] {processor.py:830} INFO - Processing file /home/airflow/.local/lib/python3.12/site-packages/airflow/example_dags/example_branch_python_dop_operator_3.py for tasks to queue
[2024-04-25T13:43:10.565+0000] {logging_mixin.py:188} INFO - [2024-04-25T13:43:10.565+0000] {dagbag.py:540} INFO - Filling up the DagBag from /home/airflow/.local/lib/python3.12/site-packages/airflow/example_dags/example_branch_python_dop_operator_3.py
[2024-04-25T13:43:10.574+0000] {processor.py:840} INFO - DAG(s) 'example_branch_dop_operator_v3' retrieved from /home/airflow/.local/lib/python3.12/site-packages/airflow/example_dags/example_branch_python_dop_operator_3.py
[2024-04-25T13:43:10.594+0000] {logging_mixin.py:188} INFO - [2024-04-25T13:43:10.594+0000] {dag.py:3096} INFO - Sync 1 DAGs
[2024-04-25T13:43:10.629+0000] {logging_mixin.py:188} INFO - [2024-04-25T13:43:10.629+0000] {dag.py:3954} INFO - Setting next_dagrun for example_branch_dop_operator_v3 to 2024-04-25 13:42:00+00:00, run_after=2024-04-25 13:43:00+00:00
[2024-04-25T13:43:10.657+0000] {processor.py:183} INFO - Processing /home/airflow/.local/lib/python3.12/site-packages/airflow/example_dags/example_branch_python_dop_operator_3.py took 0.101 seconds
[2024-04-25T13:43:41.077+0000] {processor.py:161} INFO - Started process (PID=2651) to work on /home/airflow/.local/lib/python3.12/site-packages/airflow/example_dags/example_branch_python_dop_operator_3.py
[2024-04-25T13:43:41.078+0000] {processor.py:830} INFO - Processing file /home/airflow/.local/lib/python3.12/site-packages/airflow/example_dags/example_branch_python_dop_operator_3.py for tasks to queue
[2024-04-25T13:43:41.080+0000] {logging_mixin.py:188} INFO - [2024-04-25T13:43:41.079+0000] {dagbag.py:540} INFO - Filling up the DagBag from /home/airflow/.local/lib/python3.12/site-packages/airflow/example_dags/example_branch_python_dop_operator_3.py
[2024-04-25T13:43:41.089+0000] {processor.py:840} INFO - DAG(s) 'example_branch_dop_operator_v3' retrieved from /home/airflow/.local/lib/python3.12/site-packages/airflow/example_dags/example_branch_python_dop_operator_3.py
[2024-04-25T13:43:41.110+0000] {logging_mixin.py:188} INFO - [2024-04-25T13:43:41.110+0000] {dag.py:3096} INFO - Sync 1 DAGs
[2024-04-25T13:43:41.137+0000] {logging_mixin.py:188} INFO - [2024-04-25T13:43:41.137+0000] {dag.py:3954} INFO - Setting next_dagrun for example_branch_dop_operator_v3 to 2024-04-25 13:42:00+00:00, run_after=2024-04-25 13:43:00+00:00
[2024-04-25T13:43:41.157+0000] {processor.py:183} INFO - Processing /home/airflow/.local/lib/python3.12/site-packages/airflow/example_dags/example_branch_python_dop_operator_3.py took 0.085 seconds
[2024-04-25T13:44:11.433+0000] {processor.py:161} INFO - Started process (PID=2913) to work on /home/airflow/.local/lib/python3.12/site-packages/airflow/example_dags/example_branch_python_dop_operator_3.py
[2024-04-25T13:44:11.434+0000] {processor.py:830} INFO - Processing file /home/airflow/.local/lib/python3.12/site-packages/airflow/example_dags/example_branch_python_dop_operator_3.py for tasks to queue
[2024-04-25T13:44:11.437+0000] {logging_mixin.py:188} INFO - [2024-04-25T13:44:11.436+0000] {dagbag.py:540} INFO - Filling up the DagBag from /home/airflow/.local/lib/python3.12/site-packages/airflow/example_dags/example_branch_python_dop_operator_3.py
[2024-04-25T13:44:11.446+0000] {processor.py:840} INFO - DAG(s) 'example_branch_dop_operator_v3' retrieved from /home/airflow/.local/lib/python3.12/site-packages/airflow/example_dags/example_branch_python_dop_operator_3.py
[2024-04-25T13:44:11.467+0000] {logging_mixin.py:188} INFO - [2024-04-25T13:44:11.467+0000] {dag.py:3096} INFO - Sync 1 DAGs
[2024-04-25T13:44:11.495+0000] {logging_mixin.py:188} INFO - [2024-04-25T13:44:11.495+0000] {dag.py:3954} INFO - Setting next_dagrun for example_branch_dop_operator_v3 to 2024-04-25 13:43:00+00:00, run_after=2024-04-25 13:44:00+00:00
[2024-04-25T13:44:11.516+0000] {processor.py:183} INFO - Processing /home/airflow/.local/lib/python3.12/site-packages/airflow/example_dags/example_branch_python_dop_operator_3.py took 0.089 seconds
[2024-04-25T13:44:41.942+0000] {processor.py:161} INFO - Started process (PID=3177) to work on /home/airflow/.local/lib/python3.12/site-packages/airflow/example_dags/example_branch_python_dop_operator_3.py
[2024-04-25T13:44:41.943+0000] {processor.py:830} INFO - Processing file /home/airflow/.local/lib/python3.12/site-packages/airflow/example_dags/example_branch_python_dop_operator_3.py for tasks to queue
[2024-04-25T13:44:41.945+0000] {logging_mixin.py:188} INFO - [2024-04-25T13:44:41.945+0000] {dagbag.py:540} INFO - Filling up the DagBag from /home/airflow/.local/lib/python3.12/site-packages/airflow/example_dags/example_branch_python_dop_operator_3.py
[2024-04-25T13:44:41.954+0000] {processor.py:840} INFO - DAG(s) 'example_branch_dop_operator_v3' retrieved from /home/airflow/.local/lib/python3.12/site-packages/airflow/example_dags/example_branch_python_dop_operator_3.py
[2024-04-25T13:44:41.976+0000] {logging_mixin.py:188} INFO - [2024-04-25T13:44:41.976+0000] {dag.py:3096} INFO - Sync 1 DAGs
[2024-04-25T13:44:42.005+0000] {logging_mixin.py:188} INFO - [2024-04-25T13:44:42.004+0000] {dag.py:3954} INFO - Setting next_dagrun for example_branch_dop_operator_v3 to 2024-04-25 13:43:00+00:00, run_after=2024-04-25 13:44:00+00:00
[2024-04-25T13:44:42.030+0000] {processor.py:183} INFO - Processing /home/airflow/.local/lib/python3.12/site-packages/airflow/example_dags/example_branch_python_dop_operator_3.py took 0.096 seconds
[2024-04-25T13:45:12.561+0000] {processor.py:161} INFO - Started process (PID=3437) to work on /home/airflow/.local/lib/python3.12/site-packages/airflow/example_dags/example_branch_python_dop_operator_3.py
[2024-04-25T13:45:12.562+0000] {processor.py:830} INFO - Processing file /home/airflow/.local/lib/python3.12/site-packages/airflow/example_dags/example_branch_python_dop_operator_3.py for tasks to queue
[2024-04-25T13:45:12.564+0000] {logging_mixin.py:188} INFO - [2024-04-25T13:45:12.564+0000] {dagbag.py:540} INFO - Filling up the DagBag from /home/airflow/.local/lib/python3.12/site-packages/airflow/example_dags/example_branch_python_dop_operator_3.py
[2024-04-25T13:45:12.573+0000] {processor.py:840} INFO - DAG(s) 'example_branch_dop_operator_v3' retrieved from /home/airflow/.local/lib/python3.12/site-packages/airflow/example_dags/example_branch_python_dop_operator_3.py
[2024-04-25T13:45:12.596+0000] {logging_mixin.py:188} INFO - [2024-04-25T13:45:12.596+0000] {dag.py:3096} INFO - Sync 1 DAGs
[2024-04-25T13:45:12.625+0000] {logging_mixin.py:188} INFO - [2024-04-25T13:45:12.624+0000] {dag.py:3954} INFO - Setting next_dagrun for example_branch_dop_operator_v3 to 2024-04-25 13:44:00+00:00, run_after=2024-04-25 13:45:00+00:00
[2024-04-25T13:45:12.648+0000] {processor.py:183} INFO - Processing /home/airflow/.local/lib/python3.12/site-packages/airflow/example_dags/example_branch_python_dop_operator_3.py took 0.094 seconds
[2024-04-25T13:45:42.844+0000] {processor.py:161} INFO - Started process (PID=3699) to work on /home/airflow/.local/lib/python3.12/site-packages/airflow/example_dags/example_branch_python_dop_operator_3.py
[2024-04-25T13:45:42.845+0000] {processor.py:830} INFO - Processing file /home/airflow/.local/lib/python3.12/site-packages/airflow/example_dags/example_branch_python_dop_operator_3.py for tasks to queue
[2024-04-25T13:45:42.847+0000] {logging_mixin.py:188} INFO - [2024-04-25T13:45:42.847+0000] {dagbag.py:540} INFO - Filling up the DagBag from /home/airflow/.local/lib/python3.12/site-packages/airflow/example_dags/example_branch_python_dop_operator_3.py
[2024-04-25T13:45:42.856+0000] {processor.py:840} INFO - DAG(s) 'example_branch_dop_operator_v3' retrieved from /home/airflow/.local/lib/python3.12/site-packages/airflow/example_dags/example_branch_python_dop_operator_3.py
[2024-04-25T13:45:42.879+0000] {logging_mixin.py:188} INFO - [2024-04-25T13:45:42.878+0000] {dag.py:3096} INFO - Sync 1 DAGs
[2024-04-25T13:45:42.906+0000] {logging_mixin.py:188} INFO - [2024-04-25T13:45:42.906+0000] {dag.py:3954} INFO - Setting next_dagrun for example_branch_dop_operator_v3 to 2024-04-25 13:44:00+00:00, run_after=2024-04-25 13:45:00+00:00
[2024-04-25T13:45:42.928+0000] {processor.py:183} INFO - Processing /home/airflow/.local/lib/python3.12/site-packages/airflow/example_dags/example_branch_python_dop_operator_3.py took 0.090 seconds
[2024-04-25T13:46:13.763+0000] {processor.py:161} INFO - Started process (PID=3961) to work on /home/airflow/.local/lib/python3.12/site-packages/airflow/example_dags/example_branch_python_dop_operator_3.py
[2024-04-25T13:46:13.764+0000] {processor.py:830} INFO - Processing file /home/airflow/.local/lib/python3.12/site-packages/airflow/example_dags/example_branch_python_dop_operator_3.py for tasks to queue
[2024-04-25T13:46:13.766+0000] {logging_mixin.py:188} INFO - [2024-04-25T13:46:13.766+0000] {dagbag.py:540} INFO - Filling up the DagBag from /home/airflow/.local/lib/python3.12/site-packages/airflow/example_dags/example_branch_python_dop_operator_3.py
[2024-04-25T13:46:13.774+0000] {processor.py:840} INFO - DAG(s) 'example_branch_dop_operator_v3' retrieved from /home/airflow/.local/lib/python3.12/site-packages/airflow/example_dags/example_branch_python_dop_operator_3.py
[2024-04-25T13:46:13.793+0000] {logging_mixin.py:188} INFO - [2024-04-25T13:46:13.793+0000] {dag.py:3096} INFO - Sync 1 DAGs
[2024-04-25T13:46:13.819+0000] {logging_mixin.py:188} INFO - [2024-04-25T13:46:13.818+0000] {dag.py:3954} INFO - Setting next_dagrun for example_branch_dop_operator_v3 to 2024-04-25 13:45:00+00:00, run_after=2024-04-25 13:46:00+00:00
[2024-04-25T13:46:13.837+0000] {processor.py:183} INFO - Processing /home/airflow/.local/lib/python3.12/site-packages/airflow/example_dags/example_branch_python_dop_operator_3.py took 0.079 seconds
[2024-04-25T13:46:44.173+0000] {processor.py:161} INFO - Started process (PID=4225) to work on /home/airflow/.local/lib/python3.12/site-packages/airflow/example_dags/example_branch_python_dop_operator_3.py
[2024-04-25T13:46:44.174+0000] {processor.py:830} INFO - Processing file /home/airflow/.local/lib/python3.12/site-packages/airflow/example_dags/example_branch_python_dop_operator_3.py for tasks to queue
[2024-04-25T13:46:44.176+0000] {logging_mixin.py:188} INFO - [2024-04-25T13:46:44.176+0000] {dagbag.py:540} INFO - Filling up the DagBag from /home/airflow/.local/lib/python3.12/site-packages/airflow/example_dags/example_branch_python_dop_operator_3.py
[2024-04-25T13:46:44.186+0000] {processor.py:840} INFO - DAG(s) 'example_branch_dop_operator_v3' retrieved from /home/airflow/.local/lib/python3.12/site-packages/airflow/example_dags/example_branch_python_dop_operator_3.py
[2024-04-25T13:46:44.207+0000] {logging_mixin.py:188} INFO - [2024-04-25T13:46:44.206+0000] {dag.py:3096} INFO - Sync 1 DAGs
[2024-04-25T13:46:44.239+0000] {logging_mixin.py:188} INFO - [2024-04-25T13:46:44.239+0000] {dag.py:3954} INFO - Setting next_dagrun for example_branch_dop_operator_v3 to 2024-04-25 13:45:00+00:00, run_after=2024-04-25 13:46:00+00:00
[2024-04-25T13:46:44.260+0000] {processor.py:183} INFO - Processing /home/airflow/.local/lib/python3.12/site-packages/airflow/example_dags/example_branch_python_dop_operator_3.py took 0.094 seconds
[2024-04-25T13:47:14.692+0000] {processor.py:161} INFO - Started process (PID=4487) to work on /home/airflow/.local/lib/python3.12/site-packages/airflow/example_dags/example_branch_python_dop_operator_3.py
[2024-04-25T13:47:14.693+0000] {processor.py:830} INFO - Processing file /home/airflow/.local/lib/python3.12/site-packages/airflow/example_dags/example_branch_python_dop_operator_3.py for tasks to queue
[2024-04-25T13:47:14.695+0000] {logging_mixin.py:188} INFO - [2024-04-25T13:47:14.695+0000] {dagbag.py:540} INFO - Filling up the DagBag from /home/airflow/.local/lib/python3.12/site-packages/airflow/example_dags/example_branch_python_dop_operator_3.py
[2024-04-25T13:47:14.704+0000] {processor.py:840} INFO - DAG(s) 'example_branch_dop_operator_v3' retrieved from /home/airflow/.local/lib/python3.12/site-packages/airflow/example_dags/example_branch_python_dop_operator_3.py
[2024-04-25T13:47:14.723+0000] {logging_mixin.py:188} INFO - [2024-04-25T13:47:14.723+0000] {dag.py:3096} INFO - Sync 1 DAGs
[2024-04-25T13:47:14.750+0000] {logging_mixin.py:188} INFO - [2024-04-25T13:47:14.749+0000] {dag.py:3954} INFO - Setting next_dagrun for example_branch_dop_operator_v3 to 2024-04-25 13:46:00+00:00, run_after=2024-04-25 13:47:00+00:00
[2024-04-25T13:47:14.770+0000] {processor.py:183} INFO - Processing /home/airflow/.local/lib/python3.12/site-packages/airflow/example_dags/example_branch_python_dop_operator_3.py took 0.085 seconds
[2024-04-25T13:47:45.034+0000] {processor.py:161} INFO - Started process (PID=4749) to work on /home/airflow/.local/lib/python3.12/site-packages/airflow/example_dags/example_branch_python_dop_operator_3.py
[2024-04-25T13:47:45.035+0000] {processor.py:830} INFO - Processing file /home/airflow/.local/lib/python3.12/site-packages/airflow/example_dags/example_branch_python_dop_operator_3.py for tasks to queue
[2024-04-25T13:47:45.037+0000] {logging_mixin.py:188} INFO - [2024-04-25T13:47:45.037+0000] {dagbag.py:540} INFO - Filling up the DagBag from /home/airflow/.local/lib/python3.12/site-packages/airflow/example_dags/example_branch_python_dop_operator_3.py
[2024-04-25T13:47:45.045+0000] {processor.py:840} INFO - DAG(s) 'example_branch_dop_operator_v3' retrieved from /home/airflow/.local/lib/python3.12/site-packages/airflow/example_dags/example_branch_python_dop_operator_3.py
[2024-04-25T13:47:45.066+0000] {logging_mixin.py:188} INFO - [2024-04-25T13:47:45.066+0000] {dag.py:3096} INFO - Sync 1 DAGs
[2024-04-25T13:47:45.092+0000] {logging_mixin.py:188} INFO - [2024-04-25T13:47:45.091+0000] {dag.py:3954} INFO - Setting next_dagrun for example_branch_dop_operator_v3 to 2024-04-25 13:46:00+00:00, run_after=2024-04-25 13:47:00+00:00
[2024-04-25T13:47:45.111+0000] {processor.py:183} INFO - Processing /home/airflow/.local/lib/python3.12/site-packages/airflow/example_dags/example_branch_python_dop_operator_3.py took 0.083 seconds
[2024-04-25T13:48:15.474+0000] {processor.py:161} INFO - Started process (PID=5010) to work on /home/airflow/.local/lib/python3.12/site-packages/airflow/example_dags/example_branch_python_dop_operator_3.py
[2024-04-25T13:48:15.476+0000] {processor.py:830} INFO - Processing file /home/airflow/.local/lib/python3.12/site-packages/airflow/example_dags/example_branch_python_dop_operator_3.py for tasks to queue
[2024-04-25T13:48:15.478+0000] {logging_mixin.py:188} INFO - [2024-04-25T13:48:15.477+0000] {dagbag.py:540} INFO - Filling up the DagBag from /home/airflow/.local/lib/python3.12/site-packages/airflow/example_dags/example_branch_python_dop_operator_3.py
[2024-04-25T13:48:15.486+0000] {processor.py:840} INFO - DAG(s) 'example_branch_dop_operator_v3' retrieved from /home/airflow/.local/lib/python3.12/site-packages/airflow/example_dags/example_branch_python_dop_operator_3.py
[2024-04-25T13:48:15.505+0000] {logging_mixin.py:188} INFO - [2024-04-25T13:48:15.504+0000] {dag.py:3096} INFO - Sync 1 DAGs
[2024-04-25T13:48:15.531+0000] {logging_mixin.py:188} INFO - [2024-04-25T13:48:15.530+0000] {dag.py:3954} INFO - Setting next_dagrun for example_branch_dop_operator_v3 to 2024-04-25 13:47:00+00:00, run_after=2024-04-25 13:48:00+00:00
[2024-04-25T13:48:15.550+0000] {processor.py:183} INFO - Processing /home/airflow/.local/lib/python3.12/site-packages/airflow/example_dags/example_branch_python_dop_operator_3.py took 0.081 seconds
[2024-04-25T13:48:46.060+0000] {processor.py:161} INFO - Started process (PID=5273) to work on /home/airflow/.local/lib/python3.12/site-packages/airflow/example_dags/example_branch_python_dop_operator_3.py
[2024-04-25T13:48:46.061+0000] {processor.py:830} INFO - Processing file /home/airflow/.local/lib/python3.12/site-packages/airflow/example_dags/example_branch_python_dop_operator_3.py for tasks to queue
[2024-04-25T13:48:46.063+0000] {logging_mixin.py:188} INFO - [2024-04-25T13:48:46.063+0000] {dagbag.py:540} INFO - Filling up the DagBag from /home/airflow/.local/lib/python3.12/site-packages/airflow/example_dags/example_branch_python_dop_operator_3.py
[2024-04-25T13:48:46.072+0000] {processor.py:840} INFO - DAG(s) 'example_branch_dop_operator_v3' retrieved from /home/airflow/.local/lib/python3.12/site-packages/airflow/example_dags/example_branch_python_dop_operator_3.py
[2024-04-25T13:48:46.093+0000] {logging_mixin.py:188} INFO - [2024-04-25T13:48:46.093+0000] {dag.py:3096} INFO - Sync 1 DAGs
[2024-04-25T13:48:46.119+0000] {logging_mixin.py:188} INFO - [2024-04-25T13:48:46.118+0000] {dag.py:3954} INFO - Setting next_dagrun for example_branch_dop_operator_v3 to 2024-04-25 13:47:00+00:00, run_after=2024-04-25 13:48:00+00:00
[2024-04-25T13:48:46.139+0000] {processor.py:183} INFO - Processing /home/airflow/.local/lib/python3.12/site-packages/airflow/example_dags/example_branch_python_dop_operator_3.py took 0.085 seconds
[2024-04-25T13:49:16.300+0000] {processor.py:161} INFO - Started process (PID=5535) to work on /home/airflow/.local/lib/python3.12/site-packages/airflow/example_dags/example_branch_python_dop_operator_3.py
[2024-04-25T13:49:16.301+0000] {processor.py:830} INFO - Processing file /home/airflow/.local/lib/python3.12/site-packages/airflow/example_dags/example_branch_python_dop_operator_3.py for tasks to queue
[2024-04-25T13:49:16.303+0000] {logging_mixin.py:188} INFO - [2024-04-25T13:49:16.303+0000] {dagbag.py:540} INFO - Filling up the DagBag from /home/airflow/.local/lib/python3.12/site-packages/airflow/example_dags/example_branch_python_dop_operator_3.py
[2024-04-25T13:49:16.312+0000] {processor.py:840} INFO - DAG(s) 'example_branch_dop_operator_v3' retrieved from /home/airflow/.local/lib/python3.12/site-packages/airflow/example_dags/example_branch_python_dop_operator_3.py
[2024-04-25T13:49:16.332+0000] {logging_mixin.py:188} INFO - [2024-04-25T13:49:16.332+0000] {dag.py:3096} INFO - Sync 1 DAGs
[2024-04-25T13:49:16.358+0000] {logging_mixin.py:188} INFO - [2024-04-25T13:49:16.358+0000] {dag.py:3954} INFO - Setting next_dagrun for example_branch_dop_operator_v3 to 2024-04-25 13:48:00+00:00, run_after=2024-04-25 13:49:00+00:00
[2024-04-25T13:49:16.379+0000] {processor.py:183} INFO - Processing /home/airflow/.local/lib/python3.12/site-packages/airflow/example_dags/example_branch_python_dop_operator_3.py took 0.085 seconds
[2024-04-25T13:49:46.803+0000] {processor.py:161} INFO - Started process (PID=5797) to work on /home/airflow/.local/lib/python3.12/site-packages/airflow/example_dags/example_branch_python_dop_operator_3.py
[2024-04-25T13:49:46.804+0000] {processor.py:830} INFO - Processing file /home/airflow/.local/lib/python3.12/site-packages/airflow/example_dags/example_branch_python_dop_operator_3.py for tasks to queue
[2024-04-25T13:49:46.806+0000] {logging_mixin.py:188} INFO - [2024-04-25T13:49:46.806+0000] {dagbag.py:540} INFO - Filling up the DagBag from /home/airflow/.local/lib/python3.12/site-packages/airflow/example_dags/example_branch_python_dop_operator_3.py
[2024-04-25T13:49:46.815+0000] {processor.py:840} INFO - DAG(s) 'example_branch_dop_operator_v3' retrieved from /home/airflow/.local/lib/python3.12/site-packages/airflow/example_dags/example_branch_python_dop_operator_3.py
[2024-04-25T13:49:46.836+0000] {logging_mixin.py:188} INFO - [2024-04-25T13:49:46.835+0000] {dag.py:3096} INFO - Sync 1 DAGs
[2024-04-25T13:49:46.862+0000] {logging_mixin.py:188} INFO - [2024-04-25T13:49:46.862+0000] {dag.py:3954} INFO - Setting next_dagrun for example_branch_dop_operator_v3 to 2024-04-25 13:48:00+00:00, run_after=2024-04-25 13:49:00+00:00
[2024-04-25T13:49:46.881+0000] {processor.py:183} INFO - Processing /home/airflow/.local/lib/python3.12/site-packages/airflow/example_dags/example_branch_python_dop_operator_3.py took 0.084 seconds
[2024-04-25T13:50:17.442+0000] {processor.py:161} INFO - Started process (PID=6057) to work on /home/airflow/.local/lib/python3.12/site-packages/airflow/example_dags/example_branch_python_dop_operator_3.py
[2024-04-25T13:50:17.443+0000] {processor.py:830} INFO - Processing file /home/airflow/.local/lib/python3.12/site-packages/airflow/example_dags/example_branch_python_dop_operator_3.py for tasks to queue
[2024-04-25T13:50:17.446+0000] {logging_mixin.py:188} INFO - [2024-04-25T13:50:17.445+0000] {dagbag.py:540} INFO - Filling up the DagBag from /home/airflow/.local/lib/python3.12/site-packages/airflow/example_dags/example_branch_python_dop_operator_3.py
[2024-04-25T13:50:17.454+0000] {processor.py:840} INFO - DAG(s) 'example_branch_dop_operator_v3' retrieved from /home/airflow/.local/lib/python3.12/site-packages/airflow/example_dags/example_branch_python_dop_operator_3.py
[2024-04-25T13:50:17.476+0000] {logging_mixin.py:188} INFO - [2024-04-25T13:50:17.476+0000] {dag.py:3096} INFO - Sync 1 DAGs
[2024-04-25T13:50:17.503+0000] {logging_mixin.py:188} INFO - [2024-04-25T13:50:17.503+0000] {dag.py:3954} INFO - Setting next_dagrun for example_branch_dop_operator_v3 to 2024-04-25 13:49:00+00:00, run_after=2024-04-25 13:50:00+00:00
[2024-04-25T13:50:17.526+0000] {processor.py:183} INFO - Processing /home/airflow/.local/lib/python3.12/site-packages/airflow/example_dags/example_branch_python_dop_operator_3.py took 0.091 seconds
[2024-04-25T13:50:47.833+0000] {processor.py:161} INFO - Started process (PID=6319) to work on /home/airflow/.local/lib/python3.12/site-packages/airflow/example_dags/example_branch_python_dop_operator_3.py
[2024-04-25T13:50:47.834+0000] {processor.py:830} INFO - Processing file /home/airflow/.local/lib/python3.12/site-packages/airflow/example_dags/example_branch_python_dop_operator_3.py for tasks to queue
[2024-04-25T13:50:47.836+0000] {logging_mixin.py:188} INFO - [2024-04-25T13:50:47.836+0000] {dagbag.py:540} INFO - Filling up the DagBag from /home/airflow/.local/lib/python3.12/site-packages/airflow/example_dags/example_branch_python_dop_operator_3.py
[2024-04-25T13:50:47.846+0000] {processor.py:840} INFO - DAG(s) 'example_branch_dop_operator_v3' retrieved from /home/airflow/.local/lib/python3.12/site-packages/airflow/example_dags/example_branch_python_dop_operator_3.py
[2024-04-25T13:50:47.869+0000] {logging_mixin.py:188} INFO - [2024-04-25T13:50:47.869+0000] {dag.py:3096} INFO - Sync 1 DAGs
[2024-04-25T13:50:47.896+0000] {logging_mixin.py:188} INFO - [2024-04-25T13:50:47.896+0000] {dag.py:3954} INFO - Setting next_dagrun for example_branch_dop_operator_v3 to 2024-04-25 13:49:00+00:00, run_after=2024-04-25 13:50:00+00:00
[2024-04-25T13:50:47.916+0000] {processor.py:183} INFO - Processing /home/airflow/.local/lib/python3.12/site-packages/airflow/example_dags/example_branch_python_dop_operator_3.py took 0.090 seconds
[2024-04-25T13:51:18.786+0000] {processor.py:161} INFO - Started process (PID=6583) to work on /home/airflow/.local/lib/python3.12/site-packages/airflow/example_dags/example_branch_python_dop_operator_3.py
[2024-04-25T13:51:18.787+0000] {processor.py:830} INFO - Processing file /home/airflow/.local/lib/python3.12/site-packages/airflow/example_dags/example_branch_python_dop_operator_3.py for tasks to queue
[2024-04-25T13:51:18.789+0000] {logging_mixin.py:188} INFO - [2024-04-25T13:51:18.788+0000] {dagbag.py:540} INFO - Filling up the DagBag from /home/airflow/.local/lib/python3.12/site-packages/airflow/example_dags/example_branch_python_dop_operator_3.py
[2024-04-25T13:51:18.798+0000] {processor.py:840} INFO - DAG(s) 'example_branch_dop_operator_v3' retrieved from /home/airflow/.local/lib/python3.12/site-packages/airflow/example_dags/example_branch_python_dop_operator_3.py
[2024-04-25T13:51:18.820+0000] {logging_mixin.py:188} INFO - [2024-04-25T13:51:18.819+0000] {dag.py:3096} INFO - Sync 1 DAGs
[2024-04-25T13:51:18.847+0000] {logging_mixin.py:188} INFO - [2024-04-25T13:51:18.846+0000] {dag.py:3954} INFO - Setting next_dagrun for example_branch_dop_operator_v3 to 2024-04-25 13:50:00+00:00, run_after=2024-04-25 13:51:00+00:00
[2024-04-25T13:51:18.868+0000] {processor.py:183} INFO - Processing /home/airflow/.local/lib/python3.12/site-packages/airflow/example_dags/example_branch_python_dop_operator_3.py took 0.089 seconds
[2024-04-25T13:51:49.196+0000] {processor.py:161} INFO - Started process (PID=6845) to work on /home/airflow/.local/lib/python3.12/site-packages/airflow/example_dags/example_branch_python_dop_operator_3.py
[2024-04-25T13:51:49.198+0000] {processor.py:830} INFO - Processing file /home/airflow/.local/lib/python3.12/site-packages/airflow/example_dags/example_branch_python_dop_operator_3.py for tasks to queue
[2024-04-25T13:51:49.201+0000] {logging_mixin.py:188} INFO - [2024-04-25T13:51:49.200+0000] {dagbag.py:540} INFO - Filling up the DagBag from /home/airflow/.local/lib/python3.12/site-packages/airflow/example_dags/example_branch_python_dop_operator_3.py
[2024-04-25T13:51:49.210+0000] {processor.py:840} INFO - DAG(s) 'example_branch_dop_operator_v3' retrieved from /home/airflow/.local/lib/python3.12/site-packages/airflow/example_dags/example_branch_python_dop_operator_3.py
[2024-04-25T13:51:49.234+0000] {logging_mixin.py:188} INFO - [2024-04-25T13:51:49.234+0000] {dag.py:3096} INFO - Sync 1 DAGs
[2024-04-25T13:51:49.264+0000] {logging_mixin.py:188} INFO - [2024-04-25T13:51:49.263+0000] {dag.py:3954} INFO - Setting next_dagrun for example_branch_dop_operator_v3 to 2024-04-25 13:50:00+00:00, run_after=2024-04-25 13:51:00+00:00
[2024-04-25T13:51:49.286+0000] {processor.py:183} INFO - Processing /home/airflow/.local/lib/python3.12/site-packages/airflow/example_dags/example_branch_python_dop_operator_3.py took 0.097 seconds
[2024-04-25T13:52:20.419+0000] {processor.py:161} INFO - Started process (PID=7105) to work on /home/airflow/.local/lib/python3.12/site-packages/airflow/example_dags/example_branch_python_dop_operator_3.py
[2024-04-25T13:52:20.420+0000] {processor.py:830} INFO - Processing file /home/airflow/.local/lib/python3.12/site-packages/airflow/example_dags/example_branch_python_dop_operator_3.py for tasks to queue
[2024-04-25T13:52:20.423+0000] {logging_mixin.py:188} INFO - [2024-04-25T13:52:20.422+0000] {dagbag.py:540} INFO - Filling up the DagBag from /home/airflow/.local/lib/python3.12/site-packages/airflow/example_dags/example_branch_python_dop_operator_3.py
[2024-04-25T13:52:20.432+0000] {processor.py:840} INFO - DAG(s) 'example_branch_dop_operator_v3' retrieved from /home/airflow/.local/lib/python3.12/site-packages/airflow/example_dags/example_branch_python_dop_operator_3.py
[2024-04-25T13:52:20.458+0000] {logging_mixin.py:188} INFO - [2024-04-25T13:52:20.458+0000] {dag.py:3096} INFO - Sync 1 DAGs
[2024-04-25T13:52:20.620+0000] {logging_mixin.py:188} INFO - [2024-04-25T13:52:20.619+0000] {dag.py:3954} INFO - Setting next_dagrun for example_branch_dop_operator_v3 to 2024-04-25 13:51:00+00:00, run_after=2024-04-25 13:52:00+00:00
[2024-04-25T13:52:20.643+0000] {processor.py:183} INFO - Processing /home/airflow/.local/lib/python3.12/site-packages/airflow/example_dags/example_branch_python_dop_operator_3.py took 0.231 seconds
[2024-04-25T13:52:51.289+0000] {processor.py:161} INFO - Started process (PID=7367) to work on /home/airflow/.local/lib/python3.12/site-packages/airflow/example_dags/example_branch_python_dop_operator_3.py
[2024-04-25T13:52:51.290+0000] {processor.py:830} INFO - Processing file /home/airflow/.local/lib/python3.12/site-packages/airflow/example_dags/example_branch_python_dop_operator_3.py for tasks to queue
[2024-04-25T13:52:51.292+0000] {logging_mixin.py:188} INFO - [2024-04-25T13:52:51.291+0000] {dagbag.py:540} INFO - Filling up the DagBag from /home/airflow/.local/lib/python3.12/site-packages/airflow/example_dags/example_branch_python_dop_operator_3.py
[2024-04-25T13:52:51.301+0000] {processor.py:840} INFO - DAG(s) 'example_branch_dop_operator_v3' retrieved from /home/airflow/.local/lib/python3.12/site-packages/airflow/example_dags/example_branch_python_dop_operator_3.py
[2024-04-25T13:52:51.322+0000] {logging_mixin.py:188} INFO - [2024-04-25T13:52:51.322+0000] {dag.py:3096} INFO - Sync 1 DAGs
[2024-04-25T13:52:51.350+0000] {logging_mixin.py:188} INFO - [2024-04-25T13:52:51.349+0000] {dag.py:3954} INFO - Setting next_dagrun for example_branch_dop_operator_v3 to 2024-04-25 13:51:00+00:00, run_after=2024-04-25 13:52:00+00:00
[2024-04-25T13:52:51.370+0000] {processor.py:183} INFO - Processing /home/airflow/.local/lib/python3.12/site-packages/airflow/example_dags/example_branch_python_dop_operator_3.py took 0.088 seconds
[2024-04-25T13:53:21.824+0000] {processor.py:161} INFO - Started process (PID=7629) to work on /home/airflow/.local/lib/python3.12/site-packages/airflow/example_dags/example_branch_python_dop_operator_3.py
[2024-04-25T13:53:21.825+0000] {processor.py:830} INFO - Processing file /home/airflow/.local/lib/python3.12/site-packages/airflow/example_dags/example_branch_python_dop_operator_3.py for tasks to queue
[2024-04-25T13:53:21.827+0000] {logging_mixin.py:188} INFO - [2024-04-25T13:53:21.827+0000] {dagbag.py:540} INFO - Filling up the DagBag from /home/airflow/.local/lib/python3.12/site-packages/airflow/example_dags/example_branch_python_dop_operator_3.py
[2024-04-25T13:53:21.836+0000] {processor.py:840} INFO - DAG(s) 'example_branch_dop_operator_v3' retrieved from /home/airflow/.local/lib/python3.12/site-packages/airflow/example_dags/example_branch_python_dop_operator_3.py
[2024-04-25T13:53:21.857+0000] {logging_mixin.py:188} INFO - [2024-04-25T13:53:21.857+0000] {dag.py:3096} INFO - Sync 1 DAGs
[2024-04-25T13:53:21.885+0000] {logging_mixin.py:188} INFO - [2024-04-25T13:53:21.885+0000] {dag.py:3954} INFO - Setting next_dagrun for example_branch_dop_operator_v3 to 2024-04-25 13:52:00+00:00, run_after=2024-04-25 13:53:00+00:00
[2024-04-25T13:53:21.909+0000] {processor.py:183} INFO - Processing /home/airflow/.local/lib/python3.12/site-packages/airflow/example_dags/example_branch_python_dop_operator_3.py took 0.092 seconds
[2024-04-25T13:53:52.194+0000] {processor.py:161} INFO - Started process (PID=7891) to work on /home/airflow/.local/lib/python3.12/site-packages/airflow/example_dags/example_branch_python_dop_operator_3.py
[2024-04-25T13:53:52.195+0000] {processor.py:830} INFO - Processing file /home/airflow/.local/lib/python3.12/site-packages/airflow/example_dags/example_branch_python_dop_operator_3.py for tasks to queue
[2024-04-25T13:53:52.197+0000] {logging_mixin.py:188} INFO - [2024-04-25T13:53:52.197+0000] {dagbag.py:540} INFO - Filling up the DagBag from /home/airflow/.local/lib/python3.12/site-packages/airflow/example_dags/example_branch_python_dop_operator_3.py
[2024-04-25T13:53:52.207+0000] {processor.py:840} INFO - DAG(s) 'example_branch_dop_operator_v3' retrieved from /home/airflow/.local/lib/python3.12/site-packages/airflow/example_dags/example_branch_python_dop_operator_3.py
[2024-04-25T13:53:52.228+0000] {logging_mixin.py:188} INFO - [2024-04-25T13:53:52.228+0000] {dag.py:3096} INFO - Sync 1 DAGs
[2024-04-25T13:53:52.255+0000] {logging_mixin.py:188} INFO - [2024-04-25T13:53:52.255+0000] {dag.py:3954} INFO - Setting next_dagrun for example_branch_dop_operator_v3 to 2024-04-25 13:52:00+00:00, run_after=2024-04-25 13:53:00+00:00
[2024-04-25T13:53:52.275+0000] {processor.py:183} INFO - Processing /home/airflow/.local/lib/python3.12/site-packages/airflow/example_dags/example_branch_python_dop_operator_3.py took 0.088 seconds
[2024-04-25T13:54:22.668+0000] {processor.py:161} INFO - Started process (PID=8153) to work on /home/airflow/.local/lib/python3.12/site-packages/airflow/example_dags/example_branch_python_dop_operator_3.py
[2024-04-25T13:54:22.669+0000] {processor.py:830} INFO - Processing file /home/airflow/.local/lib/python3.12/site-packages/airflow/example_dags/example_branch_python_dop_operator_3.py for tasks to queue
[2024-04-25T13:54:22.671+0000] {logging_mixin.py:188} INFO - [2024-04-25T13:54:22.671+0000] {dagbag.py:540} INFO - Filling up the DagBag from /home/airflow/.local/lib/python3.12/site-packages/airflow/example_dags/example_branch_python_dop_operator_3.py
[2024-04-25T13:54:22.681+0000] {processor.py:840} INFO - DAG(s) 'example_branch_dop_operator_v3' retrieved from /home/airflow/.local/lib/python3.12/site-packages/airflow/example_dags/example_branch_python_dop_operator_3.py
[2024-04-25T13:54:22.702+0000] {logging_mixin.py:188} INFO - [2024-04-25T13:54:22.702+0000] {dag.py:3096} INFO - Sync 1 DAGs
[2024-04-25T13:54:22.729+0000] {logging_mixin.py:188} INFO - [2024-04-25T13:54:22.729+0000] {dag.py:3954} INFO - Setting next_dagrun for example_branch_dop_operator_v3 to 2024-04-25 13:53:00+00:00, run_after=2024-04-25 13:54:00+00:00
[2024-04-25T13:54:22.750+0000] {processor.py:183} INFO - Processing /home/airflow/.local/lib/python3.12/site-packages/airflow/example_dags/example_branch_python_dop_operator_3.py took 0.088 seconds
[2024-04-25T13:54:53.161+0000] {processor.py:161} INFO - Started process (PID=8415) to work on /home/airflow/.local/lib/python3.12/site-packages/airflow/example_dags/example_branch_python_dop_operator_3.py
[2024-04-25T13:54:53.163+0000] {processor.py:830} INFO - Processing file /home/airflow/.local/lib/python3.12/site-packages/airflow/example_dags/example_branch_python_dop_operator_3.py for tasks to queue
[2024-04-25T13:54:53.167+0000] {logging_mixin.py:188} INFO - [2024-04-25T13:54:53.167+0000] {dagbag.py:540} INFO - Filling up the DagBag from /home/airflow/.local/lib/python3.12/site-packages/airflow/example_dags/example_branch_python_dop_operator_3.py
[2024-04-25T13:54:53.185+0000] {processor.py:840} INFO - DAG(s) 'example_branch_dop_operator_v3' retrieved from /home/airflow/.local/lib/python3.12/site-packages/airflow/example_dags/example_branch_python_dop_operator_3.py
[2024-04-25T13:54:53.217+0000] {logging_mixin.py:188} INFO - [2024-04-25T13:54:53.217+0000] {dag.py:3096} INFO - Sync 1 DAGs
[2024-04-25T13:54:53.258+0000] {logging_mixin.py:188} INFO - [2024-04-25T13:54:53.258+0000] {dag.py:3954} INFO - Setting next_dagrun for example_branch_dop_operator_v3 to 2024-04-25 13:53:00+00:00, run_after=2024-04-25 13:54:00+00:00
[2024-04-25T13:54:53.285+0000] {processor.py:183} INFO - Processing /home/airflow/.local/lib/python3.12/site-packages/airflow/example_dags/example_branch_python_dop_operator_3.py took 0.134 seconds
[2024-04-25T13:55:23.630+0000] {processor.py:161} INFO - Started process (PID=8678) to work on /home/airflow/.local/lib/python3.12/site-packages/airflow/example_dags/example_branch_python_dop_operator_3.py
[2024-04-25T13:55:23.631+0000] {processor.py:830} INFO - Processing file /home/airflow/.local/lib/python3.12/site-packages/airflow/example_dags/example_branch_python_dop_operator_3.py for tasks to queue
[2024-04-25T13:55:23.633+0000] {logging_mixin.py:188} INFO - [2024-04-25T13:55:23.633+0000] {dagbag.py:540} INFO - Filling up the DagBag from /home/airflow/.local/lib/python3.12/site-packages/airflow/example_dags/example_branch_python_dop_operator_3.py
[2024-04-25T13:55:23.642+0000] {processor.py:840} INFO - DAG(s) 'example_branch_dop_operator_v3' retrieved from /home/airflow/.local/lib/python3.12/site-packages/airflow/example_dags/example_branch_python_dop_operator_3.py
[2024-04-25T13:55:23.664+0000] {logging_mixin.py:188} INFO - [2024-04-25T13:55:23.663+0000] {dag.py:3096} INFO - Sync 1 DAGs
[2024-04-25T13:55:23.697+0000] {logging_mixin.py:188} INFO - [2024-04-25T13:55:23.696+0000] {dag.py:3954} INFO - Setting next_dagrun for example_branch_dop_operator_v3 to 2024-04-25 13:54:00+00:00, run_after=2024-04-25 13:55:00+00:00
[2024-04-25T13:55:23.726+0000] {processor.py:183} INFO - Processing /home/airflow/.local/lib/python3.12/site-packages/airflow/example_dags/example_branch_python_dop_operator_3.py took 0.103 seconds
[2024-04-25T13:55:54.022+0000] {processor.py:161} INFO - Started process (PID=8940) to work on /home/airflow/.local/lib/python3.12/site-packages/airflow/example_dags/example_branch_python_dop_operator_3.py
[2024-04-25T13:55:54.023+0000] {processor.py:830} INFO - Processing file /home/airflow/.local/lib/python3.12/site-packages/airflow/example_dags/example_branch_python_dop_operator_3.py for tasks to queue
[2024-04-25T13:55:54.025+0000] {logging_mixin.py:188} INFO - [2024-04-25T13:55:54.025+0000] {dagbag.py:540} INFO - Filling up the DagBag from /home/airflow/.local/lib/python3.12/site-packages/airflow/example_dags/example_branch_python_dop_operator_3.py
[2024-04-25T13:55:54.035+0000] {processor.py:840} INFO - DAG(s) 'example_branch_dop_operator_v3' retrieved from /home/airflow/.local/lib/python3.12/site-packages/airflow/example_dags/example_branch_python_dop_operator_3.py
[2024-04-25T13:55:54.056+0000] {logging_mixin.py:188} INFO - [2024-04-25T13:55:54.056+0000] {dag.py:3096} INFO - Sync 1 DAGs
[2024-04-25T13:55:54.085+0000] {logging_mixin.py:188} INFO - [2024-04-25T13:55:54.085+0000] {dag.py:3954} INFO - Setting next_dagrun for example_branch_dop_operator_v3 to 2024-04-25 13:54:00+00:00, run_after=2024-04-25 13:55:00+00:00
[2024-04-25T13:55:54.105+0000] {processor.py:183} INFO - Processing /home/airflow/.local/lib/python3.12/site-packages/airflow/example_dags/example_branch_python_dop_operator_3.py took 0.089 seconds
[2024-04-25T13:56:24.504+0000] {processor.py:161} INFO - Started process (PID=9202) to work on /home/airflow/.local/lib/python3.12/site-packages/airflow/example_dags/example_branch_python_dop_operator_3.py
[2024-04-25T13:56:24.505+0000] {processor.py:830} INFO - Processing file /home/airflow/.local/lib/python3.12/site-packages/airflow/example_dags/example_branch_python_dop_operator_3.py for tasks to queue
[2024-04-25T13:56:24.507+0000] {logging_mixin.py:188} INFO - [2024-04-25T13:56:24.507+0000] {dagbag.py:540} INFO - Filling up the DagBag from /home/airflow/.local/lib/python3.12/site-packages/airflow/example_dags/example_branch_python_dop_operator_3.py
[2024-04-25T13:56:24.516+0000] {processor.py:840} INFO - DAG(s) 'example_branch_dop_operator_v3' retrieved from /home/airflow/.local/lib/python3.12/site-packages/airflow/example_dags/example_branch_python_dop_operator_3.py
[2024-04-25T13:56:24.536+0000] {logging_mixin.py:188} INFO - [2024-04-25T13:56:24.536+0000] {dag.py:3096} INFO - Sync 1 DAGs
[2024-04-25T13:56:24.563+0000] {logging_mixin.py:188} INFO - [2024-04-25T13:56:24.563+0000] {dag.py:3954} INFO - Setting next_dagrun for example_branch_dop_operator_v3 to 2024-04-25 13:55:00+00:00, run_after=2024-04-25 13:56:00+00:00
[2024-04-25T13:56:24.585+0000] {processor.py:183} INFO - Processing /home/airflow/.local/lib/python3.12/site-packages/airflow/example_dags/example_branch_python_dop_operator_3.py took 0.088 seconds
[2024-04-25T13:58:17.650+0000] {processor.py:161} INFO - Started process (PID=289) to work on /home/airflow/.local/lib/python3.12/site-packages/airflow/example_dags/example_branch_python_dop_operator_3.py
[2024-04-25T13:58:17.651+0000] {processor.py:830} INFO - Processing file /home/airflow/.local/lib/python3.12/site-packages/airflow/example_dags/example_branch_python_dop_operator_3.py for tasks to queue
[2024-04-25T13:58:17.653+0000] {logging_mixin.py:188} INFO - [2024-04-25T13:58:17.653+0000] {dagbag.py:540} INFO - Filling up the DagBag from /home/airflow/.local/lib/python3.12/site-packages/airflow/example_dags/example_branch_python_dop_operator_3.py
[2024-04-25T13:58:17.665+0000] {processor.py:840} INFO - DAG(s) 'example_branch_dop_operator_v3' retrieved from /home/airflow/.local/lib/python3.12/site-packages/airflow/example_dags/example_branch_python_dop_operator_3.py
[2024-04-25T13:58:17.680+0000] {logging_mixin.py:188} INFO - [2024-04-25T13:58:17.679+0000] {dag.py:3096} INFO - Sync 1 DAGs
[2024-04-25T13:58:17.707+0000] {logging_mixin.py:188} INFO - [2024-04-25T13:58:17.707+0000] {dag.py:3954} INFO - Setting next_dagrun for example_branch_dop_operator_v3 to 2024-04-25 13:57:00+00:00, run_after=2024-04-25 13:58:00+00:00
[2024-04-25T13:58:17.727+0000] {processor.py:183} INFO - Processing /home/airflow/.local/lib/python3.12/site-packages/airflow/example_dags/example_branch_python_dop_operator_3.py took 0.083 seconds
[2024-04-25T13:58:49.212+0000] {processor.py:161} INFO - Started process (PID=549) to work on /home/airflow/.local/lib/python3.12/site-packages/airflow/example_dags/example_branch_python_dop_operator_3.py
[2024-04-25T13:58:49.213+0000] {processor.py:830} INFO - Processing file /home/airflow/.local/lib/python3.12/site-packages/airflow/example_dags/example_branch_python_dop_operator_3.py for tasks to queue
[2024-04-25T13:58:49.215+0000] {logging_mixin.py:188} INFO - [2024-04-25T13:58:49.215+0000] {dagbag.py:540} INFO - Filling up the DagBag from /home/airflow/.local/lib/python3.12/site-packages/airflow/example_dags/example_branch_python_dop_operator_3.py
[2024-04-25T13:58:49.225+0000] {processor.py:840} INFO - DAG(s) 'example_branch_dop_operator_v3' retrieved from /home/airflow/.local/lib/python3.12/site-packages/airflow/example_dags/example_branch_python_dop_operator_3.py
[2024-04-25T13:58:49.341+0000] {logging_mixin.py:188} INFO - [2024-04-25T13:58:49.340+0000] {dag.py:3096} INFO - Sync 1 DAGs
[2024-04-25T13:58:49.368+0000] {logging_mixin.py:188} INFO - [2024-04-25T13:58:49.368+0000] {dag.py:3954} INFO - Setting next_dagrun for example_branch_dop_operator_v3 to 2024-04-25 13:57:00+00:00, run_after=2024-04-25 13:58:00+00:00
[2024-04-25T13:58:49.390+0000] {processor.py:183} INFO - Processing /home/airflow/.local/lib/python3.12/site-packages/airflow/example_dags/example_branch_python_dop_operator_3.py took 0.185 seconds
