[2024-04-25T13:39:05.813+0000] {processor.py:161} INFO - Started process (PID=249) to work on /home/airflow/.local/lib/python3.12/site-packages/airflow/example_dags/example_display_name.py
[2024-04-25T13:39:05.815+0000] {processor.py:830} INFO - Processing file /home/airflow/.local/lib/python3.12/site-packages/airflow/example_dags/example_display_name.py for tasks to queue
[2024-04-25T13:39:05.817+0000] {logging_mixin.py:188} INFO - [2024-04-25T13:39:05.817+0000] {dagbag.py:540} INFO - Filling up the DagBag from /home/airflow/.local/lib/python3.12/site-packages/airflow/example_dags/example_display_name.py
[2024-04-25T13:39:05.832+0000] {processor.py:840} INFO - DAG(s) 'example_display_name' retrieved from /home/airflow/.local/lib/python3.12/site-packages/airflow/example_dags/example_display_name.py
[2024-04-25T13:39:06.029+0000] {logging_mixin.py:188} INFO - [2024-04-25T13:39:06.029+0000] {dag.py:3096} INFO - Sync 1 DAGs
[2024-04-25T13:39:06.053+0000] {logging_mixin.py:188} INFO - [2024-04-25T13:39:06.052+0000] {dag.py:3954} INFO - Setting next_dagrun for example_display_name to None, run_after=None
[2024-04-25T13:39:06.094+0000] {processor.py:183} INFO - Processing /home/airflow/.local/lib/python3.12/site-packages/airflow/example_dags/example_display_name.py took 0.292 seconds
[2024-04-25T13:39:36.406+0000] {processor.py:161} INFO - Started process (PID=509) to work on /home/airflow/.local/lib/python3.12/site-packages/airflow/example_dags/example_display_name.py
[2024-04-25T13:39:36.407+0000] {processor.py:830} INFO - Processing file /home/airflow/.local/lib/python3.12/site-packages/airflow/example_dags/example_display_name.py for tasks to queue
[2024-04-25T13:39:36.410+0000] {logging_mixin.py:188} INFO - [2024-04-25T13:39:36.409+0000] {dagbag.py:540} INFO - Filling up the DagBag from /home/airflow/.local/lib/python3.12/site-packages/airflow/example_dags/example_display_name.py
[2024-04-25T13:39:36.420+0000] {processor.py:840} INFO - DAG(s) 'example_display_name' retrieved from /home/airflow/.local/lib/python3.12/site-packages/airflow/example_dags/example_display_name.py
[2024-04-25T13:39:36.455+0000] {logging_mixin.py:188} INFO - [2024-04-25T13:39:36.454+0000] {dag.py:3096} INFO - Sync 1 DAGs
[2024-04-25T13:39:36.476+0000] {logging_mixin.py:188} INFO - [2024-04-25T13:39:36.475+0000] {dag.py:3954} INFO - Setting next_dagrun for example_display_name to None, run_after=None
[2024-04-25T13:39:36.506+0000] {processor.py:183} INFO - Processing /home/airflow/.local/lib/python3.12/site-packages/airflow/example_dags/example_display_name.py took 0.109 seconds
[2024-04-25T13:40:07.070+0000] {processor.py:161} INFO - Started process (PID=771) to work on /home/airflow/.local/lib/python3.12/site-packages/airflow/example_dags/example_display_name.py
[2024-04-25T13:40:07.072+0000] {processor.py:830} INFO - Processing file /home/airflow/.local/lib/python3.12/site-packages/airflow/example_dags/example_display_name.py for tasks to queue
[2024-04-25T13:40:07.074+0000] {logging_mixin.py:188} INFO - [2024-04-25T13:40:07.073+0000] {dagbag.py:540} INFO - Filling up the DagBag from /home/airflow/.local/lib/python3.12/site-packages/airflow/example_dags/example_display_name.py
[2024-04-25T13:40:07.080+0000] {processor.py:840} INFO - DAG(s) 'example_display_name' retrieved from /home/airflow/.local/lib/python3.12/site-packages/airflow/example_dags/example_display_name.py
[2024-04-25T13:40:07.099+0000] {logging_mixin.py:188} INFO - [2024-04-25T13:40:07.099+0000] {dag.py:3096} INFO - Sync 1 DAGs
[2024-04-25T13:40:07.113+0000] {logging_mixin.py:188} INFO - [2024-04-25T13:40:07.113+0000] {dag.py:3954} INFO - Setting next_dagrun for example_display_name to None, run_after=None
[2024-04-25T13:40:07.132+0000] {processor.py:183} INFO - Processing /home/airflow/.local/lib/python3.12/site-packages/airflow/example_dags/example_display_name.py took 0.068 seconds
[2024-04-25T13:40:37.597+0000] {processor.py:161} INFO - Started process (PID=1033) to work on /home/airflow/.local/lib/python3.12/site-packages/airflow/example_dags/example_display_name.py
[2024-04-25T13:40:37.599+0000] {processor.py:830} INFO - Processing file /home/airflow/.local/lib/python3.12/site-packages/airflow/example_dags/example_display_name.py for tasks to queue
[2024-04-25T13:40:37.600+0000] {logging_mixin.py:188} INFO - [2024-04-25T13:40:37.600+0000] {dagbag.py:540} INFO - Filling up the DagBag from /home/airflow/.local/lib/python3.12/site-packages/airflow/example_dags/example_display_name.py
[2024-04-25T13:40:37.606+0000] {processor.py:840} INFO - DAG(s) 'example_display_name' retrieved from /home/airflow/.local/lib/python3.12/site-packages/airflow/example_dags/example_display_name.py
[2024-04-25T13:40:37.627+0000] {logging_mixin.py:188} INFO - [2024-04-25T13:40:37.627+0000] {dag.py:3096} INFO - Sync 1 DAGs
[2024-04-25T13:40:37.641+0000] {logging_mixin.py:188} INFO - [2024-04-25T13:40:37.640+0000] {dag.py:3954} INFO - Setting next_dagrun for example_display_name to None, run_after=None
[2024-04-25T13:40:37.661+0000] {processor.py:183} INFO - Processing /home/airflow/.local/lib/python3.12/site-packages/airflow/example_dags/example_display_name.py took 0.070 seconds
[2024-04-25T13:41:08.184+0000] {processor.py:161} INFO - Started process (PID=1301) to work on /home/airflow/.local/lib/python3.12/site-packages/airflow/example_dags/example_display_name.py
[2024-04-25T13:41:08.185+0000] {processor.py:830} INFO - Processing file /home/airflow/.local/lib/python3.12/site-packages/airflow/example_dags/example_display_name.py for tasks to queue
[2024-04-25T13:41:08.187+0000] {logging_mixin.py:188} INFO - [2024-04-25T13:41:08.187+0000] {dagbag.py:540} INFO - Filling up the DagBag from /home/airflow/.local/lib/python3.12/site-packages/airflow/example_dags/example_display_name.py
[2024-04-25T13:41:08.193+0000] {processor.py:840} INFO - DAG(s) 'example_display_name' retrieved from /home/airflow/.local/lib/python3.12/site-packages/airflow/example_dags/example_display_name.py
[2024-04-25T13:41:08.216+0000] {logging_mixin.py:188} INFO - [2024-04-25T13:41:08.216+0000] {dag.py:3096} INFO - Sync 1 DAGs
[2024-04-25T13:41:08.231+0000] {logging_mixin.py:188} INFO - [2024-04-25T13:41:08.231+0000] {dag.py:3954} INFO - Setting next_dagrun for example_display_name to None, run_after=None
[2024-04-25T13:41:08.254+0000] {processor.py:183} INFO - Processing /home/airflow/.local/lib/python3.12/site-packages/airflow/example_dags/example_display_name.py took 0.076 seconds
[2024-04-25T13:41:38.878+0000] {processor.py:161} INFO - Started process (PID=1565) to work on /home/airflow/.local/lib/python3.12/site-packages/airflow/example_dags/example_display_name.py
[2024-04-25T13:41:38.880+0000] {processor.py:830} INFO - Processing file /home/airflow/.local/lib/python3.12/site-packages/airflow/example_dags/example_display_name.py for tasks to queue
[2024-04-25T13:41:38.883+0000] {logging_mixin.py:188} INFO - [2024-04-25T13:41:38.882+0000] {dagbag.py:540} INFO - Filling up the DagBag from /home/airflow/.local/lib/python3.12/site-packages/airflow/example_dags/example_display_name.py
[2024-04-25T13:41:38.889+0000] {processor.py:840} INFO - DAG(s) 'example_display_name' retrieved from /home/airflow/.local/lib/python3.12/site-packages/airflow/example_dags/example_display_name.py
[2024-04-25T13:41:38.910+0000] {logging_mixin.py:188} INFO - [2024-04-25T13:41:38.910+0000] {dag.py:3096} INFO - Sync 1 DAGs
[2024-04-25T13:41:38.925+0000] {logging_mixin.py:188} INFO - [2024-04-25T13:41:38.924+0000] {dag.py:3954} INFO - Setting next_dagrun for example_display_name to None, run_after=None
[2024-04-25T13:41:38.947+0000] {processor.py:183} INFO - Processing /home/airflow/.local/lib/python3.12/site-packages/airflow/example_dags/example_display_name.py took 0.077 seconds
[2024-04-25T13:42:09.047+0000] {processor.py:161} INFO - Started process (PID=1827) to work on /home/airflow/.local/lib/python3.12/site-packages/airflow/example_dags/example_display_name.py
[2024-04-25T13:42:09.048+0000] {processor.py:830} INFO - Processing file /home/airflow/.local/lib/python3.12/site-packages/airflow/example_dags/example_display_name.py for tasks to queue
[2024-04-25T13:42:09.051+0000] {logging_mixin.py:188} INFO - [2024-04-25T13:42:09.050+0000] {dagbag.py:540} INFO - Filling up the DagBag from /home/airflow/.local/lib/python3.12/site-packages/airflow/example_dags/example_display_name.py
[2024-04-25T13:42:09.056+0000] {processor.py:840} INFO - DAG(s) 'example_display_name' retrieved from /home/airflow/.local/lib/python3.12/site-packages/airflow/example_dags/example_display_name.py
[2024-04-25T13:42:09.076+0000] {logging_mixin.py:188} INFO - [2024-04-25T13:42:09.076+0000] {dag.py:3096} INFO - Sync 1 DAGs
[2024-04-25T13:42:09.089+0000] {logging_mixin.py:188} INFO - [2024-04-25T13:42:09.089+0000] {dag.py:3954} INFO - Setting next_dagrun for example_display_name to None, run_after=None
[2024-04-25T13:42:09.110+0000] {processor.py:183} INFO - Processing /home/airflow/.local/lib/python3.12/site-packages/airflow/example_dags/example_display_name.py took 0.069 seconds
[2024-04-25T13:42:39.510+0000] {processor.py:161} INFO - Started process (PID=2087) to work on /home/airflow/.local/lib/python3.12/site-packages/airflow/example_dags/example_display_name.py
[2024-04-25T13:42:39.511+0000] {processor.py:830} INFO - Processing file /home/airflow/.local/lib/python3.12/site-packages/airflow/example_dags/example_display_name.py for tasks to queue
[2024-04-25T13:42:39.513+0000] {logging_mixin.py:188} INFO - [2024-04-25T13:42:39.513+0000] {dagbag.py:540} INFO - Filling up the DagBag from /home/airflow/.local/lib/python3.12/site-packages/airflow/example_dags/example_display_name.py
[2024-04-25T13:42:39.519+0000] {processor.py:840} INFO - DAG(s) 'example_display_name' retrieved from /home/airflow/.local/lib/python3.12/site-packages/airflow/example_dags/example_display_name.py
[2024-04-25T13:42:39.539+0000] {logging_mixin.py:188} INFO - [2024-04-25T13:42:39.539+0000] {dag.py:3096} INFO - Sync 1 DAGs
[2024-04-25T13:42:39.553+0000] {logging_mixin.py:188} INFO - [2024-04-25T13:42:39.553+0000] {dag.py:3954} INFO - Setting next_dagrun for example_display_name to None, run_after=None
[2024-04-25T13:42:39.573+0000] {processor.py:183} INFO - Processing /home/airflow/.local/lib/python3.12/site-packages/airflow/example_dags/example_display_name.py took 0.069 seconds
[2024-04-25T13:43:10.028+0000] {processor.py:161} INFO - Started process (PID=2349) to work on /home/airflow/.local/lib/python3.12/site-packages/airflow/example_dags/example_display_name.py
[2024-04-25T13:43:10.030+0000] {processor.py:830} INFO - Processing file /home/airflow/.local/lib/python3.12/site-packages/airflow/example_dags/example_display_name.py for tasks to queue
[2024-04-25T13:43:10.031+0000] {logging_mixin.py:188} INFO - [2024-04-25T13:43:10.031+0000] {dagbag.py:540} INFO - Filling up the DagBag from /home/airflow/.local/lib/python3.12/site-packages/airflow/example_dags/example_display_name.py
[2024-04-25T13:43:10.038+0000] {processor.py:840} INFO - DAG(s) 'example_display_name' retrieved from /home/airflow/.local/lib/python3.12/site-packages/airflow/example_dags/example_display_name.py
[2024-04-25T13:43:10.058+0000] {logging_mixin.py:188} INFO - [2024-04-25T13:43:10.058+0000] {dag.py:3096} INFO - Sync 1 DAGs
[2024-04-25T13:43:10.073+0000] {logging_mixin.py:188} INFO - [2024-04-25T13:43:10.073+0000] {dag.py:3954} INFO - Setting next_dagrun for example_display_name to None, run_after=None
[2024-04-25T13:43:10.094+0000] {processor.py:183} INFO - Processing /home/airflow/.local/lib/python3.12/site-packages/airflow/example_dags/example_display_name.py took 0.072 seconds
[2024-04-25T13:43:40.488+0000] {processor.py:161} INFO - Started process (PID=2611) to work on /home/airflow/.local/lib/python3.12/site-packages/airflow/example_dags/example_display_name.py
[2024-04-25T13:43:40.489+0000] {processor.py:830} INFO - Processing file /home/airflow/.local/lib/python3.12/site-packages/airflow/example_dags/example_display_name.py for tasks to queue
[2024-04-25T13:43:40.491+0000] {logging_mixin.py:188} INFO - [2024-04-25T13:43:40.490+0000] {dagbag.py:540} INFO - Filling up the DagBag from /home/airflow/.local/lib/python3.12/site-packages/airflow/example_dags/example_display_name.py
[2024-04-25T13:43:40.496+0000] {processor.py:840} INFO - DAG(s) 'example_display_name' retrieved from /home/airflow/.local/lib/python3.12/site-packages/airflow/example_dags/example_display_name.py
[2024-04-25T13:43:40.519+0000] {logging_mixin.py:188} INFO - [2024-04-25T13:43:40.518+0000] {dag.py:3096} INFO - Sync 1 DAGs
[2024-04-25T13:43:40.533+0000] {logging_mixin.py:188} INFO - [2024-04-25T13:43:40.533+0000] {dag.py:3954} INFO - Setting next_dagrun for example_display_name to None, run_after=None
[2024-04-25T13:43:40.557+0000] {processor.py:183} INFO - Processing /home/airflow/.local/lib/python3.12/site-packages/airflow/example_dags/example_display_name.py took 0.076 seconds
[2024-04-25T13:44:10.971+0000] {processor.py:161} INFO - Started process (PID=2875) to work on /home/airflow/.local/lib/python3.12/site-packages/airflow/example_dags/example_display_name.py
[2024-04-25T13:44:10.972+0000] {processor.py:830} INFO - Processing file /home/airflow/.local/lib/python3.12/site-packages/airflow/example_dags/example_display_name.py for tasks to queue
[2024-04-25T13:44:10.974+0000] {logging_mixin.py:188} INFO - [2024-04-25T13:44:10.973+0000] {dagbag.py:540} INFO - Filling up the DagBag from /home/airflow/.local/lib/python3.12/site-packages/airflow/example_dags/example_display_name.py
[2024-04-25T13:44:10.979+0000] {processor.py:840} INFO - DAG(s) 'example_display_name' retrieved from /home/airflow/.local/lib/python3.12/site-packages/airflow/example_dags/example_display_name.py
[2024-04-25T13:44:10.999+0000] {logging_mixin.py:188} INFO - [2024-04-25T13:44:10.999+0000] {dag.py:3096} INFO - Sync 1 DAGs
[2024-04-25T13:44:11.013+0000] {logging_mixin.py:188} INFO - [2024-04-25T13:44:11.013+0000] {dag.py:3954} INFO - Setting next_dagrun for example_display_name to None, run_after=None
[2024-04-25T13:44:11.033+0000] {processor.py:183} INFO - Processing /home/airflow/.local/lib/python3.12/site-packages/airflow/example_dags/example_display_name.py took 0.068 seconds
[2024-04-25T13:44:41.368+0000] {processor.py:161} INFO - Started process (PID=3135) to work on /home/airflow/.local/lib/python3.12/site-packages/airflow/example_dags/example_display_name.py
[2024-04-25T13:44:41.369+0000] {processor.py:830} INFO - Processing file /home/airflow/.local/lib/python3.12/site-packages/airflow/example_dags/example_display_name.py for tasks to queue
[2024-04-25T13:44:41.371+0000] {logging_mixin.py:188} INFO - [2024-04-25T13:44:41.371+0000] {dagbag.py:540} INFO - Filling up the DagBag from /home/airflow/.local/lib/python3.12/site-packages/airflow/example_dags/example_display_name.py
[2024-04-25T13:44:41.378+0000] {processor.py:840} INFO - DAG(s) 'example_display_name' retrieved from /home/airflow/.local/lib/python3.12/site-packages/airflow/example_dags/example_display_name.py
[2024-04-25T13:44:41.401+0000] {logging_mixin.py:188} INFO - [2024-04-25T13:44:41.401+0000] {dag.py:3096} INFO - Sync 1 DAGs
[2024-04-25T13:44:41.415+0000] {logging_mixin.py:188} INFO - [2024-04-25T13:44:41.415+0000] {dag.py:3954} INFO - Setting next_dagrun for example_display_name to None, run_after=None
[2024-04-25T13:44:41.437+0000] {processor.py:183} INFO - Processing /home/airflow/.local/lib/python3.12/site-packages/airflow/example_dags/example_display_name.py took 0.075 seconds
[2024-04-25T13:45:11.896+0000] {processor.py:161} INFO - Started process (PID=3399) to work on /home/airflow/.local/lib/python3.12/site-packages/airflow/example_dags/example_display_name.py
[2024-04-25T13:45:11.897+0000] {processor.py:830} INFO - Processing file /home/airflow/.local/lib/python3.12/site-packages/airflow/example_dags/example_display_name.py for tasks to queue
[2024-04-25T13:45:11.899+0000] {logging_mixin.py:188} INFO - [2024-04-25T13:45:11.898+0000] {dagbag.py:540} INFO - Filling up the DagBag from /home/airflow/.local/lib/python3.12/site-packages/airflow/example_dags/example_display_name.py
[2024-04-25T13:45:11.905+0000] {processor.py:840} INFO - DAG(s) 'example_display_name' retrieved from /home/airflow/.local/lib/python3.12/site-packages/airflow/example_dags/example_display_name.py
[2024-04-25T13:45:11.927+0000] {logging_mixin.py:188} INFO - [2024-04-25T13:45:11.927+0000] {dag.py:3096} INFO - Sync 1 DAGs
[2024-04-25T13:45:11.940+0000] {logging_mixin.py:188} INFO - [2024-04-25T13:45:11.940+0000] {dag.py:3954} INFO - Setting next_dagrun for example_display_name to None, run_after=None
[2024-04-25T13:45:11.962+0000] {processor.py:183} INFO - Processing /home/airflow/.local/lib/python3.12/site-packages/airflow/example_dags/example_display_name.py took 0.074 seconds
[2024-04-25T13:45:42.314+0000] {processor.py:161} INFO - Started process (PID=3659) to work on /home/airflow/.local/lib/python3.12/site-packages/airflow/example_dags/example_display_name.py
[2024-04-25T13:45:42.315+0000] {processor.py:830} INFO - Processing file /home/airflow/.local/lib/python3.12/site-packages/airflow/example_dags/example_display_name.py for tasks to queue
[2024-04-25T13:45:42.317+0000] {logging_mixin.py:188} INFO - [2024-04-25T13:45:42.317+0000] {dagbag.py:540} INFO - Filling up the DagBag from /home/airflow/.local/lib/python3.12/site-packages/airflow/example_dags/example_display_name.py
[2024-04-25T13:45:42.323+0000] {processor.py:840} INFO - DAG(s) 'example_display_name' retrieved from /home/airflow/.local/lib/python3.12/site-packages/airflow/example_dags/example_display_name.py
[2024-04-25T13:45:42.345+0000] {logging_mixin.py:188} INFO - [2024-04-25T13:45:42.345+0000] {dag.py:3096} INFO - Sync 1 DAGs
[2024-04-25T13:45:42.358+0000] {logging_mixin.py:188} INFO - [2024-04-25T13:45:42.358+0000] {dag.py:3954} INFO - Setting next_dagrun for example_display_name to None, run_after=None
[2024-04-25T13:45:42.380+0000] {processor.py:183} INFO - Processing /home/airflow/.local/lib/python3.12/site-packages/airflow/example_dags/example_display_name.py took 0.073 seconds
[2024-04-25T13:46:13.281+0000] {processor.py:161} INFO - Started process (PID=3921) to work on /home/airflow/.local/lib/python3.12/site-packages/airflow/example_dags/example_display_name.py
[2024-04-25T13:46:13.282+0000] {processor.py:830} INFO - Processing file /home/airflow/.local/lib/python3.12/site-packages/airflow/example_dags/example_display_name.py for tasks to queue
[2024-04-25T13:46:13.285+0000] {logging_mixin.py:188} INFO - [2024-04-25T13:46:13.284+0000] {dagbag.py:540} INFO - Filling up the DagBag from /home/airflow/.local/lib/python3.12/site-packages/airflow/example_dags/example_display_name.py
[2024-04-25T13:46:13.291+0000] {processor.py:840} INFO - DAG(s) 'example_display_name' retrieved from /home/airflow/.local/lib/python3.12/site-packages/airflow/example_dags/example_display_name.py
[2024-04-25T13:46:13.311+0000] {logging_mixin.py:188} INFO - [2024-04-25T13:46:13.311+0000] {dag.py:3096} INFO - Sync 1 DAGs
[2024-04-25T13:46:13.325+0000] {logging_mixin.py:188} INFO - [2024-04-25T13:46:13.324+0000] {dag.py:3954} INFO - Setting next_dagrun for example_display_name to None, run_after=None
[2024-04-25T13:46:13.345+0000] {processor.py:183} INFO - Processing /home/airflow/.local/lib/python3.12/site-packages/airflow/example_dags/example_display_name.py took 0.071 seconds
[2024-04-25T13:46:43.648+0000] {processor.py:161} INFO - Started process (PID=4183) to work on /home/airflow/.local/lib/python3.12/site-packages/airflow/example_dags/example_display_name.py
[2024-04-25T13:46:43.649+0000] {processor.py:830} INFO - Processing file /home/airflow/.local/lib/python3.12/site-packages/airflow/example_dags/example_display_name.py for tasks to queue
[2024-04-25T13:46:43.651+0000] {logging_mixin.py:188} INFO - [2024-04-25T13:46:43.651+0000] {dagbag.py:540} INFO - Filling up the DagBag from /home/airflow/.local/lib/python3.12/site-packages/airflow/example_dags/example_display_name.py
[2024-04-25T13:46:43.656+0000] {processor.py:840} INFO - DAG(s) 'example_display_name' retrieved from /home/airflow/.local/lib/python3.12/site-packages/airflow/example_dags/example_display_name.py
[2024-04-25T13:46:43.676+0000] {logging_mixin.py:188} INFO - [2024-04-25T13:46:43.676+0000] {dag.py:3096} INFO - Sync 1 DAGs
[2024-04-25T13:46:43.689+0000] {logging_mixin.py:188} INFO - [2024-04-25T13:46:43.689+0000] {dag.py:3954} INFO - Setting next_dagrun for example_display_name to None, run_after=None
[2024-04-25T13:46:43.709+0000] {processor.py:183} INFO - Processing /home/airflow/.local/lib/python3.12/site-packages/airflow/example_dags/example_display_name.py took 0.068 seconds
[2024-04-25T13:47:14.145+0000] {processor.py:161} INFO - Started process (PID=4445) to work on /home/airflow/.local/lib/python3.12/site-packages/airflow/example_dags/example_display_name.py
[2024-04-25T13:47:14.146+0000] {processor.py:830} INFO - Processing file /home/airflow/.local/lib/python3.12/site-packages/airflow/example_dags/example_display_name.py for tasks to queue
[2024-04-25T13:47:14.148+0000] {logging_mixin.py:188} INFO - [2024-04-25T13:47:14.148+0000] {dagbag.py:540} INFO - Filling up the DagBag from /home/airflow/.local/lib/python3.12/site-packages/airflow/example_dags/example_display_name.py
[2024-04-25T13:47:14.154+0000] {processor.py:840} INFO - DAG(s) 'example_display_name' retrieved from /home/airflow/.local/lib/python3.12/site-packages/airflow/example_dags/example_display_name.py
[2024-04-25T13:47:14.176+0000] {logging_mixin.py:188} INFO - [2024-04-25T13:47:14.176+0000] {dag.py:3096} INFO - Sync 1 DAGs
[2024-04-25T13:47:14.190+0000] {logging_mixin.py:188} INFO - [2024-04-25T13:47:14.190+0000] {dag.py:3954} INFO - Setting next_dagrun for example_display_name to None, run_after=None
[2024-04-25T13:47:14.210+0000] {processor.py:183} INFO - Processing /home/airflow/.local/lib/python3.12/site-packages/airflow/example_dags/example_display_name.py took 0.072 seconds
[2024-04-25T13:47:44.515+0000] {processor.py:161} INFO - Started process (PID=4707) to work on /home/airflow/.local/lib/python3.12/site-packages/airflow/example_dags/example_display_name.py
[2024-04-25T13:47:44.516+0000] {processor.py:830} INFO - Processing file /home/airflow/.local/lib/python3.12/site-packages/airflow/example_dags/example_display_name.py for tasks to queue
[2024-04-25T13:47:44.518+0000] {logging_mixin.py:188} INFO - [2024-04-25T13:47:44.518+0000] {dagbag.py:540} INFO - Filling up the DagBag from /home/airflow/.local/lib/python3.12/site-packages/airflow/example_dags/example_display_name.py
[2024-04-25T13:47:44.523+0000] {processor.py:840} INFO - DAG(s) 'example_display_name' retrieved from /home/airflow/.local/lib/python3.12/site-packages/airflow/example_dags/example_display_name.py
[2024-04-25T13:47:44.543+0000] {logging_mixin.py:188} INFO - [2024-04-25T13:47:44.542+0000] {dag.py:3096} INFO - Sync 1 DAGs
[2024-04-25T13:47:44.556+0000] {logging_mixin.py:188} INFO - [2024-04-25T13:47:44.556+0000] {dag.py:3954} INFO - Setting next_dagrun for example_display_name to None, run_after=None
[2024-04-25T13:47:44.575+0000] {processor.py:183} INFO - Processing /home/airflow/.local/lib/python3.12/site-packages/airflow/example_dags/example_display_name.py took 0.066 seconds
[2024-04-25T13:48:14.964+0000] {processor.py:161} INFO - Started process (PID=4969) to work on /home/airflow/.local/lib/python3.12/site-packages/airflow/example_dags/example_display_name.py
[2024-04-25T13:48:14.965+0000] {processor.py:830} INFO - Processing file /home/airflow/.local/lib/python3.12/site-packages/airflow/example_dags/example_display_name.py for tasks to queue
[2024-04-25T13:48:14.967+0000] {logging_mixin.py:188} INFO - [2024-04-25T13:48:14.967+0000] {dagbag.py:540} INFO - Filling up the DagBag from /home/airflow/.local/lib/python3.12/site-packages/airflow/example_dags/example_display_name.py
[2024-04-25T13:48:14.973+0000] {processor.py:840} INFO - DAG(s) 'example_display_name' retrieved from /home/airflow/.local/lib/python3.12/site-packages/airflow/example_dags/example_display_name.py
[2024-04-25T13:48:14.998+0000] {logging_mixin.py:188} INFO - [2024-04-25T13:48:14.998+0000] {dag.py:3096} INFO - Sync 1 DAGs
[2024-04-25T13:48:15.011+0000] {logging_mixin.py:188} INFO - [2024-04-25T13:48:15.011+0000] {dag.py:3954} INFO - Setting next_dagrun for example_display_name to None, run_after=None
[2024-04-25T13:48:15.032+0000] {processor.py:183} INFO - Processing /home/airflow/.local/lib/python3.12/site-packages/airflow/example_dags/example_display_name.py took 0.074 seconds
[2024-04-25T13:48:45.526+0000] {processor.py:161} INFO - Started process (PID=5231) to work on /home/airflow/.local/lib/python3.12/site-packages/airflow/example_dags/example_display_name.py
[2024-04-25T13:48:45.527+0000] {processor.py:830} INFO - Processing file /home/airflow/.local/lib/python3.12/site-packages/airflow/example_dags/example_display_name.py for tasks to queue
[2024-04-25T13:48:45.529+0000] {logging_mixin.py:188} INFO - [2024-04-25T13:48:45.529+0000] {dagbag.py:540} INFO - Filling up the DagBag from /home/airflow/.local/lib/python3.12/site-packages/airflow/example_dags/example_display_name.py
[2024-04-25T13:48:45.535+0000] {processor.py:840} INFO - DAG(s) 'example_display_name' retrieved from /home/airflow/.local/lib/python3.12/site-packages/airflow/example_dags/example_display_name.py
[2024-04-25T13:48:45.556+0000] {logging_mixin.py:188} INFO - [2024-04-25T13:48:45.555+0000] {dag.py:3096} INFO - Sync 1 DAGs
[2024-04-25T13:48:45.570+0000] {logging_mixin.py:188} INFO - [2024-04-25T13:48:45.569+0000] {dag.py:3954} INFO - Setting next_dagrun for example_display_name to None, run_after=None
[2024-04-25T13:48:45.590+0000] {processor.py:183} INFO - Processing /home/airflow/.local/lib/python3.12/site-packages/airflow/example_dags/example_display_name.py took 0.071 seconds
[2024-04-25T13:49:15.778+0000] {processor.py:161} INFO - Started process (PID=5493) to work on /home/airflow/.local/lib/python3.12/site-packages/airflow/example_dags/example_display_name.py
[2024-04-25T13:49:15.779+0000] {processor.py:830} INFO - Processing file /home/airflow/.local/lib/python3.12/site-packages/airflow/example_dags/example_display_name.py for tasks to queue
[2024-04-25T13:49:15.781+0000] {logging_mixin.py:188} INFO - [2024-04-25T13:49:15.781+0000] {dagbag.py:540} INFO - Filling up the DagBag from /home/airflow/.local/lib/python3.12/site-packages/airflow/example_dags/example_display_name.py
[2024-04-25T13:49:15.787+0000] {processor.py:840} INFO - DAG(s) 'example_display_name' retrieved from /home/airflow/.local/lib/python3.12/site-packages/airflow/example_dags/example_display_name.py
[2024-04-25T13:49:15.809+0000] {logging_mixin.py:188} INFO - [2024-04-25T13:49:15.809+0000] {dag.py:3096} INFO - Sync 1 DAGs
[2024-04-25T13:49:15.827+0000] {logging_mixin.py:188} INFO - [2024-04-25T13:49:15.827+0000] {dag.py:3954} INFO - Setting next_dagrun for example_display_name to None, run_after=None
[2024-04-25T13:49:15.850+0000] {processor.py:183} INFO - Processing /home/airflow/.local/lib/python3.12/site-packages/airflow/example_dags/example_display_name.py took 0.079 seconds
[2024-04-25T13:49:46.297+0000] {processor.py:161} INFO - Started process (PID=5755) to work on /home/airflow/.local/lib/python3.12/site-packages/airflow/example_dags/example_display_name.py
[2024-04-25T13:49:46.298+0000] {processor.py:830} INFO - Processing file /home/airflow/.local/lib/python3.12/site-packages/airflow/example_dags/example_display_name.py for tasks to queue
[2024-04-25T13:49:46.300+0000] {logging_mixin.py:188} INFO - [2024-04-25T13:49:46.300+0000] {dagbag.py:540} INFO - Filling up the DagBag from /home/airflow/.local/lib/python3.12/site-packages/airflow/example_dags/example_display_name.py
[2024-04-25T13:49:46.306+0000] {processor.py:840} INFO - DAG(s) 'example_display_name' retrieved from /home/airflow/.local/lib/python3.12/site-packages/airflow/example_dags/example_display_name.py
[2024-04-25T13:49:46.327+0000] {logging_mixin.py:188} INFO - [2024-04-25T13:49:46.327+0000] {dag.py:3096} INFO - Sync 1 DAGs
[2024-04-25T13:49:46.341+0000] {logging_mixin.py:188} INFO - [2024-04-25T13:49:46.340+0000] {dag.py:3954} INFO - Setting next_dagrun for example_display_name to None, run_after=None
[2024-04-25T13:49:46.362+0000] {processor.py:183} INFO - Processing /home/airflow/.local/lib/python3.12/site-packages/airflow/example_dags/example_display_name.py took 0.072 seconds
[2024-04-25T13:50:16.823+0000] {processor.py:161} INFO - Started process (PID=6017) to work on /home/airflow/.local/lib/python3.12/site-packages/airflow/example_dags/example_display_name.py
[2024-04-25T13:50:16.824+0000] {processor.py:830} INFO - Processing file /home/airflow/.local/lib/python3.12/site-packages/airflow/example_dags/example_display_name.py for tasks to queue
[2024-04-25T13:50:16.827+0000] {logging_mixin.py:188} INFO - [2024-04-25T13:50:16.827+0000] {dagbag.py:540} INFO - Filling up the DagBag from /home/airflow/.local/lib/python3.12/site-packages/airflow/example_dags/example_display_name.py
[2024-04-25T13:50:16.834+0000] {processor.py:840} INFO - DAG(s) 'example_display_name' retrieved from /home/airflow/.local/lib/python3.12/site-packages/airflow/example_dags/example_display_name.py
[2024-04-25T13:50:16.856+0000] {logging_mixin.py:188} INFO - [2024-04-25T13:50:16.856+0000] {dag.py:3096} INFO - Sync 1 DAGs
[2024-04-25T13:50:16.872+0000] {logging_mixin.py:188} INFO - [2024-04-25T13:50:16.872+0000] {dag.py:3954} INFO - Setting next_dagrun for example_display_name to None, run_after=None
[2024-04-25T13:50:16.895+0000] {processor.py:183} INFO - Processing /home/airflow/.local/lib/python3.12/site-packages/airflow/example_dags/example_display_name.py took 0.078 seconds
[2024-04-25T13:50:47.358+0000] {processor.py:161} INFO - Started process (PID=6279) to work on /home/airflow/.local/lib/python3.12/site-packages/airflow/example_dags/example_display_name.py
[2024-04-25T13:50:47.359+0000] {processor.py:830} INFO - Processing file /home/airflow/.local/lib/python3.12/site-packages/airflow/example_dags/example_display_name.py for tasks to queue
[2024-04-25T13:50:47.362+0000] {logging_mixin.py:188} INFO - [2024-04-25T13:50:47.361+0000] {dagbag.py:540} INFO - Filling up the DagBag from /home/airflow/.local/lib/python3.12/site-packages/airflow/example_dags/example_display_name.py
[2024-04-25T13:50:47.368+0000] {processor.py:840} INFO - DAG(s) 'example_display_name' retrieved from /home/airflow/.local/lib/python3.12/site-packages/airflow/example_dags/example_display_name.py
[2024-04-25T13:50:47.388+0000] {logging_mixin.py:188} INFO - [2024-04-25T13:50:47.388+0000] {dag.py:3096} INFO - Sync 1 DAGs
[2024-04-25T13:50:47.402+0000] {logging_mixin.py:188} INFO - [2024-04-25T13:50:47.401+0000] {dag.py:3954} INFO - Setting next_dagrun for example_display_name to None, run_after=None
[2024-04-25T13:50:47.423+0000] {processor.py:183} INFO - Processing /home/airflow/.local/lib/python3.12/site-packages/airflow/example_dags/example_display_name.py took 0.070 seconds
[2024-04-25T13:51:18.276+0000] {processor.py:161} INFO - Started process (PID=6541) to work on /home/airflow/.local/lib/python3.12/site-packages/airflow/example_dags/example_display_name.py
[2024-04-25T13:51:18.278+0000] {processor.py:830} INFO - Processing file /home/airflow/.local/lib/python3.12/site-packages/airflow/example_dags/example_display_name.py for tasks to queue
[2024-04-25T13:51:18.280+0000] {logging_mixin.py:188} INFO - [2024-04-25T13:51:18.279+0000] {dagbag.py:540} INFO - Filling up the DagBag from /home/airflow/.local/lib/python3.12/site-packages/airflow/example_dags/example_display_name.py
[2024-04-25T13:51:18.288+0000] {processor.py:840} INFO - DAG(s) 'example_display_name' retrieved from /home/airflow/.local/lib/python3.12/site-packages/airflow/example_dags/example_display_name.py
[2024-04-25T13:51:18.308+0000] {logging_mixin.py:188} INFO - [2024-04-25T13:51:18.308+0000] {dag.py:3096} INFO - Sync 1 DAGs
[2024-04-25T13:51:18.323+0000] {logging_mixin.py:188} INFO - [2024-04-25T13:51:18.323+0000] {dag.py:3954} INFO - Setting next_dagrun for example_display_name to None, run_after=None
[2024-04-25T13:51:18.345+0000] {processor.py:183} INFO - Processing /home/airflow/.local/lib/python3.12/site-packages/airflow/example_dags/example_display_name.py took 0.074 seconds
[2024-04-25T13:51:48.661+0000] {processor.py:161} INFO - Started process (PID=6803) to work on /home/airflow/.local/lib/python3.12/site-packages/airflow/example_dags/example_display_name.py
[2024-04-25T13:51:48.663+0000] {processor.py:830} INFO - Processing file /home/airflow/.local/lib/python3.12/site-packages/airflow/example_dags/example_display_name.py for tasks to queue
[2024-04-25T13:51:48.666+0000] {logging_mixin.py:188} INFO - [2024-04-25T13:51:48.665+0000] {dagbag.py:540} INFO - Filling up the DagBag from /home/airflow/.local/lib/python3.12/site-packages/airflow/example_dags/example_display_name.py
[2024-04-25T13:51:48.673+0000] {processor.py:840} INFO - DAG(s) 'example_display_name' retrieved from /home/airflow/.local/lib/python3.12/site-packages/airflow/example_dags/example_display_name.py
[2024-04-25T13:51:48.696+0000] {logging_mixin.py:188} INFO - [2024-04-25T13:51:48.696+0000] {dag.py:3096} INFO - Sync 1 DAGs
[2024-04-25T13:51:48.713+0000] {logging_mixin.py:188} INFO - [2024-04-25T13:51:48.712+0000] {dag.py:3954} INFO - Setting next_dagrun for example_display_name to None, run_after=None
[2024-04-25T13:51:48.737+0000] {processor.py:183} INFO - Processing /home/airflow/.local/lib/python3.12/site-packages/airflow/example_dags/example_display_name.py took 0.085 seconds
[2024-04-25T13:52:19.407+0000] {processor.py:161} INFO - Started process (PID=7065) to work on /home/airflow/.local/lib/python3.12/site-packages/airflow/example_dags/example_display_name.py
[2024-04-25T13:52:19.408+0000] {processor.py:830} INFO - Processing file /home/airflow/.local/lib/python3.12/site-packages/airflow/example_dags/example_display_name.py for tasks to queue
[2024-04-25T13:52:19.410+0000] {logging_mixin.py:188} INFO - [2024-04-25T13:52:19.410+0000] {dagbag.py:540} INFO - Filling up the DagBag from /home/airflow/.local/lib/python3.12/site-packages/airflow/example_dags/example_display_name.py
[2024-04-25T13:52:19.416+0000] {processor.py:840} INFO - DAG(s) 'example_display_name' retrieved from /home/airflow/.local/lib/python3.12/site-packages/airflow/example_dags/example_display_name.py
[2024-04-25T13:52:19.441+0000] {logging_mixin.py:188} INFO - [2024-04-25T13:52:19.441+0000] {dag.py:3096} INFO - Sync 1 DAGs
[2024-04-25T13:52:19.457+0000] {logging_mixin.py:188} INFO - [2024-04-25T13:52:19.457+0000] {dag.py:3954} INFO - Setting next_dagrun for example_display_name to None, run_after=None
[2024-04-25T13:52:19.480+0000] {processor.py:183} INFO - Processing /home/airflow/.local/lib/python3.12/site-packages/airflow/example_dags/example_display_name.py took 0.080 seconds
[2024-04-25T13:52:49.804+0000] {processor.py:161} INFO - Started process (PID=7329) to work on /home/airflow/.local/lib/python3.12/site-packages/airflow/example_dags/example_display_name.py
[2024-04-25T13:52:49.806+0000] {processor.py:830} INFO - Processing file /home/airflow/.local/lib/python3.12/site-packages/airflow/example_dags/example_display_name.py for tasks to queue
[2024-04-25T13:52:49.808+0000] {logging_mixin.py:188} INFO - [2024-04-25T13:52:49.808+0000] {dagbag.py:540} INFO - Filling up the DagBag from /home/airflow/.local/lib/python3.12/site-packages/airflow/example_dags/example_display_name.py
[2024-04-25T13:52:49.814+0000] {processor.py:840} INFO - DAG(s) 'example_display_name' retrieved from /home/airflow/.local/lib/python3.12/site-packages/airflow/example_dags/example_display_name.py
[2024-04-25T13:52:49.834+0000] {logging_mixin.py:188} INFO - [2024-04-25T13:52:49.834+0000] {dag.py:3096} INFO - Sync 1 DAGs
[2024-04-25T13:52:49.848+0000] {logging_mixin.py:188} INFO - [2024-04-25T13:52:49.848+0000] {dag.py:3954} INFO - Setting next_dagrun for example_display_name to None, run_after=None
[2024-04-25T13:52:49.868+0000] {processor.py:183} INFO - Processing /home/airflow/.local/lib/python3.12/site-packages/airflow/example_dags/example_display_name.py took 0.072 seconds
[2024-04-25T13:53:20.248+0000] {processor.py:161} INFO - Started process (PID=7589) to work on /home/airflow/.local/lib/python3.12/site-packages/airflow/example_dags/example_display_name.py
[2024-04-25T13:53:20.249+0000] {processor.py:830} INFO - Processing file /home/airflow/.local/lib/python3.12/site-packages/airflow/example_dags/example_display_name.py for tasks to queue
[2024-04-25T13:53:20.251+0000] {logging_mixin.py:188} INFO - [2024-04-25T13:53:20.251+0000] {dagbag.py:540} INFO - Filling up the DagBag from /home/airflow/.local/lib/python3.12/site-packages/airflow/example_dags/example_display_name.py
[2024-04-25T13:53:20.258+0000] {processor.py:840} INFO - DAG(s) 'example_display_name' retrieved from /home/airflow/.local/lib/python3.12/site-packages/airflow/example_dags/example_display_name.py
[2024-04-25T13:53:20.278+0000] {logging_mixin.py:188} INFO - [2024-04-25T13:53:20.278+0000] {dag.py:3096} INFO - Sync 1 DAGs
[2024-04-25T13:53:20.292+0000] {logging_mixin.py:188} INFO - [2024-04-25T13:53:20.291+0000] {dag.py:3954} INFO - Setting next_dagrun for example_display_name to None, run_after=None
[2024-04-25T13:53:20.312+0000] {processor.py:183} INFO - Processing /home/airflow/.local/lib/python3.12/site-packages/airflow/example_dags/example_display_name.py took 0.070 seconds
[2024-04-25T13:53:50.739+0000] {processor.py:161} INFO - Started process (PID=7851) to work on /home/airflow/.local/lib/python3.12/site-packages/airflow/example_dags/example_display_name.py
[2024-04-25T13:53:50.740+0000] {processor.py:830} INFO - Processing file /home/airflow/.local/lib/python3.12/site-packages/airflow/example_dags/example_display_name.py for tasks to queue
[2024-04-25T13:53:50.742+0000] {logging_mixin.py:188} INFO - [2024-04-25T13:53:50.742+0000] {dagbag.py:540} INFO - Filling up the DagBag from /home/airflow/.local/lib/python3.12/site-packages/airflow/example_dags/example_display_name.py
[2024-04-25T13:53:50.748+0000] {processor.py:840} INFO - DAG(s) 'example_display_name' retrieved from /home/airflow/.local/lib/python3.12/site-packages/airflow/example_dags/example_display_name.py
[2024-04-25T13:53:50.770+0000] {logging_mixin.py:188} INFO - [2024-04-25T13:53:50.769+0000] {dag.py:3096} INFO - Sync 1 DAGs
[2024-04-25T13:53:50.785+0000] {logging_mixin.py:188} INFO - [2024-04-25T13:53:50.785+0000] {dag.py:3954} INFO - Setting next_dagrun for example_display_name to None, run_after=None
[2024-04-25T13:53:50.806+0000] {processor.py:183} INFO - Processing /home/airflow/.local/lib/python3.12/site-packages/airflow/example_dags/example_display_name.py took 0.074 seconds
[2024-04-25T13:54:21.197+0000] {processor.py:161} INFO - Started process (PID=8113) to work on /home/airflow/.local/lib/python3.12/site-packages/airflow/example_dags/example_display_name.py
[2024-04-25T13:54:21.198+0000] {processor.py:830} INFO - Processing file /home/airflow/.local/lib/python3.12/site-packages/airflow/example_dags/example_display_name.py for tasks to queue
[2024-04-25T13:54:21.200+0000] {logging_mixin.py:188} INFO - [2024-04-25T13:54:21.200+0000] {dagbag.py:540} INFO - Filling up the DagBag from /home/airflow/.local/lib/python3.12/site-packages/airflow/example_dags/example_display_name.py
[2024-04-25T13:54:21.206+0000] {processor.py:840} INFO - DAG(s) 'example_display_name' retrieved from /home/airflow/.local/lib/python3.12/site-packages/airflow/example_dags/example_display_name.py
[2024-04-25T13:54:21.226+0000] {logging_mixin.py:188} INFO - [2024-04-25T13:54:21.226+0000] {dag.py:3096} INFO - Sync 1 DAGs
[2024-04-25T13:54:21.239+0000] {logging_mixin.py:188} INFO - [2024-04-25T13:54:21.239+0000] {dag.py:3954} INFO - Setting next_dagrun for example_display_name to None, run_after=None
[2024-04-25T13:54:21.259+0000] {processor.py:183} INFO - Processing /home/airflow/.local/lib/python3.12/site-packages/airflow/example_dags/example_display_name.py took 0.070 seconds
[2024-04-25T13:54:51.512+0000] {processor.py:161} INFO - Started process (PID=8375) to work on /home/airflow/.local/lib/python3.12/site-packages/airflow/example_dags/example_display_name.py
[2024-04-25T13:54:51.514+0000] {processor.py:830} INFO - Processing file /home/airflow/.local/lib/python3.12/site-packages/airflow/example_dags/example_display_name.py for tasks to queue
[2024-04-25T13:54:51.516+0000] {logging_mixin.py:188} INFO - [2024-04-25T13:54:51.515+0000] {dagbag.py:540} INFO - Filling up the DagBag from /home/airflow/.local/lib/python3.12/site-packages/airflow/example_dags/example_display_name.py
[2024-04-25T13:54:51.523+0000] {processor.py:840} INFO - DAG(s) 'example_display_name' retrieved from /home/airflow/.local/lib/python3.12/site-packages/airflow/example_dags/example_display_name.py
[2024-04-25T13:54:51.557+0000] {logging_mixin.py:188} INFO - [2024-04-25T13:54:51.556+0000] {dag.py:3096} INFO - Sync 1 DAGs
[2024-04-25T13:54:51.578+0000] {logging_mixin.py:188} INFO - [2024-04-25T13:54:51.577+0000] {dag.py:3954} INFO - Setting next_dagrun for example_display_name to None, run_after=None
[2024-04-25T13:54:51.605+0000] {processor.py:183} INFO - Processing /home/airflow/.local/lib/python3.12/site-packages/airflow/example_dags/example_display_name.py took 0.100 seconds
[2024-04-25T13:55:22.060+0000] {processor.py:161} INFO - Started process (PID=8640) to work on /home/airflow/.local/lib/python3.12/site-packages/airflow/example_dags/example_display_name.py
[2024-04-25T13:55:22.061+0000] {processor.py:830} INFO - Processing file /home/airflow/.local/lib/python3.12/site-packages/airflow/example_dags/example_display_name.py for tasks to queue
[2024-04-25T13:55:22.063+0000] {logging_mixin.py:188} INFO - [2024-04-25T13:55:22.063+0000] {dagbag.py:540} INFO - Filling up the DagBag from /home/airflow/.local/lib/python3.12/site-packages/airflow/example_dags/example_display_name.py
[2024-04-25T13:55:22.069+0000] {processor.py:840} INFO - DAG(s) 'example_display_name' retrieved from /home/airflow/.local/lib/python3.12/site-packages/airflow/example_dags/example_display_name.py
[2024-04-25T13:55:22.089+0000] {logging_mixin.py:188} INFO - [2024-04-25T13:55:22.089+0000] {dag.py:3096} INFO - Sync 1 DAGs
[2024-04-25T13:55:22.103+0000] {logging_mixin.py:188} INFO - [2024-04-25T13:55:22.103+0000] {dag.py:3954} INFO - Setting next_dagrun for example_display_name to None, run_after=None
[2024-04-25T13:55:22.122+0000] {processor.py:183} INFO - Processing /home/airflow/.local/lib/python3.12/site-packages/airflow/example_dags/example_display_name.py took 0.068 seconds
[2024-04-25T13:55:52.588+0000] {processor.py:161} INFO - Started process (PID=8900) to work on /home/airflow/.local/lib/python3.12/site-packages/airflow/example_dags/example_display_name.py
[2024-04-25T13:55:52.589+0000] {processor.py:830} INFO - Processing file /home/airflow/.local/lib/python3.12/site-packages/airflow/example_dags/example_display_name.py for tasks to queue
[2024-04-25T13:55:52.591+0000] {logging_mixin.py:188} INFO - [2024-04-25T13:55:52.591+0000] {dagbag.py:540} INFO - Filling up the DagBag from /home/airflow/.local/lib/python3.12/site-packages/airflow/example_dags/example_display_name.py
[2024-04-25T13:55:52.597+0000] {processor.py:840} INFO - DAG(s) 'example_display_name' retrieved from /home/airflow/.local/lib/python3.12/site-packages/airflow/example_dags/example_display_name.py
[2024-04-25T13:55:52.618+0000] {logging_mixin.py:188} INFO - [2024-04-25T13:55:52.618+0000] {dag.py:3096} INFO - Sync 1 DAGs
[2024-04-25T13:55:52.632+0000] {logging_mixin.py:188} INFO - [2024-04-25T13:55:52.632+0000] {dag.py:3954} INFO - Setting next_dagrun for example_display_name to None, run_after=None
[2024-04-25T13:55:52.653+0000] {processor.py:183} INFO - Processing /home/airflow/.local/lib/python3.12/site-packages/airflow/example_dags/example_display_name.py took 0.071 seconds
[2024-04-25T13:56:23.099+0000] {processor.py:161} INFO - Started process (PID=9162) to work on /home/airflow/.local/lib/python3.12/site-packages/airflow/example_dags/example_display_name.py
[2024-04-25T13:56:23.100+0000] {processor.py:830} INFO - Processing file /home/airflow/.local/lib/python3.12/site-packages/airflow/example_dags/example_display_name.py for tasks to queue
[2024-04-25T13:56:23.103+0000] {logging_mixin.py:188} INFO - [2024-04-25T13:56:23.103+0000] {dagbag.py:540} INFO - Filling up the DagBag from /home/airflow/.local/lib/python3.12/site-packages/airflow/example_dags/example_display_name.py
[2024-04-25T13:56:23.109+0000] {processor.py:840} INFO - DAG(s) 'example_display_name' retrieved from /home/airflow/.local/lib/python3.12/site-packages/airflow/example_dags/example_display_name.py
[2024-04-25T13:56:23.129+0000] {logging_mixin.py:188} INFO - [2024-04-25T13:56:23.129+0000] {dag.py:3096} INFO - Sync 1 DAGs
[2024-04-25T13:56:23.143+0000] {logging_mixin.py:188} INFO - [2024-04-25T13:56:23.142+0000] {dag.py:3954} INFO - Setting next_dagrun for example_display_name to None, run_after=None
[2024-04-25T13:56:23.163+0000] {processor.py:183} INFO - Processing /home/airflow/.local/lib/python3.12/site-packages/airflow/example_dags/example_display_name.py took 0.071 seconds
[2024-04-25T13:58:16.958+0000] {processor.py:161} INFO - Started process (PID=248) to work on /home/airflow/.local/lib/python3.12/site-packages/airflow/example_dags/example_display_name.py
[2024-04-25T13:58:16.959+0000] {processor.py:830} INFO - Processing file /home/airflow/.local/lib/python3.12/site-packages/airflow/example_dags/example_display_name.py for tasks to queue
[2024-04-25T13:58:16.961+0000] {logging_mixin.py:188} INFO - [2024-04-25T13:58:16.961+0000] {dagbag.py:540} INFO - Filling up the DagBag from /home/airflow/.local/lib/python3.12/site-packages/airflow/example_dags/example_display_name.py
[2024-04-25T13:58:16.972+0000] {processor.py:840} INFO - DAG(s) 'example_display_name' retrieved from /home/airflow/.local/lib/python3.12/site-packages/airflow/example_dags/example_display_name.py
[2024-04-25T13:58:16.986+0000] {logging_mixin.py:188} INFO - [2024-04-25T13:58:16.985+0000] {dag.py:3096} INFO - Sync 1 DAGs
[2024-04-25T13:58:17.002+0000] {logging_mixin.py:188} INFO - [2024-04-25T13:58:17.002+0000] {dag.py:3954} INFO - Setting next_dagrun for example_display_name to None, run_after=None
[2024-04-25T13:58:17.025+0000] {processor.py:183} INFO - Processing /home/airflow/.local/lib/python3.12/site-packages/airflow/example_dags/example_display_name.py took 0.074 seconds
[2024-04-25T13:58:48.184+0000] {processor.py:161} INFO - Started process (PID=509) to work on /home/airflow/.local/lib/python3.12/site-packages/airflow/example_dags/example_display_name.py
[2024-04-25T13:58:48.185+0000] {processor.py:830} INFO - Processing file /home/airflow/.local/lib/python3.12/site-packages/airflow/example_dags/example_display_name.py for tasks to queue
[2024-04-25T13:58:48.188+0000] {logging_mixin.py:188} INFO - [2024-04-25T13:58:48.187+0000] {dagbag.py:540} INFO - Filling up the DagBag from /home/airflow/.local/lib/python3.12/site-packages/airflow/example_dags/example_display_name.py
[2024-04-25T13:58:48.195+0000] {processor.py:840} INFO - DAG(s) 'example_display_name' retrieved from /home/airflow/.local/lib/python3.12/site-packages/airflow/example_dags/example_display_name.py
[2024-04-25T13:58:48.321+0000] {logging_mixin.py:188} INFO - [2024-04-25T13:58:48.320+0000] {dag.py:3096} INFO - Sync 1 DAGs
[2024-04-25T13:58:48.335+0000] {logging_mixin.py:188} INFO - [2024-04-25T13:58:48.335+0000] {dag.py:3954} INFO - Setting next_dagrun for example_display_name to None, run_after=None
[2024-04-25T13:58:48.357+0000] {processor.py:183} INFO - Processing /home/airflow/.local/lib/python3.12/site-packages/airflow/example_dags/example_display_name.py took 0.184 seconds
