[2024-04-25T13:39:08.564+0000] {processor.py:161} INFO - Started process (PID=333) to work on /home/airflow/.local/lib/python3.12/site-packages/airflow/example_dags/example_sla_dag.py
[2024-04-25T13:39:08.566+0000] {processor.py:830} INFO - Processing file /home/airflow/.local/lib/python3.12/site-packages/airflow/example_dags/example_sla_dag.py for tasks to queue
[2024-04-25T13:39:08.569+0000] {logging_mixin.py:188} INFO - [2024-04-25T13:39:08.568+0000] {dagbag.py:540} INFO - Filling up the DagBag from /home/airflow/.local/lib/python3.12/site-packages/airflow/example_dags/example_sla_dag.py
[2024-04-25T13:39:08.587+0000] {processor.py:840} INFO - DAG(s) 'example_sla_dag' retrieved from /home/airflow/.local/lib/python3.12/site-packages/airflow/example_dags/example_sla_dag.py
[2024-04-25T13:39:08.751+0000] {logging_mixin.py:188} INFO - [2024-04-25T13:39:08.750+0000] {dag.py:3096} INFO - Sync 1 DAGs
[2024-04-25T13:39:08.787+0000] {logging_mixin.py:188} INFO - [2024-04-25T13:39:08.787+0000] {dag.py:3954} INFO - Setting next_dagrun for example_sla_dag to 2024-04-25 13:36:00+00:00, run_after=2024-04-25 13:38:00+00:00
[2024-04-25T13:39:08.817+0000] {processor.py:183} INFO - Processing /home/airflow/.local/lib/python3.12/site-packages/airflow/example_dags/example_sla_dag.py took 0.261 seconds
[2024-04-25T13:39:39.163+0000] {processor.py:161} INFO - Started process (PID=595) to work on /home/airflow/.local/lib/python3.12/site-packages/airflow/example_dags/example_sla_dag.py
[2024-04-25T13:39:39.164+0000] {processor.py:830} INFO - Processing file /home/airflow/.local/lib/python3.12/site-packages/airflow/example_dags/example_sla_dag.py for tasks to queue
[2024-04-25T13:39:39.167+0000] {logging_mixin.py:188} INFO - [2024-04-25T13:39:39.167+0000] {dagbag.py:540} INFO - Filling up the DagBag from /home/airflow/.local/lib/python3.12/site-packages/airflow/example_dags/example_sla_dag.py
[2024-04-25T13:39:39.180+0000] {processor.py:840} INFO - DAG(s) 'example_sla_dag' retrieved from /home/airflow/.local/lib/python3.12/site-packages/airflow/example_dags/example_sla_dag.py
[2024-04-25T13:39:39.211+0000] {logging_mixin.py:188} INFO - [2024-04-25T13:39:39.211+0000] {dag.py:3096} INFO - Sync 1 DAGs
[2024-04-25T13:39:39.249+0000] {logging_mixin.py:188} INFO - [2024-04-25T13:39:39.249+0000] {dag.py:3954} INFO - Setting next_dagrun for example_sla_dag to 2024-04-25 13:36:00+00:00, run_after=2024-04-25 13:38:00+00:00
[2024-04-25T13:39:39.278+0000] {processor.py:183} INFO - Processing /home/airflow/.local/lib/python3.12/site-packages/airflow/example_dags/example_sla_dag.py took 0.124 seconds
[2024-04-25T13:40:09.328+0000] {processor.py:161} INFO - Started process (PID=857) to work on /home/airflow/.local/lib/python3.12/site-packages/airflow/example_dags/example_sla_dag.py
[2024-04-25T13:40:09.329+0000] {processor.py:830} INFO - Processing file /home/airflow/.local/lib/python3.12/site-packages/airflow/example_dags/example_sla_dag.py for tasks to queue
[2024-04-25T13:40:09.331+0000] {logging_mixin.py:188} INFO - [2024-04-25T13:40:09.331+0000] {dagbag.py:540} INFO - Filling up the DagBag from /home/airflow/.local/lib/python3.12/site-packages/airflow/example_dags/example_sla_dag.py
[2024-04-25T13:40:09.342+0000] {processor.py:840} INFO - DAG(s) 'example_sla_dag' retrieved from /home/airflow/.local/lib/python3.12/site-packages/airflow/example_dags/example_sla_dag.py
[2024-04-25T13:40:09.363+0000] {logging_mixin.py:188} INFO - [2024-04-25T13:40:09.363+0000] {dag.py:3096} INFO - Sync 1 DAGs
[2024-04-25T13:40:09.388+0000] {logging_mixin.py:188} INFO - [2024-04-25T13:40:09.388+0000] {dag.py:3954} INFO - Setting next_dagrun for example_sla_dag to 2024-04-25 13:38:00+00:00, run_after=2024-04-25 13:40:00+00:00
[2024-04-25T13:40:09.407+0000] {processor.py:183} INFO - Processing /home/airflow/.local/lib/python3.12/site-packages/airflow/example_dags/example_sla_dag.py took 0.086 seconds
[2024-04-25T13:40:39.522+0000] {processor.py:161} INFO - Started process (PID=1119) to work on /home/airflow/.local/lib/python3.12/site-packages/airflow/example_dags/example_sla_dag.py
[2024-04-25T13:40:39.524+0000] {processor.py:830} INFO - Processing file /home/airflow/.local/lib/python3.12/site-packages/airflow/example_dags/example_sla_dag.py for tasks to queue
[2024-04-25T13:40:39.526+0000] {logging_mixin.py:188} INFO - [2024-04-25T13:40:39.526+0000] {dagbag.py:540} INFO - Filling up the DagBag from /home/airflow/.local/lib/python3.12/site-packages/airflow/example_dags/example_sla_dag.py
[2024-04-25T13:40:39.535+0000] {processor.py:840} INFO - DAG(s) 'example_sla_dag' retrieved from /home/airflow/.local/lib/python3.12/site-packages/airflow/example_dags/example_sla_dag.py
[2024-04-25T13:40:39.555+0000] {logging_mixin.py:188} INFO - [2024-04-25T13:40:39.555+0000] {dag.py:3096} INFO - Sync 1 DAGs
[2024-04-25T13:40:39.581+0000] {logging_mixin.py:188} INFO - [2024-04-25T13:40:39.581+0000] {dag.py:3954} INFO - Setting next_dagrun for example_sla_dag to 2024-04-25 13:38:00+00:00, run_after=2024-04-25 13:40:00+00:00
[2024-04-25T13:40:39.601+0000] {processor.py:183} INFO - Processing /home/airflow/.local/lib/python3.12/site-packages/airflow/example_dags/example_sla_dag.py took 0.085 seconds
[2024-04-25T13:41:10.206+0000] {processor.py:161} INFO - Started process (PID=1381) to work on /home/airflow/.local/lib/python3.12/site-packages/airflow/example_dags/example_sla_dag.py
[2024-04-25T13:41:10.207+0000] {processor.py:830} INFO - Processing file /home/airflow/.local/lib/python3.12/site-packages/airflow/example_dags/example_sla_dag.py for tasks to queue
[2024-04-25T13:41:10.210+0000] {logging_mixin.py:188} INFO - [2024-04-25T13:41:10.209+0000] {dagbag.py:540} INFO - Filling up the DagBag from /home/airflow/.local/lib/python3.12/site-packages/airflow/example_dags/example_sla_dag.py
[2024-04-25T13:41:10.220+0000] {processor.py:840} INFO - DAG(s) 'example_sla_dag' retrieved from /home/airflow/.local/lib/python3.12/site-packages/airflow/example_dags/example_sla_dag.py
[2024-04-25T13:41:10.242+0000] {logging_mixin.py:188} INFO - [2024-04-25T13:41:10.242+0000] {dag.py:3096} INFO - Sync 1 DAGs
[2024-04-25T13:41:10.270+0000] {logging_mixin.py:188} INFO - [2024-04-25T13:41:10.269+0000] {dag.py:3954} INFO - Setting next_dagrun for example_sla_dag to 2024-04-25 13:38:00+00:00, run_after=2024-04-25 13:40:00+00:00
[2024-04-25T13:41:10.289+0000] {processor.py:183} INFO - Processing /home/airflow/.local/lib/python3.12/site-packages/airflow/example_dags/example_sla_dag.py took 0.089 seconds
[2024-04-25T13:41:40.960+0000] {processor.py:161} INFO - Started process (PID=1643) to work on /home/airflow/.local/lib/python3.12/site-packages/airflow/example_dags/example_sla_dag.py
[2024-04-25T13:41:40.962+0000] {processor.py:830} INFO - Processing file /home/airflow/.local/lib/python3.12/site-packages/airflow/example_dags/example_sla_dag.py for tasks to queue
[2024-04-25T13:41:40.964+0000] {logging_mixin.py:188} INFO - [2024-04-25T13:41:40.964+0000] {dagbag.py:540} INFO - Filling up the DagBag from /home/airflow/.local/lib/python3.12/site-packages/airflow/example_dags/example_sla_dag.py
[2024-04-25T13:41:40.973+0000] {processor.py:840} INFO - DAG(s) 'example_sla_dag' retrieved from /home/airflow/.local/lib/python3.12/site-packages/airflow/example_dags/example_sla_dag.py
[2024-04-25T13:41:40.998+0000] {logging_mixin.py:188} INFO - [2024-04-25T13:41:40.998+0000] {dag.py:3096} INFO - Sync 1 DAGs
[2024-04-25T13:41:41.026+0000] {logging_mixin.py:188} INFO - [2024-04-25T13:41:41.026+0000] {dag.py:3954} INFO - Setting next_dagrun for example_sla_dag to 2024-04-25 13:38:00+00:00, run_after=2024-04-25 13:40:00+00:00
[2024-04-25T13:41:41.048+0000] {processor.py:183} INFO - Processing /home/airflow/.local/lib/python3.12/site-packages/airflow/example_dags/example_sla_dag.py took 0.093 seconds
[2024-04-25T13:42:11.177+0000] {processor.py:161} INFO - Started process (PID=1905) to work on /home/airflow/.local/lib/python3.12/site-packages/airflow/example_dags/example_sla_dag.py
[2024-04-25T13:42:11.179+0000] {processor.py:830} INFO - Processing file /home/airflow/.local/lib/python3.12/site-packages/airflow/example_dags/example_sla_dag.py for tasks to queue
[2024-04-25T13:42:11.181+0000] {logging_mixin.py:188} INFO - [2024-04-25T13:42:11.180+0000] {dagbag.py:540} INFO - Filling up the DagBag from /home/airflow/.local/lib/python3.12/site-packages/airflow/example_dags/example_sla_dag.py
[2024-04-25T13:42:11.189+0000] {processor.py:840} INFO - DAG(s) 'example_sla_dag' retrieved from /home/airflow/.local/lib/python3.12/site-packages/airflow/example_dags/example_sla_dag.py
[2024-04-25T13:42:11.210+0000] {logging_mixin.py:188} INFO - [2024-04-25T13:42:11.210+0000] {dag.py:3096} INFO - Sync 1 DAGs
[2024-04-25T13:42:11.237+0000] {logging_mixin.py:188} INFO - [2024-04-25T13:42:11.237+0000] {dag.py:3954} INFO - Setting next_dagrun for example_sla_dag to 2024-04-25 13:40:00+00:00, run_after=2024-04-25 13:42:00+00:00
[2024-04-25T13:42:11.257+0000] {processor.py:183} INFO - Processing /home/airflow/.local/lib/python3.12/site-packages/airflow/example_dags/example_sla_dag.py took 0.086 seconds
[2024-04-25T13:42:41.505+0000] {processor.py:161} INFO - Started process (PID=2167) to work on /home/airflow/.local/lib/python3.12/site-packages/airflow/example_dags/example_sla_dag.py
[2024-04-25T13:42:41.506+0000] {processor.py:830} INFO - Processing file /home/airflow/.local/lib/python3.12/site-packages/airflow/example_dags/example_sla_dag.py for tasks to queue
[2024-04-25T13:42:41.508+0000] {logging_mixin.py:188} INFO - [2024-04-25T13:42:41.507+0000] {dagbag.py:540} INFO - Filling up the DagBag from /home/airflow/.local/lib/python3.12/site-packages/airflow/example_dags/example_sla_dag.py
[2024-04-25T13:42:41.516+0000] {processor.py:840} INFO - DAG(s) 'example_sla_dag' retrieved from /home/airflow/.local/lib/python3.12/site-packages/airflow/example_dags/example_sla_dag.py
[2024-04-25T13:42:41.538+0000] {logging_mixin.py:188} INFO - [2024-04-25T13:42:41.538+0000] {dag.py:3096} INFO - Sync 1 DAGs
[2024-04-25T13:42:41.566+0000] {logging_mixin.py:188} INFO - [2024-04-25T13:42:41.565+0000] {dag.py:3954} INFO - Setting next_dagrun for example_sla_dag to 2024-04-25 13:40:00+00:00, run_after=2024-04-25 13:42:00+00:00
[2024-04-25T13:42:41.588+0000] {processor.py:183} INFO - Processing /home/airflow/.local/lib/python3.12/site-packages/airflow/example_dags/example_sla_dag.py took 0.091 seconds
[2024-04-25T13:43:12.024+0000] {processor.py:161} INFO - Started process (PID=2429) to work on /home/airflow/.local/lib/python3.12/site-packages/airflow/example_dags/example_sla_dag.py
[2024-04-25T13:43:12.025+0000] {processor.py:830} INFO - Processing file /home/airflow/.local/lib/python3.12/site-packages/airflow/example_dags/example_sla_dag.py for tasks to queue
[2024-04-25T13:43:12.027+0000] {logging_mixin.py:188} INFO - [2024-04-25T13:43:12.027+0000] {dagbag.py:540} INFO - Filling up the DagBag from /home/airflow/.local/lib/python3.12/site-packages/airflow/example_dags/example_sla_dag.py
[2024-04-25T13:43:12.036+0000] {processor.py:840} INFO - DAG(s) 'example_sla_dag' retrieved from /home/airflow/.local/lib/python3.12/site-packages/airflow/example_dags/example_sla_dag.py
[2024-04-25T13:43:12.058+0000] {logging_mixin.py:188} INFO - [2024-04-25T13:43:12.058+0000] {dag.py:3096} INFO - Sync 1 DAGs
[2024-04-25T13:43:12.087+0000] {logging_mixin.py:188} INFO - [2024-04-25T13:43:12.087+0000] {dag.py:3954} INFO - Setting next_dagrun for example_sla_dag to 2024-04-25 13:40:00+00:00, run_after=2024-04-25 13:42:00+00:00
[2024-04-25T13:43:12.112+0000] {processor.py:183} INFO - Processing /home/airflow/.local/lib/python3.12/site-packages/airflow/example_dags/example_sla_dag.py took 0.095 seconds
[2024-04-25T13:43:42.496+0000] {processor.py:161} INFO - Started process (PID=2691) to work on /home/airflow/.local/lib/python3.12/site-packages/airflow/example_dags/example_sla_dag.py
[2024-04-25T13:43:42.497+0000] {processor.py:830} INFO - Processing file /home/airflow/.local/lib/python3.12/site-packages/airflow/example_dags/example_sla_dag.py for tasks to queue
[2024-04-25T13:43:42.499+0000] {logging_mixin.py:188} INFO - [2024-04-25T13:43:42.498+0000] {dagbag.py:540} INFO - Filling up the DagBag from /home/airflow/.local/lib/python3.12/site-packages/airflow/example_dags/example_sla_dag.py
[2024-04-25T13:43:42.509+0000] {processor.py:840} INFO - DAG(s) 'example_sla_dag' retrieved from /home/airflow/.local/lib/python3.12/site-packages/airflow/example_dags/example_sla_dag.py
[2024-04-25T13:43:42.529+0000] {logging_mixin.py:188} INFO - [2024-04-25T13:43:42.528+0000] {dag.py:3096} INFO - Sync 1 DAGs
[2024-04-25T13:43:42.555+0000] {logging_mixin.py:188} INFO - [2024-04-25T13:43:42.554+0000] {dag.py:3954} INFO - Setting next_dagrun for example_sla_dag to 2024-04-25 13:40:00+00:00, run_after=2024-04-25 13:42:00+00:00
[2024-04-25T13:43:42.576+0000] {processor.py:183} INFO - Processing /home/airflow/.local/lib/python3.12/site-packages/airflow/example_dags/example_sla_dag.py took 0.087 seconds
[2024-04-25T13:44:12.859+0000] {processor.py:161} INFO - Started process (PID=2953) to work on /home/airflow/.local/lib/python3.12/site-packages/airflow/example_dags/example_sla_dag.py
[2024-04-25T13:44:12.860+0000] {processor.py:830} INFO - Processing file /home/airflow/.local/lib/python3.12/site-packages/airflow/example_dags/example_sla_dag.py for tasks to queue
[2024-04-25T13:44:12.862+0000] {logging_mixin.py:188} INFO - [2024-04-25T13:44:12.862+0000] {dagbag.py:540} INFO - Filling up the DagBag from /home/airflow/.local/lib/python3.12/site-packages/airflow/example_dags/example_sla_dag.py
[2024-04-25T13:44:12.873+0000] {processor.py:840} INFO - DAG(s) 'example_sla_dag' retrieved from /home/airflow/.local/lib/python3.12/site-packages/airflow/example_dags/example_sla_dag.py
[2024-04-25T13:44:12.893+0000] {logging_mixin.py:188} INFO - [2024-04-25T13:44:12.893+0000] {dag.py:3096} INFO - Sync 1 DAGs
[2024-04-25T13:44:12.918+0000] {logging_mixin.py:188} INFO - [2024-04-25T13:44:12.917+0000] {dag.py:3954} INFO - Setting next_dagrun for example_sla_dag to 2024-04-25 13:42:00+00:00, run_after=2024-04-25 13:44:00+00:00
[2024-04-25T13:44:12.938+0000] {processor.py:183} INFO - Processing /home/airflow/.local/lib/python3.12/site-packages/airflow/example_dags/example_sla_dag.py took 0.085 seconds
[2024-04-25T13:44:43.354+0000] {processor.py:161} INFO - Started process (PID=3215) to work on /home/airflow/.local/lib/python3.12/site-packages/airflow/example_dags/example_sla_dag.py
[2024-04-25T13:44:43.355+0000] {processor.py:830} INFO - Processing file /home/airflow/.local/lib/python3.12/site-packages/airflow/example_dags/example_sla_dag.py for tasks to queue
[2024-04-25T13:44:43.357+0000] {logging_mixin.py:188} INFO - [2024-04-25T13:44:43.357+0000] {dagbag.py:540} INFO - Filling up the DagBag from /home/airflow/.local/lib/python3.12/site-packages/airflow/example_dags/example_sla_dag.py
[2024-04-25T13:44:43.367+0000] {processor.py:840} INFO - DAG(s) 'example_sla_dag' retrieved from /home/airflow/.local/lib/python3.12/site-packages/airflow/example_dags/example_sla_dag.py
[2024-04-25T13:44:43.387+0000] {logging_mixin.py:188} INFO - [2024-04-25T13:44:43.387+0000] {dag.py:3096} INFO - Sync 1 DAGs
[2024-04-25T13:44:43.413+0000] {logging_mixin.py:188} INFO - [2024-04-25T13:44:43.413+0000] {dag.py:3954} INFO - Setting next_dagrun for example_sla_dag to 2024-04-25 13:42:00+00:00, run_after=2024-04-25 13:44:00+00:00
[2024-04-25T13:44:43.433+0000] {processor.py:183} INFO - Processing /home/airflow/.local/lib/python3.12/site-packages/airflow/example_dags/example_sla_dag.py took 0.085 seconds
[2024-04-25T13:45:14.038+0000] {processor.py:161} INFO - Started process (PID=3477) to work on /home/airflow/.local/lib/python3.12/site-packages/airflow/example_dags/example_sla_dag.py
[2024-04-25T13:45:14.040+0000] {processor.py:830} INFO - Processing file /home/airflow/.local/lib/python3.12/site-packages/airflow/example_dags/example_sla_dag.py for tasks to queue
[2024-04-25T13:45:14.042+0000] {logging_mixin.py:188} INFO - [2024-04-25T13:45:14.042+0000] {dagbag.py:540} INFO - Filling up the DagBag from /home/airflow/.local/lib/python3.12/site-packages/airflow/example_dags/example_sla_dag.py
[2024-04-25T13:45:14.051+0000] {processor.py:840} INFO - DAG(s) 'example_sla_dag' retrieved from /home/airflow/.local/lib/python3.12/site-packages/airflow/example_dags/example_sla_dag.py
[2024-04-25T13:45:14.073+0000] {logging_mixin.py:188} INFO - [2024-04-25T13:45:14.073+0000] {dag.py:3096} INFO - Sync 1 DAGs
[2024-04-25T13:45:14.105+0000] {logging_mixin.py:188} INFO - [2024-04-25T13:45:14.105+0000] {dag.py:3954} INFO - Setting next_dagrun for example_sla_dag to 2024-04-25 13:42:00+00:00, run_after=2024-04-25 13:44:00+00:00
[2024-04-25T13:45:14.127+0000] {processor.py:183} INFO - Processing /home/airflow/.local/lib/python3.12/site-packages/airflow/example_dags/example_sla_dag.py took 0.095 seconds
[2024-04-25T13:45:44.324+0000] {processor.py:161} INFO - Started process (PID=3739) to work on /home/airflow/.local/lib/python3.12/site-packages/airflow/example_dags/example_sla_dag.py
[2024-04-25T13:45:44.325+0000] {processor.py:830} INFO - Processing file /home/airflow/.local/lib/python3.12/site-packages/airflow/example_dags/example_sla_dag.py for tasks to queue
[2024-04-25T13:45:44.329+0000] {logging_mixin.py:188} INFO - [2024-04-25T13:45:44.328+0000] {dagbag.py:540} INFO - Filling up the DagBag from /home/airflow/.local/lib/python3.12/site-packages/airflow/example_dags/example_sla_dag.py
[2024-04-25T13:45:44.339+0000] {processor.py:840} INFO - DAG(s) 'example_sla_dag' retrieved from /home/airflow/.local/lib/python3.12/site-packages/airflow/example_dags/example_sla_dag.py
[2024-04-25T13:45:44.362+0000] {logging_mixin.py:188} INFO - [2024-04-25T13:45:44.362+0000] {dag.py:3096} INFO - Sync 1 DAGs
[2024-04-25T13:45:44.389+0000] {logging_mixin.py:188} INFO - [2024-04-25T13:45:44.389+0000] {dag.py:3954} INFO - Setting next_dagrun for example_sla_dag to 2024-04-25 13:42:00+00:00, run_after=2024-04-25 13:44:00+00:00
[2024-04-25T13:45:44.413+0000] {processor.py:183} INFO - Processing /home/airflow/.local/lib/python3.12/site-packages/airflow/example_dags/example_sla_dag.py took 0.095 seconds
[2024-04-25T13:46:15.183+0000] {processor.py:161} INFO - Started process (PID=4001) to work on /home/airflow/.local/lib/python3.12/site-packages/airflow/example_dags/example_sla_dag.py
[2024-04-25T13:46:15.184+0000] {processor.py:830} INFO - Processing file /home/airflow/.local/lib/python3.12/site-packages/airflow/example_dags/example_sla_dag.py for tasks to queue
[2024-04-25T13:46:15.186+0000] {logging_mixin.py:188} INFO - [2024-04-25T13:46:15.186+0000] {dagbag.py:540} INFO - Filling up the DagBag from /home/airflow/.local/lib/python3.12/site-packages/airflow/example_dags/example_sla_dag.py
[2024-04-25T13:46:15.194+0000] {processor.py:840} INFO - DAG(s) 'example_sla_dag' retrieved from /home/airflow/.local/lib/python3.12/site-packages/airflow/example_dags/example_sla_dag.py
[2024-04-25T13:46:15.214+0000] {logging_mixin.py:188} INFO - [2024-04-25T13:46:15.214+0000] {dag.py:3096} INFO - Sync 1 DAGs
[2024-04-25T13:46:15.243+0000] {logging_mixin.py:188} INFO - [2024-04-25T13:46:15.243+0000] {dag.py:3954} INFO - Setting next_dagrun for example_sla_dag to 2024-04-25 13:44:00+00:00, run_after=2024-04-25 13:46:00+00:00
[2024-04-25T13:46:15.263+0000] {processor.py:183} INFO - Processing /home/airflow/.local/lib/python3.12/site-packages/airflow/example_dags/example_sla_dag.py took 0.087 seconds
[2024-04-25T13:46:45.608+0000] {processor.py:161} INFO - Started process (PID=4263) to work on /home/airflow/.local/lib/python3.12/site-packages/airflow/example_dags/example_sla_dag.py
[2024-04-25T13:46:45.609+0000] {processor.py:830} INFO - Processing file /home/airflow/.local/lib/python3.12/site-packages/airflow/example_dags/example_sla_dag.py for tasks to queue
[2024-04-25T13:46:45.611+0000] {logging_mixin.py:188} INFO - [2024-04-25T13:46:45.611+0000] {dagbag.py:540} INFO - Filling up the DagBag from /home/airflow/.local/lib/python3.12/site-packages/airflow/example_dags/example_sla_dag.py
[2024-04-25T13:46:45.621+0000] {processor.py:840} INFO - DAG(s) 'example_sla_dag' retrieved from /home/airflow/.local/lib/python3.12/site-packages/airflow/example_dags/example_sla_dag.py
[2024-04-25T13:46:45.642+0000] {logging_mixin.py:188} INFO - [2024-04-25T13:46:45.642+0000] {dag.py:3096} INFO - Sync 1 DAGs
[2024-04-25T13:46:45.669+0000] {logging_mixin.py:188} INFO - [2024-04-25T13:46:45.669+0000] {dag.py:3954} INFO - Setting next_dagrun for example_sla_dag to 2024-04-25 13:44:00+00:00, run_after=2024-04-25 13:46:00+00:00
[2024-04-25T13:46:45.690+0000] {processor.py:183} INFO - Processing /home/airflow/.local/lib/python3.12/site-packages/airflow/example_dags/example_sla_dag.py took 0.090 seconds
[2024-04-25T13:47:16.122+0000] {processor.py:161} INFO - Started process (PID=4525) to work on /home/airflow/.local/lib/python3.12/site-packages/airflow/example_dags/example_sla_dag.py
[2024-04-25T13:47:16.123+0000] {processor.py:830} INFO - Processing file /home/airflow/.local/lib/python3.12/site-packages/airflow/example_dags/example_sla_dag.py for tasks to queue
[2024-04-25T13:47:16.125+0000] {logging_mixin.py:188} INFO - [2024-04-25T13:47:16.125+0000] {dagbag.py:540} INFO - Filling up the DagBag from /home/airflow/.local/lib/python3.12/site-packages/airflow/example_dags/example_sla_dag.py
[2024-04-25T13:47:16.133+0000] {processor.py:840} INFO - DAG(s) 'example_sla_dag' retrieved from /home/airflow/.local/lib/python3.12/site-packages/airflow/example_dags/example_sla_dag.py
[2024-04-25T13:47:16.151+0000] {logging_mixin.py:188} INFO - [2024-04-25T13:47:16.151+0000] {dag.py:3096} INFO - Sync 1 DAGs
[2024-04-25T13:47:16.175+0000] {logging_mixin.py:188} INFO - [2024-04-25T13:47:16.175+0000] {dag.py:3954} INFO - Setting next_dagrun for example_sla_dag to 2024-04-25 13:44:00+00:00, run_after=2024-04-25 13:46:00+00:00
[2024-04-25T13:47:16.194+0000] {processor.py:183} INFO - Processing /home/airflow/.local/lib/python3.12/site-packages/airflow/example_dags/example_sla_dag.py took 0.079 seconds
[2024-04-25T13:47:46.422+0000] {processor.py:161} INFO - Started process (PID=4787) to work on /home/airflow/.local/lib/python3.12/site-packages/airflow/example_dags/example_sla_dag.py
[2024-04-25T13:47:46.423+0000] {processor.py:830} INFO - Processing file /home/airflow/.local/lib/python3.12/site-packages/airflow/example_dags/example_sla_dag.py for tasks to queue
[2024-04-25T13:47:46.425+0000] {logging_mixin.py:188} INFO - [2024-04-25T13:47:46.424+0000] {dagbag.py:540} INFO - Filling up the DagBag from /home/airflow/.local/lib/python3.12/site-packages/airflow/example_dags/example_sla_dag.py
[2024-04-25T13:47:46.434+0000] {processor.py:840} INFO - DAG(s) 'example_sla_dag' retrieved from /home/airflow/.local/lib/python3.12/site-packages/airflow/example_dags/example_sla_dag.py
[2024-04-25T13:47:46.458+0000] {logging_mixin.py:188} INFO - [2024-04-25T13:47:46.458+0000] {dag.py:3096} INFO - Sync 1 DAGs
[2024-04-25T13:47:46.482+0000] {logging_mixin.py:188} INFO - [2024-04-25T13:47:46.482+0000] {dag.py:3954} INFO - Setting next_dagrun for example_sla_dag to 2024-04-25 13:44:00+00:00, run_after=2024-04-25 13:46:00+00:00
[2024-04-25T13:47:46.501+0000] {processor.py:183} INFO - Processing /home/airflow/.local/lib/python3.12/site-packages/airflow/example_dags/example_sla_dag.py took 0.085 seconds
[2024-04-25T13:48:16.889+0000] {processor.py:161} INFO - Started process (PID=5049) to work on /home/airflow/.local/lib/python3.12/site-packages/airflow/example_dags/example_sla_dag.py
[2024-04-25T13:48:16.890+0000] {processor.py:830} INFO - Processing file /home/airflow/.local/lib/python3.12/site-packages/airflow/example_dags/example_sla_dag.py for tasks to queue
[2024-04-25T13:48:16.892+0000] {logging_mixin.py:188} INFO - [2024-04-25T13:48:16.892+0000] {dagbag.py:540} INFO - Filling up the DagBag from /home/airflow/.local/lib/python3.12/site-packages/airflow/example_dags/example_sla_dag.py
[2024-04-25T13:48:16.903+0000] {processor.py:840} INFO - DAG(s) 'example_sla_dag' retrieved from /home/airflow/.local/lib/python3.12/site-packages/airflow/example_dags/example_sla_dag.py
[2024-04-25T13:48:16.926+0000] {logging_mixin.py:188} INFO - [2024-04-25T13:48:16.925+0000] {dag.py:3096} INFO - Sync 1 DAGs
[2024-04-25T13:48:16.953+0000] {logging_mixin.py:188} INFO - [2024-04-25T13:48:16.952+0000] {dag.py:3954} INFO - Setting next_dagrun for example_sla_dag to 2024-04-25 13:46:00+00:00, run_after=2024-04-25 13:48:00+00:00
[2024-04-25T13:48:16.973+0000] {processor.py:183} INFO - Processing /home/airflow/.local/lib/python3.12/site-packages/airflow/example_dags/example_sla_dag.py took 0.091 seconds
[2024-04-25T13:48:47.599+0000] {processor.py:161} INFO - Started process (PID=5313) to work on /home/airflow/.local/lib/python3.12/site-packages/airflow/example_dags/example_sla_dag.py
[2024-04-25T13:48:47.601+0000] {processor.py:830} INFO - Processing file /home/airflow/.local/lib/python3.12/site-packages/airflow/example_dags/example_sla_dag.py for tasks to queue
[2024-04-25T13:48:47.603+0000] {logging_mixin.py:188} INFO - [2024-04-25T13:48:47.603+0000] {dagbag.py:540} INFO - Filling up the DagBag from /home/airflow/.local/lib/python3.12/site-packages/airflow/example_dags/example_sla_dag.py
[2024-04-25T13:48:47.613+0000] {processor.py:840} INFO - DAG(s) 'example_sla_dag' retrieved from /home/airflow/.local/lib/python3.12/site-packages/airflow/example_dags/example_sla_dag.py
[2024-04-25T13:48:47.635+0000] {logging_mixin.py:188} INFO - [2024-04-25T13:48:47.635+0000] {dag.py:3096} INFO - Sync 1 DAGs
[2024-04-25T13:48:47.662+0000] {logging_mixin.py:188} INFO - [2024-04-25T13:48:47.662+0000] {dag.py:3954} INFO - Setting next_dagrun for example_sla_dag to 2024-04-25 13:46:00+00:00, run_after=2024-04-25 13:48:00+00:00
[2024-04-25T13:48:47.683+0000] {processor.py:183} INFO - Processing /home/airflow/.local/lib/python3.12/site-packages/airflow/example_dags/example_sla_dag.py took 0.089 seconds
[2024-04-25T13:49:17.811+0000] {processor.py:161} INFO - Started process (PID=5575) to work on /home/airflow/.local/lib/python3.12/site-packages/airflow/example_dags/example_sla_dag.py
[2024-04-25T13:49:17.813+0000] {processor.py:830} INFO - Processing file /home/airflow/.local/lib/python3.12/site-packages/airflow/example_dags/example_sla_dag.py for tasks to queue
[2024-04-25T13:49:17.815+0000] {logging_mixin.py:188} INFO - [2024-04-25T13:49:17.814+0000] {dagbag.py:540} INFO - Filling up the DagBag from /home/airflow/.local/lib/python3.12/site-packages/airflow/example_dags/example_sla_dag.py
[2024-04-25T13:49:17.823+0000] {processor.py:840} INFO - DAG(s) 'example_sla_dag' retrieved from /home/airflow/.local/lib/python3.12/site-packages/airflow/example_dags/example_sla_dag.py
[2024-04-25T13:49:17.844+0000] {logging_mixin.py:188} INFO - [2024-04-25T13:49:17.843+0000] {dag.py:3096} INFO - Sync 1 DAGs
[2024-04-25T13:49:17.868+0000] {logging_mixin.py:188} INFO - [2024-04-25T13:49:17.868+0000] {dag.py:3954} INFO - Setting next_dagrun for example_sla_dag to 2024-04-25 13:46:00+00:00, run_after=2024-04-25 13:48:00+00:00
[2024-04-25T13:49:17.888+0000] {processor.py:183} INFO - Processing /home/airflow/.local/lib/python3.12/site-packages/airflow/example_dags/example_sla_dag.py took 0.084 seconds
[2024-04-25T13:49:48.357+0000] {processor.py:161} INFO - Started process (PID=5837) to work on /home/airflow/.local/lib/python3.12/site-packages/airflow/example_dags/example_sla_dag.py
[2024-04-25T13:49:48.358+0000] {processor.py:830} INFO - Processing file /home/airflow/.local/lib/python3.12/site-packages/airflow/example_dags/example_sla_dag.py for tasks to queue
[2024-04-25T13:49:48.361+0000] {logging_mixin.py:188} INFO - [2024-04-25T13:49:48.360+0000] {dagbag.py:540} INFO - Filling up the DagBag from /home/airflow/.local/lib/python3.12/site-packages/airflow/example_dags/example_sla_dag.py
[2024-04-25T13:49:48.370+0000] {processor.py:840} INFO - DAG(s) 'example_sla_dag' retrieved from /home/airflow/.local/lib/python3.12/site-packages/airflow/example_dags/example_sla_dag.py
[2024-04-25T13:49:48.390+0000] {logging_mixin.py:188} INFO - [2024-04-25T13:49:48.390+0000] {dag.py:3096} INFO - Sync 1 DAGs
[2024-04-25T13:49:48.416+0000] {logging_mixin.py:188} INFO - [2024-04-25T13:49:48.415+0000] {dag.py:3954} INFO - Setting next_dagrun for example_sla_dag to 2024-04-25 13:46:00+00:00, run_after=2024-04-25 13:48:00+00:00
[2024-04-25T13:49:48.437+0000] {processor.py:183} INFO - Processing /home/airflow/.local/lib/python3.12/site-packages/airflow/example_dags/example_sla_dag.py took 0.088 seconds
[2024-04-25T13:50:18.900+0000] {processor.py:161} INFO - Started process (PID=6097) to work on /home/airflow/.local/lib/python3.12/site-packages/airflow/example_dags/example_sla_dag.py
[2024-04-25T13:50:18.901+0000] {processor.py:830} INFO - Processing file /home/airflow/.local/lib/python3.12/site-packages/airflow/example_dags/example_sla_dag.py for tasks to queue
[2024-04-25T13:50:18.903+0000] {logging_mixin.py:188} INFO - [2024-04-25T13:50:18.903+0000] {dagbag.py:540} INFO - Filling up the DagBag from /home/airflow/.local/lib/python3.12/site-packages/airflow/example_dags/example_sla_dag.py
[2024-04-25T13:50:18.914+0000] {processor.py:840} INFO - DAG(s) 'example_sla_dag' retrieved from /home/airflow/.local/lib/python3.12/site-packages/airflow/example_dags/example_sla_dag.py
[2024-04-25T13:50:18.936+0000] {logging_mixin.py:188} INFO - [2024-04-25T13:50:18.936+0000] {dag.py:3096} INFO - Sync 1 DAGs
[2024-04-25T13:50:18.963+0000] {logging_mixin.py:188} INFO - [2024-04-25T13:50:18.963+0000] {dag.py:3954} INFO - Setting next_dagrun for example_sla_dag to 2024-04-25 13:48:00+00:00, run_after=2024-04-25 13:50:00+00:00
[2024-04-25T13:50:18.984+0000] {processor.py:183} INFO - Processing /home/airflow/.local/lib/python3.12/site-packages/airflow/example_dags/example_sla_dag.py took 0.090 seconds
[2024-04-25T13:50:49.548+0000] {processor.py:161} INFO - Started process (PID=6359) to work on /home/airflow/.local/lib/python3.12/site-packages/airflow/example_dags/example_sla_dag.py
[2024-04-25T13:50:49.549+0000] {processor.py:830} INFO - Processing file /home/airflow/.local/lib/python3.12/site-packages/airflow/example_dags/example_sla_dag.py for tasks to queue
[2024-04-25T13:50:49.552+0000] {logging_mixin.py:188} INFO - [2024-04-25T13:50:49.551+0000] {dagbag.py:540} INFO - Filling up the DagBag from /home/airflow/.local/lib/python3.12/site-packages/airflow/example_dags/example_sla_dag.py
[2024-04-25T13:50:49.561+0000] {processor.py:840} INFO - DAG(s) 'example_sla_dag' retrieved from /home/airflow/.local/lib/python3.12/site-packages/airflow/example_dags/example_sla_dag.py
[2024-04-25T13:50:49.582+0000] {logging_mixin.py:188} INFO - [2024-04-25T13:50:49.582+0000] {dag.py:3096} INFO - Sync 1 DAGs
[2024-04-25T13:50:49.608+0000] {logging_mixin.py:188} INFO - [2024-04-25T13:50:49.608+0000] {dag.py:3954} INFO - Setting next_dagrun for example_sla_dag to 2024-04-25 13:48:00+00:00, run_after=2024-04-25 13:50:00+00:00
[2024-04-25T13:50:49.741+0000] {processor.py:183} INFO - Processing /home/airflow/.local/lib/python3.12/site-packages/airflow/example_dags/example_sla_dag.py took 0.200 seconds
[2024-04-25T13:51:20.196+0000] {processor.py:161} INFO - Started process (PID=6621) to work on /home/airflow/.local/lib/python3.12/site-packages/airflow/example_dags/example_sla_dag.py
[2024-04-25T13:51:20.198+0000] {processor.py:830} INFO - Processing file /home/airflow/.local/lib/python3.12/site-packages/airflow/example_dags/example_sla_dag.py for tasks to queue
[2024-04-25T13:51:20.200+0000] {logging_mixin.py:188} INFO - [2024-04-25T13:51:20.199+0000] {dagbag.py:540} INFO - Filling up the DagBag from /home/airflow/.local/lib/python3.12/site-packages/airflow/example_dags/example_sla_dag.py
[2024-04-25T13:51:20.208+0000] {processor.py:840} INFO - DAG(s) 'example_sla_dag' retrieved from /home/airflow/.local/lib/python3.12/site-packages/airflow/example_dags/example_sla_dag.py
[2024-04-25T13:51:20.228+0000] {logging_mixin.py:188} INFO - [2024-04-25T13:51:20.228+0000] {dag.py:3096} INFO - Sync 1 DAGs
[2024-04-25T13:51:20.254+0000] {logging_mixin.py:188} INFO - [2024-04-25T13:51:20.254+0000] {dag.py:3954} INFO - Setting next_dagrun for example_sla_dag to 2024-04-25 13:48:00+00:00, run_after=2024-04-25 13:50:00+00:00
[2024-04-25T13:51:20.273+0000] {processor.py:183} INFO - Processing /home/airflow/.local/lib/python3.12/site-packages/airflow/example_dags/example_sla_dag.py took 0.083 seconds
[2024-04-25T13:51:50.610+0000] {processor.py:161} INFO - Started process (PID=6883) to work on /home/airflow/.local/lib/python3.12/site-packages/airflow/example_dags/example_sla_dag.py
[2024-04-25T13:51:50.611+0000] {processor.py:830} INFO - Processing file /home/airflow/.local/lib/python3.12/site-packages/airflow/example_dags/example_sla_dag.py for tasks to queue
[2024-04-25T13:51:50.613+0000] {logging_mixin.py:188} INFO - [2024-04-25T13:51:50.613+0000] {dagbag.py:540} INFO - Filling up the DagBag from /home/airflow/.local/lib/python3.12/site-packages/airflow/example_dags/example_sla_dag.py
[2024-04-25T13:51:50.625+0000] {processor.py:840} INFO - DAG(s) 'example_sla_dag' retrieved from /home/airflow/.local/lib/python3.12/site-packages/airflow/example_dags/example_sla_dag.py
[2024-04-25T13:51:50.649+0000] {logging_mixin.py:188} INFO - [2024-04-25T13:51:50.648+0000] {dag.py:3096} INFO - Sync 1 DAGs
[2024-04-25T13:51:50.680+0000] {logging_mixin.py:188} INFO - [2024-04-25T13:51:50.680+0000] {dag.py:3954} INFO - Setting next_dagrun for example_sla_dag to 2024-04-25 13:48:00+00:00, run_after=2024-04-25 13:50:00+00:00
[2024-04-25T13:51:50.701+0000] {processor.py:183} INFO - Processing /home/airflow/.local/lib/python3.12/site-packages/airflow/example_dags/example_sla_dag.py took 0.098 seconds
[2024-04-25T13:52:21.361+0000] {processor.py:161} INFO - Started process (PID=7145) to work on /home/airflow/.local/lib/python3.12/site-packages/airflow/example_dags/example_sla_dag.py
[2024-04-25T13:52:21.362+0000] {processor.py:830} INFO - Processing file /home/airflow/.local/lib/python3.12/site-packages/airflow/example_dags/example_sla_dag.py for tasks to queue
[2024-04-25T13:52:21.364+0000] {logging_mixin.py:188} INFO - [2024-04-25T13:52:21.364+0000] {dagbag.py:540} INFO - Filling up the DagBag from /home/airflow/.local/lib/python3.12/site-packages/airflow/example_dags/example_sla_dag.py
[2024-04-25T13:52:21.374+0000] {processor.py:840} INFO - DAG(s) 'example_sla_dag' retrieved from /home/airflow/.local/lib/python3.12/site-packages/airflow/example_dags/example_sla_dag.py
[2024-04-25T13:52:21.395+0000] {logging_mixin.py:188} INFO - [2024-04-25T13:52:21.395+0000] {dag.py:3096} INFO - Sync 1 DAGs
[2024-04-25T13:52:21.420+0000] {logging_mixin.py:188} INFO - [2024-04-25T13:52:21.420+0000] {dag.py:3954} INFO - Setting next_dagrun for example_sla_dag to 2024-04-25 13:50:00+00:00, run_after=2024-04-25 13:52:00+00:00
[2024-04-25T13:52:21.441+0000] {processor.py:183} INFO - Processing /home/airflow/.local/lib/python3.12/site-packages/airflow/example_dags/example_sla_dag.py took 0.086 seconds
[2024-04-25T13:52:51.780+0000] {processor.py:161} INFO - Started process (PID=7407) to work on /home/airflow/.local/lib/python3.12/site-packages/airflow/example_dags/example_sla_dag.py
[2024-04-25T13:52:51.781+0000] {processor.py:830} INFO - Processing file /home/airflow/.local/lib/python3.12/site-packages/airflow/example_dags/example_sla_dag.py for tasks to queue
[2024-04-25T13:52:51.783+0000] {logging_mixin.py:188} INFO - [2024-04-25T13:52:51.783+0000] {dagbag.py:540} INFO - Filling up the DagBag from /home/airflow/.local/lib/python3.12/site-packages/airflow/example_dags/example_sla_dag.py
[2024-04-25T13:52:51.792+0000] {processor.py:840} INFO - DAG(s) 'example_sla_dag' retrieved from /home/airflow/.local/lib/python3.12/site-packages/airflow/example_dags/example_sla_dag.py
[2024-04-25T13:52:51.812+0000] {logging_mixin.py:188} INFO - [2024-04-25T13:52:51.812+0000] {dag.py:3096} INFO - Sync 1 DAGs
[2024-04-25T13:52:51.837+0000] {logging_mixin.py:188} INFO - [2024-04-25T13:52:51.837+0000] {dag.py:3954} INFO - Setting next_dagrun for example_sla_dag to 2024-04-25 13:50:00+00:00, run_after=2024-04-25 13:52:00+00:00
[2024-04-25T13:52:51.856+0000] {processor.py:183} INFO - Processing /home/airflow/.local/lib/python3.12/site-packages/airflow/example_dags/example_sla_dag.py took 0.082 seconds
[2024-04-25T13:53:22.315+0000] {processor.py:161} INFO - Started process (PID=7669) to work on /home/airflow/.local/lib/python3.12/site-packages/airflow/example_dags/example_sla_dag.py
[2024-04-25T13:53:22.316+0000] {processor.py:830} INFO - Processing file /home/airflow/.local/lib/python3.12/site-packages/airflow/example_dags/example_sla_dag.py for tasks to queue
[2024-04-25T13:53:22.318+0000] {logging_mixin.py:188} INFO - [2024-04-25T13:53:22.317+0000] {dagbag.py:540} INFO - Filling up the DagBag from /home/airflow/.local/lib/python3.12/site-packages/airflow/example_dags/example_sla_dag.py
[2024-04-25T13:53:22.328+0000] {processor.py:840} INFO - DAG(s) 'example_sla_dag' retrieved from /home/airflow/.local/lib/python3.12/site-packages/airflow/example_dags/example_sla_dag.py
[2024-04-25T13:53:22.347+0000] {logging_mixin.py:188} INFO - [2024-04-25T13:53:22.347+0000] {dag.py:3096} INFO - Sync 1 DAGs
[2024-04-25T13:53:22.373+0000] {logging_mixin.py:188} INFO - [2024-04-25T13:53:22.373+0000] {dag.py:3954} INFO - Setting next_dagrun for example_sla_dag to 2024-04-25 13:50:00+00:00, run_after=2024-04-25 13:52:00+00:00
[2024-04-25T13:53:22.391+0000] {processor.py:183} INFO - Processing /home/airflow/.local/lib/python3.12/site-packages/airflow/example_dags/example_sla_dag.py took 0.083 seconds
[2024-04-25T13:53:52.691+0000] {processor.py:161} INFO - Started process (PID=7931) to work on /home/airflow/.local/lib/python3.12/site-packages/airflow/example_dags/example_sla_dag.py
[2024-04-25T13:53:52.692+0000] {processor.py:830} INFO - Processing file /home/airflow/.local/lib/python3.12/site-packages/airflow/example_dags/example_sla_dag.py for tasks to queue
[2024-04-25T13:53:52.694+0000] {logging_mixin.py:188} INFO - [2024-04-25T13:53:52.694+0000] {dagbag.py:540} INFO - Filling up the DagBag from /home/airflow/.local/lib/python3.12/site-packages/airflow/example_dags/example_sla_dag.py
[2024-04-25T13:53:52.704+0000] {processor.py:840} INFO - DAG(s) 'example_sla_dag' retrieved from /home/airflow/.local/lib/python3.12/site-packages/airflow/example_dags/example_sla_dag.py
[2024-04-25T13:53:52.726+0000] {logging_mixin.py:188} INFO - [2024-04-25T13:53:52.725+0000] {dag.py:3096} INFO - Sync 1 DAGs
[2024-04-25T13:53:52.752+0000] {logging_mixin.py:188} INFO - [2024-04-25T13:53:52.752+0000] {dag.py:3954} INFO - Setting next_dagrun for example_sla_dag to 2024-04-25 13:50:00+00:00, run_after=2024-04-25 13:52:00+00:00
[2024-04-25T13:53:52.770+0000] {processor.py:183} INFO - Processing /home/airflow/.local/lib/python3.12/site-packages/airflow/example_dags/example_sla_dag.py took 0.087 seconds
[2024-04-25T13:54:23.158+0000] {processor.py:161} INFO - Started process (PID=8193) to work on /home/airflow/.local/lib/python3.12/site-packages/airflow/example_dags/example_sla_dag.py
[2024-04-25T13:54:23.159+0000] {processor.py:830} INFO - Processing file /home/airflow/.local/lib/python3.12/site-packages/airflow/example_dags/example_sla_dag.py for tasks to queue
[2024-04-25T13:54:23.161+0000] {logging_mixin.py:188} INFO - [2024-04-25T13:54:23.161+0000] {dagbag.py:540} INFO - Filling up the DagBag from /home/airflow/.local/lib/python3.12/site-packages/airflow/example_dags/example_sla_dag.py
[2024-04-25T13:54:23.170+0000] {processor.py:840} INFO - DAG(s) 'example_sla_dag' retrieved from /home/airflow/.local/lib/python3.12/site-packages/airflow/example_dags/example_sla_dag.py
[2024-04-25T13:54:23.192+0000] {logging_mixin.py:188} INFO - [2024-04-25T13:54:23.191+0000] {dag.py:3096} INFO - Sync 1 DAGs
[2024-04-25T13:54:23.219+0000] {logging_mixin.py:188} INFO - [2024-04-25T13:54:23.219+0000] {dag.py:3954} INFO - Setting next_dagrun for example_sla_dag to 2024-04-25 13:52:00+00:00, run_after=2024-04-25 13:54:00+00:00
[2024-04-25T13:54:23.237+0000] {processor.py:183} INFO - Processing /home/airflow/.local/lib/python3.12/site-packages/airflow/example_dags/example_sla_dag.py took 0.086 seconds
[2024-04-25T13:54:53.822+0000] {processor.py:161} INFO - Started process (PID=8455) to work on /home/airflow/.local/lib/python3.12/site-packages/airflow/example_dags/example_sla_dag.py
[2024-04-25T13:54:53.823+0000] {processor.py:830} INFO - Processing file /home/airflow/.local/lib/python3.12/site-packages/airflow/example_dags/example_sla_dag.py for tasks to queue
[2024-04-25T13:54:53.826+0000] {logging_mixin.py:188} INFO - [2024-04-25T13:54:53.825+0000] {dagbag.py:540} INFO - Filling up the DagBag from /home/airflow/.local/lib/python3.12/site-packages/airflow/example_dags/example_sla_dag.py
[2024-04-25T13:54:53.837+0000] {processor.py:840} INFO - DAG(s) 'example_sla_dag' retrieved from /home/airflow/.local/lib/python3.12/site-packages/airflow/example_dags/example_sla_dag.py
[2024-04-25T13:54:53.861+0000] {logging_mixin.py:188} INFO - [2024-04-25T13:54:53.860+0000] {dag.py:3096} INFO - Sync 1 DAGs
[2024-04-25T13:54:53.889+0000] {logging_mixin.py:188} INFO - [2024-04-25T13:54:53.889+0000] {dag.py:3954} INFO - Setting next_dagrun for example_sla_dag to 2024-04-25 13:52:00+00:00, run_after=2024-04-25 13:54:00+00:00
[2024-04-25T13:54:53.909+0000] {processor.py:183} INFO - Processing /home/airflow/.local/lib/python3.12/site-packages/airflow/example_dags/example_sla_dag.py took 0.096 seconds
[2024-04-25T13:55:24.284+0000] {processor.py:161} INFO - Started process (PID=8718) to work on /home/airflow/.local/lib/python3.12/site-packages/airflow/example_dags/example_sla_dag.py
[2024-04-25T13:55:24.286+0000] {processor.py:830} INFO - Processing file /home/airflow/.local/lib/python3.12/site-packages/airflow/example_dags/example_sla_dag.py for tasks to queue
[2024-04-25T13:55:24.289+0000] {logging_mixin.py:188} INFO - [2024-04-25T13:55:24.288+0000] {dagbag.py:540} INFO - Filling up the DagBag from /home/airflow/.local/lib/python3.12/site-packages/airflow/example_dags/example_sla_dag.py
[2024-04-25T13:55:24.299+0000] {processor.py:840} INFO - DAG(s) 'example_sla_dag' retrieved from /home/airflow/.local/lib/python3.12/site-packages/airflow/example_dags/example_sla_dag.py
[2024-04-25T13:55:24.321+0000] {logging_mixin.py:188} INFO - [2024-04-25T13:55:24.321+0000] {dag.py:3096} INFO - Sync 1 DAGs
[2024-04-25T13:55:24.350+0000] {logging_mixin.py:188} INFO - [2024-04-25T13:55:24.349+0000] {dag.py:3954} INFO - Setting next_dagrun for example_sla_dag to 2024-04-25 13:52:00+00:00, run_after=2024-04-25 13:54:00+00:00
[2024-04-25T13:55:24.372+0000] {processor.py:183} INFO - Processing /home/airflow/.local/lib/python3.12/site-packages/airflow/example_dags/example_sla_dag.py took 0.095 seconds
[2024-04-25T13:55:54.508+0000] {processor.py:161} INFO - Started process (PID=8980) to work on /home/airflow/.local/lib/python3.12/site-packages/airflow/example_dags/example_sla_dag.py
[2024-04-25T13:55:54.509+0000] {processor.py:830} INFO - Processing file /home/airflow/.local/lib/python3.12/site-packages/airflow/example_dags/example_sla_dag.py for tasks to queue
[2024-04-25T13:55:54.511+0000] {logging_mixin.py:188} INFO - [2024-04-25T13:55:54.511+0000] {dagbag.py:540} INFO - Filling up the DagBag from /home/airflow/.local/lib/python3.12/site-packages/airflow/example_dags/example_sla_dag.py
[2024-04-25T13:55:54.523+0000] {processor.py:840} INFO - DAG(s) 'example_sla_dag' retrieved from /home/airflow/.local/lib/python3.12/site-packages/airflow/example_dags/example_sla_dag.py
[2024-04-25T13:55:54.546+0000] {logging_mixin.py:188} INFO - [2024-04-25T13:55:54.545+0000] {dag.py:3096} INFO - Sync 1 DAGs
[2024-04-25T13:55:54.579+0000] {logging_mixin.py:188} INFO - [2024-04-25T13:55:54.578+0000] {dag.py:3954} INFO - Setting next_dagrun for example_sla_dag to 2024-04-25 13:52:00+00:00, run_after=2024-04-25 13:54:00+00:00
[2024-04-25T13:55:54.601+0000] {processor.py:183} INFO - Processing /home/airflow/.local/lib/python3.12/site-packages/airflow/example_dags/example_sla_dag.py took 0.100 seconds
[2024-04-25T13:56:25.001+0000] {processor.py:161} INFO - Started process (PID=9242) to work on /home/airflow/.local/lib/python3.12/site-packages/airflow/example_dags/example_sla_dag.py
[2024-04-25T13:56:25.002+0000] {processor.py:830} INFO - Processing file /home/airflow/.local/lib/python3.12/site-packages/airflow/example_dags/example_sla_dag.py for tasks to queue
[2024-04-25T13:56:25.005+0000] {logging_mixin.py:188} INFO - [2024-04-25T13:56:25.005+0000] {dagbag.py:540} INFO - Filling up the DagBag from /home/airflow/.local/lib/python3.12/site-packages/airflow/example_dags/example_sla_dag.py
[2024-04-25T13:56:25.020+0000] {processor.py:840} INFO - DAG(s) 'example_sla_dag' retrieved from /home/airflow/.local/lib/python3.12/site-packages/airflow/example_dags/example_sla_dag.py
[2024-04-25T13:56:25.043+0000] {logging_mixin.py:188} INFO - [2024-04-25T13:56:25.043+0000] {dag.py:3096} INFO - Sync 1 DAGs
[2024-04-25T13:56:25.069+0000] {logging_mixin.py:188} INFO - [2024-04-25T13:56:25.069+0000] {dag.py:3954} INFO - Setting next_dagrun for example_sla_dag to 2024-04-25 13:54:00+00:00, run_after=2024-04-25 13:56:00+00:00
[2024-04-25T13:56:25.088+0000] {processor.py:183} INFO - Processing /home/airflow/.local/lib/python3.12/site-packages/airflow/example_dags/example_sla_dag.py took 0.096 seconds
[2024-04-25T13:58:18.235+0000] {processor.py:161} INFO - Started process (PID=327) to work on /home/airflow/.local/lib/python3.12/site-packages/airflow/example_dags/example_sla_dag.py
[2024-04-25T13:58:18.237+0000] {processor.py:830} INFO - Processing file /home/airflow/.local/lib/python3.12/site-packages/airflow/example_dags/example_sla_dag.py for tasks to queue
[2024-04-25T13:58:18.239+0000] {logging_mixin.py:188} INFO - [2024-04-25T13:58:18.239+0000] {dagbag.py:540} INFO - Filling up the DagBag from /home/airflow/.local/lib/python3.12/site-packages/airflow/example_dags/example_sla_dag.py
[2024-04-25T13:58:18.251+0000] {processor.py:840} INFO - DAG(s) 'example_sla_dag' retrieved from /home/airflow/.local/lib/python3.12/site-packages/airflow/example_dags/example_sla_dag.py
[2024-04-25T13:58:18.264+0000] {logging_mixin.py:188} INFO - [2024-04-25T13:58:18.264+0000] {dag.py:3096} INFO - Sync 1 DAGs
[2024-04-25T13:58:18.301+0000] {logging_mixin.py:188} INFO - [2024-04-25T13:58:18.301+0000] {dag.py:3954} INFO - Setting next_dagrun for example_sla_dag to 2024-04-25 13:56:00+00:00, run_after=2024-04-25 13:58:00+00:00
[2024-04-25T13:58:18.325+0000] {processor.py:183} INFO - Processing /home/airflow/.local/lib/python3.12/site-packages/airflow/example_dags/example_sla_dag.py took 0.097 seconds
[2024-04-25T13:58:50.119+0000] {processor.py:161} INFO - Started process (PID=589) to work on /home/airflow/.local/lib/python3.12/site-packages/airflow/example_dags/example_sla_dag.py
[2024-04-25T13:58:50.121+0000] {processor.py:830} INFO - Processing file /home/airflow/.local/lib/python3.12/site-packages/airflow/example_dags/example_sla_dag.py for tasks to queue
[2024-04-25T13:58:50.124+0000] {logging_mixin.py:188} INFO - [2024-04-25T13:58:50.123+0000] {dagbag.py:540} INFO - Filling up the DagBag from /home/airflow/.local/lib/python3.12/site-packages/airflow/example_dags/example_sla_dag.py
[2024-04-25T13:58:50.132+0000] {processor.py:840} INFO - DAG(s) 'example_sla_dag' retrieved from /home/airflow/.local/lib/python3.12/site-packages/airflow/example_dags/example_sla_dag.py
[2024-04-25T13:58:50.249+0000] {logging_mixin.py:188} INFO - [2024-04-25T13:58:50.249+0000] {dag.py:3096} INFO - Sync 1 DAGs
[2024-04-25T13:58:50.274+0000] {logging_mixin.py:188} INFO - [2024-04-25T13:58:50.273+0000] {dag.py:3954} INFO - Setting next_dagrun for example_sla_dag to 2024-04-25 13:56:00+00:00, run_after=2024-04-25 13:58:00+00:00
[2024-04-25T13:58:50.294+0000] {processor.py:183} INFO - Processing /home/airflow/.local/lib/python3.12/site-packages/airflow/example_dags/example_sla_dag.py took 0.182 seconds
