[2024-04-25T13:39:09.409+0000] {processor.py:161} INFO - Started process (PID=358) to work on /home/airflow/.local/lib/python3.12/site-packages/airflow/example_dags/example_dag_decorator.py
[2024-04-25T13:39:09.411+0000] {processor.py:830} INFO - Processing file /home/airflow/.local/lib/python3.12/site-packages/airflow/example_dags/example_dag_decorator.py for tasks to queue
[2024-04-25T13:39:09.414+0000] {logging_mixin.py:188} INFO - [2024-04-25T13:39:09.413+0000] {dagbag.py:540} INFO - Filling up the DagBag from /home/airflow/.local/lib/python3.12/site-packages/airflow/example_dags/example_dag_decorator.py
[2024-04-25T13:39:09.791+0000] {processor.py:840} INFO - DAG(s) 'example_dag_decorator' retrieved from /home/airflow/.local/lib/python3.12/site-packages/airflow/example_dags/example_dag_decorator.py
[2024-04-25T13:39:09.963+0000] {logging_mixin.py:188} INFO - [2024-04-25T13:39:09.962+0000] {dag.py:3096} INFO - Sync 1 DAGs
[2024-04-25T13:39:09.983+0000] {logging_mixin.py:188} INFO - [2024-04-25T13:39:09.983+0000] {dag.py:3954} INFO - Setting next_dagrun for example_dag_decorator to None, run_after=None
[2024-04-25T13:39:10.012+0000] {processor.py:183} INFO - Processing /home/airflow/.local/lib/python3.12/site-packages/airflow/example_dags/example_dag_decorator.py took 0.611 seconds
[2024-04-25T13:39:40.629+0000] {processor.py:161} INFO - Started process (PID=622) to work on /home/airflow/.local/lib/python3.12/site-packages/airflow/example_dags/example_dag_decorator.py
[2024-04-25T13:39:40.630+0000] {processor.py:830} INFO - Processing file /home/airflow/.local/lib/python3.12/site-packages/airflow/example_dags/example_dag_decorator.py for tasks to queue
[2024-04-25T13:39:40.632+0000] {logging_mixin.py:188} INFO - [2024-04-25T13:39:40.632+0000] {dagbag.py:540} INFO - Filling up the DagBag from /home/airflow/.local/lib/python3.12/site-packages/airflow/example_dags/example_dag_decorator.py
[2024-04-25T13:39:40.769+0000] {processor.py:840} INFO - DAG(s) 'example_dag_decorator' retrieved from /home/airflow/.local/lib/python3.12/site-packages/airflow/example_dags/example_dag_decorator.py
[2024-04-25T13:39:40.912+0000] {logging_mixin.py:188} INFO - [2024-04-25T13:39:40.912+0000] {dag.py:3096} INFO - Sync 1 DAGs
[2024-04-25T13:39:40.924+0000] {logging_mixin.py:188} INFO - [2024-04-25T13:39:40.924+0000] {dag.py:3954} INFO - Setting next_dagrun for example_dag_decorator to None, run_after=None
[2024-04-25T13:39:40.946+0000] {processor.py:183} INFO - Processing /home/airflow/.local/lib/python3.12/site-packages/airflow/example_dags/example_dag_decorator.py took 0.324 seconds
[2024-04-25T13:40:11.663+0000] {processor.py:161} INFO - Started process (PID=884) to work on /home/airflow/.local/lib/python3.12/site-packages/airflow/example_dags/example_dag_decorator.py
[2024-04-25T13:40:11.665+0000] {processor.py:830} INFO - Processing file /home/airflow/.local/lib/python3.12/site-packages/airflow/example_dags/example_dag_decorator.py for tasks to queue
[2024-04-25T13:40:11.667+0000] {logging_mixin.py:188} INFO - [2024-04-25T13:40:11.667+0000] {dagbag.py:540} INFO - Filling up the DagBag from /home/airflow/.local/lib/python3.12/site-packages/airflow/example_dags/example_dag_decorator.py
[2024-04-25T13:40:11.786+0000] {processor.py:840} INFO - DAG(s) 'example_dag_decorator' retrieved from /home/airflow/.local/lib/python3.12/site-packages/airflow/example_dags/example_dag_decorator.py
[2024-04-25T13:40:11.937+0000] {logging_mixin.py:188} INFO - [2024-04-25T13:40:11.937+0000] {dag.py:3096} INFO - Sync 1 DAGs
[2024-04-25T13:40:11.955+0000] {logging_mixin.py:188} INFO - [2024-04-25T13:40:11.955+0000] {dag.py:3954} INFO - Setting next_dagrun for example_dag_decorator to None, run_after=None
[2024-04-25T13:40:11.984+0000] {processor.py:183} INFO - Processing /home/airflow/.local/lib/python3.12/site-packages/airflow/example_dags/example_dag_decorator.py took 0.327 seconds
[2024-04-25T13:40:42.125+0000] {processor.py:161} INFO - Started process (PID=1156) to work on /home/airflow/.local/lib/python3.12/site-packages/airflow/example_dags/example_dag_decorator.py
[2024-04-25T13:40:42.126+0000] {processor.py:830} INFO - Processing file /home/airflow/.local/lib/python3.12/site-packages/airflow/example_dags/example_dag_decorator.py for tasks to queue
[2024-04-25T13:40:42.129+0000] {logging_mixin.py:188} INFO - [2024-04-25T13:40:42.128+0000] {dagbag.py:540} INFO - Filling up the DagBag from /home/airflow/.local/lib/python3.12/site-packages/airflow/example_dags/example_dag_decorator.py
[2024-04-25T13:40:42.230+0000] {processor.py:840} INFO - DAG(s) 'example_dag_decorator' retrieved from /home/airflow/.local/lib/python3.12/site-packages/airflow/example_dags/example_dag_decorator.py
[2024-04-25T13:40:42.340+0000] {logging_mixin.py:188} INFO - [2024-04-25T13:40:42.340+0000] {dag.py:3096} INFO - Sync 1 DAGs
[2024-04-25T13:40:42.352+0000] {logging_mixin.py:188} INFO - [2024-04-25T13:40:42.352+0000] {dag.py:3954} INFO - Setting next_dagrun for example_dag_decorator to None, run_after=None
[2024-04-25T13:40:42.374+0000] {processor.py:183} INFO - Processing /home/airflow/.local/lib/python3.12/site-packages/airflow/example_dags/example_dag_decorator.py took 0.255 seconds
[2024-04-25T13:41:12.566+0000] {processor.py:161} INFO - Started process (PID=1408) to work on /home/airflow/.local/lib/python3.12/site-packages/airflow/example_dags/example_dag_decorator.py
[2024-04-25T13:41:12.568+0000] {processor.py:830} INFO - Processing file /home/airflow/.local/lib/python3.12/site-packages/airflow/example_dags/example_dag_decorator.py for tasks to queue
[2024-04-25T13:41:12.570+0000] {logging_mixin.py:188} INFO - [2024-04-25T13:41:12.570+0000] {dagbag.py:540} INFO - Filling up the DagBag from /home/airflow/.local/lib/python3.12/site-packages/airflow/example_dags/example_dag_decorator.py
[2024-04-25T13:41:12.829+0000] {processor.py:840} INFO - DAG(s) 'example_dag_decorator' retrieved from /home/airflow/.local/lib/python3.12/site-packages/airflow/example_dags/example_dag_decorator.py
[2024-04-25T13:41:13.021+0000] {logging_mixin.py:188} INFO - [2024-04-25T13:41:13.021+0000] {dag.py:3096} INFO - Sync 1 DAGs
[2024-04-25T13:41:13.036+0000] {logging_mixin.py:188} INFO - [2024-04-25T13:41:13.036+0000] {dag.py:3954} INFO - Setting next_dagrun for example_dag_decorator to None, run_after=None
[2024-04-25T13:41:13.070+0000] {processor.py:183} INFO - Processing /home/airflow/.local/lib/python3.12/site-packages/airflow/example_dags/example_dag_decorator.py took 0.512 seconds
[2024-04-25T13:41:43.330+0000] {processor.py:161} INFO - Started process (PID=1670) to work on /home/airflow/.local/lib/python3.12/site-packages/airflow/example_dags/example_dag_decorator.py
[2024-04-25T13:41:43.332+0000] {processor.py:830} INFO - Processing file /home/airflow/.local/lib/python3.12/site-packages/airflow/example_dags/example_dag_decorator.py for tasks to queue
[2024-04-25T13:41:43.334+0000] {logging_mixin.py:188} INFO - [2024-04-25T13:41:43.333+0000] {dagbag.py:540} INFO - Filling up the DagBag from /home/airflow/.local/lib/python3.12/site-packages/airflow/example_dags/example_dag_decorator.py
[2024-04-25T13:41:43.444+0000] {processor.py:840} INFO - DAG(s) 'example_dag_decorator' retrieved from /home/airflow/.local/lib/python3.12/site-packages/airflow/example_dags/example_dag_decorator.py
[2024-04-25T13:41:43.571+0000] {logging_mixin.py:188} INFO - [2024-04-25T13:41:43.571+0000] {dag.py:3096} INFO - Sync 1 DAGs
[2024-04-25T13:41:43.584+0000] {logging_mixin.py:188} INFO - [2024-04-25T13:41:43.584+0000] {dag.py:3954} INFO - Setting next_dagrun for example_dag_decorator to None, run_after=None
[2024-04-25T13:41:43.606+0000] {processor.py:183} INFO - Processing /home/airflow/.local/lib/python3.12/site-packages/airflow/example_dags/example_dag_decorator.py took 0.282 seconds
[2024-04-25T13:42:13.654+0000] {processor.py:161} INFO - Started process (PID=1937) to work on /home/airflow/.local/lib/python3.12/site-packages/airflow/example_dags/example_dag_decorator.py
[2024-04-25T13:42:13.656+0000] {processor.py:830} INFO - Processing file /home/airflow/.local/lib/python3.12/site-packages/airflow/example_dags/example_dag_decorator.py for tasks to queue
[2024-04-25T13:42:13.658+0000] {logging_mixin.py:188} INFO - [2024-04-25T13:42:13.657+0000] {dagbag.py:540} INFO - Filling up the DagBag from /home/airflow/.local/lib/python3.12/site-packages/airflow/example_dags/example_dag_decorator.py
[2024-04-25T13:42:13.759+0000] {processor.py:840} INFO - DAG(s) 'example_dag_decorator' retrieved from /home/airflow/.local/lib/python3.12/site-packages/airflow/example_dags/example_dag_decorator.py
[2024-04-25T13:42:13.872+0000] {logging_mixin.py:188} INFO - [2024-04-25T13:42:13.872+0000] {dag.py:3096} INFO - Sync 1 DAGs
[2024-04-25T13:42:13.884+0000] {logging_mixin.py:188} INFO - [2024-04-25T13:42:13.884+0000] {dag.py:3954} INFO - Setting next_dagrun for example_dag_decorator to None, run_after=None
[2024-04-25T13:42:13.904+0000] {processor.py:183} INFO - Processing /home/airflow/.local/lib/python3.12/site-packages/airflow/example_dags/example_dag_decorator.py took 0.256 seconds
[2024-04-25T13:42:44.193+0000] {processor.py:161} INFO - Started process (PID=2209) to work on /home/airflow/.local/lib/python3.12/site-packages/airflow/example_dags/example_dag_decorator.py
[2024-04-25T13:42:44.194+0000] {processor.py:830} INFO - Processing file /home/airflow/.local/lib/python3.12/site-packages/airflow/example_dags/example_dag_decorator.py for tasks to queue
[2024-04-25T13:42:44.196+0000] {logging_mixin.py:188} INFO - [2024-04-25T13:42:44.196+0000] {dagbag.py:540} INFO - Filling up the DagBag from /home/airflow/.local/lib/python3.12/site-packages/airflow/example_dags/example_dag_decorator.py
[2024-04-25T13:42:44.299+0000] {processor.py:840} INFO - DAG(s) 'example_dag_decorator' retrieved from /home/airflow/.local/lib/python3.12/site-packages/airflow/example_dags/example_dag_decorator.py
[2024-04-25T13:42:44.416+0000] {logging_mixin.py:188} INFO - [2024-04-25T13:42:44.416+0000] {dag.py:3096} INFO - Sync 1 DAGs
[2024-04-25T13:42:44.555+0000] {logging_mixin.py:188} INFO - [2024-04-25T13:42:44.554+0000] {dag.py:3954} INFO - Setting next_dagrun for example_dag_decorator to None, run_after=None
[2024-04-25T13:42:44.575+0000] {processor.py:183} INFO - Processing /home/airflow/.local/lib/python3.12/site-packages/airflow/example_dags/example_dag_decorator.py took 0.387 seconds
[2024-04-25T13:43:14.831+0000] {processor.py:161} INFO - Started process (PID=2481) to work on /home/airflow/.local/lib/python3.12/site-packages/airflow/example_dags/example_dag_decorator.py
[2024-04-25T13:43:14.832+0000] {processor.py:830} INFO - Processing file /home/airflow/.local/lib/python3.12/site-packages/airflow/example_dags/example_dag_decorator.py for tasks to queue
[2024-04-25T13:43:14.834+0000] {logging_mixin.py:188} INFO - [2024-04-25T13:43:14.834+0000] {dagbag.py:540} INFO - Filling up the DagBag from /home/airflow/.local/lib/python3.12/site-packages/airflow/example_dags/example_dag_decorator.py
[2024-04-25T13:43:14.956+0000] {processor.py:840} INFO - DAG(s) 'example_dag_decorator' retrieved from /home/airflow/.local/lib/python3.12/site-packages/airflow/example_dags/example_dag_decorator.py
[2024-04-25T13:43:15.113+0000] {logging_mixin.py:188} INFO - [2024-04-25T13:43:15.112+0000] {dag.py:3096} INFO - Sync 1 DAGs
[2024-04-25T13:43:15.127+0000] {logging_mixin.py:188} INFO - [2024-04-25T13:43:15.126+0000] {dag.py:3954} INFO - Setting next_dagrun for example_dag_decorator to None, run_after=None
[2024-04-25T13:43:15.150+0000] {processor.py:183} INFO - Processing /home/airflow/.local/lib/python3.12/site-packages/airflow/example_dags/example_dag_decorator.py took 0.326 seconds
[2024-04-25T13:43:45.216+0000] {processor.py:161} INFO - Started process (PID=2742) to work on /home/airflow/.local/lib/python3.12/site-packages/airflow/example_dags/example_dag_decorator.py
[2024-04-25T13:43:45.217+0000] {processor.py:830} INFO - Processing file /home/airflow/.local/lib/python3.12/site-packages/airflow/example_dags/example_dag_decorator.py for tasks to queue
[2024-04-25T13:43:45.219+0000] {logging_mixin.py:188} INFO - [2024-04-25T13:43:45.219+0000] {dagbag.py:540} INFO - Filling up the DagBag from /home/airflow/.local/lib/python3.12/site-packages/airflow/example_dags/example_dag_decorator.py
[2024-04-25T13:43:45.387+0000] {processor.py:840} INFO - DAG(s) 'example_dag_decorator' retrieved from /home/airflow/.local/lib/python3.12/site-packages/airflow/example_dags/example_dag_decorator.py
[2024-04-25T13:43:45.508+0000] {logging_mixin.py:188} INFO - [2024-04-25T13:43:45.508+0000] {dag.py:3096} INFO - Sync 1 DAGs
[2024-04-25T13:43:45.522+0000] {logging_mixin.py:188} INFO - [2024-04-25T13:43:45.522+0000] {dag.py:3954} INFO - Setting next_dagrun for example_dag_decorator to None, run_after=None
[2024-04-25T13:43:45.542+0000] {processor.py:183} INFO - Processing /home/airflow/.local/lib/python3.12/site-packages/airflow/example_dags/example_dag_decorator.py took 0.333 seconds
[2024-04-25T13:44:15.593+0000] {processor.py:161} INFO - Started process (PID=3000) to work on /home/airflow/.local/lib/python3.12/site-packages/airflow/example_dags/example_dag_decorator.py
[2024-04-25T13:44:15.594+0000] {processor.py:830} INFO - Processing file /home/airflow/.local/lib/python3.12/site-packages/airflow/example_dags/example_dag_decorator.py for tasks to queue
[2024-04-25T13:44:15.596+0000] {logging_mixin.py:188} INFO - [2024-04-25T13:44:15.596+0000] {dagbag.py:540} INFO - Filling up the DagBag from /home/airflow/.local/lib/python3.12/site-packages/airflow/example_dags/example_dag_decorator.py
[2024-04-25T13:44:15.700+0000] {processor.py:840} INFO - DAG(s) 'example_dag_decorator' retrieved from /home/airflow/.local/lib/python3.12/site-packages/airflow/example_dags/example_dag_decorator.py
[2024-04-25T13:44:15.810+0000] {logging_mixin.py:188} INFO - [2024-04-25T13:44:15.810+0000] {dag.py:3096} INFO - Sync 1 DAGs
[2024-04-25T13:44:15.824+0000] {logging_mixin.py:188} INFO - [2024-04-25T13:44:15.823+0000] {dag.py:3954} INFO - Setting next_dagrun for example_dag_decorator to None, run_after=None
[2024-04-25T13:44:15.846+0000] {processor.py:183} INFO - Processing /home/airflow/.local/lib/python3.12/site-packages/airflow/example_dags/example_dag_decorator.py took 0.259 seconds
[2024-04-25T13:44:46.070+0000] {processor.py:161} INFO - Started process (PID=3262) to work on /home/airflow/.local/lib/python3.12/site-packages/airflow/example_dags/example_dag_decorator.py
[2024-04-25T13:44:46.071+0000] {processor.py:830} INFO - Processing file /home/airflow/.local/lib/python3.12/site-packages/airflow/example_dags/example_dag_decorator.py for tasks to queue
[2024-04-25T13:44:46.073+0000] {logging_mixin.py:188} INFO - [2024-04-25T13:44:46.072+0000] {dagbag.py:540} INFO - Filling up the DagBag from /home/airflow/.local/lib/python3.12/site-packages/airflow/example_dags/example_dag_decorator.py
[2024-04-25T13:44:46.182+0000] {processor.py:840} INFO - DAG(s) 'example_dag_decorator' retrieved from /home/airflow/.local/lib/python3.12/site-packages/airflow/example_dags/example_dag_decorator.py
[2024-04-25T13:44:46.422+0000] {logging_mixin.py:188} INFO - [2024-04-25T13:44:46.422+0000] {dag.py:3096} INFO - Sync 1 DAGs
[2024-04-25T13:44:46.433+0000] {logging_mixin.py:188} INFO - [2024-04-25T13:44:46.433+0000] {dag.py:3954} INFO - Setting next_dagrun for example_dag_decorator to None, run_after=None
[2024-04-25T13:44:46.454+0000] {processor.py:183} INFO - Processing /home/airflow/.local/lib/python3.12/site-packages/airflow/example_dags/example_dag_decorator.py took 0.391 seconds
[2024-04-25T13:45:16.939+0000] {processor.py:161} INFO - Started process (PID=3534) to work on /home/airflow/.local/lib/python3.12/site-packages/airflow/example_dags/example_dag_decorator.py
[2024-04-25T13:45:16.940+0000] {processor.py:830} INFO - Processing file /home/airflow/.local/lib/python3.12/site-packages/airflow/example_dags/example_dag_decorator.py for tasks to queue
[2024-04-25T13:45:16.942+0000] {logging_mixin.py:188} INFO - [2024-04-25T13:45:16.942+0000] {dagbag.py:540} INFO - Filling up the DagBag from /home/airflow/.local/lib/python3.12/site-packages/airflow/example_dags/example_dag_decorator.py
[2024-04-25T13:45:17.084+0000] {processor.py:840} INFO - DAG(s) 'example_dag_decorator' retrieved from /home/airflow/.local/lib/python3.12/site-packages/airflow/example_dags/example_dag_decorator.py
[2024-04-25T13:45:17.219+0000] {logging_mixin.py:188} INFO - [2024-04-25T13:45:17.219+0000] {dag.py:3096} INFO - Sync 1 DAGs
[2024-04-25T13:45:17.385+0000] {logging_mixin.py:188} INFO - [2024-04-25T13:45:17.384+0000] {dag.py:3954} INFO - Setting next_dagrun for example_dag_decorator to None, run_after=None
[2024-04-25T13:45:17.407+0000] {processor.py:183} INFO - Processing /home/airflow/.local/lib/python3.12/site-packages/airflow/example_dags/example_dag_decorator.py took 0.476 seconds
[2024-04-25T13:45:47.642+0000] {processor.py:161} INFO - Started process (PID=3821) to work on /home/airflow/.local/lib/python3.12/site-packages/airflow/example_dags/example_dag_decorator.py
[2024-04-25T13:45:47.644+0000] {processor.py:830} INFO - Processing file /home/airflow/.local/lib/python3.12/site-packages/airflow/example_dags/example_dag_decorator.py for tasks to queue
[2024-04-25T13:45:47.646+0000] {logging_mixin.py:188} INFO - [2024-04-25T13:45:47.646+0000] {dagbag.py:540} INFO - Filling up the DagBag from /home/airflow/.local/lib/python3.12/site-packages/airflow/example_dags/example_dag_decorator.py
[2024-04-25T13:45:47.765+0000] {processor.py:840} INFO - DAG(s) 'example_dag_decorator' retrieved from /home/airflow/.local/lib/python3.12/site-packages/airflow/example_dags/example_dag_decorator.py
[2024-04-25T13:45:47.887+0000] {logging_mixin.py:188} INFO - [2024-04-25T13:45:47.887+0000] {dag.py:3096} INFO - Sync 1 DAGs
[2024-04-25T13:45:47.901+0000] {logging_mixin.py:188} INFO - [2024-04-25T13:45:47.901+0000] {dag.py:3954} INFO - Setting next_dagrun for example_dag_decorator to None, run_after=None
[2024-04-25T13:45:48.118+0000] {processor.py:183} INFO - Processing /home/airflow/.local/lib/python3.12/site-packages/airflow/example_dags/example_dag_decorator.py took 0.483 seconds
[2024-04-25T13:46:18.197+0000] {processor.py:161} INFO - Started process (PID=4086) to work on /home/airflow/.local/lib/python3.12/site-packages/airflow/example_dags/example_dag_decorator.py
[2024-04-25T13:46:18.198+0000] {processor.py:830} INFO - Processing file /home/airflow/.local/lib/python3.12/site-packages/airflow/example_dags/example_dag_decorator.py for tasks to queue
[2024-04-25T13:46:18.201+0000] {logging_mixin.py:188} INFO - [2024-04-25T13:46:18.200+0000] {dagbag.py:540} INFO - Filling up the DagBag from /home/airflow/.local/lib/python3.12/site-packages/airflow/example_dags/example_dag_decorator.py
[2024-04-25T13:46:18.320+0000] {processor.py:840} INFO - DAG(s) 'example_dag_decorator' retrieved from /home/airflow/.local/lib/python3.12/site-packages/airflow/example_dags/example_dag_decorator.py
[2024-04-25T13:46:18.563+0000] {logging_mixin.py:188} INFO - [2024-04-25T13:46:18.563+0000] {dag.py:3096} INFO - Sync 1 DAGs
[2024-04-25T13:46:18.573+0000] {logging_mixin.py:188} INFO - [2024-04-25T13:46:18.573+0000] {dag.py:3954} INFO - Setting next_dagrun for example_dag_decorator to None, run_after=None
[2024-04-25T13:46:18.595+0000] {processor.py:183} INFO - Processing /home/airflow/.local/lib/python3.12/site-packages/airflow/example_dags/example_dag_decorator.py took 0.404 seconds
[2024-04-25T13:46:48.638+0000] {processor.py:161} INFO - Started process (PID=4348) to work on /home/airflow/.local/lib/python3.12/site-packages/airflow/example_dags/example_dag_decorator.py
[2024-04-25T13:46:48.640+0000] {processor.py:830} INFO - Processing file /home/airflow/.local/lib/python3.12/site-packages/airflow/example_dags/example_dag_decorator.py for tasks to queue
[2024-04-25T13:46:48.642+0000] {logging_mixin.py:188} INFO - [2024-04-25T13:46:48.641+0000] {dagbag.py:540} INFO - Filling up the DagBag from /home/airflow/.local/lib/python3.12/site-packages/airflow/example_dags/example_dag_decorator.py
[2024-04-25T13:46:48.745+0000] {processor.py:840} INFO - DAG(s) 'example_dag_decorator' retrieved from /home/airflow/.local/lib/python3.12/site-packages/airflow/example_dags/example_dag_decorator.py
[2024-04-25T13:46:48.969+0000] {logging_mixin.py:188} INFO - [2024-04-25T13:46:48.969+0000] {dag.py:3096} INFO - Sync 1 DAGs
[2024-04-25T13:46:48.980+0000] {logging_mixin.py:188} INFO - [2024-04-25T13:46:48.980+0000] {dag.py:3954} INFO - Setting next_dagrun for example_dag_decorator to None, run_after=None
[2024-04-25T13:46:49.000+0000] {processor.py:183} INFO - Processing /home/airflow/.local/lib/python3.12/site-packages/airflow/example_dags/example_dag_decorator.py took 0.368 seconds
[2024-04-25T13:47:19.224+0000] {processor.py:161} INFO - Started process (PID=4612) to work on /home/airflow/.local/lib/python3.12/site-packages/airflow/example_dags/example_dag_decorator.py
[2024-04-25T13:47:19.225+0000] {processor.py:830} INFO - Processing file /home/airflow/.local/lib/python3.12/site-packages/airflow/example_dags/example_dag_decorator.py for tasks to queue
[2024-04-25T13:47:19.227+0000] {logging_mixin.py:188} INFO - [2024-04-25T13:47:19.227+0000] {dagbag.py:540} INFO - Filling up the DagBag from /home/airflow/.local/lib/python3.12/site-packages/airflow/example_dags/example_dag_decorator.py
[2024-04-25T13:47:19.325+0000] {processor.py:840} INFO - DAG(s) 'example_dag_decorator' retrieved from /home/airflow/.local/lib/python3.12/site-packages/airflow/example_dags/example_dag_decorator.py
[2024-04-25T13:47:19.543+0000] {logging_mixin.py:188} INFO - [2024-04-25T13:47:19.543+0000] {dag.py:3096} INFO - Sync 1 DAGs
[2024-04-25T13:47:19.553+0000] {logging_mixin.py:188} INFO - [2024-04-25T13:47:19.553+0000] {dag.py:3954} INFO - Setting next_dagrun for example_dag_decorator to None, run_after=None
[2024-04-25T13:47:19.572+0000] {processor.py:183} INFO - Processing /home/airflow/.local/lib/python3.12/site-packages/airflow/example_dags/example_dag_decorator.py took 0.354 seconds
[2024-04-25T13:47:50.463+0000] {processor.py:161} INFO - Started process (PID=4874) to work on /home/airflow/.local/lib/python3.12/site-packages/airflow/example_dags/example_dag_decorator.py
[2024-04-25T13:47:50.464+0000] {processor.py:830} INFO - Processing file /home/airflow/.local/lib/python3.12/site-packages/airflow/example_dags/example_dag_decorator.py for tasks to queue
[2024-04-25T13:47:50.466+0000] {logging_mixin.py:188} INFO - [2024-04-25T13:47:50.466+0000] {dagbag.py:540} INFO - Filling up the DagBag from /home/airflow/.local/lib/python3.12/site-packages/airflow/example_dags/example_dag_decorator.py
[2024-04-25T13:47:50.562+0000] {processor.py:840} INFO - DAG(s) 'example_dag_decorator' retrieved from /home/airflow/.local/lib/python3.12/site-packages/airflow/example_dags/example_dag_decorator.py
[2024-04-25T13:47:50.782+0000] {logging_mixin.py:188} INFO - [2024-04-25T13:47:50.782+0000] {dag.py:3096} INFO - Sync 1 DAGs
[2024-04-25T13:47:50.792+0000] {logging_mixin.py:188} INFO - [2024-04-25T13:47:50.792+0000] {dag.py:3954} INFO - Setting next_dagrun for example_dag_decorator to None, run_after=None
[2024-04-25T13:47:50.811+0000] {processor.py:183} INFO - Processing /home/airflow/.local/lib/python3.12/site-packages/airflow/example_dags/example_dag_decorator.py took 0.352 seconds
[2024-04-25T13:48:20.977+0000] {processor.py:161} INFO - Started process (PID=5136) to work on /home/airflow/.local/lib/python3.12/site-packages/airflow/example_dags/example_dag_decorator.py
[2024-04-25T13:48:20.978+0000] {processor.py:830} INFO - Processing file /home/airflow/.local/lib/python3.12/site-packages/airflow/example_dags/example_dag_decorator.py for tasks to queue
[2024-04-25T13:48:20.980+0000] {logging_mixin.py:188} INFO - [2024-04-25T13:48:20.980+0000] {dagbag.py:540} INFO - Filling up the DagBag from /home/airflow/.local/lib/python3.12/site-packages/airflow/example_dags/example_dag_decorator.py
[2024-04-25T13:48:21.078+0000] {processor.py:840} INFO - DAG(s) 'example_dag_decorator' retrieved from /home/airflow/.local/lib/python3.12/site-packages/airflow/example_dags/example_dag_decorator.py
[2024-04-25T13:48:21.352+0000] {logging_mixin.py:188} INFO - [2024-04-25T13:48:21.352+0000] {dag.py:3096} INFO - Sync 1 DAGs
[2024-04-25T13:48:21.367+0000] {logging_mixin.py:188} INFO - [2024-04-25T13:48:21.367+0000] {dag.py:3954} INFO - Setting next_dagrun for example_dag_decorator to None, run_after=None
[2024-04-25T13:48:21.389+0000] {processor.py:183} INFO - Processing /home/airflow/.local/lib/python3.12/site-packages/airflow/example_dags/example_dag_decorator.py took 0.417 seconds
[2024-04-25T13:48:51.441+0000] {processor.py:161} INFO - Started process (PID=5398) to work on /home/airflow/.local/lib/python3.12/site-packages/airflow/example_dags/example_dag_decorator.py
[2024-04-25T13:48:51.443+0000] {processor.py:830} INFO - Processing file /home/airflow/.local/lib/python3.12/site-packages/airflow/example_dags/example_dag_decorator.py for tasks to queue
[2024-04-25T13:48:51.445+0000] {logging_mixin.py:188} INFO - [2024-04-25T13:48:51.444+0000] {dagbag.py:540} INFO - Filling up the DagBag from /home/airflow/.local/lib/python3.12/site-packages/airflow/example_dags/example_dag_decorator.py
[2024-04-25T13:48:51.550+0000] {processor.py:840} INFO - DAG(s) 'example_dag_decorator' retrieved from /home/airflow/.local/lib/python3.12/site-packages/airflow/example_dags/example_dag_decorator.py
[2024-04-25T13:48:51.773+0000] {logging_mixin.py:188} INFO - [2024-04-25T13:48:51.773+0000] {dag.py:3096} INFO - Sync 1 DAGs
[2024-04-25T13:48:51.783+0000] {logging_mixin.py:188} INFO - [2024-04-25T13:48:51.783+0000] {dag.py:3954} INFO - Setting next_dagrun for example_dag_decorator to None, run_after=None
[2024-04-25T13:48:51.802+0000] {processor.py:183} INFO - Processing /home/airflow/.local/lib/python3.12/site-packages/airflow/example_dags/example_dag_decorator.py took 0.367 seconds
[2024-04-25T13:49:21.858+0000] {processor.py:161} INFO - Started process (PID=5660) to work on /home/airflow/.local/lib/python3.12/site-packages/airflow/example_dags/example_dag_decorator.py
[2024-04-25T13:49:21.859+0000] {processor.py:830} INFO - Processing file /home/airflow/.local/lib/python3.12/site-packages/airflow/example_dags/example_dag_decorator.py for tasks to queue
[2024-04-25T13:49:21.861+0000] {logging_mixin.py:188} INFO - [2024-04-25T13:49:21.861+0000] {dagbag.py:540} INFO - Filling up the DagBag from /home/airflow/.local/lib/python3.12/site-packages/airflow/example_dags/example_dag_decorator.py
[2024-04-25T13:49:21.961+0000] {processor.py:840} INFO - DAG(s) 'example_dag_decorator' retrieved from /home/airflow/.local/lib/python3.12/site-packages/airflow/example_dags/example_dag_decorator.py
[2024-04-25T13:49:22.181+0000] {logging_mixin.py:188} INFO - [2024-04-25T13:49:22.181+0000] {dag.py:3096} INFO - Sync 1 DAGs
[2024-04-25T13:49:22.192+0000] {logging_mixin.py:188} INFO - [2024-04-25T13:49:22.191+0000] {dag.py:3954} INFO - Setting next_dagrun for example_dag_decorator to None, run_after=None
[2024-04-25T13:49:22.211+0000] {processor.py:183} INFO - Processing /home/airflow/.local/lib/python3.12/site-packages/airflow/example_dags/example_dag_decorator.py took 0.360 seconds
[2024-04-25T13:49:52.279+0000] {processor.py:161} INFO - Started process (PID=5922) to work on /home/airflow/.local/lib/python3.12/site-packages/airflow/example_dags/example_dag_decorator.py
[2024-04-25T13:49:52.280+0000] {processor.py:830} INFO - Processing file /home/airflow/.local/lib/python3.12/site-packages/airflow/example_dags/example_dag_decorator.py for tasks to queue
[2024-04-25T13:49:52.282+0000] {logging_mixin.py:188} INFO - [2024-04-25T13:49:52.282+0000] {dagbag.py:540} INFO - Filling up the DagBag from /home/airflow/.local/lib/python3.12/site-packages/airflow/example_dags/example_dag_decorator.py
[2024-04-25T13:49:52.386+0000] {processor.py:840} INFO - DAG(s) 'example_dag_decorator' retrieved from /home/airflow/.local/lib/python3.12/site-packages/airflow/example_dags/example_dag_decorator.py
[2024-04-25T13:49:52.611+0000] {logging_mixin.py:188} INFO - [2024-04-25T13:49:52.610+0000] {dag.py:3096} INFO - Sync 1 DAGs
[2024-04-25T13:49:52.620+0000] {logging_mixin.py:188} INFO - [2024-04-25T13:49:52.620+0000] {dag.py:3954} INFO - Setting next_dagrun for example_dag_decorator to None, run_after=None
[2024-04-25T13:49:52.638+0000] {processor.py:183} INFO - Processing /home/airflow/.local/lib/python3.12/site-packages/airflow/example_dags/example_dag_decorator.py took 0.365 seconds
[2024-04-25T13:50:22.972+0000] {processor.py:161} INFO - Started process (PID=6184) to work on /home/airflow/.local/lib/python3.12/site-packages/airflow/example_dags/example_dag_decorator.py
[2024-04-25T13:50:22.973+0000] {processor.py:830} INFO - Processing file /home/airflow/.local/lib/python3.12/site-packages/airflow/example_dags/example_dag_decorator.py for tasks to queue
[2024-04-25T13:50:22.975+0000] {logging_mixin.py:188} INFO - [2024-04-25T13:50:22.975+0000] {dagbag.py:540} INFO - Filling up the DagBag from /home/airflow/.local/lib/python3.12/site-packages/airflow/example_dags/example_dag_decorator.py
[2024-04-25T13:50:23.076+0000] {processor.py:840} INFO - DAG(s) 'example_dag_decorator' retrieved from /home/airflow/.local/lib/python3.12/site-packages/airflow/example_dags/example_dag_decorator.py
[2024-04-25T13:50:23.102+0000] {logging_mixin.py:188} INFO - [2024-04-25T13:50:23.102+0000] {dag.py:3096} INFO - Sync 1 DAGs
[2024-04-25T13:50:23.228+0000] {logging_mixin.py:188} INFO - [2024-04-25T13:50:23.227+0000] {dag.py:3954} INFO - Setting next_dagrun for example_dag_decorator to None, run_after=None
[2024-04-25T13:50:23.247+0000] {processor.py:183} INFO - Processing /home/airflow/.local/lib/python3.12/site-packages/airflow/example_dags/example_dag_decorator.py took 0.281 seconds
[2024-04-25T13:50:53.875+0000] {processor.py:161} INFO - Started process (PID=6446) to work on /home/airflow/.local/lib/python3.12/site-packages/airflow/example_dags/example_dag_decorator.py
[2024-04-25T13:50:53.876+0000] {processor.py:830} INFO - Processing file /home/airflow/.local/lib/python3.12/site-packages/airflow/example_dags/example_dag_decorator.py for tasks to queue
[2024-04-25T13:50:53.878+0000] {logging_mixin.py:188} INFO - [2024-04-25T13:50:53.878+0000] {dagbag.py:540} INFO - Filling up the DagBag from /home/airflow/.local/lib/python3.12/site-packages/airflow/example_dags/example_dag_decorator.py
[2024-04-25T13:50:53.981+0000] {processor.py:840} INFO - DAG(s) 'example_dag_decorator' retrieved from /home/airflow/.local/lib/python3.12/site-packages/airflow/example_dags/example_dag_decorator.py
[2024-04-25T13:50:54.006+0000] {logging_mixin.py:188} INFO - [2024-04-25T13:50:54.006+0000] {dag.py:3096} INFO - Sync 1 DAGs
[2024-04-25T13:50:54.022+0000] {logging_mixin.py:188} INFO - [2024-04-25T13:50:54.021+0000] {dag.py:3954} INFO - Setting next_dagrun for example_dag_decorator to None, run_after=None
[2024-04-25T13:50:54.158+0000] {processor.py:183} INFO - Processing /home/airflow/.local/lib/python3.12/site-packages/airflow/example_dags/example_dag_decorator.py took 0.288 seconds
[2024-04-25T13:51:24.210+0000] {processor.py:161} INFO - Started process (PID=6708) to work on /home/airflow/.local/lib/python3.12/site-packages/airflow/example_dags/example_dag_decorator.py
[2024-04-25T13:51:24.211+0000] {processor.py:830} INFO - Processing file /home/airflow/.local/lib/python3.12/site-packages/airflow/example_dags/example_dag_decorator.py for tasks to queue
[2024-04-25T13:51:24.213+0000] {logging_mixin.py:188} INFO - [2024-04-25T13:51:24.213+0000] {dagbag.py:540} INFO - Filling up the DagBag from /home/airflow/.local/lib/python3.12/site-packages/airflow/example_dags/example_dag_decorator.py
[2024-04-25T13:51:24.436+0000] {processor.py:840} INFO - DAG(s) 'example_dag_decorator' retrieved from /home/airflow/.local/lib/python3.12/site-packages/airflow/example_dags/example_dag_decorator.py
[2024-04-25T13:51:24.540+0000] {logging_mixin.py:188} INFO - [2024-04-25T13:51:24.539+0000] {dag.py:3096} INFO - Sync 1 DAGs
[2024-04-25T13:51:24.550+0000] {logging_mixin.py:188} INFO - [2024-04-25T13:51:24.550+0000] {dag.py:3954} INFO - Setting next_dagrun for example_dag_decorator to None, run_after=None
[2024-04-25T13:51:24.571+0000] {processor.py:183} INFO - Processing /home/airflow/.local/lib/python3.12/site-packages/airflow/example_dags/example_dag_decorator.py took 0.367 seconds
[2024-04-25T13:51:54.713+0000] {processor.py:161} INFO - Started process (PID=6970) to work on /home/airflow/.local/lib/python3.12/site-packages/airflow/example_dags/example_dag_decorator.py
[2024-04-25T13:51:54.714+0000] {processor.py:830} INFO - Processing file /home/airflow/.local/lib/python3.12/site-packages/airflow/example_dags/example_dag_decorator.py for tasks to queue
[2024-04-25T13:51:54.717+0000] {logging_mixin.py:188} INFO - [2024-04-25T13:51:54.716+0000] {dagbag.py:540} INFO - Filling up the DagBag from /home/airflow/.local/lib/python3.12/site-packages/airflow/example_dags/example_dag_decorator.py
[2024-04-25T13:51:54.932+0000] {processor.py:840} INFO - DAG(s) 'example_dag_decorator' retrieved from /home/airflow/.local/lib/python3.12/site-packages/airflow/example_dags/example_dag_decorator.py
[2024-04-25T13:51:55.035+0000] {logging_mixin.py:188} INFO - [2024-04-25T13:51:55.034+0000] {dag.py:3096} INFO - Sync 1 DAGs
[2024-04-25T13:51:55.044+0000] {logging_mixin.py:188} INFO - [2024-04-25T13:51:55.044+0000] {dag.py:3954} INFO - Setting next_dagrun for example_dag_decorator to None, run_after=None
[2024-04-25T13:51:55.064+0000] {processor.py:183} INFO - Processing /home/airflow/.local/lib/python3.12/site-packages/airflow/example_dags/example_dag_decorator.py took 0.357 seconds
[2024-04-25T13:52:25.996+0000] {processor.py:161} INFO - Started process (PID=7232) to work on /home/airflow/.local/lib/python3.12/site-packages/airflow/example_dags/example_dag_decorator.py
[2024-04-25T13:52:25.997+0000] {processor.py:830} INFO - Processing file /home/airflow/.local/lib/python3.12/site-packages/airflow/example_dags/example_dag_decorator.py for tasks to queue
[2024-04-25T13:52:25.999+0000] {logging_mixin.py:188} INFO - [2024-04-25T13:52:25.999+0000] {dagbag.py:540} INFO - Filling up the DagBag from /home/airflow/.local/lib/python3.12/site-packages/airflow/example_dags/example_dag_decorator.py
[2024-04-25T13:52:26.100+0000] {processor.py:840} INFO - DAG(s) 'example_dag_decorator' retrieved from /home/airflow/.local/lib/python3.12/site-packages/airflow/example_dags/example_dag_decorator.py
[2024-04-25T13:52:26.206+0000] {logging_mixin.py:188} INFO - [2024-04-25T13:52:26.206+0000] {dag.py:3096} INFO - Sync 1 DAGs
[2024-04-25T13:52:26.217+0000] {logging_mixin.py:188} INFO - [2024-04-25T13:52:26.217+0000] {dag.py:3954} INFO - Setting next_dagrun for example_dag_decorator to None, run_after=None
[2024-04-25T13:52:26.237+0000] {processor.py:183} INFO - Processing /home/airflow/.local/lib/python3.12/site-packages/airflow/example_dags/example_dag_decorator.py took 0.247 seconds
[2024-04-25T13:52:56.830+0000] {processor.py:161} INFO - Started process (PID=7494) to work on /home/airflow/.local/lib/python3.12/site-packages/airflow/example_dags/example_dag_decorator.py
[2024-04-25T13:52:56.831+0000] {processor.py:830} INFO - Processing file /home/airflow/.local/lib/python3.12/site-packages/airflow/example_dags/example_dag_decorator.py for tasks to queue
[2024-04-25T13:52:56.833+0000] {logging_mixin.py:188} INFO - [2024-04-25T13:52:56.832+0000] {dagbag.py:540} INFO - Filling up the DagBag from /home/airflow/.local/lib/python3.12/site-packages/airflow/example_dags/example_dag_decorator.py
[2024-04-25T13:52:56.938+0000] {processor.py:840} INFO - DAG(s) 'example_dag_decorator' retrieved from /home/airflow/.local/lib/python3.12/site-packages/airflow/example_dags/example_dag_decorator.py
[2024-04-25T13:52:57.046+0000] {logging_mixin.py:188} INFO - [2024-04-25T13:52:57.045+0000] {dag.py:3096} INFO - Sync 1 DAGs
[2024-04-25T13:52:57.057+0000] {logging_mixin.py:188} INFO - [2024-04-25T13:52:57.057+0000] {dag.py:3954} INFO - Setting next_dagrun for example_dag_decorator to None, run_after=None
[2024-04-25T13:52:57.077+0000] {processor.py:183} INFO - Processing /home/airflow/.local/lib/python3.12/site-packages/airflow/example_dags/example_dag_decorator.py took 0.254 seconds
[2024-04-25T13:53:27.242+0000] {processor.py:161} INFO - Started process (PID=7756) to work on /home/airflow/.local/lib/python3.12/site-packages/airflow/example_dags/example_dag_decorator.py
[2024-04-25T13:53:27.244+0000] {processor.py:830} INFO - Processing file /home/airflow/.local/lib/python3.12/site-packages/airflow/example_dags/example_dag_decorator.py for tasks to queue
[2024-04-25T13:53:27.246+0000] {logging_mixin.py:188} INFO - [2024-04-25T13:53:27.245+0000] {dagbag.py:540} INFO - Filling up the DagBag from /home/airflow/.local/lib/python3.12/site-packages/airflow/example_dags/example_dag_decorator.py
[2024-04-25T13:53:27.349+0000] {processor.py:840} INFO - DAG(s) 'example_dag_decorator' retrieved from /home/airflow/.local/lib/python3.12/site-packages/airflow/example_dags/example_dag_decorator.py
[2024-04-25T13:53:27.468+0000] {logging_mixin.py:188} INFO - [2024-04-25T13:53:27.467+0000] {dag.py:3096} INFO - Sync 1 DAGs
[2024-04-25T13:53:27.481+0000] {logging_mixin.py:188} INFO - [2024-04-25T13:53:27.480+0000] {dag.py:3954} INFO - Setting next_dagrun for example_dag_decorator to None, run_after=None
[2024-04-25T13:53:27.503+0000] {processor.py:183} INFO - Processing /home/airflow/.local/lib/python3.12/site-packages/airflow/example_dags/example_dag_decorator.py took 0.268 seconds
[2024-04-25T13:53:57.747+0000] {processor.py:161} INFO - Started process (PID=8018) to work on /home/airflow/.local/lib/python3.12/site-packages/airflow/example_dags/example_dag_decorator.py
[2024-04-25T13:53:57.748+0000] {processor.py:830} INFO - Processing file /home/airflow/.local/lib/python3.12/site-packages/airflow/example_dags/example_dag_decorator.py for tasks to queue
[2024-04-25T13:53:57.750+0000] {logging_mixin.py:188} INFO - [2024-04-25T13:53:57.750+0000] {dagbag.py:540} INFO - Filling up the DagBag from /home/airflow/.local/lib/python3.12/site-packages/airflow/example_dags/example_dag_decorator.py
[2024-04-25T13:53:57.850+0000] {processor.py:840} INFO - DAG(s) 'example_dag_decorator' retrieved from /home/airflow/.local/lib/python3.12/site-packages/airflow/example_dags/example_dag_decorator.py
[2024-04-25T13:53:57.960+0000] {logging_mixin.py:188} INFO - [2024-04-25T13:53:57.959+0000] {dag.py:3096} INFO - Sync 1 DAGs
[2024-04-25T13:53:57.971+0000] {logging_mixin.py:188} INFO - [2024-04-25T13:53:57.971+0000] {dag.py:3954} INFO - Setting next_dagrun for example_dag_decorator to None, run_after=None
[2024-04-25T13:53:57.995+0000] {processor.py:183} INFO - Processing /home/airflow/.local/lib/python3.12/site-packages/airflow/example_dags/example_dag_decorator.py took 0.255 seconds
[2024-04-25T13:54:28.083+0000] {processor.py:161} INFO - Started process (PID=8280) to work on /home/airflow/.local/lib/python3.12/site-packages/airflow/example_dags/example_dag_decorator.py
[2024-04-25T13:54:28.084+0000] {processor.py:830} INFO - Processing file /home/airflow/.local/lib/python3.12/site-packages/airflow/example_dags/example_dag_decorator.py for tasks to queue
[2024-04-25T13:54:28.086+0000] {logging_mixin.py:188} INFO - [2024-04-25T13:54:28.086+0000] {dagbag.py:540} INFO - Filling up the DagBag from /home/airflow/.local/lib/python3.12/site-packages/airflow/example_dags/example_dag_decorator.py
[2024-04-25T13:54:28.190+0000] {processor.py:840} INFO - DAG(s) 'example_dag_decorator' retrieved from /home/airflow/.local/lib/python3.12/site-packages/airflow/example_dags/example_dag_decorator.py
[2024-04-25T13:54:28.218+0000] {logging_mixin.py:188} INFO - [2024-04-25T13:54:28.218+0000] {dag.py:3096} INFO - Sync 1 DAGs
[2024-04-25T13:54:28.232+0000] {logging_mixin.py:188} INFO - [2024-04-25T13:54:28.232+0000] {dag.py:3954} INFO - Setting next_dagrun for example_dag_decorator to None, run_after=None
[2024-04-25T13:54:28.251+0000] {processor.py:183} INFO - Processing /home/airflow/.local/lib/python3.12/site-packages/airflow/example_dags/example_dag_decorator.py took 0.174 seconds
[2024-04-25T13:54:58.838+0000] {processor.py:161} INFO - Started process (PID=8542) to work on /home/airflow/.local/lib/python3.12/site-packages/airflow/example_dags/example_dag_decorator.py
[2024-04-25T13:54:58.839+0000] {processor.py:830} INFO - Processing file /home/airflow/.local/lib/python3.12/site-packages/airflow/example_dags/example_dag_decorator.py for tasks to queue
[2024-04-25T13:54:58.841+0000] {logging_mixin.py:188} INFO - [2024-04-25T13:54:58.841+0000] {dagbag.py:540} INFO - Filling up the DagBag from /home/airflow/.local/lib/python3.12/site-packages/airflow/example_dags/example_dag_decorator.py
[2024-04-25T13:54:58.943+0000] {processor.py:840} INFO - DAG(s) 'example_dag_decorator' retrieved from /home/airflow/.local/lib/python3.12/site-packages/airflow/example_dags/example_dag_decorator.py
[2024-04-25T13:54:58.967+0000] {logging_mixin.py:188} INFO - [2024-04-25T13:54:58.967+0000] {dag.py:3096} INFO - Sync 1 DAGs
[2024-04-25T13:54:58.980+0000] {logging_mixin.py:188} INFO - [2024-04-25T13:54:58.980+0000] {dag.py:3954} INFO - Setting next_dagrun for example_dag_decorator to None, run_after=None
[2024-04-25T13:54:59.000+0000] {processor.py:183} INFO - Processing /home/airflow/.local/lib/python3.12/site-packages/airflow/example_dags/example_dag_decorator.py took 0.169 seconds
[2024-04-25T13:55:29.337+0000] {processor.py:161} INFO - Started process (PID=8805) to work on /home/airflow/.local/lib/python3.12/site-packages/airflow/example_dags/example_dag_decorator.py
[2024-04-25T13:55:29.338+0000] {processor.py:830} INFO - Processing file /home/airflow/.local/lib/python3.12/site-packages/airflow/example_dags/example_dag_decorator.py for tasks to queue
[2024-04-25T13:55:29.341+0000] {logging_mixin.py:188} INFO - [2024-04-25T13:55:29.340+0000] {dagbag.py:540} INFO - Filling up the DagBag from /home/airflow/.local/lib/python3.12/site-packages/airflow/example_dags/example_dag_decorator.py
[2024-04-25T13:55:29.452+0000] {processor.py:840} INFO - DAG(s) 'example_dag_decorator' retrieved from /home/airflow/.local/lib/python3.12/site-packages/airflow/example_dags/example_dag_decorator.py
[2024-04-25T13:55:29.479+0000] {logging_mixin.py:188} INFO - [2024-04-25T13:55:29.479+0000] {dag.py:3096} INFO - Sync 1 DAGs
[2024-04-25T13:55:29.493+0000] {logging_mixin.py:188} INFO - [2024-04-25T13:55:29.493+0000] {dag.py:3954} INFO - Setting next_dagrun for example_dag_decorator to None, run_after=None
[2024-04-25T13:55:29.515+0000] {processor.py:183} INFO - Processing /home/airflow/.local/lib/python3.12/site-packages/airflow/example_dags/example_dag_decorator.py took 0.184 seconds
[2024-04-25T13:55:59.557+0000] {processor.py:161} INFO - Started process (PID=9067) to work on /home/airflow/.local/lib/python3.12/site-packages/airflow/example_dags/example_dag_decorator.py
[2024-04-25T13:55:59.558+0000] {processor.py:830} INFO - Processing file /home/airflow/.local/lib/python3.12/site-packages/airflow/example_dags/example_dag_decorator.py for tasks to queue
[2024-04-25T13:55:59.560+0000] {logging_mixin.py:188} INFO - [2024-04-25T13:55:59.559+0000] {dagbag.py:540} INFO - Filling up the DagBag from /home/airflow/.local/lib/python3.12/site-packages/airflow/example_dags/example_dag_decorator.py
[2024-04-25T13:55:59.659+0000] {processor.py:840} INFO - DAG(s) 'example_dag_decorator' retrieved from /home/airflow/.local/lib/python3.12/site-packages/airflow/example_dags/example_dag_decorator.py
[2024-04-25T13:55:59.764+0000] {logging_mixin.py:188} INFO - [2024-04-25T13:55:59.763+0000] {dag.py:3096} INFO - Sync 1 DAGs
[2024-04-25T13:55:59.774+0000] {logging_mixin.py:188} INFO - [2024-04-25T13:55:59.774+0000] {dag.py:3954} INFO - Setting next_dagrun for example_dag_decorator to None, run_after=None
[2024-04-25T13:55:59.795+0000] {processor.py:183} INFO - Processing /home/airflow/.local/lib/python3.12/site-packages/airflow/example_dags/example_dag_decorator.py took 0.245 seconds
[2024-04-25T13:58:18.541+0000] {processor.py:161} INFO - Started process (PID=352) to work on /home/airflow/.local/lib/python3.12/site-packages/airflow/example_dags/example_dag_decorator.py
[2024-04-25T13:58:18.542+0000] {processor.py:830} INFO - Processing file /home/airflow/.local/lib/python3.12/site-packages/airflow/example_dags/example_dag_decorator.py for tasks to queue
[2024-04-25T13:58:18.544+0000] {logging_mixin.py:188} INFO - [2024-04-25T13:58:18.544+0000] {dagbag.py:540} INFO - Filling up the DagBag from /home/airflow/.local/lib/python3.12/site-packages/airflow/example_dags/example_dag_decorator.py
[2024-04-25T13:58:18.868+0000] {processor.py:840} INFO - DAG(s) 'example_dag_decorator' retrieved from /home/airflow/.local/lib/python3.12/site-packages/airflow/example_dags/example_dag_decorator.py
[2024-04-25T13:58:18.881+0000] {logging_mixin.py:188} INFO - [2024-04-25T13:58:18.881+0000] {dag.py:3096} INFO - Sync 1 DAGs
[2024-04-25T13:58:18.898+0000] {logging_mixin.py:188} INFO - [2024-04-25T13:58:18.898+0000] {dag.py:3954} INFO - Setting next_dagrun for example_dag_decorator to None, run_after=None
[2024-04-25T13:58:18.924+0000] {processor.py:183} INFO - Processing /home/airflow/.local/lib/python3.12/site-packages/airflow/example_dags/example_dag_decorator.py took 0.389 seconds
[2024-04-25T13:58:50.683+0000] {processor.py:161} INFO - Started process (PID=614) to work on /home/airflow/.local/lib/python3.12/site-packages/airflow/example_dags/example_dag_decorator.py
[2024-04-25T13:58:50.684+0000] {processor.py:830} INFO - Processing file /home/airflow/.local/lib/python3.12/site-packages/airflow/example_dags/example_dag_decorator.py for tasks to queue
[2024-04-25T13:58:50.686+0000] {logging_mixin.py:188} INFO - [2024-04-25T13:58:50.686+0000] {dagbag.py:540} INFO - Filling up the DagBag from /home/airflow/.local/lib/python3.12/site-packages/airflow/example_dags/example_dag_decorator.py
[2024-04-25T13:58:50.786+0000] {processor.py:840} INFO - DAG(s) 'example_dag_decorator' retrieved from /home/airflow/.local/lib/python3.12/site-packages/airflow/example_dags/example_dag_decorator.py
[2024-04-25T13:58:50.895+0000] {logging_mixin.py:188} INFO - [2024-04-25T13:58:50.895+0000] {dag.py:3096} INFO - Sync 1 DAGs
[2024-04-25T13:58:50.907+0000] {logging_mixin.py:188} INFO - [2024-04-25T13:58:50.906+0000] {dag.py:3954} INFO - Setting next_dagrun for example_dag_decorator to None, run_after=None
[2024-04-25T13:58:50.928+0000] {processor.py:183} INFO - Processing /home/airflow/.local/lib/python3.12/site-packages/airflow/example_dags/example_dag_decorator.py took 0.251 seconds
