[2024-04-25T13:39:02.907+0000] {processor.py:161} INFO - Started process (PID=177) to work on /home/airflow/.local/lib/python3.12/site-packages/airflow/example_dags/example_latest_only_with_trigger.py
[2024-04-25T13:39:02.909+0000] {processor.py:830} INFO - Processing file /home/airflow/.local/lib/python3.12/site-packages/airflow/example_dags/example_latest_only_with_trigger.py for tasks to queue
[2024-04-25T13:39:02.911+0000] {logging_mixin.py:188} INFO - [2024-04-25T13:39:02.911+0000] {dagbag.py:540} INFO - Filling up the DagBag from /home/airflow/.local/lib/python3.12/site-packages/airflow/example_dags/example_latest_only_with_trigger.py
[2024-04-25T13:39:02.928+0000] {processor.py:840} INFO - DAG(s) 'latest_only_with_trigger' retrieved from /home/airflow/.local/lib/python3.12/site-packages/airflow/example_dags/example_latest_only_with_trigger.py
[2024-04-25T13:39:03.119+0000] {logging_mixin.py:188} INFO - [2024-04-25T13:39:03.118+0000] {dag.py:3096} INFO - Sync 1 DAGs
[2024-04-25T13:39:03.174+0000] {logging_mixin.py:188} INFO - [2024-04-25T13:39:03.174+0000] {dag.py:3954} INFO - Setting next_dagrun for latest_only_with_trigger to 2024-04-25 08:00:00+00:00, run_after=2024-04-25 12:00:00+00:00
[2024-04-25T13:39:03.214+0000] {processor.py:183} INFO - Processing /home/airflow/.local/lib/python3.12/site-packages/airflow/example_dags/example_latest_only_with_trigger.py took 0.315 seconds
[2024-04-25T13:39:33.601+0000] {processor.py:161} INFO - Started process (PID=440) to work on /home/airflow/.local/lib/python3.12/site-packages/airflow/example_dags/example_latest_only_with_trigger.py
[2024-04-25T13:39:33.602+0000] {processor.py:830} INFO - Processing file /home/airflow/.local/lib/python3.12/site-packages/airflow/example_dags/example_latest_only_with_trigger.py for tasks to queue
[2024-04-25T13:39:33.613+0000] {logging_mixin.py:188} INFO - [2024-04-25T13:39:33.610+0000] {dagbag.py:540} INFO - Filling up the DagBag from /home/airflow/.local/lib/python3.12/site-packages/airflow/example_dags/example_latest_only_with_trigger.py
[2024-04-25T13:39:33.664+0000] {processor.py:840} INFO - DAG(s) 'latest_only_with_trigger' retrieved from /home/airflow/.local/lib/python3.12/site-packages/airflow/example_dags/example_latest_only_with_trigger.py
[2024-04-25T13:39:33.809+0000] {logging_mixin.py:188} INFO - [2024-04-25T13:39:33.809+0000] {dag.py:3096} INFO - Sync 1 DAGs
[2024-04-25T13:39:33.888+0000] {logging_mixin.py:188} INFO - [2024-04-25T13:39:33.887+0000] {dag.py:3954} INFO - Setting next_dagrun for latest_only_with_trigger to 2024-04-25 08:00:00+00:00, run_after=2024-04-25 12:00:00+00:00
[2024-04-25T13:39:33.922+0000] {processor.py:183} INFO - Processing /home/airflow/.local/lib/python3.12/site-packages/airflow/example_dags/example_latest_only_with_trigger.py took 0.328 seconds
[2024-04-25T13:40:04.142+0000] {processor.py:161} INFO - Started process (PID=703) to work on /home/airflow/.local/lib/python3.12/site-packages/airflow/example_dags/example_latest_only_with_trigger.py
[2024-04-25T13:40:04.143+0000] {processor.py:830} INFO - Processing file /home/airflow/.local/lib/python3.12/site-packages/airflow/example_dags/example_latest_only_with_trigger.py for tasks to queue
[2024-04-25T13:40:04.145+0000] {logging_mixin.py:188} INFO - [2024-04-25T13:40:04.145+0000] {dagbag.py:540} INFO - Filling up the DagBag from /home/airflow/.local/lib/python3.12/site-packages/airflow/example_dags/example_latest_only_with_trigger.py
[2024-04-25T13:40:04.150+0000] {processor.py:840} INFO - DAG(s) 'latest_only_with_trigger' retrieved from /home/airflow/.local/lib/python3.12/site-packages/airflow/example_dags/example_latest_only_with_trigger.py
[2024-04-25T13:40:04.172+0000] {logging_mixin.py:188} INFO - [2024-04-25T13:40:04.172+0000] {dag.py:3096} INFO - Sync 1 DAGs
[2024-04-25T13:40:04.196+0000] {logging_mixin.py:188} INFO - [2024-04-25T13:40:04.196+0000] {dag.py:3954} INFO - Setting next_dagrun for latest_only_with_trigger to 2024-04-25 08:00:00+00:00, run_after=2024-04-25 12:00:00+00:00
[2024-04-25T13:40:04.216+0000] {processor.py:183} INFO - Processing /home/airflow/.local/lib/python3.12/site-packages/airflow/example_dags/example_latest_only_with_trigger.py took 0.080 seconds
[2024-04-25T13:40:34.714+0000] {processor.py:161} INFO - Started process (PID=965) to work on /home/airflow/.local/lib/python3.12/site-packages/airflow/example_dags/example_latest_only_with_trigger.py
[2024-04-25T13:40:34.715+0000] {processor.py:830} INFO - Processing file /home/airflow/.local/lib/python3.12/site-packages/airflow/example_dags/example_latest_only_with_trigger.py for tasks to queue
[2024-04-25T13:40:34.717+0000] {logging_mixin.py:188} INFO - [2024-04-25T13:40:34.717+0000] {dagbag.py:540} INFO - Filling up the DagBag from /home/airflow/.local/lib/python3.12/site-packages/airflow/example_dags/example_latest_only_with_trigger.py
[2024-04-25T13:40:34.722+0000] {processor.py:840} INFO - DAG(s) 'latest_only_with_trigger' retrieved from /home/airflow/.local/lib/python3.12/site-packages/airflow/example_dags/example_latest_only_with_trigger.py
[2024-04-25T13:40:34.744+0000] {logging_mixin.py:188} INFO - [2024-04-25T13:40:34.744+0000] {dag.py:3096} INFO - Sync 1 DAGs
[2024-04-25T13:40:34.768+0000] {logging_mixin.py:188} INFO - [2024-04-25T13:40:34.767+0000] {dag.py:3954} INFO - Setting next_dagrun for latest_only_with_trigger to 2024-04-25 08:00:00+00:00, run_after=2024-04-25 12:00:00+00:00
[2024-04-25T13:40:34.788+0000] {processor.py:183} INFO - Processing /home/airflow/.local/lib/python3.12/site-packages/airflow/example_dags/example_latest_only_with_trigger.py took 0.080 seconds
[2024-04-25T13:41:05.130+0000] {processor.py:161} INFO - Started process (PID=1227) to work on /home/airflow/.local/lib/python3.12/site-packages/airflow/example_dags/example_latest_only_with_trigger.py
[2024-04-25T13:41:05.131+0000] {processor.py:830} INFO - Processing file /home/airflow/.local/lib/python3.12/site-packages/airflow/example_dags/example_latest_only_with_trigger.py for tasks to queue
[2024-04-25T13:41:05.133+0000] {logging_mixin.py:188} INFO - [2024-04-25T13:41:05.133+0000] {dagbag.py:540} INFO - Filling up the DagBag from /home/airflow/.local/lib/python3.12/site-packages/airflow/example_dags/example_latest_only_with_trigger.py
[2024-04-25T13:41:05.138+0000] {processor.py:840} INFO - DAG(s) 'latest_only_with_trigger' retrieved from /home/airflow/.local/lib/python3.12/site-packages/airflow/example_dags/example_latest_only_with_trigger.py
[2024-04-25T13:41:05.162+0000] {logging_mixin.py:188} INFO - [2024-04-25T13:41:05.161+0000] {dag.py:3096} INFO - Sync 1 DAGs
[2024-04-25T13:41:05.185+0000] {logging_mixin.py:188} INFO - [2024-04-25T13:41:05.185+0000] {dag.py:3954} INFO - Setting next_dagrun for latest_only_with_trigger to 2024-04-25 08:00:00+00:00, run_after=2024-04-25 12:00:00+00:00
[2024-04-25T13:41:05.207+0000] {processor.py:183} INFO - Processing /home/airflow/.local/lib/python3.12/site-packages/airflow/example_dags/example_latest_only_with_trigger.py took 0.085 seconds
[2024-04-25T13:41:35.739+0000] {processor.py:161} INFO - Started process (PID=1489) to work on /home/airflow/.local/lib/python3.12/site-packages/airflow/example_dags/example_latest_only_with_trigger.py
[2024-04-25T13:41:35.740+0000] {processor.py:830} INFO - Processing file /home/airflow/.local/lib/python3.12/site-packages/airflow/example_dags/example_latest_only_with_trigger.py for tasks to queue
[2024-04-25T13:41:35.742+0000] {logging_mixin.py:188} INFO - [2024-04-25T13:41:35.742+0000] {dagbag.py:540} INFO - Filling up the DagBag from /home/airflow/.local/lib/python3.12/site-packages/airflow/example_dags/example_latest_only_with_trigger.py
[2024-04-25T13:41:35.748+0000] {processor.py:840} INFO - DAG(s) 'latest_only_with_trigger' retrieved from /home/airflow/.local/lib/python3.12/site-packages/airflow/example_dags/example_latest_only_with_trigger.py
[2024-04-25T13:41:35.770+0000] {logging_mixin.py:188} INFO - [2024-04-25T13:41:35.770+0000] {dag.py:3096} INFO - Sync 1 DAGs
[2024-04-25T13:41:35.794+0000] {logging_mixin.py:188} INFO - [2024-04-25T13:41:35.794+0000] {dag.py:3954} INFO - Setting next_dagrun for latest_only_with_trigger to 2024-04-25 08:00:00+00:00, run_after=2024-04-25 12:00:00+00:00
[2024-04-25T13:41:35.818+0000] {processor.py:183} INFO - Processing /home/airflow/.local/lib/python3.12/site-packages/airflow/example_dags/example_latest_only_with_trigger.py took 0.084 seconds
[2024-04-25T13:42:06.011+0000] {processor.py:161} INFO - Started process (PID=1751) to work on /home/airflow/.local/lib/python3.12/site-packages/airflow/example_dags/example_latest_only_with_trigger.py
[2024-04-25T13:42:06.012+0000] {processor.py:830} INFO - Processing file /home/airflow/.local/lib/python3.12/site-packages/airflow/example_dags/example_latest_only_with_trigger.py for tasks to queue
[2024-04-25T13:42:06.014+0000] {logging_mixin.py:188} INFO - [2024-04-25T13:42:06.014+0000] {dagbag.py:540} INFO - Filling up the DagBag from /home/airflow/.local/lib/python3.12/site-packages/airflow/example_dags/example_latest_only_with_trigger.py
[2024-04-25T13:42:06.019+0000] {processor.py:840} INFO - DAG(s) 'latest_only_with_trigger' retrieved from /home/airflow/.local/lib/python3.12/site-packages/airflow/example_dags/example_latest_only_with_trigger.py
[2024-04-25T13:42:06.041+0000] {logging_mixin.py:188} INFO - [2024-04-25T13:42:06.041+0000] {dag.py:3096} INFO - Sync 1 DAGs
[2024-04-25T13:42:06.066+0000] {logging_mixin.py:188} INFO - [2024-04-25T13:42:06.066+0000] {dag.py:3954} INFO - Setting next_dagrun for latest_only_with_trigger to 2024-04-25 08:00:00+00:00, run_after=2024-04-25 12:00:00+00:00
[2024-04-25T13:42:06.087+0000] {processor.py:183} INFO - Processing /home/airflow/.local/lib/python3.12/site-packages/airflow/example_dags/example_latest_only_with_trigger.py took 0.082 seconds
[2024-04-25T13:42:36.550+0000] {processor.py:161} INFO - Started process (PID=2013) to work on /home/airflow/.local/lib/python3.12/site-packages/airflow/example_dags/example_latest_only_with_trigger.py
[2024-04-25T13:42:36.552+0000] {processor.py:830} INFO - Processing file /home/airflow/.local/lib/python3.12/site-packages/airflow/example_dags/example_latest_only_with_trigger.py for tasks to queue
[2024-04-25T13:42:36.554+0000] {logging_mixin.py:188} INFO - [2024-04-25T13:42:36.553+0000] {dagbag.py:540} INFO - Filling up the DagBag from /home/airflow/.local/lib/python3.12/site-packages/airflow/example_dags/example_latest_only_with_trigger.py
[2024-04-25T13:42:36.559+0000] {processor.py:840} INFO - DAG(s) 'latest_only_with_trigger' retrieved from /home/airflow/.local/lib/python3.12/site-packages/airflow/example_dags/example_latest_only_with_trigger.py
[2024-04-25T13:42:36.582+0000] {logging_mixin.py:188} INFO - [2024-04-25T13:42:36.582+0000] {dag.py:3096} INFO - Sync 1 DAGs
[2024-04-25T13:42:36.606+0000] {logging_mixin.py:188} INFO - [2024-04-25T13:42:36.605+0000] {dag.py:3954} INFO - Setting next_dagrun for latest_only_with_trigger to 2024-04-25 08:00:00+00:00, run_after=2024-04-25 12:00:00+00:00
[2024-04-25T13:42:36.626+0000] {processor.py:183} INFO - Processing /home/airflow/.local/lib/python3.12/site-packages/airflow/example_dags/example_latest_only_with_trigger.py took 0.082 seconds
[2024-04-25T13:43:07.057+0000] {processor.py:161} INFO - Started process (PID=2275) to work on /home/airflow/.local/lib/python3.12/site-packages/airflow/example_dags/example_latest_only_with_trigger.py
[2024-04-25T13:43:07.058+0000] {processor.py:830} INFO - Processing file /home/airflow/.local/lib/python3.12/site-packages/airflow/example_dags/example_latest_only_with_trigger.py for tasks to queue
[2024-04-25T13:43:07.060+0000] {logging_mixin.py:188} INFO - [2024-04-25T13:43:07.060+0000] {dagbag.py:540} INFO - Filling up the DagBag from /home/airflow/.local/lib/python3.12/site-packages/airflow/example_dags/example_latest_only_with_trigger.py
[2024-04-25T13:43:07.065+0000] {processor.py:840} INFO - DAG(s) 'latest_only_with_trigger' retrieved from /home/airflow/.local/lib/python3.12/site-packages/airflow/example_dags/example_latest_only_with_trigger.py
[2024-04-25T13:43:07.087+0000] {logging_mixin.py:188} INFO - [2024-04-25T13:43:07.087+0000] {dag.py:3096} INFO - Sync 1 DAGs
[2024-04-25T13:43:07.109+0000] {logging_mixin.py:188} INFO - [2024-04-25T13:43:07.109+0000] {dag.py:3954} INFO - Setting next_dagrun for latest_only_with_trigger to 2024-04-25 08:00:00+00:00, run_after=2024-04-25 12:00:00+00:00
[2024-04-25T13:43:07.129+0000] {processor.py:183} INFO - Processing /home/airflow/.local/lib/python3.12/site-packages/airflow/example_dags/example_latest_only_with_trigger.py took 0.079 seconds
[2024-04-25T13:43:37.548+0000] {processor.py:161} INFO - Started process (PID=2537) to work on /home/airflow/.local/lib/python3.12/site-packages/airflow/example_dags/example_latest_only_with_trigger.py
[2024-04-25T13:43:37.549+0000] {processor.py:830} INFO - Processing file /home/airflow/.local/lib/python3.12/site-packages/airflow/example_dags/example_latest_only_with_trigger.py for tasks to queue
[2024-04-25T13:43:37.551+0000] {logging_mixin.py:188} INFO - [2024-04-25T13:43:37.551+0000] {dagbag.py:540} INFO - Filling up the DagBag from /home/airflow/.local/lib/python3.12/site-packages/airflow/example_dags/example_latest_only_with_trigger.py
[2024-04-25T13:43:37.557+0000] {processor.py:840} INFO - DAG(s) 'latest_only_with_trigger' retrieved from /home/airflow/.local/lib/python3.12/site-packages/airflow/example_dags/example_latest_only_with_trigger.py
[2024-04-25T13:43:37.580+0000] {logging_mixin.py:188} INFO - [2024-04-25T13:43:37.579+0000] {dag.py:3096} INFO - Sync 1 DAGs
[2024-04-25T13:43:37.603+0000] {logging_mixin.py:188} INFO - [2024-04-25T13:43:37.603+0000] {dag.py:3954} INFO - Setting next_dagrun for latest_only_with_trigger to 2024-04-25 08:00:00+00:00, run_after=2024-04-25 12:00:00+00:00
[2024-04-25T13:43:37.624+0000] {processor.py:183} INFO - Processing /home/airflow/.local/lib/python3.12/site-packages/airflow/example_dags/example_latest_only_with_trigger.py took 0.082 seconds
[2024-04-25T13:44:07.997+0000] {processor.py:161} INFO - Started process (PID=2799) to work on /home/airflow/.local/lib/python3.12/site-packages/airflow/example_dags/example_latest_only_with_trigger.py
[2024-04-25T13:44:07.998+0000] {processor.py:830} INFO - Processing file /home/airflow/.local/lib/python3.12/site-packages/airflow/example_dags/example_latest_only_with_trigger.py for tasks to queue
[2024-04-25T13:44:08.000+0000] {logging_mixin.py:188} INFO - [2024-04-25T13:44:08.000+0000] {dagbag.py:540} INFO - Filling up the DagBag from /home/airflow/.local/lib/python3.12/site-packages/airflow/example_dags/example_latest_only_with_trigger.py
[2024-04-25T13:44:08.007+0000] {processor.py:840} INFO - DAG(s) 'latest_only_with_trigger' retrieved from /home/airflow/.local/lib/python3.12/site-packages/airflow/example_dags/example_latest_only_with_trigger.py
[2024-04-25T13:44:08.032+0000] {logging_mixin.py:188} INFO - [2024-04-25T13:44:08.032+0000] {dag.py:3096} INFO - Sync 1 DAGs
[2024-04-25T13:44:08.059+0000] {logging_mixin.py:188} INFO - [2024-04-25T13:44:08.058+0000] {dag.py:3954} INFO - Setting next_dagrun for latest_only_with_trigger to 2024-04-25 08:00:00+00:00, run_after=2024-04-25 12:00:00+00:00
[2024-04-25T13:44:08.100+0000] {processor.py:183} INFO - Processing /home/airflow/.local/lib/python3.12/site-packages/airflow/example_dags/example_latest_only_with_trigger.py took 0.109 seconds
[2024-04-25T13:44:38.349+0000] {processor.py:161} INFO - Started process (PID=3067) to work on /home/airflow/.local/lib/python3.12/site-packages/airflow/example_dags/example_latest_only_with_trigger.py
[2024-04-25T13:44:38.350+0000] {processor.py:830} INFO - Processing file /home/airflow/.local/lib/python3.12/site-packages/airflow/example_dags/example_latest_only_with_trigger.py for tasks to queue
[2024-04-25T13:44:38.352+0000] {logging_mixin.py:188} INFO - [2024-04-25T13:44:38.352+0000] {dagbag.py:540} INFO - Filling up the DagBag from /home/airflow/.local/lib/python3.12/site-packages/airflow/example_dags/example_latest_only_with_trigger.py
[2024-04-25T13:44:38.358+0000] {processor.py:840} INFO - DAG(s) 'latest_only_with_trigger' retrieved from /home/airflow/.local/lib/python3.12/site-packages/airflow/example_dags/example_latest_only_with_trigger.py
[2024-04-25T13:44:38.380+0000] {logging_mixin.py:188} INFO - [2024-04-25T13:44:38.380+0000] {dag.py:3096} INFO - Sync 1 DAGs
[2024-04-25T13:44:38.403+0000] {logging_mixin.py:188} INFO - [2024-04-25T13:44:38.402+0000] {dag.py:3954} INFO - Setting next_dagrun for latest_only_with_trigger to 2024-04-25 08:00:00+00:00, run_after=2024-04-25 12:00:00+00:00
[2024-04-25T13:44:38.424+0000] {processor.py:183} INFO - Processing /home/airflow/.local/lib/python3.12/site-packages/airflow/example_dags/example_latest_only_with_trigger.py took 0.081 seconds
[2024-04-25T13:45:08.906+0000] {processor.py:161} INFO - Started process (PID=3329) to work on /home/airflow/.local/lib/python3.12/site-packages/airflow/example_dags/example_latest_only_with_trigger.py
[2024-04-25T13:45:08.907+0000] {processor.py:830} INFO - Processing file /home/airflow/.local/lib/python3.12/site-packages/airflow/example_dags/example_latest_only_with_trigger.py for tasks to queue
[2024-04-25T13:45:08.910+0000] {logging_mixin.py:188} INFO - [2024-04-25T13:45:08.909+0000] {dagbag.py:540} INFO - Filling up the DagBag from /home/airflow/.local/lib/python3.12/site-packages/airflow/example_dags/example_latest_only_with_trigger.py
[2024-04-25T13:45:08.915+0000] {processor.py:840} INFO - DAG(s) 'latest_only_with_trigger' retrieved from /home/airflow/.local/lib/python3.12/site-packages/airflow/example_dags/example_latest_only_with_trigger.py
[2024-04-25T13:45:08.935+0000] {logging_mixin.py:188} INFO - [2024-04-25T13:45:08.935+0000] {dag.py:3096} INFO - Sync 1 DAGs
[2024-04-25T13:45:08.957+0000] {logging_mixin.py:188} INFO - [2024-04-25T13:45:08.957+0000] {dag.py:3954} INFO - Setting next_dagrun for latest_only_with_trigger to 2024-04-25 08:00:00+00:00, run_after=2024-04-25 12:00:00+00:00
[2024-04-25T13:45:08.977+0000] {processor.py:183} INFO - Processing /home/airflow/.local/lib/python3.12/site-packages/airflow/example_dags/example_latest_only_with_trigger.py took 0.076 seconds
[2024-04-25T13:45:39.280+0000] {processor.py:161} INFO - Started process (PID=3591) to work on /home/airflow/.local/lib/python3.12/site-packages/airflow/example_dags/example_latest_only_with_trigger.py
[2024-04-25T13:45:39.281+0000] {processor.py:830} INFO - Processing file /home/airflow/.local/lib/python3.12/site-packages/airflow/example_dags/example_latest_only_with_trigger.py for tasks to queue
[2024-04-25T13:45:39.283+0000] {logging_mixin.py:188} INFO - [2024-04-25T13:45:39.283+0000] {dagbag.py:540} INFO - Filling up the DagBag from /home/airflow/.local/lib/python3.12/site-packages/airflow/example_dags/example_latest_only_with_trigger.py
[2024-04-25T13:45:39.289+0000] {processor.py:840} INFO - DAG(s) 'latest_only_with_trigger' retrieved from /home/airflow/.local/lib/python3.12/site-packages/airflow/example_dags/example_latest_only_with_trigger.py
[2024-04-25T13:45:39.312+0000] {logging_mixin.py:188} INFO - [2024-04-25T13:45:39.312+0000] {dag.py:3096} INFO - Sync 1 DAGs
[2024-04-25T13:45:39.335+0000] {logging_mixin.py:188} INFO - [2024-04-25T13:45:39.335+0000] {dag.py:3954} INFO - Setting next_dagrun for latest_only_with_trigger to 2024-04-25 08:00:00+00:00, run_after=2024-04-25 12:00:00+00:00
[2024-04-25T13:45:39.355+0000] {processor.py:183} INFO - Processing /home/airflow/.local/lib/python3.12/site-packages/airflow/example_dags/example_latest_only_with_trigger.py took 0.082 seconds
[2024-04-25T13:46:09.449+0000] {processor.py:161} INFO - Started process (PID=3853) to work on /home/airflow/.local/lib/python3.12/site-packages/airflow/example_dags/example_latest_only_with_trigger.py
[2024-04-25T13:46:09.450+0000] {processor.py:830} INFO - Processing file /home/airflow/.local/lib/python3.12/site-packages/airflow/example_dags/example_latest_only_with_trigger.py for tasks to queue
[2024-04-25T13:46:09.452+0000] {logging_mixin.py:188} INFO - [2024-04-25T13:46:09.452+0000] {dagbag.py:540} INFO - Filling up the DagBag from /home/airflow/.local/lib/python3.12/site-packages/airflow/example_dags/example_latest_only_with_trigger.py
[2024-04-25T13:46:09.458+0000] {processor.py:840} INFO - DAG(s) 'latest_only_with_trigger' retrieved from /home/airflow/.local/lib/python3.12/site-packages/airflow/example_dags/example_latest_only_with_trigger.py
[2024-04-25T13:46:09.484+0000] {logging_mixin.py:188} INFO - [2024-04-25T13:46:09.483+0000] {dag.py:3096} INFO - Sync 1 DAGs
[2024-04-25T13:46:09.507+0000] {logging_mixin.py:188} INFO - [2024-04-25T13:46:09.507+0000] {dag.py:3954} INFO - Setting next_dagrun for latest_only_with_trigger to 2024-04-25 08:00:00+00:00, run_after=2024-04-25 12:00:00+00:00
[2024-04-25T13:46:09.527+0000] {processor.py:183} INFO - Processing /home/airflow/.local/lib/python3.12/site-packages/airflow/example_dags/example_latest_only_with_trigger.py took 0.085 seconds
[2024-04-25T13:46:39.842+0000] {processor.py:161} INFO - Started process (PID=4115) to work on /home/airflow/.local/lib/python3.12/site-packages/airflow/example_dags/example_latest_only_with_trigger.py
[2024-04-25T13:46:39.843+0000] {processor.py:830} INFO - Processing file /home/airflow/.local/lib/python3.12/site-packages/airflow/example_dags/example_latest_only_with_trigger.py for tasks to queue
[2024-04-25T13:46:39.845+0000] {logging_mixin.py:188} INFO - [2024-04-25T13:46:39.845+0000] {dagbag.py:540} INFO - Filling up the DagBag from /home/airflow/.local/lib/python3.12/site-packages/airflow/example_dags/example_latest_only_with_trigger.py
[2024-04-25T13:46:39.851+0000] {processor.py:840} INFO - DAG(s) 'latest_only_with_trigger' retrieved from /home/airflow/.local/lib/python3.12/site-packages/airflow/example_dags/example_latest_only_with_trigger.py
[2024-04-25T13:46:39.872+0000] {logging_mixin.py:188} INFO - [2024-04-25T13:46:39.872+0000] {dag.py:3096} INFO - Sync 1 DAGs
[2024-04-25T13:46:39.894+0000] {logging_mixin.py:188} INFO - [2024-04-25T13:46:39.893+0000] {dag.py:3954} INFO - Setting next_dagrun for latest_only_with_trigger to 2024-04-25 08:00:00+00:00, run_after=2024-04-25 12:00:00+00:00
[2024-04-25T13:46:39.914+0000] {processor.py:183} INFO - Processing /home/airflow/.local/lib/python3.12/site-packages/airflow/example_dags/example_latest_only_with_trigger.py took 0.077 seconds
[2024-04-25T13:47:10.256+0000] {processor.py:161} INFO - Started process (PID=4377) to work on /home/airflow/.local/lib/python3.12/site-packages/airflow/example_dags/example_latest_only_with_trigger.py
[2024-04-25T13:47:10.257+0000] {processor.py:830} INFO - Processing file /home/airflow/.local/lib/python3.12/site-packages/airflow/example_dags/example_latest_only_with_trigger.py for tasks to queue
[2024-04-25T13:47:10.259+0000] {logging_mixin.py:188} INFO - [2024-04-25T13:47:10.259+0000] {dagbag.py:540} INFO - Filling up the DagBag from /home/airflow/.local/lib/python3.12/site-packages/airflow/example_dags/example_latest_only_with_trigger.py
[2024-04-25T13:47:10.265+0000] {processor.py:840} INFO - DAG(s) 'latest_only_with_trigger' retrieved from /home/airflow/.local/lib/python3.12/site-packages/airflow/example_dags/example_latest_only_with_trigger.py
[2024-04-25T13:47:10.286+0000] {logging_mixin.py:188} INFO - [2024-04-25T13:47:10.286+0000] {dag.py:3096} INFO - Sync 1 DAGs
[2024-04-25T13:47:10.308+0000] {logging_mixin.py:188} INFO - [2024-04-25T13:47:10.308+0000] {dag.py:3954} INFO - Setting next_dagrun for latest_only_with_trigger to 2024-04-25 08:00:00+00:00, run_after=2024-04-25 12:00:00+00:00
[2024-04-25T13:47:10.328+0000] {processor.py:183} INFO - Processing /home/airflow/.local/lib/python3.12/site-packages/airflow/example_dags/example_latest_only_with_trigger.py took 0.078 seconds
[2024-04-25T13:47:40.811+0000] {processor.py:161} INFO - Started process (PID=4639) to work on /home/airflow/.local/lib/python3.12/site-packages/airflow/example_dags/example_latest_only_with_trigger.py
[2024-04-25T13:47:40.812+0000] {processor.py:830} INFO - Processing file /home/airflow/.local/lib/python3.12/site-packages/airflow/example_dags/example_latest_only_with_trigger.py for tasks to queue
[2024-04-25T13:47:40.814+0000] {logging_mixin.py:188} INFO - [2024-04-25T13:47:40.813+0000] {dagbag.py:540} INFO - Filling up the DagBag from /home/airflow/.local/lib/python3.12/site-packages/airflow/example_dags/example_latest_only_with_trigger.py
[2024-04-25T13:47:40.820+0000] {processor.py:840} INFO - DAG(s) 'latest_only_with_trigger' retrieved from /home/airflow/.local/lib/python3.12/site-packages/airflow/example_dags/example_latest_only_with_trigger.py
[2024-04-25T13:47:40.846+0000] {logging_mixin.py:188} INFO - [2024-04-25T13:47:40.845+0000] {dag.py:3096} INFO - Sync 1 DAGs
[2024-04-25T13:47:40.870+0000] {logging_mixin.py:188} INFO - [2024-04-25T13:47:40.870+0000] {dag.py:3954} INFO - Setting next_dagrun for latest_only_with_trigger to 2024-04-25 08:00:00+00:00, run_after=2024-04-25 12:00:00+00:00
[2024-04-25T13:47:40.891+0000] {processor.py:183} INFO - Processing /home/airflow/.local/lib/python3.12/site-packages/airflow/example_dags/example_latest_only_with_trigger.py took 0.086 seconds
[2024-04-25T13:48:11.082+0000] {processor.py:161} INFO - Started process (PID=4901) to work on /home/airflow/.local/lib/python3.12/site-packages/airflow/example_dags/example_latest_only_with_trigger.py
[2024-04-25T13:48:11.083+0000] {processor.py:830} INFO - Processing file /home/airflow/.local/lib/python3.12/site-packages/airflow/example_dags/example_latest_only_with_trigger.py for tasks to queue
[2024-04-25T13:48:11.086+0000] {logging_mixin.py:188} INFO - [2024-04-25T13:48:11.085+0000] {dagbag.py:540} INFO - Filling up the DagBag from /home/airflow/.local/lib/python3.12/site-packages/airflow/example_dags/example_latest_only_with_trigger.py
[2024-04-25T13:48:11.091+0000] {processor.py:840} INFO - DAG(s) 'latest_only_with_trigger' retrieved from /home/airflow/.local/lib/python3.12/site-packages/airflow/example_dags/example_latest_only_with_trigger.py
[2024-04-25T13:48:11.116+0000] {logging_mixin.py:188} INFO - [2024-04-25T13:48:11.115+0000] {dag.py:3096} INFO - Sync 1 DAGs
[2024-04-25T13:48:11.138+0000] {logging_mixin.py:188} INFO - [2024-04-25T13:48:11.138+0000] {dag.py:3954} INFO - Setting next_dagrun for latest_only_with_trigger to 2024-04-25 08:00:00+00:00, run_after=2024-04-25 12:00:00+00:00
[2024-04-25T13:48:11.157+0000] {processor.py:183} INFO - Processing /home/airflow/.local/lib/python3.12/site-packages/airflow/example_dags/example_latest_only_with_trigger.py took 0.081 seconds
[2024-04-25T13:48:41.692+0000] {processor.py:161} INFO - Started process (PID=5163) to work on /home/airflow/.local/lib/python3.12/site-packages/airflow/example_dags/example_latest_only_with_trigger.py
[2024-04-25T13:48:41.693+0000] {processor.py:830} INFO - Processing file /home/airflow/.local/lib/python3.12/site-packages/airflow/example_dags/example_latest_only_with_trigger.py for tasks to queue
[2024-04-25T13:48:41.696+0000] {logging_mixin.py:188} INFO - [2024-04-25T13:48:41.695+0000] {dagbag.py:540} INFO - Filling up the DagBag from /home/airflow/.local/lib/python3.12/site-packages/airflow/example_dags/example_latest_only_with_trigger.py
[2024-04-25T13:48:41.701+0000] {processor.py:840} INFO - DAG(s) 'latest_only_with_trigger' retrieved from /home/airflow/.local/lib/python3.12/site-packages/airflow/example_dags/example_latest_only_with_trigger.py
[2024-04-25T13:48:41.728+0000] {logging_mixin.py:188} INFO - [2024-04-25T13:48:41.728+0000] {dag.py:3096} INFO - Sync 1 DAGs
[2024-04-25T13:48:41.757+0000] {logging_mixin.py:188} INFO - [2024-04-25T13:48:41.756+0000] {dag.py:3954} INFO - Setting next_dagrun for latest_only_with_trigger to 2024-04-25 08:00:00+00:00, run_after=2024-04-25 12:00:00+00:00
[2024-04-25T13:48:41.780+0000] {processor.py:183} INFO - Processing /home/airflow/.local/lib/python3.12/site-packages/airflow/example_dags/example_latest_only_with_trigger.py took 0.096 seconds
[2024-04-25T13:49:12.052+0000] {processor.py:161} INFO - Started process (PID=5425) to work on /home/airflow/.local/lib/python3.12/site-packages/airflow/example_dags/example_latest_only_with_trigger.py
[2024-04-25T13:49:12.054+0000] {processor.py:830} INFO - Processing file /home/airflow/.local/lib/python3.12/site-packages/airflow/example_dags/example_latest_only_with_trigger.py for tasks to queue
[2024-04-25T13:49:12.056+0000] {logging_mixin.py:188} INFO - [2024-04-25T13:49:12.055+0000] {dagbag.py:540} INFO - Filling up the DagBag from /home/airflow/.local/lib/python3.12/site-packages/airflow/example_dags/example_latest_only_with_trigger.py
[2024-04-25T13:49:12.062+0000] {processor.py:840} INFO - DAG(s) 'latest_only_with_trigger' retrieved from /home/airflow/.local/lib/python3.12/site-packages/airflow/example_dags/example_latest_only_with_trigger.py
[2024-04-25T13:49:12.084+0000] {logging_mixin.py:188} INFO - [2024-04-25T13:49:12.084+0000] {dag.py:3096} INFO - Sync 1 DAGs
[2024-04-25T13:49:12.106+0000] {logging_mixin.py:188} INFO - [2024-04-25T13:49:12.106+0000] {dag.py:3954} INFO - Setting next_dagrun for latest_only_with_trigger to 2024-04-25 08:00:00+00:00, run_after=2024-04-25 12:00:00+00:00
[2024-04-25T13:49:12.127+0000] {processor.py:183} INFO - Processing /home/airflow/.local/lib/python3.12/site-packages/airflow/example_dags/example_latest_only_with_trigger.py took 0.081 seconds
[2024-04-25T13:49:42.463+0000] {processor.py:161} INFO - Started process (PID=5687) to work on /home/airflow/.local/lib/python3.12/site-packages/airflow/example_dags/example_latest_only_with_trigger.py
[2024-04-25T13:49:42.464+0000] {processor.py:830} INFO - Processing file /home/airflow/.local/lib/python3.12/site-packages/airflow/example_dags/example_latest_only_with_trigger.py for tasks to queue
[2024-04-25T13:49:42.466+0000] {logging_mixin.py:188} INFO - [2024-04-25T13:49:42.466+0000] {dagbag.py:540} INFO - Filling up the DagBag from /home/airflow/.local/lib/python3.12/site-packages/airflow/example_dags/example_latest_only_with_trigger.py
[2024-04-25T13:49:42.471+0000] {processor.py:840} INFO - DAG(s) 'latest_only_with_trigger' retrieved from /home/airflow/.local/lib/python3.12/site-packages/airflow/example_dags/example_latest_only_with_trigger.py
[2024-04-25T13:49:42.494+0000] {logging_mixin.py:188} INFO - [2024-04-25T13:49:42.493+0000] {dag.py:3096} INFO - Sync 1 DAGs
[2024-04-25T13:49:42.516+0000] {logging_mixin.py:188} INFO - [2024-04-25T13:49:42.516+0000] {dag.py:3954} INFO - Setting next_dagrun for latest_only_with_trigger to 2024-04-25 08:00:00+00:00, run_after=2024-04-25 12:00:00+00:00
[2024-04-25T13:49:42.536+0000] {processor.py:183} INFO - Processing /home/airflow/.local/lib/python3.12/site-packages/airflow/example_dags/example_latest_only_with_trigger.py took 0.080 seconds
[2024-04-25T13:50:12.893+0000] {processor.py:161} INFO - Started process (PID=5949) to work on /home/airflow/.local/lib/python3.12/site-packages/airflow/example_dags/example_latest_only_with_trigger.py
[2024-04-25T13:50:12.894+0000] {processor.py:830} INFO - Processing file /home/airflow/.local/lib/python3.12/site-packages/airflow/example_dags/example_latest_only_with_trigger.py for tasks to queue
[2024-04-25T13:50:12.896+0000] {logging_mixin.py:188} INFO - [2024-04-25T13:50:12.896+0000] {dagbag.py:540} INFO - Filling up the DagBag from /home/airflow/.local/lib/python3.12/site-packages/airflow/example_dags/example_latest_only_with_trigger.py
[2024-04-25T13:50:12.901+0000] {processor.py:840} INFO - DAG(s) 'latest_only_with_trigger' retrieved from /home/airflow/.local/lib/python3.12/site-packages/airflow/example_dags/example_latest_only_with_trigger.py
[2024-04-25T13:50:12.924+0000] {logging_mixin.py:188} INFO - [2024-04-25T13:50:12.923+0000] {dag.py:3096} INFO - Sync 1 DAGs
[2024-04-25T13:50:12.946+0000] {logging_mixin.py:188} INFO - [2024-04-25T13:50:12.946+0000] {dag.py:3954} INFO - Setting next_dagrun for latest_only_with_trigger to 2024-04-25 08:00:00+00:00, run_after=2024-04-25 12:00:00+00:00
[2024-04-25T13:50:12.966+0000] {processor.py:183} INFO - Processing /home/airflow/.local/lib/python3.12/site-packages/airflow/example_dags/example_latest_only_with_trigger.py took 0.080 seconds
[2024-04-25T13:50:43.516+0000] {processor.py:161} INFO - Started process (PID=6211) to work on /home/airflow/.local/lib/python3.12/site-packages/airflow/example_dags/example_latest_only_with_trigger.py
[2024-04-25T13:50:43.517+0000] {processor.py:830} INFO - Processing file /home/airflow/.local/lib/python3.12/site-packages/airflow/example_dags/example_latest_only_with_trigger.py for tasks to queue
[2024-04-25T13:50:43.519+0000] {logging_mixin.py:188} INFO - [2024-04-25T13:50:43.518+0000] {dagbag.py:540} INFO - Filling up the DagBag from /home/airflow/.local/lib/python3.12/site-packages/airflow/example_dags/example_latest_only_with_trigger.py
[2024-04-25T13:50:43.524+0000] {processor.py:840} INFO - DAG(s) 'latest_only_with_trigger' retrieved from /home/airflow/.local/lib/python3.12/site-packages/airflow/example_dags/example_latest_only_with_trigger.py
[2024-04-25T13:50:43.546+0000] {logging_mixin.py:188} INFO - [2024-04-25T13:50:43.546+0000] {dag.py:3096} INFO - Sync 1 DAGs
[2024-04-25T13:50:43.569+0000] {logging_mixin.py:188} INFO - [2024-04-25T13:50:43.569+0000] {dag.py:3954} INFO - Setting next_dagrun for latest_only_with_trigger to 2024-04-25 08:00:00+00:00, run_after=2024-04-25 12:00:00+00:00
[2024-04-25T13:50:43.589+0000] {processor.py:183} INFO - Processing /home/airflow/.local/lib/python3.12/site-packages/airflow/example_dags/example_latest_only_with_trigger.py took 0.079 seconds
[2024-04-25T13:51:14.443+0000] {processor.py:161} INFO - Started process (PID=6473) to work on /home/airflow/.local/lib/python3.12/site-packages/airflow/example_dags/example_latest_only_with_trigger.py
[2024-04-25T13:51:14.444+0000] {processor.py:830} INFO - Processing file /home/airflow/.local/lib/python3.12/site-packages/airflow/example_dags/example_latest_only_with_trigger.py for tasks to queue
[2024-04-25T13:51:14.446+0000] {logging_mixin.py:188} INFO - [2024-04-25T13:51:14.446+0000] {dagbag.py:540} INFO - Filling up the DagBag from /home/airflow/.local/lib/python3.12/site-packages/airflow/example_dags/example_latest_only_with_trigger.py
[2024-04-25T13:51:14.452+0000] {processor.py:840} INFO - DAG(s) 'latest_only_with_trigger' retrieved from /home/airflow/.local/lib/python3.12/site-packages/airflow/example_dags/example_latest_only_with_trigger.py
[2024-04-25T13:51:14.476+0000] {logging_mixin.py:188} INFO - [2024-04-25T13:51:14.476+0000] {dag.py:3096} INFO - Sync 1 DAGs
[2024-04-25T13:51:14.500+0000] {logging_mixin.py:188} INFO - [2024-04-25T13:51:14.500+0000] {dag.py:3954} INFO - Setting next_dagrun for latest_only_with_trigger to 2024-04-25 08:00:00+00:00, run_after=2024-04-25 12:00:00+00:00
[2024-04-25T13:51:14.521+0000] {processor.py:183} INFO - Processing /home/airflow/.local/lib/python3.12/site-packages/airflow/example_dags/example_latest_only_with_trigger.py took 0.084 seconds
[2024-04-25T13:51:44.959+0000] {processor.py:161} INFO - Started process (PID=6735) to work on /home/airflow/.local/lib/python3.12/site-packages/airflow/example_dags/example_latest_only_with_trigger.py
[2024-04-25T13:51:44.961+0000] {processor.py:830} INFO - Processing file /home/airflow/.local/lib/python3.12/site-packages/airflow/example_dags/example_latest_only_with_trigger.py for tasks to queue
[2024-04-25T13:51:44.963+0000] {logging_mixin.py:188} INFO - [2024-04-25T13:51:44.963+0000] {dagbag.py:540} INFO - Filling up the DagBag from /home/airflow/.local/lib/python3.12/site-packages/airflow/example_dags/example_latest_only_with_trigger.py
[2024-04-25T13:51:44.969+0000] {processor.py:840} INFO - DAG(s) 'latest_only_with_trigger' retrieved from /home/airflow/.local/lib/python3.12/site-packages/airflow/example_dags/example_latest_only_with_trigger.py
[2024-04-25T13:51:44.992+0000] {logging_mixin.py:188} INFO - [2024-04-25T13:51:44.991+0000] {dag.py:3096} INFO - Sync 1 DAGs
[2024-04-25T13:51:45.129+0000] {logging_mixin.py:188} INFO - [2024-04-25T13:51:45.129+0000] {dag.py:3954} INFO - Setting next_dagrun for latest_only_with_trigger to 2024-04-25 08:00:00+00:00, run_after=2024-04-25 12:00:00+00:00
[2024-04-25T13:51:45.148+0000] {processor.py:183} INFO - Processing /home/airflow/.local/lib/python3.12/site-packages/airflow/example_dags/example_latest_only_with_trigger.py took 0.196 seconds
[2024-04-25T13:52:15.320+0000] {processor.py:161} INFO - Started process (PID=6997) to work on /home/airflow/.local/lib/python3.12/site-packages/airflow/example_dags/example_latest_only_with_trigger.py
[2024-04-25T13:52:15.321+0000] {processor.py:830} INFO - Processing file /home/airflow/.local/lib/python3.12/site-packages/airflow/example_dags/example_latest_only_with_trigger.py for tasks to queue
[2024-04-25T13:52:15.323+0000] {logging_mixin.py:188} INFO - [2024-04-25T13:52:15.323+0000] {dagbag.py:540} INFO - Filling up the DagBag from /home/airflow/.local/lib/python3.12/site-packages/airflow/example_dags/example_latest_only_with_trigger.py
[2024-04-25T13:52:15.329+0000] {processor.py:840} INFO - DAG(s) 'latest_only_with_trigger' retrieved from /home/airflow/.local/lib/python3.12/site-packages/airflow/example_dags/example_latest_only_with_trigger.py
[2024-04-25T13:52:15.351+0000] {logging_mixin.py:188} INFO - [2024-04-25T13:52:15.350+0000] {dag.py:3096} INFO - Sync 1 DAGs
[2024-04-25T13:52:15.373+0000] {logging_mixin.py:188} INFO - [2024-04-25T13:52:15.373+0000] {dag.py:3954} INFO - Setting next_dagrun for latest_only_with_trigger to 2024-04-25 08:00:00+00:00, run_after=2024-04-25 12:00:00+00:00
[2024-04-25T13:52:15.393+0000] {processor.py:183} INFO - Processing /home/airflow/.local/lib/python3.12/site-packages/airflow/example_dags/example_latest_only_with_trigger.py took 0.079 seconds
[2024-04-25T13:52:45.520+0000] {processor.py:161} INFO - Started process (PID=7259) to work on /home/airflow/.local/lib/python3.12/site-packages/airflow/example_dags/example_latest_only_with_trigger.py
[2024-04-25T13:52:45.522+0000] {processor.py:830} INFO - Processing file /home/airflow/.local/lib/python3.12/site-packages/airflow/example_dags/example_latest_only_with_trigger.py for tasks to queue
[2024-04-25T13:52:45.525+0000] {logging_mixin.py:188} INFO - [2024-04-25T13:52:45.525+0000] {dagbag.py:540} INFO - Filling up the DagBag from /home/airflow/.local/lib/python3.12/site-packages/airflow/example_dags/example_latest_only_with_trigger.py
[2024-04-25T13:52:45.534+0000] {processor.py:840} INFO - DAG(s) 'latest_only_with_trigger' retrieved from /home/airflow/.local/lib/python3.12/site-packages/airflow/example_dags/example_latest_only_with_trigger.py
[2024-04-25T13:52:45.560+0000] {logging_mixin.py:188} INFO - [2024-04-25T13:52:45.560+0000] {dag.py:3096} INFO - Sync 1 DAGs
[2024-04-25T13:52:45.584+0000] {logging_mixin.py:188} INFO - [2024-04-25T13:52:45.584+0000] {dag.py:3954} INFO - Setting next_dagrun for latest_only_with_trigger to 2024-04-25 08:00:00+00:00, run_after=2024-04-25 12:00:00+00:00
[2024-04-25T13:52:45.608+0000] {processor.py:183} INFO - Processing /home/airflow/.local/lib/python3.12/site-packages/airflow/example_dags/example_latest_only_with_trigger.py took 0.094 seconds
[2024-04-25T13:53:16.322+0000] {processor.py:161} INFO - Started process (PID=7521) to work on /home/airflow/.local/lib/python3.12/site-packages/airflow/example_dags/example_latest_only_with_trigger.py
[2024-04-25T13:53:16.324+0000] {processor.py:830} INFO - Processing file /home/airflow/.local/lib/python3.12/site-packages/airflow/example_dags/example_latest_only_with_trigger.py for tasks to queue
[2024-04-25T13:53:16.326+0000] {logging_mixin.py:188} INFO - [2024-04-25T13:53:16.325+0000] {dagbag.py:540} INFO - Filling up the DagBag from /home/airflow/.local/lib/python3.12/site-packages/airflow/example_dags/example_latest_only_with_trigger.py
[2024-04-25T13:53:16.331+0000] {processor.py:840} INFO - DAG(s) 'latest_only_with_trigger' retrieved from /home/airflow/.local/lib/python3.12/site-packages/airflow/example_dags/example_latest_only_with_trigger.py
[2024-04-25T13:53:16.353+0000] {logging_mixin.py:188} INFO - [2024-04-25T13:53:16.353+0000] {dag.py:3096} INFO - Sync 1 DAGs
[2024-04-25T13:53:16.377+0000] {logging_mixin.py:188} INFO - [2024-04-25T13:53:16.377+0000] {dag.py:3954} INFO - Setting next_dagrun for latest_only_with_trigger to 2024-04-25 08:00:00+00:00, run_after=2024-04-25 12:00:00+00:00
[2024-04-25T13:53:16.397+0000] {processor.py:183} INFO - Processing /home/airflow/.local/lib/python3.12/site-packages/airflow/example_dags/example_latest_only_with_trigger.py took 0.082 seconds
[2024-04-25T13:53:46.757+0000] {processor.py:161} INFO - Started process (PID=7783) to work on /home/airflow/.local/lib/python3.12/site-packages/airflow/example_dags/example_latest_only_with_trigger.py
[2024-04-25T13:53:46.758+0000] {processor.py:830} INFO - Processing file /home/airflow/.local/lib/python3.12/site-packages/airflow/example_dags/example_latest_only_with_trigger.py for tasks to queue
[2024-04-25T13:53:46.761+0000] {logging_mixin.py:188} INFO - [2024-04-25T13:53:46.760+0000] {dagbag.py:540} INFO - Filling up the DagBag from /home/airflow/.local/lib/python3.12/site-packages/airflow/example_dags/example_latest_only_with_trigger.py
[2024-04-25T13:53:46.766+0000] {processor.py:840} INFO - DAG(s) 'latest_only_with_trigger' retrieved from /home/airflow/.local/lib/python3.12/site-packages/airflow/example_dags/example_latest_only_with_trigger.py
[2024-04-25T13:53:46.788+0000] {logging_mixin.py:188} INFO - [2024-04-25T13:53:46.788+0000] {dag.py:3096} INFO - Sync 1 DAGs
[2024-04-25T13:53:46.812+0000] {logging_mixin.py:188} INFO - [2024-04-25T13:53:46.812+0000] {dag.py:3954} INFO - Setting next_dagrun for latest_only_with_trigger to 2024-04-25 08:00:00+00:00, run_after=2024-04-25 12:00:00+00:00
[2024-04-25T13:53:46.832+0000] {processor.py:183} INFO - Processing /home/airflow/.local/lib/python3.12/site-packages/airflow/example_dags/example_latest_only_with_trigger.py took 0.082 seconds
[2024-04-25T13:54:17.262+0000] {processor.py:161} INFO - Started process (PID=8045) to work on /home/airflow/.local/lib/python3.12/site-packages/airflow/example_dags/example_latest_only_with_trigger.py
[2024-04-25T13:54:17.263+0000] {processor.py:830} INFO - Processing file /home/airflow/.local/lib/python3.12/site-packages/airflow/example_dags/example_latest_only_with_trigger.py for tasks to queue
[2024-04-25T13:54:17.265+0000] {logging_mixin.py:188} INFO - [2024-04-25T13:54:17.265+0000] {dagbag.py:540} INFO - Filling up the DagBag from /home/airflow/.local/lib/python3.12/site-packages/airflow/example_dags/example_latest_only_with_trigger.py
[2024-04-25T13:54:17.270+0000] {processor.py:840} INFO - DAG(s) 'latest_only_with_trigger' retrieved from /home/airflow/.local/lib/python3.12/site-packages/airflow/example_dags/example_latest_only_with_trigger.py
[2024-04-25T13:54:17.292+0000] {logging_mixin.py:188} INFO - [2024-04-25T13:54:17.291+0000] {dag.py:3096} INFO - Sync 1 DAGs
[2024-04-25T13:54:17.315+0000] {logging_mixin.py:188} INFO - [2024-04-25T13:54:17.314+0000] {dag.py:3954} INFO - Setting next_dagrun for latest_only_with_trigger to 2024-04-25 08:00:00+00:00, run_after=2024-04-25 12:00:00+00:00
[2024-04-25T13:54:17.336+0000] {processor.py:183} INFO - Processing /home/airflow/.local/lib/python3.12/site-packages/airflow/example_dags/example_latest_only_with_trigger.py took 0.081 seconds
[2024-04-25T13:54:47.506+0000] {processor.py:161} INFO - Started process (PID=8307) to work on /home/airflow/.local/lib/python3.12/site-packages/airflow/example_dags/example_latest_only_with_trigger.py
[2024-04-25T13:54:47.507+0000] {processor.py:830} INFO - Processing file /home/airflow/.local/lib/python3.12/site-packages/airflow/example_dags/example_latest_only_with_trigger.py for tasks to queue
[2024-04-25T13:54:47.510+0000] {logging_mixin.py:188} INFO - [2024-04-25T13:54:47.509+0000] {dagbag.py:540} INFO - Filling up the DagBag from /home/airflow/.local/lib/python3.12/site-packages/airflow/example_dags/example_latest_only_with_trigger.py
[2024-04-25T13:54:47.515+0000] {processor.py:840} INFO - DAG(s) 'latest_only_with_trigger' retrieved from /home/airflow/.local/lib/python3.12/site-packages/airflow/example_dags/example_latest_only_with_trigger.py
[2024-04-25T13:54:47.537+0000] {logging_mixin.py:188} INFO - [2024-04-25T13:54:47.537+0000] {dag.py:3096} INFO - Sync 1 DAGs
[2024-04-25T13:54:47.560+0000] {logging_mixin.py:188} INFO - [2024-04-25T13:54:47.560+0000] {dag.py:3954} INFO - Setting next_dagrun for latest_only_with_trigger to 2024-04-25 08:00:00+00:00, run_after=2024-04-25 12:00:00+00:00
[2024-04-25T13:54:47.580+0000] {processor.py:183} INFO - Processing /home/airflow/.local/lib/python3.12/site-packages/airflow/example_dags/example_latest_only_with_trigger.py took 0.080 seconds
[2024-04-25T13:55:18.256+0000] {processor.py:161} INFO - Started process (PID=8570) to work on /home/airflow/.local/lib/python3.12/site-packages/airflow/example_dags/example_latest_only_with_trigger.py
[2024-04-25T13:55:18.258+0000] {processor.py:830} INFO - Processing file /home/airflow/.local/lib/python3.12/site-packages/airflow/example_dags/example_latest_only_with_trigger.py for tasks to queue
[2024-04-25T13:55:18.259+0000] {logging_mixin.py:188} INFO - [2024-04-25T13:55:18.259+0000] {dagbag.py:540} INFO - Filling up the DagBag from /home/airflow/.local/lib/python3.12/site-packages/airflow/example_dags/example_latest_only_with_trigger.py
[2024-04-25T13:55:18.265+0000] {processor.py:840} INFO - DAG(s) 'latest_only_with_trigger' retrieved from /home/airflow/.local/lib/python3.12/site-packages/airflow/example_dags/example_latest_only_with_trigger.py
[2024-04-25T13:55:18.286+0000] {logging_mixin.py:188} INFO - [2024-04-25T13:55:18.286+0000] {dag.py:3096} INFO - Sync 1 DAGs
[2024-04-25T13:55:18.308+0000] {logging_mixin.py:188} INFO - [2024-04-25T13:55:18.308+0000] {dag.py:3954} INFO - Setting next_dagrun for latest_only_with_trigger to 2024-04-25 08:00:00+00:00, run_after=2024-04-25 12:00:00+00:00
[2024-04-25T13:55:18.331+0000] {processor.py:183} INFO - Processing /home/airflow/.local/lib/python3.12/site-packages/airflow/example_dags/example_latest_only_with_trigger.py took 0.081 seconds
[2024-04-25T13:55:48.770+0000] {processor.py:161} INFO - Started process (PID=8832) to work on /home/airflow/.local/lib/python3.12/site-packages/airflow/example_dags/example_latest_only_with_trigger.py
[2024-04-25T13:55:48.771+0000] {processor.py:830} INFO - Processing file /home/airflow/.local/lib/python3.12/site-packages/airflow/example_dags/example_latest_only_with_trigger.py for tasks to queue
[2024-04-25T13:55:48.773+0000] {logging_mixin.py:188} INFO - [2024-04-25T13:55:48.773+0000] {dagbag.py:540} INFO - Filling up the DagBag from /home/airflow/.local/lib/python3.12/site-packages/airflow/example_dags/example_latest_only_with_trigger.py
[2024-04-25T13:55:48.778+0000] {processor.py:840} INFO - DAG(s) 'latest_only_with_trigger' retrieved from /home/airflow/.local/lib/python3.12/site-packages/airflow/example_dags/example_latest_only_with_trigger.py
[2024-04-25T13:55:48.800+0000] {logging_mixin.py:188} INFO - [2024-04-25T13:55:48.800+0000] {dag.py:3096} INFO - Sync 1 DAGs
[2024-04-25T13:55:48.823+0000] {logging_mixin.py:188} INFO - [2024-04-25T13:55:48.823+0000] {dag.py:3954} INFO - Setting next_dagrun for latest_only_with_trigger to 2024-04-25 08:00:00+00:00, run_after=2024-04-25 12:00:00+00:00
[2024-04-25T13:55:48.843+0000] {processor.py:183} INFO - Processing /home/airflow/.local/lib/python3.12/site-packages/airflow/example_dags/example_latest_only_with_trigger.py took 0.080 seconds
[2024-04-25T13:56:19.056+0000] {processor.py:161} INFO - Started process (PID=9094) to work on /home/airflow/.local/lib/python3.12/site-packages/airflow/example_dags/example_latest_only_with_trigger.py
[2024-04-25T13:56:19.057+0000] {processor.py:830} INFO - Processing file /home/airflow/.local/lib/python3.12/site-packages/airflow/example_dags/example_latest_only_with_trigger.py for tasks to queue
[2024-04-25T13:56:19.059+0000] {logging_mixin.py:188} INFO - [2024-04-25T13:56:19.058+0000] {dagbag.py:540} INFO - Filling up the DagBag from /home/airflow/.local/lib/python3.12/site-packages/airflow/example_dags/example_latest_only_with_trigger.py
[2024-04-25T13:56:19.064+0000] {processor.py:840} INFO - DAG(s) 'latest_only_with_trigger' retrieved from /home/airflow/.local/lib/python3.12/site-packages/airflow/example_dags/example_latest_only_with_trigger.py
[2024-04-25T13:56:19.086+0000] {logging_mixin.py:188} INFO - [2024-04-25T13:56:19.086+0000] {dag.py:3096} INFO - Sync 1 DAGs
[2024-04-25T13:56:19.109+0000] {logging_mixin.py:188} INFO - [2024-04-25T13:56:19.109+0000] {dag.py:3954} INFO - Setting next_dagrun for latest_only_with_trigger to 2024-04-25 08:00:00+00:00, run_after=2024-04-25 12:00:00+00:00
[2024-04-25T13:56:19.129+0000] {processor.py:183} INFO - Processing /home/airflow/.local/lib/python3.12/site-packages/airflow/example_dags/example_latest_only_with_trigger.py took 0.080 seconds
[2024-04-25T13:58:16.020+0000] {processor.py:161} INFO - Started process (PID=179) to work on /home/airflow/.local/lib/python3.12/site-packages/airflow/example_dags/example_latest_only_with_trigger.py
[2024-04-25T13:58:16.022+0000] {processor.py:830} INFO - Processing file /home/airflow/.local/lib/python3.12/site-packages/airflow/example_dags/example_latest_only_with_trigger.py for tasks to queue
[2024-04-25T13:58:16.024+0000] {logging_mixin.py:188} INFO - [2024-04-25T13:58:16.023+0000] {dagbag.py:540} INFO - Filling up the DagBag from /home/airflow/.local/lib/python3.12/site-packages/airflow/example_dags/example_latest_only_with_trigger.py
[2024-04-25T13:58:16.035+0000] {processor.py:840} INFO - DAG(s) 'latest_only_with_trigger' retrieved from /home/airflow/.local/lib/python3.12/site-packages/airflow/example_dags/example_latest_only_with_trigger.py
[2024-04-25T13:58:16.047+0000] {logging_mixin.py:188} INFO - [2024-04-25T13:58:16.047+0000] {dag.py:3096} INFO - Sync 1 DAGs
[2024-04-25T13:58:16.070+0000] {logging_mixin.py:188} INFO - [2024-04-25T13:58:16.070+0000] {dag.py:3954} INFO - Setting next_dagrun for latest_only_with_trigger to 2024-04-25 08:00:00+00:00, run_after=2024-04-25 12:00:00+00:00
[2024-04-25T13:58:16.092+0000] {processor.py:183} INFO - Processing /home/airflow/.local/lib/python3.12/site-packages/airflow/example_dags/example_latest_only_with_trigger.py took 0.078 seconds
[2024-04-25T13:58:46.366+0000] {processor.py:161} INFO - Started process (PID=441) to work on /home/airflow/.local/lib/python3.12/site-packages/airflow/example_dags/example_latest_only_with_trigger.py
[2024-04-25T13:58:46.367+0000] {processor.py:830} INFO - Processing file /home/airflow/.local/lib/python3.12/site-packages/airflow/example_dags/example_latest_only_with_trigger.py for tasks to queue
[2024-04-25T13:58:46.368+0000] {logging_mixin.py:188} INFO - [2024-04-25T13:58:46.368+0000] {dagbag.py:540} INFO - Filling up the DagBag from /home/airflow/.local/lib/python3.12/site-packages/airflow/example_dags/example_latest_only_with_trigger.py
[2024-04-25T13:58:46.374+0000] {processor.py:840} INFO - DAG(s) 'latest_only_with_trigger' retrieved from /home/airflow/.local/lib/python3.12/site-packages/airflow/example_dags/example_latest_only_with_trigger.py
[2024-04-25T13:58:46.481+0000] {logging_mixin.py:188} INFO - [2024-04-25T13:58:46.481+0000] {dag.py:3096} INFO - Sync 1 DAGs
[2024-04-25T13:58:46.501+0000] {logging_mixin.py:188} INFO - [2024-04-25T13:58:46.500+0000] {dag.py:3954} INFO - Setting next_dagrun for latest_only_with_trigger to 2024-04-25 08:00:00+00:00, run_after=2024-04-25 12:00:00+00:00
[2024-04-25T13:58:46.521+0000] {processor.py:183} INFO - Processing /home/airflow/.local/lib/python3.12/site-packages/airflow/example_dags/example_latest_only_with_trigger.py took 0.162 seconds
