[2024-04-25T13:39:05.488+0000] {processor.py:161} INFO - Started process (PID=237) to work on /home/airflow/.local/lib/python3.12/site-packages/airflow/example_dags/example_sensors.py
[2024-04-25T13:39:05.490+0000] {processor.py:830} INFO - Processing file /home/airflow/.local/lib/python3.12/site-packages/airflow/example_dags/example_sensors.py for tasks to queue
[2024-04-25T13:39:05.492+0000] {logging_mixin.py:188} INFO - [2024-04-25T13:39:05.492+0000] {dagbag.py:540} INFO - Filling up the DagBag from /home/airflow/.local/lib/python3.12/site-packages/airflow/example_dags/example_sensors.py
[2024-04-25T13:39:05.511+0000] {processor.py:840} INFO - DAG(s) 'example_sensors' retrieved from /home/airflow/.local/lib/python3.12/site-packages/airflow/example_dags/example_sensors.py
[2024-04-25T13:39:05.700+0000] {logging_mixin.py:188} INFO - [2024-04-25T13:39:05.699+0000] {dag.py:3096} INFO - Sync 1 DAGs
[2024-04-25T13:39:05.719+0000] {logging_mixin.py:188} INFO - [2024-04-25T13:39:05.719+0000] {dag.py:3954} INFO - Setting next_dagrun for example_sensors to None, run_after=None
[2024-04-25T13:39:05.751+0000] {processor.py:183} INFO - Processing /home/airflow/.local/lib/python3.12/site-packages/airflow/example_dags/example_sensors.py took 0.270 seconds
[2024-04-25T13:39:36.242+0000] {processor.py:161} INFO - Started process (PID=499) to work on /home/airflow/.local/lib/python3.12/site-packages/airflow/example_dags/example_sensors.py
[2024-04-25T13:39:36.244+0000] {processor.py:830} INFO - Processing file /home/airflow/.local/lib/python3.12/site-packages/airflow/example_dags/example_sensors.py for tasks to queue
[2024-04-25T13:39:36.247+0000] {logging_mixin.py:188} INFO - [2024-04-25T13:39:36.246+0000] {dagbag.py:540} INFO - Filling up the DagBag from /home/airflow/.local/lib/python3.12/site-packages/airflow/example_dags/example_sensors.py
[2024-04-25T13:39:36.263+0000] {processor.py:840} INFO - DAG(s) 'example_sensors' retrieved from /home/airflow/.local/lib/python3.12/site-packages/airflow/example_dags/example_sensors.py
[2024-04-25T13:39:36.304+0000] {logging_mixin.py:188} INFO - [2024-04-25T13:39:36.303+0000] {dag.py:3096} INFO - Sync 1 DAGs
[2024-04-25T13:39:36.325+0000] {logging_mixin.py:188} INFO - [2024-04-25T13:39:36.325+0000] {dag.py:3954} INFO - Setting next_dagrun for example_sensors to None, run_after=None
[2024-04-25T13:39:36.355+0000] {processor.py:183} INFO - Processing /home/airflow/.local/lib/python3.12/site-packages/airflow/example_dags/example_sensors.py took 0.121 seconds
[2024-04-25T13:40:06.961+0000] {processor.py:161} INFO - Started process (PID=761) to work on /home/airflow/.local/lib/python3.12/site-packages/airflow/example_dags/example_sensors.py
[2024-04-25T13:40:06.963+0000] {processor.py:830} INFO - Processing file /home/airflow/.local/lib/python3.12/site-packages/airflow/example_dags/example_sensors.py for tasks to queue
[2024-04-25T13:40:06.965+0000] {logging_mixin.py:188} INFO - [2024-04-25T13:40:06.964+0000] {dagbag.py:540} INFO - Filling up the DagBag from /home/airflow/.local/lib/python3.12/site-packages/airflow/example_dags/example_sensors.py
[2024-04-25T13:40:06.974+0000] {processor.py:840} INFO - DAG(s) 'example_sensors' retrieved from /home/airflow/.local/lib/python3.12/site-packages/airflow/example_dags/example_sensors.py
[2024-04-25T13:40:07.002+0000] {logging_mixin.py:188} INFO - [2024-04-25T13:40:07.002+0000] {dag.py:3096} INFO - Sync 1 DAGs
[2024-04-25T13:40:07.015+0000] {logging_mixin.py:188} INFO - [2024-04-25T13:40:07.015+0000] {dag.py:3954} INFO - Setting next_dagrun for example_sensors to None, run_after=None
[2024-04-25T13:40:07.035+0000] {processor.py:183} INFO - Processing /home/airflow/.local/lib/python3.12/site-packages/airflow/example_dags/example_sensors.py took 0.080 seconds
[2024-04-25T13:40:37.485+0000] {processor.py:161} INFO - Started process (PID=1023) to work on /home/airflow/.local/lib/python3.12/site-packages/airflow/example_dags/example_sensors.py
[2024-04-25T13:40:37.487+0000] {processor.py:830} INFO - Processing file /home/airflow/.local/lib/python3.12/site-packages/airflow/example_dags/example_sensors.py for tasks to queue
[2024-04-25T13:40:37.489+0000] {logging_mixin.py:188} INFO - [2024-04-25T13:40:37.488+0000] {dagbag.py:540} INFO - Filling up the DagBag from /home/airflow/.local/lib/python3.12/site-packages/airflow/example_dags/example_sensors.py
[2024-04-25T13:40:37.498+0000] {processor.py:840} INFO - DAG(s) 'example_sensors' retrieved from /home/airflow/.local/lib/python3.12/site-packages/airflow/example_dags/example_sensors.py
[2024-04-25T13:40:37.526+0000] {logging_mixin.py:188} INFO - [2024-04-25T13:40:37.526+0000] {dag.py:3096} INFO - Sync 1 DAGs
[2024-04-25T13:40:37.540+0000] {logging_mixin.py:188} INFO - [2024-04-25T13:40:37.539+0000] {dag.py:3954} INFO - Setting next_dagrun for example_sensors to None, run_after=None
[2024-04-25T13:40:37.562+0000] {processor.py:183} INFO - Processing /home/airflow/.local/lib/python3.12/site-packages/airflow/example_dags/example_sensors.py took 0.082 seconds
[2024-04-25T13:41:08.059+0000] {processor.py:161} INFO - Started process (PID=1291) to work on /home/airflow/.local/lib/python3.12/site-packages/airflow/example_dags/example_sensors.py
[2024-04-25T13:41:08.060+0000] {processor.py:830} INFO - Processing file /home/airflow/.local/lib/python3.12/site-packages/airflow/example_dags/example_sensors.py for tasks to queue
[2024-04-25T13:41:08.063+0000] {logging_mixin.py:188} INFO - [2024-04-25T13:41:08.062+0000] {dagbag.py:540} INFO - Filling up the DagBag from /home/airflow/.local/lib/python3.12/site-packages/airflow/example_dags/example_sensors.py
[2024-04-25T13:41:08.076+0000] {processor.py:840} INFO - DAG(s) 'example_sensors' retrieved from /home/airflow/.local/lib/python3.12/site-packages/airflow/example_dags/example_sensors.py
[2024-04-25T13:41:08.108+0000] {logging_mixin.py:188} INFO - [2024-04-25T13:41:08.107+0000] {dag.py:3096} INFO - Sync 1 DAGs
[2024-04-25T13:41:08.123+0000] {logging_mixin.py:188} INFO - [2024-04-25T13:41:08.123+0000] {dag.py:3954} INFO - Setting next_dagrun for example_sensors to None, run_after=None
[2024-04-25T13:41:08.146+0000] {processor.py:183} INFO - Processing /home/airflow/.local/lib/python3.12/site-packages/airflow/example_dags/example_sensors.py took 0.094 seconds
[2024-04-25T13:41:38.718+0000] {processor.py:161} INFO - Started process (PID=1553) to work on /home/airflow/.local/lib/python3.12/site-packages/airflow/example_dags/example_sensors.py
[2024-04-25T13:41:38.719+0000] {processor.py:830} INFO - Processing file /home/airflow/.local/lib/python3.12/site-packages/airflow/example_dags/example_sensors.py for tasks to queue
[2024-04-25T13:41:38.721+0000] {logging_mixin.py:188} INFO - [2024-04-25T13:41:38.721+0000] {dagbag.py:540} INFO - Filling up the DagBag from /home/airflow/.local/lib/python3.12/site-packages/airflow/example_dags/example_sensors.py
[2024-04-25T13:41:38.733+0000] {processor.py:840} INFO - DAG(s) 'example_sensors' retrieved from /home/airflow/.local/lib/python3.12/site-packages/airflow/example_dags/example_sensors.py
[2024-04-25T13:41:38.764+0000] {logging_mixin.py:188} INFO - [2024-04-25T13:41:38.763+0000] {dag.py:3096} INFO - Sync 1 DAGs
[2024-04-25T13:41:38.790+0000] {logging_mixin.py:188} INFO - [2024-04-25T13:41:38.790+0000] {dag.py:3954} INFO - Setting next_dagrun for example_sensors to None, run_after=None
[2024-04-25T13:41:38.822+0000] {processor.py:183} INFO - Processing /home/airflow/.local/lib/python3.12/site-packages/airflow/example_dags/example_sensors.py took 0.112 seconds
[2024-04-25T13:42:08.935+0000] {processor.py:161} INFO - Started process (PID=1817) to work on /home/airflow/.local/lib/python3.12/site-packages/airflow/example_dags/example_sensors.py
[2024-04-25T13:42:08.936+0000] {processor.py:830} INFO - Processing file /home/airflow/.local/lib/python3.12/site-packages/airflow/example_dags/example_sensors.py for tasks to queue
[2024-04-25T13:42:08.939+0000] {logging_mixin.py:188} INFO - [2024-04-25T13:42:08.938+0000] {dagbag.py:540} INFO - Filling up the DagBag from /home/airflow/.local/lib/python3.12/site-packages/airflow/example_dags/example_sensors.py
[2024-04-25T13:42:08.951+0000] {processor.py:840} INFO - DAG(s) 'example_sensors' retrieved from /home/airflow/.local/lib/python3.12/site-packages/airflow/example_dags/example_sensors.py
[2024-04-25T13:42:08.982+0000] {logging_mixin.py:188} INFO - [2024-04-25T13:42:08.982+0000] {dag.py:3096} INFO - Sync 1 DAGs
[2024-04-25T13:42:08.995+0000] {logging_mixin.py:188} INFO - [2024-04-25T13:42:08.995+0000] {dag.py:3954} INFO - Setting next_dagrun for example_sensors to None, run_after=None
[2024-04-25T13:42:09.017+0000] {processor.py:183} INFO - Processing /home/airflow/.local/lib/python3.12/site-packages/airflow/example_dags/example_sensors.py took 0.093 seconds
[2024-04-25T13:42:39.399+0000] {processor.py:161} INFO - Started process (PID=2077) to work on /home/airflow/.local/lib/python3.12/site-packages/airflow/example_dags/example_sensors.py
[2024-04-25T13:42:39.400+0000] {processor.py:830} INFO - Processing file /home/airflow/.local/lib/python3.12/site-packages/airflow/example_dags/example_sensors.py for tasks to queue
[2024-04-25T13:42:39.402+0000] {logging_mixin.py:188} INFO - [2024-04-25T13:42:39.402+0000] {dagbag.py:540} INFO - Filling up the DagBag from /home/airflow/.local/lib/python3.12/site-packages/airflow/example_dags/example_sensors.py
[2024-04-25T13:42:39.411+0000] {processor.py:840} INFO - DAG(s) 'example_sensors' retrieved from /home/airflow/.local/lib/python3.12/site-packages/airflow/example_dags/example_sensors.py
[2024-04-25T13:42:39.440+0000] {logging_mixin.py:188} INFO - [2024-04-25T13:42:39.439+0000] {dag.py:3096} INFO - Sync 1 DAGs
[2024-04-25T13:42:39.453+0000] {logging_mixin.py:188} INFO - [2024-04-25T13:42:39.453+0000] {dag.py:3954} INFO - Setting next_dagrun for example_sensors to None, run_after=None
[2024-04-25T13:42:39.474+0000] {processor.py:183} INFO - Processing /home/airflow/.local/lib/python3.12/site-packages/airflow/example_dags/example_sensors.py took 0.081 seconds
[2024-04-25T13:43:09.907+0000] {processor.py:161} INFO - Started process (PID=2339) to work on /home/airflow/.local/lib/python3.12/site-packages/airflow/example_dags/example_sensors.py
[2024-04-25T13:43:09.908+0000] {processor.py:830} INFO - Processing file /home/airflow/.local/lib/python3.12/site-packages/airflow/example_dags/example_sensors.py for tasks to queue
[2024-04-25T13:43:09.910+0000] {logging_mixin.py:188} INFO - [2024-04-25T13:43:09.910+0000] {dagbag.py:540} INFO - Filling up the DagBag from /home/airflow/.local/lib/python3.12/site-packages/airflow/example_dags/example_sensors.py
[2024-04-25T13:43:09.921+0000] {processor.py:840} INFO - DAG(s) 'example_sensors' retrieved from /home/airflow/.local/lib/python3.12/site-packages/airflow/example_dags/example_sensors.py
[2024-04-25T13:43:09.952+0000] {logging_mixin.py:188} INFO - [2024-04-25T13:43:09.952+0000] {dag.py:3096} INFO - Sync 1 DAGs
[2024-04-25T13:43:09.970+0000] {logging_mixin.py:188} INFO - [2024-04-25T13:43:09.970+0000] {dag.py:3954} INFO - Setting next_dagrun for example_sensors to None, run_after=None
[2024-04-25T13:43:09.991+0000] {processor.py:183} INFO - Processing /home/airflow/.local/lib/python3.12/site-packages/airflow/example_dags/example_sensors.py took 0.091 seconds
[2024-04-25T13:43:40.363+0000] {processor.py:161} INFO - Started process (PID=2603) to work on /home/airflow/.local/lib/python3.12/site-packages/airflow/example_dags/example_sensors.py
[2024-04-25T13:43:40.364+0000] {processor.py:830} INFO - Processing file /home/airflow/.local/lib/python3.12/site-packages/airflow/example_dags/example_sensors.py for tasks to queue
[2024-04-25T13:43:40.366+0000] {logging_mixin.py:188} INFO - [2024-04-25T13:43:40.366+0000] {dagbag.py:540} INFO - Filling up the DagBag from /home/airflow/.local/lib/python3.12/site-packages/airflow/example_dags/example_sensors.py
[2024-04-25T13:43:40.376+0000] {processor.py:840} INFO - DAG(s) 'example_sensors' retrieved from /home/airflow/.local/lib/python3.12/site-packages/airflow/example_dags/example_sensors.py
[2024-04-25T13:43:40.407+0000] {logging_mixin.py:188} INFO - [2024-04-25T13:43:40.406+0000] {dag.py:3096} INFO - Sync 1 DAGs
[2024-04-25T13:43:40.422+0000] {logging_mixin.py:188} INFO - [2024-04-25T13:43:40.422+0000] {dag.py:3954} INFO - Setting next_dagrun for example_sensors to None, run_after=None
[2024-04-25T13:43:40.445+0000] {processor.py:183} INFO - Processing /home/airflow/.local/lib/python3.12/site-packages/airflow/example_dags/example_sensors.py took 0.087 seconds
[2024-04-25T13:44:10.852+0000] {processor.py:161} INFO - Started process (PID=2864) to work on /home/airflow/.local/lib/python3.12/site-packages/airflow/example_dags/example_sensors.py
[2024-04-25T13:44:10.853+0000] {processor.py:830} INFO - Processing file /home/airflow/.local/lib/python3.12/site-packages/airflow/example_dags/example_sensors.py for tasks to queue
[2024-04-25T13:44:10.856+0000] {logging_mixin.py:188} INFO - [2024-04-25T13:44:10.855+0000] {dagbag.py:540} INFO - Filling up the DagBag from /home/airflow/.local/lib/python3.12/site-packages/airflow/example_dags/example_sensors.py
[2024-04-25T13:44:10.866+0000] {processor.py:840} INFO - DAG(s) 'example_sensors' retrieved from /home/airflow/.local/lib/python3.12/site-packages/airflow/example_dags/example_sensors.py
[2024-04-25T13:44:10.895+0000] {logging_mixin.py:188} INFO - [2024-04-25T13:44:10.894+0000] {dag.py:3096} INFO - Sync 1 DAGs
[2024-04-25T13:44:10.909+0000] {logging_mixin.py:188} INFO - [2024-04-25T13:44:10.908+0000] {dag.py:3954} INFO - Setting next_dagrun for example_sensors to None, run_after=None
[2024-04-25T13:44:10.929+0000] {processor.py:183} INFO - Processing /home/airflow/.local/lib/python3.12/site-packages/airflow/example_dags/example_sensors.py took 0.083 seconds
[2024-04-25T13:44:41.246+0000] {processor.py:161} INFO - Started process (PID=3125) to work on /home/airflow/.local/lib/python3.12/site-packages/airflow/example_dags/example_sensors.py
[2024-04-25T13:44:41.247+0000] {processor.py:830} INFO - Processing file /home/airflow/.local/lib/python3.12/site-packages/airflow/example_dags/example_sensors.py for tasks to queue
[2024-04-25T13:44:41.249+0000] {logging_mixin.py:188} INFO - [2024-04-25T13:44:41.249+0000] {dagbag.py:540} INFO - Filling up the DagBag from /home/airflow/.local/lib/python3.12/site-packages/airflow/example_dags/example_sensors.py
[2024-04-25T13:44:41.260+0000] {processor.py:840} INFO - DAG(s) 'example_sensors' retrieved from /home/airflow/.local/lib/python3.12/site-packages/airflow/example_dags/example_sensors.py
[2024-04-25T13:44:41.290+0000] {logging_mixin.py:188} INFO - [2024-04-25T13:44:41.290+0000] {dag.py:3096} INFO - Sync 1 DAGs
[2024-04-25T13:44:41.306+0000] {logging_mixin.py:188} INFO - [2024-04-25T13:44:41.306+0000] {dag.py:3954} INFO - Setting next_dagrun for example_sensors to None, run_after=None
[2024-04-25T13:44:41.330+0000] {processor.py:183} INFO - Processing /home/airflow/.local/lib/python3.12/site-packages/airflow/example_dags/example_sensors.py took 0.091 seconds
[2024-04-25T13:45:11.766+0000] {processor.py:161} INFO - Started process (PID=3389) to work on /home/airflow/.local/lib/python3.12/site-packages/airflow/example_dags/example_sensors.py
[2024-04-25T13:45:11.768+0000] {processor.py:830} INFO - Processing file /home/airflow/.local/lib/python3.12/site-packages/airflow/example_dags/example_sensors.py for tasks to queue
[2024-04-25T13:45:11.769+0000] {logging_mixin.py:188} INFO - [2024-04-25T13:45:11.769+0000] {dagbag.py:540} INFO - Filling up the DagBag from /home/airflow/.local/lib/python3.12/site-packages/airflow/example_dags/example_sensors.py
[2024-04-25T13:45:11.781+0000] {processor.py:840} INFO - DAG(s) 'example_sensors' retrieved from /home/airflow/.local/lib/python3.12/site-packages/airflow/example_dags/example_sensors.py
[2024-04-25T13:45:11.811+0000] {logging_mixin.py:188} INFO - [2024-04-25T13:45:11.811+0000] {dag.py:3096} INFO - Sync 1 DAGs
[2024-04-25T13:45:11.825+0000] {logging_mixin.py:188} INFO - [2024-04-25T13:45:11.824+0000] {dag.py:3954} INFO - Setting next_dagrun for example_sensors to None, run_after=None
[2024-04-25T13:45:11.847+0000] {processor.py:183} INFO - Processing /home/airflow/.local/lib/python3.12/site-packages/airflow/example_dags/example_sensors.py took 0.087 seconds
[2024-04-25T13:45:42.189+0000] {processor.py:161} INFO - Started process (PID=3649) to work on /home/airflow/.local/lib/python3.12/site-packages/airflow/example_dags/example_sensors.py
[2024-04-25T13:45:42.190+0000] {processor.py:830} INFO - Processing file /home/airflow/.local/lib/python3.12/site-packages/airflow/example_dags/example_sensors.py for tasks to queue
[2024-04-25T13:45:42.192+0000] {logging_mixin.py:188} INFO - [2024-04-25T13:45:42.191+0000] {dagbag.py:540} INFO - Filling up the DagBag from /home/airflow/.local/lib/python3.12/site-packages/airflow/example_dags/example_sensors.py
[2024-04-25T13:45:42.204+0000] {processor.py:840} INFO - DAG(s) 'example_sensors' retrieved from /home/airflow/.local/lib/python3.12/site-packages/airflow/example_dags/example_sensors.py
[2024-04-25T13:45:42.237+0000] {logging_mixin.py:188} INFO - [2024-04-25T13:45:42.236+0000] {dag.py:3096} INFO - Sync 1 DAGs
[2024-04-25T13:45:42.251+0000] {logging_mixin.py:188} INFO - [2024-04-25T13:45:42.251+0000] {dag.py:3954} INFO - Setting next_dagrun for example_sensors to None, run_after=None
[2024-04-25T13:45:42.273+0000] {processor.py:183} INFO - Processing /home/airflow/.local/lib/python3.12/site-packages/airflow/example_dags/example_sensors.py took 0.092 seconds
[2024-04-25T13:46:13.170+0000] {processor.py:161} INFO - Started process (PID=3911) to work on /home/airflow/.local/lib/python3.12/site-packages/airflow/example_dags/example_sensors.py
[2024-04-25T13:46:13.171+0000] {processor.py:830} INFO - Processing file /home/airflow/.local/lib/python3.12/site-packages/airflow/example_dags/example_sensors.py for tasks to queue
[2024-04-25T13:46:13.173+0000] {logging_mixin.py:188} INFO - [2024-04-25T13:46:13.173+0000] {dagbag.py:540} INFO - Filling up the DagBag from /home/airflow/.local/lib/python3.12/site-packages/airflow/example_dags/example_sensors.py
[2024-04-25T13:46:13.182+0000] {processor.py:840} INFO - DAG(s) 'example_sensors' retrieved from /home/airflow/.local/lib/python3.12/site-packages/airflow/example_dags/example_sensors.py
[2024-04-25T13:46:13.210+0000] {logging_mixin.py:188} INFO - [2024-04-25T13:46:13.210+0000] {dag.py:3096} INFO - Sync 1 DAGs
[2024-04-25T13:46:13.224+0000] {logging_mixin.py:188} INFO - [2024-04-25T13:46:13.224+0000] {dag.py:3954} INFO - Setting next_dagrun for example_sensors to None, run_after=None
[2024-04-25T13:46:13.244+0000] {processor.py:183} INFO - Processing /home/airflow/.local/lib/python3.12/site-packages/airflow/example_dags/example_sensors.py took 0.082 seconds
[2024-04-25T13:46:43.541+0000] {processor.py:161} INFO - Started process (PID=4173) to work on /home/airflow/.local/lib/python3.12/site-packages/airflow/example_dags/example_sensors.py
[2024-04-25T13:46:43.543+0000] {processor.py:830} INFO - Processing file /home/airflow/.local/lib/python3.12/site-packages/airflow/example_dags/example_sensors.py for tasks to queue
[2024-04-25T13:46:43.545+0000] {logging_mixin.py:188} INFO - [2024-04-25T13:46:43.544+0000] {dagbag.py:540} INFO - Filling up the DagBag from /home/airflow/.local/lib/python3.12/site-packages/airflow/example_dags/example_sensors.py
[2024-04-25T13:46:43.554+0000] {processor.py:840} INFO - DAG(s) 'example_sensors' retrieved from /home/airflow/.local/lib/python3.12/site-packages/airflow/example_dags/example_sensors.py
[2024-04-25T13:46:43.580+0000] {logging_mixin.py:188} INFO - [2024-04-25T13:46:43.580+0000] {dag.py:3096} INFO - Sync 1 DAGs
[2024-04-25T13:46:43.593+0000] {logging_mixin.py:188} INFO - [2024-04-25T13:46:43.592+0000] {dag.py:3954} INFO - Setting next_dagrun for example_sensors to None, run_after=None
[2024-04-25T13:46:43.612+0000] {processor.py:183} INFO - Processing /home/airflow/.local/lib/python3.12/site-packages/airflow/example_dags/example_sensors.py took 0.077 seconds
[2024-04-25T13:47:14.019+0000] {processor.py:161} INFO - Started process (PID=4435) to work on /home/airflow/.local/lib/python3.12/site-packages/airflow/example_dags/example_sensors.py
[2024-04-25T13:47:14.020+0000] {processor.py:830} INFO - Processing file /home/airflow/.local/lib/python3.12/site-packages/airflow/example_dags/example_sensors.py for tasks to queue
[2024-04-25T13:47:14.022+0000] {logging_mixin.py:188} INFO - [2024-04-25T13:47:14.022+0000] {dagbag.py:540} INFO - Filling up the DagBag from /home/airflow/.local/lib/python3.12/site-packages/airflow/example_dags/example_sensors.py
[2024-04-25T13:47:14.032+0000] {processor.py:840} INFO - DAG(s) 'example_sensors' retrieved from /home/airflow/.local/lib/python3.12/site-packages/airflow/example_dags/example_sensors.py
[2024-04-25T13:47:14.061+0000] {logging_mixin.py:188} INFO - [2024-04-25T13:47:14.060+0000] {dag.py:3096} INFO - Sync 1 DAGs
[2024-04-25T13:47:14.077+0000] {logging_mixin.py:188} INFO - [2024-04-25T13:47:14.077+0000] {dag.py:3954} INFO - Setting next_dagrun for example_sensors to None, run_after=None
[2024-04-25T13:47:14.101+0000] {processor.py:183} INFO - Processing /home/airflow/.local/lib/python3.12/site-packages/airflow/example_dags/example_sensors.py took 0.088 seconds
[2024-04-25T13:47:44.411+0000] {processor.py:161} INFO - Started process (PID=4697) to work on /home/airflow/.local/lib/python3.12/site-packages/airflow/example_dags/example_sensors.py
[2024-04-25T13:47:44.412+0000] {processor.py:830} INFO - Processing file /home/airflow/.local/lib/python3.12/site-packages/airflow/example_dags/example_sensors.py for tasks to queue
[2024-04-25T13:47:44.413+0000] {logging_mixin.py:188} INFO - [2024-04-25T13:47:44.413+0000] {dagbag.py:540} INFO - Filling up the DagBag from /home/airflow/.local/lib/python3.12/site-packages/airflow/example_dags/example_sensors.py
[2024-04-25T13:47:44.422+0000] {processor.py:840} INFO - DAG(s) 'example_sensors' retrieved from /home/airflow/.local/lib/python3.12/site-packages/airflow/example_dags/example_sensors.py
[2024-04-25T13:47:44.449+0000] {logging_mixin.py:188} INFO - [2024-04-25T13:47:44.449+0000] {dag.py:3096} INFO - Sync 1 DAGs
[2024-04-25T13:47:44.462+0000] {logging_mixin.py:188} INFO - [2024-04-25T13:47:44.462+0000] {dag.py:3954} INFO - Setting next_dagrun for example_sensors to None, run_after=None
[2024-04-25T13:47:44.481+0000] {processor.py:183} INFO - Processing /home/airflow/.local/lib/python3.12/site-packages/airflow/example_dags/example_sensors.py took 0.076 seconds
[2024-04-25T13:48:14.831+0000] {processor.py:161} INFO - Started process (PID=4959) to work on /home/airflow/.local/lib/python3.12/site-packages/airflow/example_dags/example_sensors.py
[2024-04-25T13:48:14.832+0000] {processor.py:830} INFO - Processing file /home/airflow/.local/lib/python3.12/site-packages/airflow/example_dags/example_sensors.py for tasks to queue
[2024-04-25T13:48:14.834+0000] {logging_mixin.py:188} INFO - [2024-04-25T13:48:14.834+0000] {dagbag.py:540} INFO - Filling up the DagBag from /home/airflow/.local/lib/python3.12/site-packages/airflow/example_dags/example_sensors.py
[2024-04-25T13:48:14.843+0000] {processor.py:840} INFO - DAG(s) 'example_sensors' retrieved from /home/airflow/.local/lib/python3.12/site-packages/airflow/example_dags/example_sensors.py
[2024-04-25T13:48:14.871+0000] {logging_mixin.py:188} INFO - [2024-04-25T13:48:14.871+0000] {dag.py:3096} INFO - Sync 1 DAGs
[2024-04-25T13:48:14.890+0000] {logging_mixin.py:188} INFO - [2024-04-25T13:48:14.889+0000] {dag.py:3954} INFO - Setting next_dagrun for example_sensors to None, run_after=None
[2024-04-25T13:48:14.916+0000] {processor.py:183} INFO - Processing /home/airflow/.local/lib/python3.12/site-packages/airflow/example_dags/example_sensors.py took 0.091 seconds
[2024-04-25T13:48:45.412+0000] {processor.py:161} INFO - Started process (PID=5221) to work on /home/airflow/.local/lib/python3.12/site-packages/airflow/example_dags/example_sensors.py
[2024-04-25T13:48:45.413+0000] {processor.py:830} INFO - Processing file /home/airflow/.local/lib/python3.12/site-packages/airflow/example_dags/example_sensors.py for tasks to queue
[2024-04-25T13:48:45.415+0000] {logging_mixin.py:188} INFO - [2024-04-25T13:48:45.415+0000] {dagbag.py:540} INFO - Filling up the DagBag from /home/airflow/.local/lib/python3.12/site-packages/airflow/example_dags/example_sensors.py
[2024-04-25T13:48:45.425+0000] {processor.py:840} INFO - DAG(s) 'example_sensors' retrieved from /home/airflow/.local/lib/python3.12/site-packages/airflow/example_dags/example_sensors.py
[2024-04-25T13:48:45.452+0000] {logging_mixin.py:188} INFO - [2024-04-25T13:48:45.452+0000] {dag.py:3096} INFO - Sync 1 DAGs
[2024-04-25T13:48:45.466+0000] {logging_mixin.py:188} INFO - [2024-04-25T13:48:45.466+0000] {dag.py:3954} INFO - Setting next_dagrun for example_sensors to None, run_after=None
[2024-04-25T13:48:45.487+0000] {processor.py:183} INFO - Processing /home/airflow/.local/lib/python3.12/site-packages/airflow/example_dags/example_sensors.py took 0.082 seconds
[2024-04-25T13:49:15.666+0000] {processor.py:161} INFO - Started process (PID=5483) to work on /home/airflow/.local/lib/python3.12/site-packages/airflow/example_dags/example_sensors.py
[2024-04-25T13:49:15.667+0000] {processor.py:830} INFO - Processing file /home/airflow/.local/lib/python3.12/site-packages/airflow/example_dags/example_sensors.py for tasks to queue
[2024-04-25T13:49:15.669+0000] {logging_mixin.py:188} INFO - [2024-04-25T13:49:15.669+0000] {dagbag.py:540} INFO - Filling up the DagBag from /home/airflow/.local/lib/python3.12/site-packages/airflow/example_dags/example_sensors.py
[2024-04-25T13:49:15.679+0000] {processor.py:840} INFO - DAG(s) 'example_sensors' retrieved from /home/airflow/.local/lib/python3.12/site-packages/airflow/example_dags/example_sensors.py
[2024-04-25T13:49:15.708+0000] {logging_mixin.py:188} INFO - [2024-04-25T13:49:15.708+0000] {dag.py:3096} INFO - Sync 1 DAGs
[2024-04-25T13:49:15.722+0000] {logging_mixin.py:188} INFO - [2024-04-25T13:49:15.722+0000] {dag.py:3954} INFO - Setting next_dagrun for example_sensors to None, run_after=None
[2024-04-25T13:49:15.744+0000] {processor.py:183} INFO - Processing /home/airflow/.local/lib/python3.12/site-packages/airflow/example_dags/example_sensors.py took 0.084 seconds
[2024-04-25T13:49:46.176+0000] {processor.py:161} INFO - Started process (PID=5745) to work on /home/airflow/.local/lib/python3.12/site-packages/airflow/example_dags/example_sensors.py
[2024-04-25T13:49:46.177+0000] {processor.py:830} INFO - Processing file /home/airflow/.local/lib/python3.12/site-packages/airflow/example_dags/example_sensors.py for tasks to queue
[2024-04-25T13:49:46.179+0000] {logging_mixin.py:188} INFO - [2024-04-25T13:49:46.179+0000] {dagbag.py:540} INFO - Filling up the DagBag from /home/airflow/.local/lib/python3.12/site-packages/airflow/example_dags/example_sensors.py
[2024-04-25T13:49:46.188+0000] {processor.py:840} INFO - DAG(s) 'example_sensors' retrieved from /home/airflow/.local/lib/python3.12/site-packages/airflow/example_dags/example_sensors.py
[2024-04-25T13:49:46.218+0000] {logging_mixin.py:188} INFO - [2024-04-25T13:49:46.218+0000] {dag.py:3096} INFO - Sync 1 DAGs
[2024-04-25T13:49:46.235+0000] {logging_mixin.py:188} INFO - [2024-04-25T13:49:46.235+0000] {dag.py:3954} INFO - Setting next_dagrun for example_sensors to None, run_after=None
[2024-04-25T13:49:46.261+0000] {processor.py:183} INFO - Processing /home/airflow/.local/lib/python3.12/site-packages/airflow/example_dags/example_sensors.py took 0.091 seconds
[2024-04-25T13:50:16.701+0000] {processor.py:161} INFO - Started process (PID=6007) to work on /home/airflow/.local/lib/python3.12/site-packages/airflow/example_dags/example_sensors.py
[2024-04-25T13:50:16.702+0000] {processor.py:830} INFO - Processing file /home/airflow/.local/lib/python3.12/site-packages/airflow/example_dags/example_sensors.py for tasks to queue
[2024-04-25T13:50:16.704+0000] {logging_mixin.py:188} INFO - [2024-04-25T13:50:16.704+0000] {dagbag.py:540} INFO - Filling up the DagBag from /home/airflow/.local/lib/python3.12/site-packages/airflow/example_dags/example_sensors.py
[2024-04-25T13:50:16.714+0000] {processor.py:840} INFO - DAG(s) 'example_sensors' retrieved from /home/airflow/.local/lib/python3.12/site-packages/airflow/example_dags/example_sensors.py
[2024-04-25T13:50:16.741+0000] {logging_mixin.py:188} INFO - [2024-04-25T13:50:16.741+0000] {dag.py:3096} INFO - Sync 1 DAGs
[2024-04-25T13:50:16.757+0000] {logging_mixin.py:188} INFO - [2024-04-25T13:50:16.757+0000] {dag.py:3954} INFO - Setting next_dagrun for example_sensors to None, run_after=None
[2024-04-25T13:50:16.781+0000] {processor.py:183} INFO - Processing /home/airflow/.local/lib/python3.12/site-packages/airflow/example_dags/example_sensors.py took 0.085 seconds
[2024-04-25T13:50:47.245+0000] {processor.py:161} INFO - Started process (PID=6269) to work on /home/airflow/.local/lib/python3.12/site-packages/airflow/example_dags/example_sensors.py
[2024-04-25T13:50:47.247+0000] {processor.py:830} INFO - Processing file /home/airflow/.local/lib/python3.12/site-packages/airflow/example_dags/example_sensors.py for tasks to queue
[2024-04-25T13:50:47.249+0000] {logging_mixin.py:188} INFO - [2024-04-25T13:50:47.249+0000] {dagbag.py:540} INFO - Filling up the DagBag from /home/airflow/.local/lib/python3.12/site-packages/airflow/example_dags/example_sensors.py
[2024-04-25T13:50:47.259+0000] {processor.py:840} INFO - DAG(s) 'example_sensors' retrieved from /home/airflow/.local/lib/python3.12/site-packages/airflow/example_dags/example_sensors.py
[2024-04-25T13:50:47.288+0000] {logging_mixin.py:188} INFO - [2024-04-25T13:50:47.287+0000] {dag.py:3096} INFO - Sync 1 DAGs
[2024-04-25T13:50:47.301+0000] {logging_mixin.py:188} INFO - [2024-04-25T13:50:47.301+0000] {dag.py:3954} INFO - Setting next_dagrun for example_sensors to None, run_after=None
[2024-04-25T13:50:47.321+0000] {processor.py:183} INFO - Processing /home/airflow/.local/lib/python3.12/site-packages/airflow/example_dags/example_sensors.py took 0.082 seconds
[2024-04-25T13:51:18.163+0000] {processor.py:161} INFO - Started process (PID=6531) to work on /home/airflow/.local/lib/python3.12/site-packages/airflow/example_dags/example_sensors.py
[2024-04-25T13:51:18.164+0000] {processor.py:830} INFO - Processing file /home/airflow/.local/lib/python3.12/site-packages/airflow/example_dags/example_sensors.py for tasks to queue
[2024-04-25T13:51:18.166+0000] {logging_mixin.py:188} INFO - [2024-04-25T13:51:18.166+0000] {dagbag.py:540} INFO - Filling up the DagBag from /home/airflow/.local/lib/python3.12/site-packages/airflow/example_dags/example_sensors.py
[2024-04-25T13:51:18.176+0000] {processor.py:840} INFO - DAG(s) 'example_sensors' retrieved from /home/airflow/.local/lib/python3.12/site-packages/airflow/example_dags/example_sensors.py
[2024-04-25T13:51:18.204+0000] {logging_mixin.py:188} INFO - [2024-04-25T13:51:18.204+0000] {dag.py:3096} INFO - Sync 1 DAGs
[2024-04-25T13:51:18.219+0000] {logging_mixin.py:188} INFO - [2024-04-25T13:51:18.219+0000] {dag.py:3954} INFO - Setting next_dagrun for example_sensors to None, run_after=None
[2024-04-25T13:51:18.240+0000] {processor.py:183} INFO - Processing /home/airflow/.local/lib/python3.12/site-packages/airflow/example_dags/example_sensors.py took 0.083 seconds
[2024-04-25T13:51:48.525+0000] {processor.py:161} INFO - Started process (PID=6793) to work on /home/airflow/.local/lib/python3.12/site-packages/airflow/example_dags/example_sensors.py
[2024-04-25T13:51:48.526+0000] {processor.py:830} INFO - Processing file /home/airflow/.local/lib/python3.12/site-packages/airflow/example_dags/example_sensors.py for tasks to queue
[2024-04-25T13:51:48.528+0000] {logging_mixin.py:188} INFO - [2024-04-25T13:51:48.527+0000] {dagbag.py:540} INFO - Filling up the DagBag from /home/airflow/.local/lib/python3.12/site-packages/airflow/example_dags/example_sensors.py
[2024-04-25T13:51:48.539+0000] {processor.py:840} INFO - DAG(s) 'example_sensors' retrieved from /home/airflow/.local/lib/python3.12/site-packages/airflow/example_dags/example_sensors.py
[2024-04-25T13:51:48.574+0000] {logging_mixin.py:188} INFO - [2024-04-25T13:51:48.574+0000] {dag.py:3096} INFO - Sync 1 DAGs
[2024-04-25T13:51:48.591+0000] {logging_mixin.py:188} INFO - [2024-04-25T13:51:48.590+0000] {dag.py:3954} INFO - Setting next_dagrun for example_sensors to None, run_after=None
[2024-04-25T13:51:48.614+0000] {processor.py:183} INFO - Processing /home/airflow/.local/lib/python3.12/site-packages/airflow/example_dags/example_sensors.py took 0.096 seconds
[2024-04-25T13:52:19.252+0000] {processor.py:161} INFO - Started process (PID=7055) to work on /home/airflow/.local/lib/python3.12/site-packages/airflow/example_dags/example_sensors.py
[2024-04-25T13:52:19.254+0000] {processor.py:830} INFO - Processing file /home/airflow/.local/lib/python3.12/site-packages/airflow/example_dags/example_sensors.py for tasks to queue
[2024-04-25T13:52:19.256+0000] {logging_mixin.py:188} INFO - [2024-04-25T13:52:19.255+0000] {dagbag.py:540} INFO - Filling up the DagBag from /home/airflow/.local/lib/python3.12/site-packages/airflow/example_dags/example_sensors.py
[2024-04-25T13:52:19.270+0000] {processor.py:840} INFO - DAG(s) 'example_sensors' retrieved from /home/airflow/.local/lib/python3.12/site-packages/airflow/example_dags/example_sensors.py
[2024-04-25T13:52:19.299+0000] {logging_mixin.py:188} INFO - [2024-04-25T13:52:19.299+0000] {dag.py:3096} INFO - Sync 1 DAGs
[2024-04-25T13:52:19.314+0000] {logging_mixin.py:188} INFO - [2024-04-25T13:52:19.314+0000] {dag.py:3954} INFO - Setting next_dagrun for example_sensors to None, run_after=None
[2024-04-25T13:52:19.337+0000] {processor.py:183} INFO - Processing /home/airflow/.local/lib/python3.12/site-packages/airflow/example_dags/example_sensors.py took 0.091 seconds
[2024-04-25T13:52:49.575+0000] {processor.py:161} INFO - Started process (PID=7317) to work on /home/airflow/.local/lib/python3.12/site-packages/airflow/example_dags/example_sensors.py
[2024-04-25T13:52:49.576+0000] {processor.py:830} INFO - Processing file /home/airflow/.local/lib/python3.12/site-packages/airflow/example_dags/example_sensors.py for tasks to queue
[2024-04-25T13:52:49.578+0000] {logging_mixin.py:188} INFO - [2024-04-25T13:52:49.578+0000] {dagbag.py:540} INFO - Filling up the DagBag from /home/airflow/.local/lib/python3.12/site-packages/airflow/example_dags/example_sensors.py
[2024-04-25T13:52:49.588+0000] {processor.py:840} INFO - DAG(s) 'example_sensors' retrieved from /home/airflow/.local/lib/python3.12/site-packages/airflow/example_dags/example_sensors.py
[2024-04-25T13:52:49.617+0000] {logging_mixin.py:188} INFO - [2024-04-25T13:52:49.617+0000] {dag.py:3096} INFO - Sync 1 DAGs
[2024-04-25T13:52:49.635+0000] {logging_mixin.py:188} INFO - [2024-04-25T13:52:49.635+0000] {dag.py:3954} INFO - Setting next_dagrun for example_sensors to None, run_after=None
[2024-04-25T13:52:49.658+0000] {processor.py:183} INFO - Processing /home/airflow/.local/lib/python3.12/site-packages/airflow/example_dags/example_sensors.py took 0.089 seconds
[2024-04-25T13:53:20.131+0000] {processor.py:161} INFO - Started process (PID=7581) to work on /home/airflow/.local/lib/python3.12/site-packages/airflow/example_dags/example_sensors.py
[2024-04-25T13:53:20.132+0000] {processor.py:830} INFO - Processing file /home/airflow/.local/lib/python3.12/site-packages/airflow/example_dags/example_sensors.py for tasks to queue
[2024-04-25T13:53:20.134+0000] {logging_mixin.py:188} INFO - [2024-04-25T13:53:20.134+0000] {dagbag.py:540} INFO - Filling up the DagBag from /home/airflow/.local/lib/python3.12/site-packages/airflow/example_dags/example_sensors.py
[2024-04-25T13:53:20.144+0000] {processor.py:840} INFO - DAG(s) 'example_sensors' retrieved from /home/airflow/.local/lib/python3.12/site-packages/airflow/example_dags/example_sensors.py
[2024-04-25T13:53:20.172+0000] {logging_mixin.py:188} INFO - [2024-04-25T13:53:20.172+0000] {dag.py:3096} INFO - Sync 1 DAGs
[2024-04-25T13:53:20.185+0000] {logging_mixin.py:188} INFO - [2024-04-25T13:53:20.185+0000] {dag.py:3954} INFO - Setting next_dagrun for example_sensors to None, run_after=None
[2024-04-25T13:53:20.206+0000] {processor.py:183} INFO - Processing /home/airflow/.local/lib/python3.12/site-packages/airflow/example_dags/example_sensors.py took 0.081 seconds
[2024-04-25T13:53:50.623+0000] {processor.py:161} INFO - Started process (PID=7841) to work on /home/airflow/.local/lib/python3.12/site-packages/airflow/example_dags/example_sensors.py
[2024-04-25T13:53:50.625+0000] {processor.py:830} INFO - Processing file /home/airflow/.local/lib/python3.12/site-packages/airflow/example_dags/example_sensors.py for tasks to queue
[2024-04-25T13:53:50.627+0000] {logging_mixin.py:188} INFO - [2024-04-25T13:53:50.627+0000] {dagbag.py:540} INFO - Filling up the DagBag from /home/airflow/.local/lib/python3.12/site-packages/airflow/example_dags/example_sensors.py
[2024-04-25T13:53:50.636+0000] {processor.py:840} INFO - DAG(s) 'example_sensors' retrieved from /home/airflow/.local/lib/python3.12/site-packages/airflow/example_dags/example_sensors.py
[2024-04-25T13:53:50.667+0000] {logging_mixin.py:188} INFO - [2024-04-25T13:53:50.667+0000] {dag.py:3096} INFO - Sync 1 DAGs
[2024-04-25T13:53:50.682+0000] {logging_mixin.py:188} INFO - [2024-04-25T13:53:50.682+0000] {dag.py:3954} INFO - Setting next_dagrun for example_sensors to None, run_after=None
[2024-04-25T13:53:50.703+0000] {processor.py:183} INFO - Processing /home/airflow/.local/lib/python3.12/site-packages/airflow/example_dags/example_sensors.py took 0.086 seconds
[2024-04-25T13:54:21.079+0000] {processor.py:161} INFO - Started process (PID=8103) to work on /home/airflow/.local/lib/python3.12/site-packages/airflow/example_dags/example_sensors.py
[2024-04-25T13:54:21.080+0000] {processor.py:830} INFO - Processing file /home/airflow/.local/lib/python3.12/site-packages/airflow/example_dags/example_sensors.py for tasks to queue
[2024-04-25T13:54:21.082+0000] {logging_mixin.py:188} INFO - [2024-04-25T13:54:21.081+0000] {dagbag.py:540} INFO - Filling up the DagBag from /home/airflow/.local/lib/python3.12/site-packages/airflow/example_dags/example_sensors.py
[2024-04-25T13:54:21.092+0000] {processor.py:840} INFO - DAG(s) 'example_sensors' retrieved from /home/airflow/.local/lib/python3.12/site-packages/airflow/example_dags/example_sensors.py
[2024-04-25T13:54:21.124+0000] {logging_mixin.py:188} INFO - [2024-04-25T13:54:21.123+0000] {dag.py:3096} INFO - Sync 1 DAGs
[2024-04-25T13:54:21.138+0000] {logging_mixin.py:188} INFO - [2024-04-25T13:54:21.138+0000] {dag.py:3954} INFO - Setting next_dagrun for example_sensors to None, run_after=None
[2024-04-25T13:54:21.159+0000] {processor.py:183} INFO - Processing /home/airflow/.local/lib/python3.12/site-packages/airflow/example_dags/example_sensors.py took 0.088 seconds
[2024-04-25T13:54:51.374+0000] {processor.py:161} INFO - Started process (PID=8365) to work on /home/airflow/.local/lib/python3.12/site-packages/airflow/example_dags/example_sensors.py
[2024-04-25T13:54:51.375+0000] {processor.py:830} INFO - Processing file /home/airflow/.local/lib/python3.12/site-packages/airflow/example_dags/example_sensors.py for tasks to queue
[2024-04-25T13:54:51.378+0000] {logging_mixin.py:188} INFO - [2024-04-25T13:54:51.377+0000] {dagbag.py:540} INFO - Filling up the DagBag from /home/airflow/.local/lib/python3.12/site-packages/airflow/example_dags/example_sensors.py
[2024-04-25T13:54:51.390+0000] {processor.py:840} INFO - DAG(s) 'example_sensors' retrieved from /home/airflow/.local/lib/python3.12/site-packages/airflow/example_dags/example_sensors.py
[2024-04-25T13:54:51.431+0000] {logging_mixin.py:188} INFO - [2024-04-25T13:54:51.431+0000] {dag.py:3096} INFO - Sync 1 DAGs
[2024-04-25T13:54:51.448+0000] {logging_mixin.py:188} INFO - [2024-04-25T13:54:51.448+0000] {dag.py:3954} INFO - Setting next_dagrun for example_sensors to None, run_after=None
[2024-04-25T13:54:51.471+0000] {processor.py:183} INFO - Processing /home/airflow/.local/lib/python3.12/site-packages/airflow/example_dags/example_sensors.py took 0.104 seconds
[2024-04-25T13:55:21.943+0000] {processor.py:161} INFO - Started process (PID=8628) to work on /home/airflow/.local/lib/python3.12/site-packages/airflow/example_dags/example_sensors.py
[2024-04-25T13:55:21.945+0000] {processor.py:830} INFO - Processing file /home/airflow/.local/lib/python3.12/site-packages/airflow/example_dags/example_sensors.py for tasks to queue
[2024-04-25T13:55:21.947+0000] {logging_mixin.py:188} INFO - [2024-04-25T13:55:21.946+0000] {dagbag.py:540} INFO - Filling up the DagBag from /home/airflow/.local/lib/python3.12/site-packages/airflow/example_dags/example_sensors.py
[2024-04-25T13:55:21.957+0000] {processor.py:840} INFO - DAG(s) 'example_sensors' retrieved from /home/airflow/.local/lib/python3.12/site-packages/airflow/example_dags/example_sensors.py
[2024-04-25T13:55:21.986+0000] {logging_mixin.py:188} INFO - [2024-04-25T13:55:21.985+0000] {dag.py:3096} INFO - Sync 1 DAGs
[2024-04-25T13:55:21.999+0000] {logging_mixin.py:188} INFO - [2024-04-25T13:55:21.999+0000] {dag.py:3954} INFO - Setting next_dagrun for example_sensors to None, run_after=None
[2024-04-25T13:55:22.019+0000] {processor.py:183} INFO - Processing /home/airflow/.local/lib/python3.12/site-packages/airflow/example_dags/example_sensors.py took 0.082 seconds
[2024-04-25T13:55:52.472+0000] {processor.py:161} INFO - Started process (PID=8890) to work on /home/airflow/.local/lib/python3.12/site-packages/airflow/example_dags/example_sensors.py
[2024-04-25T13:55:52.473+0000] {processor.py:830} INFO - Processing file /home/airflow/.local/lib/python3.12/site-packages/airflow/example_dags/example_sensors.py for tasks to queue
[2024-04-25T13:55:52.475+0000] {logging_mixin.py:188} INFO - [2024-04-25T13:55:52.475+0000] {dagbag.py:540} INFO - Filling up the DagBag from /home/airflow/.local/lib/python3.12/site-packages/airflow/example_dags/example_sensors.py
[2024-04-25T13:55:52.485+0000] {processor.py:840} INFO - DAG(s) 'example_sensors' retrieved from /home/airflow/.local/lib/python3.12/site-packages/airflow/example_dags/example_sensors.py
[2024-04-25T13:55:52.514+0000] {logging_mixin.py:188} INFO - [2024-04-25T13:55:52.514+0000] {dag.py:3096} INFO - Sync 1 DAGs
[2024-04-25T13:55:52.528+0000] {logging_mixin.py:188} INFO - [2024-04-25T13:55:52.528+0000] {dag.py:3954} INFO - Setting next_dagrun for example_sensors to None, run_after=None
[2024-04-25T13:55:52.550+0000] {processor.py:183} INFO - Processing /home/airflow/.local/lib/python3.12/site-packages/airflow/example_dags/example_sensors.py took 0.086 seconds
[2024-04-25T13:56:22.983+0000] {processor.py:161} INFO - Started process (PID=9152) to work on /home/airflow/.local/lib/python3.12/site-packages/airflow/example_dags/example_sensors.py
[2024-04-25T13:56:22.984+0000] {processor.py:830} INFO - Processing file /home/airflow/.local/lib/python3.12/site-packages/airflow/example_dags/example_sensors.py for tasks to queue
[2024-04-25T13:56:22.986+0000] {logging_mixin.py:188} INFO - [2024-04-25T13:56:22.985+0000] {dagbag.py:540} INFO - Filling up the DagBag from /home/airflow/.local/lib/python3.12/site-packages/airflow/example_dags/example_sensors.py
[2024-04-25T13:56:22.996+0000] {processor.py:840} INFO - DAG(s) 'example_sensors' retrieved from /home/airflow/.local/lib/python3.12/site-packages/airflow/example_dags/example_sensors.py
[2024-04-25T13:56:23.024+0000] {logging_mixin.py:188} INFO - [2024-04-25T13:56:23.024+0000] {dag.py:3096} INFO - Sync 1 DAGs
[2024-04-25T13:56:23.039+0000] {logging_mixin.py:188} INFO - [2024-04-25T13:56:23.038+0000] {dag.py:3954} INFO - Setting next_dagrun for example_sensors to None, run_after=None
[2024-04-25T13:56:23.060+0000] {processor.py:183} INFO - Processing /home/airflow/.local/lib/python3.12/site-packages/airflow/example_dags/example_sensors.py took 0.084 seconds
[2024-04-25T13:58:16.852+0000] {processor.py:161} INFO - Started process (PID=237) to work on /home/airflow/.local/lib/python3.12/site-packages/airflow/example_dags/example_sensors.py
[2024-04-25T13:58:16.853+0000] {processor.py:830} INFO - Processing file /home/airflow/.local/lib/python3.12/site-packages/airflow/example_dags/example_sensors.py for tasks to queue
[2024-04-25T13:58:16.856+0000] {logging_mixin.py:188} INFO - [2024-04-25T13:58:16.855+0000] {dagbag.py:540} INFO - Filling up the DagBag from /home/airflow/.local/lib/python3.12/site-packages/airflow/example_dags/example_sensors.py
[2024-04-25T13:58:16.869+0000] {processor.py:840} INFO - DAG(s) 'example_sensors' retrieved from /home/airflow/.local/lib/python3.12/site-packages/airflow/example_dags/example_sensors.py
[2024-04-25T13:58:16.881+0000] {logging_mixin.py:188} INFO - [2024-04-25T13:58:16.881+0000] {dag.py:3096} INFO - Sync 1 DAGs
[2024-04-25T13:58:16.895+0000] {logging_mixin.py:188} INFO - [2024-04-25T13:58:16.895+0000] {dag.py:3954} INFO - Setting next_dagrun for example_sensors to None, run_after=None
[2024-04-25T13:58:16.917+0000] {processor.py:183} INFO - Processing /home/airflow/.local/lib/python3.12/site-packages/airflow/example_dags/example_sensors.py took 0.073 seconds
[2024-04-25T13:58:47.948+0000] {processor.py:161} INFO - Started process (PID=499) to work on /home/airflow/.local/lib/python3.12/site-packages/airflow/example_dags/example_sensors.py
[2024-04-25T13:58:47.950+0000] {processor.py:830} INFO - Processing file /home/airflow/.local/lib/python3.12/site-packages/airflow/example_dags/example_sensors.py for tasks to queue
[2024-04-25T13:58:47.952+0000] {logging_mixin.py:188} INFO - [2024-04-25T13:58:47.952+0000] {dagbag.py:540} INFO - Filling up the DagBag from /home/airflow/.local/lib/python3.12/site-packages/airflow/example_dags/example_sensors.py
[2024-04-25T13:58:47.964+0000] {processor.py:840} INFO - DAG(s) 'example_sensors' retrieved from /home/airflow/.local/lib/python3.12/site-packages/airflow/example_dags/example_sensors.py
[2024-04-25T13:58:48.104+0000] {logging_mixin.py:188} INFO - [2024-04-25T13:58:48.104+0000] {dag.py:3096} INFO - Sync 1 DAGs
[2024-04-25T13:58:48.118+0000] {logging_mixin.py:188} INFO - [2024-04-25T13:58:48.118+0000] {dag.py:3954} INFO - Setting next_dagrun for example_sensors to None, run_after=None
[2024-04-25T13:58:48.141+0000] {processor.py:183} INFO - Processing /home/airflow/.local/lib/python3.12/site-packages/airflow/example_dags/example_sensors.py took 0.199 seconds
