[2024-04-25T13:39:06.912+0000] {processor.py:161} INFO - Started process (PID=282) to work on /home/airflow/.local/lib/python3.12/site-packages/airflow/example_dags/example_skip_dag.py
[2024-04-25T13:39:06.913+0000] {processor.py:830} INFO - Processing file /home/airflow/.local/lib/python3.12/site-packages/airflow/example_dags/example_skip_dag.py for tasks to queue
[2024-04-25T13:39:06.916+0000] {logging_mixin.py:188} INFO - [2024-04-25T13:39:06.916+0000] {dagbag.py:540} INFO - Filling up the DagBag from /home/airflow/.local/lib/python3.12/site-packages/airflow/example_dags/example_skip_dag.py
[2024-04-25T13:39:06.929+0000] {processor.py:840} INFO - DAG(s) 'example_skip_dag' retrieved from /home/airflow/.local/lib/python3.12/site-packages/airflow/example_dags/example_skip_dag.py
[2024-04-25T13:39:07.111+0000] {logging_mixin.py:188} INFO - [2024-04-25T13:39:07.111+0000] {dag.py:3096} INFO - Sync 1 DAGs
[2024-04-25T13:39:07.144+0000] {logging_mixin.py:188} INFO - [2024-04-25T13:39:07.144+0000] {dag.py:3954} INFO - Setting next_dagrun for example_skip_dag to 2024-04-24 00:00:00+00:00, run_after=2024-04-25 00:00:00+00:00
[2024-04-25T13:39:07.177+0000] {processor.py:183} INFO - Processing /home/airflow/.local/lib/python3.12/site-packages/airflow/example_dags/example_skip_dag.py took 0.272 seconds
[2024-04-25T13:39:37.304+0000] {processor.py:161} INFO - Started process (PID=546) to work on /home/airflow/.local/lib/python3.12/site-packages/airflow/example_dags/example_skip_dag.py
[2024-04-25T13:39:37.306+0000] {processor.py:830} INFO - Processing file /home/airflow/.local/lib/python3.12/site-packages/airflow/example_dags/example_skip_dag.py for tasks to queue
[2024-04-25T13:39:37.309+0000] {logging_mixin.py:188} INFO - [2024-04-25T13:39:37.308+0000] {dagbag.py:540} INFO - Filling up the DagBag from /home/airflow/.local/lib/python3.12/site-packages/airflow/example_dags/example_skip_dag.py
[2024-04-25T13:39:37.318+0000] {processor.py:840} INFO - DAG(s) 'example_skip_dag' retrieved from /home/airflow/.local/lib/python3.12/site-packages/airflow/example_dags/example_skip_dag.py
[2024-04-25T13:39:37.350+0000] {logging_mixin.py:188} INFO - [2024-04-25T13:39:37.349+0000] {dag.py:3096} INFO - Sync 1 DAGs
[2024-04-25T13:39:37.385+0000] {logging_mixin.py:188} INFO - [2024-04-25T13:39:37.384+0000] {dag.py:3954} INFO - Setting next_dagrun for example_skip_dag to 2024-04-24 00:00:00+00:00, run_after=2024-04-25 00:00:00+00:00
[2024-04-25T13:39:37.412+0000] {processor.py:183} INFO - Processing /home/airflow/.local/lib/python3.12/site-packages/airflow/example_dags/example_skip_dag.py took 0.118 seconds
[2024-04-25T13:40:07.561+0000] {processor.py:161} INFO - Started process (PID=808) to work on /home/airflow/.local/lib/python3.12/site-packages/airflow/example_dags/example_skip_dag.py
[2024-04-25T13:40:07.562+0000] {processor.py:830} INFO - Processing file /home/airflow/.local/lib/python3.12/site-packages/airflow/example_dags/example_skip_dag.py for tasks to queue
[2024-04-25T13:40:07.564+0000] {logging_mixin.py:188} INFO - [2024-04-25T13:40:07.564+0000] {dagbag.py:540} INFO - Filling up the DagBag from /home/airflow/.local/lib/python3.12/site-packages/airflow/example_dags/example_skip_dag.py
[2024-04-25T13:40:07.571+0000] {processor.py:840} INFO - DAG(s) 'example_skip_dag' retrieved from /home/airflow/.local/lib/python3.12/site-packages/airflow/example_dags/example_skip_dag.py
[2024-04-25T13:40:07.594+0000] {logging_mixin.py:188} INFO - [2024-04-25T13:40:07.594+0000] {dag.py:3096} INFO - Sync 1 DAGs
[2024-04-25T13:40:07.616+0000] {logging_mixin.py:188} INFO - [2024-04-25T13:40:07.616+0000] {dag.py:3954} INFO - Setting next_dagrun for example_skip_dag to 2024-04-24 00:00:00+00:00, run_after=2024-04-25 00:00:00+00:00
[2024-04-25T13:40:07.634+0000] {processor.py:183} INFO - Processing /home/airflow/.local/lib/python3.12/site-packages/airflow/example_dags/example_skip_dag.py took 0.080 seconds
[2024-04-25T13:40:38.109+0000] {processor.py:161} INFO - Started process (PID=1076) to work on /home/airflow/.local/lib/python3.12/site-packages/airflow/example_dags/example_skip_dag.py
[2024-04-25T13:40:38.111+0000] {processor.py:830} INFO - Processing file /home/airflow/.local/lib/python3.12/site-packages/airflow/example_dags/example_skip_dag.py for tasks to queue
[2024-04-25T13:40:38.113+0000] {logging_mixin.py:188} INFO - [2024-04-25T13:40:38.112+0000] {dagbag.py:540} INFO - Filling up the DagBag from /home/airflow/.local/lib/python3.12/site-packages/airflow/example_dags/example_skip_dag.py
[2024-04-25T13:40:38.120+0000] {processor.py:840} INFO - DAG(s) 'example_skip_dag' retrieved from /home/airflow/.local/lib/python3.12/site-packages/airflow/example_dags/example_skip_dag.py
[2024-04-25T13:40:38.145+0000] {logging_mixin.py:188} INFO - [2024-04-25T13:40:38.145+0000] {dag.py:3096} INFO - Sync 1 DAGs
[2024-04-25T13:40:38.168+0000] {logging_mixin.py:188} INFO - [2024-04-25T13:40:38.167+0000] {dag.py:3954} INFO - Setting next_dagrun for example_skip_dag to 2024-04-24 00:00:00+00:00, run_after=2024-04-25 00:00:00+00:00
[2024-04-25T13:40:38.188+0000] {processor.py:183} INFO - Processing /home/airflow/.local/lib/python3.12/site-packages/airflow/example_dags/example_skip_dag.py took 0.085 seconds
[2024-04-25T13:41:08.601+0000] {processor.py:161} INFO - Started process (PID=1336) to work on /home/airflow/.local/lib/python3.12/site-packages/airflow/example_dags/example_skip_dag.py
[2024-04-25T13:41:08.602+0000] {processor.py:830} INFO - Processing file /home/airflow/.local/lib/python3.12/site-packages/airflow/example_dags/example_skip_dag.py for tasks to queue
[2024-04-25T13:41:08.604+0000] {logging_mixin.py:188} INFO - [2024-04-25T13:41:08.604+0000] {dagbag.py:540} INFO - Filling up the DagBag from /home/airflow/.local/lib/python3.12/site-packages/airflow/example_dags/example_skip_dag.py
[2024-04-25T13:41:08.612+0000] {processor.py:840} INFO - DAG(s) 'example_skip_dag' retrieved from /home/airflow/.local/lib/python3.12/site-packages/airflow/example_dags/example_skip_dag.py
[2024-04-25T13:41:08.635+0000] {logging_mixin.py:188} INFO - [2024-04-25T13:41:08.635+0000] {dag.py:3096} INFO - Sync 1 DAGs
[2024-04-25T13:41:08.658+0000] {logging_mixin.py:188} INFO - [2024-04-25T13:41:08.658+0000] {dag.py:3954} INFO - Setting next_dagrun for example_skip_dag to 2024-04-24 00:00:00+00:00, run_after=2024-04-25 00:00:00+00:00
[2024-04-25T13:41:08.680+0000] {processor.py:183} INFO - Processing /home/airflow/.local/lib/python3.12/site-packages/airflow/example_dags/example_skip_dag.py took 0.085 seconds
[2024-04-25T13:41:39.364+0000] {processor.py:161} INFO - Started process (PID=1598) to work on /home/airflow/.local/lib/python3.12/site-packages/airflow/example_dags/example_skip_dag.py
[2024-04-25T13:41:39.366+0000] {processor.py:830} INFO - Processing file /home/airflow/.local/lib/python3.12/site-packages/airflow/example_dags/example_skip_dag.py for tasks to queue
[2024-04-25T13:41:39.368+0000] {logging_mixin.py:188} INFO - [2024-04-25T13:41:39.368+0000] {dagbag.py:540} INFO - Filling up the DagBag from /home/airflow/.local/lib/python3.12/site-packages/airflow/example_dags/example_skip_dag.py
[2024-04-25T13:41:39.376+0000] {processor.py:840} INFO - DAG(s) 'example_skip_dag' retrieved from /home/airflow/.local/lib/python3.12/site-packages/airflow/example_dags/example_skip_dag.py
[2024-04-25T13:41:39.402+0000] {logging_mixin.py:188} INFO - [2024-04-25T13:41:39.401+0000] {dag.py:3096} INFO - Sync 1 DAGs
[2024-04-25T13:41:39.431+0000] {logging_mixin.py:188} INFO - [2024-04-25T13:41:39.431+0000] {dag.py:3954} INFO - Setting next_dagrun for example_skip_dag to 2024-04-24 00:00:00+00:00, run_after=2024-04-25 00:00:00+00:00
[2024-04-25T13:41:39.453+0000] {processor.py:183} INFO - Processing /home/airflow/.local/lib/python3.12/site-packages/airflow/example_dags/example_skip_dag.py took 0.097 seconds
[2024-04-25T13:42:09.529+0000] {processor.py:161} INFO - Started process (PID=1860) to work on /home/airflow/.local/lib/python3.12/site-packages/airflow/example_dags/example_skip_dag.py
[2024-04-25T13:42:09.530+0000] {processor.py:830} INFO - Processing file /home/airflow/.local/lib/python3.12/site-packages/airflow/example_dags/example_skip_dag.py for tasks to queue
[2024-04-25T13:42:09.533+0000] {logging_mixin.py:188} INFO - [2024-04-25T13:42:09.532+0000] {dagbag.py:540} INFO - Filling up the DagBag from /home/airflow/.local/lib/python3.12/site-packages/airflow/example_dags/example_skip_dag.py
[2024-04-25T13:42:09.539+0000] {processor.py:840} INFO - DAG(s) 'example_skip_dag' retrieved from /home/airflow/.local/lib/python3.12/site-packages/airflow/example_dags/example_skip_dag.py
[2024-04-25T13:42:09.561+0000] {logging_mixin.py:188} INFO - [2024-04-25T13:42:09.561+0000] {dag.py:3096} INFO - Sync 1 DAGs
[2024-04-25T13:42:09.586+0000] {logging_mixin.py:188} INFO - [2024-04-25T13:42:09.586+0000] {dag.py:3954} INFO - Setting next_dagrun for example_skip_dag to 2024-04-24 00:00:00+00:00, run_after=2024-04-25 00:00:00+00:00
[2024-04-25T13:42:09.606+0000] {processor.py:183} INFO - Processing /home/airflow/.local/lib/python3.12/site-packages/airflow/example_dags/example_skip_dag.py took 0.084 seconds
[2024-04-25T13:42:39.907+0000] {processor.py:161} INFO - Started process (PID=2122) to work on /home/airflow/.local/lib/python3.12/site-packages/airflow/example_dags/example_skip_dag.py
[2024-04-25T13:42:39.908+0000] {processor.py:830} INFO - Processing file /home/airflow/.local/lib/python3.12/site-packages/airflow/example_dags/example_skip_dag.py for tasks to queue
[2024-04-25T13:42:39.910+0000] {logging_mixin.py:188} INFO - [2024-04-25T13:42:39.910+0000] {dagbag.py:540} INFO - Filling up the DagBag from /home/airflow/.local/lib/python3.12/site-packages/airflow/example_dags/example_skip_dag.py
[2024-04-25T13:42:39.918+0000] {processor.py:840} INFO - DAG(s) 'example_skip_dag' retrieved from /home/airflow/.local/lib/python3.12/site-packages/airflow/example_dags/example_skip_dag.py
[2024-04-25T13:42:39.943+0000] {logging_mixin.py:188} INFO - [2024-04-25T13:42:39.943+0000] {dag.py:3096} INFO - Sync 1 DAGs
[2024-04-25T13:42:39.968+0000] {logging_mixin.py:188} INFO - [2024-04-25T13:42:39.968+0000] {dag.py:3954} INFO - Setting next_dagrun for example_skip_dag to 2024-04-24 00:00:00+00:00, run_after=2024-04-25 00:00:00+00:00
[2024-04-25T13:42:39.991+0000] {processor.py:183} INFO - Processing /home/airflow/.local/lib/python3.12/site-packages/airflow/example_dags/example_skip_dag.py took 0.090 seconds
[2024-04-25T13:43:10.436+0000] {processor.py:161} INFO - Started process (PID=2384) to work on /home/airflow/.local/lib/python3.12/site-packages/airflow/example_dags/example_skip_dag.py
[2024-04-25T13:43:10.437+0000] {processor.py:830} INFO - Processing file /home/airflow/.local/lib/python3.12/site-packages/airflow/example_dags/example_skip_dag.py for tasks to queue
[2024-04-25T13:43:10.440+0000] {logging_mixin.py:188} INFO - [2024-04-25T13:43:10.440+0000] {dagbag.py:540} INFO - Filling up the DagBag from /home/airflow/.local/lib/python3.12/site-packages/airflow/example_dags/example_skip_dag.py
[2024-04-25T13:43:10.447+0000] {processor.py:840} INFO - DAG(s) 'example_skip_dag' retrieved from /home/airflow/.local/lib/python3.12/site-packages/airflow/example_dags/example_skip_dag.py
[2024-04-25T13:43:10.479+0000] {logging_mixin.py:188} INFO - [2024-04-25T13:43:10.479+0000] {dag.py:3096} INFO - Sync 1 DAGs
[2024-04-25T13:43:10.508+0000] {logging_mixin.py:188} INFO - [2024-04-25T13:43:10.508+0000] {dag.py:3954} INFO - Setting next_dagrun for example_skip_dag to 2024-04-24 00:00:00+00:00, run_after=2024-04-25 00:00:00+00:00
[2024-04-25T13:43:10.530+0000] {processor.py:183} INFO - Processing /home/airflow/.local/lib/python3.12/site-packages/airflow/example_dags/example_skip_dag.py took 0.104 seconds
[2024-04-25T13:43:40.979+0000] {processor.py:161} INFO - Started process (PID=2646) to work on /home/airflow/.local/lib/python3.12/site-packages/airflow/example_dags/example_skip_dag.py
[2024-04-25T13:43:40.980+0000] {processor.py:830} INFO - Processing file /home/airflow/.local/lib/python3.12/site-packages/airflow/example_dags/example_skip_dag.py for tasks to queue
[2024-04-25T13:43:40.982+0000] {logging_mixin.py:188} INFO - [2024-04-25T13:43:40.982+0000] {dagbag.py:540} INFO - Filling up the DagBag from /home/airflow/.local/lib/python3.12/site-packages/airflow/example_dags/example_skip_dag.py
[2024-04-25T13:43:40.991+0000] {processor.py:840} INFO - DAG(s) 'example_skip_dag' retrieved from /home/airflow/.local/lib/python3.12/site-packages/airflow/example_dags/example_skip_dag.py
[2024-04-25T13:43:41.013+0000] {logging_mixin.py:188} INFO - [2024-04-25T13:43:41.013+0000] {dag.py:3096} INFO - Sync 1 DAGs
[2024-04-25T13:43:41.036+0000] {logging_mixin.py:188} INFO - [2024-04-25T13:43:41.035+0000] {dag.py:3954} INFO - Setting next_dagrun for example_skip_dag to 2024-04-24 00:00:00+00:00, run_after=2024-04-25 00:00:00+00:00
[2024-04-25T13:43:41.058+0000] {processor.py:183} INFO - Processing /home/airflow/.local/lib/python3.12/site-packages/airflow/example_dags/example_skip_dag.py took 0.086 seconds
[2024-04-25T13:44:11.340+0000] {processor.py:161} INFO - Started process (PID=2908) to work on /home/airflow/.local/lib/python3.12/site-packages/airflow/example_dags/example_skip_dag.py
[2024-04-25T13:44:11.341+0000] {processor.py:830} INFO - Processing file /home/airflow/.local/lib/python3.12/site-packages/airflow/example_dags/example_skip_dag.py for tasks to queue
[2024-04-25T13:44:11.343+0000] {logging_mixin.py:188} INFO - [2024-04-25T13:44:11.342+0000] {dagbag.py:540} INFO - Filling up the DagBag from /home/airflow/.local/lib/python3.12/site-packages/airflow/example_dags/example_skip_dag.py
[2024-04-25T13:44:11.349+0000] {processor.py:840} INFO - DAG(s) 'example_skip_dag' retrieved from /home/airflow/.local/lib/python3.12/site-packages/airflow/example_dags/example_skip_dag.py
[2024-04-25T13:44:11.372+0000] {logging_mixin.py:188} INFO - [2024-04-25T13:44:11.372+0000] {dag.py:3096} INFO - Sync 1 DAGs
[2024-04-25T13:44:11.395+0000] {logging_mixin.py:188} INFO - [2024-04-25T13:44:11.395+0000] {dag.py:3954} INFO - Setting next_dagrun for example_skip_dag to 2024-04-24 00:00:00+00:00, run_after=2024-04-25 00:00:00+00:00
[2024-04-25T13:44:11.421+0000] {processor.py:183} INFO - Processing /home/airflow/.local/lib/python3.12/site-packages/airflow/example_dags/example_skip_dag.py took 0.087 seconds
[2024-04-25T13:44:41.808+0000] {processor.py:161} INFO - Started process (PID=3170) to work on /home/airflow/.local/lib/python3.12/site-packages/airflow/example_dags/example_skip_dag.py
[2024-04-25T13:44:41.810+0000] {processor.py:830} INFO - Processing file /home/airflow/.local/lib/python3.12/site-packages/airflow/example_dags/example_skip_dag.py for tasks to queue
[2024-04-25T13:44:41.812+0000] {logging_mixin.py:188} INFO - [2024-04-25T13:44:41.812+0000] {dagbag.py:540} INFO - Filling up the DagBag from /home/airflow/.local/lib/python3.12/site-packages/airflow/example_dags/example_skip_dag.py
[2024-04-25T13:44:41.820+0000] {processor.py:840} INFO - DAG(s) 'example_skip_dag' retrieved from /home/airflow/.local/lib/python3.12/site-packages/airflow/example_dags/example_skip_dag.py
[2024-04-25T13:44:41.846+0000] {logging_mixin.py:188} INFO - [2024-04-25T13:44:41.845+0000] {dag.py:3096} INFO - Sync 1 DAGs
[2024-04-25T13:44:41.872+0000] {logging_mixin.py:188} INFO - [2024-04-25T13:44:41.872+0000] {dag.py:3954} INFO - Setting next_dagrun for example_skip_dag to 2024-04-24 00:00:00+00:00, run_after=2024-04-25 00:00:00+00:00
[2024-04-25T13:44:41.897+0000] {processor.py:183} INFO - Processing /home/airflow/.local/lib/python3.12/site-packages/airflow/example_dags/example_skip_dag.py took 0.096 seconds
[2024-04-25T13:45:12.472+0000] {processor.py:161} INFO - Started process (PID=3432) to work on /home/airflow/.local/lib/python3.12/site-packages/airflow/example_dags/example_skip_dag.py
[2024-04-25T13:45:12.473+0000] {processor.py:830} INFO - Processing file /home/airflow/.local/lib/python3.12/site-packages/airflow/example_dags/example_skip_dag.py for tasks to queue
[2024-04-25T13:45:12.476+0000] {logging_mixin.py:188} INFO - [2024-04-25T13:45:12.475+0000] {dagbag.py:540} INFO - Filling up the DagBag from /home/airflow/.local/lib/python3.12/site-packages/airflow/example_dags/example_skip_dag.py
[2024-04-25T13:45:12.483+0000] {processor.py:840} INFO - DAG(s) 'example_skip_dag' retrieved from /home/airflow/.local/lib/python3.12/site-packages/airflow/example_dags/example_skip_dag.py
[2024-04-25T13:45:12.506+0000] {logging_mixin.py:188} INFO - [2024-04-25T13:45:12.506+0000] {dag.py:3096} INFO - Sync 1 DAGs
[2024-04-25T13:45:12.531+0000] {logging_mixin.py:188} INFO - [2024-04-25T13:45:12.531+0000] {dag.py:3954} INFO - Setting next_dagrun for example_skip_dag to 2024-04-24 00:00:00+00:00, run_after=2024-04-25 00:00:00+00:00
[2024-04-25T13:45:12.554+0000] {processor.py:183} INFO - Processing /home/airflow/.local/lib/python3.12/site-packages/airflow/example_dags/example_skip_dag.py took 0.088 seconds
[2024-04-25T13:45:42.717+0000] {processor.py:161} INFO - Started process (PID=3694) to work on /home/airflow/.local/lib/python3.12/site-packages/airflow/example_dags/example_skip_dag.py
[2024-04-25T13:45:42.718+0000] {processor.py:830} INFO - Processing file /home/airflow/.local/lib/python3.12/site-packages/airflow/example_dags/example_skip_dag.py for tasks to queue
[2024-04-25T13:45:42.721+0000] {logging_mixin.py:188} INFO - [2024-04-25T13:45:42.720+0000] {dagbag.py:540} INFO - Filling up the DagBag from /home/airflow/.local/lib/python3.12/site-packages/airflow/example_dags/example_skip_dag.py
[2024-04-25T13:45:42.729+0000] {processor.py:840} INFO - DAG(s) 'example_skip_dag' retrieved from /home/airflow/.local/lib/python3.12/site-packages/airflow/example_dags/example_skip_dag.py
[2024-04-25T13:45:42.755+0000] {logging_mixin.py:188} INFO - [2024-04-25T13:45:42.755+0000] {dag.py:3096} INFO - Sync 1 DAGs
[2024-04-25T13:45:42.783+0000] {logging_mixin.py:188} INFO - [2024-04-25T13:45:42.783+0000] {dag.py:3954} INFO - Setting next_dagrun for example_skip_dag to 2024-04-24 00:00:00+00:00, run_after=2024-04-25 00:00:00+00:00
[2024-04-25T13:45:42.804+0000] {processor.py:183} INFO - Processing /home/airflow/.local/lib/python3.12/site-packages/airflow/example_dags/example_skip_dag.py took 0.095 seconds
[2024-04-25T13:46:13.654+0000] {processor.py:161} INFO - Started process (PID=3956) to work on /home/airflow/.local/lib/python3.12/site-packages/airflow/example_dags/example_skip_dag.py
[2024-04-25T13:46:13.656+0000] {processor.py:830} INFO - Processing file /home/airflow/.local/lib/python3.12/site-packages/airflow/example_dags/example_skip_dag.py for tasks to queue
[2024-04-25T13:46:13.658+0000] {logging_mixin.py:188} INFO - [2024-04-25T13:46:13.657+0000] {dagbag.py:540} INFO - Filling up the DagBag from /home/airflow/.local/lib/python3.12/site-packages/airflow/example_dags/example_skip_dag.py
[2024-04-25T13:46:13.664+0000] {processor.py:840} INFO - DAG(s) 'example_skip_dag' retrieved from /home/airflow/.local/lib/python3.12/site-packages/airflow/example_dags/example_skip_dag.py
[2024-04-25T13:46:13.685+0000] {logging_mixin.py:188} INFO - [2024-04-25T13:46:13.684+0000] {dag.py:3096} INFO - Sync 1 DAGs
[2024-04-25T13:46:13.709+0000] {logging_mixin.py:188} INFO - [2024-04-25T13:46:13.709+0000] {dag.py:3954} INFO - Setting next_dagrun for example_skip_dag to 2024-04-24 00:00:00+00:00, run_after=2024-04-25 00:00:00+00:00
[2024-04-25T13:46:13.728+0000] {processor.py:183} INFO - Processing /home/airflow/.local/lib/python3.12/site-packages/airflow/example_dags/example_skip_dag.py took 0.080 seconds
[2024-04-25T13:46:44.022+0000] {processor.py:161} INFO - Started process (PID=4218) to work on /home/airflow/.local/lib/python3.12/site-packages/airflow/example_dags/example_skip_dag.py
[2024-04-25T13:46:44.023+0000] {processor.py:830} INFO - Processing file /home/airflow/.local/lib/python3.12/site-packages/airflow/example_dags/example_skip_dag.py for tasks to queue
[2024-04-25T13:46:44.025+0000] {logging_mixin.py:188} INFO - [2024-04-25T13:46:44.025+0000] {dagbag.py:540} INFO - Filling up the DagBag from /home/airflow/.local/lib/python3.12/site-packages/airflow/example_dags/example_skip_dag.py
[2024-04-25T13:46:44.032+0000] {processor.py:840} INFO - DAG(s) 'example_skip_dag' retrieved from /home/airflow/.local/lib/python3.12/site-packages/airflow/example_dags/example_skip_dag.py
[2024-04-25T13:46:44.067+0000] {logging_mixin.py:188} INFO - [2024-04-25T13:46:44.066+0000] {dag.py:3096} INFO - Sync 1 DAGs
[2024-04-25T13:46:44.105+0000] {logging_mixin.py:188} INFO - [2024-04-25T13:46:44.104+0000] {dag.py:3954} INFO - Setting next_dagrun for example_skip_dag to 2024-04-24 00:00:00+00:00, run_after=2024-04-25 00:00:00+00:00
[2024-04-25T13:46:44.135+0000] {processor.py:183} INFO - Processing /home/airflow/.local/lib/python3.12/site-packages/airflow/example_dags/example_skip_dag.py took 0.119 seconds
[2024-04-25T13:47:14.533+0000] {processor.py:161} INFO - Started process (PID=4480) to work on /home/airflow/.local/lib/python3.12/site-packages/airflow/example_dags/example_skip_dag.py
[2024-04-25T13:47:14.534+0000] {processor.py:830} INFO - Processing file /home/airflow/.local/lib/python3.12/site-packages/airflow/example_dags/example_skip_dag.py for tasks to queue
[2024-04-25T13:47:14.536+0000] {logging_mixin.py:188} INFO - [2024-04-25T13:47:14.536+0000] {dagbag.py:540} INFO - Filling up the DagBag from /home/airflow/.local/lib/python3.12/site-packages/airflow/example_dags/example_skip_dag.py
[2024-04-25T13:47:14.545+0000] {processor.py:840} INFO - DAG(s) 'example_skip_dag' retrieved from /home/airflow/.local/lib/python3.12/site-packages/airflow/example_dags/example_skip_dag.py
[2024-04-25T13:47:14.575+0000] {logging_mixin.py:188} INFO - [2024-04-25T13:47:14.575+0000] {dag.py:3096} INFO - Sync 1 DAGs
[2024-04-25T13:47:14.617+0000] {logging_mixin.py:188} INFO - [2024-04-25T13:47:14.617+0000] {dag.py:3954} INFO - Setting next_dagrun for example_skip_dag to 2024-04-24 00:00:00+00:00, run_after=2024-04-25 00:00:00+00:00
[2024-04-25T13:47:14.643+0000] {processor.py:183} INFO - Processing /home/airflow/.local/lib/python3.12/site-packages/airflow/example_dags/example_skip_dag.py took 0.120 seconds
[2024-04-25T13:47:44.921+0000] {processor.py:161} INFO - Started process (PID=4742) to work on /home/airflow/.local/lib/python3.12/site-packages/airflow/example_dags/example_skip_dag.py
[2024-04-25T13:47:44.923+0000] {processor.py:830} INFO - Processing file /home/airflow/.local/lib/python3.12/site-packages/airflow/example_dags/example_skip_dag.py for tasks to queue
[2024-04-25T13:47:44.925+0000] {logging_mixin.py:188} INFO - [2024-04-25T13:47:44.925+0000] {dagbag.py:540} INFO - Filling up the DagBag from /home/airflow/.local/lib/python3.12/site-packages/airflow/example_dags/example_skip_dag.py
[2024-04-25T13:47:44.932+0000] {processor.py:840} INFO - DAG(s) 'example_skip_dag' retrieved from /home/airflow/.local/lib/python3.12/site-packages/airflow/example_dags/example_skip_dag.py
[2024-04-25T13:47:44.954+0000] {logging_mixin.py:188} INFO - [2024-04-25T13:47:44.953+0000] {dag.py:3096} INFO - Sync 1 DAGs
[2024-04-25T13:47:44.975+0000] {logging_mixin.py:188} INFO - [2024-04-25T13:47:44.975+0000] {dag.py:3954} INFO - Setting next_dagrun for example_skip_dag to 2024-04-24 00:00:00+00:00, run_after=2024-04-25 00:00:00+00:00
[2024-04-25T13:47:44.994+0000] {processor.py:183} INFO - Processing /home/airflow/.local/lib/python3.12/site-packages/airflow/example_dags/example_skip_dag.py took 0.079 seconds
[2024-04-25T13:48:15.372+0000] {processor.py:161} INFO - Started process (PID=5004) to work on /home/airflow/.local/lib/python3.12/site-packages/airflow/example_dags/example_skip_dag.py
[2024-04-25T13:48:15.374+0000] {processor.py:830} INFO - Processing file /home/airflow/.local/lib/python3.12/site-packages/airflow/example_dags/example_skip_dag.py for tasks to queue
[2024-04-25T13:48:15.376+0000] {logging_mixin.py:188} INFO - [2024-04-25T13:48:15.375+0000] {dagbag.py:540} INFO - Filling up the DagBag from /home/airflow/.local/lib/python3.12/site-packages/airflow/example_dags/example_skip_dag.py
[2024-04-25T13:48:15.383+0000] {processor.py:840} INFO - DAG(s) 'example_skip_dag' retrieved from /home/airflow/.local/lib/python3.12/site-packages/airflow/example_dags/example_skip_dag.py
[2024-04-25T13:48:15.406+0000] {logging_mixin.py:188} INFO - [2024-04-25T13:48:15.405+0000] {dag.py:3096} INFO - Sync 1 DAGs
[2024-04-25T13:48:15.427+0000] {logging_mixin.py:188} INFO - [2024-04-25T13:48:15.427+0000] {dag.py:3954} INFO - Setting next_dagrun for example_skip_dag to 2024-04-24 00:00:00+00:00, run_after=2024-04-25 00:00:00+00:00
[2024-04-25T13:48:15.450+0000] {processor.py:183} INFO - Processing /home/airflow/.local/lib/python3.12/site-packages/airflow/example_dags/example_skip_dag.py took 0.084 seconds
[2024-04-25T13:48:45.947+0000] {processor.py:161} INFO - Started process (PID=5266) to work on /home/airflow/.local/lib/python3.12/site-packages/airflow/example_dags/example_skip_dag.py
[2024-04-25T13:48:45.948+0000] {processor.py:830} INFO - Processing file /home/airflow/.local/lib/python3.12/site-packages/airflow/example_dags/example_skip_dag.py for tasks to queue
[2024-04-25T13:48:45.950+0000] {logging_mixin.py:188} INFO - [2024-04-25T13:48:45.950+0000] {dagbag.py:540} INFO - Filling up the DagBag from /home/airflow/.local/lib/python3.12/site-packages/airflow/example_dags/example_skip_dag.py
[2024-04-25T13:48:45.957+0000] {processor.py:840} INFO - DAG(s) 'example_skip_dag' retrieved from /home/airflow/.local/lib/python3.12/site-packages/airflow/example_dags/example_skip_dag.py
[2024-04-25T13:48:45.978+0000] {logging_mixin.py:188} INFO - [2024-04-25T13:48:45.978+0000] {dag.py:3096} INFO - Sync 1 DAGs
[2024-04-25T13:48:46.000+0000] {logging_mixin.py:188} INFO - [2024-04-25T13:48:46.000+0000] {dag.py:3954} INFO - Setting next_dagrun for example_skip_dag to 2024-04-24 00:00:00+00:00, run_after=2024-04-25 00:00:00+00:00
[2024-04-25T13:48:46.019+0000] {processor.py:183} INFO - Processing /home/airflow/.local/lib/python3.12/site-packages/airflow/example_dags/example_skip_dag.py took 0.080 seconds
[2024-04-25T13:49:16.179+0000] {processor.py:161} INFO - Started process (PID=5528) to work on /home/airflow/.local/lib/python3.12/site-packages/airflow/example_dags/example_skip_dag.py
[2024-04-25T13:49:16.180+0000] {processor.py:830} INFO - Processing file /home/airflow/.local/lib/python3.12/site-packages/airflow/example_dags/example_skip_dag.py for tasks to queue
[2024-04-25T13:49:16.182+0000] {logging_mixin.py:188} INFO - [2024-04-25T13:49:16.182+0000] {dagbag.py:540} INFO - Filling up the DagBag from /home/airflow/.local/lib/python3.12/site-packages/airflow/example_dags/example_skip_dag.py
[2024-04-25T13:49:16.189+0000] {processor.py:840} INFO - DAG(s) 'example_skip_dag' retrieved from /home/airflow/.local/lib/python3.12/site-packages/airflow/example_dags/example_skip_dag.py
[2024-04-25T13:49:16.212+0000] {logging_mixin.py:188} INFO - [2024-04-25T13:49:16.212+0000] {dag.py:3096} INFO - Sync 1 DAGs
[2024-04-25T13:49:16.235+0000] {logging_mixin.py:188} INFO - [2024-04-25T13:49:16.234+0000] {dag.py:3954} INFO - Setting next_dagrun for example_skip_dag to 2024-04-24 00:00:00+00:00, run_after=2024-04-25 00:00:00+00:00
[2024-04-25T13:49:16.255+0000] {processor.py:183} INFO - Processing /home/airflow/.local/lib/python3.12/site-packages/airflow/example_dags/example_skip_dag.py took 0.082 seconds
[2024-04-25T13:49:46.680+0000] {processor.py:161} INFO - Started process (PID=5790) to work on /home/airflow/.local/lib/python3.12/site-packages/airflow/example_dags/example_skip_dag.py
[2024-04-25T13:49:46.681+0000] {processor.py:830} INFO - Processing file /home/airflow/.local/lib/python3.12/site-packages/airflow/example_dags/example_skip_dag.py for tasks to queue
[2024-04-25T13:49:46.683+0000] {logging_mixin.py:188} INFO - [2024-04-25T13:49:46.683+0000] {dagbag.py:540} INFO - Filling up the DagBag from /home/airflow/.local/lib/python3.12/site-packages/airflow/example_dags/example_skip_dag.py
[2024-04-25T13:49:46.690+0000] {processor.py:840} INFO - DAG(s) 'example_skip_dag' retrieved from /home/airflow/.local/lib/python3.12/site-packages/airflow/example_dags/example_skip_dag.py
[2024-04-25T13:49:46.713+0000] {logging_mixin.py:188} INFO - [2024-04-25T13:49:46.713+0000] {dag.py:3096} INFO - Sync 1 DAGs
[2024-04-25T13:49:46.735+0000] {logging_mixin.py:188} INFO - [2024-04-25T13:49:46.735+0000] {dag.py:3954} INFO - Setting next_dagrun for example_skip_dag to 2024-04-24 00:00:00+00:00, run_after=2024-04-25 00:00:00+00:00
[2024-04-25T13:49:46.756+0000] {processor.py:183} INFO - Processing /home/airflow/.local/lib/python3.12/site-packages/airflow/example_dags/example_skip_dag.py took 0.083 seconds
[2024-04-25T13:50:17.322+0000] {processor.py:161} INFO - Started process (PID=6052) to work on /home/airflow/.local/lib/python3.12/site-packages/airflow/example_dags/example_skip_dag.py
[2024-04-25T13:50:17.323+0000] {processor.py:830} INFO - Processing file /home/airflow/.local/lib/python3.12/site-packages/airflow/example_dags/example_skip_dag.py for tasks to queue
[2024-04-25T13:50:17.325+0000] {logging_mixin.py:188} INFO - [2024-04-25T13:50:17.325+0000] {dagbag.py:540} INFO - Filling up the DagBag from /home/airflow/.local/lib/python3.12/site-packages/airflow/example_dags/example_skip_dag.py
[2024-04-25T13:50:17.332+0000] {processor.py:840} INFO - DAG(s) 'example_skip_dag' retrieved from /home/airflow/.local/lib/python3.12/site-packages/airflow/example_dags/example_skip_dag.py
[2024-04-25T13:50:17.356+0000] {logging_mixin.py:188} INFO - [2024-04-25T13:50:17.356+0000] {dag.py:3096} INFO - Sync 1 DAGs
[2024-04-25T13:50:17.382+0000] {logging_mixin.py:188} INFO - [2024-04-25T13:50:17.382+0000] {dag.py:3954} INFO - Setting next_dagrun for example_skip_dag to 2024-04-24 00:00:00+00:00, run_after=2024-04-25 00:00:00+00:00
[2024-04-25T13:50:17.405+0000] {processor.py:183} INFO - Processing /home/airflow/.local/lib/python3.12/site-packages/airflow/example_dags/example_skip_dag.py took 0.090 seconds
[2024-04-25T13:50:47.715+0000] {processor.py:161} INFO - Started process (PID=6309) to work on /home/airflow/.local/lib/python3.12/site-packages/airflow/example_dags/example_skip_dag.py
[2024-04-25T13:50:47.716+0000] {processor.py:830} INFO - Processing file /home/airflow/.local/lib/python3.12/site-packages/airflow/example_dags/example_skip_dag.py for tasks to queue
[2024-04-25T13:50:47.718+0000] {logging_mixin.py:188} INFO - [2024-04-25T13:50:47.718+0000] {dagbag.py:540} INFO - Filling up the DagBag from /home/airflow/.local/lib/python3.12/site-packages/airflow/example_dags/example_skip_dag.py
[2024-04-25T13:50:47.726+0000] {processor.py:840} INFO - DAG(s) 'example_skip_dag' retrieved from /home/airflow/.local/lib/python3.12/site-packages/airflow/example_dags/example_skip_dag.py
[2024-04-25T13:50:47.750+0000] {logging_mixin.py:188} INFO - [2024-04-25T13:50:47.750+0000] {dag.py:3096} INFO - Sync 1 DAGs
[2024-04-25T13:50:47.774+0000] {logging_mixin.py:188} INFO - [2024-04-25T13:50:47.773+0000] {dag.py:3954} INFO - Setting next_dagrun for example_skip_dag to 2024-04-24 00:00:00+00:00, run_after=2024-04-25 00:00:00+00:00
[2024-04-25T13:50:47.794+0000] {processor.py:183} INFO - Processing /home/airflow/.local/lib/python3.12/site-packages/airflow/example_dags/example_skip_dag.py took 0.087 seconds
[2024-04-25T13:51:18.672+0000] {processor.py:161} INFO - Started process (PID=6576) to work on /home/airflow/.local/lib/python3.12/site-packages/airflow/example_dags/example_skip_dag.py
[2024-04-25T13:51:18.673+0000] {processor.py:830} INFO - Processing file /home/airflow/.local/lib/python3.12/site-packages/airflow/example_dags/example_skip_dag.py for tasks to queue
[2024-04-25T13:51:18.675+0000] {logging_mixin.py:188} INFO - [2024-04-25T13:51:18.675+0000] {dagbag.py:540} INFO - Filling up the DagBag from /home/airflow/.local/lib/python3.12/site-packages/airflow/example_dags/example_skip_dag.py
[2024-04-25T13:51:18.682+0000] {processor.py:840} INFO - DAG(s) 'example_skip_dag' retrieved from /home/airflow/.local/lib/python3.12/site-packages/airflow/example_dags/example_skip_dag.py
[2024-04-25T13:51:18.706+0000] {logging_mixin.py:188} INFO - [2024-04-25T13:51:18.706+0000] {dag.py:3096} INFO - Sync 1 DAGs
[2024-04-25T13:51:18.729+0000] {logging_mixin.py:188} INFO - [2024-04-25T13:51:18.729+0000] {dag.py:3954} INFO - Setting next_dagrun for example_skip_dag to 2024-04-24 00:00:00+00:00, run_after=2024-04-25 00:00:00+00:00
[2024-04-25T13:51:18.751+0000] {processor.py:183} INFO - Processing /home/airflow/.local/lib/python3.12/site-packages/airflow/example_dags/example_skip_dag.py took 0.084 seconds
[2024-04-25T13:51:49.064+0000] {processor.py:161} INFO - Started process (PID=6838) to work on /home/airflow/.local/lib/python3.12/site-packages/airflow/example_dags/example_skip_dag.py
[2024-04-25T13:51:49.066+0000] {processor.py:830} INFO - Processing file /home/airflow/.local/lib/python3.12/site-packages/airflow/example_dags/example_skip_dag.py for tasks to queue
[2024-04-25T13:51:49.068+0000] {logging_mixin.py:188} INFO - [2024-04-25T13:51:49.068+0000] {dagbag.py:540} INFO - Filling up the DagBag from /home/airflow/.local/lib/python3.12/site-packages/airflow/example_dags/example_skip_dag.py
[2024-04-25T13:51:49.075+0000] {processor.py:840} INFO - DAG(s) 'example_skip_dag' retrieved from /home/airflow/.local/lib/python3.12/site-packages/airflow/example_dags/example_skip_dag.py
[2024-04-25T13:51:49.101+0000] {logging_mixin.py:188} INFO - [2024-04-25T13:51:49.101+0000] {dag.py:3096} INFO - Sync 1 DAGs
[2024-04-25T13:51:49.127+0000] {logging_mixin.py:188} INFO - [2024-04-25T13:51:49.126+0000] {dag.py:3954} INFO - Setting next_dagrun for example_skip_dag to 2024-04-24 00:00:00+00:00, run_after=2024-04-25 00:00:00+00:00
[2024-04-25T13:51:49.150+0000] {processor.py:183} INFO - Processing /home/airflow/.local/lib/python3.12/site-packages/airflow/example_dags/example_skip_dag.py took 0.092 seconds
[2024-04-25T13:52:20.312+0000] {processor.py:161} INFO - Started process (PID=7100) to work on /home/airflow/.local/lib/python3.12/site-packages/airflow/example_dags/example_skip_dag.py
[2024-04-25T13:52:20.313+0000] {processor.py:830} INFO - Processing file /home/airflow/.local/lib/python3.12/site-packages/airflow/example_dags/example_skip_dag.py for tasks to queue
[2024-04-25T13:52:20.315+0000] {logging_mixin.py:188} INFO - [2024-04-25T13:52:20.315+0000] {dagbag.py:540} INFO - Filling up the DagBag from /home/airflow/.local/lib/python3.12/site-packages/airflow/example_dags/example_skip_dag.py
[2024-04-25T13:52:20.323+0000] {processor.py:840} INFO - DAG(s) 'example_skip_dag' retrieved from /home/airflow/.local/lib/python3.12/site-packages/airflow/example_dags/example_skip_dag.py
[2024-04-25T13:52:20.347+0000] {logging_mixin.py:188} INFO - [2024-04-25T13:52:20.346+0000] {dag.py:3096} INFO - Sync 1 DAGs
[2024-04-25T13:52:20.507+0000] {logging_mixin.py:188} INFO - [2024-04-25T13:52:20.507+0000] {dag.py:3954} INFO - Setting next_dagrun for example_skip_dag to 2024-04-24 00:00:00+00:00, run_after=2024-04-25 00:00:00+00:00
[2024-04-25T13:52:20.528+0000] {processor.py:183} INFO - Processing /home/airflow/.local/lib/python3.12/site-packages/airflow/example_dags/example_skip_dag.py took 0.222 seconds
[2024-04-25T13:52:51.239+0000] {processor.py:161} INFO - Started process (PID=7362) to work on /home/airflow/.local/lib/python3.12/site-packages/airflow/example_dags/example_skip_dag.py
[2024-04-25T13:52:51.240+0000] {processor.py:830} INFO - Processing file /home/airflow/.local/lib/python3.12/site-packages/airflow/example_dags/example_skip_dag.py for tasks to queue
[2024-04-25T13:52:51.242+0000] {logging_mixin.py:188} INFO - [2024-04-25T13:52:51.241+0000] {dagbag.py:540} INFO - Filling up the DagBag from /home/airflow/.local/lib/python3.12/site-packages/airflow/example_dags/example_skip_dag.py
[2024-04-25T13:52:51.248+0000] {processor.py:840} INFO - DAG(s) 'example_skip_dag' retrieved from /home/airflow/.local/lib/python3.12/site-packages/airflow/example_dags/example_skip_dag.py
[2024-04-25T13:52:51.272+0000] {logging_mixin.py:188} INFO - [2024-04-25T13:52:51.272+0000] {dag.py:3096} INFO - Sync 1 DAGs
[2024-04-25T13:52:51.295+0000] {logging_mixin.py:188} INFO - [2024-04-25T13:52:51.295+0000] {dag.py:3954} INFO - Setting next_dagrun for example_skip_dag to 2024-04-24 00:00:00+00:00, run_after=2024-04-25 00:00:00+00:00
[2024-04-25T13:52:51.315+0000] {processor.py:183} INFO - Processing /home/airflow/.local/lib/python3.12/site-packages/airflow/example_dags/example_skip_dag.py took 0.083 seconds
[2024-04-25T13:53:21.709+0000] {processor.py:161} INFO - Started process (PID=7624) to work on /home/airflow/.local/lib/python3.12/site-packages/airflow/example_dags/example_skip_dag.py
[2024-04-25T13:53:21.711+0000] {processor.py:830} INFO - Processing file /home/airflow/.local/lib/python3.12/site-packages/airflow/example_dags/example_skip_dag.py for tasks to queue
[2024-04-25T13:53:21.713+0000] {logging_mixin.py:188} INFO - [2024-04-25T13:53:21.712+0000] {dagbag.py:540} INFO - Filling up the DagBag from /home/airflow/.local/lib/python3.12/site-packages/airflow/example_dags/example_skip_dag.py
[2024-04-25T13:53:21.719+0000] {processor.py:840} INFO - DAG(s) 'example_skip_dag' retrieved from /home/airflow/.local/lib/python3.12/site-packages/airflow/example_dags/example_skip_dag.py
[2024-04-25T13:53:21.742+0000] {logging_mixin.py:188} INFO - [2024-04-25T13:53:21.742+0000] {dag.py:3096} INFO - Sync 1 DAGs
[2024-04-25T13:53:21.764+0000] {logging_mixin.py:188} INFO - [2024-04-25T13:53:21.764+0000] {dag.py:3954} INFO - Setting next_dagrun for example_skip_dag to 2024-04-24 00:00:00+00:00, run_after=2024-04-25 00:00:00+00:00
[2024-04-25T13:53:21.785+0000] {processor.py:183} INFO - Processing /home/airflow/.local/lib/python3.12/site-packages/airflow/example_dags/example_skip_dag.py took 0.083 seconds
[2024-04-25T13:53:52.147+0000] {processor.py:161} INFO - Started process (PID=7886) to work on /home/airflow/.local/lib/python3.12/site-packages/airflow/example_dags/example_skip_dag.py
[2024-04-25T13:53:52.148+0000] {processor.py:830} INFO - Processing file /home/airflow/.local/lib/python3.12/site-packages/airflow/example_dags/example_skip_dag.py for tasks to queue
[2024-04-25T13:53:52.150+0000] {logging_mixin.py:188} INFO - [2024-04-25T13:53:52.149+0000] {dagbag.py:540} INFO - Filling up the DagBag from /home/airflow/.local/lib/python3.12/site-packages/airflow/example_dags/example_skip_dag.py
[2024-04-25T13:53:52.157+0000] {processor.py:840} INFO - DAG(s) 'example_skip_dag' retrieved from /home/airflow/.local/lib/python3.12/site-packages/airflow/example_dags/example_skip_dag.py
[2024-04-25T13:53:52.185+0000] {logging_mixin.py:188} INFO - [2024-04-25T13:53:52.185+0000] {dag.py:3096} INFO - Sync 1 DAGs
[2024-04-25T13:53:52.209+0000] {logging_mixin.py:188} INFO - [2024-04-25T13:53:52.209+0000] {dag.py:3954} INFO - Setting next_dagrun for example_skip_dag to 2024-04-24 00:00:00+00:00, run_after=2024-04-25 00:00:00+00:00
[2024-04-25T13:53:52.230+0000] {processor.py:183} INFO - Processing /home/airflow/.local/lib/python3.12/site-packages/airflow/example_dags/example_skip_dag.py took 0.090 seconds
[2024-04-25T13:54:22.554+0000] {processor.py:161} INFO - Started process (PID=8148) to work on /home/airflow/.local/lib/python3.12/site-packages/airflow/example_dags/example_skip_dag.py
[2024-04-25T13:54:22.555+0000] {processor.py:830} INFO - Processing file /home/airflow/.local/lib/python3.12/site-packages/airflow/example_dags/example_skip_dag.py for tasks to queue
[2024-04-25T13:54:22.557+0000] {logging_mixin.py:188} INFO - [2024-04-25T13:54:22.557+0000] {dagbag.py:540} INFO - Filling up the DagBag from /home/airflow/.local/lib/python3.12/site-packages/airflow/example_dags/example_skip_dag.py
[2024-04-25T13:54:22.564+0000] {processor.py:840} INFO - DAG(s) 'example_skip_dag' retrieved from /home/airflow/.local/lib/python3.12/site-packages/airflow/example_dags/example_skip_dag.py
[2024-04-25T13:54:22.587+0000] {logging_mixin.py:188} INFO - [2024-04-25T13:54:22.587+0000] {dag.py:3096} INFO - Sync 1 DAGs
[2024-04-25T13:54:22.610+0000] {logging_mixin.py:188} INFO - [2024-04-25T13:54:22.610+0000] {dag.py:3954} INFO - Setting next_dagrun for example_skip_dag to 2024-04-24 00:00:00+00:00, run_after=2024-04-25 00:00:00+00:00
[2024-04-25T13:54:22.631+0000] {processor.py:183} INFO - Processing /home/airflow/.local/lib/python3.12/site-packages/airflow/example_dags/example_skip_dag.py took 0.083 seconds
[2024-04-25T13:54:53.091+0000] {processor.py:161} INFO - Started process (PID=8410) to work on /home/airflow/.local/lib/python3.12/site-packages/airflow/example_dags/example_skip_dag.py
[2024-04-25T13:54:53.092+0000] {processor.py:830} INFO - Processing file /home/airflow/.local/lib/python3.12/site-packages/airflow/example_dags/example_skip_dag.py for tasks to queue
[2024-04-25T13:54:53.094+0000] {logging_mixin.py:188} INFO - [2024-04-25T13:54:53.094+0000] {dagbag.py:540} INFO - Filling up the DagBag from /home/airflow/.local/lib/python3.12/site-packages/airflow/example_dags/example_skip_dag.py
[2024-04-25T13:54:53.104+0000] {processor.py:840} INFO - DAG(s) 'example_skip_dag' retrieved from /home/airflow/.local/lib/python3.12/site-packages/airflow/example_dags/example_skip_dag.py
[2024-04-25T13:54:53.134+0000] {logging_mixin.py:188} INFO - [2024-04-25T13:54:53.134+0000] {dag.py:3096} INFO - Sync 1 DAGs
[2024-04-25T13:54:53.167+0000] {logging_mixin.py:188} INFO - [2024-04-25T13:54:53.166+0000] {dag.py:3954} INFO - Setting next_dagrun for example_skip_dag to 2024-04-24 00:00:00+00:00, run_after=2024-04-25 00:00:00+00:00
[2024-04-25T13:54:53.199+0000] {processor.py:183} INFO - Processing /home/airflow/.local/lib/python3.12/site-packages/airflow/example_dags/example_skip_dag.py took 0.117 seconds
[2024-04-25T13:55:23.516+0000] {processor.py:161} INFO - Started process (PID=8673) to work on /home/airflow/.local/lib/python3.12/site-packages/airflow/example_dags/example_skip_dag.py
[2024-04-25T13:55:23.517+0000] {processor.py:830} INFO - Processing file /home/airflow/.local/lib/python3.12/site-packages/airflow/example_dags/example_skip_dag.py for tasks to queue
[2024-04-25T13:55:23.519+0000] {logging_mixin.py:188} INFO - [2024-04-25T13:55:23.519+0000] {dagbag.py:540} INFO - Filling up the DagBag from /home/airflow/.local/lib/python3.12/site-packages/airflow/example_dags/example_skip_dag.py
[2024-04-25T13:55:23.525+0000] {processor.py:840} INFO - DAG(s) 'example_skip_dag' retrieved from /home/airflow/.local/lib/python3.12/site-packages/airflow/example_dags/example_skip_dag.py
[2024-04-25T13:55:23.549+0000] {logging_mixin.py:188} INFO - [2024-04-25T13:55:23.548+0000] {dag.py:3096} INFO - Sync 1 DAGs
[2024-04-25T13:55:23.571+0000] {logging_mixin.py:188} INFO - [2024-04-25T13:55:23.571+0000] {dag.py:3954} INFO - Setting next_dagrun for example_skip_dag to 2024-04-24 00:00:00+00:00, run_after=2024-04-25 00:00:00+00:00
[2024-04-25T13:55:23.591+0000] {processor.py:183} INFO - Processing /home/airflow/.local/lib/python3.12/site-packages/airflow/example_dags/example_skip_dag.py took 0.081 seconds
[2024-04-25T13:55:53.981+0000] {processor.py:161} INFO - Started process (PID=8935) to work on /home/airflow/.local/lib/python3.12/site-packages/airflow/example_dags/example_skip_dag.py
[2024-04-25T13:55:53.982+0000] {processor.py:830} INFO - Processing file /home/airflow/.local/lib/python3.12/site-packages/airflow/example_dags/example_skip_dag.py for tasks to queue
[2024-04-25T13:55:53.984+0000] {logging_mixin.py:188} INFO - [2024-04-25T13:55:53.984+0000] {dagbag.py:540} INFO - Filling up the DagBag from /home/airflow/.local/lib/python3.12/site-packages/airflow/example_dags/example_skip_dag.py
[2024-04-25T13:55:53.991+0000] {processor.py:840} INFO - DAG(s) 'example_skip_dag' retrieved from /home/airflow/.local/lib/python3.12/site-packages/airflow/example_dags/example_skip_dag.py
[2024-04-25T13:55:54.014+0000] {logging_mixin.py:188} INFO - [2024-04-25T13:55:54.014+0000] {dag.py:3096} INFO - Sync 1 DAGs
[2024-04-25T13:55:54.039+0000] {logging_mixin.py:188} INFO - [2024-04-25T13:55:54.039+0000] {dag.py:3954} INFO - Setting next_dagrun for example_skip_dag to 2024-04-24 00:00:00+00:00, run_after=2024-04-25 00:00:00+00:00
[2024-04-25T13:55:54.062+0000] {processor.py:183} INFO - Processing /home/airflow/.local/lib/python3.12/site-packages/airflow/example_dags/example_skip_dag.py took 0.087 seconds
[2024-04-25T13:56:24.460+0000] {processor.py:161} INFO - Started process (PID=9197) to work on /home/airflow/.local/lib/python3.12/site-packages/airflow/example_dags/example_skip_dag.py
[2024-04-25T13:56:24.461+0000] {processor.py:830} INFO - Processing file /home/airflow/.local/lib/python3.12/site-packages/airflow/example_dags/example_skip_dag.py for tasks to queue
[2024-04-25T13:56:24.463+0000] {logging_mixin.py:188} INFO - [2024-04-25T13:56:24.462+0000] {dagbag.py:540} INFO - Filling up the DagBag from /home/airflow/.local/lib/python3.12/site-packages/airflow/example_dags/example_skip_dag.py
[2024-04-25T13:56:24.470+0000] {processor.py:840} INFO - DAG(s) 'example_skip_dag' retrieved from /home/airflow/.local/lib/python3.12/site-packages/airflow/example_dags/example_skip_dag.py
[2024-04-25T13:56:24.492+0000] {logging_mixin.py:188} INFO - [2024-04-25T13:56:24.492+0000] {dag.py:3096} INFO - Sync 1 DAGs
[2024-04-25T13:56:24.515+0000] {logging_mixin.py:188} INFO - [2024-04-25T13:56:24.515+0000] {dag.py:3954} INFO - Setting next_dagrun for example_skip_dag to 2024-04-24 00:00:00+00:00, run_after=2024-04-25 00:00:00+00:00
[2024-04-25T13:56:24.535+0000] {processor.py:183} INFO - Processing /home/airflow/.local/lib/python3.12/site-packages/airflow/example_dags/example_skip_dag.py took 0.081 seconds
[2024-04-25T13:58:17.486+0000] {processor.py:161} INFO - Started process (PID=282) to work on /home/airflow/.local/lib/python3.12/site-packages/airflow/example_dags/example_skip_dag.py
[2024-04-25T13:58:17.488+0000] {processor.py:830} INFO - Processing file /home/airflow/.local/lib/python3.12/site-packages/airflow/example_dags/example_skip_dag.py for tasks to queue
[2024-04-25T13:58:17.492+0000] {logging_mixin.py:188} INFO - [2024-04-25T13:58:17.492+0000] {dagbag.py:540} INFO - Filling up the DagBag from /home/airflow/.local/lib/python3.12/site-packages/airflow/example_dags/example_skip_dag.py
[2024-04-25T13:58:17.508+0000] {processor.py:840} INFO - DAG(s) 'example_skip_dag' retrieved from /home/airflow/.local/lib/python3.12/site-packages/airflow/example_dags/example_skip_dag.py
[2024-04-25T13:58:17.529+0000] {logging_mixin.py:188} INFO - [2024-04-25T13:58:17.528+0000] {dag.py:3096} INFO - Sync 1 DAGs
[2024-04-25T13:58:17.577+0000] {logging_mixin.py:188} INFO - [2024-04-25T13:58:17.577+0000] {dag.py:3954} INFO - Setting next_dagrun for example_skip_dag to 2024-04-24 00:00:00+00:00, run_after=2024-04-25 00:00:00+00:00
[2024-04-25T13:58:17.613+0000] {processor.py:183} INFO - Processing /home/airflow/.local/lib/python3.12/site-packages/airflow/example_dags/example_skip_dag.py took 0.134 seconds
[2024-04-25T13:58:49.081+0000] {processor.py:161} INFO - Started process (PID=544) to work on /home/airflow/.local/lib/python3.12/site-packages/airflow/example_dags/example_skip_dag.py
[2024-04-25T13:58:49.083+0000] {processor.py:830} INFO - Processing file /home/airflow/.local/lib/python3.12/site-packages/airflow/example_dags/example_skip_dag.py for tasks to queue
[2024-04-25T13:58:49.085+0000] {logging_mixin.py:188} INFO - [2024-04-25T13:58:49.084+0000] {dagbag.py:540} INFO - Filling up the DagBag from /home/airflow/.local/lib/python3.12/site-packages/airflow/example_dags/example_skip_dag.py
[2024-04-25T13:58:49.093+0000] {processor.py:840} INFO - DAG(s) 'example_skip_dag' retrieved from /home/airflow/.local/lib/python3.12/site-packages/airflow/example_dags/example_skip_dag.py
[2024-04-25T13:58:49.227+0000] {logging_mixin.py:188} INFO - [2024-04-25T13:58:49.226+0000] {dag.py:3096} INFO - Sync 1 DAGs
[2024-04-25T13:58:49.247+0000] {logging_mixin.py:188} INFO - [2024-04-25T13:58:49.247+0000] {dag.py:3954} INFO - Setting next_dagrun for example_skip_dag to 2024-04-24 00:00:00+00:00, run_after=2024-04-25 00:00:00+00:00
[2024-04-25T13:58:49.269+0000] {processor.py:183} INFO - Processing /home/airflow/.local/lib/python3.12/site-packages/airflow/example_dags/example_skip_dag.py took 0.194 seconds
