[2024-04-25T13:39:02.152+0000] {processor.py:161} INFO - Started process (PID=169) to work on /home/airflow/.local/lib/python3.12/site-packages/airflow/example_dags/example_setup_teardown.py
[2024-04-25T13:39:02.156+0000] {processor.py:830} INFO - Processing file /home/airflow/.local/lib/python3.12/site-packages/airflow/example_dags/example_setup_teardown.py for tasks to queue
[2024-04-25T13:39:02.160+0000] {logging_mixin.py:188} INFO - [2024-04-25T13:39:02.159+0000] {dagbag.py:540} INFO - Filling up the DagBag from /home/airflow/.local/lib/python3.12/site-packages/airflow/example_dags/example_setup_teardown.py
[2024-04-25T13:39:02.221+0000] {processor.py:840} INFO - DAG(s) 'example_setup_teardown' retrieved from /home/airflow/.local/lib/python3.12/site-packages/airflow/example_dags/example_setup_teardown.py
[2024-04-25T13:39:02.811+0000] {logging_mixin.py:188} INFO - [2024-04-25T13:39:02.811+0000] {dag.py:3096} INFO - Sync 1 DAGs
[2024-04-25T13:39:02.852+0000] {logging_mixin.py:188} INFO - [2024-04-25T13:39:02.851+0000] {dag.py:3954} INFO - Setting next_dagrun for example_setup_teardown to 2024-04-24 00:00:00+00:00, run_after=2024-04-25 00:00:00+00:00
[2024-04-25T13:39:02.883+0000] {processor.py:183} INFO - Processing /home/airflow/.local/lib/python3.12/site-packages/airflow/example_dags/example_setup_teardown.py took 0.744 seconds
[2024-04-25T13:39:33.216+0000] {processor.py:161} INFO - Started process (PID=431) to work on /home/airflow/.local/lib/python3.12/site-packages/airflow/example_dags/example_setup_teardown.py
[2024-04-25T13:39:33.223+0000] {processor.py:830} INFO - Processing file /home/airflow/.local/lib/python3.12/site-packages/airflow/example_dags/example_setup_teardown.py for tasks to queue
[2024-04-25T13:39:33.236+0000] {logging_mixin.py:188} INFO - [2024-04-25T13:39:33.235+0000] {dagbag.py:540} INFO - Filling up the DagBag from /home/airflow/.local/lib/python3.12/site-packages/airflow/example_dags/example_setup_teardown.py
[2024-04-25T13:39:33.284+0000] {processor.py:840} INFO - DAG(s) 'example_setup_teardown' retrieved from /home/airflow/.local/lib/python3.12/site-packages/airflow/example_dags/example_setup_teardown.py
[2024-04-25T13:39:33.417+0000] {logging_mixin.py:188} INFO - [2024-04-25T13:39:33.417+0000] {dag.py:3096} INFO - Sync 1 DAGs
[2024-04-25T13:39:33.499+0000] {logging_mixin.py:188} INFO - [2024-04-25T13:39:33.499+0000] {dag.py:3954} INFO - Setting next_dagrun for example_setup_teardown to 2024-04-24 00:00:00+00:00, run_after=2024-04-25 00:00:00+00:00
[2024-04-25T13:39:33.550+0000] {processor.py:183} INFO - Processing /home/airflow/.local/lib/python3.12/site-packages/airflow/example_dags/example_setup_teardown.py took 0.402 seconds
[2024-04-25T13:40:04.031+0000] {processor.py:161} INFO - Started process (PID=693) to work on /home/airflow/.local/lib/python3.12/site-packages/airflow/example_dags/example_setup_teardown.py
[2024-04-25T13:40:04.032+0000] {processor.py:830} INFO - Processing file /home/airflow/.local/lib/python3.12/site-packages/airflow/example_dags/example_setup_teardown.py for tasks to queue
[2024-04-25T13:40:04.035+0000] {logging_mixin.py:188} INFO - [2024-04-25T13:40:04.034+0000] {dagbag.py:540} INFO - Filling up the DagBag from /home/airflow/.local/lib/python3.12/site-packages/airflow/example_dags/example_setup_teardown.py
[2024-04-25T13:40:04.041+0000] {processor.py:840} INFO - DAG(s) 'example_setup_teardown' retrieved from /home/airflow/.local/lib/python3.12/site-packages/airflow/example_dags/example_setup_teardown.py
[2024-04-25T13:40:04.064+0000] {logging_mixin.py:188} INFO - [2024-04-25T13:40:04.064+0000] {dag.py:3096} INFO - Sync 1 DAGs
[2024-04-25T13:40:04.088+0000] {logging_mixin.py:188} INFO - [2024-04-25T13:40:04.087+0000] {dag.py:3954} INFO - Setting next_dagrun for example_setup_teardown to 2024-04-24 00:00:00+00:00, run_after=2024-04-25 00:00:00+00:00
[2024-04-25T13:40:04.109+0000] {processor.py:183} INFO - Processing /home/airflow/.local/lib/python3.12/site-packages/airflow/example_dags/example_setup_teardown.py took 0.084 seconds
[2024-04-25T13:40:34.597+0000] {processor.py:161} INFO - Started process (PID=955) to work on /home/airflow/.local/lib/python3.12/site-packages/airflow/example_dags/example_setup_teardown.py
[2024-04-25T13:40:34.598+0000] {processor.py:830} INFO - Processing file /home/airflow/.local/lib/python3.12/site-packages/airflow/example_dags/example_setup_teardown.py for tasks to queue
[2024-04-25T13:40:34.600+0000] {logging_mixin.py:188} INFO - [2024-04-25T13:40:34.600+0000] {dagbag.py:540} INFO - Filling up the DagBag from /home/airflow/.local/lib/python3.12/site-packages/airflow/example_dags/example_setup_teardown.py
[2024-04-25T13:40:34.607+0000] {processor.py:840} INFO - DAG(s) 'example_setup_teardown' retrieved from /home/airflow/.local/lib/python3.12/site-packages/airflow/example_dags/example_setup_teardown.py
[2024-04-25T13:40:34.629+0000] {logging_mixin.py:188} INFO - [2024-04-25T13:40:34.629+0000] {dag.py:3096} INFO - Sync 1 DAGs
[2024-04-25T13:40:34.652+0000] {logging_mixin.py:188} INFO - [2024-04-25T13:40:34.652+0000] {dag.py:3954} INFO - Setting next_dagrun for example_setup_teardown to 2024-04-24 00:00:00+00:00, run_after=2024-04-25 00:00:00+00:00
[2024-04-25T13:40:34.673+0000] {processor.py:183} INFO - Processing /home/airflow/.local/lib/python3.12/site-packages/airflow/example_dags/example_setup_teardown.py took 0.084 seconds
[2024-04-25T13:41:05.004+0000] {processor.py:161} INFO - Started process (PID=1217) to work on /home/airflow/.local/lib/python3.12/site-packages/airflow/example_dags/example_setup_teardown.py
[2024-04-25T13:41:05.005+0000] {processor.py:830} INFO - Processing file /home/airflow/.local/lib/python3.12/site-packages/airflow/example_dags/example_setup_teardown.py for tasks to queue
[2024-04-25T13:41:05.007+0000] {logging_mixin.py:188} INFO - [2024-04-25T13:41:05.006+0000] {dagbag.py:540} INFO - Filling up the DagBag from /home/airflow/.local/lib/python3.12/site-packages/airflow/example_dags/example_setup_teardown.py
[2024-04-25T13:41:05.014+0000] {processor.py:840} INFO - DAG(s) 'example_setup_teardown' retrieved from /home/airflow/.local/lib/python3.12/site-packages/airflow/example_dags/example_setup_teardown.py
[2024-04-25T13:41:05.037+0000] {logging_mixin.py:188} INFO - [2024-04-25T13:41:05.037+0000] {dag.py:3096} INFO - Sync 1 DAGs
[2024-04-25T13:41:05.060+0000] {logging_mixin.py:188} INFO - [2024-04-25T13:41:05.060+0000] {dag.py:3954} INFO - Setting next_dagrun for example_setup_teardown to 2024-04-24 00:00:00+00:00, run_after=2024-04-25 00:00:00+00:00
[2024-04-25T13:41:05.083+0000] {processor.py:183} INFO - Processing /home/airflow/.local/lib/python3.12/site-packages/airflow/example_dags/example_setup_teardown.py took 0.086 seconds
[2024-04-25T13:41:35.621+0000] {processor.py:161} INFO - Started process (PID=1479) to work on /home/airflow/.local/lib/python3.12/site-packages/airflow/example_dags/example_setup_teardown.py
[2024-04-25T13:41:35.623+0000] {processor.py:830} INFO - Processing file /home/airflow/.local/lib/python3.12/site-packages/airflow/example_dags/example_setup_teardown.py for tasks to queue
[2024-04-25T13:41:35.624+0000] {logging_mixin.py:188} INFO - [2024-04-25T13:41:35.624+0000] {dagbag.py:540} INFO - Filling up the DagBag from /home/airflow/.local/lib/python3.12/site-packages/airflow/example_dags/example_setup_teardown.py
[2024-04-25T13:41:35.631+0000] {processor.py:840} INFO - DAG(s) 'example_setup_teardown' retrieved from /home/airflow/.local/lib/python3.12/site-packages/airflow/example_dags/example_setup_teardown.py
[2024-04-25T13:41:35.655+0000] {logging_mixin.py:188} INFO - [2024-04-25T13:41:35.655+0000] {dag.py:3096} INFO - Sync 1 DAGs
[2024-04-25T13:41:35.680+0000] {logging_mixin.py:188} INFO - [2024-04-25T13:41:35.679+0000] {dag.py:3954} INFO - Setting next_dagrun for example_setup_teardown to 2024-04-24 00:00:00+00:00, run_after=2024-04-25 00:00:00+00:00
[2024-04-25T13:41:35.702+0000] {processor.py:183} INFO - Processing /home/airflow/.local/lib/python3.12/site-packages/airflow/example_dags/example_setup_teardown.py took 0.086 seconds
[2024-04-25T13:42:05.893+0000] {processor.py:161} INFO - Started process (PID=1741) to work on /home/airflow/.local/lib/python3.12/site-packages/airflow/example_dags/example_setup_teardown.py
[2024-04-25T13:42:05.894+0000] {processor.py:830} INFO - Processing file /home/airflow/.local/lib/python3.12/site-packages/airflow/example_dags/example_setup_teardown.py for tasks to queue
[2024-04-25T13:42:05.897+0000] {logging_mixin.py:188} INFO - [2024-04-25T13:42:05.896+0000] {dagbag.py:540} INFO - Filling up the DagBag from /home/airflow/.local/lib/python3.12/site-packages/airflow/example_dags/example_setup_teardown.py
[2024-04-25T13:42:05.905+0000] {processor.py:840} INFO - DAG(s) 'example_setup_teardown' retrieved from /home/airflow/.local/lib/python3.12/site-packages/airflow/example_dags/example_setup_teardown.py
[2024-04-25T13:42:05.928+0000] {logging_mixin.py:188} INFO - [2024-04-25T13:42:05.927+0000] {dag.py:3096} INFO - Sync 1 DAGs
[2024-04-25T13:42:05.952+0000] {logging_mixin.py:188} INFO - [2024-04-25T13:42:05.952+0000] {dag.py:3954} INFO - Setting next_dagrun for example_setup_teardown to 2024-04-24 00:00:00+00:00, run_after=2024-04-25 00:00:00+00:00
[2024-04-25T13:42:05.973+0000] {processor.py:183} INFO - Processing /home/airflow/.local/lib/python3.12/site-packages/airflow/example_dags/example_setup_teardown.py took 0.085 seconds
[2024-04-25T13:42:36.434+0000] {processor.py:161} INFO - Started process (PID=2003) to work on /home/airflow/.local/lib/python3.12/site-packages/airflow/example_dags/example_setup_teardown.py
[2024-04-25T13:42:36.435+0000] {processor.py:830} INFO - Processing file /home/airflow/.local/lib/python3.12/site-packages/airflow/example_dags/example_setup_teardown.py for tasks to queue
[2024-04-25T13:42:36.437+0000] {logging_mixin.py:188} INFO - [2024-04-25T13:42:36.437+0000] {dagbag.py:540} INFO - Filling up the DagBag from /home/airflow/.local/lib/python3.12/site-packages/airflow/example_dags/example_setup_teardown.py
[2024-04-25T13:42:36.444+0000] {processor.py:840} INFO - DAG(s) 'example_setup_teardown' retrieved from /home/airflow/.local/lib/python3.12/site-packages/airflow/example_dags/example_setup_teardown.py
[2024-04-25T13:42:36.466+0000] {logging_mixin.py:188} INFO - [2024-04-25T13:42:36.466+0000] {dag.py:3096} INFO - Sync 1 DAGs
[2024-04-25T13:42:36.489+0000] {logging_mixin.py:188} INFO - [2024-04-25T13:42:36.489+0000] {dag.py:3954} INFO - Setting next_dagrun for example_setup_teardown to 2024-04-24 00:00:00+00:00, run_after=2024-04-25 00:00:00+00:00
[2024-04-25T13:42:36.509+0000] {processor.py:183} INFO - Processing /home/airflow/.local/lib/python3.12/site-packages/airflow/example_dags/example_setup_teardown.py took 0.081 seconds
[2024-04-25T13:43:06.940+0000] {processor.py:161} INFO - Started process (PID=2265) to work on /home/airflow/.local/lib/python3.12/site-packages/airflow/example_dags/example_setup_teardown.py
[2024-04-25T13:43:06.941+0000] {processor.py:830} INFO - Processing file /home/airflow/.local/lib/python3.12/site-packages/airflow/example_dags/example_setup_teardown.py for tasks to queue
[2024-04-25T13:43:06.943+0000] {logging_mixin.py:188} INFO - [2024-04-25T13:43:06.943+0000] {dagbag.py:540} INFO - Filling up the DagBag from /home/airflow/.local/lib/python3.12/site-packages/airflow/example_dags/example_setup_teardown.py
[2024-04-25T13:43:06.950+0000] {processor.py:840} INFO - DAG(s) 'example_setup_teardown' retrieved from /home/airflow/.local/lib/python3.12/site-packages/airflow/example_dags/example_setup_teardown.py
[2024-04-25T13:43:06.972+0000] {logging_mixin.py:188} INFO - [2024-04-25T13:43:06.972+0000] {dag.py:3096} INFO - Sync 1 DAGs
[2024-04-25T13:43:06.995+0000] {logging_mixin.py:188} INFO - [2024-04-25T13:43:06.995+0000] {dag.py:3954} INFO - Setting next_dagrun for example_setup_teardown to 2024-04-24 00:00:00+00:00, run_after=2024-04-25 00:00:00+00:00
[2024-04-25T13:43:07.016+0000] {processor.py:183} INFO - Processing /home/airflow/.local/lib/python3.12/site-packages/airflow/example_dags/example_setup_teardown.py took 0.083 seconds
[2024-04-25T13:43:37.434+0000] {processor.py:161} INFO - Started process (PID=2527) to work on /home/airflow/.local/lib/python3.12/site-packages/airflow/example_dags/example_setup_teardown.py
[2024-04-25T13:43:37.435+0000] {processor.py:830} INFO - Processing file /home/airflow/.local/lib/python3.12/site-packages/airflow/example_dags/example_setup_teardown.py for tasks to queue
[2024-04-25T13:43:37.438+0000] {logging_mixin.py:188} INFO - [2024-04-25T13:43:37.437+0000] {dagbag.py:540} INFO - Filling up the DagBag from /home/airflow/.local/lib/python3.12/site-packages/airflow/example_dags/example_setup_teardown.py
[2024-04-25T13:43:37.444+0000] {processor.py:840} INFO - DAG(s) 'example_setup_teardown' retrieved from /home/airflow/.local/lib/python3.12/site-packages/airflow/example_dags/example_setup_teardown.py
[2024-04-25T13:43:37.467+0000] {logging_mixin.py:188} INFO - [2024-04-25T13:43:37.466+0000] {dag.py:3096} INFO - Sync 1 DAGs
[2024-04-25T13:43:37.490+0000] {logging_mixin.py:188} INFO - [2024-04-25T13:43:37.490+0000] {dag.py:3954} INFO - Setting next_dagrun for example_setup_teardown to 2024-04-24 00:00:00+00:00, run_after=2024-04-25 00:00:00+00:00
[2024-04-25T13:43:37.511+0000] {processor.py:183} INFO - Processing /home/airflow/.local/lib/python3.12/site-packages/airflow/example_dags/example_setup_teardown.py took 0.083 seconds
[2024-04-25T13:44:07.864+0000] {processor.py:161} INFO - Started process (PID=2789) to work on /home/airflow/.local/lib/python3.12/site-packages/airflow/example_dags/example_setup_teardown.py
[2024-04-25T13:44:07.866+0000] {processor.py:830} INFO - Processing file /home/airflow/.local/lib/python3.12/site-packages/airflow/example_dags/example_setup_teardown.py for tasks to queue
[2024-04-25T13:44:07.868+0000] {logging_mixin.py:188} INFO - [2024-04-25T13:44:07.867+0000] {dagbag.py:540} INFO - Filling up the DagBag from /home/airflow/.local/lib/python3.12/site-packages/airflow/example_dags/example_setup_teardown.py
[2024-04-25T13:44:07.876+0000] {processor.py:840} INFO - DAG(s) 'example_setup_teardown' retrieved from /home/airflow/.local/lib/python3.12/site-packages/airflow/example_dags/example_setup_teardown.py
[2024-04-25T13:44:07.900+0000] {logging_mixin.py:188} INFO - [2024-04-25T13:44:07.900+0000] {dag.py:3096} INFO - Sync 1 DAGs
[2024-04-25T13:44:07.930+0000] {logging_mixin.py:188} INFO - [2024-04-25T13:44:07.930+0000] {dag.py:3954} INFO - Setting next_dagrun for example_setup_teardown to 2024-04-24 00:00:00+00:00, run_after=2024-04-25 00:00:00+00:00
[2024-04-25T13:44:07.961+0000] {processor.py:183} INFO - Processing /home/airflow/.local/lib/python3.12/site-packages/airflow/example_dags/example_setup_teardown.py took 0.105 seconds
[2024-04-25T13:44:38.228+0000] {processor.py:161} INFO - Started process (PID=3057) to work on /home/airflow/.local/lib/python3.12/site-packages/airflow/example_dags/example_setup_teardown.py
[2024-04-25T13:44:38.229+0000] {processor.py:830} INFO - Processing file /home/airflow/.local/lib/python3.12/site-packages/airflow/example_dags/example_setup_teardown.py for tasks to queue
[2024-04-25T13:44:38.231+0000] {logging_mixin.py:188} INFO - [2024-04-25T13:44:38.230+0000] {dagbag.py:540} INFO - Filling up the DagBag from /home/airflow/.local/lib/python3.12/site-packages/airflow/example_dags/example_setup_teardown.py
[2024-04-25T13:44:38.237+0000] {processor.py:840} INFO - DAG(s) 'example_setup_teardown' retrieved from /home/airflow/.local/lib/python3.12/site-packages/airflow/example_dags/example_setup_teardown.py
[2024-04-25T13:44:38.260+0000] {logging_mixin.py:188} INFO - [2024-04-25T13:44:38.260+0000] {dag.py:3096} INFO - Sync 1 DAGs
[2024-04-25T13:44:38.282+0000] {logging_mixin.py:188} INFO - [2024-04-25T13:44:38.282+0000] {dag.py:3954} INFO - Setting next_dagrun for example_setup_teardown to 2024-04-24 00:00:00+00:00, run_after=2024-04-25 00:00:00+00:00
[2024-04-25T13:44:38.303+0000] {processor.py:183} INFO - Processing /home/airflow/.local/lib/python3.12/site-packages/airflow/example_dags/example_setup_teardown.py took 0.082 seconds
[2024-04-25T13:45:08.748+0000] {processor.py:161} INFO - Started process (PID=3319) to work on /home/airflow/.local/lib/python3.12/site-packages/airflow/example_dags/example_setup_teardown.py
[2024-04-25T13:45:08.749+0000] {processor.py:830} INFO - Processing file /home/airflow/.local/lib/python3.12/site-packages/airflow/example_dags/example_setup_teardown.py for tasks to queue
[2024-04-25T13:45:08.751+0000] {logging_mixin.py:188} INFO - [2024-04-25T13:45:08.750+0000] {dagbag.py:540} INFO - Filling up the DagBag from /home/airflow/.local/lib/python3.12/site-packages/airflow/example_dags/example_setup_teardown.py
[2024-04-25T13:45:08.757+0000] {processor.py:840} INFO - DAG(s) 'example_setup_teardown' retrieved from /home/airflow/.local/lib/python3.12/site-packages/airflow/example_dags/example_setup_teardown.py
[2024-04-25T13:45:08.781+0000] {logging_mixin.py:188} INFO - [2024-04-25T13:45:08.781+0000] {dag.py:3096} INFO - Sync 1 DAGs
[2024-04-25T13:45:08.833+0000] {logging_mixin.py:188} INFO - [2024-04-25T13:45:08.832+0000] {dag.py:3954} INFO - Setting next_dagrun for example_setup_teardown to 2024-04-24 00:00:00+00:00, run_after=2024-04-25 00:00:00+00:00
[2024-04-25T13:45:08.866+0000] {processor.py:183} INFO - Processing /home/airflow/.local/lib/python3.12/site-packages/airflow/example_dags/example_setup_teardown.py took 0.124 seconds
[2024-04-25T13:45:39.139+0000] {processor.py:161} INFO - Started process (PID=3581) to work on /home/airflow/.local/lib/python3.12/site-packages/airflow/example_dags/example_setup_teardown.py
[2024-04-25T13:45:39.140+0000] {processor.py:830} INFO - Processing file /home/airflow/.local/lib/python3.12/site-packages/airflow/example_dags/example_setup_teardown.py for tasks to queue
[2024-04-25T13:45:39.143+0000] {logging_mixin.py:188} INFO - [2024-04-25T13:45:39.142+0000] {dagbag.py:540} INFO - Filling up the DagBag from /home/airflow/.local/lib/python3.12/site-packages/airflow/example_dags/example_setup_teardown.py
[2024-04-25T13:45:39.151+0000] {processor.py:840} INFO - DAG(s) 'example_setup_teardown' retrieved from /home/airflow/.local/lib/python3.12/site-packages/airflow/example_dags/example_setup_teardown.py
[2024-04-25T13:45:39.175+0000] {logging_mixin.py:188} INFO - [2024-04-25T13:45:39.175+0000] {dag.py:3096} INFO - Sync 1 DAGs
[2024-04-25T13:45:39.199+0000] {logging_mixin.py:188} INFO - [2024-04-25T13:45:39.199+0000] {dag.py:3954} INFO - Setting next_dagrun for example_setup_teardown to 2024-04-24 00:00:00+00:00, run_after=2024-04-25 00:00:00+00:00
[2024-04-25T13:45:39.228+0000] {processor.py:183} INFO - Processing /home/airflow/.local/lib/python3.12/site-packages/airflow/example_dags/example_setup_teardown.py took 0.095 seconds
[2024-04-25T13:46:09.299+0000] {processor.py:161} INFO - Started process (PID=3843) to work on /home/airflow/.local/lib/python3.12/site-packages/airflow/example_dags/example_setup_teardown.py
[2024-04-25T13:46:09.301+0000] {processor.py:830} INFO - Processing file /home/airflow/.local/lib/python3.12/site-packages/airflow/example_dags/example_setup_teardown.py for tasks to queue
[2024-04-25T13:46:09.304+0000] {logging_mixin.py:188} INFO - [2024-04-25T13:46:09.303+0000] {dagbag.py:540} INFO - Filling up the DagBag from /home/airflow/.local/lib/python3.12/site-packages/airflow/example_dags/example_setup_teardown.py
[2024-04-25T13:46:09.325+0000] {processor.py:840} INFO - DAG(s) 'example_setup_teardown' retrieved from /home/airflow/.local/lib/python3.12/site-packages/airflow/example_dags/example_setup_teardown.py
[2024-04-25T13:46:09.357+0000] {logging_mixin.py:188} INFO - [2024-04-25T13:46:09.357+0000] {dag.py:3096} INFO - Sync 1 DAGs
[2024-04-25T13:46:09.384+0000] {logging_mixin.py:188} INFO - [2024-04-25T13:46:09.384+0000] {dag.py:3954} INFO - Setting next_dagrun for example_setup_teardown to 2024-04-24 00:00:00+00:00, run_after=2024-04-25 00:00:00+00:00
[2024-04-25T13:46:09.406+0000] {processor.py:183} INFO - Processing /home/airflow/.local/lib/python3.12/site-packages/airflow/example_dags/example_setup_teardown.py took 0.121 seconds
[2024-04-25T13:46:39.733+0000] {processor.py:161} INFO - Started process (PID=4105) to work on /home/airflow/.local/lib/python3.12/site-packages/airflow/example_dags/example_setup_teardown.py
[2024-04-25T13:46:39.734+0000] {processor.py:830} INFO - Processing file /home/airflow/.local/lib/python3.12/site-packages/airflow/example_dags/example_setup_teardown.py for tasks to queue
[2024-04-25T13:46:39.737+0000] {logging_mixin.py:188} INFO - [2024-04-25T13:46:39.736+0000] {dagbag.py:540} INFO - Filling up the DagBag from /home/airflow/.local/lib/python3.12/site-packages/airflow/example_dags/example_setup_teardown.py
[2024-04-25T13:46:39.744+0000] {processor.py:840} INFO - DAG(s) 'example_setup_teardown' retrieved from /home/airflow/.local/lib/python3.12/site-packages/airflow/example_dags/example_setup_teardown.py
[2024-04-25T13:46:39.766+0000] {logging_mixin.py:188} INFO - [2024-04-25T13:46:39.766+0000] {dag.py:3096} INFO - Sync 1 DAGs
[2024-04-25T13:46:39.788+0000] {logging_mixin.py:188} INFO - [2024-04-25T13:46:39.788+0000] {dag.py:3954} INFO - Setting next_dagrun for example_setup_teardown to 2024-04-24 00:00:00+00:00, run_after=2024-04-25 00:00:00+00:00
[2024-04-25T13:46:39.808+0000] {processor.py:183} INFO - Processing /home/airflow/.local/lib/python3.12/site-packages/airflow/example_dags/example_setup_teardown.py took 0.081 seconds
[2024-04-25T13:47:10.141+0000] {processor.py:161} INFO - Started process (PID=4367) to work on /home/airflow/.local/lib/python3.12/site-packages/airflow/example_dags/example_setup_teardown.py
[2024-04-25T13:47:10.142+0000] {processor.py:830} INFO - Processing file /home/airflow/.local/lib/python3.12/site-packages/airflow/example_dags/example_setup_teardown.py for tasks to queue
[2024-04-25T13:47:10.145+0000] {logging_mixin.py:188} INFO - [2024-04-25T13:47:10.145+0000] {dagbag.py:540} INFO - Filling up the DagBag from /home/airflow/.local/lib/python3.12/site-packages/airflow/example_dags/example_setup_teardown.py
[2024-04-25T13:47:10.151+0000] {processor.py:840} INFO - DAG(s) 'example_setup_teardown' retrieved from /home/airflow/.local/lib/python3.12/site-packages/airflow/example_dags/example_setup_teardown.py
[2024-04-25T13:47:10.173+0000] {logging_mixin.py:188} INFO - [2024-04-25T13:47:10.173+0000] {dag.py:3096} INFO - Sync 1 DAGs
[2024-04-25T13:47:10.196+0000] {logging_mixin.py:188} INFO - [2024-04-25T13:47:10.196+0000] {dag.py:3954} INFO - Setting next_dagrun for example_setup_teardown to 2024-04-24 00:00:00+00:00, run_after=2024-04-25 00:00:00+00:00
[2024-04-25T13:47:10.217+0000] {processor.py:183} INFO - Processing /home/airflow/.local/lib/python3.12/site-packages/airflow/example_dags/example_setup_teardown.py took 0.083 seconds
[2024-04-25T13:47:40.697+0000] {processor.py:161} INFO - Started process (PID=4629) to work on /home/airflow/.local/lib/python3.12/site-packages/airflow/example_dags/example_setup_teardown.py
[2024-04-25T13:47:40.699+0000] {processor.py:830} INFO - Processing file /home/airflow/.local/lib/python3.12/site-packages/airflow/example_dags/example_setup_teardown.py for tasks to queue
[2024-04-25T13:47:40.701+0000] {logging_mixin.py:188} INFO - [2024-04-25T13:47:40.701+0000] {dagbag.py:540} INFO - Filling up the DagBag from /home/airflow/.local/lib/python3.12/site-packages/airflow/example_dags/example_setup_teardown.py
[2024-04-25T13:47:40.707+0000] {processor.py:840} INFO - DAG(s) 'example_setup_teardown' retrieved from /home/airflow/.local/lib/python3.12/site-packages/airflow/example_dags/example_setup_teardown.py
[2024-04-25T13:47:40.728+0000] {logging_mixin.py:188} INFO - [2024-04-25T13:47:40.728+0000] {dag.py:3096} INFO - Sync 1 DAGs
[2024-04-25T13:47:40.750+0000] {logging_mixin.py:188} INFO - [2024-04-25T13:47:40.750+0000] {dag.py:3954} INFO - Setting next_dagrun for example_setup_teardown to 2024-04-24 00:00:00+00:00, run_after=2024-04-25 00:00:00+00:00
[2024-04-25T13:47:40.768+0000] {processor.py:183} INFO - Processing /home/airflow/.local/lib/python3.12/site-packages/airflow/example_dags/example_setup_teardown.py took 0.076 seconds
[2024-04-25T13:48:10.961+0000] {processor.py:161} INFO - Started process (PID=4891) to work on /home/airflow/.local/lib/python3.12/site-packages/airflow/example_dags/example_setup_teardown.py
[2024-04-25T13:48:10.962+0000] {processor.py:830} INFO - Processing file /home/airflow/.local/lib/python3.12/site-packages/airflow/example_dags/example_setup_teardown.py for tasks to queue
[2024-04-25T13:48:10.964+0000] {logging_mixin.py:188} INFO - [2024-04-25T13:48:10.964+0000] {dagbag.py:540} INFO - Filling up the DagBag from /home/airflow/.local/lib/python3.12/site-packages/airflow/example_dags/example_setup_teardown.py
[2024-04-25T13:48:10.971+0000] {processor.py:840} INFO - DAG(s) 'example_setup_teardown' retrieved from /home/airflow/.local/lib/python3.12/site-packages/airflow/example_dags/example_setup_teardown.py
[2024-04-25T13:48:10.995+0000] {logging_mixin.py:188} INFO - [2024-04-25T13:48:10.995+0000] {dag.py:3096} INFO - Sync 1 DAGs
[2024-04-25T13:48:11.019+0000] {logging_mixin.py:188} INFO - [2024-04-25T13:48:11.019+0000] {dag.py:3954} INFO - Setting next_dagrun for example_setup_teardown to 2024-04-24 00:00:00+00:00, run_after=2024-04-25 00:00:00+00:00
[2024-04-25T13:48:11.039+0000] {processor.py:183} INFO - Processing /home/airflow/.local/lib/python3.12/site-packages/airflow/example_dags/example_setup_teardown.py took 0.085 seconds
[2024-04-25T13:48:41.547+0000] {processor.py:161} INFO - Started process (PID=5153) to work on /home/airflow/.local/lib/python3.12/site-packages/airflow/example_dags/example_setup_teardown.py
[2024-04-25T13:48:41.548+0000] {processor.py:830} INFO - Processing file /home/airflow/.local/lib/python3.12/site-packages/airflow/example_dags/example_setup_teardown.py for tasks to queue
[2024-04-25T13:48:41.550+0000] {logging_mixin.py:188} INFO - [2024-04-25T13:48:41.550+0000] {dagbag.py:540} INFO - Filling up the DagBag from /home/airflow/.local/lib/python3.12/site-packages/airflow/example_dags/example_setup_teardown.py
[2024-04-25T13:48:41.560+0000] {processor.py:840} INFO - DAG(s) 'example_setup_teardown' retrieved from /home/airflow/.local/lib/python3.12/site-packages/airflow/example_dags/example_setup_teardown.py
[2024-04-25T13:48:41.591+0000] {logging_mixin.py:188} INFO - [2024-04-25T13:48:41.590+0000] {dag.py:3096} INFO - Sync 1 DAGs
[2024-04-25T13:48:41.623+0000] {logging_mixin.py:188} INFO - [2024-04-25T13:48:41.622+0000] {dag.py:3954} INFO - Setting next_dagrun for example_setup_teardown to 2024-04-24 00:00:00+00:00, run_after=2024-04-25 00:00:00+00:00
[2024-04-25T13:48:41.647+0000] {processor.py:183} INFO - Processing /home/airflow/.local/lib/python3.12/site-packages/airflow/example_dags/example_setup_teardown.py took 0.108 seconds
[2024-04-25T13:49:11.937+0000] {processor.py:161} INFO - Started process (PID=5415) to work on /home/airflow/.local/lib/python3.12/site-packages/airflow/example_dags/example_setup_teardown.py
[2024-04-25T13:49:11.938+0000] {processor.py:830} INFO - Processing file /home/airflow/.local/lib/python3.12/site-packages/airflow/example_dags/example_setup_teardown.py for tasks to queue
[2024-04-25T13:49:11.941+0000] {logging_mixin.py:188} INFO - [2024-04-25T13:49:11.940+0000] {dagbag.py:540} INFO - Filling up the DagBag from /home/airflow/.local/lib/python3.12/site-packages/airflow/example_dags/example_setup_teardown.py
[2024-04-25T13:49:11.947+0000] {processor.py:840} INFO - DAG(s) 'example_setup_teardown' retrieved from /home/airflow/.local/lib/python3.12/site-packages/airflow/example_dags/example_setup_teardown.py
[2024-04-25T13:49:11.969+0000] {logging_mixin.py:188} INFO - [2024-04-25T13:49:11.969+0000] {dag.py:3096} INFO - Sync 1 DAGs
[2024-04-25T13:49:11.992+0000] {logging_mixin.py:188} INFO - [2024-04-25T13:49:11.992+0000] {dag.py:3954} INFO - Setting next_dagrun for example_setup_teardown to 2024-04-24 00:00:00+00:00, run_after=2024-04-25 00:00:00+00:00
[2024-04-25T13:49:12.011+0000] {processor.py:183} INFO - Processing /home/airflow/.local/lib/python3.12/site-packages/airflow/example_dags/example_setup_teardown.py took 0.080 seconds
[2024-04-25T13:49:42.349+0000] {processor.py:161} INFO - Started process (PID=5677) to work on /home/airflow/.local/lib/python3.12/site-packages/airflow/example_dags/example_setup_teardown.py
[2024-04-25T13:49:42.350+0000] {processor.py:830} INFO - Processing file /home/airflow/.local/lib/python3.12/site-packages/airflow/example_dags/example_setup_teardown.py for tasks to queue
[2024-04-25T13:49:42.353+0000] {logging_mixin.py:188} INFO - [2024-04-25T13:49:42.352+0000] {dagbag.py:540} INFO - Filling up the DagBag from /home/airflow/.local/lib/python3.12/site-packages/airflow/example_dags/example_setup_teardown.py
[2024-04-25T13:49:42.359+0000] {processor.py:840} INFO - DAG(s) 'example_setup_teardown' retrieved from /home/airflow/.local/lib/python3.12/site-packages/airflow/example_dags/example_setup_teardown.py
[2024-04-25T13:49:42.381+0000] {logging_mixin.py:188} INFO - [2024-04-25T13:49:42.381+0000] {dag.py:3096} INFO - Sync 1 DAGs
[2024-04-25T13:49:42.404+0000] {logging_mixin.py:188} INFO - [2024-04-25T13:49:42.403+0000] {dag.py:3954} INFO - Setting next_dagrun for example_setup_teardown to 2024-04-24 00:00:00+00:00, run_after=2024-04-25 00:00:00+00:00
[2024-04-25T13:49:42.425+0000] {processor.py:183} INFO - Processing /home/airflow/.local/lib/python3.12/site-packages/airflow/example_dags/example_setup_teardown.py took 0.082 seconds
[2024-04-25T13:50:12.778+0000] {processor.py:161} INFO - Started process (PID=5939) to work on /home/airflow/.local/lib/python3.12/site-packages/airflow/example_dags/example_setup_teardown.py
[2024-04-25T13:50:12.779+0000] {processor.py:830} INFO - Processing file /home/airflow/.local/lib/python3.12/site-packages/airflow/example_dags/example_setup_teardown.py for tasks to queue
[2024-04-25T13:50:12.782+0000] {logging_mixin.py:188} INFO - [2024-04-25T13:50:12.781+0000] {dagbag.py:540} INFO - Filling up the DagBag from /home/airflow/.local/lib/python3.12/site-packages/airflow/example_dags/example_setup_teardown.py
[2024-04-25T13:50:12.788+0000] {processor.py:840} INFO - DAG(s) 'example_setup_teardown' retrieved from /home/airflow/.local/lib/python3.12/site-packages/airflow/example_dags/example_setup_teardown.py
[2024-04-25T13:50:12.811+0000] {logging_mixin.py:188} INFO - [2024-04-25T13:50:12.811+0000] {dag.py:3096} INFO - Sync 1 DAGs
[2024-04-25T13:50:12.834+0000] {logging_mixin.py:188} INFO - [2024-04-25T13:50:12.834+0000] {dag.py:3954} INFO - Setting next_dagrun for example_setup_teardown to 2024-04-24 00:00:00+00:00, run_after=2024-04-25 00:00:00+00:00
[2024-04-25T13:50:12.854+0000] {processor.py:183} INFO - Processing /home/airflow/.local/lib/python3.12/site-packages/airflow/example_dags/example_setup_teardown.py took 0.083 seconds
[2024-04-25T13:50:43.372+0000] {processor.py:161} INFO - Started process (PID=6201) to work on /home/airflow/.local/lib/python3.12/site-packages/airflow/example_dags/example_setup_teardown.py
[2024-04-25T13:50:43.373+0000] {processor.py:830} INFO - Processing file /home/airflow/.local/lib/python3.12/site-packages/airflow/example_dags/example_setup_teardown.py for tasks to queue
[2024-04-25T13:50:43.376+0000] {logging_mixin.py:188} INFO - [2024-04-25T13:50:43.375+0000] {dagbag.py:540} INFO - Filling up the DagBag from /home/airflow/.local/lib/python3.12/site-packages/airflow/example_dags/example_setup_teardown.py
[2024-04-25T13:50:43.384+0000] {processor.py:840} INFO - DAG(s) 'example_setup_teardown' retrieved from /home/airflow/.local/lib/python3.12/site-packages/airflow/example_dags/example_setup_teardown.py
[2024-04-25T13:50:43.408+0000] {logging_mixin.py:188} INFO - [2024-04-25T13:50:43.408+0000] {dag.py:3096} INFO - Sync 1 DAGs
[2024-04-25T13:50:43.446+0000] {logging_mixin.py:188} INFO - [2024-04-25T13:50:43.446+0000] {dag.py:3954} INFO - Setting next_dagrun for example_setup_teardown to 2024-04-24 00:00:00+00:00, run_after=2024-04-25 00:00:00+00:00
[2024-04-25T13:50:43.476+0000] {processor.py:183} INFO - Processing /home/airflow/.local/lib/python3.12/site-packages/airflow/example_dags/example_setup_teardown.py took 0.110 seconds
[2024-04-25T13:51:14.298+0000] {processor.py:161} INFO - Started process (PID=6463) to work on /home/airflow/.local/lib/python3.12/site-packages/airflow/example_dags/example_setup_teardown.py
[2024-04-25T13:51:14.300+0000] {processor.py:830} INFO - Processing file /home/airflow/.local/lib/python3.12/site-packages/airflow/example_dags/example_setup_teardown.py for tasks to queue
[2024-04-25T13:51:14.303+0000] {logging_mixin.py:188} INFO - [2024-04-25T13:51:14.302+0000] {dagbag.py:540} INFO - Filling up the DagBag from /home/airflow/.local/lib/python3.12/site-packages/airflow/example_dags/example_setup_teardown.py
[2024-04-25T13:51:14.310+0000] {processor.py:840} INFO - DAG(s) 'example_setup_teardown' retrieved from /home/airflow/.local/lib/python3.12/site-packages/airflow/example_dags/example_setup_teardown.py
[2024-04-25T13:51:14.337+0000] {logging_mixin.py:188} INFO - [2024-04-25T13:51:14.336+0000] {dag.py:3096} INFO - Sync 1 DAGs
[2024-04-25T13:51:14.364+0000] {logging_mixin.py:188} INFO - [2024-04-25T13:51:14.364+0000] {dag.py:3954} INFO - Setting next_dagrun for example_setup_teardown to 2024-04-24 00:00:00+00:00, run_after=2024-04-25 00:00:00+00:00
[2024-04-25T13:51:14.395+0000] {processor.py:183} INFO - Processing /home/airflow/.local/lib/python3.12/site-packages/airflow/example_dags/example_setup_teardown.py took 0.104 seconds
[2024-04-25T13:51:44.707+0000] {processor.py:161} INFO - Started process (PID=6725) to work on /home/airflow/.local/lib/python3.12/site-packages/airflow/example_dags/example_setup_teardown.py
[2024-04-25T13:51:44.708+0000] {processor.py:830} INFO - Processing file /home/airflow/.local/lib/python3.12/site-packages/airflow/example_dags/example_setup_teardown.py for tasks to queue
[2024-04-25T13:51:44.710+0000] {logging_mixin.py:188} INFO - [2024-04-25T13:51:44.709+0000] {dagbag.py:540} INFO - Filling up the DagBag from /home/airflow/.local/lib/python3.12/site-packages/airflow/example_dags/example_setup_teardown.py
[2024-04-25T13:51:44.717+0000] {processor.py:840} INFO - DAG(s) 'example_setup_teardown' retrieved from /home/airflow/.local/lib/python3.12/site-packages/airflow/example_dags/example_setup_teardown.py
[2024-04-25T13:51:44.739+0000] {logging_mixin.py:188} INFO - [2024-04-25T13:51:44.738+0000] {dag.py:3096} INFO - Sync 1 DAGs
[2024-04-25T13:51:44.890+0000] {logging_mixin.py:188} INFO - [2024-04-25T13:51:44.889+0000] {dag.py:3954} INFO - Setting next_dagrun for example_setup_teardown to 2024-04-24 00:00:00+00:00, run_after=2024-04-25 00:00:00+00:00
[2024-04-25T13:51:44.910+0000] {processor.py:183} INFO - Processing /home/airflow/.local/lib/python3.12/site-packages/airflow/example_dags/example_setup_teardown.py took 0.209 seconds
[2024-04-25T13:52:15.204+0000] {processor.py:161} INFO - Started process (PID=6987) to work on /home/airflow/.local/lib/python3.12/site-packages/airflow/example_dags/example_setup_teardown.py
[2024-04-25T13:52:15.205+0000] {processor.py:830} INFO - Processing file /home/airflow/.local/lib/python3.12/site-packages/airflow/example_dags/example_setup_teardown.py for tasks to queue
[2024-04-25T13:52:15.207+0000] {logging_mixin.py:188} INFO - [2024-04-25T13:52:15.207+0000] {dagbag.py:540} INFO - Filling up the DagBag from /home/airflow/.local/lib/python3.12/site-packages/airflow/example_dags/example_setup_teardown.py
[2024-04-25T13:52:15.214+0000] {processor.py:840} INFO - DAG(s) 'example_setup_teardown' retrieved from /home/airflow/.local/lib/python3.12/site-packages/airflow/example_dags/example_setup_teardown.py
[2024-04-25T13:52:15.236+0000] {logging_mixin.py:188} INFO - [2024-04-25T13:52:15.236+0000] {dag.py:3096} INFO - Sync 1 DAGs
[2024-04-25T13:52:15.258+0000] {logging_mixin.py:188} INFO - [2024-04-25T13:52:15.258+0000] {dag.py:3954} INFO - Setting next_dagrun for example_setup_teardown to 2024-04-24 00:00:00+00:00, run_after=2024-04-25 00:00:00+00:00
[2024-04-25T13:52:15.278+0000] {processor.py:183} INFO - Processing /home/airflow/.local/lib/python3.12/site-packages/airflow/example_dags/example_setup_teardown.py took 0.082 seconds
[2024-04-25T13:52:45.388+0000] {processor.py:161} INFO - Started process (PID=7249) to work on /home/airflow/.local/lib/python3.12/site-packages/airflow/example_dags/example_setup_teardown.py
[2024-04-25T13:52:45.390+0000] {processor.py:830} INFO - Processing file /home/airflow/.local/lib/python3.12/site-packages/airflow/example_dags/example_setup_teardown.py for tasks to queue
[2024-04-25T13:52:45.392+0000] {logging_mixin.py:188} INFO - [2024-04-25T13:52:45.392+0000] {dagbag.py:540} INFO - Filling up the DagBag from /home/airflow/.local/lib/python3.12/site-packages/airflow/example_dags/example_setup_teardown.py
[2024-04-25T13:52:45.404+0000] {processor.py:840} INFO - DAG(s) 'example_setup_teardown' retrieved from /home/airflow/.local/lib/python3.12/site-packages/airflow/example_dags/example_setup_teardown.py
[2024-04-25T13:52:45.431+0000] {logging_mixin.py:188} INFO - [2024-04-25T13:52:45.430+0000] {dag.py:3096} INFO - Sync 1 DAGs
[2024-04-25T13:52:45.458+0000] {logging_mixin.py:188} INFO - [2024-04-25T13:52:45.458+0000] {dag.py:3954} INFO - Setting next_dagrun for example_setup_teardown to 2024-04-24 00:00:00+00:00, run_after=2024-04-25 00:00:00+00:00
[2024-04-25T13:52:45.479+0000] {processor.py:183} INFO - Processing /home/airflow/.local/lib/python3.12/site-packages/airflow/example_dags/example_setup_teardown.py took 0.100 seconds
[2024-04-25T13:53:16.208+0000] {processor.py:161} INFO - Started process (PID=7511) to work on /home/airflow/.local/lib/python3.12/site-packages/airflow/example_dags/example_setup_teardown.py
[2024-04-25T13:53:16.209+0000] {processor.py:830} INFO - Processing file /home/airflow/.local/lib/python3.12/site-packages/airflow/example_dags/example_setup_teardown.py for tasks to queue
[2024-04-25T13:53:16.210+0000] {logging_mixin.py:188} INFO - [2024-04-25T13:53:16.210+0000] {dagbag.py:540} INFO - Filling up the DagBag from /home/airflow/.local/lib/python3.12/site-packages/airflow/example_dags/example_setup_teardown.py
[2024-04-25T13:53:16.217+0000] {processor.py:840} INFO - DAG(s) 'example_setup_teardown' retrieved from /home/airflow/.local/lib/python3.12/site-packages/airflow/example_dags/example_setup_teardown.py
[2024-04-25T13:53:16.240+0000] {logging_mixin.py:188} INFO - [2024-04-25T13:53:16.239+0000] {dag.py:3096} INFO - Sync 1 DAGs
[2024-04-25T13:53:16.262+0000] {logging_mixin.py:188} INFO - [2024-04-25T13:53:16.262+0000] {dag.py:3954} INFO - Setting next_dagrun for example_setup_teardown to 2024-04-24 00:00:00+00:00, run_after=2024-04-25 00:00:00+00:00
[2024-04-25T13:53:16.281+0000] {processor.py:183} INFO - Processing /home/airflow/.local/lib/python3.12/site-packages/airflow/example_dags/example_setup_teardown.py took 0.080 seconds
[2024-04-25T13:53:46.637+0000] {processor.py:161} INFO - Started process (PID=7773) to work on /home/airflow/.local/lib/python3.12/site-packages/airflow/example_dags/example_setup_teardown.py
[2024-04-25T13:53:46.639+0000] {processor.py:830} INFO - Processing file /home/airflow/.local/lib/python3.12/site-packages/airflow/example_dags/example_setup_teardown.py for tasks to queue
[2024-04-25T13:53:46.642+0000] {logging_mixin.py:188} INFO - [2024-04-25T13:53:46.642+0000] {dagbag.py:540} INFO - Filling up the DagBag from /home/airflow/.local/lib/python3.12/site-packages/airflow/example_dags/example_setup_teardown.py
[2024-04-25T13:53:46.648+0000] {processor.py:840} INFO - DAG(s) 'example_setup_teardown' retrieved from /home/airflow/.local/lib/python3.12/site-packages/airflow/example_dags/example_setup_teardown.py
[2024-04-25T13:53:46.670+0000] {logging_mixin.py:188} INFO - [2024-04-25T13:53:46.670+0000] {dag.py:3096} INFO - Sync 1 DAGs
[2024-04-25T13:53:46.693+0000] {logging_mixin.py:188} INFO - [2024-04-25T13:53:46.693+0000] {dag.py:3954} INFO - Setting next_dagrun for example_setup_teardown to 2024-04-24 00:00:00+00:00, run_after=2024-04-25 00:00:00+00:00
[2024-04-25T13:53:46.714+0000] {processor.py:183} INFO - Processing /home/airflow/.local/lib/python3.12/site-packages/airflow/example_dags/example_setup_teardown.py took 0.083 seconds
[2024-04-25T13:54:17.139+0000] {processor.py:161} INFO - Started process (PID=8035) to work on /home/airflow/.local/lib/python3.12/site-packages/airflow/example_dags/example_setup_teardown.py
[2024-04-25T13:54:17.140+0000] {processor.py:830} INFO - Processing file /home/airflow/.local/lib/python3.12/site-packages/airflow/example_dags/example_setup_teardown.py for tasks to queue
[2024-04-25T13:54:17.144+0000] {logging_mixin.py:188} INFO - [2024-04-25T13:54:17.143+0000] {dagbag.py:540} INFO - Filling up the DagBag from /home/airflow/.local/lib/python3.12/site-packages/airflow/example_dags/example_setup_teardown.py
[2024-04-25T13:54:17.151+0000] {processor.py:840} INFO - DAG(s) 'example_setup_teardown' retrieved from /home/airflow/.local/lib/python3.12/site-packages/airflow/example_dags/example_setup_teardown.py
[2024-04-25T13:54:17.177+0000] {logging_mixin.py:188} INFO - [2024-04-25T13:54:17.177+0000] {dag.py:3096} INFO - Sync 1 DAGs
[2024-04-25T13:54:17.200+0000] {logging_mixin.py:188} INFO - [2024-04-25T13:54:17.200+0000] {dag.py:3954} INFO - Setting next_dagrun for example_setup_teardown to 2024-04-24 00:00:00+00:00, run_after=2024-04-25 00:00:00+00:00
[2024-04-25T13:54:17.220+0000] {processor.py:183} INFO - Processing /home/airflow/.local/lib/python3.12/site-packages/airflow/example_dags/example_setup_teardown.py took 0.088 seconds
[2024-04-25T13:54:47.386+0000] {processor.py:161} INFO - Started process (PID=8297) to work on /home/airflow/.local/lib/python3.12/site-packages/airflow/example_dags/example_setup_teardown.py
[2024-04-25T13:54:47.388+0000] {processor.py:830} INFO - Processing file /home/airflow/.local/lib/python3.12/site-packages/airflow/example_dags/example_setup_teardown.py for tasks to queue
[2024-04-25T13:54:47.391+0000] {logging_mixin.py:188} INFO - [2024-04-25T13:54:47.391+0000] {dagbag.py:540} INFO - Filling up the DagBag from /home/airflow/.local/lib/python3.12/site-packages/airflow/example_dags/example_setup_teardown.py
[2024-04-25T13:54:47.399+0000] {processor.py:840} INFO - DAG(s) 'example_setup_teardown' retrieved from /home/airflow/.local/lib/python3.12/site-packages/airflow/example_dags/example_setup_teardown.py
[2024-04-25T13:54:47.423+0000] {logging_mixin.py:188} INFO - [2024-04-25T13:54:47.422+0000] {dag.py:3096} INFO - Sync 1 DAGs
[2024-04-25T13:54:47.448+0000] {logging_mixin.py:188} INFO - [2024-04-25T13:54:47.448+0000] {dag.py:3954} INFO - Setting next_dagrun for example_setup_teardown to 2024-04-24 00:00:00+00:00, run_after=2024-04-25 00:00:00+00:00
[2024-04-25T13:54:47.469+0000] {processor.py:183} INFO - Processing /home/airflow/.local/lib/python3.12/site-packages/airflow/example_dags/example_setup_teardown.py took 0.091 seconds
[2024-04-25T13:55:18.132+0000] {processor.py:161} INFO - Started process (PID=8560) to work on /home/airflow/.local/lib/python3.12/site-packages/airflow/example_dags/example_setup_teardown.py
[2024-04-25T13:55:18.133+0000] {processor.py:830} INFO - Processing file /home/airflow/.local/lib/python3.12/site-packages/airflow/example_dags/example_setup_teardown.py for tasks to queue
[2024-04-25T13:55:18.136+0000] {logging_mixin.py:188} INFO - [2024-04-25T13:55:18.136+0000] {dagbag.py:540} INFO - Filling up the DagBag from /home/airflow/.local/lib/python3.12/site-packages/airflow/example_dags/example_setup_teardown.py
[2024-04-25T13:55:18.143+0000] {processor.py:840} INFO - DAG(s) 'example_setup_teardown' retrieved from /home/airflow/.local/lib/python3.12/site-packages/airflow/example_dags/example_setup_teardown.py
[2024-04-25T13:55:18.166+0000] {logging_mixin.py:188} INFO - [2024-04-25T13:55:18.166+0000] {dag.py:3096} INFO - Sync 1 DAGs
[2024-04-25T13:55:18.190+0000] {logging_mixin.py:188} INFO - [2024-04-25T13:55:18.190+0000] {dag.py:3954} INFO - Setting next_dagrun for example_setup_teardown to 2024-04-24 00:00:00+00:00, run_after=2024-04-25 00:00:00+00:00
[2024-04-25T13:55:18.212+0000] {processor.py:183} INFO - Processing /home/airflow/.local/lib/python3.12/site-packages/airflow/example_dags/example_setup_teardown.py took 0.087 seconds
[2024-04-25T13:55:48.650+0000] {processor.py:161} INFO - Started process (PID=8822) to work on /home/airflow/.local/lib/python3.12/site-packages/airflow/example_dags/example_setup_teardown.py
[2024-04-25T13:55:48.651+0000] {processor.py:830} INFO - Processing file /home/airflow/.local/lib/python3.12/site-packages/airflow/example_dags/example_setup_teardown.py for tasks to queue
[2024-04-25T13:55:48.653+0000] {logging_mixin.py:188} INFO - [2024-04-25T13:55:48.653+0000] {dagbag.py:540} INFO - Filling up the DagBag from /home/airflow/.local/lib/python3.12/site-packages/airflow/example_dags/example_setup_teardown.py
[2024-04-25T13:55:48.660+0000] {processor.py:840} INFO - DAG(s) 'example_setup_teardown' retrieved from /home/airflow/.local/lib/python3.12/site-packages/airflow/example_dags/example_setup_teardown.py
[2024-04-25T13:55:48.681+0000] {logging_mixin.py:188} INFO - [2024-04-25T13:55:48.681+0000] {dag.py:3096} INFO - Sync 1 DAGs
[2024-04-25T13:55:48.704+0000] {logging_mixin.py:188} INFO - [2024-04-25T13:55:48.704+0000] {dag.py:3954} INFO - Setting next_dagrun for example_setup_teardown to 2024-04-24 00:00:00+00:00, run_after=2024-04-25 00:00:00+00:00
[2024-04-25T13:55:48.725+0000] {processor.py:183} INFO - Processing /home/airflow/.local/lib/python3.12/site-packages/airflow/example_dags/example_setup_teardown.py took 0.082 seconds
[2024-04-25T13:56:18.937+0000] {processor.py:161} INFO - Started process (PID=9084) to work on /home/airflow/.local/lib/python3.12/site-packages/airflow/example_dags/example_setup_teardown.py
[2024-04-25T13:56:18.938+0000] {processor.py:830} INFO - Processing file /home/airflow/.local/lib/python3.12/site-packages/airflow/example_dags/example_setup_teardown.py for tasks to queue
[2024-04-25T13:56:18.940+0000] {logging_mixin.py:188} INFO - [2024-04-25T13:56:18.940+0000] {dagbag.py:540} INFO - Filling up the DagBag from /home/airflow/.local/lib/python3.12/site-packages/airflow/example_dags/example_setup_teardown.py
[2024-04-25T13:56:18.947+0000] {processor.py:840} INFO - DAG(s) 'example_setup_teardown' retrieved from /home/airflow/.local/lib/python3.12/site-packages/airflow/example_dags/example_setup_teardown.py
[2024-04-25T13:56:18.973+0000] {logging_mixin.py:188} INFO - [2024-04-25T13:56:18.973+0000] {dag.py:3096} INFO - Sync 1 DAGs
[2024-04-25T13:56:18.996+0000] {logging_mixin.py:188} INFO - [2024-04-25T13:56:18.996+0000] {dag.py:3954} INFO - Setting next_dagrun for example_setup_teardown to 2024-04-24 00:00:00+00:00, run_after=2024-04-25 00:00:00+00:00
[2024-04-25T13:56:19.016+0000] {processor.py:183} INFO - Processing /home/airflow/.local/lib/python3.12/site-packages/airflow/example_dags/example_setup_teardown.py took 0.086 seconds
[2024-04-25T13:58:15.830+0000] {processor.py:161} INFO - Started process (PID=169) to work on /home/airflow/.local/lib/python3.12/site-packages/airflow/example_dags/example_setup_teardown.py
[2024-04-25T13:58:15.831+0000] {processor.py:830} INFO - Processing file /home/airflow/.local/lib/python3.12/site-packages/airflow/example_dags/example_setup_teardown.py for tasks to queue
[2024-04-25T13:58:15.835+0000] {logging_mixin.py:188} INFO - [2024-04-25T13:58:15.834+0000] {dagbag.py:540} INFO - Filling up the DagBag from /home/airflow/.local/lib/python3.12/site-packages/airflow/example_dags/example_setup_teardown.py
[2024-04-25T13:58:15.866+0000] {processor.py:840} INFO - DAG(s) 'example_setup_teardown' retrieved from /home/airflow/.local/lib/python3.12/site-packages/airflow/example_dags/example_setup_teardown.py
[2024-04-25T13:58:15.917+0000] {logging_mixin.py:188} INFO - [2024-04-25T13:58:15.917+0000] {dag.py:3096} INFO - Sync 1 DAGs
[2024-04-25T13:58:15.950+0000] {logging_mixin.py:188} INFO - [2024-04-25T13:58:15.950+0000] {dag.py:3954} INFO - Setting next_dagrun for example_setup_teardown to 2024-04-24 00:00:00+00:00, run_after=2024-04-25 00:00:00+00:00
[2024-04-25T13:58:15.975+0000] {processor.py:183} INFO - Processing /home/airflow/.local/lib/python3.12/site-packages/airflow/example_dags/example_setup_teardown.py took 0.155 seconds
[2024-04-25T13:58:46.051+0000] {processor.py:161} INFO - Started process (PID=431) to work on /home/airflow/.local/lib/python3.12/site-packages/airflow/example_dags/example_setup_teardown.py
[2024-04-25T13:58:46.053+0000] {processor.py:830} INFO - Processing file /home/airflow/.local/lib/python3.12/site-packages/airflow/example_dags/example_setup_teardown.py for tasks to queue
[2024-04-25T13:58:46.055+0000] {logging_mixin.py:188} INFO - [2024-04-25T13:58:46.055+0000] {dagbag.py:540} INFO - Filling up the DagBag from /home/airflow/.local/lib/python3.12/site-packages/airflow/example_dags/example_setup_teardown.py
[2024-04-25T13:58:46.064+0000] {processor.py:840} INFO - DAG(s) 'example_setup_teardown' retrieved from /home/airflow/.local/lib/python3.12/site-packages/airflow/example_dags/example_setup_teardown.py
[2024-04-25T13:58:46.294+0000] {logging_mixin.py:188} INFO - [2024-04-25T13:58:46.294+0000] {dag.py:3096} INFO - Sync 1 DAGs
[2024-04-25T13:58:46.316+0000] {logging_mixin.py:188} INFO - [2024-04-25T13:58:46.316+0000] {dag.py:3954} INFO - Setting next_dagrun for example_setup_teardown to 2024-04-24 00:00:00+00:00, run_after=2024-04-25 00:00:00+00:00
[2024-04-25T13:58:46.337+0000] {processor.py:183} INFO - Processing /home/airflow/.local/lib/python3.12/site-packages/airflow/example_dags/example_setup_teardown.py took 0.294 seconds
