[2024-04-25T13:39:09.166+0000] {processor.py:161} INFO - Started process (PID=353) to work on /home/airflow/.local/lib/python3.12/site-packages/airflow/example_dags/example_xcom.py
[2024-04-25T13:39:09.168+0000] {processor.py:830} INFO - Processing file /home/airflow/.local/lib/python3.12/site-packages/airflow/example_dags/example_xcom.py for tasks to queue
[2024-04-25T13:39:09.171+0000] {logging_mixin.py:188} INFO - [2024-04-25T13:39:09.171+0000] {dagbag.py:540} INFO - Filling up the DagBag from /home/airflow/.local/lib/python3.12/site-packages/airflow/example_dags/example_xcom.py
[2024-04-25T13:39:09.184+0000] {processor.py:840} INFO - DAG(s) 'example_xcom' retrieved from /home/airflow/.local/lib/python3.12/site-packages/airflow/example_dags/example_xcom.py
[2024-04-25T13:39:09.354+0000] {logging_mixin.py:188} INFO - [2024-04-25T13:39:09.353+0000] {dag.py:3096} INFO - Sync 1 DAGs
[2024-04-25T13:39:09.383+0000] {logging_mixin.py:188} INFO - [2024-04-25T13:39:09.383+0000] {dag.py:3954} INFO - Setting next_dagrun for example_xcom to 2021-01-01 00:00:00+00:00, run_after=2021-01-01 00:00:00+00:00
[2024-04-25T13:39:09.413+0000] {processor.py:183} INFO - Processing /home/airflow/.local/lib/python3.12/site-packages/airflow/example_dags/example_xcom.py took 0.255 seconds
[2024-04-25T13:39:39.617+0000] {processor.py:161} INFO - Started process (PID=617) to work on /home/airflow/.local/lib/python3.12/site-packages/airflow/example_dags/example_xcom.py
[2024-04-25T13:39:39.618+0000] {processor.py:830} INFO - Processing file /home/airflow/.local/lib/python3.12/site-packages/airflow/example_dags/example_xcom.py for tasks to queue
[2024-04-25T13:39:39.620+0000] {logging_mixin.py:188} INFO - [2024-04-25T13:39:39.620+0000] {dagbag.py:540} INFO - Filling up the DagBag from /home/airflow/.local/lib/python3.12/site-packages/airflow/example_dags/example_xcom.py
[2024-04-25T13:39:39.628+0000] {processor.py:840} INFO - DAG(s) 'example_xcom' retrieved from /home/airflow/.local/lib/python3.12/site-packages/airflow/example_dags/example_xcom.py
[2024-04-25T13:39:39.651+0000] {logging_mixin.py:188} INFO - [2024-04-25T13:39:39.651+0000] {dag.py:3096} INFO - Sync 1 DAGs
[2024-04-25T13:39:39.674+0000] {logging_mixin.py:188} INFO - [2024-04-25T13:39:39.674+0000] {dag.py:3954} INFO - Setting next_dagrun for example_xcom to 2021-01-01 00:00:00+00:00, run_after=2021-01-01 00:00:00+00:00
[2024-04-25T13:39:39.696+0000] {processor.py:183} INFO - Processing /home/airflow/.local/lib/python3.12/site-packages/airflow/example_dags/example_xcom.py took 0.085 seconds
[2024-04-25T13:40:10.567+0000] {processor.py:161} INFO - Started process (PID=877) to work on /home/airflow/.local/lib/python3.12/site-packages/airflow/example_dags/example_xcom.py
[2024-04-25T13:40:10.568+0000] {processor.py:830} INFO - Processing file /home/airflow/.local/lib/python3.12/site-packages/airflow/example_dags/example_xcom.py for tasks to queue
[2024-04-25T13:40:10.570+0000] {logging_mixin.py:188} INFO - [2024-04-25T13:40:10.570+0000] {dagbag.py:540} INFO - Filling up the DagBag from /home/airflow/.local/lib/python3.12/site-packages/airflow/example_dags/example_xcom.py
[2024-04-25T13:40:10.578+0000] {processor.py:840} INFO - DAG(s) 'example_xcom' retrieved from /home/airflow/.local/lib/python3.12/site-packages/airflow/example_dags/example_xcom.py
[2024-04-25T13:40:10.601+0000] {logging_mixin.py:188} INFO - [2024-04-25T13:40:10.601+0000] {dag.py:3096} INFO - Sync 1 DAGs
[2024-04-25T13:40:10.623+0000] {logging_mixin.py:188} INFO - [2024-04-25T13:40:10.623+0000] {dag.py:3954} INFO - Setting next_dagrun for example_xcom to 2021-01-01 00:00:00+00:00, run_after=2021-01-01 00:00:00+00:00
[2024-04-25T13:40:10.643+0000] {processor.py:183} INFO - Processing /home/airflow/.local/lib/python3.12/site-packages/airflow/example_dags/example_xcom.py took 0.082 seconds
[2024-04-25T13:40:40.758+0000] {processor.py:161} INFO - Started process (PID=1139) to work on /home/airflow/.local/lib/python3.12/site-packages/airflow/example_dags/example_xcom.py
[2024-04-25T13:40:40.759+0000] {processor.py:830} INFO - Processing file /home/airflow/.local/lib/python3.12/site-packages/airflow/example_dags/example_xcom.py for tasks to queue
[2024-04-25T13:40:40.761+0000] {logging_mixin.py:188} INFO - [2024-04-25T13:40:40.761+0000] {dagbag.py:540} INFO - Filling up the DagBag from /home/airflow/.local/lib/python3.12/site-packages/airflow/example_dags/example_xcom.py
[2024-04-25T13:40:40.769+0000] {processor.py:840} INFO - DAG(s) 'example_xcom' retrieved from /home/airflow/.local/lib/python3.12/site-packages/airflow/example_dags/example_xcom.py
[2024-04-25T13:40:40.794+0000] {logging_mixin.py:188} INFO - [2024-04-25T13:40:40.794+0000] {dag.py:3096} INFO - Sync 1 DAGs
[2024-04-25T13:40:40.819+0000] {logging_mixin.py:188} INFO - [2024-04-25T13:40:40.819+0000] {dag.py:3954} INFO - Setting next_dagrun for example_xcom to 2021-01-01 00:00:00+00:00, run_after=2021-01-01 00:00:00+00:00
[2024-04-25T13:40:40.840+0000] {processor.py:183} INFO - Processing /home/airflow/.local/lib/python3.12/site-packages/airflow/example_dags/example_xcom.py took 0.088 seconds
[2024-04-25T13:41:11.453+0000] {processor.py:161} INFO - Started process (PID=1401) to work on /home/airflow/.local/lib/python3.12/site-packages/airflow/example_dags/example_xcom.py
[2024-04-25T13:41:11.454+0000] {processor.py:830} INFO - Processing file /home/airflow/.local/lib/python3.12/site-packages/airflow/example_dags/example_xcom.py for tasks to queue
[2024-04-25T13:41:11.456+0000] {logging_mixin.py:188} INFO - [2024-04-25T13:41:11.456+0000] {dagbag.py:540} INFO - Filling up the DagBag from /home/airflow/.local/lib/python3.12/site-packages/airflow/example_dags/example_xcom.py
[2024-04-25T13:41:11.465+0000] {processor.py:840} INFO - DAG(s) 'example_xcom' retrieved from /home/airflow/.local/lib/python3.12/site-packages/airflow/example_dags/example_xcom.py
[2024-04-25T13:41:11.489+0000] {logging_mixin.py:188} INFO - [2024-04-25T13:41:11.489+0000] {dag.py:3096} INFO - Sync 1 DAGs
[2024-04-25T13:41:11.515+0000] {logging_mixin.py:188} INFO - [2024-04-25T13:41:11.515+0000] {dag.py:3954} INFO - Setting next_dagrun for example_xcom to 2021-01-01 00:00:00+00:00, run_after=2021-01-01 00:00:00+00:00
[2024-04-25T13:41:11.536+0000] {processor.py:183} INFO - Processing /home/airflow/.local/lib/python3.12/site-packages/airflow/example_dags/example_xcom.py took 0.089 seconds
[2024-04-25T13:41:42.221+0000] {processor.py:161} INFO - Started process (PID=1663) to work on /home/airflow/.local/lib/python3.12/site-packages/airflow/example_dags/example_xcom.py
[2024-04-25T13:41:42.222+0000] {processor.py:830} INFO - Processing file /home/airflow/.local/lib/python3.12/site-packages/airflow/example_dags/example_xcom.py for tasks to queue
[2024-04-25T13:41:42.224+0000] {logging_mixin.py:188} INFO - [2024-04-25T13:41:42.224+0000] {dagbag.py:540} INFO - Filling up the DagBag from /home/airflow/.local/lib/python3.12/site-packages/airflow/example_dags/example_xcom.py
[2024-04-25T13:41:42.233+0000] {processor.py:840} INFO - DAG(s) 'example_xcom' retrieved from /home/airflow/.local/lib/python3.12/site-packages/airflow/example_dags/example_xcom.py
[2024-04-25T13:41:42.258+0000] {logging_mixin.py:188} INFO - [2024-04-25T13:41:42.257+0000] {dag.py:3096} INFO - Sync 1 DAGs
[2024-04-25T13:41:42.283+0000] {logging_mixin.py:188} INFO - [2024-04-25T13:41:42.283+0000] {dag.py:3954} INFO - Setting next_dagrun for example_xcom to 2021-01-01 00:00:00+00:00, run_after=2021-01-01 00:00:00+00:00
[2024-04-25T13:41:42.305+0000] {processor.py:183} INFO - Processing /home/airflow/.local/lib/python3.12/site-packages/airflow/example_dags/example_xcom.py took 0.093 seconds
[2024-04-25T13:42:12.427+0000] {processor.py:161} INFO - Started process (PID=1925) to work on /home/airflow/.local/lib/python3.12/site-packages/airflow/example_dags/example_xcom.py
[2024-04-25T13:42:12.428+0000] {processor.py:830} INFO - Processing file /home/airflow/.local/lib/python3.12/site-packages/airflow/example_dags/example_xcom.py for tasks to queue
[2024-04-25T13:42:12.430+0000] {logging_mixin.py:188} INFO - [2024-04-25T13:42:12.430+0000] {dagbag.py:540} INFO - Filling up the DagBag from /home/airflow/.local/lib/python3.12/site-packages/airflow/example_dags/example_xcom.py
[2024-04-25T13:42:12.438+0000] {processor.py:840} INFO - DAG(s) 'example_xcom' retrieved from /home/airflow/.local/lib/python3.12/site-packages/airflow/example_dags/example_xcom.py
[2024-04-25T13:42:12.460+0000] {logging_mixin.py:188} INFO - [2024-04-25T13:42:12.460+0000] {dag.py:3096} INFO - Sync 1 DAGs
[2024-04-25T13:42:12.485+0000] {logging_mixin.py:188} INFO - [2024-04-25T13:42:12.485+0000] {dag.py:3954} INFO - Setting next_dagrun for example_xcom to 2021-01-01 00:00:00+00:00, run_after=2021-01-01 00:00:00+00:00
[2024-04-25T13:42:12.506+0000] {processor.py:183} INFO - Processing /home/airflow/.local/lib/python3.12/site-packages/airflow/example_dags/example_xcom.py took 0.086 seconds
[2024-04-25T13:42:42.827+0000] {processor.py:161} INFO - Started process (PID=2187) to work on /home/airflow/.local/lib/python3.12/site-packages/airflow/example_dags/example_xcom.py
[2024-04-25T13:42:42.829+0000] {processor.py:830} INFO - Processing file /home/airflow/.local/lib/python3.12/site-packages/airflow/example_dags/example_xcom.py for tasks to queue
[2024-04-25T13:42:42.832+0000] {logging_mixin.py:188} INFO - [2024-04-25T13:42:42.832+0000] {dagbag.py:540} INFO - Filling up the DagBag from /home/airflow/.local/lib/python3.12/site-packages/airflow/example_dags/example_xcom.py
[2024-04-25T13:42:42.844+0000] {processor.py:840} INFO - DAG(s) 'example_xcom' retrieved from /home/airflow/.local/lib/python3.12/site-packages/airflow/example_dags/example_xcom.py
[2024-04-25T13:42:42.866+0000] {logging_mixin.py:188} INFO - [2024-04-25T13:42:42.866+0000] {dag.py:3096} INFO - Sync 1 DAGs
[2024-04-25T13:42:42.891+0000] {logging_mixin.py:188} INFO - [2024-04-25T13:42:42.891+0000] {dag.py:3954} INFO - Setting next_dagrun for example_xcom to 2021-01-01 00:00:00+00:00, run_after=2021-01-01 00:00:00+00:00
[2024-04-25T13:42:42.910+0000] {processor.py:183} INFO - Processing /home/airflow/.local/lib/python3.12/site-packages/airflow/example_dags/example_xcom.py took 0.091 seconds
[2024-04-25T13:43:13.421+0000] {processor.py:161} INFO - Started process (PID=2451) to work on /home/airflow/.local/lib/python3.12/site-packages/airflow/example_dags/example_xcom.py
[2024-04-25T13:43:13.422+0000] {processor.py:830} INFO - Processing file /home/airflow/.local/lib/python3.12/site-packages/airflow/example_dags/example_xcom.py for tasks to queue
[2024-04-25T13:43:13.424+0000] {logging_mixin.py:188} INFO - [2024-04-25T13:43:13.423+0000] {dagbag.py:540} INFO - Filling up the DagBag from /home/airflow/.local/lib/python3.12/site-packages/airflow/example_dags/example_xcom.py
[2024-04-25T13:43:13.432+0000] {processor.py:840} INFO - DAG(s) 'example_xcom' retrieved from /home/airflow/.local/lib/python3.12/site-packages/airflow/example_dags/example_xcom.py
[2024-04-25T13:43:13.456+0000] {logging_mixin.py:188} INFO - [2024-04-25T13:43:13.455+0000] {dag.py:3096} INFO - Sync 1 DAGs
[2024-04-25T13:43:13.479+0000] {logging_mixin.py:188} INFO - [2024-04-25T13:43:13.478+0000] {dag.py:3954} INFO - Setting next_dagrun for example_xcom to 2021-01-01 00:00:00+00:00, run_after=2021-01-01 00:00:00+00:00
[2024-04-25T13:43:13.502+0000] {processor.py:183} INFO - Processing /home/airflow/.local/lib/python3.12/site-packages/airflow/example_dags/example_xcom.py took 0.089 seconds
[2024-04-25T13:43:43.745+0000] {processor.py:161} INFO - Started process (PID=2711) to work on /home/airflow/.local/lib/python3.12/site-packages/airflow/example_dags/example_xcom.py
[2024-04-25T13:43:43.746+0000] {processor.py:830} INFO - Processing file /home/airflow/.local/lib/python3.12/site-packages/airflow/example_dags/example_xcom.py for tasks to queue
[2024-04-25T13:43:43.748+0000] {logging_mixin.py:188} INFO - [2024-04-25T13:43:43.748+0000] {dagbag.py:540} INFO - Filling up the DagBag from /home/airflow/.local/lib/python3.12/site-packages/airflow/example_dags/example_xcom.py
[2024-04-25T13:43:43.756+0000] {processor.py:840} INFO - DAG(s) 'example_xcom' retrieved from /home/airflow/.local/lib/python3.12/site-packages/airflow/example_dags/example_xcom.py
[2024-04-25T13:43:43.779+0000] {logging_mixin.py:188} INFO - [2024-04-25T13:43:43.779+0000] {dag.py:3096} INFO - Sync 1 DAGs
[2024-04-25T13:43:43.801+0000] {logging_mixin.py:188} INFO - [2024-04-25T13:43:43.800+0000] {dag.py:3954} INFO - Setting next_dagrun for example_xcom to 2021-01-01 00:00:00+00:00, run_after=2021-01-01 00:00:00+00:00
[2024-04-25T13:43:43.822+0000] {processor.py:183} INFO - Processing /home/airflow/.local/lib/python3.12/site-packages/airflow/example_dags/example_xcom.py took 0.082 seconds
[2024-04-25T13:44:14.115+0000] {processor.py:161} INFO - Started process (PID=2973) to work on /home/airflow/.local/lib/python3.12/site-packages/airflow/example_dags/example_xcom.py
[2024-04-25T13:44:14.116+0000] {processor.py:830} INFO - Processing file /home/airflow/.local/lib/python3.12/site-packages/airflow/example_dags/example_xcom.py for tasks to queue
[2024-04-25T13:44:14.118+0000] {logging_mixin.py:188} INFO - [2024-04-25T13:44:14.118+0000] {dagbag.py:540} INFO - Filling up the DagBag from /home/airflow/.local/lib/python3.12/site-packages/airflow/example_dags/example_xcom.py
[2024-04-25T13:44:14.126+0000] {processor.py:840} INFO - DAG(s) 'example_xcom' retrieved from /home/airflow/.local/lib/python3.12/site-packages/airflow/example_dags/example_xcom.py
[2024-04-25T13:44:14.149+0000] {logging_mixin.py:188} INFO - [2024-04-25T13:44:14.149+0000] {dag.py:3096} INFO - Sync 1 DAGs
[2024-04-25T13:44:14.171+0000] {logging_mixin.py:188} INFO - [2024-04-25T13:44:14.171+0000] {dag.py:3954} INFO - Setting next_dagrun for example_xcom to 2021-01-01 00:00:00+00:00, run_after=2021-01-01 00:00:00+00:00
[2024-04-25T13:44:14.191+0000] {processor.py:183} INFO - Processing /home/airflow/.local/lib/python3.12/site-packages/airflow/example_dags/example_xcom.py took 0.082 seconds
[2024-04-25T13:44:44.604+0000] {processor.py:161} INFO - Started process (PID=3235) to work on /home/airflow/.local/lib/python3.12/site-packages/airflow/example_dags/example_xcom.py
[2024-04-25T13:44:44.605+0000] {processor.py:830} INFO - Processing file /home/airflow/.local/lib/python3.12/site-packages/airflow/example_dags/example_xcom.py for tasks to queue
[2024-04-25T13:44:44.608+0000] {logging_mixin.py:188} INFO - [2024-04-25T13:44:44.607+0000] {dagbag.py:540} INFO - Filling up the DagBag from /home/airflow/.local/lib/python3.12/site-packages/airflow/example_dags/example_xcom.py
[2024-04-25T13:44:44.616+0000] {processor.py:840} INFO - DAG(s) 'example_xcom' retrieved from /home/airflow/.local/lib/python3.12/site-packages/airflow/example_dags/example_xcom.py
[2024-04-25T13:44:44.639+0000] {logging_mixin.py:188} INFO - [2024-04-25T13:44:44.639+0000] {dag.py:3096} INFO - Sync 1 DAGs
[2024-04-25T13:44:44.669+0000] {logging_mixin.py:188} INFO - [2024-04-25T13:44:44.669+0000] {dag.py:3954} INFO - Setting next_dagrun for example_xcom to 2021-01-01 00:00:00+00:00, run_after=2021-01-01 00:00:00+00:00
[2024-04-25T13:44:44.694+0000] {processor.py:183} INFO - Processing /home/airflow/.local/lib/python3.12/site-packages/airflow/example_dags/example_xcom.py took 0.097 seconds
[2024-04-25T13:45:15.292+0000] {processor.py:161} INFO - Started process (PID=3497) to work on /home/airflow/.local/lib/python3.12/site-packages/airflow/example_dags/example_xcom.py
[2024-04-25T13:45:15.294+0000] {processor.py:830} INFO - Processing file /home/airflow/.local/lib/python3.12/site-packages/airflow/example_dags/example_xcom.py for tasks to queue
[2024-04-25T13:45:15.296+0000] {logging_mixin.py:188} INFO - [2024-04-25T13:45:15.295+0000] {dagbag.py:540} INFO - Filling up the DagBag from /home/airflow/.local/lib/python3.12/site-packages/airflow/example_dags/example_xcom.py
[2024-04-25T13:45:15.303+0000] {processor.py:840} INFO - DAG(s) 'example_xcom' retrieved from /home/airflow/.local/lib/python3.12/site-packages/airflow/example_dags/example_xcom.py
[2024-04-25T13:45:15.328+0000] {logging_mixin.py:188} INFO - [2024-04-25T13:45:15.327+0000] {dag.py:3096} INFO - Sync 1 DAGs
[2024-04-25T13:45:15.350+0000] {logging_mixin.py:188} INFO - [2024-04-25T13:45:15.350+0000] {dag.py:3954} INFO - Setting next_dagrun for example_xcom to 2021-01-01 00:00:00+00:00, run_after=2021-01-01 00:00:00+00:00
[2024-04-25T13:45:15.370+0000] {processor.py:183} INFO - Processing /home/airflow/.local/lib/python3.12/site-packages/airflow/example_dags/example_xcom.py took 0.084 seconds
[2024-04-25T13:45:45.609+0000] {processor.py:161} INFO - Started process (PID=3759) to work on /home/airflow/.local/lib/python3.12/site-packages/airflow/example_dags/example_xcom.py
[2024-04-25T13:45:45.610+0000] {processor.py:830} INFO - Processing file /home/airflow/.local/lib/python3.12/site-packages/airflow/example_dags/example_xcom.py for tasks to queue
[2024-04-25T13:45:45.613+0000] {logging_mixin.py:188} INFO - [2024-04-25T13:45:45.613+0000] {dagbag.py:540} INFO - Filling up the DagBag from /home/airflow/.local/lib/python3.12/site-packages/airflow/example_dags/example_xcom.py
[2024-04-25T13:45:45.622+0000] {processor.py:840} INFO - DAG(s) 'example_xcom' retrieved from /home/airflow/.local/lib/python3.12/site-packages/airflow/example_dags/example_xcom.py
[2024-04-25T13:45:45.650+0000] {logging_mixin.py:188} INFO - [2024-04-25T13:45:45.650+0000] {dag.py:3096} INFO - Sync 1 DAGs
[2024-04-25T13:45:45.675+0000] {logging_mixin.py:188} INFO - [2024-04-25T13:45:45.675+0000] {dag.py:3954} INFO - Setting next_dagrun for example_xcom to 2021-01-01 00:00:00+00:00, run_after=2021-01-01 00:00:00+00:00
[2024-04-25T13:45:45.700+0000] {processor.py:183} INFO - Processing /home/airflow/.local/lib/python3.12/site-packages/airflow/example_dags/example_xcom.py took 0.098 seconds
[2024-04-25T13:46:16.432+0000] {processor.py:161} INFO - Started process (PID=4021) to work on /home/airflow/.local/lib/python3.12/site-packages/airflow/example_dags/example_xcom.py
[2024-04-25T13:46:16.433+0000] {processor.py:830} INFO - Processing file /home/airflow/.local/lib/python3.12/site-packages/airflow/example_dags/example_xcom.py for tasks to queue
[2024-04-25T13:46:16.435+0000] {logging_mixin.py:188} INFO - [2024-04-25T13:46:16.435+0000] {dagbag.py:540} INFO - Filling up the DagBag from /home/airflow/.local/lib/python3.12/site-packages/airflow/example_dags/example_xcom.py
[2024-04-25T13:46:16.443+0000] {processor.py:840} INFO - DAG(s) 'example_xcom' retrieved from /home/airflow/.local/lib/python3.12/site-packages/airflow/example_dags/example_xcom.py
[2024-04-25T13:46:16.465+0000] {logging_mixin.py:188} INFO - [2024-04-25T13:46:16.465+0000] {dag.py:3096} INFO - Sync 1 DAGs
[2024-04-25T13:46:16.488+0000] {logging_mixin.py:188} INFO - [2024-04-25T13:46:16.488+0000] {dag.py:3954} INFO - Setting next_dagrun for example_xcom to 2021-01-01 00:00:00+00:00, run_after=2021-01-01 00:00:00+00:00
[2024-04-25T13:46:16.509+0000] {processor.py:183} INFO - Processing /home/airflow/.local/lib/python3.12/site-packages/airflow/example_dags/example_xcom.py took 0.084 seconds
[2024-04-25T13:46:46.861+0000] {processor.py:161} INFO - Started process (PID=4283) to work on /home/airflow/.local/lib/python3.12/site-packages/airflow/example_dags/example_xcom.py
[2024-04-25T13:46:46.862+0000] {processor.py:830} INFO - Processing file /home/airflow/.local/lib/python3.12/site-packages/airflow/example_dags/example_xcom.py for tasks to queue
[2024-04-25T13:46:46.864+0000] {logging_mixin.py:188} INFO - [2024-04-25T13:46:46.864+0000] {dagbag.py:540} INFO - Filling up the DagBag from /home/airflow/.local/lib/python3.12/site-packages/airflow/example_dags/example_xcom.py
[2024-04-25T13:46:46.873+0000] {processor.py:840} INFO - DAG(s) 'example_xcom' retrieved from /home/airflow/.local/lib/python3.12/site-packages/airflow/example_dags/example_xcom.py
[2024-04-25T13:46:46.897+0000] {logging_mixin.py:188} INFO - [2024-04-25T13:46:46.896+0000] {dag.py:3096} INFO - Sync 1 DAGs
[2024-04-25T13:46:46.921+0000] {logging_mixin.py:188} INFO - [2024-04-25T13:46:46.921+0000] {dag.py:3954} INFO - Setting next_dagrun for example_xcom to 2021-01-01 00:00:00+00:00, run_after=2021-01-01 00:00:00+00:00
[2024-04-25T13:46:46.942+0000] {processor.py:183} INFO - Processing /home/airflow/.local/lib/python3.12/site-packages/airflow/example_dags/example_xcom.py took 0.086 seconds
[2024-04-25T13:47:17.351+0000] {processor.py:161} INFO - Started process (PID=4545) to work on /home/airflow/.local/lib/python3.12/site-packages/airflow/example_dags/example_xcom.py
[2024-04-25T13:47:17.352+0000] {processor.py:830} INFO - Processing file /home/airflow/.local/lib/python3.12/site-packages/airflow/example_dags/example_xcom.py for tasks to queue
[2024-04-25T13:47:17.354+0000] {logging_mixin.py:188} INFO - [2024-04-25T13:47:17.354+0000] {dagbag.py:540} INFO - Filling up the DagBag from /home/airflow/.local/lib/python3.12/site-packages/airflow/example_dags/example_xcom.py
[2024-04-25T13:47:17.363+0000] {processor.py:840} INFO - DAG(s) 'example_xcom' retrieved from /home/airflow/.local/lib/python3.12/site-packages/airflow/example_dags/example_xcom.py
[2024-04-25T13:47:17.385+0000] {logging_mixin.py:188} INFO - [2024-04-25T13:47:17.385+0000] {dag.py:3096} INFO - Sync 1 DAGs
[2024-04-25T13:47:17.407+0000] {logging_mixin.py:188} INFO - [2024-04-25T13:47:17.406+0000] {dag.py:3954} INFO - Setting next_dagrun for example_xcom to 2021-01-01 00:00:00+00:00, run_after=2021-01-01 00:00:00+00:00
[2024-04-25T13:47:17.426+0000] {processor.py:183} INFO - Processing /home/airflow/.local/lib/python3.12/site-packages/airflow/example_dags/example_xcom.py took 0.081 seconds
[2024-04-25T13:47:47.655+0000] {processor.py:161} INFO - Started process (PID=4807) to work on /home/airflow/.local/lib/python3.12/site-packages/airflow/example_dags/example_xcom.py
[2024-04-25T13:47:47.656+0000] {processor.py:830} INFO - Processing file /home/airflow/.local/lib/python3.12/site-packages/airflow/example_dags/example_xcom.py for tasks to queue
[2024-04-25T13:47:47.658+0000] {logging_mixin.py:188} INFO - [2024-04-25T13:47:47.658+0000] {dagbag.py:540} INFO - Filling up the DagBag from /home/airflow/.local/lib/python3.12/site-packages/airflow/example_dags/example_xcom.py
[2024-04-25T13:47:47.666+0000] {processor.py:840} INFO - DAG(s) 'example_xcom' retrieved from /home/airflow/.local/lib/python3.12/site-packages/airflow/example_dags/example_xcom.py
[2024-04-25T13:47:47.688+0000] {logging_mixin.py:188} INFO - [2024-04-25T13:47:47.688+0000] {dag.py:3096} INFO - Sync 1 DAGs
[2024-04-25T13:47:47.729+0000] {logging_mixin.py:188} INFO - [2024-04-25T13:47:47.729+0000] {dag.py:3954} INFO - Setting next_dagrun for example_xcom to 2021-01-01 00:00:00+00:00, run_after=2021-01-01 00:00:00+00:00
[2024-04-25T13:47:47.749+0000] {processor.py:183} INFO - Processing /home/airflow/.local/lib/python3.12/site-packages/airflow/example_dags/example_xcom.py took 0.100 seconds
[2024-04-25T13:48:18.132+0000] {processor.py:161} INFO - Started process (PID=5069) to work on /home/airflow/.local/lib/python3.12/site-packages/airflow/example_dags/example_xcom.py
[2024-04-25T13:48:18.133+0000] {processor.py:830} INFO - Processing file /home/airflow/.local/lib/python3.12/site-packages/airflow/example_dags/example_xcom.py for tasks to queue
[2024-04-25T13:48:18.135+0000] {logging_mixin.py:188} INFO - [2024-04-25T13:48:18.135+0000] {dagbag.py:540} INFO - Filling up the DagBag from /home/airflow/.local/lib/python3.12/site-packages/airflow/example_dags/example_xcom.py
[2024-04-25T13:48:18.143+0000] {processor.py:840} INFO - DAG(s) 'example_xcom' retrieved from /home/airflow/.local/lib/python3.12/site-packages/airflow/example_dags/example_xcom.py
[2024-04-25T13:48:18.166+0000] {logging_mixin.py:188} INFO - [2024-04-25T13:48:18.166+0000] {dag.py:3096} INFO - Sync 1 DAGs
[2024-04-25T13:48:18.189+0000] {logging_mixin.py:188} INFO - [2024-04-25T13:48:18.189+0000] {dag.py:3954} INFO - Setting next_dagrun for example_xcom to 2021-01-01 00:00:00+00:00, run_after=2021-01-01 00:00:00+00:00
[2024-04-25T13:48:18.208+0000] {processor.py:183} INFO - Processing /home/airflow/.local/lib/python3.12/site-packages/airflow/example_dags/example_xcom.py took 0.082 seconds
[2024-04-25T13:48:48.751+0000] {processor.py:161} INFO - Started process (PID=5331) to work on /home/airflow/.local/lib/python3.12/site-packages/airflow/example_dags/example_xcom.py
[2024-04-25T13:48:48.752+0000] {processor.py:830} INFO - Processing file /home/airflow/.local/lib/python3.12/site-packages/airflow/example_dags/example_xcom.py for tasks to queue
[2024-04-25T13:48:48.754+0000] {logging_mixin.py:188} INFO - [2024-04-25T13:48:48.754+0000] {dagbag.py:540} INFO - Filling up the DagBag from /home/airflow/.local/lib/python3.12/site-packages/airflow/example_dags/example_xcom.py
[2024-04-25T13:48:48.764+0000] {processor.py:840} INFO - DAG(s) 'example_xcom' retrieved from /home/airflow/.local/lib/python3.12/site-packages/airflow/example_dags/example_xcom.py
[2024-04-25T13:48:48.786+0000] {logging_mixin.py:188} INFO - [2024-04-25T13:48:48.785+0000] {dag.py:3096} INFO - Sync 1 DAGs
[2024-04-25T13:48:48.811+0000] {logging_mixin.py:188} INFO - [2024-04-25T13:48:48.811+0000] {dag.py:3954} INFO - Setting next_dagrun for example_xcom to 2021-01-01 00:00:00+00:00, run_after=2021-01-01 00:00:00+00:00
[2024-04-25T13:48:48.832+0000] {processor.py:183} INFO - Processing /home/airflow/.local/lib/python3.12/site-packages/airflow/example_dags/example_xcom.py took 0.086 seconds
[2024-04-25T13:49:18.956+0000] {processor.py:161} INFO - Started process (PID=5593) to work on /home/airflow/.local/lib/python3.12/site-packages/airflow/example_dags/example_xcom.py
[2024-04-25T13:49:18.958+0000] {processor.py:830} INFO - Processing file /home/airflow/.local/lib/python3.12/site-packages/airflow/example_dags/example_xcom.py for tasks to queue
[2024-04-25T13:49:18.960+0000] {logging_mixin.py:188} INFO - [2024-04-25T13:49:18.959+0000] {dagbag.py:540} INFO - Filling up the DagBag from /home/airflow/.local/lib/python3.12/site-packages/airflow/example_dags/example_xcom.py
[2024-04-25T13:49:18.967+0000] {processor.py:840} INFO - DAG(s) 'example_xcom' retrieved from /home/airflow/.local/lib/python3.12/site-packages/airflow/example_dags/example_xcom.py
[2024-04-25T13:49:18.989+0000] {logging_mixin.py:188} INFO - [2024-04-25T13:49:18.989+0000] {dag.py:3096} INFO - Sync 1 DAGs
[2024-04-25T13:49:19.012+0000] {logging_mixin.py:188} INFO - [2024-04-25T13:49:19.012+0000] {dag.py:3954} INFO - Setting next_dagrun for example_xcom to 2021-01-01 00:00:00+00:00, run_after=2021-01-01 00:00:00+00:00
[2024-04-25T13:49:19.032+0000] {processor.py:183} INFO - Processing /home/airflow/.local/lib/python3.12/site-packages/airflow/example_dags/example_xcom.py took 0.082 seconds
[2024-04-25T13:49:49.511+0000] {processor.py:161} INFO - Started process (PID=5855) to work on /home/airflow/.local/lib/python3.12/site-packages/airflow/example_dags/example_xcom.py
[2024-04-25T13:49:49.513+0000] {processor.py:830} INFO - Processing file /home/airflow/.local/lib/python3.12/site-packages/airflow/example_dags/example_xcom.py for tasks to queue
[2024-04-25T13:49:49.515+0000] {logging_mixin.py:188} INFO - [2024-04-25T13:49:49.514+0000] {dagbag.py:540} INFO - Filling up the DagBag from /home/airflow/.local/lib/python3.12/site-packages/airflow/example_dags/example_xcom.py
[2024-04-25T13:49:49.522+0000] {processor.py:840} INFO - DAG(s) 'example_xcom' retrieved from /home/airflow/.local/lib/python3.12/site-packages/airflow/example_dags/example_xcom.py
[2024-04-25T13:49:49.546+0000] {logging_mixin.py:188} INFO - [2024-04-25T13:49:49.546+0000] {dag.py:3096} INFO - Sync 1 DAGs
[2024-04-25T13:49:49.567+0000] {logging_mixin.py:188} INFO - [2024-04-25T13:49:49.567+0000] {dag.py:3954} INFO - Setting next_dagrun for example_xcom to 2021-01-01 00:00:00+00:00, run_after=2021-01-01 00:00:00+00:00
[2024-04-25T13:49:49.588+0000] {processor.py:183} INFO - Processing /home/airflow/.local/lib/python3.12/site-packages/airflow/example_dags/example_xcom.py took 0.083 seconds
[2024-04-25T13:50:20.138+0000] {processor.py:161} INFO - Started process (PID=6117) to work on /home/airflow/.local/lib/python3.12/site-packages/airflow/example_dags/example_xcom.py
[2024-04-25T13:50:20.140+0000] {processor.py:830} INFO - Processing file /home/airflow/.local/lib/python3.12/site-packages/airflow/example_dags/example_xcom.py for tasks to queue
[2024-04-25T13:50:20.141+0000] {logging_mixin.py:188} INFO - [2024-04-25T13:50:20.141+0000] {dagbag.py:540} INFO - Filling up the DagBag from /home/airflow/.local/lib/python3.12/site-packages/airflow/example_dags/example_xcom.py
[2024-04-25T13:50:20.150+0000] {processor.py:840} INFO - DAG(s) 'example_xcom' retrieved from /home/airflow/.local/lib/python3.12/site-packages/airflow/example_dags/example_xcom.py
[2024-04-25T13:50:20.175+0000] {logging_mixin.py:188} INFO - [2024-04-25T13:50:20.175+0000] {dag.py:3096} INFO - Sync 1 DAGs
[2024-04-25T13:50:20.198+0000] {logging_mixin.py:188} INFO - [2024-04-25T13:50:20.198+0000] {dag.py:3954} INFO - Setting next_dagrun for example_xcom to 2021-01-01 00:00:00+00:00, run_after=2021-01-01 00:00:00+00:00
[2024-04-25T13:50:20.218+0000] {processor.py:183} INFO - Processing /home/airflow/.local/lib/python3.12/site-packages/airflow/example_dags/example_xcom.py took 0.086 seconds
[2024-04-25T13:50:50.921+0000] {processor.py:161} INFO - Started process (PID=6379) to work on /home/airflow/.local/lib/python3.12/site-packages/airflow/example_dags/example_xcom.py
[2024-04-25T13:50:50.922+0000] {processor.py:830} INFO - Processing file /home/airflow/.local/lib/python3.12/site-packages/airflow/example_dags/example_xcom.py for tasks to queue
[2024-04-25T13:50:50.924+0000] {logging_mixin.py:188} INFO - [2024-04-25T13:50:50.923+0000] {dagbag.py:540} INFO - Filling up the DagBag from /home/airflow/.local/lib/python3.12/site-packages/airflow/example_dags/example_xcom.py
[2024-04-25T13:50:50.932+0000] {processor.py:840} INFO - DAG(s) 'example_xcom' retrieved from /home/airflow/.local/lib/python3.12/site-packages/airflow/example_dags/example_xcom.py
[2024-04-25T13:50:50.953+0000] {logging_mixin.py:188} INFO - [2024-04-25T13:50:50.953+0000] {dag.py:3096} INFO - Sync 1 DAGs
[2024-04-25T13:50:50.976+0000] {logging_mixin.py:188} INFO - [2024-04-25T13:50:50.976+0000] {dag.py:3954} INFO - Setting next_dagrun for example_xcom to 2021-01-01 00:00:00+00:00, run_after=2021-01-01 00:00:00+00:00
[2024-04-25T13:50:51.125+0000] {processor.py:183} INFO - Processing /home/airflow/.local/lib/python3.12/site-packages/airflow/example_dags/example_xcom.py took 0.210 seconds
[2024-04-25T13:51:21.430+0000] {processor.py:161} INFO - Started process (PID=6641) to work on /home/airflow/.local/lib/python3.12/site-packages/airflow/example_dags/example_xcom.py
[2024-04-25T13:51:21.431+0000] {processor.py:830} INFO - Processing file /home/airflow/.local/lib/python3.12/site-packages/airflow/example_dags/example_xcom.py for tasks to queue
[2024-04-25T13:51:21.433+0000] {logging_mixin.py:188} INFO - [2024-04-25T13:51:21.433+0000] {dagbag.py:540} INFO - Filling up the DagBag from /home/airflow/.local/lib/python3.12/site-packages/airflow/example_dags/example_xcom.py
[2024-04-25T13:51:21.441+0000] {processor.py:840} INFO - DAG(s) 'example_xcom' retrieved from /home/airflow/.local/lib/python3.12/site-packages/airflow/example_dags/example_xcom.py
[2024-04-25T13:51:21.463+0000] {logging_mixin.py:188} INFO - [2024-04-25T13:51:21.462+0000] {dag.py:3096} INFO - Sync 1 DAGs
[2024-04-25T13:51:21.485+0000] {logging_mixin.py:188} INFO - [2024-04-25T13:51:21.485+0000] {dag.py:3954} INFO - Setting next_dagrun for example_xcom to 2021-01-01 00:00:00+00:00, run_after=2021-01-01 00:00:00+00:00
[2024-04-25T13:51:21.507+0000] {processor.py:183} INFO - Processing /home/airflow/.local/lib/python3.12/site-packages/airflow/example_dags/example_xcom.py took 0.083 seconds
[2024-04-25T13:51:51.860+0000] {processor.py:161} INFO - Started process (PID=6903) to work on /home/airflow/.local/lib/python3.12/site-packages/airflow/example_dags/example_xcom.py
[2024-04-25T13:51:51.861+0000] {processor.py:830} INFO - Processing file /home/airflow/.local/lib/python3.12/site-packages/airflow/example_dags/example_xcom.py for tasks to queue
[2024-04-25T13:51:51.864+0000] {logging_mixin.py:188} INFO - [2024-04-25T13:51:51.863+0000] {dagbag.py:540} INFO - Filling up the DagBag from /home/airflow/.local/lib/python3.12/site-packages/airflow/example_dags/example_xcom.py
[2024-04-25T13:51:51.872+0000] {processor.py:840} INFO - DAG(s) 'example_xcom' retrieved from /home/airflow/.local/lib/python3.12/site-packages/airflow/example_dags/example_xcom.py
[2024-04-25T13:51:51.895+0000] {logging_mixin.py:188} INFO - [2024-04-25T13:51:51.894+0000] {dag.py:3096} INFO - Sync 1 DAGs
[2024-04-25T13:51:51.918+0000] {logging_mixin.py:188} INFO - [2024-04-25T13:51:51.918+0000] {dag.py:3954} INFO - Setting next_dagrun for example_xcom to 2021-01-01 00:00:00+00:00, run_after=2021-01-01 00:00:00+00:00
[2024-04-25T13:51:51.938+0000] {processor.py:183} INFO - Processing /home/airflow/.local/lib/python3.12/site-packages/airflow/example_dags/example_xcom.py took 0.085 seconds
[2024-04-25T13:52:22.576+0000] {processor.py:161} INFO - Started process (PID=7165) to work on /home/airflow/.local/lib/python3.12/site-packages/airflow/example_dags/example_xcom.py
[2024-04-25T13:52:22.578+0000] {processor.py:830} INFO - Processing file /home/airflow/.local/lib/python3.12/site-packages/airflow/example_dags/example_xcom.py for tasks to queue
[2024-04-25T13:52:22.580+0000] {logging_mixin.py:188} INFO - [2024-04-25T13:52:22.580+0000] {dagbag.py:540} INFO - Filling up the DagBag from /home/airflow/.local/lib/python3.12/site-packages/airflow/example_dags/example_xcom.py
[2024-04-25T13:52:22.589+0000] {processor.py:840} INFO - DAG(s) 'example_xcom' retrieved from /home/airflow/.local/lib/python3.12/site-packages/airflow/example_dags/example_xcom.py
[2024-04-25T13:52:22.612+0000] {logging_mixin.py:188} INFO - [2024-04-25T13:52:22.611+0000] {dag.py:3096} INFO - Sync 1 DAGs
[2024-04-25T13:52:22.634+0000] {logging_mixin.py:188} INFO - [2024-04-25T13:52:22.633+0000] {dag.py:3954} INFO - Setting next_dagrun for example_xcom to 2021-01-01 00:00:00+00:00, run_after=2021-01-01 00:00:00+00:00
[2024-04-25T13:52:22.655+0000] {processor.py:183} INFO - Processing /home/airflow/.local/lib/python3.12/site-packages/airflow/example_dags/example_xcom.py took 0.085 seconds
[2024-04-25T13:52:53.026+0000] {processor.py:161} INFO - Started process (PID=7427) to work on /home/airflow/.local/lib/python3.12/site-packages/airflow/example_dags/example_xcom.py
[2024-04-25T13:52:53.027+0000] {processor.py:830} INFO - Processing file /home/airflow/.local/lib/python3.12/site-packages/airflow/example_dags/example_xcom.py for tasks to queue
[2024-04-25T13:52:53.029+0000] {logging_mixin.py:188} INFO - [2024-04-25T13:52:53.029+0000] {dagbag.py:540} INFO - Filling up the DagBag from /home/airflow/.local/lib/python3.12/site-packages/airflow/example_dags/example_xcom.py
[2024-04-25T13:52:53.038+0000] {processor.py:840} INFO - DAG(s) 'example_xcom' retrieved from /home/airflow/.local/lib/python3.12/site-packages/airflow/example_dags/example_xcom.py
[2024-04-25T13:52:53.066+0000] {logging_mixin.py:188} INFO - [2024-04-25T13:52:53.066+0000] {dag.py:3096} INFO - Sync 1 DAGs
[2024-04-25T13:52:53.091+0000] {logging_mixin.py:188} INFO - [2024-04-25T13:52:53.091+0000] {dag.py:3954} INFO - Setting next_dagrun for example_xcom to 2021-01-01 00:00:00+00:00, run_after=2021-01-01 00:00:00+00:00
[2024-04-25T13:52:53.112+0000] {processor.py:183} INFO - Processing /home/airflow/.local/lib/python3.12/site-packages/airflow/example_dags/example_xcom.py took 0.093 seconds
[2024-04-25T13:53:23.529+0000] {processor.py:161} INFO - Started process (PID=7689) to work on /home/airflow/.local/lib/python3.12/site-packages/airflow/example_dags/example_xcom.py
[2024-04-25T13:53:23.530+0000] {processor.py:830} INFO - Processing file /home/airflow/.local/lib/python3.12/site-packages/airflow/example_dags/example_xcom.py for tasks to queue
[2024-04-25T13:53:23.532+0000] {logging_mixin.py:188} INFO - [2024-04-25T13:53:23.532+0000] {dagbag.py:540} INFO - Filling up the DagBag from /home/airflow/.local/lib/python3.12/site-packages/airflow/example_dags/example_xcom.py
[2024-04-25T13:53:23.541+0000] {processor.py:840} INFO - DAG(s) 'example_xcom' retrieved from /home/airflow/.local/lib/python3.12/site-packages/airflow/example_dags/example_xcom.py
[2024-04-25T13:53:23.567+0000] {logging_mixin.py:188} INFO - [2024-04-25T13:53:23.567+0000] {dag.py:3096} INFO - Sync 1 DAGs
[2024-04-25T13:53:23.592+0000] {logging_mixin.py:188} INFO - [2024-04-25T13:53:23.592+0000] {dag.py:3954} INFO - Setting next_dagrun for example_xcom to 2021-01-01 00:00:00+00:00, run_after=2021-01-01 00:00:00+00:00
[2024-04-25T13:53:23.613+0000] {processor.py:183} INFO - Processing /home/airflow/.local/lib/python3.12/site-packages/airflow/example_dags/example_xcom.py took 0.091 seconds
[2024-04-25T13:53:53.973+0000] {processor.py:161} INFO - Started process (PID=7951) to work on /home/airflow/.local/lib/python3.12/site-packages/airflow/example_dags/example_xcom.py
[2024-04-25T13:53:53.975+0000] {processor.py:830} INFO - Processing file /home/airflow/.local/lib/python3.12/site-packages/airflow/example_dags/example_xcom.py for tasks to queue
[2024-04-25T13:53:53.977+0000] {logging_mixin.py:188} INFO - [2024-04-25T13:53:53.976+0000] {dagbag.py:540} INFO - Filling up the DagBag from /home/airflow/.local/lib/python3.12/site-packages/airflow/example_dags/example_xcom.py
[2024-04-25T13:53:53.985+0000] {processor.py:840} INFO - DAG(s) 'example_xcom' retrieved from /home/airflow/.local/lib/python3.12/site-packages/airflow/example_dags/example_xcom.py
[2024-04-25T13:53:54.010+0000] {logging_mixin.py:188} INFO - [2024-04-25T13:53:54.010+0000] {dag.py:3096} INFO - Sync 1 DAGs
[2024-04-25T13:53:54.041+0000] {logging_mixin.py:188} INFO - [2024-04-25T13:53:54.040+0000] {dag.py:3954} INFO - Setting next_dagrun for example_xcom to 2021-01-01 00:00:00+00:00, run_after=2021-01-01 00:00:00+00:00
[2024-04-25T13:53:54.063+0000] {processor.py:183} INFO - Processing /home/airflow/.local/lib/python3.12/site-packages/airflow/example_dags/example_xcom.py took 0.097 seconds
[2024-04-25T13:54:24.380+0000] {processor.py:161} INFO - Started process (PID=8213) to work on /home/airflow/.local/lib/python3.12/site-packages/airflow/example_dags/example_xcom.py
[2024-04-25T13:54:24.382+0000] {processor.py:830} INFO - Processing file /home/airflow/.local/lib/python3.12/site-packages/airflow/example_dags/example_xcom.py for tasks to queue
[2024-04-25T13:54:24.384+0000] {logging_mixin.py:188} INFO - [2024-04-25T13:54:24.383+0000] {dagbag.py:540} INFO - Filling up the DagBag from /home/airflow/.local/lib/python3.12/site-packages/airflow/example_dags/example_xcom.py
[2024-04-25T13:54:24.392+0000] {processor.py:840} INFO - DAG(s) 'example_xcom' retrieved from /home/airflow/.local/lib/python3.12/site-packages/airflow/example_dags/example_xcom.py
[2024-04-25T13:54:24.415+0000] {logging_mixin.py:188} INFO - [2024-04-25T13:54:24.415+0000] {dag.py:3096} INFO - Sync 1 DAGs
[2024-04-25T13:54:24.439+0000] {logging_mixin.py:188} INFO - [2024-04-25T13:54:24.439+0000] {dag.py:3954} INFO - Setting next_dagrun for example_xcom to 2021-01-01 00:00:00+00:00, run_after=2021-01-01 00:00:00+00:00
[2024-04-25T13:54:24.461+0000] {processor.py:183} INFO - Processing /home/airflow/.local/lib/python3.12/site-packages/airflow/example_dags/example_xcom.py took 0.088 seconds
[2024-04-25T13:54:55.068+0000] {processor.py:161} INFO - Started process (PID=8475) to work on /home/airflow/.local/lib/python3.12/site-packages/airflow/example_dags/example_xcom.py
[2024-04-25T13:54:55.069+0000] {processor.py:830} INFO - Processing file /home/airflow/.local/lib/python3.12/site-packages/airflow/example_dags/example_xcom.py for tasks to queue
[2024-04-25T13:54:55.071+0000] {logging_mixin.py:188} INFO - [2024-04-25T13:54:55.071+0000] {dagbag.py:540} INFO - Filling up the DagBag from /home/airflow/.local/lib/python3.12/site-packages/airflow/example_dags/example_xcom.py
[2024-04-25T13:54:55.081+0000] {processor.py:840} INFO - DAG(s) 'example_xcom' retrieved from /home/airflow/.local/lib/python3.12/site-packages/airflow/example_dags/example_xcom.py
[2024-04-25T13:54:55.107+0000] {logging_mixin.py:188} INFO - [2024-04-25T13:54:55.107+0000] {dag.py:3096} INFO - Sync 1 DAGs
[2024-04-25T13:54:55.132+0000] {logging_mixin.py:188} INFO - [2024-04-25T13:54:55.132+0000] {dag.py:3954} INFO - Setting next_dagrun for example_xcom to 2021-01-01 00:00:00+00:00, run_after=2021-01-01 00:00:00+00:00
[2024-04-25T13:54:55.153+0000] {processor.py:183} INFO - Processing /home/airflow/.local/lib/python3.12/site-packages/airflow/example_dags/example_xcom.py took 0.095 seconds
[2024-04-25T13:55:25.494+0000] {processor.py:161} INFO - Started process (PID=8738) to work on /home/airflow/.local/lib/python3.12/site-packages/airflow/example_dags/example_xcom.py
[2024-04-25T13:55:25.496+0000] {processor.py:830} INFO - Processing file /home/airflow/.local/lib/python3.12/site-packages/airflow/example_dags/example_xcom.py for tasks to queue
[2024-04-25T13:55:25.498+0000] {logging_mixin.py:188} INFO - [2024-04-25T13:55:25.497+0000] {dagbag.py:540} INFO - Filling up the DagBag from /home/airflow/.local/lib/python3.12/site-packages/airflow/example_dags/example_xcom.py
[2024-04-25T13:55:25.506+0000] {processor.py:840} INFO - DAG(s) 'example_xcom' retrieved from /home/airflow/.local/lib/python3.12/site-packages/airflow/example_dags/example_xcom.py
[2024-04-25T13:55:25.528+0000] {logging_mixin.py:188} INFO - [2024-04-25T13:55:25.528+0000] {dag.py:3096} INFO - Sync 1 DAGs
[2024-04-25T13:55:25.550+0000] {logging_mixin.py:188} INFO - [2024-04-25T13:55:25.550+0000] {dag.py:3954} INFO - Setting next_dagrun for example_xcom to 2021-01-01 00:00:00+00:00, run_after=2021-01-01 00:00:00+00:00
[2024-04-25T13:55:25.571+0000] {processor.py:183} INFO - Processing /home/airflow/.local/lib/python3.12/site-packages/airflow/example_dags/example_xcom.py took 0.083 seconds
[2024-04-25T13:55:55.759+0000] {processor.py:161} INFO - Started process (PID=9000) to work on /home/airflow/.local/lib/python3.12/site-packages/airflow/example_dags/example_xcom.py
[2024-04-25T13:55:55.760+0000] {processor.py:830} INFO - Processing file /home/airflow/.local/lib/python3.12/site-packages/airflow/example_dags/example_xcom.py for tasks to queue
[2024-04-25T13:55:55.762+0000] {logging_mixin.py:188} INFO - [2024-04-25T13:55:55.762+0000] {dagbag.py:540} INFO - Filling up the DagBag from /home/airflow/.local/lib/python3.12/site-packages/airflow/example_dags/example_xcom.py
[2024-04-25T13:55:55.770+0000] {processor.py:840} INFO - DAG(s) 'example_xcom' retrieved from /home/airflow/.local/lib/python3.12/site-packages/airflow/example_dags/example_xcom.py
[2024-04-25T13:55:55.794+0000] {logging_mixin.py:188} INFO - [2024-04-25T13:55:55.793+0000] {dag.py:3096} INFO - Sync 1 DAGs
[2024-04-25T13:55:55.818+0000] {logging_mixin.py:188} INFO - [2024-04-25T13:55:55.817+0000] {dag.py:3954} INFO - Setting next_dagrun for example_xcom to 2021-01-01 00:00:00+00:00, run_after=2021-01-01 00:00:00+00:00
[2024-04-25T13:55:55.841+0000] {processor.py:183} INFO - Processing /home/airflow/.local/lib/python3.12/site-packages/airflow/example_dags/example_xcom.py took 0.088 seconds
[2024-04-25T13:56:26.246+0000] {processor.py:161} INFO - Started process (PID=9262) to work on /home/airflow/.local/lib/python3.12/site-packages/airflow/example_dags/example_xcom.py
[2024-04-25T13:56:26.247+0000] {processor.py:830} INFO - Processing file /home/airflow/.local/lib/python3.12/site-packages/airflow/example_dags/example_xcom.py for tasks to queue
[2024-04-25T13:56:26.249+0000] {logging_mixin.py:188} INFO - [2024-04-25T13:56:26.249+0000] {dagbag.py:540} INFO - Filling up the DagBag from /home/airflow/.local/lib/python3.12/site-packages/airflow/example_dags/example_xcom.py
[2024-04-25T13:56:26.257+0000] {processor.py:840} INFO - DAG(s) 'example_xcom' retrieved from /home/airflow/.local/lib/python3.12/site-packages/airflow/example_dags/example_xcom.py
[2024-04-25T13:56:26.280+0000] {logging_mixin.py:188} INFO - [2024-04-25T13:56:26.280+0000] {dag.py:3096} INFO - Sync 1 DAGs
[2024-04-25T13:56:26.303+0000] {logging_mixin.py:188} INFO - [2024-04-25T13:56:26.302+0000] {dag.py:3954} INFO - Setting next_dagrun for example_xcom to 2021-01-01 00:00:00+00:00, run_after=2021-01-01 00:00:00+00:00
[2024-04-25T13:56:26.324+0000] {processor.py:183} INFO - Processing /home/airflow/.local/lib/python3.12/site-packages/airflow/example_dags/example_xcom.py took 0.084 seconds
[2024-04-25T13:58:18.492+0000] {processor.py:161} INFO - Started process (PID=347) to work on /home/airflow/.local/lib/python3.12/site-packages/airflow/example_dags/example_xcom.py
[2024-04-25T13:58:18.494+0000] {processor.py:830} INFO - Processing file /home/airflow/.local/lib/python3.12/site-packages/airflow/example_dags/example_xcom.py for tasks to queue
[2024-04-25T13:58:18.496+0000] {logging_mixin.py:188} INFO - [2024-04-25T13:58:18.496+0000] {dagbag.py:540} INFO - Filling up the DagBag from /home/airflow/.local/lib/python3.12/site-packages/airflow/example_dags/example_xcom.py
[2024-04-25T13:58:18.507+0000] {processor.py:840} INFO - DAG(s) 'example_xcom' retrieved from /home/airflow/.local/lib/python3.12/site-packages/airflow/example_dags/example_xcom.py
[2024-04-25T13:58:18.522+0000] {logging_mixin.py:188} INFO - [2024-04-25T13:58:18.521+0000] {dag.py:3096} INFO - Sync 1 DAGs
[2024-04-25T13:58:18.549+0000] {logging_mixin.py:188} INFO - [2024-04-25T13:58:18.549+0000] {dag.py:3954} INFO - Setting next_dagrun for example_xcom to 2021-01-01 00:00:00+00:00, run_after=2021-01-01 00:00:00+00:00
[2024-04-25T13:58:18.572+0000] {processor.py:183} INFO - Processing /home/airflow/.local/lib/python3.12/site-packages/airflow/example_dags/example_xcom.py took 0.087 seconds
[2024-04-25T13:58:50.535+0000] {processor.py:161} INFO - Started process (PID=609) to work on /home/airflow/.local/lib/python3.12/site-packages/airflow/example_dags/example_xcom.py
[2024-04-25T13:58:50.536+0000] {processor.py:830} INFO - Processing file /home/airflow/.local/lib/python3.12/site-packages/airflow/example_dags/example_xcom.py for tasks to queue
[2024-04-25T13:58:50.538+0000] {logging_mixin.py:188} INFO - [2024-04-25T13:58:50.538+0000] {dagbag.py:540} INFO - Filling up the DagBag from /home/airflow/.local/lib/python3.12/site-packages/airflow/example_dags/example_xcom.py
[2024-04-25T13:58:50.546+0000] {processor.py:840} INFO - DAG(s) 'example_xcom' retrieved from /home/airflow/.local/lib/python3.12/site-packages/airflow/example_dags/example_xcom.py
[2024-04-25T13:58:50.658+0000] {logging_mixin.py:188} INFO - [2024-04-25T13:58:50.658+0000] {dag.py:3096} INFO - Sync 1 DAGs
[2024-04-25T13:58:50.679+0000] {logging_mixin.py:188} INFO - [2024-04-25T13:58:50.679+0000] {dag.py:3954} INFO - Setting next_dagrun for example_xcom to 2021-01-01 00:00:00+00:00, run_after=2021-01-01 00:00:00+00:00
[2024-04-25T13:58:50.700+0000] {processor.py:183} INFO - Processing /home/airflow/.local/lib/python3.12/site-packages/airflow/example_dags/example_xcom.py took 0.172 seconds
