[2024-04-25T13:39:09.769+0000] {processor.py:161} INFO - Started process (PID=368) to work on /home/airflow/.local/lib/python3.12/site-packages/airflow/example_dags/example_complex.py
[2024-04-25T13:39:09.771+0000] {processor.py:830} INFO - Processing file /home/airflow/.local/lib/python3.12/site-packages/airflow/example_dags/example_complex.py for tasks to queue
[2024-04-25T13:39:09.774+0000] {logging_mixin.py:188} INFO - [2024-04-25T13:39:09.773+0000] {dagbag.py:540} INFO - Filling up the DagBag from /home/airflow/.local/lib/python3.12/site-packages/airflow/example_dags/example_complex.py
[2024-04-25T13:39:09.797+0000] {processor.py:840} INFO - DAG(s) 'example_complex' retrieved from /home/airflow/.local/lib/python3.12/site-packages/airflow/example_dags/example_complex.py
[2024-04-25T13:39:09.996+0000] {logging_mixin.py:188} INFO - [2024-04-25T13:39:09.995+0000] {dag.py:3096} INFO - Sync 1 DAGs
[2024-04-25T13:39:10.012+0000] {logging_mixin.py:188} INFO - [2024-04-25T13:39:10.012+0000] {dag.py:3954} INFO - Setting next_dagrun for example_complex to None, run_after=None
[2024-04-25T13:39:10.041+0000] {processor.py:183} INFO - Processing /home/airflow/.local/lib/python3.12/site-packages/airflow/example_dags/example_complex.py took 0.282 seconds
[2024-04-25T13:39:40.763+0000] {processor.py:161} INFO - Started process (PID=630) to work on /home/airflow/.local/lib/python3.12/site-packages/airflow/example_dags/example_complex.py
[2024-04-25T13:39:40.764+0000] {processor.py:830} INFO - Processing file /home/airflow/.local/lib/python3.12/site-packages/airflow/example_dags/example_complex.py for tasks to queue
[2024-04-25T13:39:40.766+0000] {logging_mixin.py:188} INFO - [2024-04-25T13:39:40.766+0000] {dagbag.py:540} INFO - Filling up the DagBag from /home/airflow/.local/lib/python3.12/site-packages/airflow/example_dags/example_complex.py
[2024-04-25T13:39:40.779+0000] {processor.py:840} INFO - DAG(s) 'example_complex' retrieved from /home/airflow/.local/lib/python3.12/site-packages/airflow/example_dags/example_complex.py
[2024-04-25T13:39:40.826+0000] {logging_mixin.py:188} INFO - [2024-04-25T13:39:40.826+0000] {dag.py:3096} INFO - Sync 1 DAGs
[2024-04-25T13:39:40.844+0000] {logging_mixin.py:188} INFO - [2024-04-25T13:39:40.844+0000] {dag.py:3954} INFO - Setting next_dagrun for example_complex to None, run_after=None
[2024-04-25T13:39:40.865+0000] {processor.py:183} INFO - Processing /home/airflow/.local/lib/python3.12/site-packages/airflow/example_dags/example_complex.py took 0.109 seconds
[2024-04-25T13:40:11.799+0000] {processor.py:161} INFO - Started process (PID=892) to work on /home/airflow/.local/lib/python3.12/site-packages/airflow/example_dags/example_complex.py
[2024-04-25T13:40:11.800+0000] {processor.py:830} INFO - Processing file /home/airflow/.local/lib/python3.12/site-packages/airflow/example_dags/example_complex.py for tasks to queue
[2024-04-25T13:40:11.802+0000] {logging_mixin.py:188} INFO - [2024-04-25T13:40:11.801+0000] {dagbag.py:540} INFO - Filling up the DagBag from /home/airflow/.local/lib/python3.12/site-packages/airflow/example_dags/example_complex.py
[2024-04-25T13:40:11.813+0000] {processor.py:840} INFO - DAG(s) 'example_complex' retrieved from /home/airflow/.local/lib/python3.12/site-packages/airflow/example_dags/example_complex.py
[2024-04-25T13:40:11.866+0000] {logging_mixin.py:188} INFO - [2024-04-25T13:40:11.865+0000] {dag.py:3096} INFO - Sync 1 DAGs
[2024-04-25T13:40:11.882+0000] {logging_mixin.py:188} INFO - [2024-04-25T13:40:11.882+0000] {dag.py:3954} INFO - Setting next_dagrun for example_complex to None, run_after=None
[2024-04-25T13:40:11.909+0000] {processor.py:183} INFO - Processing /home/airflow/.local/lib/python3.12/site-packages/airflow/example_dags/example_complex.py took 0.117 seconds
[2024-04-25T13:40:41.999+0000] {processor.py:161} INFO - Started process (PID=1151) to work on /home/airflow/.local/lib/python3.12/site-packages/airflow/example_dags/example_complex.py
[2024-04-25T13:40:42.000+0000] {processor.py:830} INFO - Processing file /home/airflow/.local/lib/python3.12/site-packages/airflow/example_dags/example_complex.py for tasks to queue
[2024-04-25T13:40:42.002+0000] {logging_mixin.py:188} INFO - [2024-04-25T13:40:42.002+0000] {dagbag.py:540} INFO - Filling up the DagBag from /home/airflow/.local/lib/python3.12/site-packages/airflow/example_dags/example_complex.py
[2024-04-25T13:40:42.013+0000] {processor.py:840} INFO - DAG(s) 'example_complex' retrieved from /home/airflow/.local/lib/python3.12/site-packages/airflow/example_dags/example_complex.py
[2024-04-25T13:40:42.049+0000] {logging_mixin.py:188} INFO - [2024-04-25T13:40:42.049+0000] {dag.py:3096} INFO - Sync 1 DAGs
[2024-04-25T13:40:42.063+0000] {logging_mixin.py:188} INFO - [2024-04-25T13:40:42.062+0000] {dag.py:3954} INFO - Setting next_dagrun for example_complex to None, run_after=None
[2024-04-25T13:40:42.084+0000] {processor.py:183} INFO - Processing /home/airflow/.local/lib/python3.12/site-packages/airflow/example_dags/example_complex.py took 0.091 seconds
[2024-04-25T13:41:12.848+0000] {processor.py:161} INFO - Started process (PID=1416) to work on /home/airflow/.local/lib/python3.12/site-packages/airflow/example_dags/example_complex.py
[2024-04-25T13:41:12.849+0000] {processor.py:830} INFO - Processing file /home/airflow/.local/lib/python3.12/site-packages/airflow/example_dags/example_complex.py for tasks to queue
[2024-04-25T13:41:12.851+0000] {logging_mixin.py:188} INFO - [2024-04-25T13:41:12.851+0000] {dagbag.py:540} INFO - Filling up the DagBag from /home/airflow/.local/lib/python3.12/site-packages/airflow/example_dags/example_complex.py
[2024-04-25T13:41:12.872+0000] {processor.py:840} INFO - DAG(s) 'example_complex' retrieved from /home/airflow/.local/lib/python3.12/site-packages/airflow/example_dags/example_complex.py
[2024-04-25T13:41:12.933+0000] {logging_mixin.py:188} INFO - [2024-04-25T13:41:12.932+0000] {dag.py:3096} INFO - Sync 1 DAGs
[2024-04-25T13:41:12.957+0000] {logging_mixin.py:188} INFO - [2024-04-25T13:41:12.956+0000] {dag.py:3954} INFO - Setting next_dagrun for example_complex to None, run_after=None
[2024-04-25T13:41:12.998+0000] {processor.py:183} INFO - Processing /home/airflow/.local/lib/python3.12/site-packages/airflow/example_dags/example_complex.py took 0.160 seconds
[2024-04-25T13:41:43.463+0000] {processor.py:161} INFO - Started process (PID=1678) to work on /home/airflow/.local/lib/python3.12/site-packages/airflow/example_dags/example_complex.py
[2024-04-25T13:41:43.464+0000] {processor.py:830} INFO - Processing file /home/airflow/.local/lib/python3.12/site-packages/airflow/example_dags/example_complex.py for tasks to queue
[2024-04-25T13:41:43.467+0000] {logging_mixin.py:188} INFO - [2024-04-25T13:41:43.466+0000] {dagbag.py:540} INFO - Filling up the DagBag from /home/airflow/.local/lib/python3.12/site-packages/airflow/example_dags/example_complex.py
[2024-04-25T13:41:43.478+0000] {processor.py:840} INFO - DAG(s) 'example_complex' retrieved from /home/airflow/.local/lib/python3.12/site-packages/airflow/example_dags/example_complex.py
[2024-04-25T13:41:43.518+0000] {logging_mixin.py:188} INFO - [2024-04-25T13:41:43.518+0000] {dag.py:3096} INFO - Sync 1 DAGs
[2024-04-25T13:41:43.533+0000] {logging_mixin.py:188} INFO - [2024-04-25T13:41:43.532+0000] {dag.py:3954} INFO - Setting next_dagrun for example_complex to None, run_after=None
[2024-04-25T13:41:43.555+0000] {processor.py:183} INFO - Processing /home/airflow/.local/lib/python3.12/site-packages/airflow/example_dags/example_complex.py took 0.099 seconds
[2024-04-25T13:42:13.655+0000] {processor.py:161} INFO - Started process (PID=1940) to work on /home/airflow/.local/lib/python3.12/site-packages/airflow/example_dags/example_complex.py
[2024-04-25T13:42:13.656+0000] {processor.py:830} INFO - Processing file /home/airflow/.local/lib/python3.12/site-packages/airflow/example_dags/example_complex.py for tasks to queue
[2024-04-25T13:42:13.658+0000] {logging_mixin.py:188} INFO - [2024-04-25T13:42:13.657+0000] {dagbag.py:540} INFO - Filling up the DagBag from /home/airflow/.local/lib/python3.12/site-packages/airflow/example_dags/example_complex.py
[2024-04-25T13:42:13.670+0000] {processor.py:840} INFO - DAG(s) 'example_complex' retrieved from /home/airflow/.local/lib/python3.12/site-packages/airflow/example_dags/example_complex.py
[2024-04-25T13:42:13.708+0000] {logging_mixin.py:188} INFO - [2024-04-25T13:42:13.708+0000] {dag.py:3096} INFO - Sync 1 DAGs
[2024-04-25T13:42:13.722+0000] {logging_mixin.py:188} INFO - [2024-04-25T13:42:13.722+0000] {dag.py:3954} INFO - Setting next_dagrun for example_complex to None, run_after=None
[2024-04-25T13:42:13.743+0000] {processor.py:183} INFO - Processing /home/airflow/.local/lib/python3.12/site-packages/airflow/example_dags/example_complex.py took 0.094 seconds
[2024-04-25T13:42:43.939+0000] {processor.py:161} INFO - Started process (PID=2197) to work on /home/airflow/.local/lib/python3.12/site-packages/airflow/example_dags/example_complex.py
[2024-04-25T13:42:43.940+0000] {processor.py:830} INFO - Processing file /home/airflow/.local/lib/python3.12/site-packages/airflow/example_dags/example_complex.py for tasks to queue
[2024-04-25T13:42:43.942+0000] {logging_mixin.py:188} INFO - [2024-04-25T13:42:43.942+0000] {dagbag.py:540} INFO - Filling up the DagBag from /home/airflow/.local/lib/python3.12/site-packages/airflow/example_dags/example_complex.py
[2024-04-25T13:42:43.955+0000] {processor.py:840} INFO - DAG(s) 'example_complex' retrieved from /home/airflow/.local/lib/python3.12/site-packages/airflow/example_dags/example_complex.py
[2024-04-25T13:42:43.993+0000] {logging_mixin.py:188} INFO - [2024-04-25T13:42:43.992+0000] {dag.py:3096} INFO - Sync 1 DAGs
[2024-04-25T13:42:44.008+0000] {logging_mixin.py:188} INFO - [2024-04-25T13:42:44.007+0000] {dag.py:3954} INFO - Setting next_dagrun for example_complex to None, run_after=None
[2024-04-25T13:42:44.028+0000] {processor.py:183} INFO - Processing /home/airflow/.local/lib/python3.12/site-packages/airflow/example_dags/example_complex.py took 0.097 seconds
[2024-04-25T13:43:14.435+0000] {processor.py:161} INFO - Started process (PID=2459) to work on /home/airflow/.local/lib/python3.12/site-packages/airflow/example_dags/example_complex.py
[2024-04-25T13:43:14.437+0000] {processor.py:830} INFO - Processing file /home/airflow/.local/lib/python3.12/site-packages/airflow/example_dags/example_complex.py for tasks to queue
[2024-04-25T13:43:14.439+0000] {logging_mixin.py:188} INFO - [2024-04-25T13:43:14.439+0000] {dagbag.py:540} INFO - Filling up the DagBag from /home/airflow/.local/lib/python3.12/site-packages/airflow/example_dags/example_complex.py
[2024-04-25T13:43:14.454+0000] {processor.py:840} INFO - DAG(s) 'example_complex' retrieved from /home/airflow/.local/lib/python3.12/site-packages/airflow/example_dags/example_complex.py
[2024-04-25T13:43:14.497+0000] {logging_mixin.py:188} INFO - [2024-04-25T13:43:14.497+0000] {dag.py:3096} INFO - Sync 1 DAGs
[2024-04-25T13:43:14.513+0000] {logging_mixin.py:188} INFO - [2024-04-25T13:43:14.512+0000] {dag.py:3954} INFO - Setting next_dagrun for example_complex to None, run_after=None
[2024-04-25T13:43:14.535+0000] {processor.py:183} INFO - Processing /home/airflow/.local/lib/python3.12/site-packages/airflow/example_dags/example_complex.py took 0.107 seconds
[2024-04-25T13:43:44.845+0000] {processor.py:161} INFO - Started process (PID=2721) to work on /home/airflow/.local/lib/python3.12/site-packages/airflow/example_dags/example_complex.py
[2024-04-25T13:43:44.846+0000] {processor.py:830} INFO - Processing file /home/airflow/.local/lib/python3.12/site-packages/airflow/example_dags/example_complex.py for tasks to queue
[2024-04-25T13:43:44.848+0000] {logging_mixin.py:188} INFO - [2024-04-25T13:43:44.848+0000] {dagbag.py:540} INFO - Filling up the DagBag from /home/airflow/.local/lib/python3.12/site-packages/airflow/example_dags/example_complex.py
[2024-04-25T13:43:44.861+0000] {processor.py:840} INFO - DAG(s) 'example_complex' retrieved from /home/airflow/.local/lib/python3.12/site-packages/airflow/example_dags/example_complex.py
[2024-04-25T13:43:44.898+0000] {logging_mixin.py:188} INFO - [2024-04-25T13:43:44.898+0000] {dag.py:3096} INFO - Sync 1 DAGs
[2024-04-25T13:43:44.912+0000] {logging_mixin.py:188} INFO - [2024-04-25T13:43:44.912+0000] {dag.py:3954} INFO - Setting next_dagrun for example_complex to None, run_after=None
[2024-04-25T13:43:44.932+0000] {processor.py:183} INFO - Processing /home/airflow/.local/lib/python3.12/site-packages/airflow/example_dags/example_complex.py took 0.092 seconds
[2024-04-25T13:44:15.228+0000] {processor.py:161} INFO - Started process (PID=2983) to work on /home/airflow/.local/lib/python3.12/site-packages/airflow/example_dags/example_complex.py
[2024-04-25T13:44:15.229+0000] {processor.py:830} INFO - Processing file /home/airflow/.local/lib/python3.12/site-packages/airflow/example_dags/example_complex.py for tasks to queue
[2024-04-25T13:44:15.231+0000] {logging_mixin.py:188} INFO - [2024-04-25T13:44:15.231+0000] {dagbag.py:540} INFO - Filling up the DagBag from /home/airflow/.local/lib/python3.12/site-packages/airflow/example_dags/example_complex.py
[2024-04-25T13:44:15.242+0000] {processor.py:840} INFO - DAG(s) 'example_complex' retrieved from /home/airflow/.local/lib/python3.12/site-packages/airflow/example_dags/example_complex.py
[2024-04-25T13:44:15.280+0000] {logging_mixin.py:188} INFO - [2024-04-25T13:44:15.280+0000] {dag.py:3096} INFO - Sync 1 DAGs
[2024-04-25T13:44:15.295+0000] {logging_mixin.py:188} INFO - [2024-04-25T13:44:15.295+0000] {dag.py:3954} INFO - Setting next_dagrun for example_complex to None, run_after=None
[2024-04-25T13:44:15.315+0000] {processor.py:183} INFO - Processing /home/airflow/.local/lib/python3.12/site-packages/airflow/example_dags/example_complex.py took 0.093 seconds
[2024-04-25T13:44:45.707+0000] {processor.py:161} INFO - Started process (PID=3245) to work on /home/airflow/.local/lib/python3.12/site-packages/airflow/example_dags/example_complex.py
[2024-04-25T13:44:45.708+0000] {processor.py:830} INFO - Processing file /home/airflow/.local/lib/python3.12/site-packages/airflow/example_dags/example_complex.py for tasks to queue
[2024-04-25T13:44:45.711+0000] {logging_mixin.py:188} INFO - [2024-04-25T13:44:45.710+0000] {dagbag.py:540} INFO - Filling up the DagBag from /home/airflow/.local/lib/python3.12/site-packages/airflow/example_dags/example_complex.py
[2024-04-25T13:44:45.722+0000] {processor.py:840} INFO - DAG(s) 'example_complex' retrieved from /home/airflow/.local/lib/python3.12/site-packages/airflow/example_dags/example_complex.py
[2024-04-25T13:44:45.763+0000] {logging_mixin.py:188} INFO - [2024-04-25T13:44:45.763+0000] {dag.py:3096} INFO - Sync 1 DAGs
[2024-04-25T13:44:45.777+0000] {logging_mixin.py:188} INFO - [2024-04-25T13:44:45.776+0000] {dag.py:3954} INFO - Setting next_dagrun for example_complex to None, run_after=None
[2024-04-25T13:44:45.797+0000] {processor.py:183} INFO - Processing /home/airflow/.local/lib/python3.12/site-packages/airflow/example_dags/example_complex.py took 0.097 seconds
[2024-04-25T13:45:16.392+0000] {processor.py:161} INFO - Started process (PID=3507) to work on /home/airflow/.local/lib/python3.12/site-packages/airflow/example_dags/example_complex.py
[2024-04-25T13:45:16.393+0000] {processor.py:830} INFO - Processing file /home/airflow/.local/lib/python3.12/site-packages/airflow/example_dags/example_complex.py for tasks to queue
[2024-04-25T13:45:16.396+0000] {logging_mixin.py:188} INFO - [2024-04-25T13:45:16.395+0000] {dagbag.py:540} INFO - Filling up the DagBag from /home/airflow/.local/lib/python3.12/site-packages/airflow/example_dags/example_complex.py
[2024-04-25T13:45:16.407+0000] {processor.py:840} INFO - DAG(s) 'example_complex' retrieved from /home/airflow/.local/lib/python3.12/site-packages/airflow/example_dags/example_complex.py
[2024-04-25T13:45:16.453+0000] {logging_mixin.py:188} INFO - [2024-04-25T13:45:16.453+0000] {dag.py:3096} INFO - Sync 1 DAGs
[2024-04-25T13:45:16.471+0000] {logging_mixin.py:188} INFO - [2024-04-25T13:45:16.471+0000] {dag.py:3954} INFO - Setting next_dagrun for example_complex to None, run_after=None
[2024-04-25T13:45:16.501+0000] {processor.py:183} INFO - Processing /home/airflow/.local/lib/python3.12/site-packages/airflow/example_dags/example_complex.py took 0.116 seconds
[2024-04-25T13:45:46.729+0000] {processor.py:161} INFO - Started process (PID=3769) to work on /home/airflow/.local/lib/python3.12/site-packages/airflow/example_dags/example_complex.py
[2024-04-25T13:45:46.730+0000] {processor.py:830} INFO - Processing file /home/airflow/.local/lib/python3.12/site-packages/airflow/example_dags/example_complex.py for tasks to queue
[2024-04-25T13:45:46.733+0000] {logging_mixin.py:188} INFO - [2024-04-25T13:45:46.732+0000] {dagbag.py:540} INFO - Filling up the DagBag from /home/airflow/.local/lib/python3.12/site-packages/airflow/example_dags/example_complex.py
[2024-04-25T13:45:46.744+0000] {processor.py:840} INFO - DAG(s) 'example_complex' retrieved from /home/airflow/.local/lib/python3.12/site-packages/airflow/example_dags/example_complex.py
[2024-04-25T13:45:46.785+0000] {logging_mixin.py:188} INFO - [2024-04-25T13:45:46.785+0000] {dag.py:3096} INFO - Sync 1 DAGs
[2024-04-25T13:45:46.801+0000] {logging_mixin.py:188} INFO - [2024-04-25T13:45:46.801+0000] {dag.py:3954} INFO - Setting next_dagrun for example_complex to None, run_after=None
[2024-04-25T13:45:46.824+0000] {processor.py:183} INFO - Processing /home/airflow/.local/lib/python3.12/site-packages/airflow/example_dags/example_complex.py took 0.102 seconds
[2024-04-25T13:46:17.543+0000] {processor.py:161} INFO - Started process (PID=4031) to work on /home/airflow/.local/lib/python3.12/site-packages/airflow/example_dags/example_complex.py
[2024-04-25T13:46:17.544+0000] {processor.py:830} INFO - Processing file /home/airflow/.local/lib/python3.12/site-packages/airflow/example_dags/example_complex.py for tasks to queue
[2024-04-25T13:46:17.546+0000] {logging_mixin.py:188} INFO - [2024-04-25T13:46:17.546+0000] {dagbag.py:540} INFO - Filling up the DagBag from /home/airflow/.local/lib/python3.12/site-packages/airflow/example_dags/example_complex.py
[2024-04-25T13:46:17.557+0000] {processor.py:840} INFO - DAG(s) 'example_complex' retrieved from /home/airflow/.local/lib/python3.12/site-packages/airflow/example_dags/example_complex.py
[2024-04-25T13:46:17.591+0000] {logging_mixin.py:188} INFO - [2024-04-25T13:46:17.591+0000] {dag.py:3096} INFO - Sync 1 DAGs
[2024-04-25T13:46:17.604+0000] {logging_mixin.py:188} INFO - [2024-04-25T13:46:17.604+0000] {dag.py:3954} INFO - Setting next_dagrun for example_complex to None, run_after=None
[2024-04-25T13:46:17.624+0000] {processor.py:183} INFO - Processing /home/airflow/.local/lib/python3.12/site-packages/airflow/example_dags/example_complex.py took 0.088 seconds
[2024-04-25T13:46:47.965+0000] {processor.py:161} INFO - Started process (PID=4293) to work on /home/airflow/.local/lib/python3.12/site-packages/airflow/example_dags/example_complex.py
[2024-04-25T13:46:47.966+0000] {processor.py:830} INFO - Processing file /home/airflow/.local/lib/python3.12/site-packages/airflow/example_dags/example_complex.py for tasks to queue
[2024-04-25T13:46:47.968+0000] {logging_mixin.py:188} INFO - [2024-04-25T13:46:47.967+0000] {dagbag.py:540} INFO - Filling up the DagBag from /home/airflow/.local/lib/python3.12/site-packages/airflow/example_dags/example_complex.py
[2024-04-25T13:46:47.979+0000] {processor.py:840} INFO - DAG(s) 'example_complex' retrieved from /home/airflow/.local/lib/python3.12/site-packages/airflow/example_dags/example_complex.py
[2024-04-25T13:46:48.018+0000] {logging_mixin.py:188} INFO - [2024-04-25T13:46:48.018+0000] {dag.py:3096} INFO - Sync 1 DAGs
[2024-04-25T13:46:48.033+0000] {logging_mixin.py:188} INFO - [2024-04-25T13:46:48.033+0000] {dag.py:3954} INFO - Setting next_dagrun for example_complex to None, run_after=None
[2024-04-25T13:46:48.055+0000] {processor.py:183} INFO - Processing /home/airflow/.local/lib/python3.12/site-packages/airflow/example_dags/example_complex.py took 0.096 seconds
[2024-04-25T13:47:18.453+0000] {processor.py:161} INFO - Started process (PID=4555) to work on /home/airflow/.local/lib/python3.12/site-packages/airflow/example_dags/example_complex.py
[2024-04-25T13:47:18.454+0000] {processor.py:830} INFO - Processing file /home/airflow/.local/lib/python3.12/site-packages/airflow/example_dags/example_complex.py for tasks to queue
[2024-04-25T13:47:18.456+0000] {logging_mixin.py:188} INFO - [2024-04-25T13:47:18.456+0000] {dagbag.py:540} INFO - Filling up the DagBag from /home/airflow/.local/lib/python3.12/site-packages/airflow/example_dags/example_complex.py
[2024-04-25T13:47:18.468+0000] {processor.py:840} INFO - DAG(s) 'example_complex' retrieved from /home/airflow/.local/lib/python3.12/site-packages/airflow/example_dags/example_complex.py
[2024-04-25T13:47:18.504+0000] {logging_mixin.py:188} INFO - [2024-04-25T13:47:18.504+0000] {dag.py:3096} INFO - Sync 1 DAGs
[2024-04-25T13:47:18.518+0000] {logging_mixin.py:188} INFO - [2024-04-25T13:47:18.518+0000] {dag.py:3954} INFO - Setting next_dagrun for example_complex to None, run_after=None
[2024-04-25T13:47:18.538+0000] {processor.py:183} INFO - Processing /home/airflow/.local/lib/python3.12/site-packages/airflow/example_dags/example_complex.py took 0.092 seconds
[2024-04-25T13:47:48.770+0000] {processor.py:161} INFO - Started process (PID=4817) to work on /home/airflow/.local/lib/python3.12/site-packages/airflow/example_dags/example_complex.py
[2024-04-25T13:47:48.771+0000] {processor.py:830} INFO - Processing file /home/airflow/.local/lib/python3.12/site-packages/airflow/example_dags/example_complex.py for tasks to queue
[2024-04-25T13:47:48.772+0000] {logging_mixin.py:188} INFO - [2024-04-25T13:47:48.772+0000] {dagbag.py:540} INFO - Filling up the DagBag from /home/airflow/.local/lib/python3.12/site-packages/airflow/example_dags/example_complex.py
[2024-04-25T13:47:48.783+0000] {processor.py:840} INFO - DAG(s) 'example_complex' retrieved from /home/airflow/.local/lib/python3.12/site-packages/airflow/example_dags/example_complex.py
[2024-04-25T13:47:48.817+0000] {logging_mixin.py:188} INFO - [2024-04-25T13:47:48.817+0000] {dag.py:3096} INFO - Sync 1 DAGs
[2024-04-25T13:47:48.830+0000] {logging_mixin.py:188} INFO - [2024-04-25T13:47:48.830+0000] {dag.py:3954} INFO - Setting next_dagrun for example_complex to None, run_after=None
[2024-04-25T13:47:48.850+0000] {processor.py:183} INFO - Processing /home/airflow/.local/lib/python3.12/site-packages/airflow/example_dags/example_complex.py took 0.086 seconds
[2024-04-25T13:48:19.241+0000] {processor.py:161} INFO - Started process (PID=5079) to work on /home/airflow/.local/lib/python3.12/site-packages/airflow/example_dags/example_complex.py
[2024-04-25T13:48:19.242+0000] {processor.py:830} INFO - Processing file /home/airflow/.local/lib/python3.12/site-packages/airflow/example_dags/example_complex.py for tasks to queue
[2024-04-25T13:48:19.244+0000] {logging_mixin.py:188} INFO - [2024-04-25T13:48:19.244+0000] {dagbag.py:540} INFO - Filling up the DagBag from /home/airflow/.local/lib/python3.12/site-packages/airflow/example_dags/example_complex.py
[2024-04-25T13:48:19.255+0000] {processor.py:840} INFO - DAG(s) 'example_complex' retrieved from /home/airflow/.local/lib/python3.12/site-packages/airflow/example_dags/example_complex.py
[2024-04-25T13:48:19.290+0000] {logging_mixin.py:188} INFO - [2024-04-25T13:48:19.290+0000] {dag.py:3096} INFO - Sync 1 DAGs
[2024-04-25T13:48:19.304+0000] {logging_mixin.py:188} INFO - [2024-04-25T13:48:19.304+0000] {dag.py:3954} INFO - Setting next_dagrun for example_complex to None, run_after=None
[2024-04-25T13:48:19.326+0000] {processor.py:183} INFO - Processing /home/airflow/.local/lib/python3.12/site-packages/airflow/example_dags/example_complex.py took 0.093 seconds
[2024-04-25T13:48:49.775+0000] {processor.py:161} INFO - Started process (PID=5341) to work on /home/airflow/.local/lib/python3.12/site-packages/airflow/example_dags/example_complex.py
[2024-04-25T13:48:49.776+0000] {processor.py:830} INFO - Processing file /home/airflow/.local/lib/python3.12/site-packages/airflow/example_dags/example_complex.py for tasks to queue
[2024-04-25T13:48:49.778+0000] {logging_mixin.py:188} INFO - [2024-04-25T13:48:49.778+0000] {dagbag.py:540} INFO - Filling up the DagBag from /home/airflow/.local/lib/python3.12/site-packages/airflow/example_dags/example_complex.py
[2024-04-25T13:48:49.791+0000] {processor.py:840} INFO - DAG(s) 'example_complex' retrieved from /home/airflow/.local/lib/python3.12/site-packages/airflow/example_dags/example_complex.py
[2024-04-25T13:48:49.827+0000] {logging_mixin.py:188} INFO - [2024-04-25T13:48:49.827+0000] {dag.py:3096} INFO - Sync 1 DAGs
[2024-04-25T13:48:49.841+0000] {logging_mixin.py:188} INFO - [2024-04-25T13:48:49.840+0000] {dag.py:3954} INFO - Setting next_dagrun for example_complex to None, run_after=None
[2024-04-25T13:48:49.861+0000] {processor.py:183} INFO - Processing /home/airflow/.local/lib/python3.12/site-packages/airflow/example_dags/example_complex.py took 0.095 seconds
[2024-04-25T13:49:20.056+0000] {processor.py:161} INFO - Started process (PID=5603) to work on /home/airflow/.local/lib/python3.12/site-packages/airflow/example_dags/example_complex.py
[2024-04-25T13:49:20.057+0000] {processor.py:830} INFO - Processing file /home/airflow/.local/lib/python3.12/site-packages/airflow/example_dags/example_complex.py for tasks to queue
[2024-04-25T13:49:20.059+0000] {logging_mixin.py:188} INFO - [2024-04-25T13:49:20.059+0000] {dagbag.py:540} INFO - Filling up the DagBag from /home/airflow/.local/lib/python3.12/site-packages/airflow/example_dags/example_complex.py
[2024-04-25T13:49:20.070+0000] {processor.py:840} INFO - DAG(s) 'example_complex' retrieved from /home/airflow/.local/lib/python3.12/site-packages/airflow/example_dags/example_complex.py
[2024-04-25T13:49:20.106+0000] {logging_mixin.py:188} INFO - [2024-04-25T13:49:20.106+0000] {dag.py:3096} INFO - Sync 1 DAGs
[2024-04-25T13:49:20.120+0000] {logging_mixin.py:188} INFO - [2024-04-25T13:49:20.120+0000] {dag.py:3954} INFO - Setting next_dagrun for example_complex to None, run_after=None
[2024-04-25T13:49:20.141+0000] {processor.py:183} INFO - Processing /home/airflow/.local/lib/python3.12/site-packages/airflow/example_dags/example_complex.py took 0.091 seconds
[2024-04-25T13:49:50.615+0000] {processor.py:161} INFO - Started process (PID=5865) to work on /home/airflow/.local/lib/python3.12/site-packages/airflow/example_dags/example_complex.py
[2024-04-25T13:49:50.616+0000] {processor.py:830} INFO - Processing file /home/airflow/.local/lib/python3.12/site-packages/airflow/example_dags/example_complex.py for tasks to queue
[2024-04-25T13:49:50.618+0000] {logging_mixin.py:188} INFO - [2024-04-25T13:49:50.618+0000] {dagbag.py:540} INFO - Filling up the DagBag from /home/airflow/.local/lib/python3.12/site-packages/airflow/example_dags/example_complex.py
[2024-04-25T13:49:50.630+0000] {processor.py:840} INFO - DAG(s) 'example_complex' retrieved from /home/airflow/.local/lib/python3.12/site-packages/airflow/example_dags/example_complex.py
[2024-04-25T13:49:50.670+0000] {logging_mixin.py:188} INFO - [2024-04-25T13:49:50.670+0000] {dag.py:3096} INFO - Sync 1 DAGs
[2024-04-25T13:49:50.686+0000] {logging_mixin.py:188} INFO - [2024-04-25T13:49:50.686+0000] {dag.py:3954} INFO - Setting next_dagrun for example_complex to None, run_after=None
[2024-04-25T13:49:50.705+0000] {processor.py:183} INFO - Processing /home/airflow/.local/lib/python3.12/site-packages/airflow/example_dags/example_complex.py took 0.097 seconds
[2024-04-25T13:50:21.238+0000] {processor.py:161} INFO - Started process (PID=6127) to work on /home/airflow/.local/lib/python3.12/site-packages/airflow/example_dags/example_complex.py
[2024-04-25T13:50:21.239+0000] {processor.py:830} INFO - Processing file /home/airflow/.local/lib/python3.12/site-packages/airflow/example_dags/example_complex.py for tasks to queue
[2024-04-25T13:50:21.240+0000] {logging_mixin.py:188} INFO - [2024-04-25T13:50:21.240+0000] {dagbag.py:540} INFO - Filling up the DagBag from /home/airflow/.local/lib/python3.12/site-packages/airflow/example_dags/example_complex.py
[2024-04-25T13:50:21.252+0000] {processor.py:840} INFO - DAG(s) 'example_complex' retrieved from /home/airflow/.local/lib/python3.12/site-packages/airflow/example_dags/example_complex.py
[2024-04-25T13:50:21.287+0000] {logging_mixin.py:188} INFO - [2024-04-25T13:50:21.287+0000] {dag.py:3096} INFO - Sync 1 DAGs
[2024-04-25T13:50:21.302+0000] {logging_mixin.py:188} INFO - [2024-04-25T13:50:21.302+0000] {dag.py:3954} INFO - Setting next_dagrun for example_complex to None, run_after=None
[2024-04-25T13:50:21.322+0000] {processor.py:183} INFO - Processing /home/airflow/.local/lib/python3.12/site-packages/airflow/example_dags/example_complex.py took 0.090 seconds
[2024-04-25T13:50:52.156+0000] {processor.py:161} INFO - Started process (PID=6389) to work on /home/airflow/.local/lib/python3.12/site-packages/airflow/example_dags/example_complex.py
[2024-04-25T13:50:52.157+0000] {processor.py:830} INFO - Processing file /home/airflow/.local/lib/python3.12/site-packages/airflow/example_dags/example_complex.py for tasks to queue
[2024-04-25T13:50:52.159+0000] {logging_mixin.py:188} INFO - [2024-04-25T13:50:52.159+0000] {dagbag.py:540} INFO - Filling up the DagBag from /home/airflow/.local/lib/python3.12/site-packages/airflow/example_dags/example_complex.py
[2024-04-25T13:50:52.171+0000] {processor.py:840} INFO - DAG(s) 'example_complex' retrieved from /home/airflow/.local/lib/python3.12/site-packages/airflow/example_dags/example_complex.py
[2024-04-25T13:50:52.209+0000] {logging_mixin.py:188} INFO - [2024-04-25T13:50:52.209+0000] {dag.py:3096} INFO - Sync 1 DAGs
[2024-04-25T13:50:52.226+0000] {logging_mixin.py:188} INFO - [2024-04-25T13:50:52.226+0000] {dag.py:3954} INFO - Setting next_dagrun for example_complex to None, run_after=None
[2024-04-25T13:50:52.250+0000] {processor.py:183} INFO - Processing /home/airflow/.local/lib/python3.12/site-packages/airflow/example_dags/example_complex.py took 0.100 seconds
[2024-04-25T13:51:22.541+0000] {processor.py:161} INFO - Started process (PID=6651) to work on /home/airflow/.local/lib/python3.12/site-packages/airflow/example_dags/example_complex.py
[2024-04-25T13:51:22.542+0000] {processor.py:830} INFO - Processing file /home/airflow/.local/lib/python3.12/site-packages/airflow/example_dags/example_complex.py for tasks to queue
[2024-04-25T13:51:22.544+0000] {logging_mixin.py:188} INFO - [2024-04-25T13:51:22.543+0000] {dagbag.py:540} INFO - Filling up the DagBag from /home/airflow/.local/lib/python3.12/site-packages/airflow/example_dags/example_complex.py
[2024-04-25T13:51:22.555+0000] {processor.py:840} INFO - DAG(s) 'example_complex' retrieved from /home/airflow/.local/lib/python3.12/site-packages/airflow/example_dags/example_complex.py
[2024-04-25T13:51:22.591+0000] {logging_mixin.py:188} INFO - [2024-04-25T13:51:22.591+0000] {dag.py:3096} INFO - Sync 1 DAGs
[2024-04-25T13:51:22.606+0000] {logging_mixin.py:188} INFO - [2024-04-25T13:51:22.605+0000] {dag.py:3954} INFO - Setting next_dagrun for example_complex to None, run_after=None
[2024-04-25T13:51:22.626+0000] {processor.py:183} INFO - Processing /home/airflow/.local/lib/python3.12/site-packages/airflow/example_dags/example_complex.py took 0.091 seconds
[2024-04-25T13:51:52.964+0000] {processor.py:161} INFO - Started process (PID=6913) to work on /home/airflow/.local/lib/python3.12/site-packages/airflow/example_dags/example_complex.py
[2024-04-25T13:51:52.966+0000] {processor.py:830} INFO - Processing file /home/airflow/.local/lib/python3.12/site-packages/airflow/example_dags/example_complex.py for tasks to queue
[2024-04-25T13:51:52.968+0000] {logging_mixin.py:188} INFO - [2024-04-25T13:51:52.968+0000] {dagbag.py:540} INFO - Filling up the DagBag from /home/airflow/.local/lib/python3.12/site-packages/airflow/example_dags/example_complex.py
[2024-04-25T13:51:52.979+0000] {processor.py:840} INFO - DAG(s) 'example_complex' retrieved from /home/airflow/.local/lib/python3.12/site-packages/airflow/example_dags/example_complex.py
[2024-04-25T13:51:53.016+0000] {logging_mixin.py:188} INFO - [2024-04-25T13:51:53.015+0000] {dag.py:3096} INFO - Sync 1 DAGs
[2024-04-25T13:51:53.030+0000] {logging_mixin.py:188} INFO - [2024-04-25T13:51:53.029+0000] {dag.py:3954} INFO - Setting next_dagrun for example_complex to None, run_after=None
[2024-04-25T13:51:53.051+0000] {processor.py:183} INFO - Processing /home/airflow/.local/lib/python3.12/site-packages/airflow/example_dags/example_complex.py took 0.093 seconds
[2024-04-25T13:52:23.687+0000] {processor.py:161} INFO - Started process (PID=7175) to work on /home/airflow/.local/lib/python3.12/site-packages/airflow/example_dags/example_complex.py
[2024-04-25T13:52:23.688+0000] {processor.py:830} INFO - Processing file /home/airflow/.local/lib/python3.12/site-packages/airflow/example_dags/example_complex.py for tasks to queue
[2024-04-25T13:52:23.690+0000] {logging_mixin.py:188} INFO - [2024-04-25T13:52:23.690+0000] {dagbag.py:540} INFO - Filling up the DagBag from /home/airflow/.local/lib/python3.12/site-packages/airflow/example_dags/example_complex.py
[2024-04-25T13:52:23.823+0000] {processor.py:840} INFO - DAG(s) 'example_complex' retrieved from /home/airflow/.local/lib/python3.12/site-packages/airflow/example_dags/example_complex.py
[2024-04-25T13:52:23.856+0000] {logging_mixin.py:188} INFO - [2024-04-25T13:52:23.856+0000] {dag.py:3096} INFO - Sync 1 DAGs
[2024-04-25T13:52:23.868+0000] {logging_mixin.py:188} INFO - [2024-04-25T13:52:23.868+0000] {dag.py:3954} INFO - Setting next_dagrun for example_complex to None, run_after=None
[2024-04-25T13:52:23.889+0000] {processor.py:183} INFO - Processing /home/airflow/.local/lib/python3.12/site-packages/airflow/example_dags/example_complex.py took 0.210 seconds
[2024-04-25T13:52:54.133+0000] {processor.py:161} INFO - Started process (PID=7437) to work on /home/airflow/.local/lib/python3.12/site-packages/airflow/example_dags/example_complex.py
[2024-04-25T13:52:54.134+0000] {processor.py:830} INFO - Processing file /home/airflow/.local/lib/python3.12/site-packages/airflow/example_dags/example_complex.py for tasks to queue
[2024-04-25T13:52:54.136+0000] {logging_mixin.py:188} INFO - [2024-04-25T13:52:54.136+0000] {dagbag.py:540} INFO - Filling up the DagBag from /home/airflow/.local/lib/python3.12/site-packages/airflow/example_dags/example_complex.py
[2024-04-25T13:52:54.148+0000] {processor.py:840} INFO - DAG(s) 'example_complex' retrieved from /home/airflow/.local/lib/python3.12/site-packages/airflow/example_dags/example_complex.py
[2024-04-25T13:52:54.185+0000] {logging_mixin.py:188} INFO - [2024-04-25T13:52:54.185+0000] {dag.py:3096} INFO - Sync 1 DAGs
[2024-04-25T13:52:54.199+0000] {logging_mixin.py:188} INFO - [2024-04-25T13:52:54.198+0000] {dag.py:3954} INFO - Setting next_dagrun for example_complex to None, run_after=None
[2024-04-25T13:52:54.221+0000] {processor.py:183} INFO - Processing /home/airflow/.local/lib/python3.12/site-packages/airflow/example_dags/example_complex.py took 0.094 seconds
[2024-04-25T13:53:24.642+0000] {processor.py:161} INFO - Started process (PID=7699) to work on /home/airflow/.local/lib/python3.12/site-packages/airflow/example_dags/example_complex.py
[2024-04-25T13:53:24.643+0000] {processor.py:830} INFO - Processing file /home/airflow/.local/lib/python3.12/site-packages/airflow/example_dags/example_complex.py for tasks to queue
[2024-04-25T13:53:24.645+0000] {logging_mixin.py:188} INFO - [2024-04-25T13:53:24.644+0000] {dagbag.py:540} INFO - Filling up the DagBag from /home/airflow/.local/lib/python3.12/site-packages/airflow/example_dags/example_complex.py
[2024-04-25T13:53:24.656+0000] {processor.py:840} INFO - DAG(s) 'example_complex' retrieved from /home/airflow/.local/lib/python3.12/site-packages/airflow/example_dags/example_complex.py
[2024-04-25T13:53:24.691+0000] {logging_mixin.py:188} INFO - [2024-04-25T13:53:24.691+0000] {dag.py:3096} INFO - Sync 1 DAGs
[2024-04-25T13:53:24.704+0000] {logging_mixin.py:188} INFO - [2024-04-25T13:53:24.704+0000] {dag.py:3954} INFO - Setting next_dagrun for example_complex to None, run_after=None
[2024-04-25T13:53:24.725+0000] {processor.py:183} INFO - Processing /home/airflow/.local/lib/python3.12/site-packages/airflow/example_dags/example_complex.py took 0.090 seconds
[2024-04-25T13:53:55.095+0000] {processor.py:161} INFO - Started process (PID=7961) to work on /home/airflow/.local/lib/python3.12/site-packages/airflow/example_dags/example_complex.py
[2024-04-25T13:53:55.096+0000] {processor.py:830} INFO - Processing file /home/airflow/.local/lib/python3.12/site-packages/airflow/example_dags/example_complex.py for tasks to queue
[2024-04-25T13:53:55.098+0000] {logging_mixin.py:188} INFO - [2024-04-25T13:53:55.098+0000] {dagbag.py:540} INFO - Filling up the DagBag from /home/airflow/.local/lib/python3.12/site-packages/airflow/example_dags/example_complex.py
[2024-04-25T13:53:55.112+0000] {processor.py:840} INFO - DAG(s) 'example_complex' retrieved from /home/airflow/.local/lib/python3.12/site-packages/airflow/example_dags/example_complex.py
[2024-04-25T13:53:55.165+0000] {logging_mixin.py:188} INFO - [2024-04-25T13:53:55.165+0000] {dag.py:3096} INFO - Sync 1 DAGs
[2024-04-25T13:53:55.181+0000] {logging_mixin.py:188} INFO - [2024-04-25T13:53:55.181+0000] {dag.py:3954} INFO - Setting next_dagrun for example_complex to None, run_after=None
[2024-04-25T13:53:55.213+0000] {processor.py:183} INFO - Processing /home/airflow/.local/lib/python3.12/site-packages/airflow/example_dags/example_complex.py took 0.127 seconds
[2024-04-25T13:54:25.480+0000] {processor.py:161} INFO - Started process (PID=8223) to work on /home/airflow/.local/lib/python3.12/site-packages/airflow/example_dags/example_complex.py
[2024-04-25T13:54:25.481+0000] {processor.py:830} INFO - Processing file /home/airflow/.local/lib/python3.12/site-packages/airflow/example_dags/example_complex.py for tasks to queue
[2024-04-25T13:54:25.483+0000] {logging_mixin.py:188} INFO - [2024-04-25T13:54:25.482+0000] {dagbag.py:540} INFO - Filling up the DagBag from /home/airflow/.local/lib/python3.12/site-packages/airflow/example_dags/example_complex.py
[2024-04-25T13:54:25.494+0000] {processor.py:840} INFO - DAG(s) 'example_complex' retrieved from /home/airflow/.local/lib/python3.12/site-packages/airflow/example_dags/example_complex.py
[2024-04-25T13:54:25.530+0000] {logging_mixin.py:188} INFO - [2024-04-25T13:54:25.530+0000] {dag.py:3096} INFO - Sync 1 DAGs
[2024-04-25T13:54:25.545+0000] {logging_mixin.py:188} INFO - [2024-04-25T13:54:25.544+0000] {dag.py:3954} INFO - Setting next_dagrun for example_complex to None, run_after=None
[2024-04-25T13:54:25.567+0000] {processor.py:183} INFO - Processing /home/airflow/.local/lib/python3.12/site-packages/airflow/example_dags/example_complex.py took 0.094 seconds
[2024-04-25T13:54:56.183+0000] {processor.py:161} INFO - Started process (PID=8485) to work on /home/airflow/.local/lib/python3.12/site-packages/airflow/example_dags/example_complex.py
[2024-04-25T13:54:56.185+0000] {processor.py:830} INFO - Processing file /home/airflow/.local/lib/python3.12/site-packages/airflow/example_dags/example_complex.py for tasks to queue
[2024-04-25T13:54:56.187+0000] {logging_mixin.py:188} INFO - [2024-04-25T13:54:56.187+0000] {dagbag.py:540} INFO - Filling up the DagBag from /home/airflow/.local/lib/python3.12/site-packages/airflow/example_dags/example_complex.py
[2024-04-25T13:54:56.206+0000] {processor.py:840} INFO - DAG(s) 'example_complex' retrieved from /home/airflow/.local/lib/python3.12/site-packages/airflow/example_dags/example_complex.py
[2024-04-25T13:54:56.250+0000] {logging_mixin.py:188} INFO - [2024-04-25T13:54:56.250+0000] {dag.py:3096} INFO - Sync 1 DAGs
[2024-04-25T13:54:56.266+0000] {logging_mixin.py:188} INFO - [2024-04-25T13:54:56.265+0000] {dag.py:3954} INFO - Setting next_dagrun for example_complex to None, run_after=None
[2024-04-25T13:54:56.297+0000] {processor.py:183} INFO - Processing /home/airflow/.local/lib/python3.12/site-packages/airflow/example_dags/example_complex.py took 0.123 seconds
[2024-04-25T13:55:26.600+0000] {processor.py:161} INFO - Started process (PID=8748) to work on /home/airflow/.local/lib/python3.12/site-packages/airflow/example_dags/example_complex.py
[2024-04-25T13:55:26.601+0000] {processor.py:830} INFO - Processing file /home/airflow/.local/lib/python3.12/site-packages/airflow/example_dags/example_complex.py for tasks to queue
[2024-04-25T13:55:26.604+0000] {logging_mixin.py:188} INFO - [2024-04-25T13:55:26.603+0000] {dagbag.py:540} INFO - Filling up the DagBag from /home/airflow/.local/lib/python3.12/site-packages/airflow/example_dags/example_complex.py
[2024-04-25T13:55:26.616+0000] {processor.py:840} INFO - DAG(s) 'example_complex' retrieved from /home/airflow/.local/lib/python3.12/site-packages/airflow/example_dags/example_complex.py
[2024-04-25T13:55:26.653+0000] {logging_mixin.py:188} INFO - [2024-04-25T13:55:26.653+0000] {dag.py:3096} INFO - Sync 1 DAGs
[2024-04-25T13:55:26.667+0000] {logging_mixin.py:188} INFO - [2024-04-25T13:55:26.667+0000] {dag.py:3954} INFO - Setting next_dagrun for example_complex to None, run_after=None
[2024-04-25T13:55:26.688+0000] {processor.py:183} INFO - Processing /home/airflow/.local/lib/python3.12/site-packages/airflow/example_dags/example_complex.py took 0.094 seconds
[2024-04-25T13:55:56.866+0000] {processor.py:161} INFO - Started process (PID=9010) to work on /home/airflow/.local/lib/python3.12/site-packages/airflow/example_dags/example_complex.py
[2024-04-25T13:55:56.867+0000] {processor.py:830} INFO - Processing file /home/airflow/.local/lib/python3.12/site-packages/airflow/example_dags/example_complex.py for tasks to queue
[2024-04-25T13:55:56.870+0000] {logging_mixin.py:188} INFO - [2024-04-25T13:55:56.869+0000] {dagbag.py:540} INFO - Filling up the DagBag from /home/airflow/.local/lib/python3.12/site-packages/airflow/example_dags/example_complex.py
[2024-04-25T13:55:56.881+0000] {processor.py:840} INFO - DAG(s) 'example_complex' retrieved from /home/airflow/.local/lib/python3.12/site-packages/airflow/example_dags/example_complex.py
[2024-04-25T13:55:56.916+0000] {logging_mixin.py:188} INFO - [2024-04-25T13:55:56.916+0000] {dag.py:3096} INFO - Sync 1 DAGs
[2024-04-25T13:55:56.929+0000] {logging_mixin.py:188} INFO - [2024-04-25T13:55:56.929+0000] {dag.py:3954} INFO - Setting next_dagrun for example_complex to None, run_after=None
[2024-04-25T13:55:56.949+0000] {processor.py:183} INFO - Processing /home/airflow/.local/lib/python3.12/site-packages/airflow/example_dags/example_complex.py took 0.089 seconds
[2024-04-25T13:56:27.352+0000] {processor.py:161} INFO - Started process (PID=9272) to work on /home/airflow/.local/lib/python3.12/site-packages/airflow/example_dags/example_complex.py
[2024-04-25T13:56:27.353+0000] {processor.py:830} INFO - Processing file /home/airflow/.local/lib/python3.12/site-packages/airflow/example_dags/example_complex.py for tasks to queue
[2024-04-25T13:56:27.356+0000] {logging_mixin.py:188} INFO - [2024-04-25T13:56:27.355+0000] {dagbag.py:540} INFO - Filling up the DagBag from /home/airflow/.local/lib/python3.12/site-packages/airflow/example_dags/example_complex.py
[2024-04-25T13:56:27.372+0000] {processor.py:840} INFO - DAG(s) 'example_complex' retrieved from /home/airflow/.local/lib/python3.12/site-packages/airflow/example_dags/example_complex.py
[2024-04-25T13:56:27.414+0000] {logging_mixin.py:188} INFO - [2024-04-25T13:56:27.413+0000] {dag.py:3096} INFO - Sync 1 DAGs
[2024-04-25T13:56:27.430+0000] {logging_mixin.py:188} INFO - [2024-04-25T13:56:27.430+0000] {dag.py:3954} INFO - Setting next_dagrun for example_complex to None, run_after=None
[2024-04-25T13:56:27.458+0000] {processor.py:183} INFO - Processing /home/airflow/.local/lib/python3.12/site-packages/airflow/example_dags/example_complex.py took 0.115 seconds
[2024-04-25T13:58:18.753+0000] {processor.py:161} INFO - Started process (PID=362) to work on /home/airflow/.local/lib/python3.12/site-packages/airflow/example_dags/example_complex.py
[2024-04-25T13:58:18.754+0000] {processor.py:830} INFO - Processing file /home/airflow/.local/lib/python3.12/site-packages/airflow/example_dags/example_complex.py for tasks to queue
[2024-04-25T13:58:18.756+0000] {logging_mixin.py:188} INFO - [2024-04-25T13:58:18.756+0000] {dagbag.py:540} INFO - Filling up the DagBag from /home/airflow/.local/lib/python3.12/site-packages/airflow/example_dags/example_complex.py
[2024-04-25T13:58:18.772+0000] {processor.py:840} INFO - DAG(s) 'example_complex' retrieved from /home/airflow/.local/lib/python3.12/site-packages/airflow/example_dags/example_complex.py
[2024-04-25T13:58:18.788+0000] {logging_mixin.py:188} INFO - [2024-04-25T13:58:18.787+0000] {dag.py:3096} INFO - Sync 1 DAGs
[2024-04-25T13:58:18.805+0000] {logging_mixin.py:188} INFO - [2024-04-25T13:58:18.805+0000] {dag.py:3954} INFO - Setting next_dagrun for example_complex to None, run_after=None
[2024-04-25T13:58:18.834+0000] {processor.py:183} INFO - Processing /home/airflow/.local/lib/python3.12/site-packages/airflow/example_dags/example_complex.py took 0.090 seconds
[2024-04-25T13:58:50.937+0000] {processor.py:161} INFO - Started process (PID=624) to work on /home/airflow/.local/lib/python3.12/site-packages/airflow/example_dags/example_complex.py
[2024-04-25T13:58:50.938+0000] {processor.py:830} INFO - Processing file /home/airflow/.local/lib/python3.12/site-packages/airflow/example_dags/example_complex.py for tasks to queue
[2024-04-25T13:58:50.940+0000] {logging_mixin.py:188} INFO - [2024-04-25T13:58:50.940+0000] {dagbag.py:540} INFO - Filling up the DagBag from /home/airflow/.local/lib/python3.12/site-packages/airflow/example_dags/example_complex.py
[2024-04-25T13:58:50.951+0000] {processor.py:840} INFO - DAG(s) 'example_complex' retrieved from /home/airflow/.local/lib/python3.12/site-packages/airflow/example_dags/example_complex.py
[2024-04-25T13:58:51.072+0000] {logging_mixin.py:188} INFO - [2024-04-25T13:58:51.072+0000] {dag.py:3096} INFO - Sync 1 DAGs
[2024-04-25T13:58:51.083+0000] {logging_mixin.py:188} INFO - [2024-04-25T13:58:51.083+0000] {dag.py:3954} INFO - Setting next_dagrun for example_complex to None, run_after=None
[2024-04-25T13:58:51.104+0000] {processor.py:183} INFO - Processing /home/airflow/.local/lib/python3.12/site-packages/airflow/example_dags/example_complex.py took 0.174 seconds
