[2024-04-25T13:39:05.178+0000] {processor.py:161} INFO - Started process (PID=227) to work on /home/airflow/.local/lib/python3.12/site-packages/airflow/example_dags/example_branch_day_of_week_operator.py
[2024-04-25T13:39:05.179+0000] {processor.py:830} INFO - Processing file /home/airflow/.local/lib/python3.12/site-packages/airflow/example_dags/example_branch_day_of_week_operator.py for tasks to queue
[2024-04-25T13:39:05.182+0000] {logging_mixin.py:188} INFO - [2024-04-25T13:39:05.181+0000] {dagbag.py:540} INFO - Filling up the DagBag from /home/airflow/.local/lib/python3.12/site-packages/airflow/example_dags/example_branch_day_of_week_operator.py
[2024-04-25T13:39:05.199+0000] {processor.py:840} INFO - DAG(s) 'example_weekday_branch_operator' retrieved from /home/airflow/.local/lib/python3.12/site-packages/airflow/example_dags/example_branch_day_of_week_operator.py
[2024-04-25T13:39:05.351+0000] {logging_mixin.py:188} INFO - [2024-04-25T13:39:05.351+0000] {dag.py:3096} INFO - Sync 1 DAGs
[2024-04-25T13:39:05.390+0000] {logging_mixin.py:188} INFO - [2024-04-25T13:39:05.390+0000] {dag.py:3954} INFO - Setting next_dagrun for example_weekday_branch_operator to 2024-04-24 00:00:00+00:00, run_after=2024-04-25 00:00:00+00:00
[2024-04-25T13:39:05.431+0000] {processor.py:183} INFO - Processing /home/airflow/.local/lib/python3.12/site-packages/airflow/example_dags/example_branch_day_of_week_operator.py took 0.261 seconds
[2024-04-25T13:39:36.055+0000] {processor.py:161} INFO - Started process (PID=489) to work on /home/airflow/.local/lib/python3.12/site-packages/airflow/example_dags/example_branch_day_of_week_operator.py
[2024-04-25T13:39:36.058+0000] {processor.py:830} INFO - Processing file /home/airflow/.local/lib/python3.12/site-packages/airflow/example_dags/example_branch_day_of_week_operator.py for tasks to queue
[2024-04-25T13:39:36.062+0000] {logging_mixin.py:188} INFO - [2024-04-25T13:39:36.061+0000] {dagbag.py:540} INFO - Filling up the DagBag from /home/airflow/.local/lib/python3.12/site-packages/airflow/example_dags/example_branch_day_of_week_operator.py
[2024-04-25T13:39:36.078+0000] {processor.py:840} INFO - DAG(s) 'example_weekday_branch_operator' retrieved from /home/airflow/.local/lib/python3.12/site-packages/airflow/example_dags/example_branch_day_of_week_operator.py
[2024-04-25T13:39:36.119+0000] {logging_mixin.py:188} INFO - [2024-04-25T13:39:36.118+0000] {dag.py:3096} INFO - Sync 1 DAGs
[2024-04-25T13:39:36.155+0000] {logging_mixin.py:188} INFO - [2024-04-25T13:39:36.154+0000] {dag.py:3954} INFO - Setting next_dagrun for example_weekday_branch_operator to 2024-04-24 00:00:00+00:00, run_after=2024-04-25 00:00:00+00:00
[2024-04-25T13:39:36.185+0000] {processor.py:183} INFO - Processing /home/airflow/.local/lib/python3.12/site-packages/airflow/example_dags/example_branch_day_of_week_operator.py took 0.138 seconds
[2024-04-25T13:40:06.845+0000] {processor.py:161} INFO - Started process (PID=751) to work on /home/airflow/.local/lib/python3.12/site-packages/airflow/example_dags/example_branch_day_of_week_operator.py
[2024-04-25T13:40:06.846+0000] {processor.py:830} INFO - Processing file /home/airflow/.local/lib/python3.12/site-packages/airflow/example_dags/example_branch_day_of_week_operator.py for tasks to queue
[2024-04-25T13:40:06.848+0000] {logging_mixin.py:188} INFO - [2024-04-25T13:40:06.847+0000] {dagbag.py:540} INFO - Filling up the DagBag from /home/airflow/.local/lib/python3.12/site-packages/airflow/example_dags/example_branch_day_of_week_operator.py
[2024-04-25T13:40:06.856+0000] {processor.py:840} INFO - DAG(s) 'example_weekday_branch_operator' retrieved from /home/airflow/.local/lib/python3.12/site-packages/airflow/example_dags/example_branch_day_of_week_operator.py
[2024-04-25T13:40:06.877+0000] {logging_mixin.py:188} INFO - [2024-04-25T13:40:06.877+0000] {dag.py:3096} INFO - Sync 1 DAGs
[2024-04-25T13:40:06.901+0000] {logging_mixin.py:188} INFO - [2024-04-25T13:40:06.901+0000] {dag.py:3954} INFO - Setting next_dagrun for example_weekday_branch_operator to 2024-04-24 00:00:00+00:00, run_after=2024-04-25 00:00:00+00:00
[2024-04-25T13:40:06.922+0000] {processor.py:183} INFO - Processing /home/airflow/.local/lib/python3.12/site-packages/airflow/example_dags/example_branch_day_of_week_operator.py took 0.085 seconds
[2024-04-25T13:40:37.371+0000] {processor.py:161} INFO - Started process (PID=1013) to work on /home/airflow/.local/lib/python3.12/site-packages/airflow/example_dags/example_branch_day_of_week_operator.py
[2024-04-25T13:40:37.372+0000] {processor.py:830} INFO - Processing file /home/airflow/.local/lib/python3.12/site-packages/airflow/example_dags/example_branch_day_of_week_operator.py for tasks to queue
[2024-04-25T13:40:37.374+0000] {logging_mixin.py:188} INFO - [2024-04-25T13:40:37.373+0000] {dagbag.py:540} INFO - Filling up the DagBag from /home/airflow/.local/lib/python3.12/site-packages/airflow/example_dags/example_branch_day_of_week_operator.py
[2024-04-25T13:40:37.382+0000] {processor.py:840} INFO - DAG(s) 'example_weekday_branch_operator' retrieved from /home/airflow/.local/lib/python3.12/site-packages/airflow/example_dags/example_branch_day_of_week_operator.py
[2024-04-25T13:40:37.404+0000] {logging_mixin.py:188} INFO - [2024-04-25T13:40:37.404+0000] {dag.py:3096} INFO - Sync 1 DAGs
[2024-04-25T13:40:37.429+0000] {logging_mixin.py:188} INFO - [2024-04-25T13:40:37.428+0000] {dag.py:3954} INFO - Setting next_dagrun for example_weekday_branch_operator to 2024-04-24 00:00:00+00:00, run_after=2024-04-25 00:00:00+00:00
[2024-04-25T13:40:37.448+0000] {processor.py:183} INFO - Processing /home/airflow/.local/lib/python3.12/site-packages/airflow/example_dags/example_branch_day_of_week_operator.py took 0.084 seconds
[2024-04-25T13:41:07.932+0000] {processor.py:161} INFO - Started process (PID=1281) to work on /home/airflow/.local/lib/python3.12/site-packages/airflow/example_dags/example_branch_day_of_week_operator.py
[2024-04-25T13:41:07.933+0000] {processor.py:830} INFO - Processing file /home/airflow/.local/lib/python3.12/site-packages/airflow/example_dags/example_branch_day_of_week_operator.py for tasks to queue
[2024-04-25T13:41:07.935+0000] {logging_mixin.py:188} INFO - [2024-04-25T13:41:07.935+0000] {dagbag.py:540} INFO - Filling up the DagBag from /home/airflow/.local/lib/python3.12/site-packages/airflow/example_dags/example_branch_day_of_week_operator.py
[2024-04-25T13:41:07.945+0000] {processor.py:840} INFO - DAG(s) 'example_weekday_branch_operator' retrieved from /home/airflow/.local/lib/python3.12/site-packages/airflow/example_dags/example_branch_day_of_week_operator.py
[2024-04-25T13:41:07.970+0000] {logging_mixin.py:188} INFO - [2024-04-25T13:41:07.970+0000] {dag.py:3096} INFO - Sync 1 DAGs
[2024-04-25T13:41:07.998+0000] {logging_mixin.py:188} INFO - [2024-04-25T13:41:07.998+0000] {dag.py:3954} INFO - Setting next_dagrun for example_weekday_branch_operator to 2024-04-24 00:00:00+00:00, run_after=2024-04-25 00:00:00+00:00
[2024-04-25T13:41:08.020+0000] {processor.py:183} INFO - Processing /home/airflow/.local/lib/python3.12/site-packages/airflow/example_dags/example_branch_day_of_week_operator.py took 0.098 seconds
[2024-04-25T13:41:38.571+0000] {processor.py:161} INFO - Started process (PID=1543) to work on /home/airflow/.local/lib/python3.12/site-packages/airflow/example_dags/example_branch_day_of_week_operator.py
[2024-04-25T13:41:38.572+0000] {processor.py:830} INFO - Processing file /home/airflow/.local/lib/python3.12/site-packages/airflow/example_dags/example_branch_day_of_week_operator.py for tasks to queue
[2024-04-25T13:41:38.575+0000] {logging_mixin.py:188} INFO - [2024-04-25T13:41:38.574+0000] {dagbag.py:540} INFO - Filling up the DagBag from /home/airflow/.local/lib/python3.12/site-packages/airflow/example_dags/example_branch_day_of_week_operator.py
[2024-04-25T13:41:38.587+0000] {processor.py:840} INFO - DAG(s) 'example_weekday_branch_operator' retrieved from /home/airflow/.local/lib/python3.12/site-packages/airflow/example_dags/example_branch_day_of_week_operator.py
[2024-04-25T13:41:38.613+0000] {logging_mixin.py:188} INFO - [2024-04-25T13:41:38.613+0000] {dag.py:3096} INFO - Sync 1 DAGs
[2024-04-25T13:41:38.651+0000] {logging_mixin.py:188} INFO - [2024-04-25T13:41:38.650+0000] {dag.py:3954} INFO - Setting next_dagrun for example_weekday_branch_operator to 2024-04-24 00:00:00+00:00, run_after=2024-04-25 00:00:00+00:00
[2024-04-25T13:41:38.676+0000] {processor.py:183} INFO - Processing /home/airflow/.local/lib/python3.12/site-packages/airflow/example_dags/example_branch_day_of_week_operator.py took 0.116 seconds
[2024-04-25T13:42:08.792+0000] {processor.py:161} INFO - Started process (PID=1807) to work on /home/airflow/.local/lib/python3.12/site-packages/airflow/example_dags/example_branch_day_of_week_operator.py
[2024-04-25T13:42:08.793+0000] {processor.py:830} INFO - Processing file /home/airflow/.local/lib/python3.12/site-packages/airflow/example_dags/example_branch_day_of_week_operator.py for tasks to queue
[2024-04-25T13:42:08.795+0000] {logging_mixin.py:188} INFO - [2024-04-25T13:42:08.794+0000] {dagbag.py:540} INFO - Filling up the DagBag from /home/airflow/.local/lib/python3.12/site-packages/airflow/example_dags/example_branch_day_of_week_operator.py
[2024-04-25T13:42:08.803+0000] {processor.py:840} INFO - DAG(s) 'example_weekday_branch_operator' retrieved from /home/airflow/.local/lib/python3.12/site-packages/airflow/example_dags/example_branch_day_of_week_operator.py
[2024-04-25T13:42:08.825+0000] {logging_mixin.py:188} INFO - [2024-04-25T13:42:08.825+0000] {dag.py:3096} INFO - Sync 1 DAGs
[2024-04-25T13:42:08.852+0000] {logging_mixin.py:188} INFO - [2024-04-25T13:42:08.852+0000] {dag.py:3954} INFO - Setting next_dagrun for example_weekday_branch_operator to 2024-04-24 00:00:00+00:00, run_after=2024-04-25 00:00:00+00:00
[2024-04-25T13:42:08.881+0000] {processor.py:183} INFO - Processing /home/airflow/.local/lib/python3.12/site-packages/airflow/example_dags/example_branch_day_of_week_operator.py took 0.096 seconds
[2024-04-25T13:42:39.280+0000] {processor.py:161} INFO - Started process (PID=2067) to work on /home/airflow/.local/lib/python3.12/site-packages/airflow/example_dags/example_branch_day_of_week_operator.py
[2024-04-25T13:42:39.282+0000] {processor.py:830} INFO - Processing file /home/airflow/.local/lib/python3.12/site-packages/airflow/example_dags/example_branch_day_of_week_operator.py for tasks to queue
[2024-04-25T13:42:39.284+0000] {logging_mixin.py:188} INFO - [2024-04-25T13:42:39.284+0000] {dagbag.py:540} INFO - Filling up the DagBag from /home/airflow/.local/lib/python3.12/site-packages/airflow/example_dags/example_branch_day_of_week_operator.py
[2024-04-25T13:42:39.292+0000] {processor.py:840} INFO - DAG(s) 'example_weekday_branch_operator' retrieved from /home/airflow/.local/lib/python3.12/site-packages/airflow/example_dags/example_branch_day_of_week_operator.py
[2024-04-25T13:42:39.316+0000] {logging_mixin.py:188} INFO - [2024-04-25T13:42:39.316+0000] {dag.py:3096} INFO - Sync 1 DAGs
[2024-04-25T13:42:39.341+0000] {logging_mixin.py:188} INFO - [2024-04-25T13:42:39.341+0000] {dag.py:3954} INFO - Setting next_dagrun for example_weekday_branch_operator to 2024-04-24 00:00:00+00:00, run_after=2024-04-25 00:00:00+00:00
[2024-04-25T13:42:39.361+0000] {processor.py:183} INFO - Processing /home/airflow/.local/lib/python3.12/site-packages/airflow/example_dags/example_branch_day_of_week_operator.py took 0.087 seconds
[2024-04-25T13:43:09.780+0000] {processor.py:161} INFO - Started process (PID=2329) to work on /home/airflow/.local/lib/python3.12/site-packages/airflow/example_dags/example_branch_day_of_week_operator.py
[2024-04-25T13:43:09.781+0000] {processor.py:830} INFO - Processing file /home/airflow/.local/lib/python3.12/site-packages/airflow/example_dags/example_branch_day_of_week_operator.py for tasks to queue
[2024-04-25T13:43:09.784+0000] {logging_mixin.py:188} INFO - [2024-04-25T13:43:09.783+0000] {dagbag.py:540} INFO - Filling up the DagBag from /home/airflow/.local/lib/python3.12/site-packages/airflow/example_dags/example_branch_day_of_week_operator.py
[2024-04-25T13:43:09.795+0000] {processor.py:840} INFO - DAG(s) 'example_weekday_branch_operator' retrieved from /home/airflow/.local/lib/python3.12/site-packages/airflow/example_dags/example_branch_day_of_week_operator.py
[2024-04-25T13:43:09.823+0000] {logging_mixin.py:188} INFO - [2024-04-25T13:43:09.822+0000] {dag.py:3096} INFO - Sync 1 DAGs
[2024-04-25T13:43:09.847+0000] {logging_mixin.py:188} INFO - [2024-04-25T13:43:09.847+0000] {dag.py:3954} INFO - Setting next_dagrun for example_weekday_branch_operator to 2024-04-24 00:00:00+00:00, run_after=2024-04-25 00:00:00+00:00
[2024-04-25T13:43:09.870+0000] {processor.py:183} INFO - Processing /home/airflow/.local/lib/python3.12/site-packages/airflow/example_dags/example_branch_day_of_week_operator.py took 0.099 seconds
[2024-04-25T13:43:40.242+0000] {processor.py:161} INFO - Started process (PID=2593) to work on /home/airflow/.local/lib/python3.12/site-packages/airflow/example_dags/example_branch_day_of_week_operator.py
[2024-04-25T13:43:40.242+0000] {processor.py:830} INFO - Processing file /home/airflow/.local/lib/python3.12/site-packages/airflow/example_dags/example_branch_day_of_week_operator.py for tasks to queue
[2024-04-25T13:43:40.244+0000] {logging_mixin.py:188} INFO - [2024-04-25T13:43:40.244+0000] {dagbag.py:540} INFO - Filling up the DagBag from /home/airflow/.local/lib/python3.12/site-packages/airflow/example_dags/example_branch_day_of_week_operator.py
[2024-04-25T13:43:40.252+0000] {processor.py:840} INFO - DAG(s) 'example_weekday_branch_operator' retrieved from /home/airflow/.local/lib/python3.12/site-packages/airflow/example_dags/example_branch_day_of_week_operator.py
[2024-04-25T13:43:40.274+0000] {logging_mixin.py:188} INFO - [2024-04-25T13:43:40.274+0000] {dag.py:3096} INFO - Sync 1 DAGs
[2024-04-25T13:43:40.298+0000] {logging_mixin.py:188} INFO - [2024-04-25T13:43:40.298+0000] {dag.py:3954} INFO - Setting next_dagrun for example_weekday_branch_operator to 2024-04-24 00:00:00+00:00, run_after=2024-04-25 00:00:00+00:00
[2024-04-25T13:43:40.319+0000] {processor.py:183} INFO - Processing /home/airflow/.local/lib/python3.12/site-packages/airflow/example_dags/example_branch_day_of_week_operator.py took 0.083 seconds
[2024-04-25T13:44:10.729+0000] {processor.py:161} INFO - Started process (PID=2853) to work on /home/airflow/.local/lib/python3.12/site-packages/airflow/example_dags/example_branch_day_of_week_operator.py
[2024-04-25T13:44:10.730+0000] {processor.py:830} INFO - Processing file /home/airflow/.local/lib/python3.12/site-packages/airflow/example_dags/example_branch_day_of_week_operator.py for tasks to queue
[2024-04-25T13:44:10.732+0000] {logging_mixin.py:188} INFO - [2024-04-25T13:44:10.732+0000] {dagbag.py:540} INFO - Filling up the DagBag from /home/airflow/.local/lib/python3.12/site-packages/airflow/example_dags/example_branch_day_of_week_operator.py
[2024-04-25T13:44:10.742+0000] {processor.py:840} INFO - DAG(s) 'example_weekday_branch_operator' retrieved from /home/airflow/.local/lib/python3.12/site-packages/airflow/example_dags/example_branch_day_of_week_operator.py
[2024-04-25T13:44:10.767+0000] {logging_mixin.py:188} INFO - [2024-04-25T13:44:10.766+0000] {dag.py:3096} INFO - Sync 1 DAGs
[2024-04-25T13:44:10.793+0000] {logging_mixin.py:188} INFO - [2024-04-25T13:44:10.792+0000] {dag.py:3954} INFO - Setting next_dagrun for example_weekday_branch_operator to 2024-04-24 00:00:00+00:00, run_after=2024-04-25 00:00:00+00:00
[2024-04-25T13:44:10.813+0000] {processor.py:183} INFO - Processing /home/airflow/.local/lib/python3.12/site-packages/airflow/example_dags/example_branch_day_of_week_operator.py took 0.090 seconds
[2024-04-25T13:44:41.113+0000] {processor.py:161} INFO - Started process (PID=3115) to work on /home/airflow/.local/lib/python3.12/site-packages/airflow/example_dags/example_branch_day_of_week_operator.py
[2024-04-25T13:44:41.114+0000] {processor.py:830} INFO - Processing file /home/airflow/.local/lib/python3.12/site-packages/airflow/example_dags/example_branch_day_of_week_operator.py for tasks to queue
[2024-04-25T13:44:41.116+0000] {logging_mixin.py:188} INFO - [2024-04-25T13:44:41.116+0000] {dagbag.py:540} INFO - Filling up the DagBag from /home/airflow/.local/lib/python3.12/site-packages/airflow/example_dags/example_branch_day_of_week_operator.py
[2024-04-25T13:44:41.125+0000] {processor.py:840} INFO - DAG(s) 'example_weekday_branch_operator' retrieved from /home/airflow/.local/lib/python3.12/site-packages/airflow/example_dags/example_branch_day_of_week_operator.py
[2024-04-25T13:44:41.151+0000] {logging_mixin.py:188} INFO - [2024-04-25T13:44:41.151+0000] {dag.py:3096} INFO - Sync 1 DAGs
[2024-04-25T13:44:41.186+0000] {logging_mixin.py:188} INFO - [2024-04-25T13:44:41.186+0000] {dag.py:3954} INFO - Setting next_dagrun for example_weekday_branch_operator to 2024-04-24 00:00:00+00:00, run_after=2024-04-25 00:00:00+00:00
[2024-04-25T13:44:41.208+0000] {processor.py:183} INFO - Processing /home/airflow/.local/lib/python3.12/site-packages/airflow/example_dags/example_branch_day_of_week_operator.py took 0.102 seconds
[2024-04-25T13:45:11.621+0000] {processor.py:161} INFO - Started process (PID=3377) to work on /home/airflow/.local/lib/python3.12/site-packages/airflow/example_dags/example_branch_day_of_week_operator.py
[2024-04-25T13:45:11.622+0000] {processor.py:830} INFO - Processing file /home/airflow/.local/lib/python3.12/site-packages/airflow/example_dags/example_branch_day_of_week_operator.py for tasks to queue
[2024-04-25T13:45:11.624+0000] {logging_mixin.py:188} INFO - [2024-04-25T13:45:11.624+0000] {dagbag.py:540} INFO - Filling up the DagBag from /home/airflow/.local/lib/python3.12/site-packages/airflow/example_dags/example_branch_day_of_week_operator.py
[2024-04-25T13:45:11.634+0000] {processor.py:840} INFO - DAG(s) 'example_weekday_branch_operator' retrieved from /home/airflow/.local/lib/python3.12/site-packages/airflow/example_dags/example_branch_day_of_week_operator.py
[2024-04-25T13:45:11.662+0000] {logging_mixin.py:188} INFO - [2024-04-25T13:45:11.662+0000] {dag.py:3096} INFO - Sync 1 DAGs
[2024-04-25T13:45:11.690+0000] {logging_mixin.py:188} INFO - [2024-04-25T13:45:11.690+0000] {dag.py:3954} INFO - Setting next_dagrun for example_weekday_branch_operator to 2024-04-24 00:00:00+00:00, run_after=2024-04-25 00:00:00+00:00
[2024-04-25T13:45:11.718+0000] {processor.py:183} INFO - Processing /home/airflow/.local/lib/python3.12/site-packages/airflow/example_dags/example_branch_day_of_week_operator.py took 0.104 seconds
[2024-04-25T13:45:42.056+0000] {processor.py:161} INFO - Started process (PID=3639) to work on /home/airflow/.local/lib/python3.12/site-packages/airflow/example_dags/example_branch_day_of_week_operator.py
[2024-04-25T13:45:42.057+0000] {processor.py:830} INFO - Processing file /home/airflow/.local/lib/python3.12/site-packages/airflow/example_dags/example_branch_day_of_week_operator.py for tasks to queue
[2024-04-25T13:45:42.060+0000] {logging_mixin.py:188} INFO - [2024-04-25T13:45:42.059+0000] {dagbag.py:540} INFO - Filling up the DagBag from /home/airflow/.local/lib/python3.12/site-packages/airflow/example_dags/example_branch_day_of_week_operator.py
[2024-04-25T13:45:42.069+0000] {processor.py:840} INFO - DAG(s) 'example_weekday_branch_operator' retrieved from /home/airflow/.local/lib/python3.12/site-packages/airflow/example_dags/example_branch_day_of_week_operator.py
[2024-04-25T13:45:42.093+0000] {logging_mixin.py:188} INFO - [2024-04-25T13:45:42.093+0000] {dag.py:3096} INFO - Sync 1 DAGs
[2024-04-25T13:45:42.121+0000] {logging_mixin.py:188} INFO - [2024-04-25T13:45:42.121+0000] {dag.py:3954} INFO - Setting next_dagrun for example_weekday_branch_operator to 2024-04-24 00:00:00+00:00, run_after=2024-04-25 00:00:00+00:00
[2024-04-25T13:45:42.145+0000] {processor.py:183} INFO - Processing /home/airflow/.local/lib/python3.12/site-packages/airflow/example_dags/example_branch_day_of_week_operator.py took 0.096 seconds
[2024-04-25T13:46:13.052+0000] {processor.py:161} INFO - Started process (PID=3901) to work on /home/airflow/.local/lib/python3.12/site-packages/airflow/example_dags/example_branch_day_of_week_operator.py
[2024-04-25T13:46:13.053+0000] {processor.py:830} INFO - Processing file /home/airflow/.local/lib/python3.12/site-packages/airflow/example_dags/example_branch_day_of_week_operator.py for tasks to queue
[2024-04-25T13:46:13.056+0000] {logging_mixin.py:188} INFO - [2024-04-25T13:46:13.055+0000] {dagbag.py:540} INFO - Filling up the DagBag from /home/airflow/.local/lib/python3.12/site-packages/airflow/example_dags/example_branch_day_of_week_operator.py
[2024-04-25T13:46:13.064+0000] {processor.py:840} INFO - DAG(s) 'example_weekday_branch_operator' retrieved from /home/airflow/.local/lib/python3.12/site-packages/airflow/example_dags/example_branch_day_of_week_operator.py
[2024-04-25T13:46:13.086+0000] {logging_mixin.py:188} INFO - [2024-04-25T13:46:13.086+0000] {dag.py:3096} INFO - Sync 1 DAGs
[2024-04-25T13:46:13.111+0000] {logging_mixin.py:188} INFO - [2024-04-25T13:46:13.110+0000] {dag.py:3954} INFO - Setting next_dagrun for example_weekday_branch_operator to 2024-04-24 00:00:00+00:00, run_after=2024-04-25 00:00:00+00:00
[2024-04-25T13:46:13.131+0000] {processor.py:183} INFO - Processing /home/airflow/.local/lib/python3.12/site-packages/airflow/example_dags/example_branch_day_of_week_operator.py took 0.085 seconds
[2024-04-25T13:46:43.432+0000] {processor.py:161} INFO - Started process (PID=4163) to work on /home/airflow/.local/lib/python3.12/site-packages/airflow/example_dags/example_branch_day_of_week_operator.py
[2024-04-25T13:46:43.433+0000] {processor.py:830} INFO - Processing file /home/airflow/.local/lib/python3.12/site-packages/airflow/example_dags/example_branch_day_of_week_operator.py for tasks to queue
[2024-04-25T13:46:43.435+0000] {logging_mixin.py:188} INFO - [2024-04-25T13:46:43.434+0000] {dagbag.py:540} INFO - Filling up the DagBag from /home/airflow/.local/lib/python3.12/site-packages/airflow/example_dags/example_branch_day_of_week_operator.py
[2024-04-25T13:46:43.442+0000] {processor.py:840} INFO - DAG(s) 'example_weekday_branch_operator' retrieved from /home/airflow/.local/lib/python3.12/site-packages/airflow/example_dags/example_branch_day_of_week_operator.py
[2024-04-25T13:46:43.464+0000] {logging_mixin.py:188} INFO - [2024-04-25T13:46:43.463+0000] {dag.py:3096} INFO - Sync 1 DAGs
[2024-04-25T13:46:43.489+0000] {logging_mixin.py:188} INFO - [2024-04-25T13:46:43.489+0000] {dag.py:3954} INFO - Setting next_dagrun for example_weekday_branch_operator to 2024-04-24 00:00:00+00:00, run_after=2024-04-25 00:00:00+00:00
[2024-04-25T13:46:43.508+0000] {processor.py:183} INFO - Processing /home/airflow/.local/lib/python3.12/site-packages/airflow/example_dags/example_branch_day_of_week_operator.py took 0.083 seconds
[2024-04-25T13:47:13.899+0000] {processor.py:161} INFO - Started process (PID=4425) to work on /home/airflow/.local/lib/python3.12/site-packages/airflow/example_dags/example_branch_day_of_week_operator.py
[2024-04-25T13:47:13.901+0000] {processor.py:830} INFO - Processing file /home/airflow/.local/lib/python3.12/site-packages/airflow/example_dags/example_branch_day_of_week_operator.py for tasks to queue
[2024-04-25T13:47:13.903+0000] {logging_mixin.py:188} INFO - [2024-04-25T13:47:13.902+0000] {dagbag.py:540} INFO - Filling up the DagBag from /home/airflow/.local/lib/python3.12/site-packages/airflow/example_dags/example_branch_day_of_week_operator.py
[2024-04-25T13:47:13.910+0000] {processor.py:840} INFO - DAG(s) 'example_weekday_branch_operator' retrieved from /home/airflow/.local/lib/python3.12/site-packages/airflow/example_dags/example_branch_day_of_week_operator.py
[2024-04-25T13:47:13.935+0000] {logging_mixin.py:188} INFO - [2024-04-25T13:47:13.935+0000] {dag.py:3096} INFO - Sync 1 DAGs
[2024-04-25T13:47:13.961+0000] {logging_mixin.py:188} INFO - [2024-04-25T13:47:13.960+0000] {dag.py:3954} INFO - Setting next_dagrun for example_weekday_branch_operator to 2024-04-24 00:00:00+00:00, run_after=2024-04-25 00:00:00+00:00
[2024-04-25T13:47:13.981+0000] {processor.py:183} INFO - Processing /home/airflow/.local/lib/python3.12/site-packages/airflow/example_dags/example_branch_day_of_week_operator.py took 0.088 seconds
[2024-04-25T13:47:44.298+0000] {processor.py:161} INFO - Started process (PID=4687) to work on /home/airflow/.local/lib/python3.12/site-packages/airflow/example_dags/example_branch_day_of_week_operator.py
[2024-04-25T13:47:44.299+0000] {processor.py:830} INFO - Processing file /home/airflow/.local/lib/python3.12/site-packages/airflow/example_dags/example_branch_day_of_week_operator.py for tasks to queue
[2024-04-25T13:47:44.301+0000] {logging_mixin.py:188} INFO - [2024-04-25T13:47:44.301+0000] {dagbag.py:540} INFO - Filling up the DagBag from /home/airflow/.local/lib/python3.12/site-packages/airflow/example_dags/example_branch_day_of_week_operator.py
[2024-04-25T13:47:44.309+0000] {processor.py:840} INFO - DAG(s) 'example_weekday_branch_operator' retrieved from /home/airflow/.local/lib/python3.12/site-packages/airflow/example_dags/example_branch_day_of_week_operator.py
[2024-04-25T13:47:44.329+0000] {logging_mixin.py:188} INFO - [2024-04-25T13:47:44.329+0000] {dag.py:3096} INFO - Sync 1 DAGs
[2024-04-25T13:47:44.355+0000] {logging_mixin.py:188} INFO - [2024-04-25T13:47:44.354+0000] {dag.py:3954} INFO - Setting next_dagrun for example_weekday_branch_operator to 2024-04-24 00:00:00+00:00, run_after=2024-04-25 00:00:00+00:00
[2024-04-25T13:47:44.377+0000] {processor.py:183} INFO - Processing /home/airflow/.local/lib/python3.12/site-packages/airflow/example_dags/example_branch_day_of_week_operator.py took 0.085 seconds
[2024-04-25T13:48:14.717+0000] {processor.py:161} INFO - Started process (PID=4949) to work on /home/airflow/.local/lib/python3.12/site-packages/airflow/example_dags/example_branch_day_of_week_operator.py
[2024-04-25T13:48:14.718+0000] {processor.py:830} INFO - Processing file /home/airflow/.local/lib/python3.12/site-packages/airflow/example_dags/example_branch_day_of_week_operator.py for tasks to queue
[2024-04-25T13:48:14.720+0000] {logging_mixin.py:188} INFO - [2024-04-25T13:48:14.719+0000] {dagbag.py:540} INFO - Filling up the DagBag from /home/airflow/.local/lib/python3.12/site-packages/airflow/example_dags/example_branch_day_of_week_operator.py
[2024-04-25T13:48:14.729+0000] {processor.py:840} INFO - DAG(s) 'example_weekday_branch_operator' retrieved from /home/airflow/.local/lib/python3.12/site-packages/airflow/example_dags/example_branch_day_of_week_operator.py
[2024-04-25T13:48:14.749+0000] {logging_mixin.py:188} INFO - [2024-04-25T13:48:14.749+0000] {dag.py:3096} INFO - Sync 1 DAGs
[2024-04-25T13:48:14.773+0000] {logging_mixin.py:188} INFO - [2024-04-25T13:48:14.773+0000] {dag.py:3954} INFO - Setting next_dagrun for example_weekday_branch_operator to 2024-04-24 00:00:00+00:00, run_after=2024-04-25 00:00:00+00:00
[2024-04-25T13:48:14.794+0000] {processor.py:183} INFO - Processing /home/airflow/.local/lib/python3.12/site-packages/airflow/example_dags/example_branch_day_of_week_operator.py took 0.083 seconds
[2024-04-25T13:48:45.300+0000] {processor.py:161} INFO - Started process (PID=5211) to work on /home/airflow/.local/lib/python3.12/site-packages/airflow/example_dags/example_branch_day_of_week_operator.py
[2024-04-25T13:48:45.301+0000] {processor.py:830} INFO - Processing file /home/airflow/.local/lib/python3.12/site-packages/airflow/example_dags/example_branch_day_of_week_operator.py for tasks to queue
[2024-04-25T13:48:45.303+0000] {logging_mixin.py:188} INFO - [2024-04-25T13:48:45.302+0000] {dagbag.py:540} INFO - Filling up the DagBag from /home/airflow/.local/lib/python3.12/site-packages/airflow/example_dags/example_branch_day_of_week_operator.py
[2024-04-25T13:48:45.311+0000] {processor.py:840} INFO - DAG(s) 'example_weekday_branch_operator' retrieved from /home/airflow/.local/lib/python3.12/site-packages/airflow/example_dags/example_branch_day_of_week_operator.py
[2024-04-25T13:48:45.332+0000] {logging_mixin.py:188} INFO - [2024-04-25T13:48:45.332+0000] {dag.py:3096} INFO - Sync 1 DAGs
[2024-04-25T13:48:45.356+0000] {logging_mixin.py:188} INFO - [2024-04-25T13:48:45.355+0000] {dag.py:3954} INFO - Setting next_dagrun for example_weekday_branch_operator to 2024-04-24 00:00:00+00:00, run_after=2024-04-25 00:00:00+00:00
[2024-04-25T13:48:45.376+0000] {processor.py:183} INFO - Processing /home/airflow/.local/lib/python3.12/site-packages/airflow/example_dags/example_branch_day_of_week_operator.py took 0.082 seconds
[2024-04-25T13:49:15.545+0000] {processor.py:161} INFO - Started process (PID=5473) to work on /home/airflow/.local/lib/python3.12/site-packages/airflow/example_dags/example_branch_day_of_week_operator.py
[2024-04-25T13:49:15.546+0000] {processor.py:830} INFO - Processing file /home/airflow/.local/lib/python3.12/site-packages/airflow/example_dags/example_branch_day_of_week_operator.py for tasks to queue
[2024-04-25T13:49:15.548+0000] {logging_mixin.py:188} INFO - [2024-04-25T13:49:15.548+0000] {dagbag.py:540} INFO - Filling up the DagBag from /home/airflow/.local/lib/python3.12/site-packages/airflow/example_dags/example_branch_day_of_week_operator.py
[2024-04-25T13:49:15.557+0000] {processor.py:840} INFO - DAG(s) 'example_weekday_branch_operator' retrieved from /home/airflow/.local/lib/python3.12/site-packages/airflow/example_dags/example_branch_day_of_week_operator.py
[2024-04-25T13:49:15.580+0000] {logging_mixin.py:188} INFO - [2024-04-25T13:49:15.580+0000] {dag.py:3096} INFO - Sync 1 DAGs
[2024-04-25T13:49:15.606+0000] {logging_mixin.py:188} INFO - [2024-04-25T13:49:15.605+0000] {dag.py:3954} INFO - Setting next_dagrun for example_weekday_branch_operator to 2024-04-24 00:00:00+00:00, run_after=2024-04-25 00:00:00+00:00
[2024-04-25T13:49:15.628+0000] {processor.py:183} INFO - Processing /home/airflow/.local/lib/python3.12/site-packages/airflow/example_dags/example_branch_day_of_week_operator.py took 0.090 seconds
[2024-04-25T13:49:46.060+0000] {processor.py:161} INFO - Started process (PID=5735) to work on /home/airflow/.local/lib/python3.12/site-packages/airflow/example_dags/example_branch_day_of_week_operator.py
[2024-04-25T13:49:46.061+0000] {processor.py:830} INFO - Processing file /home/airflow/.local/lib/python3.12/site-packages/airflow/example_dags/example_branch_day_of_week_operator.py for tasks to queue
[2024-04-25T13:49:46.063+0000] {logging_mixin.py:188} INFO - [2024-04-25T13:49:46.063+0000] {dagbag.py:540} INFO - Filling up the DagBag from /home/airflow/.local/lib/python3.12/site-packages/airflow/example_dags/example_branch_day_of_week_operator.py
[2024-04-25T13:49:46.071+0000] {processor.py:840} INFO - DAG(s) 'example_weekday_branch_operator' retrieved from /home/airflow/.local/lib/python3.12/site-packages/airflow/example_dags/example_branch_day_of_week_operator.py
[2024-04-25T13:49:46.094+0000] {logging_mixin.py:188} INFO - [2024-04-25T13:49:46.093+0000] {dag.py:3096} INFO - Sync 1 DAGs
[2024-04-25T13:49:46.118+0000] {logging_mixin.py:188} INFO - [2024-04-25T13:49:46.118+0000] {dag.py:3954} INFO - Setting next_dagrun for example_weekday_branch_operator to 2024-04-24 00:00:00+00:00, run_after=2024-04-25 00:00:00+00:00
[2024-04-25T13:49:46.140+0000] {processor.py:183} INFO - Processing /home/airflow/.local/lib/python3.12/site-packages/airflow/example_dags/example_branch_day_of_week_operator.py took 0.086 seconds
[2024-04-25T13:50:16.495+0000] {processor.py:161} INFO - Started process (PID=5997) to work on /home/airflow/.local/lib/python3.12/site-packages/airflow/example_dags/example_branch_day_of_week_operator.py
[2024-04-25T13:50:16.496+0000] {processor.py:830} INFO - Processing file /home/airflow/.local/lib/python3.12/site-packages/airflow/example_dags/example_branch_day_of_week_operator.py for tasks to queue
[2024-04-25T13:50:16.498+0000] {logging_mixin.py:188} INFO - [2024-04-25T13:50:16.497+0000] {dagbag.py:540} INFO - Filling up the DagBag from /home/airflow/.local/lib/python3.12/site-packages/airflow/example_dags/example_branch_day_of_week_operator.py
[2024-04-25T13:50:16.506+0000] {processor.py:840} INFO - DAG(s) 'example_weekday_branch_operator' retrieved from /home/airflow/.local/lib/python3.12/site-packages/airflow/example_dags/example_branch_day_of_week_operator.py
[2024-04-25T13:50:16.528+0000] {logging_mixin.py:188} INFO - [2024-04-25T13:50:16.528+0000] {dag.py:3096} INFO - Sync 1 DAGs
[2024-04-25T13:50:16.553+0000] {logging_mixin.py:188} INFO - [2024-04-25T13:50:16.553+0000] {dag.py:3954} INFO - Setting next_dagrun for example_weekday_branch_operator to 2024-04-24 00:00:00+00:00, run_after=2024-04-25 00:00:00+00:00
[2024-04-25T13:50:16.574+0000] {processor.py:183} INFO - Processing /home/airflow/.local/lib/python3.12/site-packages/airflow/example_dags/example_branch_day_of_week_operator.py took 0.086 seconds
[2024-04-25T13:50:47.124+0000] {processor.py:161} INFO - Started process (PID=6259) to work on /home/airflow/.local/lib/python3.12/site-packages/airflow/example_dags/example_branch_day_of_week_operator.py
[2024-04-25T13:50:47.125+0000] {processor.py:830} INFO - Processing file /home/airflow/.local/lib/python3.12/site-packages/airflow/example_dags/example_branch_day_of_week_operator.py for tasks to queue
[2024-04-25T13:50:47.127+0000] {logging_mixin.py:188} INFO - [2024-04-25T13:50:47.127+0000] {dagbag.py:540} INFO - Filling up the DagBag from /home/airflow/.local/lib/python3.12/site-packages/airflow/example_dags/example_branch_day_of_week_operator.py
[2024-04-25T13:50:47.135+0000] {processor.py:840} INFO - DAG(s) 'example_weekday_branch_operator' retrieved from /home/airflow/.local/lib/python3.12/site-packages/airflow/example_dags/example_branch_day_of_week_operator.py
[2024-04-25T13:50:47.158+0000] {logging_mixin.py:188} INFO - [2024-04-25T13:50:47.157+0000] {dag.py:3096} INFO - Sync 1 DAGs
[2024-04-25T13:50:47.184+0000] {logging_mixin.py:188} INFO - [2024-04-25T13:50:47.184+0000] {dag.py:3954} INFO - Setting next_dagrun for example_weekday_branch_operator to 2024-04-24 00:00:00+00:00, run_after=2024-04-25 00:00:00+00:00
[2024-04-25T13:50:47.207+0000] {processor.py:183} INFO - Processing /home/airflow/.local/lib/python3.12/site-packages/airflow/example_dags/example_branch_day_of_week_operator.py took 0.089 seconds
[2024-04-25T13:51:18.045+0000] {processor.py:161} INFO - Started process (PID=6521) to work on /home/airflow/.local/lib/python3.12/site-packages/airflow/example_dags/example_branch_day_of_week_operator.py
[2024-04-25T13:51:18.046+0000] {processor.py:830} INFO - Processing file /home/airflow/.local/lib/python3.12/site-packages/airflow/example_dags/example_branch_day_of_week_operator.py for tasks to queue
[2024-04-25T13:51:18.049+0000] {logging_mixin.py:188} INFO - [2024-04-25T13:51:18.049+0000] {dagbag.py:540} INFO - Filling up the DagBag from /home/airflow/.local/lib/python3.12/site-packages/airflow/example_dags/example_branch_day_of_week_operator.py
[2024-04-25T13:51:18.057+0000] {processor.py:840} INFO - DAG(s) 'example_weekday_branch_operator' retrieved from /home/airflow/.local/lib/python3.12/site-packages/airflow/example_dags/example_branch_day_of_week_operator.py
[2024-04-25T13:51:18.079+0000] {logging_mixin.py:188} INFO - [2024-04-25T13:51:18.078+0000] {dag.py:3096} INFO - Sync 1 DAGs
[2024-04-25T13:51:18.105+0000] {logging_mixin.py:188} INFO - [2024-04-25T13:51:18.105+0000] {dag.py:3954} INFO - Setting next_dagrun for example_weekday_branch_operator to 2024-04-24 00:00:00+00:00, run_after=2024-04-25 00:00:00+00:00
[2024-04-25T13:51:18.126+0000] {processor.py:183} INFO - Processing /home/airflow/.local/lib/python3.12/site-packages/airflow/example_dags/example_branch_day_of_week_operator.py took 0.087 seconds
[2024-04-25T13:51:48.400+0000] {processor.py:161} INFO - Started process (PID=6783) to work on /home/airflow/.local/lib/python3.12/site-packages/airflow/example_dags/example_branch_day_of_week_operator.py
[2024-04-25T13:51:48.401+0000] {processor.py:830} INFO - Processing file /home/airflow/.local/lib/python3.12/site-packages/airflow/example_dags/example_branch_day_of_week_operator.py for tasks to queue
[2024-04-25T13:51:48.404+0000] {logging_mixin.py:188} INFO - [2024-04-25T13:51:48.404+0000] {dagbag.py:540} INFO - Filling up the DagBag from /home/airflow/.local/lib/python3.12/site-packages/airflow/example_dags/example_branch_day_of_week_operator.py
[2024-04-25T13:51:48.412+0000] {processor.py:840} INFO - DAG(s) 'example_weekday_branch_operator' retrieved from /home/airflow/.local/lib/python3.12/site-packages/airflow/example_dags/example_branch_day_of_week_operator.py
[2024-04-25T13:51:48.437+0000] {logging_mixin.py:188} INFO - [2024-04-25T13:51:48.437+0000] {dag.py:3096} INFO - Sync 1 DAGs
[2024-04-25T13:51:48.463+0000] {logging_mixin.py:188} INFO - [2024-04-25T13:51:48.463+0000] {dag.py:3954} INFO - Setting next_dagrun for example_weekday_branch_operator to 2024-04-24 00:00:00+00:00, run_after=2024-04-25 00:00:00+00:00
[2024-04-25T13:51:48.486+0000] {processor.py:183} INFO - Processing /home/airflow/.local/lib/python3.12/site-packages/airflow/example_dags/example_branch_day_of_week_operator.py took 0.093 seconds
[2024-04-25T13:52:19.042+0000] {processor.py:161} INFO - Started process (PID=7045) to work on /home/airflow/.local/lib/python3.12/site-packages/airflow/example_dags/example_branch_day_of_week_operator.py
[2024-04-25T13:52:19.043+0000] {processor.py:830} INFO - Processing file /home/airflow/.local/lib/python3.12/site-packages/airflow/example_dags/example_branch_day_of_week_operator.py for tasks to queue
[2024-04-25T13:52:19.045+0000] {logging_mixin.py:188} INFO - [2024-04-25T13:52:19.045+0000] {dagbag.py:540} INFO - Filling up the DagBag from /home/airflow/.local/lib/python3.12/site-packages/airflow/example_dags/example_branch_day_of_week_operator.py
[2024-04-25T13:52:19.053+0000] {processor.py:840} INFO - DAG(s) 'example_weekday_branch_operator' retrieved from /home/airflow/.local/lib/python3.12/site-packages/airflow/example_dags/example_branch_day_of_week_operator.py
[2024-04-25T13:52:19.077+0000] {logging_mixin.py:188} INFO - [2024-04-25T13:52:19.077+0000] {dag.py:3096} INFO - Sync 1 DAGs
[2024-04-25T13:52:19.103+0000] {logging_mixin.py:188} INFO - [2024-04-25T13:52:19.102+0000] {dag.py:3954} INFO - Setting next_dagrun for example_weekday_branch_operator to 2024-04-24 00:00:00+00:00, run_after=2024-04-25 00:00:00+00:00
[2024-04-25T13:52:19.125+0000] {processor.py:183} INFO - Processing /home/airflow/.local/lib/python3.12/site-packages/airflow/example_dags/example_branch_day_of_week_operator.py took 0.090 seconds
[2024-04-25T13:52:49.251+0000] {processor.py:161} INFO - Started process (PID=7304) to work on /home/airflow/.local/lib/python3.12/site-packages/airflow/example_dags/example_branch_day_of_week_operator.py
[2024-04-25T13:52:49.252+0000] {processor.py:830} INFO - Processing file /home/airflow/.local/lib/python3.12/site-packages/airflow/example_dags/example_branch_day_of_week_operator.py for tasks to queue
[2024-04-25T13:52:49.254+0000] {logging_mixin.py:188} INFO - [2024-04-25T13:52:49.254+0000] {dagbag.py:540} INFO - Filling up the DagBag from /home/airflow/.local/lib/python3.12/site-packages/airflow/example_dags/example_branch_day_of_week_operator.py
[2024-04-25T13:52:49.262+0000] {processor.py:840} INFO - DAG(s) 'example_weekday_branch_operator' retrieved from /home/airflow/.local/lib/python3.12/site-packages/airflow/example_dags/example_branch_day_of_week_operator.py
[2024-04-25T13:52:49.284+0000] {logging_mixin.py:188} INFO - [2024-04-25T13:52:49.284+0000] {dag.py:3096} INFO - Sync 1 DAGs
[2024-04-25T13:52:49.309+0000] {logging_mixin.py:188} INFO - [2024-04-25T13:52:49.308+0000] {dag.py:3954} INFO - Setting next_dagrun for example_weekday_branch_operator to 2024-04-24 00:00:00+00:00, run_after=2024-04-25 00:00:00+00:00
[2024-04-25T13:52:49.329+0000] {processor.py:183} INFO - Processing /home/airflow/.local/lib/python3.12/site-packages/airflow/example_dags/example_branch_day_of_week_operator.py took 0.084 seconds
[2024-04-25T13:53:20.013+0000] {processor.py:161} INFO - Started process (PID=7571) to work on /home/airflow/.local/lib/python3.12/site-packages/airflow/example_dags/example_branch_day_of_week_operator.py
[2024-04-25T13:53:20.015+0000] {processor.py:830} INFO - Processing file /home/airflow/.local/lib/python3.12/site-packages/airflow/example_dags/example_branch_day_of_week_operator.py for tasks to queue
[2024-04-25T13:53:20.016+0000] {logging_mixin.py:188} INFO - [2024-04-25T13:53:20.016+0000] {dagbag.py:540} INFO - Filling up the DagBag from /home/airflow/.local/lib/python3.12/site-packages/airflow/example_dags/example_branch_day_of_week_operator.py
[2024-04-25T13:53:20.025+0000] {processor.py:840} INFO - DAG(s) 'example_weekday_branch_operator' retrieved from /home/airflow/.local/lib/python3.12/site-packages/airflow/example_dags/example_branch_day_of_week_operator.py
[2024-04-25T13:53:20.046+0000] {logging_mixin.py:188} INFO - [2024-04-25T13:53:20.046+0000] {dag.py:3096} INFO - Sync 1 DAGs
[2024-04-25T13:53:20.070+0000] {logging_mixin.py:188} INFO - [2024-04-25T13:53:20.069+0000] {dag.py:3954} INFO - Setting next_dagrun for example_weekday_branch_operator to 2024-04-24 00:00:00+00:00, run_after=2024-04-25 00:00:00+00:00
[2024-04-25T13:53:20.090+0000] {processor.py:183} INFO - Processing /home/airflow/.local/lib/python3.12/site-packages/airflow/example_dags/example_branch_day_of_week_operator.py took 0.083 seconds
[2024-04-25T13:53:50.494+0000] {processor.py:161} INFO - Started process (PID=7831) to work on /home/airflow/.local/lib/python3.12/site-packages/airflow/example_dags/example_branch_day_of_week_operator.py
[2024-04-25T13:53:50.495+0000] {processor.py:830} INFO - Processing file /home/airflow/.local/lib/python3.12/site-packages/airflow/example_dags/example_branch_day_of_week_operator.py for tasks to queue
[2024-04-25T13:53:50.497+0000] {logging_mixin.py:188} INFO - [2024-04-25T13:53:50.497+0000] {dagbag.py:540} INFO - Filling up the DagBag from /home/airflow/.local/lib/python3.12/site-packages/airflow/example_dags/example_branch_day_of_week_operator.py
[2024-04-25T13:53:50.505+0000] {processor.py:840} INFO - DAG(s) 'example_weekday_branch_operator' retrieved from /home/airflow/.local/lib/python3.12/site-packages/airflow/example_dags/example_branch_day_of_week_operator.py
[2024-04-25T13:53:50.528+0000] {logging_mixin.py:188} INFO - [2024-04-25T13:53:50.527+0000] {dag.py:3096} INFO - Sync 1 DAGs
[2024-04-25T13:53:50.559+0000] {logging_mixin.py:188} INFO - [2024-04-25T13:53:50.558+0000] {dag.py:3954} INFO - Setting next_dagrun for example_weekday_branch_operator to 2024-04-24 00:00:00+00:00, run_after=2024-04-25 00:00:00+00:00
[2024-04-25T13:53:50.581+0000] {processor.py:183} INFO - Processing /home/airflow/.local/lib/python3.12/site-packages/airflow/example_dags/example_branch_day_of_week_operator.py took 0.095 seconds
[2024-04-25T13:54:20.880+0000] {processor.py:161} INFO - Started process (PID=8093) to work on /home/airflow/.local/lib/python3.12/site-packages/airflow/example_dags/example_branch_day_of_week_operator.py
[2024-04-25T13:54:20.881+0000] {processor.py:830} INFO - Processing file /home/airflow/.local/lib/python3.12/site-packages/airflow/example_dags/example_branch_day_of_week_operator.py for tasks to queue
[2024-04-25T13:54:20.883+0000] {logging_mixin.py:188} INFO - [2024-04-25T13:54:20.883+0000] {dagbag.py:540} INFO - Filling up the DagBag from /home/airflow/.local/lib/python3.12/site-packages/airflow/example_dags/example_branch_day_of_week_operator.py
[2024-04-25T13:54:20.893+0000] {processor.py:840} INFO - DAG(s) 'example_weekday_branch_operator' retrieved from /home/airflow/.local/lib/python3.12/site-packages/airflow/example_dags/example_branch_day_of_week_operator.py
[2024-04-25T13:54:20.916+0000] {logging_mixin.py:188} INFO - [2024-04-25T13:54:20.915+0000] {dag.py:3096} INFO - Sync 1 DAGs
[2024-04-25T13:54:20.939+0000] {logging_mixin.py:188} INFO - [2024-04-25T13:54:20.939+0000] {dag.py:3954} INFO - Setting next_dagrun for example_weekday_branch_operator to 2024-04-24 00:00:00+00:00, run_after=2024-04-25 00:00:00+00:00
[2024-04-25T13:54:20.959+0000] {processor.py:183} INFO - Processing /home/airflow/.local/lib/python3.12/site-packages/airflow/example_dags/example_branch_day_of_week_operator.py took 0.086 seconds
[2024-04-25T13:54:51.250+0000] {processor.py:161} INFO - Started process (PID=8355) to work on /home/airflow/.local/lib/python3.12/site-packages/airflow/example_dags/example_branch_day_of_week_operator.py
[2024-04-25T13:54:51.251+0000] {processor.py:830} INFO - Processing file /home/airflow/.local/lib/python3.12/site-packages/airflow/example_dags/example_branch_day_of_week_operator.py for tasks to queue
[2024-04-25T13:54:51.253+0000] {logging_mixin.py:188} INFO - [2024-04-25T13:54:51.253+0000] {dagbag.py:540} INFO - Filling up the DagBag from /home/airflow/.local/lib/python3.12/site-packages/airflow/example_dags/example_branch_day_of_week_operator.py
[2024-04-25T13:54:51.262+0000] {processor.py:840} INFO - DAG(s) 'example_weekday_branch_operator' retrieved from /home/airflow/.local/lib/python3.12/site-packages/airflow/example_dags/example_branch_day_of_week_operator.py
[2024-04-25T13:54:51.285+0000] {logging_mixin.py:188} INFO - [2024-04-25T13:54:51.285+0000] {dag.py:3096} INFO - Sync 1 DAGs
[2024-04-25T13:54:51.311+0000] {logging_mixin.py:188} INFO - [2024-04-25T13:54:51.310+0000] {dag.py:3954} INFO - Setting next_dagrun for example_weekday_branch_operator to 2024-04-24 00:00:00+00:00, run_after=2024-04-25 00:00:00+00:00
[2024-04-25T13:54:51.333+0000] {processor.py:183} INFO - Processing /home/airflow/.local/lib/python3.12/site-packages/airflow/example_dags/example_branch_day_of_week_operator.py took 0.090 seconds
[2024-04-25T13:55:21.829+0000] {processor.py:161} INFO - Started process (PID=8618) to work on /home/airflow/.local/lib/python3.12/site-packages/airflow/example_dags/example_branch_day_of_week_operator.py
[2024-04-25T13:55:21.830+0000] {processor.py:830} INFO - Processing file /home/airflow/.local/lib/python3.12/site-packages/airflow/example_dags/example_branch_day_of_week_operator.py for tasks to queue
[2024-04-25T13:55:21.833+0000] {logging_mixin.py:188} INFO - [2024-04-25T13:55:21.833+0000] {dagbag.py:540} INFO - Filling up the DagBag from /home/airflow/.local/lib/python3.12/site-packages/airflow/example_dags/example_branch_day_of_week_operator.py
[2024-04-25T13:55:21.841+0000] {processor.py:840} INFO - DAG(s) 'example_weekday_branch_operator' retrieved from /home/airflow/.local/lib/python3.12/site-packages/airflow/example_dags/example_branch_day_of_week_operator.py
[2024-04-25T13:55:21.863+0000] {logging_mixin.py:188} INFO - [2024-04-25T13:55:21.862+0000] {dag.py:3096} INFO - Sync 1 DAGs
[2024-04-25T13:55:21.887+0000] {logging_mixin.py:188} INFO - [2024-04-25T13:55:21.887+0000] {dag.py:3954} INFO - Setting next_dagrun for example_weekday_branch_operator to 2024-04-24 00:00:00+00:00, run_after=2024-04-25 00:00:00+00:00
[2024-04-25T13:55:21.906+0000] {processor.py:183} INFO - Processing /home/airflow/.local/lib/python3.12/site-packages/airflow/example_dags/example_branch_day_of_week_operator.py took 0.084 seconds
[2024-04-25T13:55:52.349+0000] {processor.py:161} INFO - Started process (PID=8880) to work on /home/airflow/.local/lib/python3.12/site-packages/airflow/example_dags/example_branch_day_of_week_operator.py
[2024-04-25T13:55:52.350+0000] {processor.py:830} INFO - Processing file /home/airflow/.local/lib/python3.12/site-packages/airflow/example_dags/example_branch_day_of_week_operator.py for tasks to queue
[2024-04-25T13:55:52.352+0000] {logging_mixin.py:188} INFO - [2024-04-25T13:55:52.352+0000] {dagbag.py:540} INFO - Filling up the DagBag from /home/airflow/.local/lib/python3.12/site-packages/airflow/example_dags/example_branch_day_of_week_operator.py
[2024-04-25T13:55:52.361+0000] {processor.py:840} INFO - DAG(s) 'example_weekday_branch_operator' retrieved from /home/airflow/.local/lib/python3.12/site-packages/airflow/example_dags/example_branch_day_of_week_operator.py
[2024-04-25T13:55:52.384+0000] {logging_mixin.py:188} INFO - [2024-04-25T13:55:52.384+0000] {dag.py:3096} INFO - Sync 1 DAGs
[2024-04-25T13:55:52.411+0000] {logging_mixin.py:188} INFO - [2024-04-25T13:55:52.411+0000] {dag.py:3954} INFO - Setting next_dagrun for example_weekday_branch_operator to 2024-04-24 00:00:00+00:00, run_after=2024-04-25 00:00:00+00:00
[2024-04-25T13:55:52.431+0000] {processor.py:183} INFO - Processing /home/airflow/.local/lib/python3.12/site-packages/airflow/example_dags/example_branch_day_of_week_operator.py took 0.089 seconds
[2024-04-25T13:56:22.784+0000] {processor.py:161} INFO - Started process (PID=9142) to work on /home/airflow/.local/lib/python3.12/site-packages/airflow/example_dags/example_branch_day_of_week_operator.py
[2024-04-25T13:56:22.785+0000] {processor.py:830} INFO - Processing file /home/airflow/.local/lib/python3.12/site-packages/airflow/example_dags/example_branch_day_of_week_operator.py for tasks to queue
[2024-04-25T13:56:22.787+0000] {logging_mixin.py:188} INFO - [2024-04-25T13:56:22.787+0000] {dagbag.py:540} INFO - Filling up the DagBag from /home/airflow/.local/lib/python3.12/site-packages/airflow/example_dags/example_branch_day_of_week_operator.py
[2024-04-25T13:56:22.795+0000] {processor.py:840} INFO - DAG(s) 'example_weekday_branch_operator' retrieved from /home/airflow/.local/lib/python3.12/site-packages/airflow/example_dags/example_branch_day_of_week_operator.py
[2024-04-25T13:56:22.821+0000] {logging_mixin.py:188} INFO - [2024-04-25T13:56:22.820+0000] {dag.py:3096} INFO - Sync 1 DAGs
[2024-04-25T13:56:22.845+0000] {logging_mixin.py:188} INFO - [2024-04-25T13:56:22.844+0000] {dag.py:3954} INFO - Setting next_dagrun for example_weekday_branch_operator to 2024-04-24 00:00:00+00:00, run_after=2024-04-25 00:00:00+00:00
[2024-04-25T13:56:22.866+0000] {processor.py:183} INFO - Processing /home/airflow/.local/lib/python3.12/site-packages/airflow/example_dags/example_branch_day_of_week_operator.py took 0.088 seconds
[2024-04-25T13:58:16.736+0000] {processor.py:161} INFO - Started process (PID=227) to work on /home/airflow/.local/lib/python3.12/site-packages/airflow/example_dags/example_branch_day_of_week_operator.py
[2024-04-25T13:58:16.737+0000] {processor.py:830} INFO - Processing file /home/airflow/.local/lib/python3.12/site-packages/airflow/example_dags/example_branch_day_of_week_operator.py for tasks to queue
[2024-04-25T13:58:16.739+0000] {logging_mixin.py:188} INFO - [2024-04-25T13:58:16.739+0000] {dagbag.py:540} INFO - Filling up the DagBag from /home/airflow/.local/lib/python3.12/site-packages/airflow/example_dags/example_branch_day_of_week_operator.py
[2024-04-25T13:58:16.752+0000] {processor.py:840} INFO - DAG(s) 'example_weekday_branch_operator' retrieved from /home/airflow/.local/lib/python3.12/site-packages/airflow/example_dags/example_branch_day_of_week_operator.py
[2024-04-25T13:58:16.764+0000] {logging_mixin.py:188} INFO - [2024-04-25T13:58:16.764+0000] {dag.py:3096} INFO - Sync 1 DAGs
[2024-04-25T13:58:16.789+0000] {logging_mixin.py:188} INFO - [2024-04-25T13:58:16.789+0000] {dag.py:3954} INFO - Setting next_dagrun for example_weekday_branch_operator to 2024-04-24 00:00:00+00:00, run_after=2024-04-25 00:00:00+00:00
[2024-04-25T13:58:16.810+0000] {processor.py:183} INFO - Processing /home/airflow/.local/lib/python3.12/site-packages/airflow/example_dags/example_branch_day_of_week_operator.py took 0.080 seconds
[2024-04-25T13:58:47.724+0000] {processor.py:161} INFO - Started process (PID=489) to work on /home/airflow/.local/lib/python3.12/site-packages/airflow/example_dags/example_branch_day_of_week_operator.py
[2024-04-25T13:58:47.726+0000] {processor.py:830} INFO - Processing file /home/airflow/.local/lib/python3.12/site-packages/airflow/example_dags/example_branch_day_of_week_operator.py for tasks to queue
[2024-04-25T13:58:47.729+0000] {logging_mixin.py:188} INFO - [2024-04-25T13:58:47.728+0000] {dagbag.py:540} INFO - Filling up the DagBag from /home/airflow/.local/lib/python3.12/site-packages/airflow/example_dags/example_branch_day_of_week_operator.py
[2024-04-25T13:58:47.737+0000] {processor.py:840} INFO - DAG(s) 'example_weekday_branch_operator' retrieved from /home/airflow/.local/lib/python3.12/site-packages/airflow/example_dags/example_branch_day_of_week_operator.py
[2024-04-25T13:58:47.854+0000] {logging_mixin.py:188} INFO - [2024-04-25T13:58:47.854+0000] {dag.py:3096} INFO - Sync 1 DAGs
[2024-04-25T13:58:47.881+0000] {logging_mixin.py:188} INFO - [2024-04-25T13:58:47.881+0000] {dag.py:3954} INFO - Setting next_dagrun for example_weekday_branch_operator to 2024-04-24 00:00:00+00:00, run_after=2024-04-25 00:00:00+00:00
[2024-04-25T13:58:47.908+0000] {processor.py:183} INFO - Processing /home/airflow/.local/lib/python3.12/site-packages/airflow/example_dags/example_branch_day_of_week_operator.py took 0.191 seconds
