[2024-04-25T13:39:10.061+0000] {processor.py:161} INFO - Started process (PID=373) to work on /home/airflow/.local/lib/python3.12/site-packages/airflow/example_dags/example_bash_operator.py
[2024-04-25T13:39:10.062+0000] {processor.py:830} INFO - Processing file /home/airflow/.local/lib/python3.12/site-packages/airflow/example_dags/example_bash_operator.py for tasks to queue
[2024-04-25T13:39:10.064+0000] {logging_mixin.py:188} INFO - [2024-04-25T13:39:10.064+0000] {dagbag.py:540} INFO - Filling up the DagBag from /home/airflow/.local/lib/python3.12/site-packages/airflow/example_dags/example_bash_operator.py
[2024-04-25T13:39:10.081+0000] {processor.py:840} INFO - DAG(s) 'example_bash_operator' retrieved from /home/airflow/.local/lib/python3.12/site-packages/airflow/example_dags/example_bash_operator.py
[2024-04-25T13:39:10.251+0000] {logging_mixin.py:188} INFO - [2024-04-25T13:39:10.251+0000] {dag.py:3096} INFO - Sync 1 DAGs
[2024-04-25T13:39:10.286+0000] {logging_mixin.py:188} INFO - [2024-04-25T13:39:10.285+0000] {dag.py:3954} INFO - Setting next_dagrun for example_bash_operator to 2024-04-24 00:00:00+00:00, run_after=2024-04-25 00:00:00+00:00
[2024-04-25T13:39:10.323+0000] {processor.py:183} INFO - Processing /home/airflow/.local/lib/python3.12/site-packages/airflow/example_dags/example_bash_operator.py took 0.271 seconds
[2024-04-25T13:39:40.903+0000] {processor.py:161} INFO - Started process (PID=635) to work on /home/airflow/.local/lib/python3.12/site-packages/airflow/example_dags/example_bash_operator.py
[2024-04-25T13:39:40.904+0000] {processor.py:830} INFO - Processing file /home/airflow/.local/lib/python3.12/site-packages/airflow/example_dags/example_bash_operator.py for tasks to queue
[2024-04-25T13:39:40.907+0000] {logging_mixin.py:188} INFO - [2024-04-25T13:39:40.906+0000] {dagbag.py:540} INFO - Filling up the DagBag from /home/airflow/.local/lib/python3.12/site-packages/airflow/example_dags/example_bash_operator.py
[2024-04-25T13:39:40.919+0000] {processor.py:840} INFO - DAG(s) 'example_bash_operator' retrieved from /home/airflow/.local/lib/python3.12/site-packages/airflow/example_dags/example_bash_operator.py
[2024-04-25T13:39:40.951+0000] {logging_mixin.py:188} INFO - [2024-04-25T13:39:40.951+0000] {dag.py:3096} INFO - Sync 1 DAGs
[2024-04-25T13:39:40.980+0000] {logging_mixin.py:188} INFO - [2024-04-25T13:39:40.980+0000] {dag.py:3954} INFO - Setting next_dagrun for example_bash_operator to 2024-04-24 00:00:00+00:00, run_after=2024-04-25 00:00:00+00:00
[2024-04-25T13:39:41.003+0000] {processor.py:183} INFO - Processing /home/airflow/.local/lib/python3.12/site-packages/airflow/example_dags/example_bash_operator.py took 0.106 seconds
[2024-04-25T13:40:11.956+0000] {processor.py:161} INFO - Started process (PID=897) to work on /home/airflow/.local/lib/python3.12/site-packages/airflow/example_dags/example_bash_operator.py
[2024-04-25T13:40:11.958+0000] {processor.py:830} INFO - Processing file /home/airflow/.local/lib/python3.12/site-packages/airflow/example_dags/example_bash_operator.py for tasks to queue
[2024-04-25T13:40:11.961+0000] {logging_mixin.py:188} INFO - [2024-04-25T13:40:11.960+0000] {dagbag.py:540} INFO - Filling up the DagBag from /home/airflow/.local/lib/python3.12/site-packages/airflow/example_dags/example_bash_operator.py
[2024-04-25T13:40:11.976+0000] {processor.py:840} INFO - DAG(s) 'example_bash_operator' retrieved from /home/airflow/.local/lib/python3.12/site-packages/airflow/example_dags/example_bash_operator.py
[2024-04-25T13:40:12.014+0000] {logging_mixin.py:188} INFO - [2024-04-25T13:40:12.014+0000] {dag.py:3096} INFO - Sync 1 DAGs
[2024-04-25T13:40:12.045+0000] {logging_mixin.py:188} INFO - [2024-04-25T13:40:12.044+0000] {dag.py:3954} INFO - Setting next_dagrun for example_bash_operator to 2024-04-24 00:00:00+00:00, run_after=2024-04-25 00:00:00+00:00
[2024-04-25T13:40:12.092+0000] {processor.py:183} INFO - Processing /home/airflow/.local/lib/python3.12/site-packages/airflow/example_dags/example_bash_operator.py took 0.145 seconds
[2024-04-25T13:40:42.415+0000] {processor.py:161} INFO - Started process (PID=1161) to work on /home/airflow/.local/lib/python3.12/site-packages/airflow/example_dags/example_bash_operator.py
[2024-04-25T13:40:42.416+0000] {processor.py:830} INFO - Processing file /home/airflow/.local/lib/python3.12/site-packages/airflow/example_dags/example_bash_operator.py for tasks to queue
[2024-04-25T13:40:42.418+0000] {logging_mixin.py:188} INFO - [2024-04-25T13:40:42.417+0000] {dagbag.py:540} INFO - Filling up the DagBag from /home/airflow/.local/lib/python3.12/site-packages/airflow/example_dags/example_bash_operator.py
[2024-04-25T13:40:42.430+0000] {processor.py:840} INFO - DAG(s) 'example_bash_operator' retrieved from /home/airflow/.local/lib/python3.12/site-packages/airflow/example_dags/example_bash_operator.py
[2024-04-25T13:40:42.461+0000] {logging_mixin.py:188} INFO - [2024-04-25T13:40:42.461+0000] {dag.py:3096} INFO - Sync 1 DAGs
[2024-04-25T13:40:42.487+0000] {logging_mixin.py:188} INFO - [2024-04-25T13:40:42.486+0000] {dag.py:3954} INFO - Setting next_dagrun for example_bash_operator to 2024-04-24 00:00:00+00:00, run_after=2024-04-25 00:00:00+00:00
[2024-04-25T13:40:42.507+0000] {processor.py:183} INFO - Processing /home/airflow/.local/lib/python3.12/site-packages/airflow/example_dags/example_bash_operator.py took 0.098 seconds
[2024-04-25T13:41:13.041+0000] {processor.py:161} INFO - Started process (PID=1421) to work on /home/airflow/.local/lib/python3.12/site-packages/airflow/example_dags/example_bash_operator.py
[2024-04-25T13:41:13.043+0000] {processor.py:830} INFO - Processing file /home/airflow/.local/lib/python3.12/site-packages/airflow/example_dags/example_bash_operator.py for tasks to queue
[2024-04-25T13:41:13.047+0000] {logging_mixin.py:188} INFO - [2024-04-25T13:41:13.046+0000] {dagbag.py:540} INFO - Filling up the DagBag from /home/airflow/.local/lib/python3.12/site-packages/airflow/example_dags/example_bash_operator.py
[2024-04-25T13:41:13.064+0000] {processor.py:840} INFO - DAG(s) 'example_bash_operator' retrieved from /home/airflow/.local/lib/python3.12/site-packages/airflow/example_dags/example_bash_operator.py
[2024-04-25T13:41:13.109+0000] {logging_mixin.py:188} INFO - [2024-04-25T13:41:13.108+0000] {dag.py:3096} INFO - Sync 1 DAGs
[2024-04-25T13:41:13.144+0000] {logging_mixin.py:188} INFO - [2024-04-25T13:41:13.144+0000] {dag.py:3954} INFO - Setting next_dagrun for example_bash_operator to 2024-04-24 00:00:00+00:00, run_after=2024-04-25 00:00:00+00:00
[2024-04-25T13:41:13.171+0000] {processor.py:183} INFO - Processing /home/airflow/.local/lib/python3.12/site-packages/airflow/example_dags/example_bash_operator.py took 0.138 seconds
[2024-04-25T13:41:43.593+0000] {processor.py:161} INFO - Started process (PID=1683) to work on /home/airflow/.local/lib/python3.12/site-packages/airflow/example_dags/example_bash_operator.py
[2024-04-25T13:41:43.594+0000] {processor.py:830} INFO - Processing file /home/airflow/.local/lib/python3.12/site-packages/airflow/example_dags/example_bash_operator.py for tasks to queue
[2024-04-25T13:41:43.597+0000] {logging_mixin.py:188} INFO - [2024-04-25T13:41:43.596+0000] {dagbag.py:540} INFO - Filling up the DagBag from /home/airflow/.local/lib/python3.12/site-packages/airflow/example_dags/example_bash_operator.py
[2024-04-25T13:41:43.609+0000] {processor.py:840} INFO - DAG(s) 'example_bash_operator' retrieved from /home/airflow/.local/lib/python3.12/site-packages/airflow/example_dags/example_bash_operator.py
[2024-04-25T13:41:43.644+0000] {logging_mixin.py:188} INFO - [2024-04-25T13:41:43.643+0000] {dag.py:3096} INFO - Sync 1 DAGs
[2024-04-25T13:41:43.671+0000] {logging_mixin.py:188} INFO - [2024-04-25T13:41:43.671+0000] {dag.py:3954} INFO - Setting next_dagrun for example_bash_operator to 2024-04-24 00:00:00+00:00, run_after=2024-04-25 00:00:00+00:00
[2024-04-25T13:41:43.693+0000] {processor.py:183} INFO - Processing /home/airflow/.local/lib/python3.12/site-packages/airflow/example_dags/example_bash_operator.py took 0.106 seconds
[2024-04-25T13:42:13.781+0000] {processor.py:161} INFO - Started process (PID=1945) to work on /home/airflow/.local/lib/python3.12/site-packages/airflow/example_dags/example_bash_operator.py
[2024-04-25T13:42:13.783+0000] {processor.py:830} INFO - Processing file /home/airflow/.local/lib/python3.12/site-packages/airflow/example_dags/example_bash_operator.py for tasks to queue
[2024-04-25T13:42:13.785+0000] {logging_mixin.py:188} INFO - [2024-04-25T13:42:13.785+0000] {dagbag.py:540} INFO - Filling up the DagBag from /home/airflow/.local/lib/python3.12/site-packages/airflow/example_dags/example_bash_operator.py
[2024-04-25T13:42:13.796+0000] {processor.py:840} INFO - DAG(s) 'example_bash_operator' retrieved from /home/airflow/.local/lib/python3.12/site-packages/airflow/example_dags/example_bash_operator.py
[2024-04-25T13:42:13.827+0000] {logging_mixin.py:188} INFO - [2024-04-25T13:42:13.827+0000] {dag.py:3096} INFO - Sync 1 DAGs
[2024-04-25T13:42:13.853+0000] {logging_mixin.py:188} INFO - [2024-04-25T13:42:13.853+0000] {dag.py:3954} INFO - Setting next_dagrun for example_bash_operator to 2024-04-24 00:00:00+00:00, run_after=2024-04-25 00:00:00+00:00
[2024-04-25T13:42:13.873+0000] {processor.py:183} INFO - Processing /home/airflow/.local/lib/python3.12/site-packages/airflow/example_dags/example_bash_operator.py took 0.098 seconds
[2024-04-25T13:42:44.063+0000] {processor.py:161} INFO - Started process (PID=2204) to work on /home/airflow/.local/lib/python3.12/site-packages/airflow/example_dags/example_bash_operator.py
[2024-04-25T13:42:44.064+0000] {processor.py:830} INFO - Processing file /home/airflow/.local/lib/python3.12/site-packages/airflow/example_dags/example_bash_operator.py for tasks to queue
[2024-04-25T13:42:44.066+0000] {logging_mixin.py:188} INFO - [2024-04-25T13:42:44.066+0000] {dagbag.py:540} INFO - Filling up the DagBag from /home/airflow/.local/lib/python3.12/site-packages/airflow/example_dags/example_bash_operator.py
[2024-04-25T13:42:44.078+0000] {processor.py:840} INFO - DAG(s) 'example_bash_operator' retrieved from /home/airflow/.local/lib/python3.12/site-packages/airflow/example_dags/example_bash_operator.py
[2024-04-25T13:42:44.108+0000] {logging_mixin.py:188} INFO - [2024-04-25T13:42:44.107+0000] {dag.py:3096} INFO - Sync 1 DAGs
[2024-04-25T13:42:44.131+0000] {logging_mixin.py:188} INFO - [2024-04-25T13:42:44.131+0000] {dag.py:3954} INFO - Setting next_dagrun for example_bash_operator to 2024-04-24 00:00:00+00:00, run_after=2024-04-25 00:00:00+00:00
[2024-04-25T13:42:44.152+0000] {processor.py:183} INFO - Processing /home/airflow/.local/lib/python3.12/site-packages/airflow/example_dags/example_bash_operator.py took 0.096 seconds
[2024-04-25T13:43:14.570+0000] {processor.py:161} INFO - Started process (PID=2466) to work on /home/airflow/.local/lib/python3.12/site-packages/airflow/example_dags/example_bash_operator.py
[2024-04-25T13:43:14.571+0000] {processor.py:830} INFO - Processing file /home/airflow/.local/lib/python3.12/site-packages/airflow/example_dags/example_bash_operator.py for tasks to queue
[2024-04-25T13:43:14.574+0000] {logging_mixin.py:188} INFO - [2024-04-25T13:43:14.573+0000] {dagbag.py:540} INFO - Filling up the DagBag from /home/airflow/.local/lib/python3.12/site-packages/airflow/example_dags/example_bash_operator.py
[2024-04-25T13:43:14.588+0000] {processor.py:840} INFO - DAG(s) 'example_bash_operator' retrieved from /home/airflow/.local/lib/python3.12/site-packages/airflow/example_dags/example_bash_operator.py
[2024-04-25T13:43:14.626+0000] {logging_mixin.py:188} INFO - [2024-04-25T13:43:14.626+0000] {dag.py:3096} INFO - Sync 1 DAGs
[2024-04-25T13:43:14.655+0000] {logging_mixin.py:188} INFO - [2024-04-25T13:43:14.654+0000] {dag.py:3954} INFO - Setting next_dagrun for example_bash_operator to 2024-04-24 00:00:00+00:00, run_after=2024-04-25 00:00:00+00:00
[2024-04-25T13:43:14.675+0000] {processor.py:183} INFO - Processing /home/airflow/.local/lib/python3.12/site-packages/airflow/example_dags/example_bash_operator.py took 0.114 seconds
[2024-04-25T13:43:44.969+0000] {processor.py:161} INFO - Started process (PID=2728) to work on /home/airflow/.local/lib/python3.12/site-packages/airflow/example_dags/example_bash_operator.py
[2024-04-25T13:43:44.971+0000] {processor.py:830} INFO - Processing file /home/airflow/.local/lib/python3.12/site-packages/airflow/example_dags/example_bash_operator.py for tasks to queue
[2024-04-25T13:43:44.973+0000] {logging_mixin.py:188} INFO - [2024-04-25T13:43:44.972+0000] {dagbag.py:540} INFO - Filling up the DagBag from /home/airflow/.local/lib/python3.12/site-packages/airflow/example_dags/example_bash_operator.py
[2024-04-25T13:43:44.984+0000] {processor.py:840} INFO - DAG(s) 'example_bash_operator' retrieved from /home/airflow/.local/lib/python3.12/site-packages/airflow/example_dags/example_bash_operator.py
[2024-04-25T13:43:45.014+0000] {logging_mixin.py:188} INFO - [2024-04-25T13:43:45.014+0000] {dag.py:3096} INFO - Sync 1 DAGs
[2024-04-25T13:43:45.039+0000] {logging_mixin.py:188} INFO - [2024-04-25T13:43:45.039+0000] {dag.py:3954} INFO - Setting next_dagrun for example_bash_operator to 2024-04-24 00:00:00+00:00, run_after=2024-04-25 00:00:00+00:00
[2024-04-25T13:43:45.061+0000] {processor.py:183} INFO - Processing /home/airflow/.local/lib/python3.12/site-packages/airflow/example_dags/example_bash_operator.py took 0.098 seconds
[2024-04-25T13:44:15.351+0000] {processor.py:161} INFO - Started process (PID=2990) to work on /home/airflow/.local/lib/python3.12/site-packages/airflow/example_dags/example_bash_operator.py
[2024-04-25T13:44:15.352+0000] {processor.py:830} INFO - Processing file /home/airflow/.local/lib/python3.12/site-packages/airflow/example_dags/example_bash_operator.py for tasks to queue
[2024-04-25T13:44:15.355+0000] {logging_mixin.py:188} INFO - [2024-04-25T13:44:15.354+0000] {dagbag.py:540} INFO - Filling up the DagBag from /home/airflow/.local/lib/python3.12/site-packages/airflow/example_dags/example_bash_operator.py
[2024-04-25T13:44:15.368+0000] {processor.py:840} INFO - DAG(s) 'example_bash_operator' retrieved from /home/airflow/.local/lib/python3.12/site-packages/airflow/example_dags/example_bash_operator.py
[2024-04-25T13:44:15.397+0000] {logging_mixin.py:188} INFO - [2024-04-25T13:44:15.397+0000] {dag.py:3096} INFO - Sync 1 DAGs
[2024-04-25T13:44:15.422+0000] {logging_mixin.py:188} INFO - [2024-04-25T13:44:15.422+0000] {dag.py:3954} INFO - Setting next_dagrun for example_bash_operator to 2024-04-24 00:00:00+00:00, run_after=2024-04-25 00:00:00+00:00
[2024-04-25T13:44:15.442+0000] {processor.py:183} INFO - Processing /home/airflow/.local/lib/python3.12/site-packages/airflow/example_dags/example_bash_operator.py took 0.099 seconds
[2024-04-25T13:44:45.835+0000] {processor.py:161} INFO - Started process (PID=3252) to work on /home/airflow/.local/lib/python3.12/site-packages/airflow/example_dags/example_bash_operator.py
[2024-04-25T13:44:45.836+0000] {processor.py:830} INFO - Processing file /home/airflow/.local/lib/python3.12/site-packages/airflow/example_dags/example_bash_operator.py for tasks to queue
[2024-04-25T13:44:45.838+0000] {logging_mixin.py:188} INFO - [2024-04-25T13:44:45.838+0000] {dagbag.py:540} INFO - Filling up the DagBag from /home/airflow/.local/lib/python3.12/site-packages/airflow/example_dags/example_bash_operator.py
[2024-04-25T13:44:45.850+0000] {processor.py:840} INFO - DAG(s) 'example_bash_operator' retrieved from /home/airflow/.local/lib/python3.12/site-packages/airflow/example_dags/example_bash_operator.py
[2024-04-25T13:44:45.880+0000] {logging_mixin.py:188} INFO - [2024-04-25T13:44:45.880+0000] {dag.py:3096} INFO - Sync 1 DAGs
[2024-04-25T13:44:45.904+0000] {logging_mixin.py:188} INFO - [2024-04-25T13:44:45.903+0000] {dag.py:3954} INFO - Setting next_dagrun for example_bash_operator to 2024-04-24 00:00:00+00:00, run_after=2024-04-25 00:00:00+00:00
[2024-04-25T13:44:45.924+0000] {processor.py:183} INFO - Processing /home/airflow/.local/lib/python3.12/site-packages/airflow/example_dags/example_bash_operator.py took 0.095 seconds
[2024-04-25T13:45:16.531+0000] {processor.py:161} INFO - Started process (PID=3514) to work on /home/airflow/.local/lib/python3.12/site-packages/airflow/example_dags/example_bash_operator.py
[2024-04-25T13:45:16.532+0000] {processor.py:830} INFO - Processing file /home/airflow/.local/lib/python3.12/site-packages/airflow/example_dags/example_bash_operator.py for tasks to queue
[2024-04-25T13:45:16.534+0000] {logging_mixin.py:188} INFO - [2024-04-25T13:45:16.534+0000] {dagbag.py:540} INFO - Filling up the DagBag from /home/airflow/.local/lib/python3.12/site-packages/airflow/example_dags/example_bash_operator.py
[2024-04-25T13:45:16.550+0000] {processor.py:840} INFO - DAG(s) 'example_bash_operator' retrieved from /home/airflow/.local/lib/python3.12/site-packages/airflow/example_dags/example_bash_operator.py
[2024-04-25T13:45:16.587+0000] {logging_mixin.py:188} INFO - [2024-04-25T13:45:16.587+0000] {dag.py:3096} INFO - Sync 1 DAGs
[2024-04-25T13:45:16.615+0000] {logging_mixin.py:188} INFO - [2024-04-25T13:45:16.615+0000] {dag.py:3954} INFO - Setting next_dagrun for example_bash_operator to 2024-04-24 00:00:00+00:00, run_after=2024-04-25 00:00:00+00:00
[2024-04-25T13:45:16.639+0000] {processor.py:183} INFO - Processing /home/airflow/.local/lib/python3.12/site-packages/airflow/example_dags/example_bash_operator.py took 0.116 seconds
[2024-04-25T13:45:46.869+0000] {processor.py:161} INFO - Started process (PID=3776) to work on /home/airflow/.local/lib/python3.12/site-packages/airflow/example_dags/example_bash_operator.py
[2024-04-25T13:45:46.870+0000] {processor.py:830} INFO - Processing file /home/airflow/.local/lib/python3.12/site-packages/airflow/example_dags/example_bash_operator.py for tasks to queue
[2024-04-25T13:45:46.872+0000] {logging_mixin.py:188} INFO - [2024-04-25T13:45:46.871+0000] {dagbag.py:540} INFO - Filling up the DagBag from /home/airflow/.local/lib/python3.12/site-packages/airflow/example_dags/example_bash_operator.py
[2024-04-25T13:45:46.885+0000] {processor.py:840} INFO - DAG(s) 'example_bash_operator' retrieved from /home/airflow/.local/lib/python3.12/site-packages/airflow/example_dags/example_bash_operator.py
[2024-04-25T13:45:46.919+0000] {logging_mixin.py:188} INFO - [2024-04-25T13:45:46.919+0000] {dag.py:3096} INFO - Sync 1 DAGs
[2024-04-25T13:45:46.947+0000] {logging_mixin.py:188} INFO - [2024-04-25T13:45:46.947+0000] {dag.py:3954} INFO - Setting next_dagrun for example_bash_operator to 2024-04-24 00:00:00+00:00, run_after=2024-04-25 00:00:00+00:00
[2024-04-25T13:45:46.968+0000] {processor.py:183} INFO - Processing /home/airflow/.local/lib/python3.12/site-packages/airflow/example_dags/example_bash_operator.py took 0.107 seconds
[2024-04-25T13:46:17.663+0000] {processor.py:161} INFO - Started process (PID=4038) to work on /home/airflow/.local/lib/python3.12/site-packages/airflow/example_dags/example_bash_operator.py
[2024-04-25T13:46:17.664+0000] {processor.py:830} INFO - Processing file /home/airflow/.local/lib/python3.12/site-packages/airflow/example_dags/example_bash_operator.py for tasks to queue
[2024-04-25T13:46:17.666+0000] {logging_mixin.py:188} INFO - [2024-04-25T13:46:17.666+0000] {dagbag.py:540} INFO - Filling up the DagBag from /home/airflow/.local/lib/python3.12/site-packages/airflow/example_dags/example_bash_operator.py
[2024-04-25T13:46:17.678+0000] {processor.py:840} INFO - DAG(s) 'example_bash_operator' retrieved from /home/airflow/.local/lib/python3.12/site-packages/airflow/example_dags/example_bash_operator.py
[2024-04-25T13:46:17.710+0000] {logging_mixin.py:188} INFO - [2024-04-25T13:46:17.709+0000] {dag.py:3096} INFO - Sync 1 DAGs
[2024-04-25T13:46:17.734+0000] {logging_mixin.py:188} INFO - [2024-04-25T13:46:17.733+0000] {dag.py:3954} INFO - Setting next_dagrun for example_bash_operator to 2024-04-24 00:00:00+00:00, run_after=2024-04-25 00:00:00+00:00
[2024-04-25T13:46:17.752+0000] {processor.py:183} INFO - Processing /home/airflow/.local/lib/python3.12/site-packages/airflow/example_dags/example_bash_operator.py took 0.096 seconds
[2024-04-25T13:46:48.090+0000] {processor.py:161} INFO - Started process (PID=4300) to work on /home/airflow/.local/lib/python3.12/site-packages/airflow/example_dags/example_bash_operator.py
[2024-04-25T13:46:48.091+0000] {processor.py:830} INFO - Processing file /home/airflow/.local/lib/python3.12/site-packages/airflow/example_dags/example_bash_operator.py for tasks to queue
[2024-04-25T13:46:48.093+0000] {logging_mixin.py:188} INFO - [2024-04-25T13:46:48.092+0000] {dagbag.py:540} INFO - Filling up the DagBag from /home/airflow/.local/lib/python3.12/site-packages/airflow/example_dags/example_bash_operator.py
[2024-04-25T13:46:48.105+0000] {processor.py:840} INFO - DAG(s) 'example_bash_operator' retrieved from /home/airflow/.local/lib/python3.12/site-packages/airflow/example_dags/example_bash_operator.py
[2024-04-25T13:46:48.135+0000] {logging_mixin.py:188} INFO - [2024-04-25T13:46:48.135+0000] {dag.py:3096} INFO - Sync 1 DAGs
[2024-04-25T13:46:48.163+0000] {logging_mixin.py:188} INFO - [2024-04-25T13:46:48.163+0000] {dag.py:3954} INFO - Setting next_dagrun for example_bash_operator to 2024-04-24 00:00:00+00:00, run_after=2024-04-25 00:00:00+00:00
[2024-04-25T13:46:48.183+0000] {processor.py:183} INFO - Processing /home/airflow/.local/lib/python3.12/site-packages/airflow/example_dags/example_bash_operator.py took 0.100 seconds
[2024-04-25T13:47:18.567+0000] {processor.py:161} INFO - Started process (PID=4562) to work on /home/airflow/.local/lib/python3.12/site-packages/airflow/example_dags/example_bash_operator.py
[2024-04-25T13:47:18.568+0000] {processor.py:830} INFO - Processing file /home/airflow/.local/lib/python3.12/site-packages/airflow/example_dags/example_bash_operator.py for tasks to queue
[2024-04-25T13:47:18.570+0000] {logging_mixin.py:188} INFO - [2024-04-25T13:47:18.569+0000] {dagbag.py:540} INFO - Filling up the DagBag from /home/airflow/.local/lib/python3.12/site-packages/airflow/example_dags/example_bash_operator.py
[2024-04-25T13:47:18.581+0000] {processor.py:840} INFO - DAG(s) 'example_bash_operator' retrieved from /home/airflow/.local/lib/python3.12/site-packages/airflow/example_dags/example_bash_operator.py
[2024-04-25T13:47:18.610+0000] {logging_mixin.py:188} INFO - [2024-04-25T13:47:18.609+0000] {dag.py:3096} INFO - Sync 1 DAGs
[2024-04-25T13:47:18.633+0000] {logging_mixin.py:188} INFO - [2024-04-25T13:47:18.632+0000] {dag.py:3954} INFO - Setting next_dagrun for example_bash_operator to 2024-04-24 00:00:00+00:00, run_after=2024-04-25 00:00:00+00:00
[2024-04-25T13:47:18.651+0000] {processor.py:183} INFO - Processing /home/airflow/.local/lib/python3.12/site-packages/airflow/example_dags/example_bash_operator.py took 0.090 seconds
[2024-04-25T13:47:48.885+0000] {processor.py:161} INFO - Started process (PID=4824) to work on /home/airflow/.local/lib/python3.12/site-packages/airflow/example_dags/example_bash_operator.py
[2024-04-25T13:47:48.886+0000] {processor.py:830} INFO - Processing file /home/airflow/.local/lib/python3.12/site-packages/airflow/example_dags/example_bash_operator.py for tasks to queue
[2024-04-25T13:47:48.888+0000] {logging_mixin.py:188} INFO - [2024-04-25T13:47:48.888+0000] {dagbag.py:540} INFO - Filling up the DagBag from /home/airflow/.local/lib/python3.12/site-packages/airflow/example_dags/example_bash_operator.py
[2024-04-25T13:47:48.899+0000] {processor.py:840} INFO - DAG(s) 'example_bash_operator' retrieved from /home/airflow/.local/lib/python3.12/site-packages/airflow/example_dags/example_bash_operator.py
[2024-04-25T13:47:48.929+0000] {logging_mixin.py:188} INFO - [2024-04-25T13:47:48.929+0000] {dag.py:3096} INFO - Sync 1 DAGs
[2024-04-25T13:47:48.952+0000] {logging_mixin.py:188} INFO - [2024-04-25T13:47:48.951+0000] {dag.py:3954} INFO - Setting next_dagrun for example_bash_operator to 2024-04-24 00:00:00+00:00, run_after=2024-04-25 00:00:00+00:00
[2024-04-25T13:47:48.970+0000] {processor.py:183} INFO - Processing /home/airflow/.local/lib/python3.12/site-packages/airflow/example_dags/example_bash_operator.py took 0.091 seconds
[2024-04-25T13:48:19.364+0000] {processor.py:161} INFO - Started process (PID=5086) to work on /home/airflow/.local/lib/python3.12/site-packages/airflow/example_dags/example_bash_operator.py
[2024-04-25T13:48:19.365+0000] {processor.py:830} INFO - Processing file /home/airflow/.local/lib/python3.12/site-packages/airflow/example_dags/example_bash_operator.py for tasks to queue
[2024-04-25T13:48:19.367+0000] {logging_mixin.py:188} INFO - [2024-04-25T13:48:19.367+0000] {dagbag.py:540} INFO - Filling up the DagBag from /home/airflow/.local/lib/python3.12/site-packages/airflow/example_dags/example_bash_operator.py
[2024-04-25T13:48:19.379+0000] {processor.py:840} INFO - DAG(s) 'example_bash_operator' retrieved from /home/airflow/.local/lib/python3.12/site-packages/airflow/example_dags/example_bash_operator.py
[2024-04-25T13:48:19.409+0000] {logging_mixin.py:188} INFO - [2024-04-25T13:48:19.408+0000] {dag.py:3096} INFO - Sync 1 DAGs
[2024-04-25T13:48:19.436+0000] {logging_mixin.py:188} INFO - [2024-04-25T13:48:19.436+0000] {dag.py:3954} INFO - Setting next_dagrun for example_bash_operator to 2024-04-24 00:00:00+00:00, run_after=2024-04-25 00:00:00+00:00
[2024-04-25T13:48:19.457+0000] {processor.py:183} INFO - Processing /home/airflow/.local/lib/python3.12/site-packages/airflow/example_dags/example_bash_operator.py took 0.099 seconds
[2024-04-25T13:48:49.895+0000] {processor.py:161} INFO - Started process (PID=5348) to work on /home/airflow/.local/lib/python3.12/site-packages/airflow/example_dags/example_bash_operator.py
[2024-04-25T13:48:49.896+0000] {processor.py:830} INFO - Processing file /home/airflow/.local/lib/python3.12/site-packages/airflow/example_dags/example_bash_operator.py for tasks to queue
[2024-04-25T13:48:49.898+0000] {logging_mixin.py:188} INFO - [2024-04-25T13:48:49.898+0000] {dagbag.py:540} INFO - Filling up the DagBag from /home/airflow/.local/lib/python3.12/site-packages/airflow/example_dags/example_bash_operator.py
[2024-04-25T13:48:49.910+0000] {processor.py:840} INFO - DAG(s) 'example_bash_operator' retrieved from /home/airflow/.local/lib/python3.12/site-packages/airflow/example_dags/example_bash_operator.py
[2024-04-25T13:48:49.939+0000] {logging_mixin.py:188} INFO - [2024-04-25T13:48:49.939+0000] {dag.py:3096} INFO - Sync 1 DAGs
[2024-04-25T13:48:49.963+0000] {logging_mixin.py:188} INFO - [2024-04-25T13:48:49.963+0000] {dag.py:3954} INFO - Setting next_dagrun for example_bash_operator to 2024-04-24 00:00:00+00:00, run_after=2024-04-25 00:00:00+00:00
[2024-04-25T13:48:49.984+0000] {processor.py:183} INFO - Processing /home/airflow/.local/lib/python3.12/site-packages/airflow/example_dags/example_bash_operator.py took 0.095 seconds
[2024-04-25T13:49:20.175+0000] {processor.py:161} INFO - Started process (PID=5610) to work on /home/airflow/.local/lib/python3.12/site-packages/airflow/example_dags/example_bash_operator.py
[2024-04-25T13:49:20.176+0000] {processor.py:830} INFO - Processing file /home/airflow/.local/lib/python3.12/site-packages/airflow/example_dags/example_bash_operator.py for tasks to queue
[2024-04-25T13:49:20.178+0000] {logging_mixin.py:188} INFO - [2024-04-25T13:49:20.178+0000] {dagbag.py:540} INFO - Filling up the DagBag from /home/airflow/.local/lib/python3.12/site-packages/airflow/example_dags/example_bash_operator.py
[2024-04-25T13:49:20.190+0000] {processor.py:840} INFO - DAG(s) 'example_bash_operator' retrieved from /home/airflow/.local/lib/python3.12/site-packages/airflow/example_dags/example_bash_operator.py
[2024-04-25T13:49:20.219+0000] {logging_mixin.py:188} INFO - [2024-04-25T13:49:20.219+0000] {dag.py:3096} INFO - Sync 1 DAGs
[2024-04-25T13:49:20.243+0000] {logging_mixin.py:188} INFO - [2024-04-25T13:49:20.243+0000] {dag.py:3954} INFO - Setting next_dagrun for example_bash_operator to 2024-04-24 00:00:00+00:00, run_after=2024-04-25 00:00:00+00:00
[2024-04-25T13:49:20.263+0000] {processor.py:183} INFO - Processing /home/airflow/.local/lib/python3.12/site-packages/airflow/example_dags/example_bash_operator.py took 0.095 seconds
[2024-04-25T13:49:50.747+0000] {processor.py:161} INFO - Started process (PID=5872) to work on /home/airflow/.local/lib/python3.12/site-packages/airflow/example_dags/example_bash_operator.py
[2024-04-25T13:49:50.748+0000] {processor.py:830} INFO - Processing file /home/airflow/.local/lib/python3.12/site-packages/airflow/example_dags/example_bash_operator.py for tasks to queue
[2024-04-25T13:49:50.750+0000] {logging_mixin.py:188} INFO - [2024-04-25T13:49:50.750+0000] {dagbag.py:540} INFO - Filling up the DagBag from /home/airflow/.local/lib/python3.12/site-packages/airflow/example_dags/example_bash_operator.py
[2024-04-25T13:49:50.764+0000] {processor.py:840} INFO - DAG(s) 'example_bash_operator' retrieved from /home/airflow/.local/lib/python3.12/site-packages/airflow/example_dags/example_bash_operator.py
[2024-04-25T13:49:50.794+0000] {logging_mixin.py:188} INFO - [2024-04-25T13:49:50.794+0000] {dag.py:3096} INFO - Sync 1 DAGs
[2024-04-25T13:49:50.818+0000] {logging_mixin.py:188} INFO - [2024-04-25T13:49:50.818+0000] {dag.py:3954} INFO - Setting next_dagrun for example_bash_operator to 2024-04-24 00:00:00+00:00, run_after=2024-04-25 00:00:00+00:00
[2024-04-25T13:49:50.837+0000] {processor.py:183} INFO - Processing /home/airflow/.local/lib/python3.12/site-packages/airflow/example_dags/example_bash_operator.py took 0.097 seconds
[2024-04-25T13:50:21.358+0000] {processor.py:161} INFO - Started process (PID=6134) to work on /home/airflow/.local/lib/python3.12/site-packages/airflow/example_dags/example_bash_operator.py
[2024-04-25T13:50:21.359+0000] {processor.py:830} INFO - Processing file /home/airflow/.local/lib/python3.12/site-packages/airflow/example_dags/example_bash_operator.py for tasks to queue
[2024-04-25T13:50:21.361+0000] {logging_mixin.py:188} INFO - [2024-04-25T13:50:21.361+0000] {dagbag.py:540} INFO - Filling up the DagBag from /home/airflow/.local/lib/python3.12/site-packages/airflow/example_dags/example_bash_operator.py
[2024-04-25T13:50:21.373+0000] {processor.py:840} INFO - DAG(s) 'example_bash_operator' retrieved from /home/airflow/.local/lib/python3.12/site-packages/airflow/example_dags/example_bash_operator.py
[2024-04-25T13:50:21.404+0000] {logging_mixin.py:188} INFO - [2024-04-25T13:50:21.404+0000] {dag.py:3096} INFO - Sync 1 DAGs
[2024-04-25T13:50:21.428+0000] {logging_mixin.py:188} INFO - [2024-04-25T13:50:21.427+0000] {dag.py:3954} INFO - Setting next_dagrun for example_bash_operator to 2024-04-24 00:00:00+00:00, run_after=2024-04-25 00:00:00+00:00
[2024-04-25T13:50:21.448+0000] {processor.py:183} INFO - Processing /home/airflow/.local/lib/python3.12/site-packages/airflow/example_dags/example_bash_operator.py took 0.096 seconds
[2024-04-25T13:50:52.286+0000] {processor.py:161} INFO - Started process (PID=6394) to work on /home/airflow/.local/lib/python3.12/site-packages/airflow/example_dags/example_bash_operator.py
[2024-04-25T13:50:52.287+0000] {processor.py:830} INFO - Processing file /home/airflow/.local/lib/python3.12/site-packages/airflow/example_dags/example_bash_operator.py for tasks to queue
[2024-04-25T13:50:52.289+0000] {logging_mixin.py:188} INFO - [2024-04-25T13:50:52.289+0000] {dagbag.py:540} INFO - Filling up the DagBag from /home/airflow/.local/lib/python3.12/site-packages/airflow/example_dags/example_bash_operator.py
[2024-04-25T13:50:52.303+0000] {processor.py:840} INFO - DAG(s) 'example_bash_operator' retrieved from /home/airflow/.local/lib/python3.12/site-packages/airflow/example_dags/example_bash_operator.py
[2024-04-25T13:50:52.336+0000] {logging_mixin.py:188} INFO - [2024-04-25T13:50:52.336+0000] {dag.py:3096} INFO - Sync 1 DAGs
[2024-04-25T13:50:52.361+0000] {logging_mixin.py:188} INFO - [2024-04-25T13:50:52.361+0000] {dag.py:3954} INFO - Setting next_dagrun for example_bash_operator to 2024-04-24 00:00:00+00:00, run_after=2024-04-25 00:00:00+00:00
[2024-04-25T13:50:52.384+0000] {processor.py:183} INFO - Processing /home/airflow/.local/lib/python3.12/site-packages/airflow/example_dags/example_bash_operator.py took 0.105 seconds
[2024-04-25T13:51:22.663+0000] {processor.py:161} INFO - Started process (PID=6658) to work on /home/airflow/.local/lib/python3.12/site-packages/airflow/example_dags/example_bash_operator.py
[2024-04-25T13:51:22.664+0000] {processor.py:830} INFO - Processing file /home/airflow/.local/lib/python3.12/site-packages/airflow/example_dags/example_bash_operator.py for tasks to queue
[2024-04-25T13:51:22.667+0000] {logging_mixin.py:188} INFO - [2024-04-25T13:51:22.666+0000] {dagbag.py:540} INFO - Filling up the DagBag from /home/airflow/.local/lib/python3.12/site-packages/airflow/example_dags/example_bash_operator.py
[2024-04-25T13:51:22.678+0000] {processor.py:840} INFO - DAG(s) 'example_bash_operator' retrieved from /home/airflow/.local/lib/python3.12/site-packages/airflow/example_dags/example_bash_operator.py
[2024-04-25T13:51:22.709+0000] {logging_mixin.py:188} INFO - [2024-04-25T13:51:22.709+0000] {dag.py:3096} INFO - Sync 1 DAGs
[2024-04-25T13:51:22.733+0000] {logging_mixin.py:188} INFO - [2024-04-25T13:51:22.733+0000] {dag.py:3954} INFO - Setting next_dagrun for example_bash_operator to 2024-04-24 00:00:00+00:00, run_after=2024-04-25 00:00:00+00:00
[2024-04-25T13:51:22.753+0000] {processor.py:183} INFO - Processing /home/airflow/.local/lib/python3.12/site-packages/airflow/example_dags/example_bash_operator.py took 0.096 seconds
[2024-04-25T13:51:53.085+0000] {processor.py:161} INFO - Started process (PID=6920) to work on /home/airflow/.local/lib/python3.12/site-packages/airflow/example_dags/example_bash_operator.py
[2024-04-25T13:51:53.086+0000] {processor.py:830} INFO - Processing file /home/airflow/.local/lib/python3.12/site-packages/airflow/example_dags/example_bash_operator.py for tasks to queue
[2024-04-25T13:51:53.088+0000] {logging_mixin.py:188} INFO - [2024-04-25T13:51:53.088+0000] {dagbag.py:540} INFO - Filling up the DagBag from /home/airflow/.local/lib/python3.12/site-packages/airflow/example_dags/example_bash_operator.py
[2024-04-25T13:51:53.099+0000] {processor.py:840} INFO - DAG(s) 'example_bash_operator' retrieved from /home/airflow/.local/lib/python3.12/site-packages/airflow/example_dags/example_bash_operator.py
[2024-04-25T13:51:53.129+0000] {logging_mixin.py:188} INFO - [2024-04-25T13:51:53.128+0000] {dag.py:3096} INFO - Sync 1 DAGs
[2024-04-25T13:51:53.154+0000] {logging_mixin.py:188} INFO - [2024-04-25T13:51:53.154+0000] {dag.py:3954} INFO - Setting next_dagrun for example_bash_operator to 2024-04-24 00:00:00+00:00, run_after=2024-04-25 00:00:00+00:00
[2024-04-25T13:51:53.174+0000] {processor.py:183} INFO - Processing /home/airflow/.local/lib/python3.12/site-packages/airflow/example_dags/example_bash_operator.py took 0.096 seconds
[2024-04-25T13:52:23.805+0000] {processor.py:161} INFO - Started process (PID=7180) to work on /home/airflow/.local/lib/python3.12/site-packages/airflow/example_dags/example_bash_operator.py
[2024-04-25T13:52:23.806+0000] {processor.py:830} INFO - Processing file /home/airflow/.local/lib/python3.12/site-packages/airflow/example_dags/example_bash_operator.py for tasks to queue
[2024-04-25T13:52:23.808+0000] {logging_mixin.py:188} INFO - [2024-04-25T13:52:23.808+0000] {dagbag.py:540} INFO - Filling up the DagBag from /home/airflow/.local/lib/python3.12/site-packages/airflow/example_dags/example_bash_operator.py
[2024-04-25T13:52:23.944+0000] {processor.py:840} INFO - DAG(s) 'example_bash_operator' retrieved from /home/airflow/.local/lib/python3.12/site-packages/airflow/example_dags/example_bash_operator.py
[2024-04-25T13:52:23.972+0000] {logging_mixin.py:188} INFO - [2024-04-25T13:52:23.971+0000] {dag.py:3096} INFO - Sync 1 DAGs
[2024-04-25T13:52:23.993+0000] {logging_mixin.py:188} INFO - [2024-04-25T13:52:23.993+0000] {dag.py:3954} INFO - Setting next_dagrun for example_bash_operator to 2024-04-24 00:00:00+00:00, run_after=2024-04-25 00:00:00+00:00
[2024-04-25T13:52:24.014+0000] {processor.py:183} INFO - Processing /home/airflow/.local/lib/python3.12/site-packages/airflow/example_dags/example_bash_operator.py took 0.216 seconds
[2024-04-25T13:52:54.262+0000] {processor.py:161} INFO - Started process (PID=7444) to work on /home/airflow/.local/lib/python3.12/site-packages/airflow/example_dags/example_bash_operator.py
[2024-04-25T13:52:54.263+0000] {processor.py:830} INFO - Processing file /home/airflow/.local/lib/python3.12/site-packages/airflow/example_dags/example_bash_operator.py for tasks to queue
[2024-04-25T13:52:54.265+0000] {logging_mixin.py:188} INFO - [2024-04-25T13:52:54.265+0000] {dagbag.py:540} INFO - Filling up the DagBag from /home/airflow/.local/lib/python3.12/site-packages/airflow/example_dags/example_bash_operator.py
[2024-04-25T13:52:54.277+0000] {processor.py:840} INFO - DAG(s) 'example_bash_operator' retrieved from /home/airflow/.local/lib/python3.12/site-packages/airflow/example_dags/example_bash_operator.py
[2024-04-25T13:52:54.310+0000] {logging_mixin.py:188} INFO - [2024-04-25T13:52:54.310+0000] {dag.py:3096} INFO - Sync 1 DAGs
[2024-04-25T13:52:54.335+0000] {logging_mixin.py:188} INFO - [2024-04-25T13:52:54.335+0000] {dag.py:3954} INFO - Setting next_dagrun for example_bash_operator to 2024-04-24 00:00:00+00:00, run_after=2024-04-25 00:00:00+00:00
[2024-04-25T13:52:54.357+0000] {processor.py:183} INFO - Processing /home/airflow/.local/lib/python3.12/site-packages/airflow/example_dags/example_bash_operator.py took 0.101 seconds
[2024-04-25T13:53:24.760+0000] {processor.py:161} INFO - Started process (PID=7706) to work on /home/airflow/.local/lib/python3.12/site-packages/airflow/example_dags/example_bash_operator.py
[2024-04-25T13:53:24.761+0000] {processor.py:830} INFO - Processing file /home/airflow/.local/lib/python3.12/site-packages/airflow/example_dags/example_bash_operator.py for tasks to queue
[2024-04-25T13:53:24.763+0000] {logging_mixin.py:188} INFO - [2024-04-25T13:53:24.762+0000] {dagbag.py:540} INFO - Filling up the DagBag from /home/airflow/.local/lib/python3.12/site-packages/airflow/example_dags/example_bash_operator.py
[2024-04-25T13:53:24.776+0000] {processor.py:840} INFO - DAG(s) 'example_bash_operator' retrieved from /home/airflow/.local/lib/python3.12/site-packages/airflow/example_dags/example_bash_operator.py
[2024-04-25T13:53:24.807+0000] {logging_mixin.py:188} INFO - [2024-04-25T13:53:24.807+0000] {dag.py:3096} INFO - Sync 1 DAGs
[2024-04-25T13:53:24.832+0000] {logging_mixin.py:188} INFO - [2024-04-25T13:53:24.832+0000] {dag.py:3954} INFO - Setting next_dagrun for example_bash_operator to 2024-04-24 00:00:00+00:00, run_after=2024-04-25 00:00:00+00:00
[2024-04-25T13:53:24.854+0000] {processor.py:183} INFO - Processing /home/airflow/.local/lib/python3.12/site-packages/airflow/example_dags/example_bash_operator.py took 0.100 seconds
[2024-04-25T13:53:55.253+0000] {processor.py:161} INFO - Started process (PID=7968) to work on /home/airflow/.local/lib/python3.12/site-packages/airflow/example_dags/example_bash_operator.py
[2024-04-25T13:53:55.254+0000] {processor.py:830} INFO - Processing file /home/airflow/.local/lib/python3.12/site-packages/airflow/example_dags/example_bash_operator.py for tasks to queue
[2024-04-25T13:53:55.256+0000] {logging_mixin.py:188} INFO - [2024-04-25T13:53:55.256+0000] {dagbag.py:540} INFO - Filling up the DagBag from /home/airflow/.local/lib/python3.12/site-packages/airflow/example_dags/example_bash_operator.py
[2024-04-25T13:53:55.269+0000] {processor.py:840} INFO - DAG(s) 'example_bash_operator' retrieved from /home/airflow/.local/lib/python3.12/site-packages/airflow/example_dags/example_bash_operator.py
[2024-04-25T13:53:55.304+0000] {logging_mixin.py:188} INFO - [2024-04-25T13:53:55.304+0000] {dag.py:3096} INFO - Sync 1 DAGs
[2024-04-25T13:53:55.336+0000] {logging_mixin.py:188} INFO - [2024-04-25T13:53:55.336+0000] {dag.py:3954} INFO - Setting next_dagrun for example_bash_operator to 2024-04-24 00:00:00+00:00, run_after=2024-04-25 00:00:00+00:00
[2024-04-25T13:53:55.368+0000] {processor.py:183} INFO - Processing /home/airflow/.local/lib/python3.12/site-packages/airflow/example_dags/example_bash_operator.py took 0.121 seconds
[2024-04-25T13:54:25.609+0000] {processor.py:161} INFO - Started process (PID=8230) to work on /home/airflow/.local/lib/python3.12/site-packages/airflow/example_dags/example_bash_operator.py
[2024-04-25T13:54:25.611+0000] {processor.py:830} INFO - Processing file /home/airflow/.local/lib/python3.12/site-packages/airflow/example_dags/example_bash_operator.py for tasks to queue
[2024-04-25T13:54:25.613+0000] {logging_mixin.py:188} INFO - [2024-04-25T13:54:25.613+0000] {dagbag.py:540} INFO - Filling up the DagBag from /home/airflow/.local/lib/python3.12/site-packages/airflow/example_dags/example_bash_operator.py
[2024-04-25T13:54:25.625+0000] {processor.py:840} INFO - DAG(s) 'example_bash_operator' retrieved from /home/airflow/.local/lib/python3.12/site-packages/airflow/example_dags/example_bash_operator.py
[2024-04-25T13:54:25.656+0000] {logging_mixin.py:188} INFO - [2024-04-25T13:54:25.656+0000] {dag.py:3096} INFO - Sync 1 DAGs
[2024-04-25T13:54:25.682+0000] {logging_mixin.py:188} INFO - [2024-04-25T13:54:25.682+0000] {dag.py:3954} INFO - Setting next_dagrun for example_bash_operator to 2024-04-24 00:00:00+00:00, run_after=2024-04-25 00:00:00+00:00
[2024-04-25T13:54:25.702+0000] {processor.py:183} INFO - Processing /home/airflow/.local/lib/python3.12/site-packages/airflow/example_dags/example_bash_operator.py took 0.099 seconds
[2024-04-25T13:54:56.323+0000] {processor.py:161} INFO - Started process (PID=8492) to work on /home/airflow/.local/lib/python3.12/site-packages/airflow/example_dags/example_bash_operator.py
[2024-04-25T13:54:56.324+0000] {processor.py:830} INFO - Processing file /home/airflow/.local/lib/python3.12/site-packages/airflow/example_dags/example_bash_operator.py for tasks to queue
[2024-04-25T13:54:56.327+0000] {logging_mixin.py:188} INFO - [2024-04-25T13:54:56.326+0000] {dagbag.py:540} INFO - Filling up the DagBag from /home/airflow/.local/lib/python3.12/site-packages/airflow/example_dags/example_bash_operator.py
[2024-04-25T13:54:56.339+0000] {processor.py:840} INFO - DAG(s) 'example_bash_operator' retrieved from /home/airflow/.local/lib/python3.12/site-packages/airflow/example_dags/example_bash_operator.py
[2024-04-25T13:54:56.373+0000] {logging_mixin.py:188} INFO - [2024-04-25T13:54:56.373+0000] {dag.py:3096} INFO - Sync 1 DAGs
[2024-04-25T13:54:56.398+0000] {logging_mixin.py:188} INFO - [2024-04-25T13:54:56.398+0000] {dag.py:3954} INFO - Setting next_dagrun for example_bash_operator to 2024-04-24 00:00:00+00:00, run_after=2024-04-25 00:00:00+00:00
[2024-04-25T13:54:56.422+0000] {processor.py:183} INFO - Processing /home/airflow/.local/lib/python3.12/site-packages/airflow/example_dags/example_bash_operator.py took 0.106 seconds
[2024-04-25T13:55:26.722+0000] {processor.py:161} INFO - Started process (PID=8755) to work on /home/airflow/.local/lib/python3.12/site-packages/airflow/example_dags/example_bash_operator.py
[2024-04-25T13:55:26.723+0000] {processor.py:830} INFO - Processing file /home/airflow/.local/lib/python3.12/site-packages/airflow/example_dags/example_bash_operator.py for tasks to queue
[2024-04-25T13:55:26.725+0000] {logging_mixin.py:188} INFO - [2024-04-25T13:55:26.724+0000] {dagbag.py:540} INFO - Filling up the DagBag from /home/airflow/.local/lib/python3.12/site-packages/airflow/example_dags/example_bash_operator.py
[2024-04-25T13:55:26.736+0000] {processor.py:840} INFO - DAG(s) 'example_bash_operator' retrieved from /home/airflow/.local/lib/python3.12/site-packages/airflow/example_dags/example_bash_operator.py
[2024-04-25T13:55:26.766+0000] {logging_mixin.py:188} INFO - [2024-04-25T13:55:26.766+0000] {dag.py:3096} INFO - Sync 1 DAGs
[2024-04-25T13:55:26.790+0000] {logging_mixin.py:188} INFO - [2024-04-25T13:55:26.790+0000] {dag.py:3954} INFO - Setting next_dagrun for example_bash_operator to 2024-04-24 00:00:00+00:00, run_after=2024-04-25 00:00:00+00:00
[2024-04-25T13:55:26.809+0000] {processor.py:183} INFO - Processing /home/airflow/.local/lib/python3.12/site-packages/airflow/example_dags/example_bash_operator.py took 0.094 seconds
[2024-04-25T13:55:56.989+0000] {processor.py:161} INFO - Started process (PID=9017) to work on /home/airflow/.local/lib/python3.12/site-packages/airflow/example_dags/example_bash_operator.py
[2024-04-25T13:55:56.990+0000] {processor.py:830} INFO - Processing file /home/airflow/.local/lib/python3.12/site-packages/airflow/example_dags/example_bash_operator.py for tasks to queue
[2024-04-25T13:55:56.992+0000] {logging_mixin.py:188} INFO - [2024-04-25T13:55:56.992+0000] {dagbag.py:540} INFO - Filling up the DagBag from /home/airflow/.local/lib/python3.12/site-packages/airflow/example_dags/example_bash_operator.py
[2024-04-25T13:55:57.004+0000] {processor.py:840} INFO - DAG(s) 'example_bash_operator' retrieved from /home/airflow/.local/lib/python3.12/site-packages/airflow/example_dags/example_bash_operator.py
[2024-04-25T13:55:57.033+0000] {logging_mixin.py:188} INFO - [2024-04-25T13:55:57.032+0000] {dag.py:3096} INFO - Sync 1 DAGs
[2024-04-25T13:55:57.056+0000] {logging_mixin.py:188} INFO - [2024-04-25T13:55:57.056+0000] {dag.py:3954} INFO - Setting next_dagrun for example_bash_operator to 2024-04-24 00:00:00+00:00, run_after=2024-04-25 00:00:00+00:00
[2024-04-25T13:55:57.075+0000] {processor.py:183} INFO - Processing /home/airflow/.local/lib/python3.12/site-packages/airflow/example_dags/example_bash_operator.py took 0.092 seconds
[2024-04-25T13:56:27.494+0000] {processor.py:161} INFO - Started process (PID=9279) to work on /home/airflow/.local/lib/python3.12/site-packages/airflow/example_dags/example_bash_operator.py
[2024-04-25T13:56:27.495+0000] {processor.py:830} INFO - Processing file /home/airflow/.local/lib/python3.12/site-packages/airflow/example_dags/example_bash_operator.py for tasks to queue
[2024-04-25T13:56:27.497+0000] {logging_mixin.py:188} INFO - [2024-04-25T13:56:27.497+0000] {dagbag.py:540} INFO - Filling up the DagBag from /home/airflow/.local/lib/python3.12/site-packages/airflow/example_dags/example_bash_operator.py
[2024-04-25T13:56:27.510+0000] {processor.py:840} INFO - DAG(s) 'example_bash_operator' retrieved from /home/airflow/.local/lib/python3.12/site-packages/airflow/example_dags/example_bash_operator.py
[2024-04-25T13:56:27.540+0000] {logging_mixin.py:188} INFO - [2024-04-25T13:56:27.540+0000] {dag.py:3096} INFO - Sync 1 DAGs
[2024-04-25T13:56:27.563+0000] {logging_mixin.py:188} INFO - [2024-04-25T13:56:27.563+0000] {dag.py:3954} INFO - Setting next_dagrun for example_bash_operator to 2024-04-24 00:00:00+00:00, run_after=2024-04-25 00:00:00+00:00
[2024-04-25T13:56:27.584+0000] {processor.py:183} INFO - Processing /home/airflow/.local/lib/python3.12/site-packages/airflow/example_dags/example_bash_operator.py took 0.096 seconds
[2024-04-25T13:58:18.879+0000] {processor.py:161} INFO - Started process (PID=367) to work on /home/airflow/.local/lib/python3.12/site-packages/airflow/example_dags/example_bash_operator.py
[2024-04-25T13:58:18.881+0000] {processor.py:830} INFO - Processing file /home/airflow/.local/lib/python3.12/site-packages/airflow/example_dags/example_bash_operator.py for tasks to queue
[2024-04-25T13:58:18.883+0000] {logging_mixin.py:188} INFO - [2024-04-25T13:58:18.883+0000] {dagbag.py:540} INFO - Filling up the DagBag from /home/airflow/.local/lib/python3.12/site-packages/airflow/example_dags/example_bash_operator.py
[2024-04-25T13:58:18.899+0000] {processor.py:840} INFO - DAG(s) 'example_bash_operator' retrieved from /home/airflow/.local/lib/python3.12/site-packages/airflow/example_dags/example_bash_operator.py
[2024-04-25T13:58:18.916+0000] {logging_mixin.py:188} INFO - [2024-04-25T13:58:18.916+0000] {dag.py:3096} INFO - Sync 1 DAGs
[2024-04-25T13:58:18.950+0000] {logging_mixin.py:188} INFO - [2024-04-25T13:58:18.950+0000] {dag.py:3954} INFO - Setting next_dagrun for example_bash_operator to 2024-04-24 00:00:00+00:00, run_after=2024-04-25 00:00:00+00:00
[2024-04-25T13:58:18.976+0000] {processor.py:183} INFO - Processing /home/airflow/.local/lib/python3.12/site-packages/airflow/example_dags/example_bash_operator.py took 0.105 seconds
[2024-04-25T13:58:50.964+0000] {processor.py:161} INFO - Started process (PID=629) to work on /home/airflow/.local/lib/python3.12/site-packages/airflow/example_dags/example_bash_operator.py
[2024-04-25T13:58:50.965+0000] {processor.py:830} INFO - Processing file /home/airflow/.local/lib/python3.12/site-packages/airflow/example_dags/example_bash_operator.py for tasks to queue
[2024-04-25T13:58:50.967+0000] {logging_mixin.py:188} INFO - [2024-04-25T13:58:50.967+0000] {dagbag.py:540} INFO - Filling up the DagBag from /home/airflow/.local/lib/python3.12/site-packages/airflow/example_dags/example_bash_operator.py
[2024-04-25T13:58:50.979+0000] {processor.py:840} INFO - DAG(s) 'example_bash_operator' retrieved from /home/airflow/.local/lib/python3.12/site-packages/airflow/example_dags/example_bash_operator.py
[2024-04-25T13:58:51.094+0000] {logging_mixin.py:188} INFO - [2024-04-25T13:58:51.094+0000] {dag.py:3096} INFO - Sync 1 DAGs
[2024-04-25T13:58:51.117+0000] {logging_mixin.py:188} INFO - [2024-04-25T13:58:51.117+0000] {dag.py:3954} INFO - Setting next_dagrun for example_bash_operator to 2024-04-24 00:00:00+00:00, run_after=2024-04-25 00:00:00+00:00
[2024-04-25T13:58:51.137+0000] {processor.py:183} INFO - Processing /home/airflow/.local/lib/python3.12/site-packages/airflow/example_dags/example_bash_operator.py took 0.179 seconds
