[2024-04-25T13:39:04.105+0000] {processor.py:161} INFO - Started process (PID=207) to work on /home/airflow/.local/lib/python3.12/site-packages/airflow/example_dags/example_task_group_decorator.py
[2024-04-25T13:39:04.107+0000] {processor.py:830} INFO - Processing file /home/airflow/.local/lib/python3.12/site-packages/airflow/example_dags/example_task_group_decorator.py for tasks to queue
[2024-04-25T13:39:04.111+0000] {logging_mixin.py:188} INFO - [2024-04-25T13:39:04.110+0000] {dagbag.py:540} INFO - Filling up the DagBag from /home/airflow/.local/lib/python3.12/site-packages/airflow/example_dags/example_task_group_decorator.py
[2024-04-25T13:39:04.142+0000] {processor.py:840} INFO - DAG(s) 'example_task_group_decorator' retrieved from /home/airflow/.local/lib/python3.12/site-packages/airflow/example_dags/example_task_group_decorator.py
[2024-04-25T13:39:04.400+0000] {logging_mixin.py:188} INFO - [2024-04-25T13:39:04.400+0000] {dag.py:3096} INFO - Sync 1 DAGs
[2024-04-25T13:39:04.461+0000] {logging_mixin.py:188} INFO - [2024-04-25T13:39:04.461+0000] {dag.py:3954} INFO - Setting next_dagrun for example_task_group_decorator to 2024-04-24 00:00:00+00:00, run_after=2024-04-25 00:00:00+00:00
[2024-04-25T13:39:04.501+0000] {processor.py:183} INFO - Processing /home/airflow/.local/lib/python3.12/site-packages/airflow/example_dags/example_task_group_decorator.py took 0.407 seconds
[2024-04-25T13:39:35.420+0000] {processor.py:161} INFO - Started process (PID=469) to work on /home/airflow/.local/lib/python3.12/site-packages/airflow/example_dags/example_task_group_decorator.py
[2024-04-25T13:39:35.423+0000] {processor.py:830} INFO - Processing file /home/airflow/.local/lib/python3.12/site-packages/airflow/example_dags/example_task_group_decorator.py for tasks to queue
[2024-04-25T13:39:35.429+0000] {logging_mixin.py:188} INFO - [2024-04-25T13:39:35.428+0000] {dagbag.py:540} INFO - Filling up the DagBag from /home/airflow/.local/lib/python3.12/site-packages/airflow/example_dags/example_task_group_decorator.py
[2024-04-25T13:39:35.468+0000] {processor.py:840} INFO - DAG(s) 'example_task_group_decorator' retrieved from /home/airflow/.local/lib/python3.12/site-packages/airflow/example_dags/example_task_group_decorator.py
[2024-04-25T13:39:35.523+0000] {logging_mixin.py:188} INFO - [2024-04-25T13:39:35.522+0000] {dag.py:3096} INFO - Sync 1 DAGs
[2024-04-25T13:39:35.571+0000] {logging_mixin.py:188} INFO - [2024-04-25T13:39:35.570+0000] {dag.py:3954} INFO - Setting next_dagrun for example_task_group_decorator to 2024-04-24 00:00:00+00:00, run_after=2024-04-25 00:00:00+00:00
[2024-04-25T13:39:35.612+0000] {processor.py:183} INFO - Processing /home/airflow/.local/lib/python3.12/site-packages/airflow/example_dags/example_task_group_decorator.py took 0.206 seconds
[2024-04-25T13:40:06.493+0000] {processor.py:161} INFO - Started process (PID=731) to work on /home/airflow/.local/lib/python3.12/site-packages/airflow/example_dags/example_task_group_decorator.py
[2024-04-25T13:40:06.494+0000] {processor.py:830} INFO - Processing file /home/airflow/.local/lib/python3.12/site-packages/airflow/example_dags/example_task_group_decorator.py for tasks to queue
[2024-04-25T13:40:06.496+0000] {logging_mixin.py:188} INFO - [2024-04-25T13:40:06.496+0000] {dagbag.py:540} INFO - Filling up the DagBag from /home/airflow/.local/lib/python3.12/site-packages/airflow/example_dags/example_task_group_decorator.py
[2024-04-25T13:40:06.511+0000] {processor.py:840} INFO - DAG(s) 'example_task_group_decorator' retrieved from /home/airflow/.local/lib/python3.12/site-packages/airflow/example_dags/example_task_group_decorator.py
[2024-04-25T13:40:06.541+0000] {logging_mixin.py:188} INFO - [2024-04-25T13:40:06.540+0000] {dag.py:3096} INFO - Sync 1 DAGs
[2024-04-25T13:40:06.565+0000] {logging_mixin.py:188} INFO - [2024-04-25T13:40:06.564+0000] {dag.py:3954} INFO - Setting next_dagrun for example_task_group_decorator to 2024-04-24 00:00:00+00:00, run_after=2024-04-25 00:00:00+00:00
[2024-04-25T13:40:06.584+0000] {processor.py:183} INFO - Processing /home/airflow/.local/lib/python3.12/site-packages/airflow/example_dags/example_task_group_decorator.py took 0.097 seconds
[2024-04-25T13:40:37.044+0000] {processor.py:161} INFO - Started process (PID=993) to work on /home/airflow/.local/lib/python3.12/site-packages/airflow/example_dags/example_task_group_decorator.py
[2024-04-25T13:40:37.045+0000] {processor.py:830} INFO - Processing file /home/airflow/.local/lib/python3.12/site-packages/airflow/example_dags/example_task_group_decorator.py for tasks to queue
[2024-04-25T13:40:37.047+0000] {logging_mixin.py:188} INFO - [2024-04-25T13:40:37.047+0000] {dagbag.py:540} INFO - Filling up the DagBag from /home/airflow/.local/lib/python3.12/site-packages/airflow/example_dags/example_task_group_decorator.py
[2024-04-25T13:40:37.063+0000] {processor.py:840} INFO - DAG(s) 'example_task_group_decorator' retrieved from /home/airflow/.local/lib/python3.12/site-packages/airflow/example_dags/example_task_group_decorator.py
[2024-04-25T13:40:37.090+0000] {logging_mixin.py:188} INFO - [2024-04-25T13:40:37.089+0000] {dag.py:3096} INFO - Sync 1 DAGs
[2024-04-25T13:40:37.113+0000] {logging_mixin.py:188} INFO - [2024-04-25T13:40:37.113+0000] {dag.py:3954} INFO - Setting next_dagrun for example_task_group_decorator to 2024-04-24 00:00:00+00:00, run_after=2024-04-25 00:00:00+00:00
[2024-04-25T13:40:37.134+0000] {processor.py:183} INFO - Processing /home/airflow/.local/lib/python3.12/site-packages/airflow/example_dags/example_task_group_decorator.py took 0.096 seconds
[2024-04-25T13:41:07.493+0000] {processor.py:161} INFO - Started process (PID=1255) to work on /home/airflow/.local/lib/python3.12/site-packages/airflow/example_dags/example_task_group_decorator.py
[2024-04-25T13:41:07.494+0000] {processor.py:830} INFO - Processing file /home/airflow/.local/lib/python3.12/site-packages/airflow/example_dags/example_task_group_decorator.py for tasks to queue
[2024-04-25T13:41:07.496+0000] {logging_mixin.py:188} INFO - [2024-04-25T13:41:07.496+0000] {dagbag.py:540} INFO - Filling up the DagBag from /home/airflow/.local/lib/python3.12/site-packages/airflow/example_dags/example_task_group_decorator.py
[2024-04-25T13:41:07.513+0000] {processor.py:840} INFO - DAG(s) 'example_task_group_decorator' retrieved from /home/airflow/.local/lib/python3.12/site-packages/airflow/example_dags/example_task_group_decorator.py
[2024-04-25T13:41:07.542+0000] {logging_mixin.py:188} INFO - [2024-04-25T13:41:07.542+0000] {dag.py:3096} INFO - Sync 1 DAGs
[2024-04-25T13:41:07.567+0000] {logging_mixin.py:188} INFO - [2024-04-25T13:41:07.567+0000] {dag.py:3954} INFO - Setting next_dagrun for example_task_group_decorator to 2024-04-24 00:00:00+00:00, run_after=2024-04-25 00:00:00+00:00
[2024-04-25T13:41:07.589+0000] {processor.py:183} INFO - Processing /home/airflow/.local/lib/python3.12/site-packages/airflow/example_dags/example_task_group_decorator.py took 0.103 seconds
[2024-04-25T13:41:38.098+0000] {processor.py:161} INFO - Started process (PID=1522) to work on /home/airflow/.local/lib/python3.12/site-packages/airflow/example_dags/example_task_group_decorator.py
[2024-04-25T13:41:38.099+0000] {processor.py:830} INFO - Processing file /home/airflow/.local/lib/python3.12/site-packages/airflow/example_dags/example_task_group_decorator.py for tasks to queue
[2024-04-25T13:41:38.102+0000] {logging_mixin.py:188} INFO - [2024-04-25T13:41:38.101+0000] {dagbag.py:540} INFO - Filling up the DagBag from /home/airflow/.local/lib/python3.12/site-packages/airflow/example_dags/example_task_group_decorator.py
[2024-04-25T13:41:38.126+0000] {processor.py:840} INFO - DAG(s) 'example_task_group_decorator' retrieved from /home/airflow/.local/lib/python3.12/site-packages/airflow/example_dags/example_task_group_decorator.py
[2024-04-25T13:41:38.158+0000] {logging_mixin.py:188} INFO - [2024-04-25T13:41:38.158+0000] {dag.py:3096} INFO - Sync 1 DAGs
[2024-04-25T13:41:38.189+0000] {logging_mixin.py:188} INFO - [2024-04-25T13:41:38.189+0000] {dag.py:3954} INFO - Setting next_dagrun for example_task_group_decorator to 2024-04-24 00:00:00+00:00, run_after=2024-04-25 00:00:00+00:00
[2024-04-25T13:41:38.215+0000] {processor.py:183} INFO - Processing /home/airflow/.local/lib/python3.12/site-packages/airflow/example_dags/example_task_group_decorator.py took 0.127 seconds
[2024-04-25T13:42:08.351+0000] {processor.py:161} INFO - Started process (PID=1785) to work on /home/airflow/.local/lib/python3.12/site-packages/airflow/example_dags/example_task_group_decorator.py
[2024-04-25T13:42:08.352+0000] {processor.py:830} INFO - Processing file /home/airflow/.local/lib/python3.12/site-packages/airflow/example_dags/example_task_group_decorator.py for tasks to queue
[2024-04-25T13:42:08.355+0000] {logging_mixin.py:188} INFO - [2024-04-25T13:42:08.354+0000] {dagbag.py:540} INFO - Filling up the DagBag from /home/airflow/.local/lib/python3.12/site-packages/airflow/example_dags/example_task_group_decorator.py
[2024-04-25T13:42:08.370+0000] {processor.py:840} INFO - DAG(s) 'example_task_group_decorator' retrieved from /home/airflow/.local/lib/python3.12/site-packages/airflow/example_dags/example_task_group_decorator.py
[2024-04-25T13:42:08.398+0000] {logging_mixin.py:188} INFO - [2024-04-25T13:42:08.398+0000] {dag.py:3096} INFO - Sync 1 DAGs
[2024-04-25T13:42:08.421+0000] {logging_mixin.py:188} INFO - [2024-04-25T13:42:08.421+0000] {dag.py:3954} INFO - Setting next_dagrun for example_task_group_decorator to 2024-04-24 00:00:00+00:00, run_after=2024-04-25 00:00:00+00:00
[2024-04-25T13:42:08.441+0000] {processor.py:183} INFO - Processing /home/airflow/.local/lib/python3.12/site-packages/airflow/example_dags/example_task_group_decorator.py took 0.096 seconds
[2024-04-25T13:42:38.898+0000] {processor.py:161} INFO - Started process (PID=2047) to work on /home/airflow/.local/lib/python3.12/site-packages/airflow/example_dags/example_task_group_decorator.py
[2024-04-25T13:42:38.899+0000] {processor.py:830} INFO - Processing file /home/airflow/.local/lib/python3.12/site-packages/airflow/example_dags/example_task_group_decorator.py for tasks to queue
[2024-04-25T13:42:38.901+0000] {logging_mixin.py:188} INFO - [2024-04-25T13:42:38.901+0000] {dagbag.py:540} INFO - Filling up the DagBag from /home/airflow/.local/lib/python3.12/site-packages/airflow/example_dags/example_task_group_decorator.py
[2024-04-25T13:42:38.918+0000] {processor.py:840} INFO - DAG(s) 'example_task_group_decorator' retrieved from /home/airflow/.local/lib/python3.12/site-packages/airflow/example_dags/example_task_group_decorator.py
[2024-04-25T13:42:38.957+0000] {logging_mixin.py:188} INFO - [2024-04-25T13:42:38.957+0000] {dag.py:3096} INFO - Sync 1 DAGs
[2024-04-25T13:42:38.986+0000] {logging_mixin.py:188} INFO - [2024-04-25T13:42:38.986+0000] {dag.py:3954} INFO - Setting next_dagrun for example_task_group_decorator to 2024-04-24 00:00:00+00:00, run_after=2024-04-25 00:00:00+00:00
[2024-04-25T13:42:39.008+0000] {processor.py:183} INFO - Processing /home/airflow/.local/lib/python3.12/site-packages/airflow/example_dags/example_task_group_decorator.py took 0.116 seconds
[2024-04-25T13:43:09.393+0000] {processor.py:161} INFO - Started process (PID=2309) to work on /home/airflow/.local/lib/python3.12/site-packages/airflow/example_dags/example_task_group_decorator.py
[2024-04-25T13:43:09.394+0000] {processor.py:830} INFO - Processing file /home/airflow/.local/lib/python3.12/site-packages/airflow/example_dags/example_task_group_decorator.py for tasks to queue
[2024-04-25T13:43:09.396+0000] {logging_mixin.py:188} INFO - [2024-04-25T13:43:09.396+0000] {dagbag.py:540} INFO - Filling up the DagBag from /home/airflow/.local/lib/python3.12/site-packages/airflow/example_dags/example_task_group_decorator.py
[2024-04-25T13:43:09.412+0000] {processor.py:840} INFO - DAG(s) 'example_task_group_decorator' retrieved from /home/airflow/.local/lib/python3.12/site-packages/airflow/example_dags/example_task_group_decorator.py
[2024-04-25T13:43:09.441+0000] {logging_mixin.py:188} INFO - [2024-04-25T13:43:09.441+0000] {dag.py:3096} INFO - Sync 1 DAGs
[2024-04-25T13:43:09.464+0000] {logging_mixin.py:188} INFO - [2024-04-25T13:43:09.464+0000] {dag.py:3954} INFO - Setting next_dagrun for example_task_group_decorator to 2024-04-24 00:00:00+00:00, run_after=2024-04-25 00:00:00+00:00
[2024-04-25T13:43:09.484+0000] {processor.py:183} INFO - Processing /home/airflow/.local/lib/python3.12/site-packages/airflow/example_dags/example_task_group_decorator.py took 0.097 seconds
[2024-04-25T13:43:39.889+0000] {processor.py:161} INFO - Started process (PID=2571) to work on /home/airflow/.local/lib/python3.12/site-packages/airflow/example_dags/example_task_group_decorator.py
[2024-04-25T13:43:39.890+0000] {processor.py:830} INFO - Processing file /home/airflow/.local/lib/python3.12/site-packages/airflow/example_dags/example_task_group_decorator.py for tasks to queue
[2024-04-25T13:43:39.892+0000] {logging_mixin.py:188} INFO - [2024-04-25T13:43:39.892+0000] {dagbag.py:540} INFO - Filling up the DagBag from /home/airflow/.local/lib/python3.12/site-packages/airflow/example_dags/example_task_group_decorator.py
[2024-04-25T13:43:39.908+0000] {processor.py:840} INFO - DAG(s) 'example_task_group_decorator' retrieved from /home/airflow/.local/lib/python3.12/site-packages/airflow/example_dags/example_task_group_decorator.py
[2024-04-25T13:43:39.939+0000] {logging_mixin.py:188} INFO - [2024-04-25T13:43:39.939+0000] {dag.py:3096} INFO - Sync 1 DAGs
[2024-04-25T13:43:39.965+0000] {logging_mixin.py:188} INFO - [2024-04-25T13:43:39.965+0000] {dag.py:3954} INFO - Setting next_dagrun for example_task_group_decorator to 2024-04-24 00:00:00+00:00, run_after=2024-04-25 00:00:00+00:00
[2024-04-25T13:43:39.986+0000] {processor.py:183} INFO - Processing /home/airflow/.local/lib/python3.12/site-packages/airflow/example_dags/example_task_group_decorator.py took 0.104 seconds
[2024-04-25T13:44:10.398+0000] {processor.py:161} INFO - Started process (PID=2833) to work on /home/airflow/.local/lib/python3.12/site-packages/airflow/example_dags/example_task_group_decorator.py
[2024-04-25T13:44:10.400+0000] {processor.py:830} INFO - Processing file /home/airflow/.local/lib/python3.12/site-packages/airflow/example_dags/example_task_group_decorator.py for tasks to queue
[2024-04-25T13:44:10.402+0000] {logging_mixin.py:188} INFO - [2024-04-25T13:44:10.402+0000] {dagbag.py:540} INFO - Filling up the DagBag from /home/airflow/.local/lib/python3.12/site-packages/airflow/example_dags/example_task_group_decorator.py
[2024-04-25T13:44:10.418+0000] {processor.py:840} INFO - DAG(s) 'example_task_group_decorator' retrieved from /home/airflow/.local/lib/python3.12/site-packages/airflow/example_dags/example_task_group_decorator.py
[2024-04-25T13:44:10.446+0000] {logging_mixin.py:188} INFO - [2024-04-25T13:44:10.446+0000] {dag.py:3096} INFO - Sync 1 DAGs
[2024-04-25T13:44:10.468+0000] {logging_mixin.py:188} INFO - [2024-04-25T13:44:10.468+0000] {dag.py:3954} INFO - Setting next_dagrun for example_task_group_decorator to 2024-04-24 00:00:00+00:00, run_after=2024-04-25 00:00:00+00:00
[2024-04-25T13:44:10.489+0000] {processor.py:183} INFO - Processing /home/airflow/.local/lib/python3.12/site-packages/airflow/example_dags/example_task_group_decorator.py took 0.098 seconds
[2024-04-25T13:44:40.709+0000] {processor.py:161} INFO - Started process (PID=3095) to work on /home/airflow/.local/lib/python3.12/site-packages/airflow/example_dags/example_task_group_decorator.py
[2024-04-25T13:44:40.711+0000] {processor.py:830} INFO - Processing file /home/airflow/.local/lib/python3.12/site-packages/airflow/example_dags/example_task_group_decorator.py for tasks to queue
[2024-04-25T13:44:40.713+0000] {logging_mixin.py:188} INFO - [2024-04-25T13:44:40.713+0000] {dagbag.py:540} INFO - Filling up the DagBag from /home/airflow/.local/lib/python3.12/site-packages/airflow/example_dags/example_task_group_decorator.py
[2024-04-25T13:44:40.732+0000] {processor.py:840} INFO - DAG(s) 'example_task_group_decorator' retrieved from /home/airflow/.local/lib/python3.12/site-packages/airflow/example_dags/example_task_group_decorator.py
[2024-04-25T13:44:40.765+0000] {logging_mixin.py:188} INFO - [2024-04-25T13:44:40.765+0000] {dag.py:3096} INFO - Sync 1 DAGs
[2024-04-25T13:44:40.791+0000] {logging_mixin.py:188} INFO - [2024-04-25T13:44:40.791+0000] {dag.py:3954} INFO - Setting next_dagrun for example_task_group_decorator to 2024-04-24 00:00:00+00:00, run_after=2024-04-25 00:00:00+00:00
[2024-04-25T13:44:40.816+0000] {processor.py:183} INFO - Processing /home/airflow/.local/lib/python3.12/site-packages/airflow/example_dags/example_task_group_decorator.py took 0.115 seconds
[2024-04-25T13:45:11.263+0000] {processor.py:161} INFO - Started process (PID=3357) to work on /home/airflow/.local/lib/python3.12/site-packages/airflow/example_dags/example_task_group_decorator.py
[2024-04-25T13:45:11.265+0000] {processor.py:830} INFO - Processing file /home/airflow/.local/lib/python3.12/site-packages/airflow/example_dags/example_task_group_decorator.py for tasks to queue
[2024-04-25T13:45:11.267+0000] {logging_mixin.py:188} INFO - [2024-04-25T13:45:11.266+0000] {dagbag.py:540} INFO - Filling up the DagBag from /home/airflow/.local/lib/python3.12/site-packages/airflow/example_dags/example_task_group_decorator.py
[2024-04-25T13:45:11.283+0000] {processor.py:840} INFO - DAG(s) 'example_task_group_decorator' retrieved from /home/airflow/.local/lib/python3.12/site-packages/airflow/example_dags/example_task_group_decorator.py
[2024-04-25T13:45:11.313+0000] {logging_mixin.py:188} INFO - [2024-04-25T13:45:11.312+0000] {dag.py:3096} INFO - Sync 1 DAGs
[2024-04-25T13:45:11.336+0000] {logging_mixin.py:188} INFO - [2024-04-25T13:45:11.335+0000] {dag.py:3954} INFO - Setting next_dagrun for example_task_group_decorator to 2024-04-24 00:00:00+00:00, run_after=2024-04-25 00:00:00+00:00
[2024-04-25T13:45:11.357+0000] {processor.py:183} INFO - Processing /home/airflow/.local/lib/python3.12/site-packages/airflow/example_dags/example_task_group_decorator.py took 0.101 seconds
[2024-04-25T13:45:41.661+0000] {processor.py:161} INFO - Started process (PID=3619) to work on /home/airflow/.local/lib/python3.12/site-packages/airflow/example_dags/example_task_group_decorator.py
[2024-04-25T13:45:41.663+0000] {processor.py:830} INFO - Processing file /home/airflow/.local/lib/python3.12/site-packages/airflow/example_dags/example_task_group_decorator.py for tasks to queue
[2024-04-25T13:45:41.665+0000] {logging_mixin.py:188} INFO - [2024-04-25T13:45:41.665+0000] {dagbag.py:540} INFO - Filling up the DagBag from /home/airflow/.local/lib/python3.12/site-packages/airflow/example_dags/example_task_group_decorator.py
[2024-04-25T13:45:41.681+0000] {processor.py:840} INFO - DAG(s) 'example_task_group_decorator' retrieved from /home/airflow/.local/lib/python3.12/site-packages/airflow/example_dags/example_task_group_decorator.py
[2024-04-25T13:45:41.712+0000] {logging_mixin.py:188} INFO - [2024-04-25T13:45:41.712+0000] {dag.py:3096} INFO - Sync 1 DAGs
[2024-04-25T13:45:41.736+0000] {logging_mixin.py:188} INFO - [2024-04-25T13:45:41.736+0000] {dag.py:3954} INFO - Setting next_dagrun for example_task_group_decorator to 2024-04-24 00:00:00+00:00, run_after=2024-04-25 00:00:00+00:00
[2024-04-25T13:45:41.757+0000] {processor.py:183} INFO - Processing /home/airflow/.local/lib/python3.12/site-packages/airflow/example_dags/example_task_group_decorator.py took 0.102 seconds
[2024-04-25T13:46:11.803+0000] {processor.py:161} INFO - Started process (PID=3881) to work on /home/airflow/.local/lib/python3.12/site-packages/airflow/example_dags/example_task_group_decorator.py
[2024-04-25T13:46:11.805+0000] {processor.py:830} INFO - Processing file /home/airflow/.local/lib/python3.12/site-packages/airflow/example_dags/example_task_group_decorator.py for tasks to queue
[2024-04-25T13:46:11.807+0000] {logging_mixin.py:188} INFO - [2024-04-25T13:46:11.806+0000] {dagbag.py:540} INFO - Filling up the DagBag from /home/airflow/.local/lib/python3.12/site-packages/airflow/example_dags/example_task_group_decorator.py
[2024-04-25T13:46:11.822+0000] {processor.py:840} INFO - DAG(s) 'example_task_group_decorator' retrieved from /home/airflow/.local/lib/python3.12/site-packages/airflow/example_dags/example_task_group_decorator.py
[2024-04-25T13:46:11.850+0000] {logging_mixin.py:188} INFO - [2024-04-25T13:46:11.850+0000] {dag.py:3096} INFO - Sync 1 DAGs
[2024-04-25T13:46:11.872+0000] {logging_mixin.py:188} INFO - [2024-04-25T13:46:11.872+0000] {dag.py:3954} INFO - Setting next_dagrun for example_task_group_decorator to 2024-04-24 00:00:00+00:00, run_after=2024-04-25 00:00:00+00:00
[2024-04-25T13:46:11.891+0000] {processor.py:183} INFO - Processing /home/airflow/.local/lib/python3.12/site-packages/airflow/example_dags/example_task_group_decorator.py took 0.094 seconds
[2024-04-25T13:46:42.181+0000] {processor.py:161} INFO - Started process (PID=4143) to work on /home/airflow/.local/lib/python3.12/site-packages/airflow/example_dags/example_task_group_decorator.py
[2024-04-25T13:46:42.182+0000] {processor.py:830} INFO - Processing file /home/airflow/.local/lib/python3.12/site-packages/airflow/example_dags/example_task_group_decorator.py for tasks to queue
[2024-04-25T13:46:42.184+0000] {logging_mixin.py:188} INFO - [2024-04-25T13:46:42.183+0000] {dagbag.py:540} INFO - Filling up the DagBag from /home/airflow/.local/lib/python3.12/site-packages/airflow/example_dags/example_task_group_decorator.py
[2024-04-25T13:46:42.200+0000] {processor.py:840} INFO - DAG(s) 'example_task_group_decorator' retrieved from /home/airflow/.local/lib/python3.12/site-packages/airflow/example_dags/example_task_group_decorator.py
[2024-04-25T13:46:42.229+0000] {logging_mixin.py:188} INFO - [2024-04-25T13:46:42.228+0000] {dag.py:3096} INFO - Sync 1 DAGs
[2024-04-25T13:46:42.252+0000] {logging_mixin.py:188} INFO - [2024-04-25T13:46:42.251+0000] {dag.py:3954} INFO - Setting next_dagrun for example_task_group_decorator to 2024-04-24 00:00:00+00:00, run_after=2024-04-25 00:00:00+00:00
[2024-04-25T13:46:42.275+0000] {processor.py:183} INFO - Processing /home/airflow/.local/lib/python3.12/site-packages/airflow/example_dags/example_task_group_decorator.py took 0.101 seconds
[2024-04-25T13:47:12.617+0000] {processor.py:161} INFO - Started process (PID=4405) to work on /home/airflow/.local/lib/python3.12/site-packages/airflow/example_dags/example_task_group_decorator.py
[2024-04-25T13:47:12.619+0000] {processor.py:830} INFO - Processing file /home/airflow/.local/lib/python3.12/site-packages/airflow/example_dags/example_task_group_decorator.py for tasks to queue
[2024-04-25T13:47:12.622+0000] {logging_mixin.py:188} INFO - [2024-04-25T13:47:12.621+0000] {dagbag.py:540} INFO - Filling up the DagBag from /home/airflow/.local/lib/python3.12/site-packages/airflow/example_dags/example_task_group_decorator.py
[2024-04-25T13:47:12.649+0000] {processor.py:840} INFO - DAG(s) 'example_task_group_decorator' retrieved from /home/airflow/.local/lib/python3.12/site-packages/airflow/example_dags/example_task_group_decorator.py
[2024-04-25T13:47:12.690+0000] {logging_mixin.py:188} INFO - [2024-04-25T13:47:12.690+0000] {dag.py:3096} INFO - Sync 1 DAGs
[2024-04-25T13:47:12.716+0000] {logging_mixin.py:188} INFO - [2024-04-25T13:47:12.715+0000] {dag.py:3954} INFO - Setting next_dagrun for example_task_group_decorator to 2024-04-24 00:00:00+00:00, run_after=2024-04-25 00:00:00+00:00
[2024-04-25T13:47:12.736+0000] {processor.py:183} INFO - Processing /home/airflow/.local/lib/python3.12/site-packages/airflow/example_dags/example_task_group_decorator.py took 0.126 seconds
[2024-04-25T13:47:43.059+0000] {processor.py:161} INFO - Started process (PID=4667) to work on /home/airflow/.local/lib/python3.12/site-packages/airflow/example_dags/example_task_group_decorator.py
[2024-04-25T13:47:43.060+0000] {processor.py:830} INFO - Processing file /home/airflow/.local/lib/python3.12/site-packages/airflow/example_dags/example_task_group_decorator.py for tasks to queue
[2024-04-25T13:47:43.063+0000] {logging_mixin.py:188} INFO - [2024-04-25T13:47:43.062+0000] {dagbag.py:540} INFO - Filling up the DagBag from /home/airflow/.local/lib/python3.12/site-packages/airflow/example_dags/example_task_group_decorator.py
[2024-04-25T13:47:43.079+0000] {processor.py:840} INFO - DAG(s) 'example_task_group_decorator' retrieved from /home/airflow/.local/lib/python3.12/site-packages/airflow/example_dags/example_task_group_decorator.py
[2024-04-25T13:47:43.105+0000] {logging_mixin.py:188} INFO - [2024-04-25T13:47:43.105+0000] {dag.py:3096} INFO - Sync 1 DAGs
[2024-04-25T13:47:43.126+0000] {logging_mixin.py:188} INFO - [2024-04-25T13:47:43.126+0000] {dag.py:3954} INFO - Setting next_dagrun for example_task_group_decorator to 2024-04-24 00:00:00+00:00, run_after=2024-04-25 00:00:00+00:00
[2024-04-25T13:47:43.145+0000] {processor.py:183} INFO - Processing /home/airflow/.local/lib/python3.12/site-packages/airflow/example_dags/example_task_group_decorator.py took 0.092 seconds
[2024-04-25T13:48:13.434+0000] {processor.py:161} INFO - Started process (PID=4929) to work on /home/airflow/.local/lib/python3.12/site-packages/airflow/example_dags/example_task_group_decorator.py
[2024-04-25T13:48:13.435+0000] {processor.py:830} INFO - Processing file /home/airflow/.local/lib/python3.12/site-packages/airflow/example_dags/example_task_group_decorator.py for tasks to queue
[2024-04-25T13:48:13.437+0000] {logging_mixin.py:188} INFO - [2024-04-25T13:48:13.437+0000] {dagbag.py:540} INFO - Filling up the DagBag from /home/airflow/.local/lib/python3.12/site-packages/airflow/example_dags/example_task_group_decorator.py
[2024-04-25T13:48:13.457+0000] {processor.py:840} INFO - DAG(s) 'example_task_group_decorator' retrieved from /home/airflow/.local/lib/python3.12/site-packages/airflow/example_dags/example_task_group_decorator.py
[2024-04-25T13:48:13.493+0000] {logging_mixin.py:188} INFO - [2024-04-25T13:48:13.493+0000] {dag.py:3096} INFO - Sync 1 DAGs
[2024-04-25T13:48:13.519+0000] {logging_mixin.py:188} INFO - [2024-04-25T13:48:13.519+0000] {dag.py:3954} INFO - Setting next_dagrun for example_task_group_decorator to 2024-04-24 00:00:00+00:00, run_after=2024-04-25 00:00:00+00:00
[2024-04-25T13:48:13.540+0000] {processor.py:183} INFO - Processing /home/airflow/.local/lib/python3.12/site-packages/airflow/example_dags/example_task_group_decorator.py took 0.112 seconds
[2024-04-25T13:48:44.040+0000] {processor.py:161} INFO - Started process (PID=5191) to work on /home/airflow/.local/lib/python3.12/site-packages/airflow/example_dags/example_task_group_decorator.py
[2024-04-25T13:48:44.041+0000] {processor.py:830} INFO - Processing file /home/airflow/.local/lib/python3.12/site-packages/airflow/example_dags/example_task_group_decorator.py for tasks to queue
[2024-04-25T13:48:44.043+0000] {logging_mixin.py:188} INFO - [2024-04-25T13:48:44.043+0000] {dagbag.py:540} INFO - Filling up the DagBag from /home/airflow/.local/lib/python3.12/site-packages/airflow/example_dags/example_task_group_decorator.py
[2024-04-25T13:48:44.059+0000] {processor.py:840} INFO - DAG(s) 'example_task_group_decorator' retrieved from /home/airflow/.local/lib/python3.12/site-packages/airflow/example_dags/example_task_group_decorator.py
[2024-04-25T13:48:44.088+0000] {logging_mixin.py:188} INFO - [2024-04-25T13:48:44.087+0000] {dag.py:3096} INFO - Sync 1 DAGs
[2024-04-25T13:48:44.111+0000] {logging_mixin.py:188} INFO - [2024-04-25T13:48:44.111+0000] {dag.py:3954} INFO - Setting next_dagrun for example_task_group_decorator to 2024-04-24 00:00:00+00:00, run_after=2024-04-25 00:00:00+00:00
[2024-04-25T13:48:44.131+0000] {processor.py:183} INFO - Processing /home/airflow/.local/lib/python3.12/site-packages/airflow/example_dags/example_task_group_decorator.py took 0.098 seconds
[2024-04-25T13:49:14.289+0000] {processor.py:161} INFO - Started process (PID=5453) to work on /home/airflow/.local/lib/python3.12/site-packages/airflow/example_dags/example_task_group_decorator.py
[2024-04-25T13:49:14.290+0000] {processor.py:830} INFO - Processing file /home/airflow/.local/lib/python3.12/site-packages/airflow/example_dags/example_task_group_decorator.py for tasks to queue
[2024-04-25T13:49:14.292+0000] {logging_mixin.py:188} INFO - [2024-04-25T13:49:14.292+0000] {dagbag.py:540} INFO - Filling up the DagBag from /home/airflow/.local/lib/python3.12/site-packages/airflow/example_dags/example_task_group_decorator.py
[2024-04-25T13:49:14.308+0000] {processor.py:840} INFO - DAG(s) 'example_task_group_decorator' retrieved from /home/airflow/.local/lib/python3.12/site-packages/airflow/example_dags/example_task_group_decorator.py
[2024-04-25T13:49:14.336+0000] {logging_mixin.py:188} INFO - [2024-04-25T13:49:14.336+0000] {dag.py:3096} INFO - Sync 1 DAGs
[2024-04-25T13:49:14.360+0000] {logging_mixin.py:188} INFO - [2024-04-25T13:49:14.360+0000] {dag.py:3954} INFO - Setting next_dagrun for example_task_group_decorator to 2024-04-24 00:00:00+00:00, run_after=2024-04-25 00:00:00+00:00
[2024-04-25T13:49:14.380+0000] {processor.py:183} INFO - Processing /home/airflow/.local/lib/python3.12/site-packages/airflow/example_dags/example_task_group_decorator.py took 0.097 seconds
[2024-04-25T13:49:44.803+0000] {processor.py:161} INFO - Started process (PID=5715) to work on /home/airflow/.local/lib/python3.12/site-packages/airflow/example_dags/example_task_group_decorator.py
[2024-04-25T13:49:44.804+0000] {processor.py:830} INFO - Processing file /home/airflow/.local/lib/python3.12/site-packages/airflow/example_dags/example_task_group_decorator.py for tasks to queue
[2024-04-25T13:49:44.808+0000] {logging_mixin.py:188} INFO - [2024-04-25T13:49:44.807+0000] {dagbag.py:540} INFO - Filling up the DagBag from /home/airflow/.local/lib/python3.12/site-packages/airflow/example_dags/example_task_group_decorator.py
[2024-04-25T13:49:44.824+0000] {processor.py:840} INFO - DAG(s) 'example_task_group_decorator' retrieved from /home/airflow/.local/lib/python3.12/site-packages/airflow/example_dags/example_task_group_decorator.py
[2024-04-25T13:49:44.853+0000] {logging_mixin.py:188} INFO - [2024-04-25T13:49:44.853+0000] {dag.py:3096} INFO - Sync 1 DAGs
[2024-04-25T13:49:44.876+0000] {logging_mixin.py:188} INFO - [2024-04-25T13:49:44.876+0000] {dag.py:3954} INFO - Setting next_dagrun for example_task_group_decorator to 2024-04-24 00:00:00+00:00, run_after=2024-04-25 00:00:00+00:00
[2024-04-25T13:49:44.897+0000] {processor.py:183} INFO - Processing /home/airflow/.local/lib/python3.12/site-packages/airflow/example_dags/example_task_group_decorator.py took 0.102 seconds
[2024-04-25T13:50:15.226+0000] {processor.py:161} INFO - Started process (PID=5977) to work on /home/airflow/.local/lib/python3.12/site-packages/airflow/example_dags/example_task_group_decorator.py
[2024-04-25T13:50:15.228+0000] {processor.py:830} INFO - Processing file /home/airflow/.local/lib/python3.12/site-packages/airflow/example_dags/example_task_group_decorator.py for tasks to queue
[2024-04-25T13:50:15.230+0000] {logging_mixin.py:188} INFO - [2024-04-25T13:50:15.229+0000] {dagbag.py:540} INFO - Filling up the DagBag from /home/airflow/.local/lib/python3.12/site-packages/airflow/example_dags/example_task_group_decorator.py
[2024-04-25T13:50:15.245+0000] {processor.py:840} INFO - DAG(s) 'example_task_group_decorator' retrieved from /home/airflow/.local/lib/python3.12/site-packages/airflow/example_dags/example_task_group_decorator.py
[2024-04-25T13:50:15.272+0000] {logging_mixin.py:188} INFO - [2024-04-25T13:50:15.272+0000] {dag.py:3096} INFO - Sync 1 DAGs
[2024-04-25T13:50:15.296+0000] {logging_mixin.py:188} INFO - [2024-04-25T13:50:15.296+0000] {dag.py:3954} INFO - Setting next_dagrun for example_task_group_decorator to 2024-04-24 00:00:00+00:00, run_after=2024-04-25 00:00:00+00:00
[2024-04-25T13:50:15.316+0000] {processor.py:183} INFO - Processing /home/airflow/.local/lib/python3.12/site-packages/airflow/example_dags/example_task_group_decorator.py took 0.096 seconds
[2024-04-25T13:50:45.869+0000] {processor.py:161} INFO - Started process (PID=6239) to work on /home/airflow/.local/lib/python3.12/site-packages/airflow/example_dags/example_task_group_decorator.py
[2024-04-25T13:50:45.871+0000] {processor.py:830} INFO - Processing file /home/airflow/.local/lib/python3.12/site-packages/airflow/example_dags/example_task_group_decorator.py for tasks to queue
[2024-04-25T13:50:45.873+0000] {logging_mixin.py:188} INFO - [2024-04-25T13:50:45.872+0000] {dagbag.py:540} INFO - Filling up the DagBag from /home/airflow/.local/lib/python3.12/site-packages/airflow/example_dags/example_task_group_decorator.py
[2024-04-25T13:50:45.894+0000] {processor.py:840} INFO - DAG(s) 'example_task_group_decorator' retrieved from /home/airflow/.local/lib/python3.12/site-packages/airflow/example_dags/example_task_group_decorator.py
[2024-04-25T13:50:45.923+0000] {logging_mixin.py:188} INFO - [2024-04-25T13:50:45.922+0000] {dag.py:3096} INFO - Sync 1 DAGs
[2024-04-25T13:50:45.945+0000] {logging_mixin.py:188} INFO - [2024-04-25T13:50:45.945+0000] {dag.py:3954} INFO - Setting next_dagrun for example_task_group_decorator to 2024-04-24 00:00:00+00:00, run_after=2024-04-25 00:00:00+00:00
[2024-04-25T13:50:45.967+0000] {processor.py:183} INFO - Processing /home/airflow/.local/lib/python3.12/site-packages/airflow/example_dags/example_task_group_decorator.py took 0.106 seconds
[2024-04-25T13:51:16.787+0000] {processor.py:161} INFO - Started process (PID=6501) to work on /home/airflow/.local/lib/python3.12/site-packages/airflow/example_dags/example_task_group_decorator.py
[2024-04-25T13:51:16.788+0000] {processor.py:830} INFO - Processing file /home/airflow/.local/lib/python3.12/site-packages/airflow/example_dags/example_task_group_decorator.py for tasks to queue
[2024-04-25T13:51:16.790+0000] {logging_mixin.py:188} INFO - [2024-04-25T13:51:16.790+0000] {dagbag.py:540} INFO - Filling up the DagBag from /home/airflow/.local/lib/python3.12/site-packages/airflow/example_dags/example_task_group_decorator.py
[2024-04-25T13:51:16.805+0000] {processor.py:840} INFO - DAG(s) 'example_task_group_decorator' retrieved from /home/airflow/.local/lib/python3.12/site-packages/airflow/example_dags/example_task_group_decorator.py
[2024-04-25T13:51:16.835+0000] {logging_mixin.py:188} INFO - [2024-04-25T13:51:16.835+0000] {dag.py:3096} INFO - Sync 1 DAGs
[2024-04-25T13:51:16.857+0000] {logging_mixin.py:188} INFO - [2024-04-25T13:51:16.857+0000] {dag.py:3954} INFO - Setting next_dagrun for example_task_group_decorator to 2024-04-24 00:00:00+00:00, run_after=2024-04-25 00:00:00+00:00
[2024-04-25T13:51:16.880+0000] {processor.py:183} INFO - Processing /home/airflow/.local/lib/python3.12/site-packages/airflow/example_dags/example_task_group_decorator.py took 0.099 seconds
[2024-04-25T13:51:47.665+0000] {processor.py:161} INFO - Started process (PID=6763) to work on /home/airflow/.local/lib/python3.12/site-packages/airflow/example_dags/example_task_group_decorator.py
[2024-04-25T13:51:47.666+0000] {processor.py:830} INFO - Processing file /home/airflow/.local/lib/python3.12/site-packages/airflow/example_dags/example_task_group_decorator.py for tasks to queue
[2024-04-25T13:51:47.668+0000] {logging_mixin.py:188} INFO - [2024-04-25T13:51:47.668+0000] {dagbag.py:540} INFO - Filling up the DagBag from /home/airflow/.local/lib/python3.12/site-packages/airflow/example_dags/example_task_group_decorator.py
[2024-04-25T13:51:47.685+0000] {processor.py:840} INFO - DAG(s) 'example_task_group_decorator' retrieved from /home/airflow/.local/lib/python3.12/site-packages/airflow/example_dags/example_task_group_decorator.py
[2024-04-25T13:51:47.715+0000] {logging_mixin.py:188} INFO - [2024-04-25T13:51:47.715+0000] {dag.py:3096} INFO - Sync 1 DAGs
[2024-04-25T13:51:47.978+0000] {logging_mixin.py:188} INFO - [2024-04-25T13:51:47.977+0000] {dag.py:3954} INFO - Setting next_dagrun for example_task_group_decorator to 2024-04-24 00:00:00+00:00, run_after=2024-04-25 00:00:00+00:00
[2024-04-25T13:51:47.998+0000] {processor.py:183} INFO - Processing /home/airflow/.local/lib/python3.12/site-packages/airflow/example_dags/example_task_group_decorator.py took 0.340 seconds
[2024-04-25T13:52:18.678+0000] {processor.py:161} INFO - Started process (PID=7025) to work on /home/airflow/.local/lib/python3.12/site-packages/airflow/example_dags/example_task_group_decorator.py
[2024-04-25T13:52:18.679+0000] {processor.py:830} INFO - Processing file /home/airflow/.local/lib/python3.12/site-packages/airflow/example_dags/example_task_group_decorator.py for tasks to queue
[2024-04-25T13:52:18.681+0000] {logging_mixin.py:188} INFO - [2024-04-25T13:52:18.681+0000] {dagbag.py:540} INFO - Filling up the DagBag from /home/airflow/.local/lib/python3.12/site-packages/airflow/example_dags/example_task_group_decorator.py
[2024-04-25T13:52:18.696+0000] {processor.py:840} INFO - DAG(s) 'example_task_group_decorator' retrieved from /home/airflow/.local/lib/python3.12/site-packages/airflow/example_dags/example_task_group_decorator.py
[2024-04-25T13:52:18.725+0000] {logging_mixin.py:188} INFO - [2024-04-25T13:52:18.725+0000] {dag.py:3096} INFO - Sync 1 DAGs
[2024-04-25T13:52:18.748+0000] {logging_mixin.py:188} INFO - [2024-04-25T13:52:18.748+0000] {dag.py:3954} INFO - Setting next_dagrun for example_task_group_decorator to 2024-04-24 00:00:00+00:00, run_after=2024-04-25 00:00:00+00:00
[2024-04-25T13:52:18.770+0000] {processor.py:183} INFO - Processing /home/airflow/.local/lib/python3.12/site-packages/airflow/example_dags/example_task_group_decorator.py took 0.098 seconds
[2024-04-25T13:52:48.883+0000] {processor.py:161} INFO - Started process (PID=7287) to work on /home/airflow/.local/lib/python3.12/site-packages/airflow/example_dags/example_task_group_decorator.py
[2024-04-25T13:52:48.884+0000] {processor.py:830} INFO - Processing file /home/airflow/.local/lib/python3.12/site-packages/airflow/example_dags/example_task_group_decorator.py for tasks to queue
[2024-04-25T13:52:48.887+0000] {logging_mixin.py:188} INFO - [2024-04-25T13:52:48.886+0000] {dagbag.py:540} INFO - Filling up the DagBag from /home/airflow/.local/lib/python3.12/site-packages/airflow/example_dags/example_task_group_decorator.py
[2024-04-25T13:52:48.902+0000] {processor.py:840} INFO - DAG(s) 'example_task_group_decorator' retrieved from /home/airflow/.local/lib/python3.12/site-packages/airflow/example_dags/example_task_group_decorator.py
[2024-04-25T13:52:48.929+0000] {logging_mixin.py:188} INFO - [2024-04-25T13:52:48.929+0000] {dag.py:3096} INFO - Sync 1 DAGs
[2024-04-25T13:52:48.951+0000] {logging_mixin.py:188} INFO - [2024-04-25T13:52:48.951+0000] {dag.py:3954} INFO - Setting next_dagrun for example_task_group_decorator to 2024-04-24 00:00:00+00:00, run_after=2024-04-25 00:00:00+00:00
[2024-04-25T13:52:48.973+0000] {processor.py:183} INFO - Processing /home/airflow/.local/lib/python3.12/site-packages/airflow/example_dags/example_task_group_decorator.py took 0.095 seconds
[2024-04-25T13:53:19.670+0000] {processor.py:161} INFO - Started process (PID=7549) to work on /home/airflow/.local/lib/python3.12/site-packages/airflow/example_dags/example_task_group_decorator.py
[2024-04-25T13:53:19.671+0000] {processor.py:830} INFO - Processing file /home/airflow/.local/lib/python3.12/site-packages/airflow/example_dags/example_task_group_decorator.py for tasks to queue
[2024-04-25T13:53:19.674+0000] {logging_mixin.py:188} INFO - [2024-04-25T13:53:19.673+0000] {dagbag.py:540} INFO - Filling up the DagBag from /home/airflow/.local/lib/python3.12/site-packages/airflow/example_dags/example_task_group_decorator.py
[2024-04-25T13:53:19.689+0000] {processor.py:840} INFO - DAG(s) 'example_task_group_decorator' retrieved from /home/airflow/.local/lib/python3.12/site-packages/airflow/example_dags/example_task_group_decorator.py
[2024-04-25T13:53:19.716+0000] {logging_mixin.py:188} INFO - [2024-04-25T13:53:19.716+0000] {dag.py:3096} INFO - Sync 1 DAGs
[2024-04-25T13:53:19.738+0000] {logging_mixin.py:188} INFO - [2024-04-25T13:53:19.738+0000] {dag.py:3954} INFO - Setting next_dagrun for example_task_group_decorator to 2024-04-24 00:00:00+00:00, run_after=2024-04-25 00:00:00+00:00
[2024-04-25T13:53:19.759+0000] {processor.py:183} INFO - Processing /home/airflow/.local/lib/python3.12/site-packages/airflow/example_dags/example_task_group_decorator.py took 0.095 seconds
[2024-04-25T13:53:50.120+0000] {processor.py:161} INFO - Started process (PID=7811) to work on /home/airflow/.local/lib/python3.12/site-packages/airflow/example_dags/example_task_group_decorator.py
[2024-04-25T13:53:50.122+0000] {processor.py:830} INFO - Processing file /home/airflow/.local/lib/python3.12/site-packages/airflow/example_dags/example_task_group_decorator.py for tasks to queue
[2024-04-25T13:53:50.125+0000] {logging_mixin.py:188} INFO - [2024-04-25T13:53:50.124+0000] {dagbag.py:540} INFO - Filling up the DagBag from /home/airflow/.local/lib/python3.12/site-packages/airflow/example_dags/example_task_group_decorator.py
[2024-04-25T13:53:50.142+0000] {processor.py:840} INFO - DAG(s) 'example_task_group_decorator' retrieved from /home/airflow/.local/lib/python3.12/site-packages/airflow/example_dags/example_task_group_decorator.py
[2024-04-25T13:53:50.169+0000] {logging_mixin.py:188} INFO - [2024-04-25T13:53:50.169+0000] {dag.py:3096} INFO - Sync 1 DAGs
[2024-04-25T13:53:50.192+0000] {logging_mixin.py:188} INFO - [2024-04-25T13:53:50.192+0000] {dag.py:3954} INFO - Setting next_dagrun for example_task_group_decorator to 2024-04-24 00:00:00+00:00, run_after=2024-04-25 00:00:00+00:00
[2024-04-25T13:53:50.213+0000] {processor.py:183} INFO - Processing /home/airflow/.local/lib/python3.12/site-packages/airflow/example_dags/example_task_group_decorator.py took 0.100 seconds
[2024-04-25T13:54:20.502+0000] {processor.py:161} INFO - Started process (PID=8073) to work on /home/airflow/.local/lib/python3.12/site-packages/airflow/example_dags/example_task_group_decorator.py
[2024-04-25T13:54:20.504+0000] {processor.py:830} INFO - Processing file /home/airflow/.local/lib/python3.12/site-packages/airflow/example_dags/example_task_group_decorator.py for tasks to queue
[2024-04-25T13:54:20.505+0000] {logging_mixin.py:188} INFO - [2024-04-25T13:54:20.505+0000] {dagbag.py:540} INFO - Filling up the DagBag from /home/airflow/.local/lib/python3.12/site-packages/airflow/example_dags/example_task_group_decorator.py
[2024-04-25T13:54:20.522+0000] {processor.py:840} INFO - DAG(s) 'example_task_group_decorator' retrieved from /home/airflow/.local/lib/python3.12/site-packages/airflow/example_dags/example_task_group_decorator.py
[2024-04-25T13:54:20.552+0000] {logging_mixin.py:188} INFO - [2024-04-25T13:54:20.552+0000] {dag.py:3096} INFO - Sync 1 DAGs
[2024-04-25T13:54:20.576+0000] {logging_mixin.py:188} INFO - [2024-04-25T13:54:20.576+0000] {dag.py:3954} INFO - Setting next_dagrun for example_task_group_decorator to 2024-04-24 00:00:00+00:00, run_after=2024-04-25 00:00:00+00:00
[2024-04-25T13:54:20.597+0000] {processor.py:183} INFO - Processing /home/airflow/.local/lib/python3.12/site-packages/airflow/example_dags/example_task_group_decorator.py took 0.100 seconds
[2024-04-25T13:54:50.862+0000] {processor.py:161} INFO - Started process (PID=8335) to work on /home/airflow/.local/lib/python3.12/site-packages/airflow/example_dags/example_task_group_decorator.py
[2024-04-25T13:54:50.863+0000] {processor.py:830} INFO - Processing file /home/airflow/.local/lib/python3.12/site-packages/airflow/example_dags/example_task_group_decorator.py for tasks to queue
[2024-04-25T13:54:50.865+0000] {logging_mixin.py:188} INFO - [2024-04-25T13:54:50.865+0000] {dagbag.py:540} INFO - Filling up the DagBag from /home/airflow/.local/lib/python3.12/site-packages/airflow/example_dags/example_task_group_decorator.py
[2024-04-25T13:54:50.881+0000] {processor.py:840} INFO - DAG(s) 'example_task_group_decorator' retrieved from /home/airflow/.local/lib/python3.12/site-packages/airflow/example_dags/example_task_group_decorator.py
[2024-04-25T13:54:50.908+0000] {logging_mixin.py:188} INFO - [2024-04-25T13:54:50.908+0000] {dag.py:3096} INFO - Sync 1 DAGs
[2024-04-25T13:54:50.931+0000] {logging_mixin.py:188} INFO - [2024-04-25T13:54:50.931+0000] {dag.py:3954} INFO - Setting next_dagrun for example_task_group_decorator to 2024-04-24 00:00:00+00:00, run_after=2024-04-25 00:00:00+00:00
[2024-04-25T13:54:50.951+0000] {processor.py:183} INFO - Processing /home/airflow/.local/lib/python3.12/site-packages/airflow/example_dags/example_task_group_decorator.py took 0.095 seconds
[2024-04-25T13:55:21.495+0000] {processor.py:161} INFO - Started process (PID=8598) to work on /home/airflow/.local/lib/python3.12/site-packages/airflow/example_dags/example_task_group_decorator.py
[2024-04-25T13:55:21.496+0000] {processor.py:830} INFO - Processing file /home/airflow/.local/lib/python3.12/site-packages/airflow/example_dags/example_task_group_decorator.py for tasks to queue
[2024-04-25T13:55:21.498+0000] {logging_mixin.py:188} INFO - [2024-04-25T13:55:21.498+0000] {dagbag.py:540} INFO - Filling up the DagBag from /home/airflow/.local/lib/python3.12/site-packages/airflow/example_dags/example_task_group_decorator.py
[2024-04-25T13:55:21.516+0000] {processor.py:840} INFO - DAG(s) 'example_task_group_decorator' retrieved from /home/airflow/.local/lib/python3.12/site-packages/airflow/example_dags/example_task_group_decorator.py
[2024-04-25T13:55:21.545+0000] {logging_mixin.py:188} INFO - [2024-04-25T13:55:21.545+0000] {dag.py:3096} INFO - Sync 1 DAGs
[2024-04-25T13:55:21.569+0000] {logging_mixin.py:188} INFO - [2024-04-25T13:55:21.568+0000] {dag.py:3954} INFO - Setting next_dagrun for example_task_group_decorator to 2024-04-24 00:00:00+00:00, run_after=2024-04-25 00:00:00+00:00
[2024-04-25T13:55:21.588+0000] {processor.py:183} INFO - Processing /home/airflow/.local/lib/python3.12/site-packages/airflow/example_dags/example_task_group_decorator.py took 0.099 seconds
[2024-04-25T13:55:52.001+0000] {processor.py:161} INFO - Started process (PID=8860) to work on /home/airflow/.local/lib/python3.12/site-packages/airflow/example_dags/example_task_group_decorator.py
[2024-04-25T13:55:52.002+0000] {processor.py:830} INFO - Processing file /home/airflow/.local/lib/python3.12/site-packages/airflow/example_dags/example_task_group_decorator.py for tasks to queue
[2024-04-25T13:55:52.004+0000] {logging_mixin.py:188} INFO - [2024-04-25T13:55:52.004+0000] {dagbag.py:540} INFO - Filling up the DagBag from /home/airflow/.local/lib/python3.12/site-packages/airflow/example_dags/example_task_group_decorator.py
[2024-04-25T13:55:52.020+0000] {processor.py:840} INFO - DAG(s) 'example_task_group_decorator' retrieved from /home/airflow/.local/lib/python3.12/site-packages/airflow/example_dags/example_task_group_decorator.py
[2024-04-25T13:55:52.048+0000] {logging_mixin.py:188} INFO - [2024-04-25T13:55:52.047+0000] {dag.py:3096} INFO - Sync 1 DAGs
[2024-04-25T13:55:52.071+0000] {logging_mixin.py:188} INFO - [2024-04-25T13:55:52.071+0000] {dag.py:3954} INFO - Setting next_dagrun for example_task_group_decorator to 2024-04-24 00:00:00+00:00, run_after=2024-04-25 00:00:00+00:00
[2024-04-25T13:55:52.090+0000] {processor.py:183} INFO - Processing /home/airflow/.local/lib/python3.12/site-packages/airflow/example_dags/example_task_group_decorator.py took 0.095 seconds
[2024-04-25T13:56:22.406+0000] {processor.py:161} INFO - Started process (PID=9122) to work on /home/airflow/.local/lib/python3.12/site-packages/airflow/example_dags/example_task_group_decorator.py
[2024-04-25T13:56:22.407+0000] {processor.py:830} INFO - Processing file /home/airflow/.local/lib/python3.12/site-packages/airflow/example_dags/example_task_group_decorator.py for tasks to queue
[2024-04-25T13:56:22.409+0000] {logging_mixin.py:188} INFO - [2024-04-25T13:56:22.408+0000] {dagbag.py:540} INFO - Filling up the DagBag from /home/airflow/.local/lib/python3.12/site-packages/airflow/example_dags/example_task_group_decorator.py
[2024-04-25T13:56:22.424+0000] {processor.py:840} INFO - DAG(s) 'example_task_group_decorator' retrieved from /home/airflow/.local/lib/python3.12/site-packages/airflow/example_dags/example_task_group_decorator.py
[2024-04-25T13:56:22.452+0000] {logging_mixin.py:188} INFO - [2024-04-25T13:56:22.452+0000] {dag.py:3096} INFO - Sync 1 DAGs
[2024-04-25T13:56:22.476+0000] {logging_mixin.py:188} INFO - [2024-04-25T13:56:22.476+0000] {dag.py:3954} INFO - Setting next_dagrun for example_task_group_decorator to 2024-04-24 00:00:00+00:00, run_after=2024-04-25 00:00:00+00:00
[2024-04-25T13:56:22.498+0000] {processor.py:183} INFO - Processing /home/airflow/.local/lib/python3.12/site-packages/airflow/example_dags/example_task_group_decorator.py took 0.099 seconds
[2024-04-25T13:58:16.450+0000] {processor.py:161} INFO - Started process (PID=207) to work on /home/airflow/.local/lib/python3.12/site-packages/airflow/example_dags/example_task_group_decorator.py
[2024-04-25T13:58:16.451+0000] {processor.py:830} INFO - Processing file /home/airflow/.local/lib/python3.12/site-packages/airflow/example_dags/example_task_group_decorator.py for tasks to queue
[2024-04-25T13:58:16.453+0000] {logging_mixin.py:188} INFO - [2024-04-25T13:58:16.453+0000] {dagbag.py:540} INFO - Filling up the DagBag from /home/airflow/.local/lib/python3.12/site-packages/airflow/example_dags/example_task_group_decorator.py
[2024-04-25T13:58:16.471+0000] {processor.py:840} INFO - DAG(s) 'example_task_group_decorator' retrieved from /home/airflow/.local/lib/python3.12/site-packages/airflow/example_dags/example_task_group_decorator.py
[2024-04-25T13:58:16.483+0000] {logging_mixin.py:188} INFO - [2024-04-25T13:58:16.482+0000] {dag.py:3096} INFO - Sync 1 DAGs
[2024-04-25T13:58:16.513+0000] {logging_mixin.py:188} INFO - [2024-04-25T13:58:16.512+0000] {dag.py:3954} INFO - Setting next_dagrun for example_task_group_decorator to 2024-04-24 00:00:00+00:00, run_after=2024-04-25 00:00:00+00:00
[2024-04-25T13:58:16.531+0000] {processor.py:183} INFO - Processing /home/airflow/.local/lib/python3.12/site-packages/airflow/example_dags/example_task_group_decorator.py took 0.087 seconds
[2024-04-25T13:58:47.244+0000] {processor.py:161} INFO - Started process (PID=471) to work on /home/airflow/.local/lib/python3.12/site-packages/airflow/example_dags/example_task_group_decorator.py
[2024-04-25T13:58:47.245+0000] {processor.py:830} INFO - Processing file /home/airflow/.local/lib/python3.12/site-packages/airflow/example_dags/example_task_group_decorator.py for tasks to queue
[2024-04-25T13:58:47.247+0000] {logging_mixin.py:188} INFO - [2024-04-25T13:58:47.247+0000] {dagbag.py:540} INFO - Filling up the DagBag from /home/airflow/.local/lib/python3.12/site-packages/airflow/example_dags/example_task_group_decorator.py
[2024-04-25T13:58:47.267+0000] {processor.py:840} INFO - DAG(s) 'example_task_group_decorator' retrieved from /home/airflow/.local/lib/python3.12/site-packages/airflow/example_dags/example_task_group_decorator.py
[2024-04-25T13:58:47.410+0000] {logging_mixin.py:188} INFO - [2024-04-25T13:58:47.410+0000] {dag.py:3096} INFO - Sync 1 DAGs
[2024-04-25T13:58:47.433+0000] {logging_mixin.py:188} INFO - [2024-04-25T13:58:47.433+0000] {dag.py:3954} INFO - Setting next_dagrun for example_task_group_decorator to 2024-04-24 00:00:00+00:00, run_after=2024-04-25 00:00:00+00:00
[2024-04-25T13:58:47.458+0000] {processor.py:183} INFO - Processing /home/airflow/.local/lib/python3.12/site-packages/airflow/example_dags/example_task_group_decorator.py took 0.221 seconds
