[2024-04-25T13:39:10.395+0000] {processor.py:161} INFO - Started process (PID=388) to work on /home/airflow/.local/lib/python3.12/site-packages/airflow/example_dags/example_xcomargs.py
[2024-04-25T13:39:10.396+0000] {processor.py:830} INFO - Processing file /home/airflow/.local/lib/python3.12/site-packages/airflow/example_dags/example_xcomargs.py for tasks to queue
[2024-04-25T13:39:10.399+0000] {logging_mixin.py:188} INFO - [2024-04-25T13:39:10.399+0000] {dagbag.py:540} INFO - Filling up the DagBag from /home/airflow/.local/lib/python3.12/site-packages/airflow/example_dags/example_xcomargs.py
[2024-04-25T13:39:10.414+0000] {processor.py:840} INFO - DAG(s) 'example_xcom_args', 'example_xcom_args_with_operators' retrieved from /home/airflow/.local/lib/python3.12/site-packages/airflow/example_dags/example_xcomargs.py
[2024-04-25T13:39:10.617+0000] {logging_mixin.py:188} INFO - [2024-04-25T13:39:10.617+0000] {dag.py:3096} INFO - Sync 2 DAGs
[2024-04-25T13:39:10.640+0000] {logging_mixin.py:188} INFO - [2024-04-25T13:39:10.640+0000] {dag.py:3954} INFO - Setting next_dagrun for example_xcom_args to None, run_after=None
[2024-04-25T13:39:10.648+0000] {logging_mixin.py:188} INFO - [2024-04-25T13:39:10.647+0000] {dag.py:3954} INFO - Setting next_dagrun for example_xcom_args_with_operators to None, run_after=None
[2024-04-25T13:39:10.680+0000] {processor.py:183} INFO - Processing /home/airflow/.local/lib/python3.12/site-packages/airflow/example_dags/example_xcomargs.py took 0.293 seconds
[2024-04-25T13:39:41.108+0000] {processor.py:161} INFO - Started process (PID=650) to work on /home/airflow/.local/lib/python3.12/site-packages/airflow/example_dags/example_xcomargs.py
[2024-04-25T13:39:41.109+0000] {processor.py:830} INFO - Processing file /home/airflow/.local/lib/python3.12/site-packages/airflow/example_dags/example_xcomargs.py for tasks to queue
[2024-04-25T13:39:41.111+0000] {logging_mixin.py:188} INFO - [2024-04-25T13:39:41.111+0000] {dagbag.py:540} INFO - Filling up the DagBag from /home/airflow/.local/lib/python3.12/site-packages/airflow/example_dags/example_xcomargs.py
[2024-04-25T13:39:41.120+0000] {processor.py:840} INFO - DAG(s) 'example_xcom_args', 'example_xcom_args_with_operators' retrieved from /home/airflow/.local/lib/python3.12/site-packages/airflow/example_dags/example_xcomargs.py
[2024-04-25T13:39:41.147+0000] {logging_mixin.py:188} INFO - [2024-04-25T13:39:41.147+0000] {dag.py:3096} INFO - Sync 2 DAGs
[2024-04-25T13:39:41.162+0000] {logging_mixin.py:188} INFO - [2024-04-25T13:39:41.162+0000] {dag.py:3954} INFO - Setting next_dagrun for example_xcom_args to None, run_after=None
[2024-04-25T13:39:41.166+0000] {logging_mixin.py:188} INFO - [2024-04-25T13:39:41.166+0000] {dag.py:3954} INFO - Setting next_dagrun for example_xcom_args_with_operators to None, run_after=None
[2024-04-25T13:39:41.185+0000] {processor.py:183} INFO - Processing /home/airflow/.local/lib/python3.12/site-packages/airflow/example_dags/example_xcomargs.py took 0.084 seconds
[2024-04-25T13:40:12.171+0000] {processor.py:161} INFO - Started process (PID=912) to work on /home/airflow/.local/lib/python3.12/site-packages/airflow/example_dags/example_xcomargs.py
[2024-04-25T13:40:12.173+0000] {processor.py:830} INFO - Processing file /home/airflow/.local/lib/python3.12/site-packages/airflow/example_dags/example_xcomargs.py for tasks to queue
[2024-04-25T13:40:12.176+0000] {logging_mixin.py:188} INFO - [2024-04-25T13:40:12.175+0000] {dagbag.py:540} INFO - Filling up the DagBag from /home/airflow/.local/lib/python3.12/site-packages/airflow/example_dags/example_xcomargs.py
[2024-04-25T13:40:12.185+0000] {processor.py:840} INFO - DAG(s) 'example_xcom_args_with_operators', 'example_xcom_args' retrieved from /home/airflow/.local/lib/python3.12/site-packages/airflow/example_dags/example_xcomargs.py
[2024-04-25T13:40:12.211+0000] {logging_mixin.py:188} INFO - [2024-04-25T13:40:12.211+0000] {dag.py:3096} INFO - Sync 2 DAGs
[2024-04-25T13:40:12.226+0000] {logging_mixin.py:188} INFO - [2024-04-25T13:40:12.226+0000] {dag.py:3954} INFO - Setting next_dagrun for example_xcom_args to None, run_after=None
[2024-04-25T13:40:12.231+0000] {logging_mixin.py:188} INFO - [2024-04-25T13:40:12.230+0000] {dag.py:3954} INFO - Setting next_dagrun for example_xcom_args_with_operators to None, run_after=None
[2024-04-25T13:40:12.250+0000] {processor.py:183} INFO - Processing /home/airflow/.local/lib/python3.12/site-packages/airflow/example_dags/example_xcomargs.py took 0.087 seconds
[2024-04-25T13:40:42.546+0000] {processor.py:161} INFO - Started process (PID=1174) to work on /home/airflow/.local/lib/python3.12/site-packages/airflow/example_dags/example_xcomargs.py
[2024-04-25T13:40:42.547+0000] {processor.py:830} INFO - Processing file /home/airflow/.local/lib/python3.12/site-packages/airflow/example_dags/example_xcomargs.py for tasks to queue
[2024-04-25T13:40:42.549+0000] {logging_mixin.py:188} INFO - [2024-04-25T13:40:42.549+0000] {dagbag.py:540} INFO - Filling up the DagBag from /home/airflow/.local/lib/python3.12/site-packages/airflow/example_dags/example_xcomargs.py
[2024-04-25T13:40:42.557+0000] {processor.py:840} INFO - DAG(s) 'example_xcom_args_with_operators', 'example_xcom_args' retrieved from /home/airflow/.local/lib/python3.12/site-packages/airflow/example_dags/example_xcomargs.py
[2024-04-25T13:40:42.584+0000] {logging_mixin.py:188} INFO - [2024-04-25T13:40:42.584+0000] {dag.py:3096} INFO - Sync 2 DAGs
[2024-04-25T13:40:42.599+0000] {logging_mixin.py:188} INFO - [2024-04-25T13:40:42.599+0000] {dag.py:3954} INFO - Setting next_dagrun for example_xcom_args to None, run_after=None
[2024-04-25T13:40:42.604+0000] {logging_mixin.py:188} INFO - [2024-04-25T13:40:42.603+0000] {dag.py:3954} INFO - Setting next_dagrun for example_xcom_args_with_operators to None, run_after=None
[2024-04-25T13:40:42.623+0000] {processor.py:183} INFO - Processing /home/airflow/.local/lib/python3.12/site-packages/airflow/example_dags/example_xcomargs.py took 0.084 seconds
[2024-04-25T13:41:13.346+0000] {processor.py:161} INFO - Started process (PID=1436) to work on /home/airflow/.local/lib/python3.12/site-packages/airflow/example_dags/example_xcomargs.py
[2024-04-25T13:41:13.347+0000] {processor.py:830} INFO - Processing file /home/airflow/.local/lib/python3.12/site-packages/airflow/example_dags/example_xcomargs.py for tasks to queue
[2024-04-25T13:41:13.350+0000] {logging_mixin.py:188} INFO - [2024-04-25T13:41:13.349+0000] {dagbag.py:540} INFO - Filling up the DagBag from /home/airflow/.local/lib/python3.12/site-packages/airflow/example_dags/example_xcomargs.py
[2024-04-25T13:41:13.360+0000] {processor.py:840} INFO - DAG(s) 'example_xcom_args_with_operators', 'example_xcom_args' retrieved from /home/airflow/.local/lib/python3.12/site-packages/airflow/example_dags/example_xcomargs.py
[2024-04-25T13:41:13.396+0000] {logging_mixin.py:188} INFO - [2024-04-25T13:41:13.396+0000] {dag.py:3096} INFO - Sync 2 DAGs
[2024-04-25T13:41:13.415+0000] {logging_mixin.py:188} INFO - [2024-04-25T13:41:13.415+0000] {dag.py:3954} INFO - Setting next_dagrun for example_xcom_args to None, run_after=None
[2024-04-25T13:41:13.420+0000] {logging_mixin.py:188} INFO - [2024-04-25T13:41:13.420+0000] {dag.py:3954} INFO - Setting next_dagrun for example_xcom_args_with_operators to None, run_after=None
[2024-04-25T13:41:13.442+0000] {processor.py:183} INFO - Processing /home/airflow/.local/lib/python3.12/site-packages/airflow/example_dags/example_xcomargs.py took 0.104 seconds
[2024-04-25T13:41:43.776+0000] {processor.py:161} INFO - Started process (PID=1698) to work on /home/airflow/.local/lib/python3.12/site-packages/airflow/example_dags/example_xcomargs.py
[2024-04-25T13:41:43.777+0000] {processor.py:830} INFO - Processing file /home/airflow/.local/lib/python3.12/site-packages/airflow/example_dags/example_xcomargs.py for tasks to queue
[2024-04-25T13:41:43.779+0000] {logging_mixin.py:188} INFO - [2024-04-25T13:41:43.779+0000] {dagbag.py:540} INFO - Filling up the DagBag from /home/airflow/.local/lib/python3.12/site-packages/airflow/example_dags/example_xcomargs.py
[2024-04-25T13:41:43.788+0000] {processor.py:840} INFO - DAG(s) 'example_xcom_args_with_operators', 'example_xcom_args' retrieved from /home/airflow/.local/lib/python3.12/site-packages/airflow/example_dags/example_xcomargs.py
[2024-04-25T13:41:43.817+0000] {logging_mixin.py:188} INFO - [2024-04-25T13:41:43.817+0000] {dag.py:3096} INFO - Sync 2 DAGs
[2024-04-25T13:41:43.833+0000] {logging_mixin.py:188} INFO - [2024-04-25T13:41:43.833+0000] {dag.py:3954} INFO - Setting next_dagrun for example_xcom_args to None, run_after=None
[2024-04-25T13:41:43.838+0000] {logging_mixin.py:188} INFO - [2024-04-25T13:41:43.838+0000] {dag.py:3954} INFO - Setting next_dagrun for example_xcom_args_with_operators to None, run_after=None
[2024-04-25T13:41:43.858+0000] {processor.py:183} INFO - Processing /home/airflow/.local/lib/python3.12/site-packages/airflow/example_dags/example_xcomargs.py took 0.088 seconds
[2024-04-25T13:42:14.029+0000] {processor.py:161} INFO - Started process (PID=1962) to work on /home/airflow/.local/lib/python3.12/site-packages/airflow/example_dags/example_xcomargs.py
[2024-04-25T13:42:14.030+0000] {processor.py:830} INFO - Processing file /home/airflow/.local/lib/python3.12/site-packages/airflow/example_dags/example_xcomargs.py for tasks to queue
[2024-04-25T13:42:14.033+0000] {logging_mixin.py:188} INFO - [2024-04-25T13:42:14.033+0000] {dagbag.py:540} INFO - Filling up the DagBag from /home/airflow/.local/lib/python3.12/site-packages/airflow/example_dags/example_xcomargs.py
[2024-04-25T13:42:14.041+0000] {processor.py:840} INFO - DAG(s) 'example_xcom_args', 'example_xcom_args_with_operators' retrieved from /home/airflow/.local/lib/python3.12/site-packages/airflow/example_dags/example_xcomargs.py
[2024-04-25T13:42:14.067+0000] {logging_mixin.py:188} INFO - [2024-04-25T13:42:14.067+0000] {dag.py:3096} INFO - Sync 2 DAGs
[2024-04-25T13:42:14.081+0000] {logging_mixin.py:188} INFO - [2024-04-25T13:42:14.080+0000] {dag.py:3954} INFO - Setting next_dagrun for example_xcom_args to None, run_after=None
[2024-04-25T13:42:14.085+0000] {logging_mixin.py:188} INFO - [2024-04-25T13:42:14.085+0000] {dag.py:3954} INFO - Setting next_dagrun for example_xcom_args_with_operators to None, run_after=None
[2024-04-25T13:42:14.103+0000] {processor.py:183} INFO - Processing /home/airflow/.local/lib/python3.12/site-packages/airflow/example_dags/example_xcomargs.py took 0.080 seconds
[2024-04-25T13:42:44.412+0000] {processor.py:161} INFO - Started process (PID=2222) to work on /home/airflow/.local/lib/python3.12/site-packages/airflow/example_dags/example_xcomargs.py
[2024-04-25T13:42:44.413+0000] {processor.py:830} INFO - Processing file /home/airflow/.local/lib/python3.12/site-packages/airflow/example_dags/example_xcomargs.py for tasks to queue
[2024-04-25T13:42:44.415+0000] {logging_mixin.py:188} INFO - [2024-04-25T13:42:44.415+0000] {dagbag.py:540} INFO - Filling up the DagBag from /home/airflow/.local/lib/python3.12/site-packages/airflow/example_dags/example_xcomargs.py
[2024-04-25T13:42:44.424+0000] {processor.py:840} INFO - DAG(s) 'example_xcom_args_with_operators', 'example_xcom_args' retrieved from /home/airflow/.local/lib/python3.12/site-packages/airflow/example_dags/example_xcomargs.py
[2024-04-25T13:42:44.450+0000] {logging_mixin.py:188} INFO - [2024-04-25T13:42:44.450+0000] {dag.py:3096} INFO - Sync 2 DAGs
[2024-04-25T13:42:44.464+0000] {logging_mixin.py:188} INFO - [2024-04-25T13:42:44.464+0000] {dag.py:3954} INFO - Setting next_dagrun for example_xcom_args to None, run_after=None
[2024-04-25T13:42:44.472+0000] {logging_mixin.py:188} INFO - [2024-04-25T13:42:44.472+0000] {dag.py:3954} INFO - Setting next_dagrun for example_xcom_args_with_operators to None, run_after=None
[2024-04-25T13:42:44.499+0000] {processor.py:183} INFO - Processing /home/airflow/.local/lib/python3.12/site-packages/airflow/example_dags/example_xcomargs.py took 0.094 seconds
[2024-04-25T13:43:14.831+0000] {processor.py:161} INFO - Started process (PID=2484) to work on /home/airflow/.local/lib/python3.12/site-packages/airflow/example_dags/example_xcomargs.py
[2024-04-25T13:43:14.832+0000] {processor.py:830} INFO - Processing file /home/airflow/.local/lib/python3.12/site-packages/airflow/example_dags/example_xcomargs.py for tasks to queue
[2024-04-25T13:43:14.835+0000] {logging_mixin.py:188} INFO - [2024-04-25T13:43:14.834+0000] {dagbag.py:540} INFO - Filling up the DagBag from /home/airflow/.local/lib/python3.12/site-packages/airflow/example_dags/example_xcomargs.py
[2024-04-25T13:43:14.846+0000] {processor.py:840} INFO - DAG(s) 'example_xcom_args', 'example_xcom_args_with_operators' retrieved from /home/airflow/.local/lib/python3.12/site-packages/airflow/example_dags/example_xcomargs.py
[2024-04-25T13:43:14.875+0000] {logging_mixin.py:188} INFO - [2024-04-25T13:43:14.875+0000] {dag.py:3096} INFO - Sync 2 DAGs
[2024-04-25T13:43:14.891+0000] {logging_mixin.py:188} INFO - [2024-04-25T13:43:14.890+0000] {dag.py:3954} INFO - Setting next_dagrun for example_xcom_args to None, run_after=None
[2024-04-25T13:43:14.895+0000] {logging_mixin.py:188} INFO - [2024-04-25T13:43:14.895+0000] {dag.py:3954} INFO - Setting next_dagrun for example_xcom_args_with_operators to None, run_after=None
[2024-04-25T13:43:14.916+0000] {processor.py:183} INFO - Processing /home/airflow/.local/lib/python3.12/site-packages/airflow/example_dags/example_xcomargs.py took 0.091 seconds
[2024-04-25T13:43:45.244+0000] {processor.py:161} INFO - Started process (PID=2746) to work on /home/airflow/.local/lib/python3.12/site-packages/airflow/example_dags/example_xcomargs.py
[2024-04-25T13:43:45.246+0000] {processor.py:830} INFO - Processing file /home/airflow/.local/lib/python3.12/site-packages/airflow/example_dags/example_xcomargs.py for tasks to queue
[2024-04-25T13:43:45.249+0000] {logging_mixin.py:188} INFO - [2024-04-25T13:43:45.248+0000] {dagbag.py:540} INFO - Filling up the DagBag from /home/airflow/.local/lib/python3.12/site-packages/airflow/example_dags/example_xcomargs.py
[2024-04-25T13:43:45.272+0000] {processor.py:840} INFO - DAG(s) 'example_xcom_args', 'example_xcom_args_with_operators' retrieved from /home/airflow/.local/lib/python3.12/site-packages/airflow/example_dags/example_xcomargs.py
[2024-04-25T13:43:45.326+0000] {logging_mixin.py:188} INFO - [2024-04-25T13:43:45.326+0000] {dag.py:3096} INFO - Sync 2 DAGs
[2024-04-25T13:43:45.345+0000] {logging_mixin.py:188} INFO - [2024-04-25T13:43:45.345+0000] {dag.py:3954} INFO - Setting next_dagrun for example_xcom_args to None, run_after=None
[2024-04-25T13:43:45.350+0000] {logging_mixin.py:188} INFO - [2024-04-25T13:43:45.349+0000] {dag.py:3954} INFO - Setting next_dagrun for example_xcom_args_with_operators to None, run_after=None
[2024-04-25T13:43:45.369+0000] {processor.py:183} INFO - Processing /home/airflow/.local/lib/python3.12/site-packages/airflow/example_dags/example_xcomargs.py took 0.137 seconds
[2024-04-25T13:44:15.712+0000] {processor.py:161} INFO - Started process (PID=3008) to work on /home/airflow/.local/lib/python3.12/site-packages/airflow/example_dags/example_xcomargs.py
[2024-04-25T13:44:15.714+0000] {processor.py:830} INFO - Processing file /home/airflow/.local/lib/python3.12/site-packages/airflow/example_dags/example_xcomargs.py for tasks to queue
[2024-04-25T13:44:15.716+0000] {logging_mixin.py:188} INFO - [2024-04-25T13:44:15.715+0000] {dagbag.py:540} INFO - Filling up the DagBag from /home/airflow/.local/lib/python3.12/site-packages/airflow/example_dags/example_xcomargs.py
[2024-04-25T13:44:15.726+0000] {processor.py:840} INFO - DAG(s) 'example_xcom_args', 'example_xcom_args_with_operators' retrieved from /home/airflow/.local/lib/python3.12/site-packages/airflow/example_dags/example_xcomargs.py
[2024-04-25T13:44:15.751+0000] {logging_mixin.py:188} INFO - [2024-04-25T13:44:15.751+0000] {dag.py:3096} INFO - Sync 2 DAGs
[2024-04-25T13:44:15.765+0000] {logging_mixin.py:188} INFO - [2024-04-25T13:44:15.765+0000] {dag.py:3954} INFO - Setting next_dagrun for example_xcom_args to None, run_after=None
[2024-04-25T13:44:15.769+0000] {logging_mixin.py:188} INFO - [2024-04-25T13:44:15.769+0000] {dag.py:3954} INFO - Setting next_dagrun for example_xcom_args_with_operators to None, run_after=None
[2024-04-25T13:44:15.788+0000] {processor.py:183} INFO - Processing /home/airflow/.local/lib/python3.12/site-packages/airflow/example_dags/example_xcomargs.py took 0.083 seconds
[2024-04-25T13:44:46.190+0000] {processor.py:161} INFO - Started process (PID=3270) to work on /home/airflow/.local/lib/python3.12/site-packages/airflow/example_dags/example_xcomargs.py
[2024-04-25T13:44:46.191+0000] {processor.py:830} INFO - Processing file /home/airflow/.local/lib/python3.12/site-packages/airflow/example_dags/example_xcomargs.py for tasks to queue
[2024-04-25T13:44:46.193+0000] {logging_mixin.py:188} INFO - [2024-04-25T13:44:46.193+0000] {dagbag.py:540} INFO - Filling up the DagBag from /home/airflow/.local/lib/python3.12/site-packages/airflow/example_dags/example_xcomargs.py
[2024-04-25T13:44:46.201+0000] {processor.py:840} INFO - DAG(s) 'example_xcom_args_with_operators', 'example_xcom_args' retrieved from /home/airflow/.local/lib/python3.12/site-packages/airflow/example_dags/example_xcomargs.py
[2024-04-25T13:44:46.227+0000] {logging_mixin.py:188} INFO - [2024-04-25T13:44:46.226+0000] {dag.py:3096} INFO - Sync 2 DAGs
[2024-04-25T13:44:46.240+0000] {logging_mixin.py:188} INFO - [2024-04-25T13:44:46.240+0000] {dag.py:3954} INFO - Setting next_dagrun for example_xcom_args to None, run_after=None
[2024-04-25T13:44:46.245+0000] {logging_mixin.py:188} INFO - [2024-04-25T13:44:46.244+0000] {dag.py:3954} INFO - Setting next_dagrun for example_xcom_args_with_operators to None, run_after=None
[2024-04-25T13:44:46.264+0000] {processor.py:183} INFO - Processing /home/airflow/.local/lib/python3.12/site-packages/airflow/example_dags/example_xcomargs.py took 0.082 seconds
[2024-04-25T13:45:16.804+0000] {processor.py:161} INFO - Started process (PID=3529) to work on /home/airflow/.local/lib/python3.12/site-packages/airflow/example_dags/example_xcomargs.py
[2024-04-25T13:45:16.805+0000] {processor.py:830} INFO - Processing file /home/airflow/.local/lib/python3.12/site-packages/airflow/example_dags/example_xcomargs.py for tasks to queue
[2024-04-25T13:45:16.807+0000] {logging_mixin.py:188} INFO - [2024-04-25T13:45:16.807+0000] {dagbag.py:540} INFO - Filling up the DagBag from /home/airflow/.local/lib/python3.12/site-packages/airflow/example_dags/example_xcomargs.py
[2024-04-25T13:45:16.817+0000] {processor.py:840} INFO - DAG(s) 'example_xcom_args_with_operators', 'example_xcom_args' retrieved from /home/airflow/.local/lib/python3.12/site-packages/airflow/example_dags/example_xcomargs.py
[2024-04-25T13:45:16.843+0000] {logging_mixin.py:188} INFO - [2024-04-25T13:45:16.843+0000] {dag.py:3096} INFO - Sync 2 DAGs
[2024-04-25T13:45:16.858+0000] {logging_mixin.py:188} INFO - [2024-04-25T13:45:16.858+0000] {dag.py:3954} INFO - Setting next_dagrun for example_xcom_args to None, run_after=None
[2024-04-25T13:45:16.863+0000] {logging_mixin.py:188} INFO - [2024-04-25T13:45:16.862+0000] {dag.py:3954} INFO - Setting next_dagrun for example_xcom_args_with_operators to None, run_after=None
[2024-04-25T13:45:16.883+0000] {processor.py:183} INFO - Processing /home/airflow/.local/lib/python3.12/site-packages/airflow/example_dags/example_xcomargs.py took 0.086 seconds
[2024-04-25T13:45:47.151+0000] {processor.py:161} INFO - Started process (PID=3789) to work on /home/airflow/.local/lib/python3.12/site-packages/airflow/example_dags/example_xcomargs.py
[2024-04-25T13:45:47.152+0000] {processor.py:830} INFO - Processing file /home/airflow/.local/lib/python3.12/site-packages/airflow/example_dags/example_xcomargs.py for tasks to queue
[2024-04-25T13:45:47.154+0000] {logging_mixin.py:188} INFO - [2024-04-25T13:45:47.154+0000] {dagbag.py:540} INFO - Filling up the DagBag from /home/airflow/.local/lib/python3.12/site-packages/airflow/example_dags/example_xcomargs.py
[2024-04-25T13:45:47.165+0000] {processor.py:840} INFO - DAG(s) 'example_xcom_args_with_operators', 'example_xcom_args' retrieved from /home/airflow/.local/lib/python3.12/site-packages/airflow/example_dags/example_xcomargs.py
[2024-04-25T13:45:47.196+0000] {logging_mixin.py:188} INFO - [2024-04-25T13:45:47.195+0000] {dag.py:3096} INFO - Sync 2 DAGs
[2024-04-25T13:45:47.211+0000] {logging_mixin.py:188} INFO - [2024-04-25T13:45:47.211+0000] {dag.py:3954} INFO - Setting next_dagrun for example_xcom_args to None, run_after=None
[2024-04-25T13:45:47.216+0000] {logging_mixin.py:188} INFO - [2024-04-25T13:45:47.216+0000] {dag.py:3954} INFO - Setting next_dagrun for example_xcom_args_with_operators to None, run_after=None
[2024-04-25T13:45:47.249+0000] {processor.py:183} INFO - Processing /home/airflow/.local/lib/python3.12/site-packages/airflow/example_dags/example_xcomargs.py took 0.106 seconds
[2024-04-25T13:46:17.898+0000] {processor.py:161} INFO - Started process (PID=4051) to work on /home/airflow/.local/lib/python3.12/site-packages/airflow/example_dags/example_xcomargs.py
[2024-04-25T13:46:17.900+0000] {processor.py:830} INFO - Processing file /home/airflow/.local/lib/python3.12/site-packages/airflow/example_dags/example_xcomargs.py for tasks to queue
[2024-04-25T13:46:17.902+0000] {logging_mixin.py:188} INFO - [2024-04-25T13:46:17.901+0000] {dagbag.py:540} INFO - Filling up the DagBag from /home/airflow/.local/lib/python3.12/site-packages/airflow/example_dags/example_xcomargs.py
[2024-04-25T13:46:17.913+0000] {processor.py:840} INFO - DAG(s) 'example_xcom_args', 'example_xcom_args_with_operators' retrieved from /home/airflow/.local/lib/python3.12/site-packages/airflow/example_dags/example_xcomargs.py
[2024-04-25T13:46:17.940+0000] {logging_mixin.py:188} INFO - [2024-04-25T13:46:17.940+0000] {dag.py:3096} INFO - Sync 2 DAGs
[2024-04-25T13:46:17.955+0000] {logging_mixin.py:188} INFO - [2024-04-25T13:46:17.955+0000] {dag.py:3954} INFO - Setting next_dagrun for example_xcom_args to None, run_after=None
[2024-04-25T13:46:17.960+0000] {logging_mixin.py:188} INFO - [2024-04-25T13:46:17.959+0000] {dag.py:3954} INFO - Setting next_dagrun for example_xcom_args_with_operators to None, run_after=None
[2024-04-25T13:46:17.978+0000] {processor.py:183} INFO - Processing /home/airflow/.local/lib/python3.12/site-packages/airflow/example_dags/example_xcomargs.py took 0.086 seconds
[2024-04-25T13:46:48.335+0000] {processor.py:161} INFO - Started process (PID=4313) to work on /home/airflow/.local/lib/python3.12/site-packages/airflow/example_dags/example_xcomargs.py
[2024-04-25T13:46:48.337+0000] {processor.py:830} INFO - Processing file /home/airflow/.local/lib/python3.12/site-packages/airflow/example_dags/example_xcomargs.py for tasks to queue
[2024-04-25T13:46:48.340+0000] {logging_mixin.py:188} INFO - [2024-04-25T13:46:48.339+0000] {dagbag.py:540} INFO - Filling up the DagBag from /home/airflow/.local/lib/python3.12/site-packages/airflow/example_dags/example_xcomargs.py
[2024-04-25T13:46:48.353+0000] {processor.py:840} INFO - DAG(s) 'example_xcom_args', 'example_xcom_args_with_operators' retrieved from /home/airflow/.local/lib/python3.12/site-packages/airflow/example_dags/example_xcomargs.py
[2024-04-25T13:46:48.384+0000] {logging_mixin.py:188} INFO - [2024-04-25T13:46:48.384+0000] {dag.py:3096} INFO - Sync 2 DAGs
[2024-04-25T13:46:48.401+0000] {logging_mixin.py:188} INFO - [2024-04-25T13:46:48.401+0000] {dag.py:3954} INFO - Setting next_dagrun for example_xcom_args to None, run_after=None
[2024-04-25T13:46:48.407+0000] {logging_mixin.py:188} INFO - [2024-04-25T13:46:48.406+0000] {dag.py:3954} INFO - Setting next_dagrun for example_xcom_args_with_operators to None, run_after=None
[2024-04-25T13:46:48.426+0000] {processor.py:183} INFO - Processing /home/airflow/.local/lib/python3.12/site-packages/airflow/example_dags/example_xcomargs.py took 0.099 seconds
[2024-04-25T13:47:18.790+0000] {processor.py:161} INFO - Started process (PID=4577) to work on /home/airflow/.local/lib/python3.12/site-packages/airflow/example_dags/example_xcomargs.py
[2024-04-25T13:47:18.791+0000] {processor.py:830} INFO - Processing file /home/airflow/.local/lib/python3.12/site-packages/airflow/example_dags/example_xcomargs.py for tasks to queue
[2024-04-25T13:47:18.793+0000] {logging_mixin.py:188} INFO - [2024-04-25T13:47:18.793+0000] {dagbag.py:540} INFO - Filling up the DagBag from /home/airflow/.local/lib/python3.12/site-packages/airflow/example_dags/example_xcomargs.py
[2024-04-25T13:47:18.801+0000] {processor.py:840} INFO - DAG(s) 'example_xcom_args', 'example_xcom_args_with_operators' retrieved from /home/airflow/.local/lib/python3.12/site-packages/airflow/example_dags/example_xcomargs.py
[2024-04-25T13:47:18.825+0000] {logging_mixin.py:188} INFO - [2024-04-25T13:47:18.825+0000] {dag.py:3096} INFO - Sync 2 DAGs
[2024-04-25T13:47:18.838+0000] {logging_mixin.py:188} INFO - [2024-04-25T13:47:18.838+0000] {dag.py:3954} INFO - Setting next_dagrun for example_xcom_args to None, run_after=None
[2024-04-25T13:47:18.842+0000] {logging_mixin.py:188} INFO - [2024-04-25T13:47:18.842+0000] {dag.py:3954} INFO - Setting next_dagrun for example_xcom_args_with_operators to None, run_after=None
[2024-04-25T13:47:18.859+0000] {processor.py:183} INFO - Processing /home/airflow/.local/lib/python3.12/site-packages/airflow/example_dags/example_xcomargs.py took 0.075 seconds
[2024-04-25T13:47:49.135+0000] {processor.py:161} INFO - Started process (PID=4837) to work on /home/airflow/.local/lib/python3.12/site-packages/airflow/example_dags/example_xcomargs.py
[2024-04-25T13:47:49.136+0000] {processor.py:830} INFO - Processing file /home/airflow/.local/lib/python3.12/site-packages/airflow/example_dags/example_xcomargs.py for tasks to queue
[2024-04-25T13:47:49.138+0000] {logging_mixin.py:188} INFO - [2024-04-25T13:47:49.137+0000] {dagbag.py:540} INFO - Filling up the DagBag from /home/airflow/.local/lib/python3.12/site-packages/airflow/example_dags/example_xcomargs.py
[2024-04-25T13:47:49.146+0000] {processor.py:840} INFO - DAG(s) 'example_xcom_args_with_operators', 'example_xcom_args' retrieved from /home/airflow/.local/lib/python3.12/site-packages/airflow/example_dags/example_xcomargs.py
[2024-04-25T13:47:49.170+0000] {logging_mixin.py:188} INFO - [2024-04-25T13:47:49.170+0000] {dag.py:3096} INFO - Sync 2 DAGs
[2024-04-25T13:47:49.183+0000] {logging_mixin.py:188} INFO - [2024-04-25T13:47:49.183+0000] {dag.py:3954} INFO - Setting next_dagrun for example_xcom_args to None, run_after=None
[2024-04-25T13:47:49.187+0000] {logging_mixin.py:188} INFO - [2024-04-25T13:47:49.187+0000] {dag.py:3954} INFO - Setting next_dagrun for example_xcom_args_with_operators to None, run_after=None
[2024-04-25T13:47:49.205+0000] {processor.py:183} INFO - Processing /home/airflow/.local/lib/python3.12/site-packages/airflow/example_dags/example_xcomargs.py took 0.077 seconds
[2024-04-25T13:48:19.624+0000] {processor.py:161} INFO - Started process (PID=5099) to work on /home/airflow/.local/lib/python3.12/site-packages/airflow/example_dags/example_xcomargs.py
[2024-04-25T13:48:19.626+0000] {processor.py:830} INFO - Processing file /home/airflow/.local/lib/python3.12/site-packages/airflow/example_dags/example_xcomargs.py for tasks to queue
[2024-04-25T13:48:19.628+0000] {logging_mixin.py:188} INFO - [2024-04-25T13:48:19.628+0000] {dagbag.py:540} INFO - Filling up the DagBag from /home/airflow/.local/lib/python3.12/site-packages/airflow/example_dags/example_xcomargs.py
[2024-04-25T13:48:19.639+0000] {processor.py:840} INFO - DAG(s) 'example_xcom_args', 'example_xcom_args_with_operators' retrieved from /home/airflow/.local/lib/python3.12/site-packages/airflow/example_dags/example_xcomargs.py
[2024-04-25T13:48:19.668+0000] {logging_mixin.py:188} INFO - [2024-04-25T13:48:19.668+0000] {dag.py:3096} INFO - Sync 2 DAGs
[2024-04-25T13:48:19.684+0000] {logging_mixin.py:188} INFO - [2024-04-25T13:48:19.684+0000] {dag.py:3954} INFO - Setting next_dagrun for example_xcom_args to None, run_after=None
[2024-04-25T13:48:19.690+0000] {logging_mixin.py:188} INFO - [2024-04-25T13:48:19.690+0000] {dag.py:3954} INFO - Setting next_dagrun for example_xcom_args_with_operators to None, run_after=None
[2024-04-25T13:48:19.717+0000] {processor.py:183} INFO - Processing /home/airflow/.local/lib/python3.12/site-packages/airflow/example_dags/example_xcomargs.py took 0.101 seconds
[2024-04-25T13:48:50.020+0000] {processor.py:161} INFO - Started process (PID=5361) to work on /home/airflow/.local/lib/python3.12/site-packages/airflow/example_dags/example_xcomargs.py
[2024-04-25T13:48:50.021+0000] {processor.py:830} INFO - Processing file /home/airflow/.local/lib/python3.12/site-packages/airflow/example_dags/example_xcomargs.py for tasks to queue
[2024-04-25T13:48:50.024+0000] {logging_mixin.py:188} INFO - [2024-04-25T13:48:50.023+0000] {dagbag.py:540} INFO - Filling up the DagBag from /home/airflow/.local/lib/python3.12/site-packages/airflow/example_dags/example_xcomargs.py
[2024-04-25T13:48:50.032+0000] {processor.py:840} INFO - DAG(s) 'example_xcom_args_with_operators', 'example_xcom_args' retrieved from /home/airflow/.local/lib/python3.12/site-packages/airflow/example_dags/example_xcomargs.py
[2024-04-25T13:48:50.059+0000] {logging_mixin.py:188} INFO - [2024-04-25T13:48:50.059+0000] {dag.py:3096} INFO - Sync 2 DAGs
[2024-04-25T13:48:50.076+0000] {logging_mixin.py:188} INFO - [2024-04-25T13:48:50.076+0000] {dag.py:3954} INFO - Setting next_dagrun for example_xcom_args to None, run_after=None
[2024-04-25T13:48:50.081+0000] {logging_mixin.py:188} INFO - [2024-04-25T13:48:50.080+0000] {dag.py:3954} INFO - Setting next_dagrun for example_xcom_args_with_operators to None, run_after=None
[2024-04-25T13:48:50.099+0000] {processor.py:183} INFO - Processing /home/airflow/.local/lib/python3.12/site-packages/airflow/example_dags/example_xcomargs.py took 0.085 seconds
[2024-04-25T13:49:20.426+0000] {processor.py:161} INFO - Started process (PID=5623) to work on /home/airflow/.local/lib/python3.12/site-packages/airflow/example_dags/example_xcomargs.py
[2024-04-25T13:49:20.427+0000] {processor.py:830} INFO - Processing file /home/airflow/.local/lib/python3.12/site-packages/airflow/example_dags/example_xcomargs.py for tasks to queue
[2024-04-25T13:49:20.429+0000] {logging_mixin.py:188} INFO - [2024-04-25T13:49:20.429+0000] {dagbag.py:540} INFO - Filling up the DagBag from /home/airflow/.local/lib/python3.12/site-packages/airflow/example_dags/example_xcomargs.py
[2024-04-25T13:49:20.438+0000] {processor.py:840} INFO - DAG(s) 'example_xcom_args', 'example_xcom_args_with_operators' retrieved from /home/airflow/.local/lib/python3.12/site-packages/airflow/example_dags/example_xcomargs.py
[2024-04-25T13:49:20.463+0000] {logging_mixin.py:188} INFO - [2024-04-25T13:49:20.463+0000] {dag.py:3096} INFO - Sync 2 DAGs
[2024-04-25T13:49:20.477+0000] {logging_mixin.py:188} INFO - [2024-04-25T13:49:20.477+0000] {dag.py:3954} INFO - Setting next_dagrun for example_xcom_args to None, run_after=None
[2024-04-25T13:49:20.481+0000] {logging_mixin.py:188} INFO - [2024-04-25T13:49:20.481+0000] {dag.py:3954} INFO - Setting next_dagrun for example_xcom_args_with_operators to None, run_after=None
[2024-04-25T13:49:20.500+0000] {processor.py:183} INFO - Processing /home/airflow/.local/lib/python3.12/site-packages/airflow/example_dags/example_xcomargs.py took 0.080 seconds
[2024-04-25T13:49:50.977+0000] {processor.py:161} INFO - Started process (PID=5886) to work on /home/airflow/.local/lib/python3.12/site-packages/airflow/example_dags/example_xcomargs.py
[2024-04-25T13:49:50.978+0000] {processor.py:830} INFO - Processing file /home/airflow/.local/lib/python3.12/site-packages/airflow/example_dags/example_xcomargs.py for tasks to queue
[2024-04-25T13:49:50.980+0000] {logging_mixin.py:188} INFO - [2024-04-25T13:49:50.979+0000] {dagbag.py:540} INFO - Filling up the DagBag from /home/airflow/.local/lib/python3.12/site-packages/airflow/example_dags/example_xcomargs.py
[2024-04-25T13:49:50.988+0000] {processor.py:840} INFO - DAG(s) 'example_xcom_args', 'example_xcom_args_with_operators' retrieved from /home/airflow/.local/lib/python3.12/site-packages/airflow/example_dags/example_xcomargs.py
[2024-04-25T13:49:51.016+0000] {logging_mixin.py:188} INFO - [2024-04-25T13:49:51.016+0000] {dag.py:3096} INFO - Sync 2 DAGs
[2024-04-25T13:49:51.034+0000] {logging_mixin.py:188} INFO - [2024-04-25T13:49:51.034+0000] {dag.py:3954} INFO - Setting next_dagrun for example_xcom_args to None, run_after=None
[2024-04-25T13:49:51.038+0000] {logging_mixin.py:188} INFO - [2024-04-25T13:49:51.038+0000] {dag.py:3954} INFO - Setting next_dagrun for example_xcom_args_with_operators to None, run_after=None
[2024-04-25T13:49:51.057+0000] {processor.py:183} INFO - Processing /home/airflow/.local/lib/python3.12/site-packages/airflow/example_dags/example_xcomargs.py took 0.086 seconds
[2024-04-25T13:50:21.600+0000] {processor.py:161} INFO - Started process (PID=6149) to work on /home/airflow/.local/lib/python3.12/site-packages/airflow/example_dags/example_xcomargs.py
[2024-04-25T13:50:21.601+0000] {processor.py:830} INFO - Processing file /home/airflow/.local/lib/python3.12/site-packages/airflow/example_dags/example_xcomargs.py for tasks to queue
[2024-04-25T13:50:21.603+0000] {logging_mixin.py:188} INFO - [2024-04-25T13:50:21.602+0000] {dagbag.py:540} INFO - Filling up the DagBag from /home/airflow/.local/lib/python3.12/site-packages/airflow/example_dags/example_xcomargs.py
[2024-04-25T13:50:21.611+0000] {processor.py:840} INFO - DAG(s) 'example_xcom_args_with_operators', 'example_xcom_args' retrieved from /home/airflow/.local/lib/python3.12/site-packages/airflow/example_dags/example_xcomargs.py
[2024-04-25T13:50:21.636+0000] {logging_mixin.py:188} INFO - [2024-04-25T13:50:21.636+0000] {dag.py:3096} INFO - Sync 2 DAGs
[2024-04-25T13:50:21.650+0000] {logging_mixin.py:188} INFO - [2024-04-25T13:50:21.650+0000] {dag.py:3954} INFO - Setting next_dagrun for example_xcom_args to None, run_after=None
[2024-04-25T13:50:21.654+0000] {logging_mixin.py:188} INFO - [2024-04-25T13:50:21.654+0000] {dag.py:3954} INFO - Setting next_dagrun for example_xcom_args_with_operators to None, run_after=None
[2024-04-25T13:50:21.672+0000] {processor.py:183} INFO - Processing /home/airflow/.local/lib/python3.12/site-packages/airflow/example_dags/example_xcomargs.py took 0.078 seconds
[2024-04-25T13:50:52.526+0000] {processor.py:161} INFO - Started process (PID=6411) to work on /home/airflow/.local/lib/python3.12/site-packages/airflow/example_dags/example_xcomargs.py
[2024-04-25T13:50:52.527+0000] {processor.py:830} INFO - Processing file /home/airflow/.local/lib/python3.12/site-packages/airflow/example_dags/example_xcomargs.py for tasks to queue
[2024-04-25T13:50:52.529+0000] {logging_mixin.py:188} INFO - [2024-04-25T13:50:52.528+0000] {dagbag.py:540} INFO - Filling up the DagBag from /home/airflow/.local/lib/python3.12/site-packages/airflow/example_dags/example_xcomargs.py
[2024-04-25T13:50:52.537+0000] {processor.py:840} INFO - DAG(s) 'example_xcom_args', 'example_xcom_args_with_operators' retrieved from /home/airflow/.local/lib/python3.12/site-packages/airflow/example_dags/example_xcomargs.py
[2024-04-25T13:50:52.561+0000] {logging_mixin.py:188} INFO - [2024-04-25T13:50:52.561+0000] {dag.py:3096} INFO - Sync 2 DAGs
[2024-04-25T13:50:52.575+0000] {logging_mixin.py:188} INFO - [2024-04-25T13:50:52.575+0000] {dag.py:3954} INFO - Setting next_dagrun for example_xcom_args to None, run_after=None
[2024-04-25T13:50:52.579+0000] {logging_mixin.py:188} INFO - [2024-04-25T13:50:52.579+0000] {dag.py:3954} INFO - Setting next_dagrun for example_xcom_args_with_operators to None, run_after=None
[2024-04-25T13:50:52.598+0000] {processor.py:183} INFO - Processing /home/airflow/.local/lib/python3.12/site-packages/airflow/example_dags/example_xcomargs.py took 0.078 seconds
[2024-04-25T13:51:22.893+0000] {processor.py:161} INFO - Started process (PID=6671) to work on /home/airflow/.local/lib/python3.12/site-packages/airflow/example_dags/example_xcomargs.py
[2024-04-25T13:51:22.895+0000] {processor.py:830} INFO - Processing file /home/airflow/.local/lib/python3.12/site-packages/airflow/example_dags/example_xcomargs.py for tasks to queue
[2024-04-25T13:51:22.897+0000] {logging_mixin.py:188} INFO - [2024-04-25T13:51:22.896+0000] {dagbag.py:540} INFO - Filling up the DagBag from /home/airflow/.local/lib/python3.12/site-packages/airflow/example_dags/example_xcomargs.py
[2024-04-25T13:51:22.906+0000] {processor.py:840} INFO - DAG(s) 'example_xcom_args', 'example_xcom_args_with_operators' retrieved from /home/airflow/.local/lib/python3.12/site-packages/airflow/example_dags/example_xcomargs.py
[2024-04-25T13:51:22.934+0000] {logging_mixin.py:188} INFO - [2024-04-25T13:51:22.933+0000] {dag.py:3096} INFO - Sync 2 DAGs
[2024-04-25T13:51:22.947+0000] {logging_mixin.py:188} INFO - [2024-04-25T13:51:22.947+0000] {dag.py:3954} INFO - Setting next_dagrun for example_xcom_args to None, run_after=None
[2024-04-25T13:51:22.952+0000] {logging_mixin.py:188} INFO - [2024-04-25T13:51:22.952+0000] {dag.py:3954} INFO - Setting next_dagrun for example_xcom_args_with_operators to None, run_after=None
[2024-04-25T13:51:22.971+0000] {processor.py:183} INFO - Processing /home/airflow/.local/lib/python3.12/site-packages/airflow/example_dags/example_xcomargs.py took 0.083 seconds
[2024-04-25T13:51:53.324+0000] {processor.py:161} INFO - Started process (PID=6935) to work on /home/airflow/.local/lib/python3.12/site-packages/airflow/example_dags/example_xcomargs.py
[2024-04-25T13:51:53.325+0000] {processor.py:830} INFO - Processing file /home/airflow/.local/lib/python3.12/site-packages/airflow/example_dags/example_xcomargs.py for tasks to queue
[2024-04-25T13:51:53.327+0000] {logging_mixin.py:188} INFO - [2024-04-25T13:51:53.327+0000] {dagbag.py:540} INFO - Filling up the DagBag from /home/airflow/.local/lib/python3.12/site-packages/airflow/example_dags/example_xcomargs.py
[2024-04-25T13:51:53.336+0000] {processor.py:840} INFO - DAG(s) 'example_xcom_args_with_operators', 'example_xcom_args' retrieved from /home/airflow/.local/lib/python3.12/site-packages/airflow/example_dags/example_xcomargs.py
[2024-04-25T13:51:53.360+0000] {logging_mixin.py:188} INFO - [2024-04-25T13:51:53.360+0000] {dag.py:3096} INFO - Sync 2 DAGs
[2024-04-25T13:51:53.375+0000] {logging_mixin.py:188} INFO - [2024-04-25T13:51:53.374+0000] {dag.py:3954} INFO - Setting next_dagrun for example_xcom_args to None, run_after=None
[2024-04-25T13:51:53.379+0000] {logging_mixin.py:188} INFO - [2024-04-25T13:51:53.378+0000] {dag.py:3954} INFO - Setting next_dagrun for example_xcom_args_with_operators to None, run_after=None
[2024-04-25T13:51:53.398+0000] {processor.py:183} INFO - Processing /home/airflow/.local/lib/python3.12/site-packages/airflow/example_dags/example_xcomargs.py took 0.079 seconds
[2024-04-25T13:52:24.176+0000] {processor.py:161} INFO - Started process (PID=7195) to work on /home/airflow/.local/lib/python3.12/site-packages/airflow/example_dags/example_xcomargs.py
[2024-04-25T13:52:24.178+0000] {processor.py:830} INFO - Processing file /home/airflow/.local/lib/python3.12/site-packages/airflow/example_dags/example_xcomargs.py for tasks to queue
[2024-04-25T13:52:24.180+0000] {logging_mixin.py:188} INFO - [2024-04-25T13:52:24.180+0000] {dagbag.py:540} INFO - Filling up the DagBag from /home/airflow/.local/lib/python3.12/site-packages/airflow/example_dags/example_xcomargs.py
[2024-04-25T13:52:24.316+0000] {processor.py:840} INFO - DAG(s) 'example_xcom_args_with_operators', 'example_xcom_args' retrieved from /home/airflow/.local/lib/python3.12/site-packages/airflow/example_dags/example_xcomargs.py
[2024-04-25T13:52:24.339+0000] {logging_mixin.py:188} INFO - [2024-04-25T13:52:24.339+0000] {dag.py:3096} INFO - Sync 2 DAGs
[2024-04-25T13:52:24.351+0000] {logging_mixin.py:188} INFO - [2024-04-25T13:52:24.351+0000] {dag.py:3954} INFO - Setting next_dagrun for example_xcom_args to None, run_after=None
[2024-04-25T13:52:24.356+0000] {logging_mixin.py:188} INFO - [2024-04-25T13:52:24.356+0000] {dag.py:3954} INFO - Setting next_dagrun for example_xcom_args_with_operators to None, run_after=None
[2024-04-25T13:52:24.375+0000] {processor.py:183} INFO - Processing /home/airflow/.local/lib/python3.12/site-packages/airflow/example_dags/example_xcomargs.py took 0.206 seconds
[2024-04-25T13:52:54.512+0000] {processor.py:161} INFO - Started process (PID=7459) to work on /home/airflow/.local/lib/python3.12/site-packages/airflow/example_dags/example_xcomargs.py
[2024-04-25T13:52:54.513+0000] {processor.py:830} INFO - Processing file /home/airflow/.local/lib/python3.12/site-packages/airflow/example_dags/example_xcomargs.py for tasks to queue
[2024-04-25T13:52:54.515+0000] {logging_mixin.py:188} INFO - [2024-04-25T13:52:54.514+0000] {dagbag.py:540} INFO - Filling up the DagBag from /home/airflow/.local/lib/python3.12/site-packages/airflow/example_dags/example_xcomargs.py
[2024-04-25T13:52:54.525+0000] {processor.py:840} INFO - DAG(s) 'example_xcom_args_with_operators', 'example_xcom_args' retrieved from /home/airflow/.local/lib/python3.12/site-packages/airflow/example_dags/example_xcomargs.py
[2024-04-25T13:52:54.551+0000] {logging_mixin.py:188} INFO - [2024-04-25T13:52:54.550+0000] {dag.py:3096} INFO - Sync 2 DAGs
[2024-04-25T13:52:54.566+0000] {logging_mixin.py:188} INFO - [2024-04-25T13:52:54.565+0000] {dag.py:3954} INFO - Setting next_dagrun for example_xcom_args to None, run_after=None
[2024-04-25T13:52:54.570+0000] {logging_mixin.py:188} INFO - [2024-04-25T13:52:54.570+0000] {dag.py:3954} INFO - Setting next_dagrun for example_xcom_args_with_operators to None, run_after=None
[2024-04-25T13:52:54.589+0000] {processor.py:183} INFO - Processing /home/airflow/.local/lib/python3.12/site-packages/airflow/example_dags/example_xcomargs.py took 0.084 seconds
[2024-04-25T13:53:25.006+0000] {processor.py:161} INFO - Started process (PID=7721) to work on /home/airflow/.local/lib/python3.12/site-packages/airflow/example_dags/example_xcomargs.py
[2024-04-25T13:53:25.008+0000] {processor.py:830} INFO - Processing file /home/airflow/.local/lib/python3.12/site-packages/airflow/example_dags/example_xcomargs.py for tasks to queue
[2024-04-25T13:53:25.010+0000] {logging_mixin.py:188} INFO - [2024-04-25T13:53:25.009+0000] {dagbag.py:540} INFO - Filling up the DagBag from /home/airflow/.local/lib/python3.12/site-packages/airflow/example_dags/example_xcomargs.py
[2024-04-25T13:53:25.018+0000] {processor.py:840} INFO - DAG(s) 'example_xcom_args_with_operators', 'example_xcom_args' retrieved from /home/airflow/.local/lib/python3.12/site-packages/airflow/example_dags/example_xcomargs.py
[2024-04-25T13:53:25.044+0000] {logging_mixin.py:188} INFO - [2024-04-25T13:53:25.044+0000] {dag.py:3096} INFO - Sync 2 DAGs
[2024-04-25T13:53:25.058+0000] {logging_mixin.py:188} INFO - [2024-04-25T13:53:25.058+0000] {dag.py:3954} INFO - Setting next_dagrun for example_xcom_args to None, run_after=None
[2024-04-25T13:53:25.062+0000] {logging_mixin.py:188} INFO - [2024-04-25T13:53:25.062+0000] {dag.py:3954} INFO - Setting next_dagrun for example_xcom_args_with_operators to None, run_after=None
[2024-04-25T13:53:25.080+0000] {processor.py:183} INFO - Processing /home/airflow/.local/lib/python3.12/site-packages/airflow/example_dags/example_xcomargs.py took 0.081 seconds
[2024-04-25T13:53:55.530+0000] {processor.py:161} INFO - Started process (PID=7983) to work on /home/airflow/.local/lib/python3.12/site-packages/airflow/example_dags/example_xcomargs.py
[2024-04-25T13:53:55.531+0000] {processor.py:830} INFO - Processing file /home/airflow/.local/lib/python3.12/site-packages/airflow/example_dags/example_xcomargs.py for tasks to queue
[2024-04-25T13:53:55.533+0000] {logging_mixin.py:188} INFO - [2024-04-25T13:53:55.532+0000] {dagbag.py:540} INFO - Filling up the DagBag from /home/airflow/.local/lib/python3.12/site-packages/airflow/example_dags/example_xcomargs.py
[2024-04-25T13:53:55.541+0000] {processor.py:840} INFO - DAG(s) 'example_xcom_args', 'example_xcom_args_with_operators' retrieved from /home/airflow/.local/lib/python3.12/site-packages/airflow/example_dags/example_xcomargs.py
[2024-04-25T13:53:55.566+0000] {logging_mixin.py:188} INFO - [2024-04-25T13:53:55.565+0000] {dag.py:3096} INFO - Sync 2 DAGs
[2024-04-25T13:53:55.580+0000] {logging_mixin.py:188} INFO - [2024-04-25T13:53:55.580+0000] {dag.py:3954} INFO - Setting next_dagrun for example_xcom_args to None, run_after=None
[2024-04-25T13:53:55.584+0000] {logging_mixin.py:188} INFO - [2024-04-25T13:53:55.584+0000] {dag.py:3954} INFO - Setting next_dagrun for example_xcom_args_with_operators to None, run_after=None
[2024-04-25T13:53:55.602+0000] {processor.py:183} INFO - Processing /home/airflow/.local/lib/python3.12/site-packages/airflow/example_dags/example_xcomargs.py took 0.078 seconds
[2024-04-25T13:54:25.854+0000] {processor.py:161} INFO - Started process (PID=8245) to work on /home/airflow/.local/lib/python3.12/site-packages/airflow/example_dags/example_xcomargs.py
[2024-04-25T13:54:25.855+0000] {processor.py:830} INFO - Processing file /home/airflow/.local/lib/python3.12/site-packages/airflow/example_dags/example_xcomargs.py for tasks to queue
[2024-04-25T13:54:25.858+0000] {logging_mixin.py:188} INFO - [2024-04-25T13:54:25.857+0000] {dagbag.py:540} INFO - Filling up the DagBag from /home/airflow/.local/lib/python3.12/site-packages/airflow/example_dags/example_xcomargs.py
[2024-04-25T13:54:25.867+0000] {processor.py:840} INFO - DAG(s) 'example_xcom_args', 'example_xcom_args_with_operators' retrieved from /home/airflow/.local/lib/python3.12/site-packages/airflow/example_dags/example_xcomargs.py
[2024-04-25T13:54:25.892+0000] {logging_mixin.py:188} INFO - [2024-04-25T13:54:25.892+0000] {dag.py:3096} INFO - Sync 2 DAGs
[2024-04-25T13:54:25.908+0000] {logging_mixin.py:188} INFO - [2024-04-25T13:54:25.907+0000] {dag.py:3954} INFO - Setting next_dagrun for example_xcom_args to None, run_after=None
[2024-04-25T13:54:25.913+0000] {logging_mixin.py:188} INFO - [2024-04-25T13:54:25.913+0000] {dag.py:3954} INFO - Setting next_dagrun for example_xcom_args_with_operators to None, run_after=None
[2024-04-25T13:54:25.931+0000] {processor.py:183} INFO - Processing /home/airflow/.local/lib/python3.12/site-packages/airflow/example_dags/example_xcomargs.py took 0.084 seconds
[2024-04-25T13:54:56.624+0000] {processor.py:161} INFO - Started process (PID=8507) to work on /home/airflow/.local/lib/python3.12/site-packages/airflow/example_dags/example_xcomargs.py
[2024-04-25T13:54:56.625+0000] {processor.py:830} INFO - Processing file /home/airflow/.local/lib/python3.12/site-packages/airflow/example_dags/example_xcomargs.py for tasks to queue
[2024-04-25T13:54:56.630+0000] {logging_mixin.py:188} INFO - [2024-04-25T13:54:56.629+0000] {dagbag.py:540} INFO - Filling up the DagBag from /home/airflow/.local/lib/python3.12/site-packages/airflow/example_dags/example_xcomargs.py
[2024-04-25T13:54:56.645+0000] {processor.py:840} INFO - DAG(s) 'example_xcom_args', 'example_xcom_args_with_operators' retrieved from /home/airflow/.local/lib/python3.12/site-packages/airflow/example_dags/example_xcomargs.py
[2024-04-25T13:54:56.679+0000] {logging_mixin.py:188} INFO - [2024-04-25T13:54:56.679+0000] {dag.py:3096} INFO - Sync 2 DAGs
[2024-04-25T13:54:56.696+0000] {logging_mixin.py:188} INFO - [2024-04-25T13:54:56.695+0000] {dag.py:3954} INFO - Setting next_dagrun for example_xcom_args to None, run_after=None
[2024-04-25T13:54:56.701+0000] {logging_mixin.py:188} INFO - [2024-04-25T13:54:56.701+0000] {dag.py:3954} INFO - Setting next_dagrun for example_xcom_args_with_operators to None, run_after=None
[2024-04-25T13:54:56.721+0000] {processor.py:183} INFO - Processing /home/airflow/.local/lib/python3.12/site-packages/airflow/example_dags/example_xcomargs.py took 0.105 seconds
[2024-04-25T13:55:26.965+0000] {processor.py:161} INFO - Started process (PID=8768) to work on /home/airflow/.local/lib/python3.12/site-packages/airflow/example_dags/example_xcomargs.py
[2024-04-25T13:55:26.967+0000] {processor.py:830} INFO - Processing file /home/airflow/.local/lib/python3.12/site-packages/airflow/example_dags/example_xcomargs.py for tasks to queue
[2024-04-25T13:55:26.969+0000] {logging_mixin.py:188} INFO - [2024-04-25T13:55:26.968+0000] {dagbag.py:540} INFO - Filling up the DagBag from /home/airflow/.local/lib/python3.12/site-packages/airflow/example_dags/example_xcomargs.py
[2024-04-25T13:55:26.977+0000] {processor.py:840} INFO - DAG(s) 'example_xcom_args', 'example_xcom_args_with_operators' retrieved from /home/airflow/.local/lib/python3.12/site-packages/airflow/example_dags/example_xcomargs.py
[2024-04-25T13:55:27.003+0000] {logging_mixin.py:188} INFO - [2024-04-25T13:55:27.003+0000] {dag.py:3096} INFO - Sync 2 DAGs
[2024-04-25T13:55:27.018+0000] {logging_mixin.py:188} INFO - [2024-04-25T13:55:27.017+0000] {dag.py:3954} INFO - Setting next_dagrun for example_xcom_args to None, run_after=None
[2024-04-25T13:55:27.022+0000] {logging_mixin.py:188} INFO - [2024-04-25T13:55:27.022+0000] {dag.py:3954} INFO - Setting next_dagrun for example_xcom_args_with_operators to None, run_after=None
[2024-04-25T13:55:27.043+0000] {processor.py:183} INFO - Processing /home/airflow/.local/lib/python3.12/site-packages/airflow/example_dags/example_xcomargs.py took 0.083 seconds
[2024-04-25T13:55:57.217+0000] {processor.py:161} INFO - Started process (PID=9032) to work on /home/airflow/.local/lib/python3.12/site-packages/airflow/example_dags/example_xcomargs.py
[2024-04-25T13:55:57.218+0000] {processor.py:830} INFO - Processing file /home/airflow/.local/lib/python3.12/site-packages/airflow/example_dags/example_xcomargs.py for tasks to queue
[2024-04-25T13:55:57.220+0000] {logging_mixin.py:188} INFO - [2024-04-25T13:55:57.220+0000] {dagbag.py:540} INFO - Filling up the DagBag from /home/airflow/.local/lib/python3.12/site-packages/airflow/example_dags/example_xcomargs.py
[2024-04-25T13:55:57.230+0000] {processor.py:840} INFO - DAG(s) 'example_xcom_args_with_operators', 'example_xcom_args' retrieved from /home/airflow/.local/lib/python3.12/site-packages/airflow/example_dags/example_xcomargs.py
[2024-04-25T13:55:57.257+0000] {logging_mixin.py:188} INFO - [2024-04-25T13:55:57.257+0000] {dag.py:3096} INFO - Sync 2 DAGs
[2024-04-25T13:55:57.276+0000] {logging_mixin.py:188} INFO - [2024-04-25T13:55:57.276+0000] {dag.py:3954} INFO - Setting next_dagrun for example_xcom_args to None, run_after=None
[2024-04-25T13:55:57.282+0000] {logging_mixin.py:188} INFO - [2024-04-25T13:55:57.282+0000] {dag.py:3954} INFO - Setting next_dagrun for example_xcom_args_with_operators to None, run_after=None
[2024-04-25T13:55:57.310+0000] {processor.py:183} INFO - Processing /home/airflow/.local/lib/python3.12/site-packages/airflow/example_dags/example_xcomargs.py took 0.099 seconds
[2024-04-25T13:56:27.740+0000] {processor.py:161} INFO - Started process (PID=9294) to work on /home/airflow/.local/lib/python3.12/site-packages/airflow/example_dags/example_xcomargs.py
[2024-04-25T13:56:27.741+0000] {processor.py:830} INFO - Processing file /home/airflow/.local/lib/python3.12/site-packages/airflow/example_dags/example_xcomargs.py for tasks to queue
[2024-04-25T13:56:27.743+0000] {logging_mixin.py:188} INFO - [2024-04-25T13:56:27.742+0000] {dagbag.py:540} INFO - Filling up the DagBag from /home/airflow/.local/lib/python3.12/site-packages/airflow/example_dags/example_xcomargs.py
[2024-04-25T13:56:27.751+0000] {processor.py:840} INFO - DAG(s) 'example_xcom_args', 'example_xcom_args_with_operators' retrieved from /home/airflow/.local/lib/python3.12/site-packages/airflow/example_dags/example_xcomargs.py
[2024-04-25T13:56:27.780+0000] {logging_mixin.py:188} INFO - [2024-04-25T13:56:27.779+0000] {dag.py:3096} INFO - Sync 2 DAGs
[2024-04-25T13:56:27.794+0000] {logging_mixin.py:188} INFO - [2024-04-25T13:56:27.794+0000] {dag.py:3954} INFO - Setting next_dagrun for example_xcom_args to None, run_after=None
[2024-04-25T13:56:27.798+0000] {logging_mixin.py:188} INFO - [2024-04-25T13:56:27.798+0000] {dag.py:3954} INFO - Setting next_dagrun for example_xcom_args_with_operators to None, run_after=None
[2024-04-25T13:56:27.819+0000] {processor.py:183} INFO - Processing /home/airflow/.local/lib/python3.12/site-packages/airflow/example_dags/example_xcomargs.py took 0.086 seconds
[2024-04-25T13:58:19.077+0000] {processor.py:161} INFO - Started process (PID=382) to work on /home/airflow/.local/lib/python3.12/site-packages/airflow/example_dags/example_xcomargs.py
[2024-04-25T13:58:19.078+0000] {processor.py:830} INFO - Processing file /home/airflow/.local/lib/python3.12/site-packages/airflow/example_dags/example_xcomargs.py for tasks to queue
[2024-04-25T13:58:19.080+0000] {logging_mixin.py:188} INFO - [2024-04-25T13:58:19.080+0000] {dagbag.py:540} INFO - Filling up the DagBag from /home/airflow/.local/lib/python3.12/site-packages/airflow/example_dags/example_xcomargs.py
[2024-04-25T13:58:19.091+0000] {processor.py:840} INFO - DAG(s) 'example_xcom_args', 'example_xcom_args_with_operators' retrieved from /home/airflow/.local/lib/python3.12/site-packages/airflow/example_dags/example_xcomargs.py
[2024-04-25T13:58:19.104+0000] {logging_mixin.py:188} INFO - [2024-04-25T13:58:19.104+0000] {dag.py:3096} INFO - Sync 2 DAGs
[2024-04-25T13:58:19.120+0000] {logging_mixin.py:188} INFO - [2024-04-25T13:58:19.120+0000] {dag.py:3954} INFO - Setting next_dagrun for example_xcom_args to None, run_after=None
[2024-04-25T13:58:19.125+0000] {logging_mixin.py:188} INFO - [2024-04-25T13:58:19.125+0000] {dag.py:3954} INFO - Setting next_dagrun for example_xcom_args_with_operators to None, run_after=None
[2024-04-25T13:58:19.145+0000] {processor.py:183} INFO - Processing /home/airflow/.local/lib/python3.12/site-packages/airflow/example_dags/example_xcomargs.py took 0.074 seconds
[2024-04-25T13:58:51.329+0000] {processor.py:161} INFO - Started process (PID=644) to work on /home/airflow/.local/lib/python3.12/site-packages/airflow/example_dags/example_xcomargs.py
[2024-04-25T13:58:51.330+0000] {processor.py:830} INFO - Processing file /home/airflow/.local/lib/python3.12/site-packages/airflow/example_dags/example_xcomargs.py for tasks to queue
[2024-04-25T13:58:51.332+0000] {logging_mixin.py:188} INFO - [2024-04-25T13:58:51.332+0000] {dagbag.py:540} INFO - Filling up the DagBag from /home/airflow/.local/lib/python3.12/site-packages/airflow/example_dags/example_xcomargs.py
[2024-04-25T13:58:51.341+0000] {processor.py:840} INFO - DAG(s) 'example_xcom_args_with_operators', 'example_xcom_args' retrieved from /home/airflow/.local/lib/python3.12/site-packages/airflow/example_dags/example_xcomargs.py
[2024-04-25T13:58:51.460+0000] {logging_mixin.py:188} INFO - [2024-04-25T13:58:51.460+0000] {dag.py:3096} INFO - Sync 2 DAGs
[2024-04-25T13:58:51.471+0000] {logging_mixin.py:188} INFO - [2024-04-25T13:58:51.471+0000] {dag.py:3954} INFO - Setting next_dagrun for example_xcom_args to None, run_after=None
[2024-04-25T13:58:51.475+0000] {logging_mixin.py:188} INFO - [2024-04-25T13:58:51.475+0000] {dag.py:3954} INFO - Setting next_dagrun for example_xcom_args_with_operators to None, run_after=None
[2024-04-25T13:58:51.497+0000] {processor.py:183} INFO - Processing /home/airflow/.local/lib/python3.12/site-packages/airflow/example_dags/example_xcomargs.py took 0.174 seconds
