[2024-04-25T13:39:07.365+0000] {processor.py:161} INFO - Started process (PID=297) to work on /home/airflow/.local/lib/python3.12/site-packages/airflow/example_dags/tutorial_taskflow_api_virtualenv.py
[2024-04-25T13:39:07.366+0000] {processor.py:830} INFO - Processing file /home/airflow/.local/lib/python3.12/site-packages/airflow/example_dags/tutorial_taskflow_api_virtualenv.py for tasks to queue
[2024-04-25T13:39:07.369+0000] {logging_mixin.py:188} INFO - [2024-04-25T13:39:07.368+0000] {dagbag.py:540} INFO - Filling up the DagBag from /home/airflow/.local/lib/python3.12/site-packages/airflow/example_dags/tutorial_taskflow_api_virtualenv.py
[2024-04-25T13:39:07.394+0000] {processor.py:840} INFO - DAG(s) 'tutorial_taskflow_api_virtualenv' retrieved from /home/airflow/.local/lib/python3.12/site-packages/airflow/example_dags/tutorial_taskflow_api_virtualenv.py
[2024-04-25T13:39:07.680+0000] {logging_mixin.py:188} INFO - [2024-04-25T13:39:07.680+0000] {dag.py:3096} INFO - Sync 1 DAGs
[2024-04-25T13:39:07.704+0000] {logging_mixin.py:188} INFO - [2024-04-25T13:39:07.704+0000] {dag.py:3954} INFO - Setting next_dagrun for tutorial_taskflow_api_virtualenv to None, run_after=None
[2024-04-25T13:39:07.741+0000] {processor.py:183} INFO - Processing /home/airflow/.local/lib/python3.12/site-packages/airflow/example_dags/tutorial_taskflow_api_virtualenv.py took 0.385 seconds
[2024-04-25T13:39:38.526+0000] {processor.py:161} INFO - Started process (PID=565) to work on /home/airflow/.local/lib/python3.12/site-packages/airflow/example_dags/tutorial_taskflow_api_virtualenv.py
[2024-04-25T13:39:38.528+0000] {processor.py:830} INFO - Processing file /home/airflow/.local/lib/python3.12/site-packages/airflow/example_dags/tutorial_taskflow_api_virtualenv.py for tasks to queue
[2024-04-25T13:39:38.531+0000] {logging_mixin.py:188} INFO - [2024-04-25T13:39:38.530+0000] {dagbag.py:540} INFO - Filling up the DagBag from /home/airflow/.local/lib/python3.12/site-packages/airflow/example_dags/tutorial_taskflow_api_virtualenv.py
[2024-04-25T13:39:38.557+0000] {processor.py:840} INFO - DAG(s) 'tutorial_taskflow_api_virtualenv' retrieved from /home/airflow/.local/lib/python3.12/site-packages/airflow/example_dags/tutorial_taskflow_api_virtualenv.py
[2024-04-25T13:39:38.613+0000] {logging_mixin.py:188} INFO - [2024-04-25T13:39:38.612+0000] {dag.py:3096} INFO - Sync 1 DAGs
[2024-04-25T13:39:38.642+0000] {logging_mixin.py:188} INFO - [2024-04-25T13:39:38.641+0000] {dag.py:3954} INFO - Setting next_dagrun for tutorial_taskflow_api_virtualenv to None, run_after=None
[2024-04-25T13:39:38.674+0000] {processor.py:183} INFO - Processing /home/airflow/.local/lib/python3.12/site-packages/airflow/example_dags/tutorial_taskflow_api_virtualenv.py took 0.165 seconds
[2024-04-25T13:40:08.814+0000] {processor.py:161} INFO - Started process (PID=827) to work on /home/airflow/.local/lib/python3.12/site-packages/airflow/example_dags/tutorial_taskflow_api_virtualenv.py
[2024-04-25T13:40:08.815+0000] {processor.py:830} INFO - Processing file /home/airflow/.local/lib/python3.12/site-packages/airflow/example_dags/tutorial_taskflow_api_virtualenv.py for tasks to queue
[2024-04-25T13:40:08.817+0000] {logging_mixin.py:188} INFO - [2024-04-25T13:40:08.817+0000] {dagbag.py:540} INFO - Filling up the DagBag from /home/airflow/.local/lib/python3.12/site-packages/airflow/example_dags/tutorial_taskflow_api_virtualenv.py
[2024-04-25T13:40:08.828+0000] {processor.py:840} INFO - DAG(s) 'tutorial_taskflow_api_virtualenv' retrieved from /home/airflow/.local/lib/python3.12/site-packages/airflow/example_dags/tutorial_taskflow_api_virtualenv.py
[2024-04-25T13:40:08.849+0000] {logging_mixin.py:188} INFO - [2024-04-25T13:40:08.848+0000] {dag.py:3096} INFO - Sync 1 DAGs
[2024-04-25T13:40:08.863+0000] {logging_mixin.py:188} INFO - [2024-04-25T13:40:08.863+0000] {dag.py:3954} INFO - Setting next_dagrun for tutorial_taskflow_api_virtualenv to None, run_after=None
[2024-04-25T13:40:08.885+0000] {processor.py:183} INFO - Processing /home/airflow/.local/lib/python3.12/site-packages/airflow/example_dags/tutorial_taskflow_api_virtualenv.py took 0.077 seconds
[2024-04-25T13:40:39.127+0000] {processor.py:161} INFO - Started process (PID=1089) to work on /home/airflow/.local/lib/python3.12/site-packages/airflow/example_dags/tutorial_taskflow_api_virtualenv.py
[2024-04-25T13:40:39.128+0000] {processor.py:830} INFO - Processing file /home/airflow/.local/lib/python3.12/site-packages/airflow/example_dags/tutorial_taskflow_api_virtualenv.py for tasks to queue
[2024-04-25T13:40:39.130+0000] {logging_mixin.py:188} INFO - [2024-04-25T13:40:39.130+0000] {dagbag.py:540} INFO - Filling up the DagBag from /home/airflow/.local/lib/python3.12/site-packages/airflow/example_dags/tutorial_taskflow_api_virtualenv.py
[2024-04-25T13:40:39.143+0000] {processor.py:840} INFO - DAG(s) 'tutorial_taskflow_api_virtualenv' retrieved from /home/airflow/.local/lib/python3.12/site-packages/airflow/example_dags/tutorial_taskflow_api_virtualenv.py
[2024-04-25T13:40:39.165+0000] {logging_mixin.py:188} INFO - [2024-04-25T13:40:39.164+0000] {dag.py:3096} INFO - Sync 1 DAGs
[2024-04-25T13:40:39.178+0000] {logging_mixin.py:188} INFO - [2024-04-25T13:40:39.178+0000] {dag.py:3954} INFO - Setting next_dagrun for tutorial_taskflow_api_virtualenv to None, run_after=None
[2024-04-25T13:40:39.199+0000] {processor.py:183} INFO - Processing /home/airflow/.local/lib/python3.12/site-packages/airflow/example_dags/tutorial_taskflow_api_virtualenv.py took 0.078 seconds
[2024-04-25T13:41:09.767+0000] {processor.py:161} INFO - Started process (PID=1351) to work on /home/airflow/.local/lib/python3.12/site-packages/airflow/example_dags/tutorial_taskflow_api_virtualenv.py
[2024-04-25T13:41:09.769+0000] {processor.py:830} INFO - Processing file /home/airflow/.local/lib/python3.12/site-packages/airflow/example_dags/tutorial_taskflow_api_virtualenv.py for tasks to queue
[2024-04-25T13:41:09.771+0000] {logging_mixin.py:188} INFO - [2024-04-25T13:41:09.770+0000] {dagbag.py:540} INFO - Filling up the DagBag from /home/airflow/.local/lib/python3.12/site-packages/airflow/example_dags/tutorial_taskflow_api_virtualenv.py
[2024-04-25T13:41:09.782+0000] {processor.py:840} INFO - DAG(s) 'tutorial_taskflow_api_virtualenv' retrieved from /home/airflow/.local/lib/python3.12/site-packages/airflow/example_dags/tutorial_taskflow_api_virtualenv.py
[2024-04-25T13:41:09.805+0000] {logging_mixin.py:188} INFO - [2024-04-25T13:41:09.804+0000] {dag.py:3096} INFO - Sync 1 DAGs
[2024-04-25T13:41:09.822+0000] {logging_mixin.py:188} INFO - [2024-04-25T13:41:09.821+0000] {dag.py:3954} INFO - Setting next_dagrun for tutorial_taskflow_api_virtualenv to None, run_after=None
[2024-04-25T13:41:09.846+0000] {processor.py:183} INFO - Processing /home/airflow/.local/lib/python3.12/site-packages/airflow/example_dags/tutorial_taskflow_api_virtualenv.py took 0.089 seconds
[2024-04-25T13:41:40.506+0000] {processor.py:161} INFO - Started process (PID=1613) to work on /home/airflow/.local/lib/python3.12/site-packages/airflow/example_dags/tutorial_taskflow_api_virtualenv.py
[2024-04-25T13:41:40.507+0000] {processor.py:830} INFO - Processing file /home/airflow/.local/lib/python3.12/site-packages/airflow/example_dags/tutorial_taskflow_api_virtualenv.py for tasks to queue
[2024-04-25T13:41:40.509+0000] {logging_mixin.py:188} INFO - [2024-04-25T13:41:40.509+0000] {dagbag.py:540} INFO - Filling up the DagBag from /home/airflow/.local/lib/python3.12/site-packages/airflow/example_dags/tutorial_taskflow_api_virtualenv.py
[2024-04-25T13:41:40.521+0000] {processor.py:840} INFO - DAG(s) 'tutorial_taskflow_api_virtualenv' retrieved from /home/airflow/.local/lib/python3.12/site-packages/airflow/example_dags/tutorial_taskflow_api_virtualenv.py
[2024-04-25T13:41:40.545+0000] {logging_mixin.py:188} INFO - [2024-04-25T13:41:40.544+0000] {dag.py:3096} INFO - Sync 1 DAGs
[2024-04-25T13:41:40.564+0000] {logging_mixin.py:188} INFO - [2024-04-25T13:41:40.563+0000] {dag.py:3954} INFO - Setting next_dagrun for tutorial_taskflow_api_virtualenv to None, run_after=None
[2024-04-25T13:41:40.588+0000] {processor.py:183} INFO - Processing /home/airflow/.local/lib/python3.12/site-packages/airflow/example_dags/tutorial_taskflow_api_virtualenv.py took 0.089 seconds
[2024-04-25T13:42:10.655+0000] {processor.py:161} INFO - Started process (PID=1872) to work on /home/airflow/.local/lib/python3.12/site-packages/airflow/example_dags/tutorial_taskflow_api_virtualenv.py
[2024-04-25T13:42:10.657+0000] {processor.py:830} INFO - Processing file /home/airflow/.local/lib/python3.12/site-packages/airflow/example_dags/tutorial_taskflow_api_virtualenv.py for tasks to queue
[2024-04-25T13:42:10.659+0000] {logging_mixin.py:188} INFO - [2024-04-25T13:42:10.658+0000] {dagbag.py:540} INFO - Filling up the DagBag from /home/airflow/.local/lib/python3.12/site-packages/airflow/example_dags/tutorial_taskflow_api_virtualenv.py
[2024-04-25T13:42:10.669+0000] {processor.py:840} INFO - DAG(s) 'tutorial_taskflow_api_virtualenv' retrieved from /home/airflow/.local/lib/python3.12/site-packages/airflow/example_dags/tutorial_taskflow_api_virtualenv.py
[2024-04-25T13:42:10.690+0000] {logging_mixin.py:188} INFO - [2024-04-25T13:42:10.689+0000] {dag.py:3096} INFO - Sync 1 DAGs
[2024-04-25T13:42:10.704+0000] {logging_mixin.py:188} INFO - [2024-04-25T13:42:10.703+0000] {dag.py:3954} INFO - Setting next_dagrun for tutorial_taskflow_api_virtualenv to None, run_after=None
[2024-04-25T13:42:10.724+0000] {processor.py:183} INFO - Processing /home/airflow/.local/lib/python3.12/site-packages/airflow/example_dags/tutorial_taskflow_api_virtualenv.py took 0.075 seconds
[2024-04-25T13:42:41.043+0000] {processor.py:161} INFO - Started process (PID=2137) to work on /home/airflow/.local/lib/python3.12/site-packages/airflow/example_dags/tutorial_taskflow_api_virtualenv.py
[2024-04-25T13:42:41.044+0000] {processor.py:830} INFO - Processing file /home/airflow/.local/lib/python3.12/site-packages/airflow/example_dags/tutorial_taskflow_api_virtualenv.py for tasks to queue
[2024-04-25T13:42:41.046+0000] {logging_mixin.py:188} INFO - [2024-04-25T13:42:41.045+0000] {dagbag.py:540} INFO - Filling up the DagBag from /home/airflow/.local/lib/python3.12/site-packages/airflow/example_dags/tutorial_taskflow_api_virtualenv.py
[2024-04-25T13:42:41.056+0000] {processor.py:840} INFO - DAG(s) 'tutorial_taskflow_api_virtualenv' retrieved from /home/airflow/.local/lib/python3.12/site-packages/airflow/example_dags/tutorial_taskflow_api_virtualenv.py
[2024-04-25T13:42:41.078+0000] {logging_mixin.py:188} INFO - [2024-04-25T13:42:41.077+0000] {dag.py:3096} INFO - Sync 1 DAGs
[2024-04-25T13:42:41.092+0000] {logging_mixin.py:188} INFO - [2024-04-25T13:42:41.092+0000] {dag.py:3954} INFO - Setting next_dagrun for tutorial_taskflow_api_virtualenv to None, run_after=None
[2024-04-25T13:42:41.113+0000] {processor.py:183} INFO - Processing /home/airflow/.local/lib/python3.12/site-packages/airflow/example_dags/tutorial_taskflow_api_virtualenv.py took 0.077 seconds
[2024-04-25T13:43:11.581+0000] {processor.py:161} INFO - Started process (PID=2399) to work on /home/airflow/.local/lib/python3.12/site-packages/airflow/example_dags/tutorial_taskflow_api_virtualenv.py
[2024-04-25T13:43:11.582+0000] {processor.py:830} INFO - Processing file /home/airflow/.local/lib/python3.12/site-packages/airflow/example_dags/tutorial_taskflow_api_virtualenv.py for tasks to queue
[2024-04-25T13:43:11.584+0000] {logging_mixin.py:188} INFO - [2024-04-25T13:43:11.584+0000] {dagbag.py:540} INFO - Filling up the DagBag from /home/airflow/.local/lib/python3.12/site-packages/airflow/example_dags/tutorial_taskflow_api_virtualenv.py
[2024-04-25T13:43:11.595+0000] {processor.py:840} INFO - DAG(s) 'tutorial_taskflow_api_virtualenv' retrieved from /home/airflow/.local/lib/python3.12/site-packages/airflow/example_dags/tutorial_taskflow_api_virtualenv.py
[2024-04-25T13:43:11.617+0000] {logging_mixin.py:188} INFO - [2024-04-25T13:43:11.617+0000] {dag.py:3096} INFO - Sync 1 DAGs
[2024-04-25T13:43:11.633+0000] {logging_mixin.py:188} INFO - [2024-04-25T13:43:11.633+0000] {dag.py:3954} INFO - Setting next_dagrun for tutorial_taskflow_api_virtualenv to None, run_after=None
[2024-04-25T13:43:11.657+0000] {processor.py:183} INFO - Processing /home/airflow/.local/lib/python3.12/site-packages/airflow/example_dags/tutorial_taskflow_api_virtualenv.py took 0.082 seconds
[2024-04-25T13:43:42.108+0000] {processor.py:161} INFO - Started process (PID=2661) to work on /home/airflow/.local/lib/python3.12/site-packages/airflow/example_dags/tutorial_taskflow_api_virtualenv.py
[2024-04-25T13:43:42.109+0000] {processor.py:830} INFO - Processing file /home/airflow/.local/lib/python3.12/site-packages/airflow/example_dags/tutorial_taskflow_api_virtualenv.py for tasks to queue
[2024-04-25T13:43:42.111+0000] {logging_mixin.py:188} INFO - [2024-04-25T13:43:42.110+0000] {dagbag.py:540} INFO - Filling up the DagBag from /home/airflow/.local/lib/python3.12/site-packages/airflow/example_dags/tutorial_taskflow_api_virtualenv.py
[2024-04-25T13:43:42.123+0000] {processor.py:840} INFO - DAG(s) 'tutorial_taskflow_api_virtualenv' retrieved from /home/airflow/.local/lib/python3.12/site-packages/airflow/example_dags/tutorial_taskflow_api_virtualenv.py
[2024-04-25T13:43:42.147+0000] {logging_mixin.py:188} INFO - [2024-04-25T13:43:42.146+0000] {dag.py:3096} INFO - Sync 1 DAGs
[2024-04-25T13:43:42.161+0000] {logging_mixin.py:188} INFO - [2024-04-25T13:43:42.160+0000] {dag.py:3954} INFO - Setting next_dagrun for tutorial_taskflow_api_virtualenv to None, run_after=None
[2024-04-25T13:43:42.182+0000] {processor.py:183} INFO - Processing /home/airflow/.local/lib/python3.12/site-packages/airflow/example_dags/tutorial_taskflow_api_virtualenv.py took 0.081 seconds
[2024-04-25T13:44:12.471+0000] {processor.py:161} INFO - Started process (PID=2923) to work on /home/airflow/.local/lib/python3.12/site-packages/airflow/example_dags/tutorial_taskflow_api_virtualenv.py
[2024-04-25T13:44:12.472+0000] {processor.py:830} INFO - Processing file /home/airflow/.local/lib/python3.12/site-packages/airflow/example_dags/tutorial_taskflow_api_virtualenv.py for tasks to queue
[2024-04-25T13:44:12.474+0000] {logging_mixin.py:188} INFO - [2024-04-25T13:44:12.474+0000] {dagbag.py:540} INFO - Filling up the DagBag from /home/airflow/.local/lib/python3.12/site-packages/airflow/example_dags/tutorial_taskflow_api_virtualenv.py
[2024-04-25T13:44:12.484+0000] {processor.py:840} INFO - DAG(s) 'tutorial_taskflow_api_virtualenv' retrieved from /home/airflow/.local/lib/python3.12/site-packages/airflow/example_dags/tutorial_taskflow_api_virtualenv.py
[2024-04-25T13:44:12.506+0000] {logging_mixin.py:188} INFO - [2024-04-25T13:44:12.506+0000] {dag.py:3096} INFO - Sync 1 DAGs
[2024-04-25T13:44:12.519+0000] {logging_mixin.py:188} INFO - [2024-04-25T13:44:12.519+0000] {dag.py:3954} INFO - Setting next_dagrun for tutorial_taskflow_api_virtualenv to None, run_after=None
[2024-04-25T13:44:12.540+0000] {processor.py:183} INFO - Processing /home/airflow/.local/lib/python3.12/site-packages/airflow/example_dags/tutorial_taskflow_api_virtualenv.py took 0.076 seconds
[2024-04-25T13:44:42.961+0000] {processor.py:161} INFO - Started process (PID=3185) to work on /home/airflow/.local/lib/python3.12/site-packages/airflow/example_dags/tutorial_taskflow_api_virtualenv.py
[2024-04-25T13:44:42.962+0000] {processor.py:830} INFO - Processing file /home/airflow/.local/lib/python3.12/site-packages/airflow/example_dags/tutorial_taskflow_api_virtualenv.py for tasks to queue
[2024-04-25T13:44:42.964+0000] {logging_mixin.py:188} INFO - [2024-04-25T13:44:42.964+0000] {dagbag.py:540} INFO - Filling up the DagBag from /home/airflow/.local/lib/python3.12/site-packages/airflow/example_dags/tutorial_taskflow_api_virtualenv.py
[2024-04-25T13:44:42.975+0000] {processor.py:840} INFO - DAG(s) 'tutorial_taskflow_api_virtualenv' retrieved from /home/airflow/.local/lib/python3.12/site-packages/airflow/example_dags/tutorial_taskflow_api_virtualenv.py
[2024-04-25T13:44:42.996+0000] {logging_mixin.py:188} INFO - [2024-04-25T13:44:42.996+0000] {dag.py:3096} INFO - Sync 1 DAGs
[2024-04-25T13:44:43.010+0000] {logging_mixin.py:188} INFO - [2024-04-25T13:44:43.009+0000] {dag.py:3954} INFO - Setting next_dagrun for tutorial_taskflow_api_virtualenv to None, run_after=None
[2024-04-25T13:44:43.030+0000] {processor.py:183} INFO - Processing /home/airflow/.local/lib/python3.12/site-packages/airflow/example_dags/tutorial_taskflow_api_virtualenv.py took 0.075 seconds
[2024-04-25T13:45:13.603+0000] {processor.py:161} INFO - Started process (PID=3447) to work on /home/airflow/.local/lib/python3.12/site-packages/airflow/example_dags/tutorial_taskflow_api_virtualenv.py
[2024-04-25T13:45:13.604+0000] {processor.py:830} INFO - Processing file /home/airflow/.local/lib/python3.12/site-packages/airflow/example_dags/tutorial_taskflow_api_virtualenv.py for tasks to queue
[2024-04-25T13:45:13.606+0000] {logging_mixin.py:188} INFO - [2024-04-25T13:45:13.606+0000] {dagbag.py:540} INFO - Filling up the DagBag from /home/airflow/.local/lib/python3.12/site-packages/airflow/example_dags/tutorial_taskflow_api_virtualenv.py
[2024-04-25T13:45:13.617+0000] {processor.py:840} INFO - DAG(s) 'tutorial_taskflow_api_virtualenv' retrieved from /home/airflow/.local/lib/python3.12/site-packages/airflow/example_dags/tutorial_taskflow_api_virtualenv.py
[2024-04-25T13:45:13.639+0000] {logging_mixin.py:188} INFO - [2024-04-25T13:45:13.639+0000] {dag.py:3096} INFO - Sync 1 DAGs
[2024-04-25T13:45:13.654+0000] {logging_mixin.py:188} INFO - [2024-04-25T13:45:13.654+0000] {dag.py:3954} INFO - Setting next_dagrun for tutorial_taskflow_api_virtualenv to None, run_after=None
[2024-04-25T13:45:13.677+0000] {processor.py:183} INFO - Processing /home/airflow/.local/lib/python3.12/site-packages/airflow/example_dags/tutorial_taskflow_api_virtualenv.py took 0.080 seconds
[2024-04-25T13:45:43.875+0000] {processor.py:161} INFO - Started process (PID=3709) to work on /home/airflow/.local/lib/python3.12/site-packages/airflow/example_dags/tutorial_taskflow_api_virtualenv.py
[2024-04-25T13:45:43.877+0000] {processor.py:830} INFO - Processing file /home/airflow/.local/lib/python3.12/site-packages/airflow/example_dags/tutorial_taskflow_api_virtualenv.py for tasks to queue
[2024-04-25T13:45:43.879+0000] {logging_mixin.py:188} INFO - [2024-04-25T13:45:43.879+0000] {dagbag.py:540} INFO - Filling up the DagBag from /home/airflow/.local/lib/python3.12/site-packages/airflow/example_dags/tutorial_taskflow_api_virtualenv.py
[2024-04-25T13:45:43.889+0000] {processor.py:840} INFO - DAG(s) 'tutorial_taskflow_api_virtualenv' retrieved from /home/airflow/.local/lib/python3.12/site-packages/airflow/example_dags/tutorial_taskflow_api_virtualenv.py
[2024-04-25T13:45:43.912+0000] {logging_mixin.py:188} INFO - [2024-04-25T13:45:43.912+0000] {dag.py:3096} INFO - Sync 1 DAGs
[2024-04-25T13:45:43.927+0000] {logging_mixin.py:188} INFO - [2024-04-25T13:45:43.927+0000] {dag.py:3954} INFO - Setting next_dagrun for tutorial_taskflow_api_virtualenv to None, run_after=None
[2024-04-25T13:45:43.955+0000] {processor.py:183} INFO - Processing /home/airflow/.local/lib/python3.12/site-packages/airflow/example_dags/tutorial_taskflow_api_virtualenv.py took 0.087 seconds
[2024-04-25T13:46:14.795+0000] {processor.py:161} INFO - Started process (PID=3971) to work on /home/airflow/.local/lib/python3.12/site-packages/airflow/example_dags/tutorial_taskflow_api_virtualenv.py
[2024-04-25T13:46:14.796+0000] {processor.py:830} INFO - Processing file /home/airflow/.local/lib/python3.12/site-packages/airflow/example_dags/tutorial_taskflow_api_virtualenv.py for tasks to queue
[2024-04-25T13:46:14.798+0000] {logging_mixin.py:188} INFO - [2024-04-25T13:46:14.798+0000] {dagbag.py:540} INFO - Filling up the DagBag from /home/airflow/.local/lib/python3.12/site-packages/airflow/example_dags/tutorial_taskflow_api_virtualenv.py
[2024-04-25T13:46:14.810+0000] {processor.py:840} INFO - DAG(s) 'tutorial_taskflow_api_virtualenv' retrieved from /home/airflow/.local/lib/python3.12/site-packages/airflow/example_dags/tutorial_taskflow_api_virtualenv.py
[2024-04-25T13:46:14.831+0000] {logging_mixin.py:188} INFO - [2024-04-25T13:46:14.831+0000] {dag.py:3096} INFO - Sync 1 DAGs
[2024-04-25T13:46:14.844+0000] {logging_mixin.py:188} INFO - [2024-04-25T13:46:14.844+0000] {dag.py:3954} INFO - Setting next_dagrun for tutorial_taskflow_api_virtualenv to None, run_after=None
[2024-04-25T13:46:14.864+0000] {processor.py:183} INFO - Processing /home/airflow/.local/lib/python3.12/site-packages/airflow/example_dags/tutorial_taskflow_api_virtualenv.py took 0.075 seconds
[2024-04-25T13:46:45.187+0000] {processor.py:161} INFO - Started process (PID=4233) to work on /home/airflow/.local/lib/python3.12/site-packages/airflow/example_dags/tutorial_taskflow_api_virtualenv.py
[2024-04-25T13:46:45.188+0000] {processor.py:830} INFO - Processing file /home/airflow/.local/lib/python3.12/site-packages/airflow/example_dags/tutorial_taskflow_api_virtualenv.py for tasks to queue
[2024-04-25T13:46:45.190+0000] {logging_mixin.py:188} INFO - [2024-04-25T13:46:45.190+0000] {dagbag.py:540} INFO - Filling up the DagBag from /home/airflow/.local/lib/python3.12/site-packages/airflow/example_dags/tutorial_taskflow_api_virtualenv.py
[2024-04-25T13:46:45.202+0000] {processor.py:840} INFO - DAG(s) 'tutorial_taskflow_api_virtualenv' retrieved from /home/airflow/.local/lib/python3.12/site-packages/airflow/example_dags/tutorial_taskflow_api_virtualenv.py
[2024-04-25T13:46:45.228+0000] {logging_mixin.py:188} INFO - [2024-04-25T13:46:45.227+0000] {dag.py:3096} INFO - Sync 1 DAGs
[2024-04-25T13:46:45.242+0000] {logging_mixin.py:188} INFO - [2024-04-25T13:46:45.241+0000] {dag.py:3954} INFO - Setting next_dagrun for tutorial_taskflow_api_virtualenv to None, run_after=None
[2024-04-25T13:46:45.262+0000] {processor.py:183} INFO - Processing /home/airflow/.local/lib/python3.12/site-packages/airflow/example_dags/tutorial_taskflow_api_virtualenv.py took 0.083 seconds
[2024-04-25T13:47:15.712+0000] {processor.py:161} INFO - Started process (PID=4495) to work on /home/airflow/.local/lib/python3.12/site-packages/airflow/example_dags/tutorial_taskflow_api_virtualenv.py
[2024-04-25T13:47:15.713+0000] {processor.py:830} INFO - Processing file /home/airflow/.local/lib/python3.12/site-packages/airflow/example_dags/tutorial_taskflow_api_virtualenv.py for tasks to queue
[2024-04-25T13:47:15.716+0000] {logging_mixin.py:188} INFO - [2024-04-25T13:47:15.716+0000] {dagbag.py:540} INFO - Filling up the DagBag from /home/airflow/.local/lib/python3.12/site-packages/airflow/example_dags/tutorial_taskflow_api_virtualenv.py
[2024-04-25T13:47:15.727+0000] {processor.py:840} INFO - DAG(s) 'tutorial_taskflow_api_virtualenv' retrieved from /home/airflow/.local/lib/python3.12/site-packages/airflow/example_dags/tutorial_taskflow_api_virtualenv.py
[2024-04-25T13:47:15.748+0000] {logging_mixin.py:188} INFO - [2024-04-25T13:47:15.748+0000] {dag.py:3096} INFO - Sync 1 DAGs
[2024-04-25T13:47:15.761+0000] {logging_mixin.py:188} INFO - [2024-04-25T13:47:15.761+0000] {dag.py:3954} INFO - Setting next_dagrun for tutorial_taskflow_api_virtualenv to None, run_after=None
[2024-04-25T13:47:15.781+0000] {processor.py:183} INFO - Processing /home/airflow/.local/lib/python3.12/site-packages/airflow/example_dags/tutorial_taskflow_api_virtualenv.py took 0.076 seconds
[2024-04-25T13:47:46.046+0000] {processor.py:161} INFO - Started process (PID=4757) to work on /home/airflow/.local/lib/python3.12/site-packages/airflow/example_dags/tutorial_taskflow_api_virtualenv.py
[2024-04-25T13:47:46.047+0000] {processor.py:830} INFO - Processing file /home/airflow/.local/lib/python3.12/site-packages/airflow/example_dags/tutorial_taskflow_api_virtualenv.py for tasks to queue
[2024-04-25T13:47:46.049+0000] {logging_mixin.py:188} INFO - [2024-04-25T13:47:46.048+0000] {dagbag.py:540} INFO - Filling up the DagBag from /home/airflow/.local/lib/python3.12/site-packages/airflow/example_dags/tutorial_taskflow_api_virtualenv.py
[2024-04-25T13:47:46.059+0000] {processor.py:840} INFO - DAG(s) 'tutorial_taskflow_api_virtualenv' retrieved from /home/airflow/.local/lib/python3.12/site-packages/airflow/example_dags/tutorial_taskflow_api_virtualenv.py
[2024-04-25T13:47:46.080+0000] {logging_mixin.py:188} INFO - [2024-04-25T13:47:46.080+0000] {dag.py:3096} INFO - Sync 1 DAGs
[2024-04-25T13:47:46.093+0000] {logging_mixin.py:188} INFO - [2024-04-25T13:47:46.093+0000] {dag.py:3954} INFO - Setting next_dagrun for tutorial_taskflow_api_virtualenv to None, run_after=None
[2024-04-25T13:47:46.113+0000] {processor.py:183} INFO - Processing /home/airflow/.local/lib/python3.12/site-packages/airflow/example_dags/tutorial_taskflow_api_virtualenv.py took 0.074 seconds
[2024-04-25T13:48:16.501+0000] {processor.py:161} INFO - Started process (PID=5019) to work on /home/airflow/.local/lib/python3.12/site-packages/airflow/example_dags/tutorial_taskflow_api_virtualenv.py
[2024-04-25T13:48:16.502+0000] {processor.py:830} INFO - Processing file /home/airflow/.local/lib/python3.12/site-packages/airflow/example_dags/tutorial_taskflow_api_virtualenv.py for tasks to queue
[2024-04-25T13:48:16.504+0000] {logging_mixin.py:188} INFO - [2024-04-25T13:48:16.503+0000] {dagbag.py:540} INFO - Filling up the DagBag from /home/airflow/.local/lib/python3.12/site-packages/airflow/example_dags/tutorial_taskflow_api_virtualenv.py
[2024-04-25T13:48:16.513+0000] {processor.py:840} INFO - DAG(s) 'tutorial_taskflow_api_virtualenv' retrieved from /home/airflow/.local/lib/python3.12/site-packages/airflow/example_dags/tutorial_taskflow_api_virtualenv.py
[2024-04-25T13:48:16.534+0000] {logging_mixin.py:188} INFO - [2024-04-25T13:48:16.534+0000] {dag.py:3096} INFO - Sync 1 DAGs
[2024-04-25T13:48:16.547+0000] {logging_mixin.py:188} INFO - [2024-04-25T13:48:16.546+0000] {dag.py:3954} INFO - Setting next_dagrun for tutorial_taskflow_api_virtualenv to None, run_after=None
[2024-04-25T13:48:16.566+0000] {processor.py:183} INFO - Processing /home/airflow/.local/lib/python3.12/site-packages/airflow/example_dags/tutorial_taskflow_api_virtualenv.py took 0.071 seconds
[2024-04-25T13:48:47.073+0000] {processor.py:161} INFO - Started process (PID=5281) to work on /home/airflow/.local/lib/python3.12/site-packages/airflow/example_dags/tutorial_taskflow_api_virtualenv.py
[2024-04-25T13:48:47.074+0000] {processor.py:830} INFO - Processing file /home/airflow/.local/lib/python3.12/site-packages/airflow/example_dags/tutorial_taskflow_api_virtualenv.py for tasks to queue
[2024-04-25T13:48:47.076+0000] {logging_mixin.py:188} INFO - [2024-04-25T13:48:47.076+0000] {dagbag.py:540} INFO - Filling up the DagBag from /home/airflow/.local/lib/python3.12/site-packages/airflow/example_dags/tutorial_taskflow_api_virtualenv.py
[2024-04-25T13:48:47.086+0000] {processor.py:840} INFO - DAG(s) 'tutorial_taskflow_api_virtualenv' retrieved from /home/airflow/.local/lib/python3.12/site-packages/airflow/example_dags/tutorial_taskflow_api_virtualenv.py
[2024-04-25T13:48:47.109+0000] {logging_mixin.py:188} INFO - [2024-04-25T13:48:47.109+0000] {dag.py:3096} INFO - Sync 1 DAGs
[2024-04-25T13:48:47.127+0000] {logging_mixin.py:188} INFO - [2024-04-25T13:48:47.127+0000] {dag.py:3954} INFO - Setting next_dagrun for tutorial_taskflow_api_virtualenv to None, run_after=None
[2024-04-25T13:48:47.148+0000] {processor.py:183} INFO - Processing /home/airflow/.local/lib/python3.12/site-packages/airflow/example_dags/tutorial_taskflow_api_virtualenv.py took 0.081 seconds
[2024-04-25T13:49:17.310+0000] {processor.py:161} INFO - Started process (PID=5543) to work on /home/airflow/.local/lib/python3.12/site-packages/airflow/example_dags/tutorial_taskflow_api_virtualenv.py
[2024-04-25T13:49:17.310+0000] {processor.py:830} INFO - Processing file /home/airflow/.local/lib/python3.12/site-packages/airflow/example_dags/tutorial_taskflow_api_virtualenv.py for tasks to queue
[2024-04-25T13:49:17.312+0000] {logging_mixin.py:188} INFO - [2024-04-25T13:49:17.312+0000] {dagbag.py:540} INFO - Filling up the DagBag from /home/airflow/.local/lib/python3.12/site-packages/airflow/example_dags/tutorial_taskflow_api_virtualenv.py
[2024-04-25T13:49:17.322+0000] {processor.py:840} INFO - DAG(s) 'tutorial_taskflow_api_virtualenv' retrieved from /home/airflow/.local/lib/python3.12/site-packages/airflow/example_dags/tutorial_taskflow_api_virtualenv.py
[2024-04-25T13:49:17.344+0000] {logging_mixin.py:188} INFO - [2024-04-25T13:49:17.344+0000] {dag.py:3096} INFO - Sync 1 DAGs
[2024-04-25T13:49:17.357+0000] {logging_mixin.py:188} INFO - [2024-04-25T13:49:17.357+0000] {dag.py:3954} INFO - Setting next_dagrun for tutorial_taskflow_api_virtualenv to None, run_after=None
[2024-04-25T13:49:17.378+0000] {processor.py:183} INFO - Processing /home/airflow/.local/lib/python3.12/site-packages/airflow/example_dags/tutorial_taskflow_api_virtualenv.py took 0.075 seconds
[2024-04-25T13:49:47.812+0000] {processor.py:161} INFO - Started process (PID=5805) to work on /home/airflow/.local/lib/python3.12/site-packages/airflow/example_dags/tutorial_taskflow_api_virtualenv.py
[2024-04-25T13:49:47.814+0000] {processor.py:830} INFO - Processing file /home/airflow/.local/lib/python3.12/site-packages/airflow/example_dags/tutorial_taskflow_api_virtualenv.py for tasks to queue
[2024-04-25T13:49:47.816+0000] {logging_mixin.py:188} INFO - [2024-04-25T13:49:47.815+0000] {dagbag.py:540} INFO - Filling up the DagBag from /home/airflow/.local/lib/python3.12/site-packages/airflow/example_dags/tutorial_taskflow_api_virtualenv.py
[2024-04-25T13:49:47.828+0000] {processor.py:840} INFO - DAG(s) 'tutorial_taskflow_api_virtualenv' retrieved from /home/airflow/.local/lib/python3.12/site-packages/airflow/example_dags/tutorial_taskflow_api_virtualenv.py
[2024-04-25T13:49:47.854+0000] {logging_mixin.py:188} INFO - [2024-04-25T13:49:47.854+0000] {dag.py:3096} INFO - Sync 1 DAGs
[2024-04-25T13:49:47.869+0000] {logging_mixin.py:188} INFO - [2024-04-25T13:49:47.869+0000] {dag.py:3954} INFO - Setting next_dagrun for tutorial_taskflow_api_virtualenv to None, run_after=None
[2024-04-25T13:49:47.890+0000] {processor.py:183} INFO - Processing /home/airflow/.local/lib/python3.12/site-packages/airflow/example_dags/tutorial_taskflow_api_virtualenv.py took 0.084 seconds
[2024-04-25T13:50:18.501+0000] {processor.py:161} INFO - Started process (PID=6067) to work on /home/airflow/.local/lib/python3.12/site-packages/airflow/example_dags/tutorial_taskflow_api_virtualenv.py
[2024-04-25T13:50:18.502+0000] {processor.py:830} INFO - Processing file /home/airflow/.local/lib/python3.12/site-packages/airflow/example_dags/tutorial_taskflow_api_virtualenv.py for tasks to queue
[2024-04-25T13:50:18.504+0000] {logging_mixin.py:188} INFO - [2024-04-25T13:50:18.504+0000] {dagbag.py:540} INFO - Filling up the DagBag from /home/airflow/.local/lib/python3.12/site-packages/airflow/example_dags/tutorial_taskflow_api_virtualenv.py
[2024-04-25T13:50:18.515+0000] {processor.py:840} INFO - DAG(s) 'tutorial_taskflow_api_virtualenv' retrieved from /home/airflow/.local/lib/python3.12/site-packages/airflow/example_dags/tutorial_taskflow_api_virtualenv.py
[2024-04-25T13:50:18.536+0000] {logging_mixin.py:188} INFO - [2024-04-25T13:50:18.535+0000] {dag.py:3096} INFO - Sync 1 DAGs
[2024-04-25T13:50:18.550+0000] {logging_mixin.py:188} INFO - [2024-04-25T13:50:18.550+0000] {dag.py:3954} INFO - Setting next_dagrun for tutorial_taskflow_api_virtualenv to None, run_after=None
[2024-04-25T13:50:18.571+0000] {processor.py:183} INFO - Processing /home/airflow/.local/lib/python3.12/site-packages/airflow/example_dags/tutorial_taskflow_api_virtualenv.py took 0.076 seconds
[2024-04-25T13:50:48.902+0000] {processor.py:161} INFO - Started process (PID=6329) to work on /home/airflow/.local/lib/python3.12/site-packages/airflow/example_dags/tutorial_taskflow_api_virtualenv.py
[2024-04-25T13:50:48.903+0000] {processor.py:830} INFO - Processing file /home/airflow/.local/lib/python3.12/site-packages/airflow/example_dags/tutorial_taskflow_api_virtualenv.py for tasks to queue
[2024-04-25T13:50:48.905+0000] {logging_mixin.py:188} INFO - [2024-04-25T13:50:48.904+0000] {dagbag.py:540} INFO - Filling up the DagBag from /home/airflow/.local/lib/python3.12/site-packages/airflow/example_dags/tutorial_taskflow_api_virtualenv.py
[2024-04-25T13:50:48.915+0000] {processor.py:840} INFO - DAG(s) 'tutorial_taskflow_api_virtualenv' retrieved from /home/airflow/.local/lib/python3.12/site-packages/airflow/example_dags/tutorial_taskflow_api_virtualenv.py
[2024-04-25T13:50:48.937+0000] {logging_mixin.py:188} INFO - [2024-04-25T13:50:48.937+0000] {dag.py:3096} INFO - Sync 1 DAGs
[2024-04-25T13:50:48.951+0000] {logging_mixin.py:188} INFO - [2024-04-25T13:50:48.950+0000] {dag.py:3954} INFO - Setting next_dagrun for tutorial_taskflow_api_virtualenv to None, run_after=None
[2024-04-25T13:50:48.971+0000] {processor.py:183} INFO - Processing /home/airflow/.local/lib/python3.12/site-packages/airflow/example_dags/tutorial_taskflow_api_virtualenv.py took 0.075 seconds
[2024-04-25T13:51:19.797+0000] {processor.py:161} INFO - Started process (PID=6591) to work on /home/airflow/.local/lib/python3.12/site-packages/airflow/example_dags/tutorial_taskflow_api_virtualenv.py
[2024-04-25T13:51:19.799+0000] {processor.py:830} INFO - Processing file /home/airflow/.local/lib/python3.12/site-packages/airflow/example_dags/tutorial_taskflow_api_virtualenv.py for tasks to queue
[2024-04-25T13:51:19.801+0000] {logging_mixin.py:188} INFO - [2024-04-25T13:51:19.801+0000] {dagbag.py:540} INFO - Filling up the DagBag from /home/airflow/.local/lib/python3.12/site-packages/airflow/example_dags/tutorial_taskflow_api_virtualenv.py
[2024-04-25T13:51:19.812+0000] {processor.py:840} INFO - DAG(s) 'tutorial_taskflow_api_virtualenv' retrieved from /home/airflow/.local/lib/python3.12/site-packages/airflow/example_dags/tutorial_taskflow_api_virtualenv.py
[2024-04-25T13:51:19.834+0000] {logging_mixin.py:188} INFO - [2024-04-25T13:51:19.834+0000] {dag.py:3096} INFO - Sync 1 DAGs
[2024-04-25T13:51:19.847+0000] {logging_mixin.py:188} INFO - [2024-04-25T13:51:19.847+0000] {dag.py:3954} INFO - Setting next_dagrun for tutorial_taskflow_api_virtualenv to None, run_after=None
[2024-04-25T13:51:19.868+0000] {processor.py:183} INFO - Processing /home/airflow/.local/lib/python3.12/site-packages/airflow/example_dags/tutorial_taskflow_api_virtualenv.py took 0.077 seconds
[2024-04-25T13:51:50.203+0000] {processor.py:161} INFO - Started process (PID=6853) to work on /home/airflow/.local/lib/python3.12/site-packages/airflow/example_dags/tutorial_taskflow_api_virtualenv.py
[2024-04-25T13:51:50.204+0000] {processor.py:830} INFO - Processing file /home/airflow/.local/lib/python3.12/site-packages/airflow/example_dags/tutorial_taskflow_api_virtualenv.py for tasks to queue
[2024-04-25T13:51:50.206+0000] {logging_mixin.py:188} INFO - [2024-04-25T13:51:50.206+0000] {dagbag.py:540} INFO - Filling up the DagBag from /home/airflow/.local/lib/python3.12/site-packages/airflow/example_dags/tutorial_taskflow_api_virtualenv.py
[2024-04-25T13:51:50.217+0000] {processor.py:840} INFO - DAG(s) 'tutorial_taskflow_api_virtualenv' retrieved from /home/airflow/.local/lib/python3.12/site-packages/airflow/example_dags/tutorial_taskflow_api_virtualenv.py
[2024-04-25T13:51:50.238+0000] {logging_mixin.py:188} INFO - [2024-04-25T13:51:50.238+0000] {dag.py:3096} INFO - Sync 1 DAGs
[2024-04-25T13:51:50.253+0000] {logging_mixin.py:188} INFO - [2024-04-25T13:51:50.252+0000] {dag.py:3954} INFO - Setting next_dagrun for tutorial_taskflow_api_virtualenv to None, run_after=None
[2024-04-25T13:51:50.276+0000] {processor.py:183} INFO - Processing /home/airflow/.local/lib/python3.12/site-packages/airflow/example_dags/tutorial_taskflow_api_virtualenv.py took 0.079 seconds
[2024-04-25T13:52:20.687+0000] {processor.py:161} INFO - Started process (PID=7115) to work on /home/airflow/.local/lib/python3.12/site-packages/airflow/example_dags/tutorial_taskflow_api_virtualenv.py
[2024-04-25T13:52:20.688+0000] {processor.py:830} INFO - Processing file /home/airflow/.local/lib/python3.12/site-packages/airflow/example_dags/tutorial_taskflow_api_virtualenv.py for tasks to queue
[2024-04-25T13:52:20.690+0000] {logging_mixin.py:188} INFO - [2024-04-25T13:52:20.690+0000] {dagbag.py:540} INFO - Filling up the DagBag from /home/airflow/.local/lib/python3.12/site-packages/airflow/example_dags/tutorial_taskflow_api_virtualenv.py
[2024-04-25T13:52:20.701+0000] {processor.py:840} INFO - DAG(s) 'tutorial_taskflow_api_virtualenv' retrieved from /home/airflow/.local/lib/python3.12/site-packages/airflow/example_dags/tutorial_taskflow_api_virtualenv.py
[2024-04-25T13:52:20.725+0000] {logging_mixin.py:188} INFO - [2024-04-25T13:52:20.724+0000] {dag.py:3096} INFO - Sync 1 DAGs
[2024-04-25T13:52:20.876+0000] {logging_mixin.py:188} INFO - [2024-04-25T13:52:20.875+0000] {dag.py:3954} INFO - Setting next_dagrun for tutorial_taskflow_api_virtualenv to None, run_after=None
[2024-04-25T13:52:20.897+0000] {processor.py:183} INFO - Processing /home/airflow/.local/lib/python3.12/site-packages/airflow/example_dags/tutorial_taskflow_api_virtualenv.py took 0.217 seconds
[2024-04-25T13:52:51.407+0000] {processor.py:161} INFO - Started process (PID=7377) to work on /home/airflow/.local/lib/python3.12/site-packages/airflow/example_dags/tutorial_taskflow_api_virtualenv.py
[2024-04-25T13:52:51.408+0000] {processor.py:830} INFO - Processing file /home/airflow/.local/lib/python3.12/site-packages/airflow/example_dags/tutorial_taskflow_api_virtualenv.py for tasks to queue
[2024-04-25T13:52:51.410+0000] {logging_mixin.py:188} INFO - [2024-04-25T13:52:51.410+0000] {dagbag.py:540} INFO - Filling up the DagBag from /home/airflow/.local/lib/python3.12/site-packages/airflow/example_dags/tutorial_taskflow_api_virtualenv.py
[2024-04-25T13:52:51.420+0000] {processor.py:840} INFO - DAG(s) 'tutorial_taskflow_api_virtualenv' retrieved from /home/airflow/.local/lib/python3.12/site-packages/airflow/example_dags/tutorial_taskflow_api_virtualenv.py
[2024-04-25T13:52:51.441+0000] {logging_mixin.py:188} INFO - [2024-04-25T13:52:51.440+0000] {dag.py:3096} INFO - Sync 1 DAGs
[2024-04-25T13:52:51.455+0000] {logging_mixin.py:188} INFO - [2024-04-25T13:52:51.455+0000] {dag.py:3954} INFO - Setting next_dagrun for tutorial_taskflow_api_virtualenv to None, run_after=None
[2024-04-25T13:52:51.478+0000] {processor.py:183} INFO - Processing /home/airflow/.local/lib/python3.12/site-packages/airflow/example_dags/tutorial_taskflow_api_virtualenv.py took 0.078 seconds
[2024-04-25T13:53:21.946+0000] {processor.py:161} INFO - Started process (PID=7639) to work on /home/airflow/.local/lib/python3.12/site-packages/airflow/example_dags/tutorial_taskflow_api_virtualenv.py
[2024-04-25T13:53:21.948+0000] {processor.py:830} INFO - Processing file /home/airflow/.local/lib/python3.12/site-packages/airflow/example_dags/tutorial_taskflow_api_virtualenv.py for tasks to queue
[2024-04-25T13:53:21.951+0000] {logging_mixin.py:188} INFO - [2024-04-25T13:53:21.951+0000] {dagbag.py:540} INFO - Filling up the DagBag from /home/airflow/.local/lib/python3.12/site-packages/airflow/example_dags/tutorial_taskflow_api_virtualenv.py
[2024-04-25T13:53:21.963+0000] {processor.py:840} INFO - DAG(s) 'tutorial_taskflow_api_virtualenv' retrieved from /home/airflow/.local/lib/python3.12/site-packages/airflow/example_dags/tutorial_taskflow_api_virtualenv.py
[2024-04-25T13:53:21.984+0000] {logging_mixin.py:188} INFO - [2024-04-25T13:53:21.984+0000] {dag.py:3096} INFO - Sync 1 DAGs
[2024-04-25T13:53:21.997+0000] {logging_mixin.py:188} INFO - [2024-04-25T13:53:21.997+0000] {dag.py:3954} INFO - Setting next_dagrun for tutorial_taskflow_api_virtualenv to None, run_after=None
[2024-04-25T13:53:22.018+0000] {processor.py:183} INFO - Processing /home/airflow/.local/lib/python3.12/site-packages/airflow/example_dags/tutorial_taskflow_api_virtualenv.py took 0.079 seconds
[2024-04-25T13:53:52.312+0000] {processor.py:161} INFO - Started process (PID=7901) to work on /home/airflow/.local/lib/python3.12/site-packages/airflow/example_dags/tutorial_taskflow_api_virtualenv.py
[2024-04-25T13:53:52.313+0000] {processor.py:830} INFO - Processing file /home/airflow/.local/lib/python3.12/site-packages/airflow/example_dags/tutorial_taskflow_api_virtualenv.py for tasks to queue
[2024-04-25T13:53:52.315+0000] {logging_mixin.py:188} INFO - [2024-04-25T13:53:52.314+0000] {dagbag.py:540} INFO - Filling up the DagBag from /home/airflow/.local/lib/python3.12/site-packages/airflow/example_dags/tutorial_taskflow_api_virtualenv.py
[2024-04-25T13:53:52.326+0000] {processor.py:840} INFO - DAG(s) 'tutorial_taskflow_api_virtualenv' retrieved from /home/airflow/.local/lib/python3.12/site-packages/airflow/example_dags/tutorial_taskflow_api_virtualenv.py
[2024-04-25T13:53:52.348+0000] {logging_mixin.py:188} INFO - [2024-04-25T13:53:52.348+0000] {dag.py:3096} INFO - Sync 1 DAGs
[2024-04-25T13:53:52.362+0000] {logging_mixin.py:188} INFO - [2024-04-25T13:53:52.362+0000] {dag.py:3954} INFO - Setting next_dagrun for tutorial_taskflow_api_virtualenv to None, run_after=None
[2024-04-25T13:53:52.383+0000] {processor.py:183} INFO - Processing /home/airflow/.local/lib/python3.12/site-packages/airflow/example_dags/tutorial_taskflow_api_virtualenv.py took 0.078 seconds
[2024-04-25T13:54:22.787+0000] {processor.py:161} INFO - Started process (PID=8163) to work on /home/airflow/.local/lib/python3.12/site-packages/airflow/example_dags/tutorial_taskflow_api_virtualenv.py
[2024-04-25T13:54:22.788+0000] {processor.py:830} INFO - Processing file /home/airflow/.local/lib/python3.12/site-packages/airflow/example_dags/tutorial_taskflow_api_virtualenv.py for tasks to queue
[2024-04-25T13:54:22.790+0000] {logging_mixin.py:188} INFO - [2024-04-25T13:54:22.790+0000] {dagbag.py:540} INFO - Filling up the DagBag from /home/airflow/.local/lib/python3.12/site-packages/airflow/example_dags/tutorial_taskflow_api_virtualenv.py
[2024-04-25T13:54:22.802+0000] {processor.py:840} INFO - DAG(s) 'tutorial_taskflow_api_virtualenv' retrieved from /home/airflow/.local/lib/python3.12/site-packages/airflow/example_dags/tutorial_taskflow_api_virtualenv.py
[2024-04-25T13:54:22.824+0000] {logging_mixin.py:188} INFO - [2024-04-25T13:54:22.823+0000] {dag.py:3096} INFO - Sync 1 DAGs
[2024-04-25T13:54:22.837+0000] {logging_mixin.py:188} INFO - [2024-04-25T13:54:22.837+0000] {dag.py:3954} INFO - Setting next_dagrun for tutorial_taskflow_api_virtualenv to None, run_after=None
[2024-04-25T13:54:22.859+0000] {processor.py:183} INFO - Processing /home/airflow/.local/lib/python3.12/site-packages/airflow/example_dags/tutorial_taskflow_api_virtualenv.py took 0.077 seconds
[2024-04-25T13:54:53.327+0000] {processor.py:161} INFO - Started process (PID=8425) to work on /home/airflow/.local/lib/python3.12/site-packages/airflow/example_dags/tutorial_taskflow_api_virtualenv.py
[2024-04-25T13:54:53.329+0000] {processor.py:830} INFO - Processing file /home/airflow/.local/lib/python3.12/site-packages/airflow/example_dags/tutorial_taskflow_api_virtualenv.py for tasks to queue
[2024-04-25T13:54:53.330+0000] {logging_mixin.py:188} INFO - [2024-04-25T13:54:53.330+0000] {dagbag.py:540} INFO - Filling up the DagBag from /home/airflow/.local/lib/python3.12/site-packages/airflow/example_dags/tutorial_taskflow_api_virtualenv.py
[2024-04-25T13:54:53.342+0000] {processor.py:840} INFO - DAG(s) 'tutorial_taskflow_api_virtualenv' retrieved from /home/airflow/.local/lib/python3.12/site-packages/airflow/example_dags/tutorial_taskflow_api_virtualenv.py
[2024-04-25T13:54:53.373+0000] {logging_mixin.py:188} INFO - [2024-04-25T13:54:53.373+0000] {dag.py:3096} INFO - Sync 1 DAGs
[2024-04-25T13:54:53.397+0000] {logging_mixin.py:188} INFO - [2024-04-25T13:54:53.397+0000] {dag.py:3954} INFO - Setting next_dagrun for tutorial_taskflow_api_virtualenv to None, run_after=None
[2024-04-25T13:54:53.429+0000] {processor.py:183} INFO - Processing /home/airflow/.local/lib/python3.12/site-packages/airflow/example_dags/tutorial_taskflow_api_virtualenv.py took 0.111 seconds
[2024-04-25T13:55:23.767+0000] {processor.py:161} INFO - Started process (PID=8688) to work on /home/airflow/.local/lib/python3.12/site-packages/airflow/example_dags/tutorial_taskflow_api_virtualenv.py
[2024-04-25T13:55:23.768+0000] {processor.py:830} INFO - Processing file /home/airflow/.local/lib/python3.12/site-packages/airflow/example_dags/tutorial_taskflow_api_virtualenv.py for tasks to queue
[2024-04-25T13:55:23.770+0000] {logging_mixin.py:188} INFO - [2024-04-25T13:55:23.770+0000] {dagbag.py:540} INFO - Filling up the DagBag from /home/airflow/.local/lib/python3.12/site-packages/airflow/example_dags/tutorial_taskflow_api_virtualenv.py
[2024-04-25T13:55:23.783+0000] {processor.py:840} INFO - DAG(s) 'tutorial_taskflow_api_virtualenv' retrieved from /home/airflow/.local/lib/python3.12/site-packages/airflow/example_dags/tutorial_taskflow_api_virtualenv.py
[2024-04-25T13:55:23.809+0000] {logging_mixin.py:188} INFO - [2024-04-25T13:55:23.809+0000] {dag.py:3096} INFO - Sync 1 DAGs
[2024-04-25T13:55:23.828+0000] {logging_mixin.py:188} INFO - [2024-04-25T13:55:23.827+0000] {dag.py:3954} INFO - Setting next_dagrun for tutorial_taskflow_api_virtualenv to None, run_after=None
[2024-04-25T13:55:23.875+0000] {processor.py:183} INFO - Processing /home/airflow/.local/lib/python3.12/site-packages/airflow/example_dags/tutorial_taskflow_api_virtualenv.py took 0.116 seconds
[2024-04-25T13:55:54.143+0000] {processor.py:161} INFO - Started process (PID=8950) to work on /home/airflow/.local/lib/python3.12/site-packages/airflow/example_dags/tutorial_taskflow_api_virtualenv.py
[2024-04-25T13:55:54.144+0000] {processor.py:830} INFO - Processing file /home/airflow/.local/lib/python3.12/site-packages/airflow/example_dags/tutorial_taskflow_api_virtualenv.py for tasks to queue
[2024-04-25T13:55:54.146+0000] {logging_mixin.py:188} INFO - [2024-04-25T13:55:54.146+0000] {dagbag.py:540} INFO - Filling up the DagBag from /home/airflow/.local/lib/python3.12/site-packages/airflow/example_dags/tutorial_taskflow_api_virtualenv.py
[2024-04-25T13:55:54.156+0000] {processor.py:840} INFO - DAG(s) 'tutorial_taskflow_api_virtualenv' retrieved from /home/airflow/.local/lib/python3.12/site-packages/airflow/example_dags/tutorial_taskflow_api_virtualenv.py
[2024-04-25T13:55:54.177+0000] {logging_mixin.py:188} INFO - [2024-04-25T13:55:54.177+0000] {dag.py:3096} INFO - Sync 1 DAGs
[2024-04-25T13:55:54.190+0000] {logging_mixin.py:188} INFO - [2024-04-25T13:55:54.190+0000] {dag.py:3954} INFO - Setting next_dagrun for tutorial_taskflow_api_virtualenv to None, run_after=None
[2024-04-25T13:55:54.211+0000] {processor.py:183} INFO - Processing /home/airflow/.local/lib/python3.12/site-packages/airflow/example_dags/tutorial_taskflow_api_virtualenv.py took 0.074 seconds
[2024-04-25T13:56:24.622+0000] {processor.py:161} INFO - Started process (PID=9212) to work on /home/airflow/.local/lib/python3.12/site-packages/airflow/example_dags/tutorial_taskflow_api_virtualenv.py
[2024-04-25T13:56:24.623+0000] {processor.py:830} INFO - Processing file /home/airflow/.local/lib/python3.12/site-packages/airflow/example_dags/tutorial_taskflow_api_virtualenv.py for tasks to queue
[2024-04-25T13:56:24.625+0000] {logging_mixin.py:188} INFO - [2024-04-25T13:56:24.625+0000] {dagbag.py:540} INFO - Filling up the DagBag from /home/airflow/.local/lib/python3.12/site-packages/airflow/example_dags/tutorial_taskflow_api_virtualenv.py
[2024-04-25T13:56:24.636+0000] {processor.py:840} INFO - DAG(s) 'tutorial_taskflow_api_virtualenv' retrieved from /home/airflow/.local/lib/python3.12/site-packages/airflow/example_dags/tutorial_taskflow_api_virtualenv.py
[2024-04-25T13:56:24.657+0000] {logging_mixin.py:188} INFO - [2024-04-25T13:56:24.657+0000] {dag.py:3096} INFO - Sync 1 DAGs
[2024-04-25T13:56:24.671+0000] {logging_mixin.py:188} INFO - [2024-04-25T13:56:24.670+0000] {dag.py:3954} INFO - Setting next_dagrun for tutorial_taskflow_api_virtualenv to None, run_after=None
[2024-04-25T13:56:24.690+0000] {processor.py:183} INFO - Processing /home/airflow/.local/lib/python3.12/site-packages/airflow/example_dags/tutorial_taskflow_api_virtualenv.py took 0.075 seconds
[2024-04-25T13:58:17.770+0000] {processor.py:161} INFO - Started process (PID=297) to work on /home/airflow/.local/lib/python3.12/site-packages/airflow/example_dags/tutorial_taskflow_api_virtualenv.py
[2024-04-25T13:58:17.771+0000] {processor.py:830} INFO - Processing file /home/airflow/.local/lib/python3.12/site-packages/airflow/example_dags/tutorial_taskflow_api_virtualenv.py for tasks to queue
[2024-04-25T13:58:17.773+0000] {logging_mixin.py:188} INFO - [2024-04-25T13:58:17.773+0000] {dagbag.py:540} INFO - Filling up the DagBag from /home/airflow/.local/lib/python3.12/site-packages/airflow/example_dags/tutorial_taskflow_api_virtualenv.py
[2024-04-25T13:58:17.786+0000] {processor.py:840} INFO - DAG(s) 'tutorial_taskflow_api_virtualenv' retrieved from /home/airflow/.local/lib/python3.12/site-packages/airflow/example_dags/tutorial_taskflow_api_virtualenv.py
[2024-04-25T13:58:17.799+0000] {logging_mixin.py:188} INFO - [2024-04-25T13:58:17.799+0000] {dag.py:3096} INFO - Sync 1 DAGs
[2024-04-25T13:58:17.814+0000] {logging_mixin.py:188} INFO - [2024-04-25T13:58:17.814+0000] {dag.py:3954} INFO - Setting next_dagrun for tutorial_taskflow_api_virtualenv to None, run_after=None
[2024-04-25T13:58:17.837+0000] {processor.py:183} INFO - Processing /home/airflow/.local/lib/python3.12/site-packages/airflow/example_dags/tutorial_taskflow_api_virtualenv.py took 0.073 seconds
[2024-04-25T13:58:49.430+0000] {processor.py:161} INFO - Started process (PID=559) to work on /home/airflow/.local/lib/python3.12/site-packages/airflow/example_dags/tutorial_taskflow_api_virtualenv.py
[2024-04-25T13:58:49.431+0000] {processor.py:830} INFO - Processing file /home/airflow/.local/lib/python3.12/site-packages/airflow/example_dags/tutorial_taskflow_api_virtualenv.py for tasks to queue
[2024-04-25T13:58:49.433+0000] {logging_mixin.py:188} INFO - [2024-04-25T13:58:49.433+0000] {dagbag.py:540} INFO - Filling up the DagBag from /home/airflow/.local/lib/python3.12/site-packages/airflow/example_dags/tutorial_taskflow_api_virtualenv.py
[2024-04-25T13:58:49.449+0000] {processor.py:840} INFO - DAG(s) 'tutorial_taskflow_api_virtualenv' retrieved from /home/airflow/.local/lib/python3.12/site-packages/airflow/example_dags/tutorial_taskflow_api_virtualenv.py
[2024-04-25T13:58:49.564+0000] {logging_mixin.py:188} INFO - [2024-04-25T13:58:49.563+0000] {dag.py:3096} INFO - Sync 1 DAGs
[2024-04-25T13:58:49.575+0000] {logging_mixin.py:188} INFO - [2024-04-25T13:58:49.574+0000] {dag.py:3954} INFO - Setting next_dagrun for tutorial_taskflow_api_virtualenv to None, run_after=None
[2024-04-25T13:58:49.597+0000] {processor.py:183} INFO - Processing /home/airflow/.local/lib/python3.12/site-packages/airflow/example_dags/tutorial_taskflow_api_virtualenv.py took 0.174 seconds
