[2024-04-26T07:43:44.277+0000] {local_task_job_runner.py:120} INFO - ::group::Pre task execution logs
[2024-04-26T07:43:44.312+0000] {taskinstance.py:2073} INFO - Dependencies all met for dep_context=non-requeueable deps ti=<TaskInstance: first_python_dag_v3.greet manual__2024-04-26T07:43:42.723037+00:00 [queued]>
[2024-04-26T07:43:44.321+0000] {taskinstance.py:2073} INFO - Dependencies all met for dep_context=requeueable deps ti=<TaskInstance: first_python_dag_v3.greet manual__2024-04-26T07:43:42.723037+00:00 [queued]>
[2024-04-26T07:43:44.321+0000] {taskinstance.py:2303} INFO - Starting attempt 1 of 6
[2024-04-26T07:43:44.336+0000] {taskinstance.py:2327} INFO - Executing <Task(PythonOperator): greet> on 2024-04-26 07:43:42.723037+00:00
[2024-04-26T07:43:44.343+0000] {standard_task_runner.py:90} INFO - Running: ['***', 'tasks', 'run', 'first_python_dag_v3', 'greet', 'manual__2024-04-26T07:43:42.723037+00:00', '--job-id', '19', '--raw', '--subdir', 'DAGS_FOLDER/python_dag.py', '--cfg-path', '/tmp/tmpf_beh0y1']
[2024-04-26T07:43:44.346+0000] {standard_task_runner.py:91} INFO - Job 19: Subtask greet
[2024-04-26T07:43:44.348+0000] {logging_mixin.py:188} WARNING - /home/***/.local/lib/python3.12/site-packages/***/task/task_runner/standard_task_runner.py:61 DeprecationWarning: This process (pid=957) is multi-threaded, use of fork() may lead to deadlocks in the child.
[2024-04-26T07:43:44.349+0000] {standard_task_runner.py:63} INFO - Started process 964 to run task
[2024-04-26T07:43:44.393+0000] {task_command.py:426} INFO - Running <TaskInstance: first_python_dag_v3.greet manual__2024-04-26T07:43:42.723037+00:00 [running]> on host a1925275d222
[2024-04-26T07:43:44.475+0000] {taskinstance.py:2644} INFO - Exporting env vars: AIRFLOW_CTX_DAG_OWNER='stan' AIRFLOW_CTX_DAG_ID='first_python_dag_v3' AIRFLOW_CTX_TASK_ID='greet' AIRFLOW_CTX_EXECUTION_DATE='2024-04-26T07:43:42.723037+00:00' AIRFLOW_CTX_TRY_NUMBER='1' AIRFLOW_CTX_DAG_RUN_ID='manual__2024-04-26T07:43:42.723037+00:00'
[2024-04-26T07:43:44.476+0000] {taskinstance.py:430} INFO - ::endgroup::
[2024-04-26T07:43:44.498+0000] {taskinstance.py:441} INFO - ::group::Post task execution logs
[2024-04-26T07:43:44.499+0000] {taskinstance.py:2890} ERROR - Task failed with exception
Traceback (most recent call last):
  File "/home/airflow/.local/lib/python3.12/site-packages/airflow/models/taskinstance.py", line 465, in _execute_task
    result = _execute_callable(context=context, **execute_callable_kwargs)
             ^^^^^^^^^^^^^^^^^^^^^^^^^^^^^^^^^^^^^^^^^^^^^^^^^^^^^^^^^^^^^
  File "/home/airflow/.local/lib/python3.12/site-packages/airflow/models/taskinstance.py", line 432, in _execute_callable
    return execute_callable(context=context, **execute_callable_kwargs)
           ^^^^^^^^^^^^^^^^^^^^^^^^^^^^^^^^^^^^^^^^^^^^^^^^^^^^^^^^^^^^
  File "/home/airflow/.local/lib/python3.12/site-packages/airflow/models/baseoperator.py", line 400, in wrapper
    return func(self, *args, **kwargs)
           ^^^^^^^^^^^^^^^^^^^^^^^^^^^
  File "/home/airflow/.local/lib/python3.12/site-packages/airflow/operators/python.py", line 235, in execute
    return_value = self.execute_callable()
                   ^^^^^^^^^^^^^^^^^^^^^^^
  File "/home/airflow/.local/lib/python3.12/site-packages/airflow/operators/python.py", line 252, in execute_callable
    return self.python_callable(*self.op_args, **self.op_kwargs)
           ^^^^^^^^^^^^^^^^^^^^^^^^^^^^^^^^^^^^^^^^^^^^^^^^^^^^^
  File "/opt/airflow/dags/python_dag.py", line 14, in greet
    last_name = ti.xcom_pull(tak_ids='get_name', key='last_name')
                ^^^^^^^^^^^^^^^^^^^^^^^^^^^^^^^^^^^^^^^^^^^^^^^^^
  File "/home/airflow/.local/lib/python3.12/site-packages/airflow/utils/session.py", line 79, in wrapper
    return func(*args, session=session, **kwargs)
           ^^^^^^^^^^^^^^^^^^^^^^^^^^^^^^^^^^^^^^
TypeError: TaskInstance.xcom_pull() got an unexpected keyword argument 'tak_ids'
[2024-04-26T07:43:44.512+0000] {taskinstance.py:1205} INFO - Marking task as UP_FOR_RETRY. dag_id=first_python_dag_v3, task_id=greet, execution_date=20240426T074342, start_date=20240426T074344, end_date=20240426T074344
[2024-04-26T07:43:44.523+0000] {standard_task_runner.py:110} ERROR - Failed to execute job 19 for task greet (TaskInstance.xcom_pull() got an unexpected keyword argument 'tak_ids'; 964)
[2024-04-26T07:43:44.564+0000] {local_task_job_runner.py:240} INFO - Task exited with return code 1
[2024-04-26T07:43:44.580+0000] {taskinstance.py:3482} INFO - 0 downstream tasks scheduled from follow-on schedule check
[2024-04-26T07:43:44.582+0000] {local_task_job_runner.py:222} INFO - ::endgroup::
