[2024-04-27T09:08:40.951+0000] {local_task_job_runner.py:120} INFO - ::group::Pre task execution logs
[2024-04-27T09:08:41.009+0000] {taskinstance.py:2073} INFO - Dependencies all met for dep_context=non-requeueable deps ti=<TaskInstance: tweets_dag_v2.execute_python_script manual__2024-04-27T09:02:15.515320+00:00 [queued]>
[2024-04-27T09:08:41.029+0000] {taskinstance.py:2073} INFO - Dependencies all met for dep_context=requeueable deps ti=<TaskInstance: tweets_dag_v2.execute_python_script manual__2024-04-27T09:02:15.515320+00:00 [queued]>
[2024-04-27T09:08:41.030+0000] {taskinstance.py:2303} INFO - Starting attempt 4 of 9
[2024-04-27T09:08:41.074+0000] {taskinstance.py:2327} INFO - Executing <Task(PythonOperator): execute_python_script> on 2024-04-27 09:02:15.515320+00:00
[2024-04-27T09:08:41.097+0000] {logging_mixin.py:188} WARNING - /home/***/.local/lib/python3.12/site-packages/***/task/task_runner/standard_task_runner.py:61 DeprecationWarning: This process (pid=1949) is multi-threaded, use of fork() may lead to deadlocks in the child.
[2024-04-27T09:08:41.101+0000] {standard_task_runner.py:63} INFO - Started process 2038 to run task
[2024-04-27T09:08:41.097+0000] {standard_task_runner.py:90} INFO - Running: ['***', 'tasks', 'run', 'tweets_dag_v2', 'execute_python_script', 'manual__2024-04-27T09:02:15.515320+00:00', '--job-id', '65', '--raw', '--subdir', 'DAGS_FOLDER/twitter_data_dag.py', '--cfg-path', '/tmp/tmpz2bg639t']
[2024-04-27T09:08:41.104+0000] {standard_task_runner.py:91} INFO - Job 65: Subtask execute_python_script
[2024-04-27T09:08:41.219+0000] {task_command.py:426} INFO - Running <TaskInstance: tweets_dag_v2.execute_python_script manual__2024-04-27T09:02:15.515320+00:00 [running]> on host cd57c070245a
[2024-04-27T09:08:41.445+0000] {taskinstance.py:2644} INFO - Exporting env vars: AIRFLOW_CTX_DAG_OWNER='stan' AIRFLOW_CTX_DAG_ID='tweets_dag_v2' AIRFLOW_CTX_TASK_ID='execute_python_script' AIRFLOW_CTX_EXECUTION_DATE='2024-04-27T09:02:15.515320+00:00' AIRFLOW_CTX_TRY_NUMBER='4' AIRFLOW_CTX_DAG_RUN_ID='manual__2024-04-27T09:02:15.515320+00:00'
[2024-04-27T09:08:41.449+0000] {taskinstance.py:430} INFO - ::endgroup::
[2024-04-27T09:08:41.497+0000] {taskinstance.py:441} INFO - ::group::Post task execution logs
[2024-04-27T09:08:41.498+0000] {taskinstance.py:2890} ERROR - Task failed with exception
Traceback (most recent call last):
  File "/home/airflow/.local/lib/python3.12/site-packages/airflow/models/taskinstance.py", line 465, in _execute_task
    result = _execute_callable(context=context, **execute_callable_kwargs)
             ^^^^^^^^^^^^^^^^^^^^^^^^^^^^^^^^^^^^^^^^^^^^^^^^^^^^^^^^^^^^^
  File "/home/airflow/.local/lib/python3.12/site-packages/airflow/models/taskinstance.py", line 432, in _execute_callable
    return execute_callable(context=context, **execute_callable_kwargs)
           ^^^^^^^^^^^^^^^^^^^^^^^^^^^^^^^^^^^^^^^^^^^^^^^^^^^^^^^^^^^^
  File "/home/airflow/.local/lib/python3.12/site-packages/airflow/models/baseoperator.py", line 400, in wrapper
    return func(self, *args, **kwargs)
           ^^^^^^^^^^^^^^^^^^^^^^^^^^^
  File "/home/airflow/.local/lib/python3.12/site-packages/airflow/operators/python.py", line 235, in execute
    return_value = self.execute_callable()
                   ^^^^^^^^^^^^^^^^^^^^^^^
  File "/home/airflow/.local/lib/python3.12/site-packages/airflow/operators/python.py", line 252, in execute_callable
    return self.python_callable(*self.op_args, **self.op_kwargs)
           ^^^^^^^^^^^^^^^^^^^^^^^^^^^^^^^^^^^^^^^^^^^^^^^^^^^^^
  File "/opt/airflow/dags/extract_transform.py", line 29, in roberta_classifier
    tweets = pd.read_csv("./tweets.csv")
             ^^^^^^^^^^^^^^^^^^^^^^^^^^^
  File "/home/airflow/.local/lib/python3.12/site-packages/pandas/io/parsers/readers.py", line 948, in read_csv
    return _read(filepath_or_buffer, kwds)
           ^^^^^^^^^^^^^^^^^^^^^^^^^^^^^^^
  File "/home/airflow/.local/lib/python3.12/site-packages/pandas/io/parsers/readers.py", line 611, in _read
    parser = TextFileReader(filepath_or_buffer, **kwds)
             ^^^^^^^^^^^^^^^^^^^^^^^^^^^^^^^^^^^^^^^^^^
  File "/home/airflow/.local/lib/python3.12/site-packages/pandas/io/parsers/readers.py", line 1448, in __init__
    self._engine = self._make_engine(f, self.engine)
                   ^^^^^^^^^^^^^^^^^^^^^^^^^^^^^^^^^
  File "/home/airflow/.local/lib/python3.12/site-packages/pandas/io/parsers/readers.py", line 1705, in _make_engine
    self.handles = get_handle(
                   ^^^^^^^^^^^
  File "/home/airflow/.local/lib/python3.12/site-packages/pandas/io/common.py", line 863, in get_handle
    handle = open(
             ^^^^^
FileNotFoundError: [Errno 2] No such file or directory: './tweets.csv'
[2024-04-27T09:08:41.521+0000] {taskinstance.py:1205} INFO - Marking task as UP_FOR_RETRY. dag_id=tweets_dag_v2, task_id=execute_python_script, execution_date=20240427T090215, start_date=20240427T090841, end_date=20240427T090841
[2024-04-27T09:08:41.544+0000] {standard_task_runner.py:110} ERROR - Failed to execute job 65 for task execute_python_script ([Errno 2] No such file or directory: './tweets.csv'; 2038)
[2024-04-27T09:08:41.600+0000] {local_task_job_runner.py:240} INFO - Task exited with return code 1
[2024-04-27T09:08:41.630+0000] {taskinstance.py:3482} INFO - 0 downstream tasks scheduled from follow-on schedule check
[2024-04-27T09:08:41.633+0000] {local_task_job_runner.py:222} INFO - ::endgroup::
