[2024-04-27T09:05:45.886+0000] {local_task_job_runner.py:120} INFO - ::group::Pre task execution logs
[2024-04-27T09:05:45.957+0000] {taskinstance.py:2073} INFO - Dependencies all met for dep_context=non-requeueable deps ti=<TaskInstance: tweets_dag_v2.init_tweets_db manual__2024-04-27T09:02:15.515320+00:00 [queued]>
[2024-04-27T09:05:45.971+0000] {taskinstance.py:2073} INFO - Dependencies all met for dep_context=requeueable deps ti=<TaskInstance: tweets_dag_v2.init_tweets_db manual__2024-04-27T09:02:15.515320+00:00 [queued]>
[2024-04-27T09:05:45.972+0000] {taskinstance.py:2303} INFO - Starting attempt 2 of 7
[2024-04-27T09:05:45.990+0000] {taskinstance.py:2327} INFO - Executing <Task(PostgresOperator): init_tweets_db> on 2024-04-27 09:02:15.515320+00:00
[2024-04-27T09:05:46.005+0000] {logging_mixin.py:188} WARNING - /home/***/.local/lib/python3.12/site-packages/***/task/task_runner/standard_task_runner.py:61 DeprecationWarning: This process (pid=1423) is multi-threaded, use of fork() may lead to deadlocks in the child.
[2024-04-27T09:05:46.003+0000] {standard_task_runner.py:90} INFO - Running: ['***', 'tasks', 'run', 'tweets_dag_v2', 'init_tweets_db', 'manual__2024-04-27T09:02:15.515320+00:00', '--job-id', '32', '--raw', '--subdir', 'DAGS_FOLDER/twitter_data_dag.py', '--cfg-path', '/tmp/tmp531w2lsy']
[2024-04-27T09:05:46.007+0000] {standard_task_runner.py:63} INFO - Started process 1487 to run task
[2024-04-27T09:05:46.007+0000] {standard_task_runner.py:91} INFO - Job 32: Subtask init_tweets_db
[2024-04-27T09:05:46.071+0000] {task_command.py:426} INFO - Running <TaskInstance: tweets_dag_v2.init_tweets_db manual__2024-04-27T09:02:15.515320+00:00 [running]> on host cd57c070245a
[2024-04-27T09:05:46.179+0000] {taskinstance.py:2644} INFO - Exporting env vars: AIRFLOW_CTX_DAG_OWNER='stan' AIRFLOW_CTX_DAG_ID='tweets_dag_v2' AIRFLOW_CTX_TASK_ID='init_tweets_db' AIRFLOW_CTX_EXECUTION_DATE='2024-04-27T09:02:15.515320+00:00' AIRFLOW_CTX_TRY_NUMBER='2' AIRFLOW_CTX_DAG_RUN_ID='manual__2024-04-27T09:02:15.515320+00:00'
[2024-04-27T09:05:46.180+0000] {taskinstance.py:430} INFO - ::endgroup::
[2024-04-27T09:05:46.200+0000] {sql.py:276} INFO - Executing: CREATE TABLE IF NOT EXISTS positive_tweets (
    id SERIAL PRIMARY KEY,
    roberta_neg NUMERIC,
    roberta_neu NUMERIC,
    roberta_pos NUMERIC,
    author VARCHAR(50),
    content TEXT,
    date_time TIMESTAMP,
    number_of_likes INTEGER,
    number_of_shares INTEGER
);

CREATE TABLE IF NOT EXISTS negative_tweets (
    id SERIAL PRIMARY KEY,
    roberta_neg NUMERIC,
    roberta_neu NUMERIC,
    roberta_pos NUMERIC,
    author VARCHAR(50),
    content TEXT,
    date_time TIMESTAMP,
    number_of_likes INTEGER,
    number_of_shares INTEGER
);

CREATE TABLE IF NOT EXISTS neutral_tweets (
    id SERIAL PRIMARY KEY,
    roberta_neg NUMERIC,
    roberta_neu NUMERIC,
    roberta_pos NUMERIC,
    author VARCHAR(50),
    content TEXT,
    date_time TIMESTAMP,
    number_of_likes INTEGER,
    number_of_shares INTEGER
);

TRUNCATE TABLE positive_tweets;
TRUNCATE TABLE negative_tweets;
TRUNCATE TABLE neutral_tweets;

[2024-04-27T09:05:46.210+0000] {base.py:84} INFO - Using connection ID 'tweets_localhost' for task execution.
[2024-04-27T09:05:46.221+0000] {base.py:84} INFO - Using connection ID 'tweets_localhost' for task execution.
[2024-04-27T09:05:46.238+0000] {sql.py:457} INFO - Running statement: CREATE TABLE IF NOT EXISTS positive_tweets (
    id SERIAL PRIMARY KEY,
    roberta_neg NUMERIC,
    roberta_neu NUMERIC,
    roberta_pos NUMERIC,
    author VARCHAR(50),
    content TEXT,
    date_time TIMESTAMP,
    number_of_likes INTEGER,
    number_of_shares INTEGER
);

CREATE TABLE IF NOT EXISTS negative_tweets (
    id SERIAL PRIMARY KEY,
    roberta_neg NUMERIC,
    roberta_neu NUMERIC,
    roberta_pos NUMERIC,
    author VARCHAR(50),
    content TEXT,
    date_time TIMESTAMP,
    number_of_likes INTEGER,
    number_of_shares INTEGER
);

CREATE TABLE IF NOT EXISTS neutral_tweets (
    id SERIAL PRIMARY KEY,
    roberta_neg NUMERIC,
    roberta_neu NUMERIC,
    roberta_pos NUMERIC,
    author VARCHAR(50),
    content TEXT,
    date_time TIMESTAMP,
    number_of_likes INTEGER,
    number_of_shares INTEGER
);

TRUNCATE TABLE positive_tweets;
TRUNCATE TABLE negative_tweets;
TRUNCATE TABLE neutral_tweets;
, parameters: None
[2024-04-27T09:05:46.266+0000] {logging_mixin.py:188} WARNING - /home/***/.local/lib/python3.12/site-packages/***/providers/common/sql/hooks/sql.py:407 AirflowProviderDeprecationWarning: Call to deprecated method _make_common_data_structure. (The `_make_serializable` method is deprecated and support will be removed in a future version of the common.sql provider. Please update the DbApiHook's provider to a version based on common.sql >= 1.9.1.)
[2024-04-27T09:05:46.273+0000] {taskinstance.py:441} INFO - ::group::Post task execution logs
[2024-04-27T09:05:46.286+0000] {taskinstance.py:1205} INFO - Marking task as SUCCESS. dag_id=tweets_dag_v2, task_id=init_tweets_db, execution_date=20240427T090215, start_date=20240427T090545, end_date=20240427T090546
[2024-04-27T09:05:46.343+0000] {local_task_job_runner.py:240} INFO - Task exited with return code 0
[2024-04-27T09:05:46.356+0000] {logging_mixin.py:188} WARNING - /home/***/.local/lib/python3.12/site-packages/***/models/baseoperator.py:1296 AirflowProviderDeprecationWarning: Call to deprecated class PostgresOperator. (Please use `***.providers.common.sql.operators.sql.SQLExecuteQueryOperator`.Also, you can provide `hook_params={'schema': <database>}`.)
[2024-04-27T09:05:46.371+0000] {taskinstance.py:3482} INFO - 1 downstream tasks scheduled from follow-on schedule check
[2024-04-27T09:05:46.373+0000] {local_task_job_runner.py:222} INFO - ::endgroup::
