[2024-04-26T14:33:52.920+0000] {local_task_job_runner.py:120} INFO - ::group::Pre task execution logs
[2024-04-26T14:33:53.035+0000] {taskinstance.py:2073} INFO - Dependencies all met for dep_context=non-requeueable deps ti=<TaskInstance: tweets_dag.init_tweets_db scheduled__2024-03-12T00:00:00+00:00 [queued]>
[2024-04-26T14:33:53.115+0000] {taskinstance.py:2073} INFO - Dependencies all met for dep_context=requeueable deps ti=<TaskInstance: tweets_dag.init_tweets_db scheduled__2024-03-12T00:00:00+00:00 [queued]>
[2024-04-26T14:33:53.123+0000] {taskinstance.py:2303} INFO - Starting attempt 1 of 6
[2024-04-26T14:33:53.185+0000] {taskinstance.py:2327} INFO - Executing <Task(PostgresOperator): init_tweets_db> on 2024-03-12 00:00:00+00:00
[2024-04-26T14:33:53.240+0000] {standard_task_runner.py:90} INFO - Running: ['***', 'tasks', 'run', 'tweets_dag', 'init_tweets_db', 'scheduled__2024-03-12T00:00:00+00:00', '--job-id', '129', '--raw', '--subdir', 'DAGS_FOLDER/twitter_data_dag.py', '--cfg-path', '/tmp/tmp7vc2n8zj']
[2024-04-26T14:33:53.252+0000] {standard_task_runner.py:91} INFO - Job 129: Subtask init_tweets_db
[2024-04-26T14:33:53.262+0000] {logging_mixin.py:188} WARNING - /home/***/.local/lib/python3.12/site-packages/***/task/task_runner/standard_task_runner.py:61 DeprecationWarning: This process (pid=2560) is multi-threaded, use of fork() may lead to deadlocks in the child.
[2024-04-26T14:33:53.275+0000] {standard_task_runner.py:63} INFO - Started process 2578 to run task
[2024-04-26T14:33:53.490+0000] {task_command.py:426} INFO - Running <TaskInstance: tweets_dag.init_tweets_db scheduled__2024-03-12T00:00:00+00:00 [running]> on host 0ceb125076fc
[2024-04-26T14:33:53.844+0000] {taskinstance.py:2644} INFO - Exporting env vars: AIRFLOW_CTX_DAG_OWNER='stan' AIRFLOW_CTX_DAG_ID='tweets_dag' AIRFLOW_CTX_TASK_ID='init_tweets_db' AIRFLOW_CTX_EXECUTION_DATE='2024-03-12T00:00:00+00:00' AIRFLOW_CTX_TRY_NUMBER='1' AIRFLOW_CTX_DAG_RUN_ID='scheduled__2024-03-12T00:00:00+00:00'
[2024-04-26T14:33:53.847+0000] {taskinstance.py:430} INFO - ::endgroup::
[2024-04-26T14:33:53.896+0000] {sql.py:276} INFO - Executing: CREATE TABLE positive_tweets (
    id SERIAL PRIMARY KEY,
    roberta_neg NUMERIC,
    roberta_neu NUMERIC,
    roberta_pos NUMERIC,
    author VARCHAR(50),
    content TEXT,
    date_time TIMESTAMP,
    number_of_likes INTEGER,
    number_of_shares INTEGER
);

CREATE TABLE negative_tweets (
    id SERIAL PRIMARY KEY,
    roberta_neg NUMERIC,
    roberta_neu NUMERIC,
    roberta_pos NUMERIC,
    author VARCHAR(50),
    content TEXT,
    date_time TIMESTAMP,
    number_of_likes INTEGER,
    number_of_shares INTEGER
);

CREATE TABLE neutral_tweets (
    id SERIAL PRIMARY KEY,
    roberta_neg NUMERIC,
    roberta_neu NUMERIC,
    roberta_pos NUMERIC,
    author VARCHAR(50),
    content TEXT,
    date_time TIMESTAMP,
    number_of_likes INTEGER,
    number_of_shares INTEGER
);

[2024-04-26T14:33:53.926+0000] {base.py:84} INFO - Using connection ID 'tweets_localhost' for task execution.
[2024-04-26T14:33:53.987+0000] {base.py:84} INFO - Using connection ID 'tweets_localhost' for task execution.
[2024-04-26T14:33:54.059+0000] {sql.py:457} INFO - Running statement: CREATE TABLE positive_tweets (
    id SERIAL PRIMARY KEY,
    roberta_neg NUMERIC,
    roberta_neu NUMERIC,
    roberta_pos NUMERIC,
    author VARCHAR(50),
    content TEXT,
    date_time TIMESTAMP,
    number_of_likes INTEGER,
    number_of_shares INTEGER
);

CREATE TABLE negative_tweets (
    id SERIAL PRIMARY KEY,
    roberta_neg NUMERIC,
    roberta_neu NUMERIC,
    roberta_pos NUMERIC,
    author VARCHAR(50),
    content TEXT,
    date_time TIMESTAMP,
    number_of_likes INTEGER,
    number_of_shares INTEGER
);

CREATE TABLE neutral_tweets (
    id SERIAL PRIMARY KEY,
    roberta_neg NUMERIC,
    roberta_neu NUMERIC,
    roberta_pos NUMERIC,
    author VARCHAR(50),
    content TEXT,
    date_time TIMESTAMP,
    number_of_likes INTEGER,
    number_of_shares INTEGER
);
, parameters: None
[2024-04-26T14:33:54.199+0000] {logging_mixin.py:188} WARNING - /home/***/.local/lib/python3.12/site-packages/***/providers/common/sql/hooks/sql.py:407 AirflowProviderDeprecationWarning: Call to deprecated method _make_common_data_structure. (The `_make_serializable` method is deprecated and support will be removed in a future version of the common.sql provider. Please update the DbApiHook's provider to a version based on common.sql >= 1.9.1.)
[2024-04-26T14:33:54.222+0000] {taskinstance.py:441} INFO - ::group::Post task execution logs
[2024-04-26T14:33:54.267+0000] {taskinstance.py:1205} INFO - Marking task as SUCCESS. dag_id=tweets_dag, task_id=init_tweets_db, execution_date=20240312T000000, start_date=20240426T143353, end_date=20240426T143354
[2024-04-26T14:33:54.379+0000] {local_task_job_runner.py:240} INFO - Task exited with return code 0
[2024-04-26T14:33:54.438+0000] {taskinstance.py:3482} INFO - 0 downstream tasks scheduled from follow-on schedule check
[2024-04-26T14:33:54.445+0000] {local_task_job_runner.py:222} INFO - ::endgroup::
