[2024-04-30T08:43:47.129+0000] {local_task_job_runner.py:120} INFO - ::group::Pre task execution logs
[2024-04-30T08:43:47.166+0000] {taskinstance.py:2073} INFO - Dependencies all met for dep_context=non-requeueable deps ti=<TaskInstance: tweets_dag_v3.init_tweets_db manual__2024-04-30T08:29:21.883470+00:00 [queued]>
[2024-04-30T08:43:47.175+0000] {taskinstance.py:2073} INFO - Dependencies all met for dep_context=requeueable deps ti=<TaskInstance: tweets_dag_v3.init_tweets_db manual__2024-04-30T08:29:21.883470+00:00 [queued]>
[2024-04-30T08:43:47.176+0000] {taskinstance.py:2303} INFO - Starting attempt 4 of 9
[2024-04-30T08:43:47.194+0000] {taskinstance.py:2327} INFO - Executing <Task(PostgresOperator): init_tweets_db> on 2024-04-30 08:29:21.883470+00:00
[2024-04-30T08:43:47.214+0000] {standard_task_runner.py:90} INFO - Running: ['***', 'tasks', 'run', 'tweets_dag_v3', 'init_tweets_db', 'manual__2024-04-30T08:29:21.883470+00:00', '--job-id', '269', '--raw', '--subdir', 'DAGS_FOLDER/twitter_data_dag.py', '--cfg-path', '/tmp/tmpzsc1itsj']
[2024-04-30T08:43:47.218+0000] {standard_task_runner.py:91} INFO - Job 269: Subtask init_tweets_db
[2024-04-30T08:43:47.219+0000] {logging_mixin.py:188} WARNING - /home/***/.local/lib/python3.12/site-packages/***/task/task_runner/standard_task_runner.py:61 DeprecationWarning: This process (pid=1868) is multi-threaded, use of fork() may lead to deadlocks in the child.
[2024-04-30T08:43:47.220+0000] {standard_task_runner.py:63} INFO - Started process 1919 to run task
[2024-04-30T08:43:47.285+0000] {task_command.py:426} INFO - Running <TaskInstance: tweets_dag_v3.init_tweets_db manual__2024-04-30T08:29:21.883470+00:00 [running]> on host 37e9c82bc18f
[2024-04-30T08:43:47.383+0000] {taskinstance.py:2644} INFO - Exporting env vars: AIRFLOW_CTX_DAG_OWNER='stan' AIRFLOW_CTX_DAG_ID='tweets_dag_v3' AIRFLOW_CTX_TASK_ID='init_tweets_db' AIRFLOW_CTX_EXECUTION_DATE='2024-04-30T08:29:21.883470+00:00' AIRFLOW_CTX_TRY_NUMBER='4' AIRFLOW_CTX_DAG_RUN_ID='manual__2024-04-30T08:29:21.883470+00:00'
[2024-04-30T08:43:47.384+0000] {taskinstance.py:430} INFO - ::endgroup::
[2024-04-30T08:43:47.401+0000] {sql.py:276} INFO - Executing: CREATE TABLE IF NOT EXISTS positive_tweets (
    id SERIAL PRIMARY KEY,
    roberta_neg NUMERIC,
    roberta_neu NUMERIC,
    roberta_pos NUMERIC,
    author VARCHAR(50),
    content TEXT,
    date_time TIMESTAMP,
    number_of_likes INTEGER,
    number_of_shares INTEGER
);

CREATE TABLE IF NOT EXISTS negative_tweets (
    id SERIAL PRIMARY KEY,
    roberta_neg NUMERIC,
    roberta_neu NUMERIC,
    roberta_pos NUMERIC,
    author VARCHAR(50),
    content TEXT,
    date_time TIMESTAMP,
    number_of_likes INTEGER,
    number_of_shares INTEGER
);

CREATE TABLE IF NOT EXISTS neutral_tweets (
    id SERIAL PRIMARY KEY,
    roberta_neg NUMERIC,
    roberta_neu NUMERIC,
    roberta_pos NUMERIC,
    author VARCHAR(50),
    content TEXT,
    date_time TIMESTAMP,
    number_of_likes INTEGER,
    number_of_shares INTEGER
);

TRUNCATE TABLE positive_tweets;
TRUNCATE TABLE negative_tweets;
TRUNCATE TABLE neutral_tweets;

[2024-04-30T08:43:47.411+0000] {base.py:84} INFO - Using connection ID 'tweets_localhost' for task execution.
[2024-04-30T08:43:47.422+0000] {base.py:84} INFO - Using connection ID 'tweets_localhost' for task execution.
[2024-04-30T08:43:47.439+0000] {sql.py:457} INFO - Running statement: CREATE TABLE IF NOT EXISTS positive_tweets (
    id SERIAL PRIMARY KEY,
    roberta_neg NUMERIC,
    roberta_neu NUMERIC,
    roberta_pos NUMERIC,
    author VARCHAR(50),
    content TEXT,
    date_time TIMESTAMP,
    number_of_likes INTEGER,
    number_of_shares INTEGER
);

CREATE TABLE IF NOT EXISTS negative_tweets (
    id SERIAL PRIMARY KEY,
    roberta_neg NUMERIC,
    roberta_neu NUMERIC,
    roberta_pos NUMERIC,
    author VARCHAR(50),
    content TEXT,
    date_time TIMESTAMP,
    number_of_likes INTEGER,
    number_of_shares INTEGER
);

CREATE TABLE IF NOT EXISTS neutral_tweets (
    id SERIAL PRIMARY KEY,
    roberta_neg NUMERIC,
    roberta_neu NUMERIC,
    roberta_pos NUMERIC,
    author VARCHAR(50),
    content TEXT,
    date_time TIMESTAMP,
    number_of_likes INTEGER,
    number_of_shares INTEGER
);

TRUNCATE TABLE positive_tweets;
TRUNCATE TABLE negative_tweets;
TRUNCATE TABLE neutral_tweets;
, parameters: None
[2024-04-30T08:43:47.466+0000] {logging_mixin.py:188} WARNING - /home/***/.local/lib/python3.12/site-packages/***/providers/common/sql/hooks/sql.py:407 AirflowProviderDeprecationWarning: Call to deprecated method _make_common_data_structure. (The `_make_serializable` method is deprecated and support will be removed in a future version of the common.sql provider. Please update the DbApiHook's provider to a version based on common.sql >= 1.9.1.)
[2024-04-30T08:43:47.471+0000] {taskinstance.py:441} INFO - ::group::Post task execution logs
[2024-04-30T08:43:47.480+0000] {taskinstance.py:1205} INFO - Marking task as SUCCESS. dag_id=tweets_dag_v3, task_id=init_tweets_db, execution_date=20240430T082921, start_date=20240430T084347, end_date=20240430T084347
[2024-04-30T08:43:47.515+0000] {local_task_job_runner.py:240} INFO - Task exited with return code 0
[2024-04-30T08:43:47.559+0000] {logging_mixin.py:188} WARNING - /home/***/.local/lib/python3.12/site-packages/***/models/baseoperator.py:1296 AirflowProviderDeprecationWarning: Call to deprecated class PostgresOperator. (Please use `***.providers.common.sql.operators.sql.SQLExecuteQueryOperator`.Also, you can provide `hook_params={'schema': <database>}`.)
[2024-04-30T08:43:47.577+0000] {taskinstance.py:3482} INFO - 0 downstream tasks scheduled from follow-on schedule check
[2024-04-30T08:43:47.579+0000] {local_task_job_runner.py:222} INFO - ::endgroup::
