[2024-05-06T07:46:23.134+0000] {local_task_job_runner.py:120} INFO - ::group::Pre task execution logs
[2024-05-06T07:46:23.174+0000] {taskinstance.py:2073} INFO - Dependencies all met for dep_context=non-requeueable deps ti=<TaskInstance: tweets_dag.init_tweets_db manual__2024-05-06T07:46:19.239727+00:00 [queued]>
[2024-05-06T07:46:23.182+0000] {taskinstance.py:2073} INFO - Dependencies all met for dep_context=requeueable deps ti=<TaskInstance: tweets_dag.init_tweets_db manual__2024-05-06T07:46:19.239727+00:00 [queued]>
[2024-05-06T07:46:23.183+0000] {taskinstance.py:2303} INFO - Starting attempt 1 of 6
[2024-05-06T07:46:23.198+0000] {taskinstance.py:2327} INFO - Executing <Task(PostgresOperator): init_tweets_db> on 2024-05-06 07:46:19.239727+00:00
[2024-05-06T07:46:23.210+0000] {standard_task_runner.py:90} INFO - Running: ['***', 'tasks', 'run', 'tweets_dag', 'init_tweets_db', 'manual__2024-05-06T07:46:19.239727+00:00', '--job-id', '166', '--raw', '--subdir', 'DAGS_FOLDER/twitter_data_dag.py', '--cfg-path', '/tmp/tmp_opsquay']
[2024-05-06T07:46:23.213+0000] {standard_task_runner.py:91} INFO - Job 166: Subtask init_tweets_db
[2024-05-06T07:46:23.214+0000] {logging_mixin.py:188} WARNING - /home/***/.local/lib/python3.12/site-packages/***/task/task_runner/standard_task_runner.py:61 DeprecationWarning: This process (pid=1168) is multi-threaded, use of fork() may lead to deadlocks in the child.
[2024-05-06T07:46:23.215+0000] {standard_task_runner.py:63} INFO - Started process 1194 to run task
[2024-05-06T07:46:23.258+0000] {task_command.py:426} INFO - Running <TaskInstance: tweets_dag.init_tweets_db manual__2024-05-06T07:46:19.239727+00:00 [running]> on host bc28b2896df0
[2024-05-06T07:46:23.338+0000] {taskinstance.py:2644} INFO - Exporting env vars: AIRFLOW_CTX_DAG_OWNER='stan' AIRFLOW_CTX_DAG_ID='tweets_dag' AIRFLOW_CTX_TASK_ID='init_tweets_db' AIRFLOW_CTX_EXECUTION_DATE='2024-05-06T07:46:19.239727+00:00' AIRFLOW_CTX_TRY_NUMBER='1' AIRFLOW_CTX_DAG_RUN_ID='manual__2024-05-06T07:46:19.239727+00:00'
[2024-05-06T07:46:23.339+0000] {taskinstance.py:430} INFO - ::endgroup::
[2024-05-06T07:46:23.360+0000] {sql.py:276} INFO - Executing: CREATE TABLE IF NOT EXISTS positive_tweets (
    id SERIAL PRIMARY KEY,
    roberta_neg NUMERIC,
    roberta_neu NUMERIC,
    roberta_pos NUMERIC,
    author VARCHAR(50),
    content TEXT,
    date_time TIMESTAMP,
    number_of_likes INTEGER,
    number_of_shares INTEGER
);

CREATE TABLE IF NOT EXISTS negative_tweets (
    id SERIAL PRIMARY KEY,
    roberta_neg NUMERIC,
    roberta_neu NUMERIC,
    roberta_pos NUMERIC,
    author VARCHAR(50),
    content TEXT,
    date_time TIMESTAMP,
    number_of_likes INTEGER,
    number_of_shares INTEGER
);

CREATE TABLE IF NOT EXISTS neutral_tweets (
    id SERIAL PRIMARY KEY,
    roberta_neg NUMERIC,
    roberta_neu NUMERIC,
    roberta_pos NUMERIC,
    author VARCHAR(50),
    content TEXT,
    date_time TIMESTAMP,
    number_of_likes INTEGER,
    number_of_shares INTEGER
);

TRUNCATE TABLE positive_tweets;
TRUNCATE TABLE negative_tweets;
TRUNCATE TABLE neutral_tweets;

[2024-05-06T07:46:23.369+0000] {base.py:84} INFO - Using connection ID 'postgres_database' for task execution.
[2024-05-06T07:46:23.379+0000] {base.py:84} INFO - Using connection ID 'postgres_database' for task execution.
[2024-05-06T07:46:23.424+0000] {sql.py:457} INFO - Running statement: CREATE TABLE IF NOT EXISTS positive_tweets (
    id SERIAL PRIMARY KEY,
    roberta_neg NUMERIC,
    roberta_neu NUMERIC,
    roberta_pos NUMERIC,
    author VARCHAR(50),
    content TEXT,
    date_time TIMESTAMP,
    number_of_likes INTEGER,
    number_of_shares INTEGER
);

CREATE TABLE IF NOT EXISTS negative_tweets (
    id SERIAL PRIMARY KEY,
    roberta_neg NUMERIC,
    roberta_neu NUMERIC,
    roberta_pos NUMERIC,
    author VARCHAR(50),
    content TEXT,
    date_time TIMESTAMP,
    number_of_likes INTEGER,
    number_of_shares INTEGER
);

CREATE TABLE IF NOT EXISTS neutral_tweets (
    id SERIAL PRIMARY KEY,
    roberta_neg NUMERIC,
    roberta_neu NUMERIC,
    roberta_pos NUMERIC,
    author VARCHAR(50),
    content TEXT,
    date_time TIMESTAMP,
    number_of_likes INTEGER,
    number_of_shares INTEGER
);

TRUNCATE TABLE positive_tweets;
TRUNCATE TABLE negative_tweets;
TRUNCATE TABLE neutral_tweets;
, parameters: None
[2024-05-06T07:46:23.464+0000] {logging_mixin.py:188} WARNING - /home/***/.local/lib/python3.12/site-packages/***/providers/common/sql/hooks/sql.py:407 AirflowProviderDeprecationWarning: Call to deprecated method _make_common_data_structure. (The `_make_serializable` method is deprecated and support will be removed in a future version of the common.sql provider. Please update the DbApiHook's provider to a version based on common.sql >= 1.9.1.)
[2024-05-06T07:46:23.470+0000] {taskinstance.py:441} INFO - ::group::Post task execution logs
[2024-05-06T07:46:23.479+0000] {taskinstance.py:1205} INFO - Marking task as SUCCESS. dag_id=tweets_dag, task_id=init_tweets_db, execution_date=20240506T074619, start_date=20240506T074623, end_date=20240506T074623
[2024-05-06T07:46:23.510+0000] {local_task_job_runner.py:240} INFO - Task exited with return code 0
[2024-05-06T07:46:23.522+0000] {logging_mixin.py:188} WARNING - /home/***/.local/lib/python3.12/site-packages/***/models/baseoperator.py:1296 AirflowProviderDeprecationWarning: Call to deprecated class PostgresOperator. (Please use `***.providers.common.sql.operators.sql.SQLExecuteQueryOperator`.Also, you can provide `hook_params={'schema': <database>}`.)
[2024-05-06T07:46:23.538+0000] {taskinstance.py:3482} INFO - 1 downstream tasks scheduled from follow-on schedule check
[2024-05-06T07:46:23.541+0000] {local_task_job_runner.py:222} INFO - ::endgroup::
