[2024-04-25T14:13:15.213+0000] {local_task_job_runner.py:120} INFO - ::group::Pre task execution logs
[2024-04-25T14:13:15.247+0000] {taskinstance.py:2073} INFO - Dependencies all met for dep_context=non-requeueable deps ti=<TaskInstance: first_dag.first_task manual__2024-04-25T14:13:14.222306+00:00 [queued]>
[2024-04-25T14:13:15.255+0000] {taskinstance.py:2073} INFO - Dependencies all met for dep_context=requeueable deps ti=<TaskInstance: first_dag.first_task manual__2024-04-25T14:13:14.222306+00:00 [queued]>
[2024-04-25T14:13:15.256+0000] {taskinstance.py:2303} INFO - Starting attempt 1 of 6
[2024-04-25T14:13:15.270+0000] {taskinstance.py:2327} INFO - Executing <Task(BashOperator): first_task> on 2024-04-25 14:13:14.222306+00:00
[2024-04-25T14:13:15.276+0000] {standard_task_runner.py:90} INFO - Running: ['***', 'tasks', 'run', 'first_dag', 'first_task', 'manual__2024-04-25T14:13:14.222306+00:00', '--job-id', '3', '--raw', '--subdir', 'DAGS_FOLDER/first_dag.py', '--cfg-path', '/tmp/tmpmao956yn']
[2024-04-25T14:13:15.279+0000] {standard_task_runner.py:91} INFO - Job 3: Subtask first_task
[2024-04-25T14:13:15.281+0000] {logging_mixin.py:188} WARNING - /home/***/.local/lib/python3.12/site-packages/***/task/task_runner/standard_task_runner.py:61 DeprecationWarning: This process (pid=354) is multi-threaded, use of fork() may lead to deadlocks in the child.
[2024-04-25T14:13:15.282+0000] {standard_task_runner.py:63} INFO - Started process 355 to run task
[2024-04-25T14:13:15.326+0000] {task_command.py:426} INFO - Running <TaskInstance: first_dag.first_task manual__2024-04-25T14:13:14.222306+00:00 [running]> on host a1925275d222
[2024-04-25T14:13:15.419+0000] {taskinstance.py:2644} INFO - Exporting env vars: AIRFLOW_CTX_DAG_OWNER='stan' AIRFLOW_CTX_DAG_ID='first_dag' AIRFLOW_CTX_TASK_ID='first_task' AIRFLOW_CTX_EXECUTION_DATE='2024-04-25T14:13:14.222306+00:00' AIRFLOW_CTX_TRY_NUMBER='1' AIRFLOW_CTX_DAG_RUN_ID='manual__2024-04-25T14:13:14.222306+00:00'
[2024-04-25T14:13:15.420+0000] {taskinstance.py:430} INFO - ::endgroup::
[2024-04-25T14:13:15.454+0000] {subprocess.py:63} INFO - Tmp dir root location: /tmp
[2024-04-25T14:13:15.456+0000] {subprocess.py:75} INFO - Running command: ['/usr/bin/bash', '-c', 'echo hello world']
[2024-04-25T14:13:15.463+0000] {subprocess.py:86} INFO - Output:
[2024-04-25T14:13:15.465+0000] {subprocess.py:93} INFO - hello world
[2024-04-25T14:13:15.466+0000] {subprocess.py:97} INFO - Command exited with return code 0
[2024-04-25T14:13:15.467+0000] {taskinstance.py:441} INFO - ::group::Post task execution logs
[2024-04-25T14:13:15.490+0000] {taskinstance.py:1205} INFO - Marking task as SUCCESS. dag_id=first_dag, task_id=first_task, execution_date=20240425T141314, start_date=20240425T141315, end_date=20240425T141315
[2024-04-25T14:13:15.536+0000] {local_task_job_runner.py:240} INFO - Task exited with return code 0
[2024-04-25T14:13:15.552+0000] {taskinstance.py:3482} INFO - 0 downstream tasks scheduled from follow-on schedule check
[2024-04-25T14:13:15.555+0000] {local_task_job_runner.py:222} INFO - ::endgroup::
