[2024-05-06T07:40:48.053+0000] {local_task_job_runner.py:120} INFO - ::group::Pre task execution logs
[2024-05-06T07:40:48.180+0000] {taskinstance.py:2073} INFO - Dependencies all met for dep_context=non-requeueable deps ti=<TaskInstance: tweets_dag_v4.init_tweets_db manual__2024-05-06T07:26:44.121518+00:00 [queued]>
[2024-05-06T07:40:48.227+0000] {taskinstance.py:2073} INFO - Dependencies all met for dep_context=requeueable deps ti=<TaskInstance: tweets_dag_v4.init_tweets_db manual__2024-05-06T07:26:44.121518+00:00 [queued]>
[2024-05-06T07:40:48.232+0000] {taskinstance.py:2303} INFO - Starting attempt 3 of 8
[2024-05-06T07:40:48.293+0000] {taskinstance.py:2327} INFO - Executing <Task(PostgresOperator): init_tweets_db> on 2024-05-06 07:26:44.121518+00:00
[2024-05-06T07:40:48.350+0000] {logging_mixin.py:188} WARNING - /home/***/.local/lib/python3.12/site-packages/***/task/task_runner/standard_task_runner.py:61 DeprecationWarning: This process (pid=320) is multi-threaded, use of fork() may lead to deadlocks in the child.
[2024-05-06T07:40:48.329+0000] {standard_task_runner.py:90} INFO - Running: ['***', 'tasks', 'run', 'tweets_dag_v4', 'init_tweets_db', 'manual__2024-05-06T07:26:44.121518+00:00', '--job-id', '152', '--raw', '--subdir', 'DAGS_FOLDER/twitter_data_dag.py', '--cfg-path', '/tmp/tmp6fr_ca05']
[2024-05-06T07:40:48.360+0000] {standard_task_runner.py:91} INFO - Job 152: Subtask init_tweets_db
[2024-05-06T07:40:48.355+0000] {standard_task_runner.py:63} INFO - Started process 493 to run task
[2024-05-06T07:40:48.642+0000] {task_command.py:426} INFO - Running <TaskInstance: tweets_dag_v4.init_tweets_db manual__2024-05-06T07:26:44.121518+00:00 [running]> on host bc28b2896df0
[2024-05-06T07:40:49.023+0000] {taskinstance.py:2644} INFO - Exporting env vars: AIRFLOW_CTX_DAG_OWNER='stan' AIRFLOW_CTX_DAG_ID='tweets_dag_v4' AIRFLOW_CTX_TASK_ID='init_tweets_db' AIRFLOW_CTX_EXECUTION_DATE='2024-05-06T07:26:44.121518+00:00' AIRFLOW_CTX_TRY_NUMBER='3' AIRFLOW_CTX_DAG_RUN_ID='manual__2024-05-06T07:26:44.121518+00:00'
[2024-05-06T07:40:49.034+0000] {taskinstance.py:430} INFO - ::endgroup::
[2024-05-06T07:40:49.091+0000] {sql.py:276} INFO - Executing: CREATE TABLE IF NOT EXISTS positive_tweets (
    id SERIAL PRIMARY KEY,
    roberta_neg NUMERIC,
    roberta_neu NUMERIC,
    roberta_pos NUMERIC,
    author VARCHAR(50),
    content TEXT,
    date_time TIMESTAMP,
    number_of_likes INTEGER,
    number_of_shares INTEGER
);

CREATE TABLE IF NOT EXISTS negative_tweets (
    id SERIAL PRIMARY KEY,
    roberta_neg NUMERIC,
    roberta_neu NUMERIC,
    roberta_pos NUMERIC,
    author VARCHAR(50),
    content TEXT,
    date_time TIMESTAMP,
    number_of_likes INTEGER,
    number_of_shares INTEGER
);

CREATE TABLE IF NOT EXISTS neutral_tweets (
    id SERIAL PRIMARY KEY,
    roberta_neg NUMERIC,
    roberta_neu NUMERIC,
    roberta_pos NUMERIC,
    author VARCHAR(50),
    content TEXT,
    date_time TIMESTAMP,
    number_of_likes INTEGER,
    number_of_shares INTEGER
);

TRUNCATE TABLE positive_tweets;
TRUNCATE TABLE negative_tweets;
TRUNCATE TABLE neutral_tweets;

[2024-05-06T07:40:49.137+0000] {base.py:84} INFO - Using connection ID 'postgres_database' for task execution.
[2024-05-06T07:40:49.170+0000] {base.py:84} INFO - Using connection ID 'postgres_database' for task execution.
[2024-05-06T07:40:49.209+0000] {sql.py:457} INFO - Running statement: CREATE TABLE IF NOT EXISTS positive_tweets (
    id SERIAL PRIMARY KEY,
    roberta_neg NUMERIC,
    roberta_neu NUMERIC,
    roberta_pos NUMERIC,
    author VARCHAR(50),
    content TEXT,
    date_time TIMESTAMP,
    number_of_likes INTEGER,
    number_of_shares INTEGER
);

CREATE TABLE IF NOT EXISTS negative_tweets (
    id SERIAL PRIMARY KEY,
    roberta_neg NUMERIC,
    roberta_neu NUMERIC,
    roberta_pos NUMERIC,
    author VARCHAR(50),
    content TEXT,
    date_time TIMESTAMP,
    number_of_likes INTEGER,
    number_of_shares INTEGER
);

CREATE TABLE IF NOT EXISTS neutral_tweets (
    id SERIAL PRIMARY KEY,
    roberta_neg NUMERIC,
    roberta_neu NUMERIC,
    roberta_pos NUMERIC,
    author VARCHAR(50),
    content TEXT,
    date_time TIMESTAMP,
    number_of_likes INTEGER,
    number_of_shares INTEGER
);

TRUNCATE TABLE positive_tweets;
TRUNCATE TABLE negative_tweets;
TRUNCATE TABLE neutral_tweets;
, parameters: None
[2024-05-06T07:40:49.736+0000] {logging_mixin.py:188} WARNING - /home/***/.local/lib/python3.12/site-packages/***/providers/common/sql/hooks/sql.py:407 AirflowProviderDeprecationWarning: Call to deprecated method _make_common_data_structure. (The `_make_serializable` method is deprecated and support will be removed in a future version of the common.sql provider. Please update the DbApiHook's provider to a version based on common.sql >= 1.9.1.)
[2024-05-06T07:40:49.752+0000] {taskinstance.py:441} INFO - ::group::Post task execution logs
[2024-05-06T07:40:49.782+0000] {taskinstance.py:1205} INFO - Marking task as SUCCESS. dag_id=tweets_dag_v4, task_id=init_tweets_db, execution_date=20240506T072644, start_date=20240506T074048, end_date=20240506T074049
[2024-05-06T07:40:49.873+0000] {local_task_job_runner.py:240} INFO - Task exited with return code 0
[2024-05-06T07:40:50.020+0000] {logging_mixin.py:188} WARNING - /home/***/.local/lib/python3.12/site-packages/***/models/baseoperator.py:1296 AirflowProviderDeprecationWarning: Call to deprecated class PostgresOperator. (Please use `***.providers.common.sql.operators.sql.SQLExecuteQueryOperator`.Also, you can provide `hook_params={'schema': <database>}`.)
[2024-05-06T07:40:50.045+0000] {taskinstance.py:3482} INFO - 0 downstream tasks scheduled from follow-on schedule check
[2024-05-06T07:40:50.051+0000] {local_task_job_runner.py:222} INFO - ::endgroup::
