[2024-04-27T09:10:06.414+0000] {processor.py:161} INFO - Started process (PID=2344) to work on /opt/airflow/dags/extract_transform.py
[2024-04-27T09:10:06.424+0000] {processor.py:830} INFO - Processing file /opt/airflow/dags/extract_transform.py for tasks to queue
[2024-04-27T09:10:06.444+0000] {logging_mixin.py:188} INFO - [2024-04-27T09:10:06.432+0000] {dagbag.py:540} INFO - Filling up the DagBag from /opt/airflow/dags/extract_transform.py
[2024-04-27T09:10:19.263+0000] {processor.py:842} WARNING - No viable dags retrieved from /opt/airflow/dags/extract_transform.py
[2024-04-27T09:10:19.294+0000] {processor.py:183} INFO - Processing /opt/airflow/dags/extract_transform.py took 13.151 seconds
[2024-04-27T09:10:50.454+0000] {processor.py:161} INFO - Started process (PID=2492) to work on /opt/airflow/dags/extract_transform.py
[2024-04-27T09:10:50.459+0000] {processor.py:830} INFO - Processing file /opt/airflow/dags/extract_transform.py for tasks to queue
[2024-04-27T09:10:50.474+0000] {logging_mixin.py:188} INFO - [2024-04-27T09:10:50.462+0000] {dagbag.py:540} INFO - Filling up the DagBag from /opt/airflow/dags/extract_transform.py
[2024-04-27T09:11:07.518+0000] {processor.py:842} WARNING - No viable dags retrieved from /opt/airflow/dags/extract_transform.py
[2024-04-27T09:11:07.559+0000] {processor.py:183} INFO - Processing /opt/airflow/dags/extract_transform.py took 17.190 seconds
[2024-04-27T09:11:38.353+0000] {processor.py:161} INFO - Started process (PID=2554) to work on /opt/airflow/dags/extract_transform.py
[2024-04-27T09:11:38.358+0000] {processor.py:830} INFO - Processing file /opt/airflow/dags/extract_transform.py for tasks to queue
[2024-04-27T09:11:38.368+0000] {logging_mixin.py:188} INFO - [2024-04-27T09:11:38.368+0000] {dagbag.py:540} INFO - Filling up the DagBag from /opt/airflow/dags/extract_transform.py
[2024-04-27T09:11:43.755+0000] {processor.py:842} WARNING - No viable dags retrieved from /opt/airflow/dags/extract_transform.py
[2024-04-27T09:11:43.783+0000] {processor.py:183} INFO - Processing /opt/airflow/dags/extract_transform.py took 5.444 seconds
[2024-04-27T09:12:13.897+0000] {processor.py:161} INFO - Started process (PID=2594) to work on /opt/airflow/dags/extract_transform.py
[2024-04-27T09:12:13.898+0000] {processor.py:830} INFO - Processing file /opt/airflow/dags/extract_transform.py for tasks to queue
[2024-04-27T09:12:13.899+0000] {logging_mixin.py:188} INFO - [2024-04-27T09:12:13.899+0000] {dagbag.py:540} INFO - Filling up the DagBag from /opt/airflow/dags/extract_transform.py
[2024-04-27T09:12:16.427+0000] {processor.py:842} WARNING - No viable dags retrieved from /opt/airflow/dags/extract_transform.py
[2024-04-27T09:12:16.440+0000] {processor.py:183} INFO - Processing /opt/airflow/dags/extract_transform.py took 2.550 seconds
[2024-04-27T09:12:46.690+0000] {processor.py:161} INFO - Started process (PID=2634) to work on /opt/airflow/dags/extract_transform.py
[2024-04-27T09:12:46.691+0000] {processor.py:830} INFO - Processing file /opt/airflow/dags/extract_transform.py for tasks to queue
[2024-04-27T09:12:46.692+0000] {logging_mixin.py:188} INFO - [2024-04-27T09:12:46.692+0000] {dagbag.py:540} INFO - Filling up the DagBag from /opt/airflow/dags/extract_transform.py
[2024-04-27T09:12:49.505+0000] {processor.py:842} WARNING - No viable dags retrieved from /opt/airflow/dags/extract_transform.py
[2024-04-27T09:12:49.524+0000] {processor.py:183} INFO - Processing /opt/airflow/dags/extract_transform.py took 2.842 seconds
[2024-04-27T09:13:19.822+0000] {processor.py:161} INFO - Started process (PID=2674) to work on /opt/airflow/dags/extract_transform.py
[2024-04-27T09:13:19.824+0000] {processor.py:830} INFO - Processing file /opt/airflow/dags/extract_transform.py for tasks to queue
[2024-04-27T09:13:19.827+0000] {logging_mixin.py:188} INFO - [2024-04-27T09:13:19.826+0000] {dagbag.py:540} INFO - Filling up the DagBag from /opt/airflow/dags/extract_transform.py
[2024-04-27T09:13:22.713+0000] {processor.py:842} WARNING - No viable dags retrieved from /opt/airflow/dags/extract_transform.py
[2024-04-27T09:13:22.730+0000] {processor.py:183} INFO - Processing /opt/airflow/dags/extract_transform.py took 2.924 seconds
[2024-04-27T09:13:53.207+0000] {processor.py:161} INFO - Started process (PID=2720) to work on /opt/airflow/dags/extract_transform.py
[2024-04-27T09:13:53.208+0000] {processor.py:830} INFO - Processing file /opt/airflow/dags/extract_transform.py for tasks to queue
[2024-04-27T09:13:53.209+0000] {logging_mixin.py:188} INFO - [2024-04-27T09:13:53.209+0000] {dagbag.py:540} INFO - Filling up the DagBag from /opt/airflow/dags/extract_transform.py
[2024-04-27T09:13:55.592+0000] {processor.py:842} WARNING - No viable dags retrieved from /opt/airflow/dags/extract_transform.py
[2024-04-27T09:13:55.609+0000] {processor.py:183} INFO - Processing /opt/airflow/dags/extract_transform.py took 2.409 seconds
[2024-04-27T09:14:25.845+0000] {processor.py:161} INFO - Started process (PID=2760) to work on /opt/airflow/dags/extract_transform.py
[2024-04-27T09:14:25.846+0000] {processor.py:830} INFO - Processing file /opt/airflow/dags/extract_transform.py for tasks to queue
[2024-04-27T09:14:25.848+0000] {logging_mixin.py:188} INFO - [2024-04-27T09:14:25.847+0000] {dagbag.py:540} INFO - Filling up the DagBag from /opt/airflow/dags/extract_transform.py
[2024-04-27T09:14:28.157+0000] {processor.py:842} WARNING - No viable dags retrieved from /opt/airflow/dags/extract_transform.py
[2024-04-27T09:14:28.171+0000] {processor.py:183} INFO - Processing /opt/airflow/dags/extract_transform.py took 2.333 seconds
[2024-04-27T09:14:43.324+0000] {processor.py:161} INFO - Started process (PID=2794) to work on /opt/airflow/dags/extract_transform.py
[2024-04-27T09:14:43.325+0000] {processor.py:830} INFO - Processing file /opt/airflow/dags/extract_transform.py for tasks to queue
[2024-04-27T09:14:43.326+0000] {logging_mixin.py:188} INFO - [2024-04-27T09:14:43.326+0000] {dagbag.py:540} INFO - Filling up the DagBag from /opt/airflow/dags/extract_transform.py
[2024-04-27T09:14:45.697+0000] {processor.py:842} WARNING - No viable dags retrieved from /opt/airflow/dags/extract_transform.py
[2024-04-27T09:14:45.711+0000] {processor.py:183} INFO - Processing /opt/airflow/dags/extract_transform.py took 2.394 seconds
[2024-04-27T09:15:22.364+0000] {processor.py:161} INFO - Started process (PID=3119) to work on /opt/airflow/dags/extract_transform.py
[2024-04-27T09:15:22.372+0000] {processor.py:830} INFO - Processing file /opt/airflow/dags/extract_transform.py for tasks to queue
[2024-04-27T09:15:22.393+0000] {logging_mixin.py:188} INFO - [2024-04-27T09:15:22.381+0000] {dagbag.py:540} INFO - Filling up the DagBag from /opt/airflow/dags/extract_transform.py
[2024-04-27T09:15:37.497+0000] {processor.py:842} WARNING - No viable dags retrieved from /opt/airflow/dags/extract_transform.py
[2024-04-27T09:15:37.525+0000] {processor.py:183} INFO - Processing /opt/airflow/dags/extract_transform.py took 18.474 seconds
[2024-04-27T09:16:08.225+0000] {processor.py:161} INFO - Started process (PID=3242) to work on /opt/airflow/dags/extract_transform.py
[2024-04-27T09:16:08.229+0000] {processor.py:830} INFO - Processing file /opt/airflow/dags/extract_transform.py for tasks to queue
[2024-04-27T09:16:08.231+0000] {logging_mixin.py:188} INFO - [2024-04-27T09:16:08.230+0000] {dagbag.py:540} INFO - Filling up the DagBag from /opt/airflow/dags/extract_transform.py
[2024-04-27T09:16:14.678+0000] {processor.py:842} WARNING - No viable dags retrieved from /opt/airflow/dags/extract_transform.py
[2024-04-27T09:16:14.695+0000] {processor.py:183} INFO - Processing /opt/airflow/dags/extract_transform.py took 6.483 seconds
[2024-04-27T09:16:45.500+0000] {processor.py:161} INFO - Started process (PID=3282) to work on /opt/airflow/dags/extract_transform.py
[2024-04-27T09:16:45.501+0000] {processor.py:830} INFO - Processing file /opt/airflow/dags/extract_transform.py for tasks to queue
[2024-04-27T09:16:45.503+0000] {logging_mixin.py:188} INFO - [2024-04-27T09:16:45.502+0000] {dagbag.py:540} INFO - Filling up the DagBag from /opt/airflow/dags/extract_transform.py
[2024-04-27T09:16:48.193+0000] {processor.py:842} WARNING - No viable dags retrieved from /opt/airflow/dags/extract_transform.py
[2024-04-27T09:16:48.209+0000] {processor.py:183} INFO - Processing /opt/airflow/dags/extract_transform.py took 2.718 seconds
[2024-04-27T09:17:18.480+0000] {processor.py:161} INFO - Started process (PID=3322) to work on /opt/airflow/dags/extract_transform.py
[2024-04-27T09:17:18.482+0000] {processor.py:830} INFO - Processing file /opt/airflow/dags/extract_transform.py for tasks to queue
[2024-04-27T09:17:18.483+0000] {logging_mixin.py:188} INFO - [2024-04-27T09:17:18.482+0000] {dagbag.py:540} INFO - Filling up the DagBag from /opt/airflow/dags/extract_transform.py
[2024-04-27T09:17:20.955+0000] {processor.py:842} WARNING - No viable dags retrieved from /opt/airflow/dags/extract_transform.py
[2024-04-27T09:17:20.972+0000] {processor.py:183} INFO - Processing /opt/airflow/dags/extract_transform.py took 2.499 seconds
[2024-04-27T09:17:51.209+0000] {processor.py:161} INFO - Started process (PID=3362) to work on /opt/airflow/dags/extract_transform.py
[2024-04-27T09:17:51.211+0000] {processor.py:830} INFO - Processing file /opt/airflow/dags/extract_transform.py for tasks to queue
[2024-04-27T09:17:51.212+0000] {logging_mixin.py:188} INFO - [2024-04-27T09:17:51.212+0000] {dagbag.py:540} INFO - Filling up the DagBag from /opt/airflow/dags/extract_transform.py
[2024-04-27T09:17:53.877+0000] {processor.py:842} WARNING - No viable dags retrieved from /opt/airflow/dags/extract_transform.py
[2024-04-27T09:17:53.889+0000] {processor.py:183} INFO - Processing /opt/airflow/dags/extract_transform.py took 2.689 seconds
[2024-04-27T09:18:24.147+0000] {processor.py:161} INFO - Started process (PID=3409) to work on /opt/airflow/dags/extract_transform.py
[2024-04-27T09:18:24.149+0000] {processor.py:830} INFO - Processing file /opt/airflow/dags/extract_transform.py for tasks to queue
[2024-04-27T09:18:24.150+0000] {logging_mixin.py:188} INFO - [2024-04-27T09:18:24.149+0000] {dagbag.py:540} INFO - Filling up the DagBag from /opt/airflow/dags/extract_transform.py
[2024-04-27T09:18:26.693+0000] {processor.py:842} WARNING - No viable dags retrieved from /opt/airflow/dags/extract_transform.py
[2024-04-27T09:18:26.707+0000] {processor.py:183} INFO - Processing /opt/airflow/dags/extract_transform.py took 2.566 seconds
[2024-04-27T09:18:56.964+0000] {processor.py:161} INFO - Started process (PID=3449) to work on /opt/airflow/dags/extract_transform.py
[2024-04-27T09:18:56.966+0000] {processor.py:830} INFO - Processing file /opt/airflow/dags/extract_transform.py for tasks to queue
[2024-04-27T09:18:56.968+0000] {logging_mixin.py:188} INFO - [2024-04-27T09:18:56.967+0000] {dagbag.py:540} INFO - Filling up the DagBag from /opt/airflow/dags/extract_transform.py
[2024-04-27T09:18:59.732+0000] {processor.py:842} WARNING - No viable dags retrieved from /opt/airflow/dags/extract_transform.py
[2024-04-27T09:18:59.746+0000] {processor.py:183} INFO - Processing /opt/airflow/dags/extract_transform.py took 2.792 seconds
[2024-04-27T09:19:30.299+0000] {processor.py:161} INFO - Started process (PID=3489) to work on /opt/airflow/dags/extract_transform.py
[2024-04-27T09:19:30.300+0000] {processor.py:830} INFO - Processing file /opt/airflow/dags/extract_transform.py for tasks to queue
[2024-04-27T09:19:30.301+0000] {logging_mixin.py:188} INFO - [2024-04-27T09:19:30.301+0000] {dagbag.py:540} INFO - Filling up the DagBag from /opt/airflow/dags/extract_transform.py
[2024-04-27T09:19:32.741+0000] {processor.py:842} WARNING - No viable dags retrieved from /opt/airflow/dags/extract_transform.py
[2024-04-27T09:19:32.754+0000] {processor.py:183} INFO - Processing /opt/airflow/dags/extract_transform.py took 2.462 seconds
[2024-04-27T09:19:41.816+0000] {processor.py:161} INFO - Started process (PID=3510) to work on /opt/airflow/dags/extract_transform.py
[2024-04-27T09:19:41.817+0000] {processor.py:830} INFO - Processing file /opt/airflow/dags/extract_transform.py for tasks to queue
[2024-04-27T09:19:41.819+0000] {logging_mixin.py:188} INFO - [2024-04-27T09:19:41.818+0000] {dagbag.py:540} INFO - Filling up the DagBag from /opt/airflow/dags/extract_transform.py
[2024-04-27T09:19:44.291+0000] {processor.py:842} WARNING - No viable dags retrieved from /opt/airflow/dags/extract_transform.py
[2024-04-27T09:19:44.308+0000] {processor.py:183} INFO - Processing /opt/airflow/dags/extract_transform.py took 2.499 seconds
[2024-04-27T09:20:11.121+0000] {processor.py:161} INFO - Started process (PID=3546) to work on /opt/airflow/dags/extract_transform.py
[2024-04-27T09:20:11.123+0000] {processor.py:830} INFO - Processing file /opt/airflow/dags/extract_transform.py for tasks to queue
[2024-04-27T09:20:11.124+0000] {logging_mixin.py:188} INFO - [2024-04-27T09:20:11.124+0000] {dagbag.py:540} INFO - Filling up the DagBag from /opt/airflow/dags/extract_transform.py
[2024-04-27T09:20:13.505+0000] {processor.py:842} WARNING - No viable dags retrieved from /opt/airflow/dags/extract_transform.py
[2024-04-27T09:20:13.518+0000] {processor.py:183} INFO - Processing /opt/airflow/dags/extract_transform.py took 2.404 seconds
[2024-04-27T09:20:43.759+0000] {processor.py:161} INFO - Started process (PID=3588) to work on /opt/airflow/dags/extract_transform.py
[2024-04-27T09:20:43.760+0000] {processor.py:830} INFO - Processing file /opt/airflow/dags/extract_transform.py for tasks to queue
[2024-04-27T09:20:43.762+0000] {logging_mixin.py:188} INFO - [2024-04-27T09:20:43.761+0000] {dagbag.py:540} INFO - Filling up the DagBag from /opt/airflow/dags/extract_transform.py
[2024-04-27T09:20:46.263+0000] {processor.py:842} WARNING - No viable dags retrieved from /opt/airflow/dags/extract_transform.py
[2024-04-27T09:20:46.278+0000] {processor.py:183} INFO - Processing /opt/airflow/dags/extract_transform.py took 2.526 seconds
[2024-04-27T09:20:58.329+0000] {processor.py:161} INFO - Started process (PID=3690) to work on /opt/airflow/dags/extract_transform.py
[2024-04-27T09:20:58.332+0000] {processor.py:830} INFO - Processing file /opt/airflow/dags/extract_transform.py for tasks to queue
[2024-04-27T09:20:58.334+0000] {logging_mixin.py:188} INFO - [2024-04-27T09:20:58.333+0000] {dagbag.py:540} INFO - Filling up the DagBag from /opt/airflow/dags/extract_transform.py
[2024-04-27T09:21:01.649+0000] {processor.py:842} WARNING - No viable dags retrieved from /opt/airflow/dags/extract_transform.py
[2024-04-27T09:21:01.663+0000] {processor.py:183} INFO - Processing /opt/airflow/dags/extract_transform.py took 3.357 seconds
[2024-04-27T09:21:31.904+0000] {processor.py:161} INFO - Started process (PID=3744) to work on /opt/airflow/dags/extract_transform.py
[2024-04-27T09:21:31.905+0000] {processor.py:830} INFO - Processing file /opt/airflow/dags/extract_transform.py for tasks to queue
[2024-04-27T09:21:31.906+0000] {logging_mixin.py:188} INFO - [2024-04-27T09:21:31.906+0000] {dagbag.py:540} INFO - Filling up the DagBag from /opt/airflow/dags/extract_transform.py
[2024-04-27T09:21:35.524+0000] {processor.py:842} WARNING - No viable dags retrieved from /opt/airflow/dags/extract_transform.py
[2024-04-27T09:21:35.538+0000] {processor.py:183} INFO - Processing /opt/airflow/dags/extract_transform.py took 3.641 seconds
[2024-04-27T09:22:05.772+0000] {processor.py:161} INFO - Started process (PID=3802) to work on /opt/airflow/dags/extract_transform.py
[2024-04-27T09:22:05.774+0000] {processor.py:830} INFO - Processing file /opt/airflow/dags/extract_transform.py for tasks to queue
[2024-04-27T09:22:05.775+0000] {logging_mixin.py:188} INFO - [2024-04-27T09:22:05.775+0000] {dagbag.py:540} INFO - Filling up the DagBag from /opt/airflow/dags/extract_transform.py
[2024-04-27T09:22:08.052+0000] {processor.py:842} WARNING - No viable dags retrieved from /opt/airflow/dags/extract_transform.py
[2024-04-27T09:22:08.068+0000] {processor.py:183} INFO - Processing /opt/airflow/dags/extract_transform.py took 2.303 seconds
[2024-04-27T09:22:32.284+0000] {processor.py:161} INFO - Started process (PID=3842) to work on /opt/airflow/dags/extract_transform.py
[2024-04-27T09:22:32.286+0000] {processor.py:830} INFO - Processing file /opt/airflow/dags/extract_transform.py for tasks to queue
[2024-04-27T09:22:32.287+0000] {logging_mixin.py:188} INFO - [2024-04-27T09:22:32.286+0000] {dagbag.py:540} INFO - Filling up the DagBag from /opt/airflow/dags/extract_transform.py
[2024-04-27T09:22:34.691+0000] {processor.py:842} WARNING - No viable dags retrieved from /opt/airflow/dags/extract_transform.py
[2024-04-27T09:22:34.709+0000] {processor.py:183} INFO - Processing /opt/airflow/dags/extract_transform.py took 2.432 seconds
[2024-04-27T09:23:04.944+0000] {processor.py:161} INFO - Started process (PID=3882) to work on /opt/airflow/dags/extract_transform.py
[2024-04-27T09:23:04.945+0000] {processor.py:830} INFO - Processing file /opt/airflow/dags/extract_transform.py for tasks to queue
[2024-04-27T09:23:04.947+0000] {logging_mixin.py:188} INFO - [2024-04-27T09:23:04.946+0000] {dagbag.py:540} INFO - Filling up the DagBag from /opt/airflow/dags/extract_transform.py
[2024-04-27T09:23:07.254+0000] {processor.py:842} WARNING - No viable dags retrieved from /opt/airflow/dags/extract_transform.py
[2024-04-27T09:23:07.268+0000] {processor.py:183} INFO - Processing /opt/airflow/dags/extract_transform.py took 2.331 seconds
[2024-04-27T09:23:37.511+0000] {processor.py:161} INFO - Started process (PID=3922) to work on /opt/airflow/dags/extract_transform.py
[2024-04-27T09:23:37.512+0000] {processor.py:830} INFO - Processing file /opt/airflow/dags/extract_transform.py for tasks to queue
[2024-04-27T09:23:37.513+0000] {logging_mixin.py:188} INFO - [2024-04-27T09:23:37.513+0000] {dagbag.py:540} INFO - Filling up the DagBag from /opt/airflow/dags/extract_transform.py
