[2024-04-26T07:37:45.366+0000] {local_task_job_runner.py:120} INFO - ::group::Pre task execution logs
[2024-04-26T07:37:45.399+0000] {taskinstance.py:2073} INFO - Dependencies all met for dep_context=non-requeueable deps ti=<TaskInstance: first_python_dag_v2.greet manual__2024-04-26T07:37:43.167419+00:00 [queued]>
[2024-04-26T07:37:45.409+0000] {taskinstance.py:2073} INFO - Dependencies all met for dep_context=requeueable deps ti=<TaskInstance: first_python_dag_v2.greet manual__2024-04-26T07:37:43.167419+00:00 [queued]>
[2024-04-26T07:37:45.410+0000] {taskinstance.py:2303} INFO - Starting attempt 1 of 6
[2024-04-26T07:37:45.425+0000] {taskinstance.py:2327} INFO - Executing <Task(PythonOperator): greet> on 2024-04-26 07:37:43.167419+00:00
[2024-04-26T07:37:45.431+0000] {standard_task_runner.py:90} INFO - Running: ['***', 'tasks', 'run', 'first_python_dag_v2', 'greet', 'manual__2024-04-26T07:37:43.167419+00:00', '--job-id', '11', '--raw', '--subdir', 'DAGS_FOLDER/python_dag.py', '--cfg-path', '/tmp/tmph1x67dfb']
[2024-04-26T07:37:45.434+0000] {standard_task_runner.py:91} INFO - Job 11: Subtask greet
[2024-04-26T07:37:45.436+0000] {logging_mixin.py:188} WARNING - /home/***/.local/lib/python3.12/site-packages/***/task/task_runner/standard_task_runner.py:61 DeprecationWarning: This process (pid=755) is multi-threaded, use of fork() may lead to deadlocks in the child.
[2024-04-26T07:37:45.437+0000] {standard_task_runner.py:63} INFO - Started process 756 to run task
[2024-04-26T07:37:45.483+0000] {task_command.py:426} INFO - Running <TaskInstance: first_python_dag_v2.greet manual__2024-04-26T07:37:43.167419+00:00 [running]> on host a1925275d222
[2024-04-26T07:37:45.570+0000] {taskinstance.py:2644} INFO - Exporting env vars: AIRFLOW_CTX_DAG_OWNER='stan' AIRFLOW_CTX_DAG_ID='first_python_dag_v2' AIRFLOW_CTX_TASK_ID='greet' AIRFLOW_CTX_EXECUTION_DATE='2024-04-26T07:37:43.167419+00:00' AIRFLOW_CTX_TRY_NUMBER='1' AIRFLOW_CTX_DAG_RUN_ID='manual__2024-04-26T07:37:43.167419+00:00'
[2024-04-26T07:37:45.571+0000] {taskinstance.py:430} INFO - ::endgroup::
[2024-04-26T07:37:45.583+0000] {taskinstance.py:441} INFO - ::group::Post task execution logs
[2024-04-26T07:37:45.584+0000] {taskinstance.py:2890} ERROR - Task failed with exception
Traceback (most recent call last):
  File "/home/airflow/.local/lib/python3.12/site-packages/airflow/models/taskinstance.py", line 465, in _execute_task
    result = _execute_callable(context=context, **execute_callable_kwargs)
             ^^^^^^^^^^^^^^^^^^^^^^^^^^^^^^^^^^^^^^^^^^^^^^^^^^^^^^^^^^^^^
  File "/home/airflow/.local/lib/python3.12/site-packages/airflow/models/taskinstance.py", line 432, in _execute_callable
    return execute_callable(context=context, **execute_callable_kwargs)
           ^^^^^^^^^^^^^^^^^^^^^^^^^^^^^^^^^^^^^^^^^^^^^^^^^^^^^^^^^^^^
  File "/home/airflow/.local/lib/python3.12/site-packages/airflow/models/baseoperator.py", line 400, in wrapper
    return func(self, *args, **kwargs)
           ^^^^^^^^^^^^^^^^^^^^^^^^^^^
  File "/home/airflow/.local/lib/python3.12/site-packages/airflow/operators/python.py", line 235, in execute
    return_value = self.execute_callable()
                   ^^^^^^^^^^^^^^^^^^^^^^^
  File "/home/airflow/.local/lib/python3.12/site-packages/airflow/operators/python.py", line 252, in execute_callable
    return self.python_callable(*self.op_args, **self.op_kwargs)
           ^^^^^^^^^^^^^^^^^^^^^^^^^^^^^^^^^^^^^^^^^^^^^^^^^^^^^
  File "/opt/airflow/dags/python_dag.py", line 13, in greet
    name = ti.xcoms_pull(task_ids='get_name')
           ^^^^^^^^^^^^^
AttributeError: 'TaskInstance' object has no attribute 'xcoms_pull'. Did you mean: 'xcom_pull'?
[2024-04-26T07:37:45.601+0000] {taskinstance.py:1205} INFO - Marking task as UP_FOR_RETRY. dag_id=first_python_dag_v2, task_id=greet, execution_date=20240426T073743, start_date=20240426T073745, end_date=20240426T073745
[2024-04-26T07:37:45.613+0000] {standard_task_runner.py:110} ERROR - Failed to execute job 11 for task greet ('TaskInstance' object has no attribute 'xcoms_pull'; 756)
[2024-04-26T07:37:45.652+0000] {local_task_job_runner.py:240} INFO - Task exited with return code 1
[2024-04-26T07:37:45.668+0000] {taskinstance.py:3482} INFO - 0 downstream tasks scheduled from follow-on schedule check
[2024-04-26T07:37:45.671+0000] {local_task_job_runner.py:222} INFO - ::endgroup::
