[2024-04-27T09:14:54.569+0000] {local_task_job_runner.py:120} INFO - ::group::Pre task execution logs
[2024-04-27T09:14:54.611+0000] {taskinstance.py:2063} INFO - Dependencies not met for <TaskInstance: tweets_dag_v2.execute_python_script scheduled__2024-04-26T00:00:00+00:00 [None]>, dependency 'Trigger Rule' FAILED: Task's trigger rule 'all_success' requires all upstream tasks to have succeeded, but found 1 non-success(es). upstream_states=_UpstreamTIStates(success=0, skipped=0, failed=0, upstream_failed=0, removed=0, done=0, success_setup=0, skipped_setup=0), upstream_task_ids={'init_tweets_db'}
[2024-04-27T09:14:54.614+0000] {local_task_job_runner.py:163} INFO - Task is not able to be run
[2024-04-27T09:15:09.313+0000] {local_task_job_runner.py:120} INFO - ::group::Pre task execution logs
[2024-04-27T09:15:09.381+0000] {taskinstance.py:2073} INFO - Dependencies all met for dep_context=non-requeueable deps ti=<TaskInstance: tweets_dag_v2.execute_python_script scheduled__2024-04-26T00:00:00+00:00 [queued]>
[2024-04-27T09:15:09.401+0000] {taskinstance.py:2073} INFO - Dependencies all met for dep_context=requeueable deps ti=<TaskInstance: tweets_dag_v2.execute_python_script scheduled__2024-04-26T00:00:00+00:00 [queued]>
[2024-04-27T09:15:09.403+0000] {taskinstance.py:2303} INFO - Starting attempt 9 of 14
[2024-04-27T09:15:09.433+0000] {taskinstance.py:2327} INFO - Executing <Task(PythonOperator): execute_python_script> on 2024-04-26 00:00:00+00:00
[2024-04-27T09:15:09.454+0000] {standard_task_runner.py:90} INFO - Running: ['***', 'tasks', 'run', 'tweets_dag_v2', 'execute_python_script', 'scheduled__2024-04-26T00:00:00+00:00', '--job-id', '100', '--raw', '--subdir', 'DAGS_FOLDER/twitter_data_dag.py', '--cfg-path', '/tmp/tmpvwj3it3g']
[2024-04-27T09:15:09.456+0000] {logging_mixin.py:188} WARNING - /home/***/.local/lib/python3.12/site-packages/***/task/task_runner/standard_task_runner.py:61 DeprecationWarning: This process (pid=2942) is multi-threaded, use of fork() may lead to deadlocks in the child.
[2024-04-27T09:15:09.459+0000] {standard_task_runner.py:91} INFO - Job 100: Subtask execute_python_script
[2024-04-27T09:15:09.459+0000] {standard_task_runner.py:63} INFO - Started process 3057 to run task
[2024-04-27T09:15:09.558+0000] {task_command.py:426} INFO - Running <TaskInstance: tweets_dag_v2.execute_python_script scheduled__2024-04-26T00:00:00+00:00 [running]> on host cd57c070245a
[2024-04-27T09:15:09.714+0000] {taskinstance.py:2644} INFO - Exporting env vars: AIRFLOW_CTX_DAG_OWNER='stan' AIRFLOW_CTX_DAG_ID='tweets_dag_v2' AIRFLOW_CTX_TASK_ID='execute_python_script' AIRFLOW_CTX_EXECUTION_DATE='2024-04-26T00:00:00+00:00' AIRFLOW_CTX_TRY_NUMBER='9' AIRFLOW_CTX_DAG_RUN_ID='scheduled__2024-04-26T00:00:00+00:00'
[2024-04-27T09:15:09.716+0000] {taskinstance.py:430} INFO - ::endgroup::
[2024-04-27T09:16:41.042+0000] {python.py:237} INFO - Done. Returned value was: None
[2024-04-27T09:16:41.056+0000] {taskinstance.py:441} INFO - ::group::Post task execution logs
[2024-04-27T09:16:41.116+0000] {taskinstance.py:1205} INFO - Marking task as SUCCESS. dag_id=tweets_dag_v2, task_id=execute_python_script, execution_date=20240426T000000, start_date=20240427T091509, end_date=20240427T091641
[2024-04-27T09:16:41.276+0000] {local_task_job_runner.py:240} INFO - Task exited with return code 0
[2024-04-27T09:16:41.383+0000] {taskinstance.py:3482} INFO - 0 downstream tasks scheduled from follow-on schedule check
[2024-04-27T09:16:41.386+0000] {local_task_job_runner.py:222} INFO - ::endgroup::
