[2024-04-26T18:36:08.068+0000] {processor.py:161} INFO - Started process (PID=175) to work on /opt/airflow/dags/dag_scikit.py
[2024-04-26T18:36:08.069+0000] {processor.py:830} INFO - Processing file /opt/airflow/dags/dag_scikit.py for tasks to queue
[2024-04-26T18:36:08.073+0000] {logging_mixin.py:188} INFO - [2024-04-26T18:36:08.072+0000] {dagbag.py:540} INFO - Filling up the DagBag from /opt/airflow/dags/dag_scikit.py
[2024-04-26T18:36:08.138+0000] {processor.py:840} INFO - DAG(s) 'dag_with_python_dependencies_v03' retrieved from /opt/airflow/dags/dag_scikit.py
[2024-04-26T18:36:08.566+0000] {logging_mixin.py:188} INFO - [2024-04-26T18:36:08.565+0000] {override.py:1829} INFO - Created Permission View: can delete on DAG:dag_with_python_dependencies_v03
[2024-04-26T18:36:08.582+0000] {logging_mixin.py:188} INFO - [2024-04-26T18:36:08.581+0000] {override.py:1829} INFO - Created Permission View: can read on DAG:dag_with_python_dependencies_v03
[2024-04-26T18:36:08.592+0000] {logging_mixin.py:188} INFO - [2024-04-26T18:36:08.592+0000] {override.py:1829} INFO - Created Permission View: can edit on DAG:dag_with_python_dependencies_v03
[2024-04-26T18:36:08.593+0000] {logging_mixin.py:188} INFO - [2024-04-26T18:36:08.593+0000] {dag.py:3096} INFO - Sync 1 DAGs
[2024-04-26T18:36:08.619+0000] {logging_mixin.py:188} INFO - [2024-04-26T18:36:08.619+0000] {dag.py:3118} INFO - Creating ORM DAG for dag_with_python_dependencies_v03
[2024-04-26T18:36:08.651+0000] {logging_mixin.py:188} INFO - [2024-04-26T18:36:08.651+0000] {dag.py:3954} INFO - Setting next_dagrun for dag_with_python_dependencies_v03 to 2021-10-12 00:00:00+00:00, run_after=2021-10-13 00:00:00+00:00
[2024-04-26T18:36:08.683+0000] {processor.py:183} INFO - Processing /opt/airflow/dags/dag_scikit.py took 0.626 seconds
[2024-04-26T18:36:39.118+0000] {processor.py:161} INFO - Started process (PID=211) to work on /opt/airflow/dags/dag_scikit.py
[2024-04-26T18:36:39.128+0000] {processor.py:830} INFO - Processing file /opt/airflow/dags/dag_scikit.py for tasks to queue
[2024-04-26T18:36:39.143+0000] {logging_mixin.py:188} INFO - [2024-04-26T18:36:39.141+0000] {dagbag.py:540} INFO - Filling up the DagBag from /opt/airflow/dags/dag_scikit.py
[2024-04-26T18:36:39.229+0000] {processor.py:840} INFO - DAG(s) 'dag_with_python_dependencies_v03' retrieved from /opt/airflow/dags/dag_scikit.py
[2024-04-26T18:36:39.345+0000] {logging_mixin.py:188} INFO - [2024-04-26T18:36:39.344+0000] {dag.py:3096} INFO - Sync 1 DAGs
[2024-04-26T18:36:39.443+0000] {logging_mixin.py:188} INFO - [2024-04-26T18:36:39.443+0000] {dag.py:3954} INFO - Setting next_dagrun for dag_with_python_dependencies_v03 to 2021-10-12 00:00:00+00:00, run_after=2021-10-13 00:00:00+00:00
[2024-04-26T18:36:39.486+0000] {processor.py:183} INFO - Processing /opt/airflow/dags/dag_scikit.py took 0.430 seconds
[2024-04-26T18:37:09.836+0000] {processor.py:161} INFO - Started process (PID=250) to work on /opt/airflow/dags/dag_scikit.py
[2024-04-26T18:37:09.840+0000] {processor.py:830} INFO - Processing file /opt/airflow/dags/dag_scikit.py for tasks to queue
[2024-04-26T18:37:09.850+0000] {logging_mixin.py:188} INFO - [2024-04-26T18:37:09.849+0000] {dagbag.py:540} INFO - Filling up the DagBag from /opt/airflow/dags/dag_scikit.py
[2024-04-26T18:37:09.920+0000] {processor.py:840} INFO - DAG(s) 'dag_with_python_dependencies_v03' retrieved from /opt/airflow/dags/dag_scikit.py
[2024-04-26T18:37:10.020+0000] {logging_mixin.py:188} INFO - [2024-04-26T18:37:10.020+0000] {dag.py:3096} INFO - Sync 1 DAGs
[2024-04-26T18:37:10.104+0000] {logging_mixin.py:188} INFO - [2024-04-26T18:37:10.104+0000] {dag.py:3954} INFO - Setting next_dagrun for dag_with_python_dependencies_v03 to 2021-10-18 00:00:00+00:00, run_after=2021-10-19 00:00:00+00:00
[2024-04-26T18:37:10.186+0000] {processor.py:183} INFO - Processing /opt/airflow/dags/dag_scikit.py took 0.405 seconds
[2024-04-26T18:37:40.982+0000] {processor.py:161} INFO - Started process (PID=867) to work on /opt/airflow/dags/dag_scikit.py
[2024-04-26T18:37:40.983+0000] {processor.py:830} INFO - Processing file /opt/airflow/dags/dag_scikit.py for tasks to queue
[2024-04-26T18:37:40.986+0000] {logging_mixin.py:188} INFO - [2024-04-26T18:37:40.985+0000] {dagbag.py:540} INFO - Filling up the DagBag from /opt/airflow/dags/dag_scikit.py
[2024-04-26T18:37:41.011+0000] {processor.py:840} INFO - DAG(s) 'dag_with_python_dependencies_v03' retrieved from /opt/airflow/dags/dag_scikit.py
[2024-04-26T18:37:41.042+0000] {logging_mixin.py:188} INFO - [2024-04-26T18:37:41.042+0000] {dag.py:3096} INFO - Sync 1 DAGs
[2024-04-26T18:37:41.067+0000] {logging_mixin.py:188} INFO - [2024-04-26T18:37:41.067+0000] {dag.py:3954} INFO - Setting next_dagrun for dag_with_python_dependencies_v03 to 2021-11-25 00:00:00+00:00, run_after=2021-11-26 00:00:00+00:00
[2024-04-26T18:37:41.088+0000] {processor.py:183} INFO - Processing /opt/airflow/dags/dag_scikit.py took 0.113 seconds
[2024-04-26T18:38:11.772+0000] {processor.py:161} INFO - Started process (PID=903) to work on /opt/airflow/dags/dag_scikit.py
[2024-04-26T18:38:11.773+0000] {processor.py:830} INFO - Processing file /opt/airflow/dags/dag_scikit.py for tasks to queue
[2024-04-26T18:38:11.775+0000] {logging_mixin.py:188} INFO - [2024-04-26T18:38:11.774+0000] {dagbag.py:540} INFO - Filling up the DagBag from /opt/airflow/dags/dag_scikit.py
[2024-04-26T18:38:11.800+0000] {processor.py:840} INFO - DAG(s) 'dag_with_python_dependencies_v03' retrieved from /opt/airflow/dags/dag_scikit.py
[2024-04-26T18:38:11.828+0000] {logging_mixin.py:188} INFO - [2024-04-26T18:38:11.828+0000] {dag.py:3096} INFO - Sync 1 DAGs
[2024-04-26T18:38:11.855+0000] {logging_mixin.py:188} INFO - [2024-04-26T18:38:11.855+0000] {dag.py:3954} INFO - Setting next_dagrun for dag_with_python_dependencies_v03 to 2021-11-25 00:00:00+00:00, run_after=2021-11-26 00:00:00+00:00
[2024-04-26T18:38:11.877+0000] {processor.py:183} INFO - Processing /opt/airflow/dags/dag_scikit.py took 0.112 seconds
[2024-04-26T18:38:42.555+0000] {processor.py:161} INFO - Started process (PID=939) to work on /opt/airflow/dags/dag_scikit.py
[2024-04-26T18:38:42.556+0000] {processor.py:830} INFO - Processing file /opt/airflow/dags/dag_scikit.py for tasks to queue
[2024-04-26T18:38:42.559+0000] {logging_mixin.py:188} INFO - [2024-04-26T18:38:42.558+0000] {dagbag.py:540} INFO - Filling up the DagBag from /opt/airflow/dags/dag_scikit.py
[2024-04-26T18:38:42.593+0000] {processor.py:840} INFO - DAG(s) 'dag_with_python_dependencies_v03' retrieved from /opt/airflow/dags/dag_scikit.py
[2024-04-26T18:38:42.630+0000] {logging_mixin.py:188} INFO - [2024-04-26T18:38:42.630+0000] {dag.py:3096} INFO - Sync 1 DAGs
[2024-04-26T18:38:42.664+0000] {logging_mixin.py:188} INFO - [2024-04-26T18:38:42.664+0000] {dag.py:3954} INFO - Setting next_dagrun for dag_with_python_dependencies_v03 to 2021-11-25 00:00:00+00:00, run_after=2021-11-26 00:00:00+00:00
[2024-04-26T18:38:42.693+0000] {processor.py:183} INFO - Processing /opt/airflow/dags/dag_scikit.py took 0.148 seconds
[2024-04-26T18:39:13.400+0000] {processor.py:161} INFO - Started process (PID=975) to work on /opt/airflow/dags/dag_scikit.py
[2024-04-26T18:39:13.401+0000] {processor.py:830} INFO - Processing file /opt/airflow/dags/dag_scikit.py for tasks to queue
[2024-04-26T18:39:13.404+0000] {logging_mixin.py:188} INFO - [2024-04-26T18:39:13.404+0000] {dagbag.py:540} INFO - Filling up the DagBag from /opt/airflow/dags/dag_scikit.py
[2024-04-26T18:39:13.429+0000] {processor.py:840} INFO - DAG(s) 'dag_with_python_dependencies_v03' retrieved from /opt/airflow/dags/dag_scikit.py
[2024-04-26T18:39:13.457+0000] {logging_mixin.py:188} INFO - [2024-04-26T18:39:13.457+0000] {dag.py:3096} INFO - Sync 1 DAGs
[2024-04-26T18:39:13.480+0000] {logging_mixin.py:188} INFO - [2024-04-26T18:39:13.480+0000] {dag.py:3954} INFO - Setting next_dagrun for dag_with_python_dependencies_v03 to 2021-11-25 00:00:00+00:00, run_after=2021-11-26 00:00:00+00:00
[2024-04-26T18:39:13.501+0000] {processor.py:183} INFO - Processing /opt/airflow/dags/dag_scikit.py took 0.108 seconds
[2024-04-26T18:39:44.183+0000] {processor.py:161} INFO - Started process (PID=1011) to work on /opt/airflow/dags/dag_scikit.py
[2024-04-26T18:39:44.184+0000] {processor.py:830} INFO - Processing file /opt/airflow/dags/dag_scikit.py for tasks to queue
[2024-04-26T18:39:44.185+0000] {logging_mixin.py:188} INFO - [2024-04-26T18:39:44.185+0000] {dagbag.py:540} INFO - Filling up the DagBag from /opt/airflow/dags/dag_scikit.py
[2024-04-26T18:39:44.208+0000] {processor.py:840} INFO - DAG(s) 'dag_with_python_dependencies_v03' retrieved from /opt/airflow/dags/dag_scikit.py
[2024-04-26T18:39:44.239+0000] {logging_mixin.py:188} INFO - [2024-04-26T18:39:44.238+0000] {dag.py:3096} INFO - Sync 1 DAGs
[2024-04-26T18:39:44.264+0000] {logging_mixin.py:188} INFO - [2024-04-26T18:39:44.264+0000] {dag.py:3954} INFO - Setting next_dagrun for dag_with_python_dependencies_v03 to 2021-11-25 00:00:00+00:00, run_after=2021-11-26 00:00:00+00:00
[2024-04-26T18:39:44.285+0000] {processor.py:183} INFO - Processing /opt/airflow/dags/dag_scikit.py took 0.108 seconds
[2024-04-26T18:40:14.929+0000] {processor.py:161} INFO - Started process (PID=1047) to work on /opt/airflow/dags/dag_scikit.py
[2024-04-26T18:40:14.931+0000] {processor.py:830} INFO - Processing file /opt/airflow/dags/dag_scikit.py for tasks to queue
[2024-04-26T18:40:14.932+0000] {logging_mixin.py:188} INFO - [2024-04-26T18:40:14.932+0000] {dagbag.py:540} INFO - Filling up the DagBag from /opt/airflow/dags/dag_scikit.py
[2024-04-26T18:40:14.959+0000] {processor.py:840} INFO - DAG(s) 'dag_with_python_dependencies_v03' retrieved from /opt/airflow/dags/dag_scikit.py
[2024-04-26T18:40:14.986+0000] {logging_mixin.py:188} INFO - [2024-04-26T18:40:14.986+0000] {dag.py:3096} INFO - Sync 1 DAGs
[2024-04-26T18:40:15.011+0000] {logging_mixin.py:188} INFO - [2024-04-26T18:40:15.010+0000] {dag.py:3954} INFO - Setting next_dagrun for dag_with_python_dependencies_v03 to 2021-11-25 00:00:00+00:00, run_after=2021-11-26 00:00:00+00:00
[2024-04-26T18:40:15.032+0000] {processor.py:183} INFO - Processing /opt/airflow/dags/dag_scikit.py took 0.108 seconds
[2024-04-26T18:40:45.680+0000] {processor.py:161} INFO - Started process (PID=1083) to work on /opt/airflow/dags/dag_scikit.py
[2024-04-26T18:40:45.681+0000] {processor.py:830} INFO - Processing file /opt/airflow/dags/dag_scikit.py for tasks to queue
[2024-04-26T18:40:45.683+0000] {logging_mixin.py:188} INFO - [2024-04-26T18:40:45.683+0000] {dagbag.py:540} INFO - Filling up the DagBag from /opt/airflow/dags/dag_scikit.py
[2024-04-26T18:40:45.707+0000] {processor.py:840} INFO - DAG(s) 'dag_with_python_dependencies_v03' retrieved from /opt/airflow/dags/dag_scikit.py
[2024-04-26T18:40:45.734+0000] {logging_mixin.py:188} INFO - [2024-04-26T18:40:45.734+0000] {dag.py:3096} INFO - Sync 1 DAGs
[2024-04-26T18:40:45.761+0000] {logging_mixin.py:188} INFO - [2024-04-26T18:40:45.761+0000] {dag.py:3954} INFO - Setting next_dagrun for dag_with_python_dependencies_v03 to 2021-11-25 00:00:00+00:00, run_after=2021-11-26 00:00:00+00:00
[2024-04-26T18:40:45.783+0000] {processor.py:183} INFO - Processing /opt/airflow/dags/dag_scikit.py took 0.110 seconds
[2024-04-26T18:41:16.547+0000] {processor.py:161} INFO - Started process (PID=1119) to work on /opt/airflow/dags/dag_scikit.py
[2024-04-26T18:41:16.548+0000] {processor.py:830} INFO - Processing file /opt/airflow/dags/dag_scikit.py for tasks to queue
[2024-04-26T18:41:16.550+0000] {logging_mixin.py:188} INFO - [2024-04-26T18:41:16.550+0000] {dagbag.py:540} INFO - Filling up the DagBag from /opt/airflow/dags/dag_scikit.py
[2024-04-26T18:41:16.571+0000] {processor.py:840} INFO - DAG(s) 'dag_with_python_dependencies_v03' retrieved from /opt/airflow/dags/dag_scikit.py
[2024-04-26T18:41:16.599+0000] {logging_mixin.py:188} INFO - [2024-04-26T18:41:16.599+0000] {dag.py:3096} INFO - Sync 1 DAGs
[2024-04-26T18:41:16.625+0000] {logging_mixin.py:188} INFO - [2024-04-26T18:41:16.625+0000] {dag.py:3954} INFO - Setting next_dagrun for dag_with_python_dependencies_v03 to 2021-11-25 00:00:00+00:00, run_after=2021-11-26 00:00:00+00:00
[2024-04-26T18:41:16.648+0000] {processor.py:183} INFO - Processing /opt/airflow/dags/dag_scikit.py took 0.109 seconds
[2024-04-26T18:41:47.297+0000] {processor.py:161} INFO - Started process (PID=1155) to work on /opt/airflow/dags/dag_scikit.py
[2024-04-26T18:41:47.298+0000] {processor.py:830} INFO - Processing file /opt/airflow/dags/dag_scikit.py for tasks to queue
[2024-04-26T18:41:47.301+0000] {logging_mixin.py:188} INFO - [2024-04-26T18:41:47.301+0000] {dagbag.py:540} INFO - Filling up the DagBag from /opt/airflow/dags/dag_scikit.py
[2024-04-26T18:41:47.325+0000] {processor.py:840} INFO - DAG(s) 'dag_with_python_dependencies_v03' retrieved from /opt/airflow/dags/dag_scikit.py
[2024-04-26T18:41:47.353+0000] {logging_mixin.py:188} INFO - [2024-04-26T18:41:47.353+0000] {dag.py:3096} INFO - Sync 1 DAGs
[2024-04-26T18:41:47.377+0000] {logging_mixin.py:188} INFO - [2024-04-26T18:41:47.377+0000] {dag.py:3954} INFO - Setting next_dagrun for dag_with_python_dependencies_v03 to 2021-11-25 00:00:00+00:00, run_after=2021-11-26 00:00:00+00:00
[2024-04-26T18:41:47.397+0000] {processor.py:183} INFO - Processing /opt/airflow/dags/dag_scikit.py took 0.108 seconds
